  INFO root [0x00001834] [2018-07-08 11:25:52,796] - 
  INFO root [0x00001834] [2018-07-08 11:25:53,316] - -----------------------------------------------------------------------------------------


  INFO root [0x00001834] [2018-07-08 11:25:56,861] - Resmgr::initialize: KBE_ROOT=E:/kbengine/
  INFO root [0x00001834] [2018-07-08 11:25:56,862] - Resmgr::initialize: KBE_RES_PATH=E:/kbengine/kbe/res/;E:/kbengine/assets/;E:/kbengine/assets/scripts/;E:/kbengine/assets/res/
  INFO root [0x00001834] [2018-07-08 11:25:56,863] - Resmgr::initialize: KBE_BIN_PATH=E:/kbengine/kbe/bin/server/
  INFO root [0x00001834] [2018-07-08 11:25:58,039] - NetworkInterface::initialize(EXTERNAL): bound to all interfaces with default route interface on 192.168.0.106 ( 192.168.0.106:20015 )
  INFO root [0x00001834] [2018-07-08 11:25:58,093] - NetworkInterface::initialize(EXTERNAL): address 192.168.0.106:20015, SOMAXCONN=128.
  INFO root [0x00001834] [2018-07-08 11:25:58,094] - NetworkInterface::initialize(INTERNAL): bound to all interfaces with default route interface on 192.168.0.106 ( 192.168.0.106:50051 )
  INFO root [0x00001834] [2018-07-08 11:25:58,094] - NetworkInterface::initialize(INTERNAL): address 192.168.0.106:50051, SOMAXCONN=128.
  INFO root [0x00001834] [2018-07-08 11:25:58,095] - server-configs:
  INFO root [0x00001834] [2018-07-08 11:25:58,095] - 	gameUpdateHertz : 10
  INFO root [0x00001834] [2018-07-08 11:25:58,095] - 	entryScriptFile : kbemain
  INFO root [0x00001834] [2018-07-08 11:25:58,095] - 	internalAddr : 192.168.0.106:50051
  INFO root [0x00001834] [2018-07-08 11:25:58,095] - 	externalAddr : 192.168.0.106:20015
  INFO root [0x00001834] [2018-07-08 11:25:58,095] - 	componentID : 7001
  INFO root [0x00001834] [2018-07-08 11:25:59,070] - Components::findLogger: found logger, addr:192.168.0.106:50027
  INFO root [0x00001834] [2018-07-08 11:25:59,071] - Components::addComponent: reset orderLog, uid=25037!
  INFO root [0x00001834] [2018-07-08 11:25:59,071] - Components::addComponent[logger], uid=25037, componentID=2000, globalorderid=1, grouporderid=1, totalcount=1
  INFO root [0x00001834] [2018-07-08 11:25:59,310] - ---- baseapp Version: 2.0.0. ScriptVersion: 0.1.0. Protocol: F9DFFB319FBADF35943ADF4D42C4718C. Config: Debug X86. Built: 15:53:31 Apr 29 2018. AppID: 7001. UID: 25037. PID: 5652 ----
  INFO root [0x00001834] [2018-07-08 11:25:59,311] - Server : Intel(R) Xeon(R) CPU E3-1230 v3 @ 3.30GHz with 4194303kB RAM
  INFO root [0x00001834] [2018-07-08 11:25:59,362] - ThreadPool::createThreadPool: creating  threadpool...
  INFO root [0x00001834] [2018-07-08 11:25:59,424] - ThreadPool::createThreadPool: successfully(2), newThreadCount=1, normalMaxThreadCount=2, maxThreadCount=8
 DEBUG root [0x00001834] [2018-07-08 11:26:04,348] - Script::install_py_dlls(): PyInit_pyexpat
 DEBUG root [0x00001834] [2018-07-08 11:26:04,440] - Script::install_py_dlls(): PyInit__socket
 DEBUG root [0x00001834] [2018-07-08 11:26:04,696] - Script::install_py_dlls(): PyInit__ssl
 DEBUG root [0x00001834] [2018-07-08 11:26:06,283] - Script::install_py_dlls(): PyInit__hashlib
 DEBUG root [0x00001834] [2018-07-08 11:26:06,370] - Script::install_py_dlls(): PyInit_select
 DEBUG root [0x00001834] [2018-07-08 11:26:06,420] - Script::install_py_dlls(): PyInit__ctypes
 DEBUG root [0x00001834] [2018-07-08 11:26:06,469] - Script::install_py_dlls(): PyInit__elementtree
 DEBUG root [0x00001834] [2018-07-08 11:26:07,017] - Script::install_py_dlls(): PyInit_unicodedata
  INFO root [0x00001834] [2018-07-08 11:26:08,206] - Script::install(): is successfully, Python=(3.4.2 (default, Apr 29 2018, 15:53:05) [MSC v.1913 32 bit (Intel)])!
  INFO root [0x00001834] [2018-07-08 11:26:08,207] - Script::install(): KBExtra is successfully!
 DEBUG root [0x00001834] [2018-07-08 11:26:09,368] - loaded entity-script:Account(1).
 DEBUG root [0x00001834] [2018-07-08 11:26:09,373] - loaded entity-script:CheckName(2).
 DEBUG root [0x00001834] [2018-07-08 11:26:09,667] - loaded entity-script:Halls(3).
 DEBUG root [0x00001834] [2018-07-08 11:26:09,711] - loaded entity-script:Room(4).
  INFO root [0x00001834] [2018-07-08 11:26:09,712] - Baseapp::initializeEnd: started resmgr tick(60s)!
  INFO root [0x00001834] [2018-07-08 11:26:09,870] - TelnetServer server is running on port 40000
  INFO root [0x00001834] [2018-07-08 11:26:10,462] - ---- baseapp is running ----
 DEBUG root [0x00001834] [2018-07-08 11:26:10,514] - Components::process(): Request for the process of identity...
  WARN root [0x00001834] [2018-07-08 11:26:16,869] - Forwarding logs to logger[192.168.0.106:50027/0/0/0]...
 ERROR root [0x00001834] [2018-07-08 13:28:01,139] - Components::removeComponentByChannel: logger : 2000, Abnormal exit! errorno=10054
  INFO root [0x00001834] [2018-07-08 13:28:01,146] - The following logs sent to logger failed:
  WARN root [0x00001834] [2018-07-08 13:28:01,146] - ==> [2018-07-08 13:28:01 137] TCPPacketReceiver::processPendingEvents(192.168.0.106:50027): Throwing REASON_GENERAL_NETWORK - WSAECONNRESET
 ERROR root [0x00001834] [2018-07-08 13:28:01,146] - ==> [2018-07-08 13:28:01 139] Components::removeComponentByChannel: logger : 2000, Abnormal exit! errorno=10054
  WARN root [0x00001834] [2018-07-08 13:28:01,200] - TCPPacketReceiver::processPendingEvents(192.168.0.106:50030): Throwing REASON_GENERAL_NETWORK - WSAECONNRESET
 ERROR root [0x00001834] [2018-07-08 13:28:01,201] - Components::removeComponentByChannel: dbmgr : 4000, Abnormal exit! errorno=10054
  INFO root [0x00001834] [2018-07-08 13:28:01,246] - Shutdowner::onShutdownBegin: shutting down(period=0, tickPeriod=1)
S_INFO root [0x00001834] [2018-07-08 13:28:01,246] - onBaseAppShutDown: state=0
  INFO root [0x00001834] [2018-07-08 13:28:01,246] - Shutdowner::onShutdown: shutting down
S_INFO root [0x00001834] [2018-07-08 13:28:01,246] - onBaseAppShutDown: state=1
  INFO root [0x00001834] [2018-07-08 13:28:01,247] - Shutdowner::onShutdownEnd: shutting down
S_INFO root [0x00001834] [2018-07-08 13:28:01,247] - onBaseAppShutDown: state=2
 ERROR root [0x00001834] [2018-07-08 13:28:01,314] - Account::onCellWriteToDBCompleted(2002): not found dbmgr!
 ERROR root [0x00001834] [2018-07-08 13:28:01,314] - Entity::onDestroy: not found dbmgr!
 ERROR root [0x00001834] [2018-07-08 13:28:01,315] - Account::onCellWriteToDBCompleted(2004): not found dbmgr!
 ERROR root [0x00001834] [2018-07-08 13:28:01,315] - Entity::onDestroy: not found dbmgr!
 DEBUG root [0x00001834] [2018-07-08 13:28:01,315] - Account::~Account(): 2004
 DEBUG root [0x00001834] [2018-07-08 13:28:01,315] - Account::~Account(): 2002
 DEBUG root [0x00001834] [2018-07-08 13:28:01,316] - Room::~Room(): 2003
 DEBUG root [0x00001834] [2018-07-08 13:28:01,316] - Halls::~Halls(): 2001
 DEBUG root [0x00001834] [2018-07-08 13:28:01,336] - Script::uninstall_py_dlls(): PyInit_pyexpat
 DEBUG root [0x00001834] [2018-07-08 13:28:01,336] - Script::uninstall_py_dlls(): PyInit__socket
 DEBUG root [0x00001834] [2018-07-08 13:28:01,336] - Script::uninstall_py_dlls(): PyInit__ssl
 DEBUG root [0x00001834] [2018-07-08 13:28:01,337] - Script::uninstall_py_dlls(): PyInit__hashlib
 DEBUG root [0x00001834] [2018-07-08 13:28:01,337] - Script::uninstall_py_dlls(): PyInit_select
 DEBUG root [0x00001834] [2018-07-08 13:28:01,337] - Script::uninstall_py_dlls(): PyInit__ctypes
 DEBUG root [0x00001834] [2018-07-08 13:28:01,337] - Script::uninstall_py_dlls(): PyInit__elementtree
 DEBUG root [0x00001834] [2018-07-08 13:28:01,337] - Script::uninstall_py_dlls(): PyInit_unicodedata
  INFO root [0x00001834] [2018-07-08 13:28:01,374] - Script::uninstall(): is successfully!
 DEBUG root [0x00001834] [2018-07-08 13:28:01,375] - ThreadPool::destroy(): starting size 2.
  INFO root [0x00001550] [2018-07-08 13:28:05,550] - 
  INFO root [0x00001550] [2018-07-08 13:28:05,551] - -----------------------------------------------------------------------------------------


  INFO root [0x00001550] [2018-07-08 13:28:05,551] - Resmgr::initialize: KBE_ROOT=E:/kbengine/
  INFO root [0x00001550] [2018-07-08 13:28:05,551] - Resmgr::initialize: KBE_RES_PATH=E:/kbengine/kbe/res/;E:/kbengine/assets/;E:/kbengine/assets/scripts/;E:/kbengine/assets/res/
  INFO root [0x00001550] [2018-07-08 13:28:05,551] - Resmgr::initialize: KBE_BIN_PATH=E:/kbengine/kbe/bin/server/
  INFO root [0x00001550] [2018-07-08 13:28:05,555] - NetworkInterface::initialize(EXTERNAL): bound to all interfaces with default route interface on 192.168.0.106 ( 192.168.0.106:20015 )
  INFO root [0x00001550] [2018-07-08 13:28:05,555] - NetworkInterface::initialize(EXTERNAL): address 192.168.0.106:20015, SOMAXCONN=128.
  INFO root [0x00001550] [2018-07-08 13:28:05,556] - NetworkInterface::initialize(INTERNAL): bound to all interfaces with default route interface on 192.168.0.106 ( 192.168.0.106:51168 )
  INFO root [0x00001550] [2018-07-08 13:28:05,557] - NetworkInterface::initialize(INTERNAL): address 192.168.0.106:51168, SOMAXCONN=128.
  INFO root [0x00001550] [2018-07-08 13:28:05,557] - server-configs:
  INFO root [0x00001550] [2018-07-08 13:28:05,557] - 	gameUpdateHertz : 10
  INFO root [0x00001550] [2018-07-08 13:28:05,557] - 	entryScriptFile : kbemain
  INFO root [0x00001550] [2018-07-08 13:28:05,557] - 	internalAddr : 192.168.0.106:51168
  INFO root [0x00001550] [2018-07-08 13:28:05,557] - 	externalAddr : 192.168.0.106:20015
  INFO root [0x00001550] [2018-07-08 13:28:05,557] - 	componentID : 7001
  INFO root [0x00001550] [2018-07-08 13:28:07,239] - ---- baseapp Version: 2.0.0. ScriptVersion: 0.1.0. Protocol: F9DFFB319FBADF35943ADF4D42C4718C. Config: Debug X86. Built: 15:53:31 Apr 29 2018. AppID: 7001. UID: 16330. PID: 9740 ----
  INFO root [0x00001550] [2018-07-08 13:28:07,239] - Server : Intel(R) Xeon(R) CPU E3-1230 v3 @ 3.30GHz with 4194303kB RAM
  INFO root [0x00001550] [2018-07-08 13:28:07,240] - ThreadPool::createThreadPool: creating  threadpool...
  INFO root [0x00001550] [2018-07-08 13:28:07,240] - ThreadPool::createThreadPool: successfully(2), newThreadCount=1, normalMaxThreadCount=2, maxThreadCount=8
 DEBUG root [0x00001550] [2018-07-08 13:28:07,367] - Script::install_py_dlls(): PyInit_pyexpat
 DEBUG root [0x00001550] [2018-07-08 13:28:07,368] - Script::install_py_dlls(): PyInit__socket
 DEBUG root [0x00001550] [2018-07-08 13:28:07,368] - Script::install_py_dlls(): PyInit__ssl
 DEBUG root [0x00001550] [2018-07-08 13:28:07,371] - Script::install_py_dlls(): PyInit__hashlib
 DEBUG root [0x00001550] [2018-07-08 13:28:07,371] - Script::install_py_dlls(): PyInit_select
 DEBUG root [0x00001550] [2018-07-08 13:28:07,371] - Script::install_py_dlls(): PyInit__ctypes
 DEBUG root [0x00001550] [2018-07-08 13:28:07,372] - Script::install_py_dlls(): PyInit__elementtree
 DEBUG root [0x00001550] [2018-07-08 13:28:07,398] - Script::install_py_dlls(): PyInit_unicodedata
  INFO root [0x00001550] [2018-07-08 13:28:07,427] - Script::install(): is successfully, Python=(3.4.2 (default, Apr 29 2018, 15:53:05) [MSC v.1913 32 bit (Intel)])!
  INFO root [0x00001550] [2018-07-08 13:28:07,427] - Script::install(): KBExtra is successfully!
 DEBUG root [0x00001550] [2018-07-08 13:28:07,460] - loaded entity-script:Account(1).
 DEBUG root [0x00001550] [2018-07-08 13:28:07,461] - loaded entity-script:CheckName(2).
 DEBUG root [0x00001550] [2018-07-08 13:28:07,467] - loaded entity-script:Halls(3).
 DEBUG root [0x00001550] [2018-07-08 13:28:07,469] - loaded entity-script:Room(4).
  INFO root [0x00001550] [2018-07-08 13:28:07,469] - Baseapp::initializeEnd: started resmgr tick(60s)!
  INFO root [0x00001550] [2018-07-08 13:28:07,469] - TelnetServer server is running on port 40000
  INFO root [0x00001550] [2018-07-08 13:28:07,800] - ---- baseapp is running ----
 DEBUG root [0x00001550] [2018-07-08 13:28:07,800] - Components::process(): Request for the process of identity...
  WARN root [0x00001550] [2018-07-08 13:28:13,854] - EntityApp::checkTickPeriod: tick took 6053% (6.05 seconds)!
  INFO root [0x00001550] [2018-07-08 13:28:14,901] - Components::findComponents: find logger(1)...
  INFO root [0x00001550] [2018-07-08 13:28:14,983] - Components::findComponents: found logger, addr:192.168.0.106:51162
  INFO root [0x00001550] [2018-07-08 13:28:14,983] - Components::addComponent: reset orderLog, uid=16330!
  INFO root [0x00001550] [2018-07-08 13:28:14,984] - Components::addComponent[logger], uid=16330, componentID=2000, globalorderid=1, grouporderid=1, totalcount=1
  INFO root [0x00001550] [2018-07-08 13:28:14,986] - Components::findComponents: find dbmgr(2)...
  INFO root [0x00001550] [2018-07-08 13:28:15,085] - Components::findComponents: found dbmgr, addr:192.168.0.106:51164
  INFO root [0x00001550] [2018-07-08 13:28:15,086] - Components::addComponent: reset orderLog, uid=16330!
  INFO root [0x00001550] [2018-07-08 13:28:15,086] - Components::addComponent[dbmgr], uid=16330, componentID=4000, globalorderid=1, grouporderid=1, totalcount=1
  INFO root [0x00001550] [2018-07-08 13:28:15,086] - Components::findComponents: found dbmgr, addr:192.168.0.106:51164
  WARN root [0x00001550] [2018-07-08 13:28:16,086] - EntityApp::checkTickPeriod: tick took 1285% (1.28 seconds)!
  WARN root [0x00001550] [2018-07-08 13:28:16,088] - Forwarding logs to logger[192.168.0.106:51162/0/0/0]...
 ERROR root [0x00001550] [2018-07-08 13:28:23,109] - Components::removeComponentByChannel: logger : 2000, Abnormal exit! errorno=10054
  INFO root [0x00001550] [2018-07-08 13:28:23,118] - The following logs sent to logger failed:
  WARN root [0x00001550] [2018-07-08 13:28:23,118] - ==> [2018-07-08 13:28:23 103] TCPPacketReceiver::processPendingEvents(192.168.0.106:51162): Throwing REASON_GENERAL_NETWORK - WSAECONNRESET
 ERROR root [0x00001550] [2018-07-08 13:28:23,118] - ==> [2018-07-08 13:28:23 109] Components::removeComponentByChannel: logger : 2000, Abnormal exit! errorno=10054
  WARN root [0x00001550] [2018-07-08 13:28:23,168] - TCPPacketReceiver::processPendingEvents(192.168.0.106:51164): Throwing REASON_GENERAL_NETWORK - WSAECONNRESET
 ERROR root [0x00001550] [2018-07-08 13:28:23,171] - Components::removeComponentByChannel: dbmgr : 4000, Abnormal exit! errorno=10054
  INFO root [0x00001550] [2018-07-08 13:28:23,179] - Shutdowner::onShutdownBegin: shutting down(period=0, tickPeriod=1)
S_INFO root [0x00001550] [2018-07-08 13:28:23,181] - onBaseAppShutDown: state=0
  INFO root [0x00001550] [2018-07-08 13:28:23,181] - Shutdowner::onShutdown: shutting down
S_INFO root [0x00001550] [2018-07-08 13:28:23,182] - onBaseAppShutDown: state=1
  INFO root [0x00001550] [2018-07-08 13:28:23,182] - Shutdowner::onShutdownEnd: shutting down
S_INFO root [0x00001550] [2018-07-08 13:28:23,182] - onBaseAppShutDown: state=2
 DEBUG root [0x00001550] [2018-07-08 13:28:23,191] - Script::uninstall_py_dlls(): PyInit_pyexpat
 DEBUG root [0x00001550] [2018-07-08 13:28:23,191] - Script::uninstall_py_dlls(): PyInit__socket
 DEBUG root [0x00001550] [2018-07-08 13:28:23,191] - Script::uninstall_py_dlls(): PyInit__ssl
 DEBUG root [0x00001550] [2018-07-08 13:28:23,191] - Script::uninstall_py_dlls(): PyInit__hashlib
 DEBUG root [0x00001550] [2018-07-08 13:28:23,192] - Script::uninstall_py_dlls(): PyInit_select
 DEBUG root [0x00001550] [2018-07-08 13:28:23,192] - Script::uninstall_py_dlls(): PyInit__ctypes
 DEBUG root [0x00001550] [2018-07-08 13:28:23,192] - Script::uninstall_py_dlls(): PyInit__elementtree
 DEBUG root [0x00001550] [2018-07-08 13:28:23,192] - Script::uninstall_py_dlls(): PyInit_unicodedata
  INFO root [0x00001550] [2018-07-08 13:28:23,201] - Script::uninstall(): is successfully!
 DEBUG root [0x00001550] [2018-07-08 13:28:23,201] - ThreadPool::destroy(): starting size 2.
  INFO root [0x00002074] [2018-07-08 13:28:24,364] - 
  INFO root [0x00002074] [2018-07-08 13:28:24,364] - -----------------------------------------------------------------------------------------


  INFO root [0x00002074] [2018-07-08 13:28:24,365] - Resmgr::initialize: KBE_ROOT=E:/kbengine/
  INFO root [0x00002074] [2018-07-08 13:28:24,365] - Resmgr::initialize: KBE_RES_PATH=E:/kbengine/kbe/res/;E:/kbengine/assets/;E:/kbengine/assets/scripts/;E:/kbengine/assets/res/
  INFO root [0x00002074] [2018-07-08 13:28:24,365] - Resmgr::initialize: KBE_BIN_PATH=E:/kbengine/kbe/bin/server/
  INFO root [0x00002074] [2018-07-08 13:28:24,369] - NetworkInterface::initialize(EXTERNAL): bound to all interfaces with default route interface on 192.168.0.106 ( 192.168.0.106:20015 )
  INFO root [0x00002074] [2018-07-08 13:28:24,370] - NetworkInterface::initialize(EXTERNAL): address 192.168.0.106:20015, SOMAXCONN=128.
  INFO root [0x00002074] [2018-07-08 13:28:24,372] - NetworkInterface::initialize(INTERNAL): bound to all interfaces with default route interface on 192.168.0.106 ( 192.168.0.106:51204 )
  INFO root [0x00002074] [2018-07-08 13:28:24,372] - NetworkInterface::initialize(INTERNAL): address 192.168.0.106:51204, SOMAXCONN=128.
  INFO root [0x00002074] [2018-07-08 13:28:24,372] - server-configs:
  INFO root [0x00002074] [2018-07-08 13:28:24,372] - 	gameUpdateHertz : 10
  INFO root [0x00002074] [2018-07-08 13:28:24,372] - 	entryScriptFile : kbemain
  INFO root [0x00002074] [2018-07-08 13:28:24,372] - 	internalAddr : 192.168.0.106:51204
  INFO root [0x00002074] [2018-07-08 13:28:24,372] - 	externalAddr : 192.168.0.106:20015
  INFO root [0x00002074] [2018-07-08 13:28:24,372] - 	componentID : 7001
  WARN root [0x00002074] [2018-07-08 13:28:24,872] - BundleBroadcast::BundleBroadcast: Cannot bind to port 20564, errorno=10048
  INFO root [0x00002074] [2018-07-08 13:28:24,875] - ---- baseapp Version: 2.0.0. ScriptVersion: 0.1.0. Protocol: F9DFFB319FBADF35943ADF4D42C4718C. Config: Debug X86. Built: 15:53:31 Apr 29 2018. AppID: 7001. UID: 16389. PID: 6752 ----
  INFO root [0x00002074] [2018-07-08 13:28:24,875] - Server : Intel(R) Xeon(R) CPU E3-1230 v3 @ 3.30GHz with 4194303kB RAM
  INFO root [0x00002074] [2018-07-08 13:28:24,876] - ThreadPool::createThreadPool: creating  threadpool...
  INFO root [0x00002074] [2018-07-08 13:28:24,876] - ThreadPool::createThreadPool: successfully(2), newThreadCount=1, normalMaxThreadCount=2, maxThreadCount=8
 DEBUG root [0x00002074] [2018-07-08 13:28:25,001] - Script::install_py_dlls(): PyInit_pyexpat
 DEBUG root [0x00002074] [2018-07-08 13:28:25,001] - Script::install_py_dlls(): PyInit__socket
 DEBUG root [0x00002074] [2018-07-08 13:28:25,002] - Script::install_py_dlls(): PyInit__ssl
 DEBUG root [0x00002074] [2018-07-08 13:28:25,004] - Script::install_py_dlls(): PyInit__hashlib
 DEBUG root [0x00002074] [2018-07-08 13:28:25,005] - Script::install_py_dlls(): PyInit_select
 DEBUG root [0x00002074] [2018-07-08 13:28:25,005] - Script::install_py_dlls(): PyInit__ctypes
 DEBUG root [0x00002074] [2018-07-08 13:28:25,005] - Script::install_py_dlls(): PyInit__elementtree
 DEBUG root [0x00002074] [2018-07-08 13:28:25,035] - Script::install_py_dlls(): PyInit_unicodedata
  INFO root [0x00002074] [2018-07-08 13:28:25,063] - Script::install(): is successfully, Python=(3.4.2 (default, Apr 29 2018, 15:53:05) [MSC v.1913 32 bit (Intel)])!
  INFO root [0x00002074] [2018-07-08 13:28:25,064] - Script::install(): KBExtra is successfully!
 DEBUG root [0x00002074] [2018-07-08 13:28:25,079] - loaded entity-script:Account(1).
 DEBUG root [0x00002074] [2018-07-08 13:28:25,080] - loaded entity-script:CheckName(2).
 DEBUG root [0x00002074] [2018-07-08 13:28:25,085] - loaded entity-script:Halls(3).
 DEBUG root [0x00002074] [2018-07-08 13:28:25,086] - loaded entity-script:Room(4).
  INFO root [0x00002074] [2018-07-08 13:28:25,086] - Baseapp::initializeEnd: started resmgr tick(60s)!
  INFO root [0x00002074] [2018-07-08 13:28:25,087] - TelnetServer server is running on port 40000
  INFO root [0x00002074] [2018-07-08 13:28:25,372] - ---- baseapp is running ----
 DEBUG root [0x00002074] [2018-07-08 13:28:25,372] - Components::process(): Request for the process of identity...
  WARN root [0x00002074] [2018-07-08 13:28:31,450] - EntityApp::checkTickPeriod: tick took 6077% (6.08 seconds)!
  INFO root [0x00002074] [2018-07-08 13:28:32,568] - Components::findComponents: find logger(1)...
  INFO root [0x00002074] [2018-07-08 13:28:32,653] - Components::findComponents: found logger, addr:192.168.0.106:51201
  INFO root [0x00002074] [2018-07-08 13:28:32,653] - Components::addComponent: reset orderLog, uid=16389!
  INFO root [0x00002074] [2018-07-08 13:28:32,653] - Components::addComponent[logger], uid=16389, componentID=2000, globalorderid=1, grouporderid=1, totalcount=1
  INFO root [0x00002074] [2018-07-08 13:28:32,654] - Components::findComponents: find dbmgr(2)...
  INFO root [0x00002074] [2018-07-08 13:28:32,754] - Components::findComponents: found dbmgr, addr:192.168.0.106:51206
  INFO root [0x00002074] [2018-07-08 13:28:32,754] - Components::addComponent: reset orderLog, uid=16389!
  INFO root [0x00002074] [2018-07-08 13:28:32,754] - Components::addComponent[dbmgr], uid=16389, componentID=4000, globalorderid=1, grouporderid=1, totalcount=1
  INFO root [0x00002074] [2018-07-08 13:28:32,755] - Components::findComponents: found dbmgr, addr:192.168.0.106:51206
  WARN root [0x00002074] [2018-07-08 13:28:33,755] - Forwarding logs to logger[192.168.0.106:51201/0/0/0]...
 ERROR root [0x00002074] [2018-07-08 13:32:28,069] - Components::removeComponentByChannel: logger : 2000, Abnormal exit! errorno=10054
  INFO root [0x00002074] [2018-07-08 13:32:28,076] - The following logs sent to logger failed:
  WARN root [0x00002074] [2018-07-08 13:32:28,076] - ==> [2018-07-08 13:32:28 067] TCPPacketReceiver::processPendingEvents(192.168.0.106:51201): Throwing REASON_GENERAL_NETWORK - WSAECONNRESET
 ERROR root [0x00002074] [2018-07-08 13:32:28,076] - ==> [2018-07-08 13:32:28 070] Components::removeComponentByChannel: logger : 2000, Abnormal exit! errorno=10054
  WARN root [0x00002074] [2018-07-08 13:32:28,128] - TCPPacketReceiver::processPendingEvents(192.168.0.106:51206): Throwing REASON_GENERAL_NETWORK - WSAECONNRESET
 ERROR root [0x00002074] [2018-07-08 13:32:28,131] - Components::removeComponentByChannel: dbmgr : 4000, Abnormal exit! errorno=10054
  INFO root [0x00002074] [2018-07-08 13:32:28,132] - Shutdowner::onShutdownBegin: shutting down(period=0, tickPeriod=1)
S_INFO root [0x00002074] [2018-07-08 13:32:28,132] - onBaseAppShutDown: state=0
  INFO root [0x00002074] [2018-07-08 13:32:28,132] - Shutdowner::onShutdown: shutting down
S_INFO root [0x00002074] [2018-07-08 13:32:28,132] - onBaseAppShutDown: state=1
  INFO root [0x00002074] [2018-07-08 13:32:28,132] - Shutdowner::onShutdownEnd: shutting down
S_INFO root [0x00002074] [2018-07-08 13:32:28,132] - onBaseAppShutDown: state=2
 ERROR root [0x00002074] [2018-07-08 13:32:28,141] - Account::onCellWriteToDBCompleted(2002): not found dbmgr!
 ERROR root [0x00002074] [2018-07-08 13:32:28,142] - Entity::onDestroy: not found dbmgr!
 DEBUG root [0x00002074] [2018-07-08 13:32:28,142] - Account::~Account(): 2002
 DEBUG root [0x00002074] [2018-07-08 13:32:28,142] - Room::~Room(): 2003
 DEBUG root [0x00002074] [2018-07-08 13:32:28,142] - Halls::~Halls(): 2001
 DEBUG root [0x00002074] [2018-07-08 13:32:28,143] - Script::uninstall_py_dlls(): PyInit_pyexpat
 DEBUG root [0x00002074] [2018-07-08 13:32:28,143] - Script::uninstall_py_dlls(): PyInit__socket
 DEBUG root [0x00002074] [2018-07-08 13:32:28,143] - Script::uninstall_py_dlls(): PyInit__ssl
 DEBUG root [0x00002074] [2018-07-08 13:32:28,143] - Script::uninstall_py_dlls(): PyInit__hashlib
 DEBUG root [0x00002074] [2018-07-08 13:32:28,143] - Script::uninstall_py_dlls(): PyInit_select
 DEBUG root [0x00002074] [2018-07-08 13:32:28,143] - Script::uninstall_py_dlls(): PyInit__ctypes
 DEBUG root [0x00002074] [2018-07-08 13:32:28,143] - Script::uninstall_py_dlls(): PyInit__elementtree
 DEBUG root [0x00002074] [2018-07-08 13:32:28,144] - Script::uninstall_py_dlls(): PyInit_unicodedata
  INFO root [0x00002074] [2018-07-08 13:32:28,153] - Script::uninstall(): is successfully!
 DEBUG root [0x00002074] [2018-07-08 13:32:28,153] - ThreadPool::destroy(): starting size 2.
  INFO root [0x000036e0] [2018-07-08 13:32:29,339] - 
  INFO root [0x000036e0] [2018-07-08 13:32:29,339] - -----------------------------------------------------------------------------------------


  INFO root [0x000036e0] [2018-07-08 13:32:29,339] - Resmgr::initialize: KBE_ROOT=E:/kbengine/
  INFO root [0x000036e0] [2018-07-08 13:32:29,340] - Resmgr::initialize: KBE_RES_PATH=E:/kbengine/kbe/res/;E:/kbengine/assets/;E:/kbengine/assets/scripts/;E:/kbengine/assets/res/
  INFO root [0x000036e0] [2018-07-08 13:32:29,340] - Resmgr::initialize: KBE_BIN_PATH=E:/kbengine/kbe/bin/server/
  INFO root [0x000036e0] [2018-07-08 13:32:29,342] - NetworkInterface::initialize(EXTERNAL): bound to all interfaces with default route interface on 192.168.0.106 ( 192.168.0.106:20015 )
  INFO root [0x000036e0] [2018-07-08 13:32:29,342] - NetworkInterface::initialize(EXTERNAL): address 192.168.0.106:20015, SOMAXCONN=128.
  INFO root [0x000036e0] [2018-07-08 13:32:29,343] - NetworkInterface::initialize(INTERNAL): bound to all interfaces with default route interface on 192.168.0.106 ( 192.168.0.106:51265 )
  INFO root [0x000036e0] [2018-07-08 13:32:29,343] - NetworkInterface::initialize(INTERNAL): address 192.168.0.106:51265, SOMAXCONN=128.
  INFO root [0x000036e0] [2018-07-08 13:32:29,343] - server-configs:
  INFO root [0x000036e0] [2018-07-08 13:32:29,343] - 	gameUpdateHertz : 10
  INFO root [0x000036e0] [2018-07-08 13:32:29,343] - 	entryScriptFile : kbemain
  INFO root [0x000036e0] [2018-07-08 13:32:29,343] - 	internalAddr : 192.168.0.106:51265
  INFO root [0x000036e0] [2018-07-08 13:32:29,343] - 	externalAddr : 192.168.0.106:20015
  INFO root [0x000036e0] [2018-07-08 13:32:29,344] - 	componentID : 7001
  INFO root [0x000036e0] [2018-07-08 13:32:31,060] - ---- baseapp Version: 2.0.0. ScriptVersion: 0.1.0. Protocol: F9DFFB319FBADF35943ADF4D42C4718C. Config: Debug X86. Built: 15:53:31 Apr 29 2018. AppID: 7001. UID: 17189. PID: 14112 ----
  INFO root [0x000036e0] [2018-07-08 13:32:31,061] - Server : Intel(R) Xeon(R) CPU E3-1230 v3 @ 3.30GHz with 4194303kB RAM
  INFO root [0x000036e0] [2018-07-08 13:32:31,061] - ThreadPool::createThreadPool: creating  threadpool...
  INFO root [0x000036e0] [2018-07-08 13:32:31,061] - ThreadPool::createThreadPool: successfully(2), newThreadCount=1, normalMaxThreadCount=2, maxThreadCount=8
 DEBUG root [0x000036e0] [2018-07-08 13:32:31,200] - Script::install_py_dlls(): PyInit_pyexpat
 DEBUG root [0x000036e0] [2018-07-08 13:32:31,201] - Script::install_py_dlls(): PyInit__socket
 DEBUG root [0x000036e0] [2018-07-08 13:32:31,202] - Script::install_py_dlls(): PyInit__ssl
 DEBUG root [0x000036e0] [2018-07-08 13:32:31,205] - Script::install_py_dlls(): PyInit__hashlib
 DEBUG root [0x000036e0] [2018-07-08 13:32:31,205] - Script::install_py_dlls(): PyInit_select
 DEBUG root [0x000036e0] [2018-07-08 13:32:31,205] - Script::install_py_dlls(): PyInit__ctypes
 DEBUG root [0x000036e0] [2018-07-08 13:32:31,206] - Script::install_py_dlls(): PyInit__elementtree
 DEBUG root [0x000036e0] [2018-07-08 13:32:31,237] - Script::install_py_dlls(): PyInit_unicodedata
  INFO root [0x000036e0] [2018-07-08 13:32:31,272] - Script::install(): is successfully, Python=(3.4.2 (default, Apr 29 2018, 15:53:05) [MSC v.1913 32 bit (Intel)])!
  INFO root [0x000036e0] [2018-07-08 13:32:31,272] - Script::install(): KBExtra is successfully!
 DEBUG root [0x000036e0] [2018-07-08 13:32:31,288] - loaded entity-script:Account(1).
 DEBUG root [0x000036e0] [2018-07-08 13:32:31,289] - loaded entity-script:CheckName(2).
 DEBUG root [0x000036e0] [2018-07-08 13:32:31,296] - loaded entity-script:Halls(3).
 DEBUG root [0x000036e0] [2018-07-08 13:32:31,297] - loaded entity-script:Room(4).
  INFO root [0x000036e0] [2018-07-08 13:32:31,297] - Baseapp::initializeEnd: started resmgr tick(60s)!
  INFO root [0x000036e0] [2018-07-08 13:32:31,298] - TelnetServer server is running on port 40000
  INFO root [0x000036e0] [2018-07-08 13:32:31,640] - ---- baseapp is running ----
 DEBUG root [0x000036e0] [2018-07-08 13:32:31,640] - Components::process(): Request for the process of identity...
  WARN root [0x000036e0] [2018-07-08 13:32:37,749] - EntityApp::checkTickPeriod: tick took 6109% (6.11 seconds)!
  INFO root [0x000036e0] [2018-07-08 13:32:38,840] - Components::findComponents: find logger(1)...
  INFO root [0x000036e0] [2018-07-08 13:32:38,916] - Components::findComponents: found logger, addr:192.168.0.106:51259
  INFO root [0x000036e0] [2018-07-08 13:32:38,916] - Components::addComponent: reset orderLog, uid=17189!
  INFO root [0x000036e0] [2018-07-08 13:32:38,917] - Components::addComponent[logger], uid=17189, componentID=2000, globalorderid=1, grouporderid=1, totalcount=1
  INFO root [0x000036e0] [2018-07-08 13:32:38,918] - Components::findComponents: find dbmgr(2)...
  INFO root [0x000036e0] [2018-07-08 13:32:39,021] - Components::findComponents: found dbmgr, addr:192.168.0.106:51258
  INFO root [0x000036e0] [2018-07-08 13:32:39,022] - Components::addComponent: reset orderLog, uid=17189!
  INFO root [0x000036e0] [2018-07-08 13:32:39,023] - Components::addComponent[dbmgr], uid=17189, componentID=4000, globalorderid=1, grouporderid=1, totalcount=1
  INFO root [0x000036e0] [2018-07-08 13:32:39,023] - Components::findComponents: found dbmgr, addr:192.168.0.106:51258
  WARN root [0x000036e0] [2018-07-08 13:32:40,023] - EntityApp::checkTickPeriod: tick took 1283% (1.28 seconds)!
  WARN root [0x000036e0] [2018-07-08 13:32:40,024] - Forwarding logs to logger[192.168.0.106:51259/0/0/0]...
 ERROR root [0x000036e0] [2018-07-08 13:34:51,621] - Components::removeComponentByChannel: logger : 2000, Abnormal exit! errorno=10054
  INFO root [0x000036e0] [2018-07-08 13:34:51,632] - The following logs sent to logger failed:
  WARN root [0x000036e0] [2018-07-08 13:34:51,633] - ==> [2018-07-08 13:34:51 619] TCPPacketReceiver::processPendingEvents(192.168.0.106:51259): Throwing REASON_GENERAL_NETWORK - WSAECONNRESET
 ERROR root [0x000036e0] [2018-07-08 13:34:51,633] - ==> [2018-07-08 13:34:51 622] Components::removeComponentByChannel: logger : 2000, Abnormal exit! errorno=10054
  WARN root [0x000036e0] [2018-07-08 13:34:51,690] - TCPPacketReceiver::processPendingEvents(192.168.0.106:51258): Throwing REASON_GENERAL_NETWORK - WSAECONNRESET
 ERROR root [0x000036e0] [2018-07-08 13:34:51,695] - Components::removeComponentByChannel: dbmgr : 4000, Abnormal exit! errorno=10054
  INFO root [0x000036e0] [2018-07-08 13:34:51,700] - Shutdowner::onShutdownBegin: shutting down(period=0, tickPeriod=1)
S_INFO root [0x000036e0] [2018-07-08 13:34:51,702] - onBaseAppShutDown: state=0
  INFO root [0x000036e0] [2018-07-08 13:34:51,702] - Shutdowner::onShutdown: shutting down
S_INFO root [0x000036e0] [2018-07-08 13:34:51,702] - onBaseAppShutDown: state=1
  INFO root [0x000036e0] [2018-07-08 13:34:51,702] - Shutdowner::onShutdownEnd: shutting down
S_INFO root [0x000036e0] [2018-07-08 13:34:51,702] - onBaseAppShutDown: state=2
 ERROR root [0x000036e0] [2018-07-08 13:34:51,710] - Account::onCellWriteToDBCompleted(2002): not found dbmgr!
 ERROR root [0x000036e0] [2018-07-08 13:34:51,712] - Entity::onDestroy: not found dbmgr!
 DEBUG root [0x000036e0] [2018-07-08 13:34:51,713] - Account::~Account(): 2002
 DEBUG root [0x000036e0] [2018-07-08 13:34:51,713] - Room::~Room(): 2003
 DEBUG root [0x000036e0] [2018-07-08 13:34:51,713] - Halls::~Halls(): 2001
 DEBUG root [0x000036e0] [2018-07-08 13:34:51,714] - Script::uninstall_py_dlls(): PyInit_pyexpat
 DEBUG root [0x000036e0] [2018-07-08 13:34:51,714] - Script::uninstall_py_dlls(): PyInit__socket
 DEBUG root [0x000036e0] [2018-07-08 13:34:51,715] - Script::uninstall_py_dlls(): PyInit__ssl
 DEBUG root [0x000036e0] [2018-07-08 13:34:51,715] - Script::uninstall_py_dlls(): PyInit__hashlib
 DEBUG root [0x000036e0] [2018-07-08 13:34:51,715] - Script::uninstall_py_dlls(): PyInit_select
 DEBUG root [0x000036e0] [2018-07-08 13:34:51,715] - Script::uninstall_py_dlls(): PyInit__ctypes
 DEBUG root [0x000036e0] [2018-07-08 13:34:51,715] - Script::uninstall_py_dlls(): PyInit__elementtree
 DEBUG root [0x000036e0] [2018-07-08 13:34:51,715] - Script::uninstall_py_dlls(): PyInit_unicodedata
  INFO root [0x000036e0] [2018-07-08 13:34:51,726] - Script::uninstall(): is successfully!
 DEBUG root [0x000036e0] [2018-07-08 13:34:51,726] - ThreadPool::destroy(): starting size 2.
  INFO root [0x00001594] [2018-07-08 13:34:52,893] - 
  INFO root [0x00001594] [2018-07-08 13:34:52,896] - -----------------------------------------------------------------------------------------


  INFO root [0x00001594] [2018-07-08 13:34:52,897] - Resmgr::initialize: KBE_ROOT=E:/kbengine/
  INFO root [0x00001594] [2018-07-08 13:34:52,897] - Resmgr::initialize: KBE_RES_PATH=E:/kbengine/kbe/res/;E:/kbengine/assets/;E:/kbengine/assets/scripts/;E:/kbengine/assets/res/
  INFO root [0x00001594] [2018-07-08 13:34:52,897] - Resmgr::initialize: KBE_BIN_PATH=E:/kbengine/kbe/bin/server/
  INFO root [0x00001594] [2018-07-08 13:34:52,901] - NetworkInterface::initialize(EXTERNAL): bound to all interfaces with default route interface on 192.168.0.106 ( 192.168.0.106:20015 )
  INFO root [0x00001594] [2018-07-08 13:34:52,901] - NetworkInterface::initialize(EXTERNAL): address 192.168.0.106:20015, SOMAXCONN=128.
  INFO root [0x00001594] [2018-07-08 13:34:52,902] - NetworkInterface::initialize(INTERNAL): bound to all interfaces with default route interface on 192.168.0.106 ( 192.168.0.106:51323 )
  INFO root [0x00001594] [2018-07-08 13:34:52,903] - NetworkInterface::initialize(INTERNAL): address 192.168.0.106:51323, SOMAXCONN=128.
  INFO root [0x00001594] [2018-07-08 13:34:52,903] - server-configs:
  INFO root [0x00001594] [2018-07-08 13:34:52,903] - 	gameUpdateHertz : 10
  INFO root [0x00001594] [2018-07-08 13:34:52,903] - 	entryScriptFile : kbemain
  INFO root [0x00001594] [2018-07-08 13:34:52,903] - 	internalAddr : 192.168.0.106:51323
  INFO root [0x00001594] [2018-07-08 13:34:52,903] - 	externalAddr : 192.168.0.106:20015
  INFO root [0x00001594] [2018-07-08 13:34:52,904] - 	componentID : 7001
  INFO root [0x00001594] [2018-07-08 13:34:54,621] - ---- baseapp Version: 2.0.0. ScriptVersion: 0.1.0. Protocol: F9DFFB319FBADF35943ADF4D42C4718C. Config: Debug X86. Built: 15:53:31 Apr 29 2018. AppID: 7001. UID: 17659. PID: 10812 ----
  INFO root [0x00001594] [2018-07-08 13:34:54,622] - Server : Intel(R) Xeon(R) CPU E3-1230 v3 @ 3.30GHz with 4194303kB RAM
  INFO root [0x00001594] [2018-07-08 13:34:54,622] - ThreadPool::createThreadPool: creating  threadpool...
  INFO root [0x00001594] [2018-07-08 13:34:54,622] - ThreadPool::createThreadPool: successfully(2), newThreadCount=1, normalMaxThreadCount=2, maxThreadCount=8
 DEBUG root [0x00001594] [2018-07-08 13:34:54,752] - Script::install_py_dlls(): PyInit_pyexpat
 DEBUG root [0x00001594] [2018-07-08 13:34:54,752] - Script::install_py_dlls(): PyInit__socket
 DEBUG root [0x00001594] [2018-07-08 13:34:54,753] - Script::install_py_dlls(): PyInit__ssl
 DEBUG root [0x00001594] [2018-07-08 13:34:54,758] - Script::install_py_dlls(): PyInit__hashlib
 DEBUG root [0x00001594] [2018-07-08 13:34:54,758] - Script::install_py_dlls(): PyInit_select
 DEBUG root [0x00001594] [2018-07-08 13:34:54,759] - Script::install_py_dlls(): PyInit__ctypes
 DEBUG root [0x00001594] [2018-07-08 13:34:54,759] - Script::install_py_dlls(): PyInit__elementtree
 DEBUG root [0x00001594] [2018-07-08 13:34:54,796] - Script::install_py_dlls(): PyInit_unicodedata
  INFO root [0x00001594] [2018-07-08 13:34:54,831] - Script::install(): is successfully, Python=(3.4.2 (default, Apr 29 2018, 15:53:05) [MSC v.1913 32 bit (Intel)])!
  INFO root [0x00001594] [2018-07-08 13:34:54,831] - Script::install(): KBExtra is successfully!
 DEBUG root [0x00001594] [2018-07-08 13:34:54,848] - loaded entity-script:Account(1).
 DEBUG root [0x00001594] [2018-07-08 13:34:54,850] - loaded entity-script:CheckName(2).
 DEBUG root [0x00001594] [2018-07-08 13:34:54,857] - loaded entity-script:Halls(3).
 DEBUG root [0x00001594] [2018-07-08 13:34:54,858] - loaded entity-script:Room(4).
  INFO root [0x00001594] [2018-07-08 13:34:54,858] - Baseapp::initializeEnd: started resmgr tick(60s)!
  INFO root [0x00001594] [2018-07-08 13:34:54,858] - TelnetServer server is running on port 40000
  INFO root [0x00001594] [2018-07-08 13:34:55,172] - ---- baseapp is running ----
 DEBUG root [0x00001594] [2018-07-08 13:34:55,172] - Components::process(): Request for the process of identity...
  WARN root [0x00001594] [2018-07-08 13:35:01,257] - EntityApp::checkTickPeriod: tick took 6085% (6.09 seconds)!
  INFO root [0x00001594] [2018-07-08 13:35:02,298] - Components::findComponents: find logger(1)...
  INFO root [0x00001594] [2018-07-08 13:35:02,391] - Components::findComponents: found logger, addr:192.168.0.106:51318
  INFO root [0x00001594] [2018-07-08 13:35:02,391] - Components::addComponent: reset orderLog, uid=17659!
  INFO root [0x00001594] [2018-07-08 13:35:02,392] - Components::addComponent[logger], uid=17659, componentID=2000, globalorderid=1, grouporderid=1, totalcount=1
  INFO root [0x00001594] [2018-07-08 13:35:02,394] - Components::findComponents: find dbmgr(2)...
  INFO root [0x00001594] [2018-07-08 13:35:02,499] - Components::findComponents: found dbmgr, addr:192.168.0.106:51319
  INFO root [0x00001594] [2018-07-08 13:35:02,500] - Components::addComponent: reset orderLog, uid=17659!
  INFO root [0x00001594] [2018-07-08 13:35:02,501] - Components::addComponent[dbmgr], uid=17659, componentID=4000, globalorderid=1, grouporderid=1, totalcount=1
  INFO root [0x00001594] [2018-07-08 13:35:02,501] - Components::findComponents: found dbmgr, addr:192.168.0.106:51319
  WARN root [0x00001594] [2018-07-08 13:35:03,501] - Forwarding logs to logger[192.168.0.106:51318/0/0/0]...
