  INFO root [0x00001b60] [2018-11-03 13:44:08,699] - 
  INFO root [0x00001b60] [2018-11-03 13:44:08,822] - -----------------------------------------------------------------------------------------


  INFO root [0x00001b60] [2018-11-03 13:44:10,183] - Resmgr::initialize: KBE_ROOT=E:/kbengine/
  INFO root [0x00001b60] [2018-11-03 13:44:10,184] - Resmgr::initialize: KBE_RES_PATH=E:/kbengine/kbe/res/;E:/kbengine/assets/;E:/kbengine/assets/scripts/;E:/kbengine/assets/res/
  INFO root [0x00001b60] [2018-11-03 13:44:10,185] - Resmgr::initialize: KBE_BIN_PATH=E:/kbengine/kbe/bin/server/
  INFO root [0x00001b60] [2018-11-03 13:44:10,570] - NetworkInterface::initialize(EXTERNAL): bound to all interfaces with default route interface on 192.168.0.107 ( 192.168.0.107:20015 )
  INFO root [0x00001b60] [2018-11-03 13:44:10,615] - NetworkInterface::initialize(EXTERNAL): address 192.168.0.107:20015, SOMAXCONN=128.
  INFO root [0x00001b60] [2018-11-03 13:44:10,619] - NetworkInterface::initialize(INTERNAL): bound to all interfaces with default route interface on 192.168.0.107 ( 192.168.0.107:54395 )
  INFO root [0x00001b60] [2018-11-03 13:44:10,620] - NetworkInterface::initialize(INTERNAL): address 192.168.0.107:54395, SOMAXCONN=128.
  INFO root [0x00001b60] [2018-11-03 13:44:10,620] - server-configs:
  INFO root [0x00001b60] [2018-11-03 13:44:10,620] - 	gameUpdateHertz : 10
  INFO root [0x00001b60] [2018-11-03 13:44:10,620] - 	entryScriptFile : kbemain
  INFO root [0x00001b60] [2018-11-03 13:44:10,621] - 	internalAddr : 192.168.0.107:54395
  INFO root [0x00001b60] [2018-11-03 13:44:10,621] - 	externalAddr : 192.168.0.107:20015
  INFO root [0x00001b60] [2018-11-03 13:44:10,621] - 	externalCustomAddr : 192.168.0.107
  INFO root [0x00001b60] [2018-11-03 13:44:10,621] - 	componentID : 7001
  INFO root [0x00001b60] [2018-11-03 13:44:11,785] - Components::findLogger: found logger, addr:192.168.0.107:54377
  INFO root [0x00001b60] [2018-11-03 13:44:11,786] - Components::addComponent: reset orderLog, uid=20302!
  INFO root [0x00001b60] [2018-11-03 13:44:11,787] - Components::addComponent[logger], uid=20302, componentID=2000, globalorderid=1, grouporderid=1, totalcount=1
  INFO root [0x00001b60] [2018-11-03 13:44:12,024] - ---- baseapp Version: 2.0.0. ScriptVersion: 0.1.0. Protocol: F9DFFB319FBADF35943ADF4D42C4718C. Config: Debug X86. Built: 15:53:31 Apr 29 2018. AppID: 7001. UID: 20302. PID: 4616 ----
  INFO root [0x00001b60] [2018-11-03 13:44:12,025] - Server : Intel(R) Xeon(R) CPU E3-1230 v3 @ 3.30GHz with 4194303kB RAM
  INFO root [0x00001b60] [2018-11-03 13:44:12,076] - ThreadPool::createThreadPool: creating  threadpool...
  INFO root [0x00001b60] [2018-11-03 13:44:12,204] - ThreadPool::createThreadPool: successfully(2), newThreadCount=1, normalMaxThreadCount=2, maxThreadCount=8
 DEBUG root [0x00001b60] [2018-11-03 13:44:16,212] - Script::install_py_dlls(): PyInit_pyexpat
 DEBUG root [0x00001b60] [2018-11-03 13:44:16,304] - Script::install_py_dlls(): PyInit__socket
 DEBUG root [0x00001b60] [2018-11-03 13:44:16,417] - Script::install_py_dlls(): PyInit__ssl
 DEBUG root [0x00001b60] [2018-11-03 13:44:17,822] - Script::install_py_dlls(): PyInit__hashlib
 DEBUG root [0x00001b60] [2018-11-03 13:44:17,950] - Script::install_py_dlls(): PyInit_select
 DEBUG root [0x00001b60] [2018-11-03 13:44:18,058] - Script::install_py_dlls(): PyInit__ctypes
 DEBUG root [0x00001b60] [2018-11-03 13:44:18,149] - Script::install_py_dlls(): PyInit__elementtree
 DEBUG root [0x00001b60] [2018-11-03 13:44:18,772] - Script::install_py_dlls(): PyInit_unicodedata
  INFO root [0x00001b60] [2018-11-03 13:44:20,027] - Script::install(): is successfully, Python=(3.4.2 (default, Apr 29 2018, 15:53:05) [MSC v.1913 32 bit (Intel)])!
  INFO root [0x00001b60] [2018-11-03 13:44:20,028] - Script::install(): KBExtra is successfully!
 DEBUG root [0x00001b60] [2018-11-03 13:44:21,340] - loaded entity-script:Account(1).
 DEBUG root [0x00001b60] [2018-11-03 13:44:21,345] - loaded entity-script:CheckName(2).
 DEBUG root [0x00001b60] [2018-11-03 13:44:21,438] - loaded entity-script:Halls(3).
 DEBUG root [0x00001b60] [2018-11-03 13:44:21,483] - loaded entity-script:Room(4).
  INFO root [0x00001b60] [2018-11-03 13:44:21,484] - Baseapp::initializeEnd: started resmgr tick(60s)!
  INFO root [0x00001b60] [2018-11-03 13:44:21,600] - TelnetServer server is running on port 40000
  INFO root [0x00001b60] [2018-11-03 13:44:22,161] - ---- baseapp is running ----
 DEBUG root [0x00001b60] [2018-11-03 13:44:22,211] - Components::process(): Request for the process of identity...
  WARN root [0x00001b60] [2018-11-03 13:44:28,633] - Forwarding logs to logger[192.168.0.107:54377/0/0/0]...
 ERROR root [0x00001b60] [2018-11-03 13:46:20,346] - Components::removeComponentByChannel: logger : 2000, Abnormal exit! errorno=10054
  INFO root [0x00001b60] [2018-11-03 13:46:20,371] - The following logs sent to logger failed:
  WARN root [0x00001b60] [2018-11-03 13:46:20,372] - ==> [2018-11-03 13:46:20 340] TCPPacketReceiver::processPendingEvents(192.168.0.107:54377): Throwing REASON_GENERAL_NETWORK - WSAECONNRESET
 ERROR root [0x00001b60] [2018-11-03 13:46:20,372] - ==> [2018-11-03 13:46:20 346] Components::removeComponentByChannel: logger : 2000, Abnormal exit! errorno=10054
  WARN root [0x00001b60] [2018-11-03 13:46:20,418] - TCPPacketReceiver::processPendingEvents(192.168.0.107:54381): Throwing REASON_GENERAL_NETWORK - WSAECONNRESET
 ERROR root [0x00001b60] [2018-11-03 13:46:20,422] - Components::removeComponentByChannel: dbmgr : 4000, Abnormal exit! errorno=10054
  INFO root [0x00001b60] [2018-11-03 13:46:20,490] - Shutdowner::onShutdownBegin: shutting down(period=0, tickPeriod=1)
S_INFO root [0x00001b60] [2018-11-03 13:46:20,498] - onBaseAppShutDown: state=0
  INFO root [0x00001b60] [2018-11-03 13:46:20,499] - Shutdowner::onShutdown: shutting down
S_INFO root [0x00001b60] [2018-11-03 13:46:20,499] - onBaseAppShutDown: state=1
  INFO root [0x00001b60] [2018-11-03 13:46:20,499] - Shutdowner::onShutdownEnd: shutting down
S_INFO root [0x00001b60] [2018-11-03 13:46:20,499] - onBaseAppShutDown: state=2
 DEBUG root [0x00001b60] [2018-11-03 13:46:20,585] - Halls::~Halls(): 2001
  INFO root [0x000011a8] [2018-11-03 13:46:21,860] - 
  INFO root [0x000011a8] [2018-11-03 13:46:21,861] - -----------------------------------------------------------------------------------------


  INFO root [0x000011a8] [2018-11-03 13:46:21,862] - Resmgr::initialize: KBE_ROOT=E:/kbengine/
  INFO root [0x000011a8] [2018-11-03 13:46:21,862] - Resmgr::initialize: KBE_RES_PATH=E:/kbengine/kbe/res/;E:/kbengine/assets/;E:/kbengine/assets/scripts/;E:/kbengine/assets/res/
  INFO root [0x000011a8] [2018-11-03 13:46:21,862] - Resmgr::initialize: KBE_BIN_PATH=E:/kbengine/kbe/bin/server/
  INFO root [0x000011a8] [2018-11-03 13:46:21,867] - NetworkInterface::initialize(EXTERNAL): bound to all interfaces with default route interface on 192.168.0.107 ( 192.168.0.107:20015 )
  INFO root [0x000011a8] [2018-11-03 13:46:21,867] - NetworkInterface::initialize(EXTERNAL): address 192.168.0.107:20015, SOMAXCONN=128.
  INFO root [0x000011a8] [2018-11-03 13:46:21,868] - NetworkInterface::initialize(INTERNAL): bound to all interfaces with default route interface on 192.168.0.107 ( 192.168.0.107:54445 )
  INFO root [0x000011a8] [2018-11-03 13:46:21,869] - NetworkInterface::initialize(INTERNAL): address 192.168.0.107:54445, SOMAXCONN=128.
  INFO root [0x000011a8] [2018-11-03 13:46:21,869] - server-configs:
  INFO root [0x000011a8] [2018-11-03 13:46:21,869] - 	gameUpdateHertz : 10
  INFO root [0x000011a8] [2018-11-03 13:46:21,869] - 	entryScriptFile : kbemain
  INFO root [0x000011a8] [2018-11-03 13:46:21,869] - 	internalAddr : 192.168.0.107:54445
  INFO root [0x000011a8] [2018-11-03 13:46:21,869] - 	externalAddr : 192.168.0.107:20015
  INFO root [0x000011a8] [2018-11-03 13:46:21,869] - 	externalCustomAddr : c.55908.3m.dkys.org
  INFO root [0x000011a8] [2018-11-03 13:46:21,869] - 	componentID : 7001
  INFO root [0x000011a8] [2018-11-03 13:46:23,563] - ---- baseapp Version: 2.0.0. ScriptVersion: 0.1.0. Protocol: F9DFFB319FBADF35943ADF4D42C4718C. Config: Debug X86. Built: 15:53:31 Apr 29 2018. AppID: 7001. UID: 20854. PID: 7412 ----
  INFO root [0x000011a8] [2018-11-03 13:46:23,564] - Server : Intel(R) Xeon(R) CPU E3-1230 v3 @ 3.30GHz with 4194303kB RAM
  INFO root [0x000011a8] [2018-11-03 13:46:23,564] - ThreadPool::createThreadPool: creating  threadpool...
  INFO root [0x000011a8] [2018-11-03 13:46:23,564] - ThreadPool::createThreadPool: successfully(2), newThreadCount=1, normalMaxThreadCount=2, maxThreadCount=8
 DEBUG root [0x000011a8] [2018-11-03 13:46:23,693] - Script::install_py_dlls(): PyInit_pyexpat
 DEBUG root [0x000011a8] [2018-11-03 13:46:23,694] - Script::install_py_dlls(): PyInit__socket
 DEBUG root [0x000011a8] [2018-11-03 13:46:23,694] - Script::install_py_dlls(): PyInit__ssl
 DEBUG root [0x000011a8] [2018-11-03 13:46:23,697] - Script::install_py_dlls(): PyInit__hashlib
 DEBUG root [0x000011a8] [2018-11-03 13:46:23,697] - Script::install_py_dlls(): PyInit_select
 DEBUG root [0x000011a8] [2018-11-03 13:46:23,697] - Script::install_py_dlls(): PyInit__ctypes
 DEBUG root [0x000011a8] [2018-11-03 13:46:23,698] - Script::install_py_dlls(): PyInit__elementtree
 DEBUG root [0x000011a8] [2018-11-03 13:46:23,732] - Script::install_py_dlls(): PyInit_unicodedata
  INFO root [0x000011a8] [2018-11-03 13:46:23,766] - Script::install(): is successfully, Python=(3.4.2 (default, Apr 29 2018, 15:53:05) [MSC v.1913 32 bit (Intel)])!
  INFO root [0x000011a8] [2018-11-03 13:46:23,766] - Script::install(): KBExtra is successfully!
 DEBUG root [0x000011a8] [2018-11-03 13:46:23,803] - loaded entity-script:Account(1).
 DEBUG root [0x000011a8] [2018-11-03 13:46:23,805] - loaded entity-script:CheckName(2).
 DEBUG root [0x000011a8] [2018-11-03 13:46:23,811] - loaded entity-script:Halls(3).
 DEBUG root [0x000011a8] [2018-11-03 13:46:23,812] - loaded entity-script:Room(4).
  INFO root [0x000011a8] [2018-11-03 13:46:23,813] - Baseapp::initializeEnd: started resmgr tick(60s)!
  INFO root [0x000011a8] [2018-11-03 13:46:23,813] - TelnetServer server is running on port 40000
  INFO root [0x000011a8] [2018-11-03 13:46:24,161] - ---- baseapp is running ----
 DEBUG root [0x000011a8] [2018-11-03 13:46:24,161] - Components::process(): Request for the process of identity...
  WARN root [0x000011a8] [2018-11-03 13:46:30,210] - EntityApp::checkTickPeriod: tick took 6048% (6.05 seconds)!
  INFO root [0x000011a8] [2018-11-03 13:46:31,262] - Components::findComponents: find logger(1)...
  INFO root [0x000011a8] [2018-11-03 13:46:31,364] - Components::findComponents: found logger, addr:192.168.0.107:54451
  INFO root [0x000011a8] [2018-11-03 13:46:31,365] - Components::addComponent: reset orderLog, uid=20854!
  INFO root [0x000011a8] [2018-11-03 13:46:31,365] - Components::addComponent[logger], uid=20854, componentID=2000, globalorderid=1, grouporderid=1, totalcount=1
  INFO root [0x000011a8] [2018-11-03 13:46:31,366] - Components::findComponents: find dbmgr(2)...
  INFO root [0x000011a8] [2018-11-03 13:46:31,470] - Components::findComponents: found dbmgr, addr:192.168.0.107:54448
  INFO root [0x000011a8] [2018-11-03 13:46:31,470] - Components::addComponent: reset orderLog, uid=20854!
  INFO root [0x000011a8] [2018-11-03 13:46:31,471] - Components::addComponent[dbmgr], uid=20854, componentID=4000, globalorderid=1, grouporderid=1, totalcount=1
  INFO root [0x000011a8] [2018-11-03 13:46:31,471] - Components::findComponents: found dbmgr, addr:192.168.0.107:54448
  WARN root [0x000011a8] [2018-11-03 13:46:32,472] - EntityApp::checkTickPeriod: tick took 1310% (1.31 seconds)!
  WARN root [0x000011a8] [2018-11-03 13:46:32,474] - Forwarding logs to logger[192.168.0.107:54451/0/0/0]...
 ERROR root [0x000011a8] [2018-11-03 14:09:52,774] - Components::removeComponentByChannel: logger : 2000, Abnormal exit! errorno=10054
  INFO root [0x000011a8] [2018-11-03 14:09:52,797] - The following logs sent to logger failed:
  WARN root [0x000011a8] [2018-11-03 14:09:52,798] - ==> [2018-11-03 14:09:52 769] TCPPacketReceiver::processPendingEvents(192.168.0.107:54451): Throwing REASON_GENERAL_NETWORK - WSAECONNRESET
 ERROR root [0x000011a8] [2018-11-03 14:09:52,798] - ==> [2018-11-03 14:09:52 774] Components::removeComponentByChannel: logger : 2000, Abnormal exit! errorno=10054
  WARN root [0x000011a8] [2018-11-03 14:09:52,854] - TCPPacketReceiver::processPendingEvents(192.168.0.107:54448): Throwing REASON_GENERAL_NETWORK - WSAECONNRESET
 ERROR root [0x000011a8] [2018-11-03 14:09:52,865] - Components::removeComponentByChannel: dbmgr : 4000, Abnormal exit! errorno=10054
  INFO root [0x000011a8] [2018-11-03 14:09:52,875] - Shutdowner::onShutdownBegin: shutting down(period=0, tickPeriod=1)
S_INFO root [0x000011a8] [2018-11-03 14:09:52,875] - onBaseAppShutDown: state=0
  INFO root [0x000011a8] [2018-11-03 14:09:52,875] - Shutdowner::onShutdown: shutting down
S_INFO root [0x000011a8] [2018-11-03 14:09:52,875] - onBaseAppShutDown: state=1
  INFO root [0x000011a8] [2018-11-03 14:09:52,876] - Shutdowner::onShutdownEnd: shutting down
S_INFO root [0x000011a8] [2018-11-03 14:09:52,876] - onBaseAppShutDown: state=2
 DEBUG root [0x000011a8] [2018-11-03 14:09:52,884] - Halls::~Halls(): 1
 DEBUG root [0x000011a8] [2018-11-03 14:09:52,885] - Script::uninstall_py_dlls(): PyInit_pyexpat
 DEBUG root [0x000011a8] [2018-11-03 14:09:52,885] - Script::uninstall_py_dlls(): PyInit__socket
 DEBUG root [0x000011a8] [2018-11-03 14:09:52,885] - Script::uninstall_py_dlls(): PyInit__ssl
 DEBUG root [0x000011a8] [2018-11-03 14:09:52,885] - Script::uninstall_py_dlls(): PyInit__hashlib
 DEBUG root [0x000011a8] [2018-11-03 14:09:52,885] - Script::uninstall_py_dlls(): PyInit_select
 DEBUG root [0x000011a8] [2018-11-03 14:09:52,885] - Script::uninstall_py_dlls(): PyInit__ctypes
 DEBUG root [0x000011a8] [2018-11-03 14:09:52,885] - Script::uninstall_py_dlls(): PyInit__elementtree
 DEBUG root [0x000011a8] [2018-11-03 14:09:52,886] - Script::uninstall_py_dlls(): PyInit_unicodedata
  INFO root [0x000011a8] [2018-11-03 14:09:52,922] - Script::uninstall(): is successfully!
 DEBUG root [0x000011a8] [2018-11-03 14:09:52,923] - ThreadPool::destroy(): starting size 2.
  INFO root [0x00002348] [2018-11-03 14:09:54,159] - 
  INFO root [0x00002348] [2018-11-03 14:09:54,162] - -----------------------------------------------------------------------------------------


  INFO root [0x00002348] [2018-11-03 14:09:54,163] - Resmgr::initialize: KBE_ROOT=E:/kbengine/
  INFO root [0x00002348] [2018-11-03 14:09:54,163] - Resmgr::initialize: KBE_RES_PATH=E:/kbengine/kbe/res/;E:/kbengine/assets/;E:/kbengine/assets/scripts/;E:/kbengine/assets/res/
  INFO root [0x00002348] [2018-11-03 14:09:54,163] - Resmgr::initialize: KBE_BIN_PATH=E:/kbengine/kbe/bin/server/
  INFO root [0x00002348] [2018-11-03 14:09:54,166] - NetworkInterface::initialize(EXTERNAL): bound to all interfaces with default route interface on 192.168.0.107 ( 192.168.0.107:20015 )
  INFO root [0x00002348] [2018-11-03 14:09:54,166] - NetworkInterface::initialize(EXTERNAL): address 192.168.0.107:20015, SOMAXCONN=128.
  INFO root [0x00002348] [2018-11-03 14:09:54,167] - NetworkInterface::initialize(INTERNAL): bound to all interfaces with default route interface on 192.168.0.107 ( 192.168.0.107:54983 )
  INFO root [0x00002348] [2018-11-03 14:09:54,167] - NetworkInterface::initialize(INTERNAL): address 192.168.0.107:54983, SOMAXCONN=128.
  INFO root [0x00002348] [2018-11-03 14:09:54,167] - server-configs:
  INFO root [0x00002348] [2018-11-03 14:09:54,167] - 	gameUpdateHertz : 10
  INFO root [0x00002348] [2018-11-03 14:09:54,167] - 	entryScriptFile : kbemain
  INFO root [0x00002348] [2018-11-03 14:09:54,167] - 	internalAddr : 192.168.0.107:54983
  INFO root [0x00002348] [2018-11-03 14:09:54,168] - 	externalAddr : 192.168.0.107:20015
  INFO root [0x00002348] [2018-11-03 14:09:54,168] - 	externalCustomAddr : 22577mw996.iask.in
  INFO root [0x00002348] [2018-11-03 14:09:54,168] - 	componentID : 7001
  INFO root [0x00002348] [2018-11-03 14:09:55,906] - ---- baseapp Version: 2.0.0. ScriptVersion: 0.1.0. Protocol: F9DFFB319FBADF35943ADF4D42C4718C. Config: Debug X86. Built: 15:53:31 Apr 29 2018. AppID: 7001. UID: 25465. PID: 968 ----
  INFO root [0x00002348] [2018-11-03 14:09:55,907] - Server : Intel(R) Xeon(R) CPU E3-1230 v3 @ 3.30GHz with 4194303kB RAM
  INFO root [0x00002348] [2018-11-03 14:09:55,907] - ThreadPool::createThreadPool: creating  threadpool...
  INFO root [0x00002348] [2018-11-03 14:09:55,907] - ThreadPool::createThreadPool: successfully(2), newThreadCount=1, normalMaxThreadCount=2, maxThreadCount=8
 DEBUG root [0x00002348] [2018-11-03 14:09:56,030] - Script::install_py_dlls(): PyInit_pyexpat
 DEBUG root [0x00002348] [2018-11-03 14:09:56,031] - Script::install_py_dlls(): PyInit__socket
 DEBUG root [0x00002348] [2018-11-03 14:09:56,031] - Script::install_py_dlls(): PyInit__ssl
 DEBUG root [0x00002348] [2018-11-03 14:09:56,034] - Script::install_py_dlls(): PyInit__hashlib
 DEBUG root [0x00002348] [2018-11-03 14:09:56,034] - Script::install_py_dlls(): PyInit_select
 DEBUG root [0x00002348] [2018-11-03 14:09:56,034] - Script::install_py_dlls(): PyInit__ctypes
 DEBUG root [0x00002348] [2018-11-03 14:09:56,035] - Script::install_py_dlls(): PyInit__elementtree
 DEBUG root [0x00002348] [2018-11-03 14:09:56,070] - Script::install_py_dlls(): PyInit_unicodedata
  INFO root [0x00002348] [2018-11-03 14:09:56,103] - Script::install(): is successfully, Python=(3.4.2 (default, Apr 29 2018, 15:53:05) [MSC v.1913 32 bit (Intel)])!
  INFO root [0x00002348] [2018-11-03 14:09:56,103] - Script::install(): KBExtra is successfully!
 DEBUG root [0x00002348] [2018-11-03 14:09:56,126] - loaded entity-script:Account(1).
 DEBUG root [0x00002348] [2018-11-03 14:09:56,127] - loaded entity-script:CheckName(2).
 DEBUG root [0x00002348] [2018-11-03 14:09:56,134] - loaded entity-script:Halls(3).
 DEBUG root [0x00002348] [2018-11-03 14:09:56,135] - loaded entity-script:Room(4).
  INFO root [0x00002348] [2018-11-03 14:09:56,136] - Baseapp::initializeEnd: started resmgr tick(60s)!
  INFO root [0x00002348] [2018-11-03 14:09:56,136] - TelnetServer server is running on port 40000
  INFO root [0x00002348] [2018-11-03 14:09:56,446] - ---- baseapp is running ----
 DEBUG root [0x00002348] [2018-11-03 14:09:56,446] - Components::process(): Request for the process of identity...
  WARN root [0x00002348] [2018-11-03 14:10:02,521] - EntityApp::checkTickPeriod: tick took 6074% (6.07 seconds)!
  INFO root [0x00002348] [2018-11-03 14:10:03,547] - Components::findComponents: find logger(1)...
  INFO root [0x00002348] [2018-11-03 14:10:03,622] - Components::findComponents: found logger, addr:192.168.0.107:54987
  INFO root [0x00002348] [2018-11-03 14:10:03,622] - Components::addComponent: reset orderLog, uid=25465!
  INFO root [0x00002348] [2018-11-03 14:10:03,623] - Components::addComponent[logger], uid=25465, componentID=2000, globalorderid=1, grouporderid=1, totalcount=1
  INFO root [0x00002348] [2018-11-03 14:10:03,624] - Components::findComponents: find dbmgr(2)...
  INFO root [0x00002348] [2018-11-03 14:10:03,729] - Components::findComponents: found dbmgr, addr:192.168.0.107:54986
  INFO root [0x00002348] [2018-11-03 14:10:03,730] - Components::addComponent: reset orderLog, uid=25465!
  INFO root [0x00002348] [2018-11-03 14:10:03,730] - Components::addComponent[dbmgr], uid=25465, componentID=4000, globalorderid=1, grouporderid=1, totalcount=1
  INFO root [0x00002348] [2018-11-03 14:10:03,731] - Components::findComponents: found dbmgr, addr:192.168.0.107:54986
  WARN root [0x00002348] [2018-11-03 14:10:04,731] - EntityApp::checkTickPeriod: tick took 1283% (1.28 seconds)!
  WARN root [0x00002348] [2018-11-03 14:10:04,731] - Forwarding logs to logger[192.168.0.107:54987/0/0/0]...
 ERROR root [0x00002348] [2018-11-03 14:11:38,031] - Components::removeComponentByChannel: logger : 2000, Abnormal exit! errorno=10054
  INFO root [0x00002348] [2018-11-03 14:11:38,051] - The following logs sent to logger failed:
  WARN root [0x00002348] [2018-11-03 14:11:38,051] - ==> [2018-11-03 14:11:38 026] TCPPacketReceiver::processPendingEvents(192.168.0.107:54987): Throwing REASON_GENERAL_NETWORK - WSAECONNRESET
 ERROR root [0x00002348] [2018-11-03 14:11:38,051] - ==> [2018-11-03 14:11:38 031] Components::removeComponentByChannel: logger : 2000, Abnormal exit! errorno=10054
  WARN root [0x00002348] [2018-11-03 14:11:38,103] - TCPPacketReceiver::processPendingEvents(192.168.0.107:54986): Throwing REASON_GENERAL_NETWORK - WSAECONNRESET
 ERROR root [0x00002348] [2018-11-03 14:11:38,107] - Components::removeComponentByChannel: dbmgr : 4000, Abnormal exit! errorno=10054
  INFO root [0x00002348] [2018-11-03 14:11:38,126] - Shutdowner::onShutdownBegin: shutting down(period=0, tickPeriod=1)
S_INFO root [0x00002348] [2018-11-03 14:11:38,127] - onBaseAppShutDown: state=0
  INFO root [0x00002348] [2018-11-03 14:11:38,127] - Shutdowner::onShutdown: shutting down
S_INFO root [0x00002348] [2018-11-03 14:11:38,127] - onBaseAppShutDown: state=1
  INFO root [0x00002348] [2018-11-03 14:11:38,127] - Shutdowner::onShutdownEnd: shutting down
S_INFO root [0x00002348] [2018-11-03 14:11:38,127] - onBaseAppShutDown: state=2
 DEBUG root [0x00002348] [2018-11-03 14:11:38,135] - Halls::~Halls(): 2001
 DEBUG root [0x00002348] [2018-11-03 14:11:38,136] - Script::uninstall_py_dlls(): PyInit_pyexpat
 DEBUG root [0x00002348] [2018-11-03 14:11:38,136] - Script::uninstall_py_dlls(): PyInit__socket
 DEBUG root [0x00002348] [2018-11-03 14:11:38,136] - Script::uninstall_py_dlls(): PyInit__ssl
 DEBUG root [0x00002348] [2018-11-03 14:11:38,136] - Script::uninstall_py_dlls(): PyInit__hashlib
 DEBUG root [0x00002348] [2018-11-03 14:11:38,136] - Script::uninstall_py_dlls(): PyInit_select
 DEBUG root [0x00002348] [2018-11-03 14:11:38,136] - Script::uninstall_py_dlls(): PyInit__ctypes
 DEBUG root [0x00002348] [2018-11-03 14:11:38,137] - Script::uninstall_py_dlls(): PyInit__elementtree
 DEBUG root [0x00002348] [2018-11-03 14:11:38,137] - Script::uninstall_py_dlls(): PyInit_unicodedata
  INFO root [0x00002348] [2018-11-03 14:11:38,146] - Script::uninstall(): is successfully!
 DEBUG root [0x00002348] [2018-11-03 14:11:38,146] - ThreadPool::destroy(): starting size 2.
  INFO root [0x000020b8] [2018-11-03 14:11:39,469] - 
  INFO root [0x000020b8] [2018-11-03 14:11:39,469] - -----------------------------------------------------------------------------------------


  INFO root [0x000020b8] [2018-11-03 14:11:39,470] - Resmgr::initialize: KBE_ROOT=E:/kbengine/
  INFO root [0x000020b8] [2018-11-03 14:11:39,470] - Resmgr::initialize: KBE_RES_PATH=E:/kbengine/kbe/res/;E:/kbengine/assets/;E:/kbengine/assets/scripts/;E:/kbengine/assets/res/
  INFO root [0x000020b8] [2018-11-03 14:11:39,470] - Resmgr::initialize: KBE_BIN_PATH=E:/kbengine/kbe/bin/server/
  INFO root [0x000020b8] [2018-11-03 14:11:39,472] - NetworkInterface::initialize(EXTERNAL): bound to all interfaces with default route interface on 192.168.0.107 ( 192.168.0.107:20015 )
  INFO root [0x000020b8] [2018-11-03 14:11:39,473] - NetworkInterface::initialize(EXTERNAL): address 192.168.0.107:20015, SOMAXCONN=128.
  INFO root [0x000020b8] [2018-11-03 14:11:39,474] - NetworkInterface::initialize(INTERNAL): bound to all interfaces with default route interface on 192.168.0.107 ( 192.168.0.107:55054 )
  INFO root [0x000020b8] [2018-11-03 14:11:39,474] - NetworkInterface::initialize(INTERNAL): address 192.168.0.107:55054, SOMAXCONN=128.
  INFO root [0x000020b8] [2018-11-03 14:11:39,474] - server-configs:
  INFO root [0x000020b8] [2018-11-03 14:11:39,474] - 	gameUpdateHertz : 10
  INFO root [0x000020b8] [2018-11-03 14:11:39,474] - 	entryScriptFile : kbemain
  INFO root [0x000020b8] [2018-11-03 14:11:39,474] - 	internalAddr : 192.168.0.107:55054
  INFO root [0x000020b8] [2018-11-03 14:11:39,474] - 	externalAddr : 192.168.0.107:20015
  INFO root [0x000020b8] [2018-11-03 14:11:39,474] - 	externalCustomAddr : c.55908.3m.dkys.org
  INFO root [0x000020b8] [2018-11-03 14:11:39,474] - 	componentID : 7001
  WARN root [0x000020b8] [2018-11-03 14:11:39,979] - BundleBroadcast::BundleBroadcast: Cannot bind to port 20404, errorno=10048
  INFO root [0x000020b8] [2018-11-03 14:11:39,985] - ---- baseapp Version: 2.0.0. ScriptVersion: 0.1.0. Protocol: F9DFFB319FBADF35943ADF4D42C4718C. Config: Debug X86. Built: 15:53:31 Apr 29 2018. AppID: 7001. UID: 25808. PID: 6208 ----
  INFO root [0x000020b8] [2018-11-03 14:11:39,986] - Server : Intel(R) Xeon(R) CPU E3-1230 v3 @ 3.30GHz with 4194303kB RAM
  INFO root [0x000020b8] [2018-11-03 14:11:39,986] - ThreadPool::createThreadPool: creating  threadpool...
  INFO root [0x000020b8] [2018-11-03 14:11:39,986] - ThreadPool::createThreadPool: successfully(2), newThreadCount=1, normalMaxThreadCount=2, maxThreadCount=8
 DEBUG root [0x000020b8] [2018-11-03 14:11:40,115] - Script::install_py_dlls(): PyInit_pyexpat
 DEBUG root [0x000020b8] [2018-11-03 14:11:40,116] - Script::install_py_dlls(): PyInit__socket
 DEBUG root [0x000020b8] [2018-11-03 14:11:40,116] - Script::install_py_dlls(): PyInit__ssl
 DEBUG root [0x000020b8] [2018-11-03 14:11:40,120] - Script::install_py_dlls(): PyInit__hashlib
 DEBUG root [0x000020b8] [2018-11-03 14:11:40,120] - Script::install_py_dlls(): PyInit_select
 DEBUG root [0x000020b8] [2018-11-03 14:11:40,120] - Script::install_py_dlls(): PyInit__ctypes
 DEBUG root [0x000020b8] [2018-11-03 14:11:40,121] - Script::install_py_dlls(): PyInit__elementtree
 DEBUG root [0x000020b8] [2018-11-03 14:11:40,153] - Script::install_py_dlls(): PyInit_unicodedata
  INFO root [0x000020b8] [2018-11-03 14:11:40,181] - Script::install(): is successfully, Python=(3.4.2 (default, Apr 29 2018, 15:53:05) [MSC v.1913 32 bit (Intel)])!
  INFO root [0x000020b8] [2018-11-03 14:11:40,181] - Script::install(): KBExtra is successfully!
 DEBUG root [0x000020b8] [2018-11-03 14:11:40,202] - loaded entity-script:Account(1).
 DEBUG root [0x000020b8] [2018-11-03 14:11:40,203] - loaded entity-script:CheckName(2).
 DEBUG root [0x000020b8] [2018-11-03 14:11:40,210] - loaded entity-script:Halls(3).
 DEBUG root [0x000020b8] [2018-11-03 14:11:40,212] - loaded entity-script:Room(4).
  INFO root [0x000020b8] [2018-11-03 14:11:40,212] - Baseapp::initializeEnd: started resmgr tick(60s)!
  INFO root [0x000020b8] [2018-11-03 14:11:40,212] - TelnetServer server is running on port 40000
  INFO root [0x000020b8] [2018-11-03 14:11:40,504] - ---- baseapp is running ----
 DEBUG root [0x000020b8] [2018-11-03 14:11:40,504] - Components::process(): Request for the process of identity...
  WARN root [0x000020b8] [2018-11-03 14:11:46,601] - EntityApp::checkTickPeriod: tick took 6097% (6.10 seconds)!
  INFO root [0x000020b8] [2018-11-03 14:11:47,672] - Components::findComponents: find logger(1)...
  INFO root [0x000020b8] [2018-11-03 14:11:47,742] - Components::findComponents: found logger, addr:192.168.0.107:55051
  INFO root [0x000020b8] [2018-11-03 14:11:47,742] - Components::addComponent: reset orderLog, uid=25808!
  INFO root [0x000020b8] [2018-11-03 14:11:47,742] - Components::addComponent[logger], uid=25808, componentID=2000, globalorderid=1, grouporderid=1, totalcount=1
  INFO root [0x000020b8] [2018-11-03 14:11:47,743] - Components::findComponents: find dbmgr(2)...
  INFO root [0x000020b8] [2018-11-03 14:11:47,843] - Components::findComponents: found dbmgr, addr:192.168.0.107:55047
  INFO root [0x000020b8] [2018-11-03 14:11:47,844] - Components::addComponent: reset orderLog, uid=25808!
  INFO root [0x000020b8] [2018-11-03 14:11:47,844] - Components::addComponent[dbmgr], uid=25808, componentID=4000, globalorderid=1, grouporderid=1, totalcount=1
  INFO root [0x000020b8] [2018-11-03 14:11:47,844] - Components::findComponents: found dbmgr, addr:192.168.0.107:55047
  WARN root [0x000020b8] [2018-11-03 14:11:48,844] - Forwarding logs to logger[192.168.0.107:55051/0/0/0]...
 ERROR root [0x000020b8] [2018-11-03 14:13:23,521] - Components::removeComponentByChannel: logger : 2000, Abnormal exit! errorno=10054
  INFO root [0x000020b8] [2018-11-03 14:13:23,545] - The following logs sent to logger failed:
  WARN root [0x000020b8] [2018-11-03 14:13:23,545] - ==> [2018-11-03 14:13:23 516] TCPPacketReceiver::processPendingEvents(192.168.0.107:55051): Throwing REASON_GENERAL_NETWORK - WSAECONNRESET
 ERROR root [0x000020b8] [2018-11-03 14:13:23,545] - ==> [2018-11-03 14:13:23 522] Components::removeComponentByChannel: logger : 2000, Abnormal exit! errorno=10054
  WARN root [0x000020b8] [2018-11-03 14:13:23,594] - TCPPacketReceiver::processPendingEvents(192.168.0.107:55047): Throwing REASON_GENERAL_NETWORK - WSAECONNRESET
 ERROR root [0x000020b8] [2018-11-03 14:13:23,599] - Components::removeComponentByChannel: dbmgr : 4000, Abnormal exit! errorno=10054
  INFO root [0x000020b8] [2018-11-03 14:13:23,618] - Shutdowner::onShutdownBegin: shutting down(period=0, tickPeriod=1)
S_INFO root [0x000020b8] [2018-11-03 14:13:23,623] - onBaseAppShutDown: state=0
  INFO root [0x000020b8] [2018-11-03 14:13:23,624] - Shutdowner::onShutdown: shutting down
S_INFO root [0x000020b8] [2018-11-03 14:13:23,624] - onBaseAppShutDown: state=1
  INFO root [0x000020b8] [2018-11-03 14:13:23,624] - Shutdowner::onShutdownEnd: shutting down
S_INFO root [0x000020b8] [2018-11-03 14:13:23,624] - onBaseAppShutDown: state=2
 DEBUG root [0x000020b8] [2018-11-03 14:13:23,632] - Halls::~Halls(): 1
 DEBUG root [0x000020b8] [2018-11-03 14:13:23,633] - Script::uninstall_py_dlls(): PyInit_pyexpat
 DEBUG root [0x000020b8] [2018-11-03 14:13:23,634] - Script::uninstall_py_dlls(): PyInit__socket
 DEBUG root [0x000020b8] [2018-11-03 14:13:23,634] - Script::uninstall_py_dlls(): PyInit__ssl
 DEBUG root [0x000020b8] [2018-11-03 14:13:23,634] - Script::uninstall_py_dlls(): PyInit__hashlib
 DEBUG root [0x000020b8] [2018-11-03 14:13:23,634] - Script::uninstall_py_dlls(): PyInit_select
 DEBUG root [0x000020b8] [2018-11-03 14:13:23,634] - Script::uninstall_py_dlls(): PyInit__ctypes
 DEBUG root [0x000020b8] [2018-11-03 14:13:23,634] - Script::uninstall_py_dlls(): PyInit__elementtree
 DEBUG root [0x000020b8] [2018-11-03 14:13:23,634] - Script::uninstall_py_dlls(): PyInit_unicodedata
  INFO root [0x000020b8] [2018-11-03 14:13:23,644] - Script::uninstall(): is successfully!
 DEBUG root [0x000020b8] [2018-11-03 14:13:23,644] - ThreadPool::destroy(): starting size 2.
  INFO root [0x00001a88] [2018-11-03 14:14:16,818] - 
  INFO root [0x00001a88] [2018-11-03 14:14:16,818] - -----------------------------------------------------------------------------------------


  INFO root [0x00001a88] [2018-11-03 14:14:16,819] - Resmgr::initialize: KBE_ROOT=E:/kbengine/
  INFO root [0x00001a88] [2018-11-03 14:14:16,819] - Resmgr::initialize: KBE_RES_PATH=E:/kbengine/kbe/res/;E:/kbengine/assets/;E:/kbengine/assets/scripts/;E:/kbengine/assets/res/
  INFO root [0x00001a88] [2018-11-03 14:14:16,820] - Resmgr::initialize: KBE_BIN_PATH=E:/kbengine/kbe/bin/server/
  INFO root [0x00001a88] [2018-11-03 14:14:16,823] - NetworkInterface::initialize(EXTERNAL): bound to all interfaces with default route interface on 192.168.0.107 ( 192.168.0.107:20015 )
  INFO root [0x00001a88] [2018-11-03 14:14:16,824] - NetworkInterface::initialize(EXTERNAL): address 192.168.0.107:20015, SOMAXCONN=128.
  INFO root [0x00001a88] [2018-11-03 14:14:16,826] - NetworkInterface::initialize(INTERNAL): bound to all interfaces with default route interface on 192.168.0.107 ( 192.168.0.107:55128 )
  INFO root [0x00001a88] [2018-11-03 14:14:16,826] - NetworkInterface::initialize(INTERNAL): address 192.168.0.107:55128, SOMAXCONN=128.
  INFO root [0x00001a88] [2018-11-03 14:14:16,827] - server-configs:
  INFO root [0x00001a88] [2018-11-03 14:14:16,827] - 	gameUpdateHertz : 10
  INFO root [0x00001a88] [2018-11-03 14:14:16,827] - 	entryScriptFile : kbemain
  INFO root [0x00001a88] [2018-11-03 14:14:16,827] - 	internalAddr : 192.168.0.107:55128
  INFO root [0x00001a88] [2018-11-03 14:14:16,827] - 	externalAddr : 192.168.0.107:20015
  INFO root [0x00001a88] [2018-11-03 14:14:16,827] - 	externalCustomAddr : c.55908.3m.dkys.org
  INFO root [0x00001a88] [2018-11-03 14:14:16,827] - 	componentID : 7001
  INFO root [0x00001a88] [2018-11-03 14:14:18,538] - ---- baseapp Version: 2.0.0. ScriptVersion: 0.1.0. Protocol: F9DFFB319FBADF35943ADF4D42C4718C. Config: Debug X86. Built: 15:53:31 Apr 29 2018. AppID: 7001. UID: 26324. PID: 7480 ----
  INFO root [0x00001a88] [2018-11-03 14:14:18,539] - Server : Intel(R) Xeon(R) CPU E3-1230 v3 @ 3.30GHz with 4194303kB RAM
  INFO root [0x00001a88] [2018-11-03 14:14:18,539] - ThreadPool::createThreadPool: creating  threadpool...
  INFO root [0x00001a88] [2018-11-03 14:14:18,539] - ThreadPool::createThreadPool: successfully(2), newThreadCount=1, normalMaxThreadCount=2, maxThreadCount=8
 DEBUG root [0x00001a88] [2018-11-03 14:14:18,664] - Script::install_py_dlls(): PyInit_pyexpat
 DEBUG root [0x00001a88] [2018-11-03 14:14:18,664] - Script::install_py_dlls(): PyInit__socket
 DEBUG root [0x00001a88] [2018-11-03 14:14:18,664] - Script::install_py_dlls(): PyInit__ssl
 DEBUG root [0x00001a88] [2018-11-03 14:14:18,667] - Script::install_py_dlls(): PyInit__hashlib
 DEBUG root [0x00001a88] [2018-11-03 14:14:18,668] - Script::install_py_dlls(): PyInit_select
 DEBUG root [0x00001a88] [2018-11-03 14:14:18,668] - Script::install_py_dlls(): PyInit__ctypes
 DEBUG root [0x00001a88] [2018-11-03 14:14:18,668] - Script::install_py_dlls(): PyInit__elementtree
 DEBUG root [0x00001a88] [2018-11-03 14:14:18,697] - Script::install_py_dlls(): PyInit_unicodedata
  INFO root [0x00001a88] [2018-11-03 14:14:18,728] - Script::install(): is successfully, Python=(3.4.2 (default, Apr 29 2018, 15:53:05) [MSC v.1913 32 bit (Intel)])!
  INFO root [0x00001a88] [2018-11-03 14:14:18,728] - Script::install(): KBExtra is successfully!
 DEBUG root [0x00001a88] [2018-11-03 14:14:18,750] - loaded entity-script:Account(1).
 DEBUG root [0x00001a88] [2018-11-03 14:14:18,751] - loaded entity-script:CheckName(2).
 DEBUG root [0x00001a88] [2018-11-03 14:14:18,756] - loaded entity-script:Halls(3).
 DEBUG root [0x00001a88] [2018-11-03 14:14:18,757] - loaded entity-script:Room(4).
  INFO root [0x00001a88] [2018-11-03 14:14:18,757] - Baseapp::initializeEnd: started resmgr tick(60s)!
  INFO root [0x00001a88] [2018-11-03 14:14:18,758] - TelnetServer server is running on port 40000
  INFO root [0x00001a88] [2018-11-03 14:14:19,083] - ---- baseapp is running ----
 DEBUG root [0x00001a88] [2018-11-03 14:14:19,084] - Components::process(): Request for the process of identity...
  WARN root [0x00001a88] [2018-11-03 14:14:25,140] - EntityApp::checkTickPeriod: tick took 6055% (6.05 seconds)!
  INFO root [0x00001a88] [2018-11-03 14:14:26,184] - Components::findComponents: find logger(1)...
 ERROR root [0x00001a88] [2018-11-03 14:14:27,686] - BundleBroadcast::receive: failed! It can be caused by the firewall, the broadcastaddr, etc.Maybe broadcastaddr is not a LAN ADDR, or the Machine process is not running.
 ERROR root [0x00001a88] [2018-11-03 14:14:27,689] - Components::findComponents: receive error!
  WARN root [0x00001a88] [2018-11-03 14:14:27,691] - Components::findComponents: not found logger!
  WARN root [0x00001a88] [2018-11-03 14:14:27,692] - EntityApp::checkTickPeriod: tick took 1608% (1.61 seconds)!
  INFO root [0x00001a88] [2018-11-03 14:14:28,721] - Components::findComponents: find dbmgr(1)...
 ERROR root [0x00001a88] [2018-11-03 14:14:30,223] - BundleBroadcast::receive: failed! It can be caused by the firewall, the broadcastaddr, etc.Maybe broadcastaddr is not a LAN ADDR, or the Machine process is not running.
 ERROR root [0x00001a88] [2018-11-03 14:14:30,226] - Components::findComponents: receive error!
  WARN root [0x00001a88] [2018-11-03 14:14:30,228] - EntityApp::checkTickPeriod: tick took 1543% (1.54 seconds)!
  INFO root [0x00001a88] [2018-11-03 14:14:31,284] - Components::findComponents: find dbmgr(2)...
 ERROR root [0x00001a88] [2018-11-03 14:14:32,786] - BundleBroadcast::receive: failed! It can be caused by the firewall, the broadcastaddr, etc.Maybe broadcastaddr is not a LAN ADDR, or the Machine process is not running.
 ERROR root [0x00001a88] [2018-11-03 14:14:32,789] - Components::findComponents: receive error!
  WARN root [0x00001a88] [2018-11-03 14:14:32,791] - EntityApp::checkTickPeriod: tick took 1607% (1.61 seconds)!
  INFO root [0x00001a88] [2018-11-03 14:14:33,820] - Components::findComponents: find dbmgr(3)...
 ERROR root [0x00001a88] [2018-11-03 14:14:35,322] - BundleBroadcast::receive: failed! It can be caused by the firewall, the broadcastaddr, etc.Maybe broadcastaddr is not a LAN ADDR, or the Machine process is not running.
 ERROR root [0x00001a88] [2018-11-03 14:14:35,328] - Components::findComponents: receive error!
  WARN root [0x00001a88] [2018-11-03 14:14:35,330] - EntityApp::checkTickPeriod: tick took 1546% (1.55 seconds)!
  INFO root [0x00001a88] [2018-11-03 14:14:36,384] - Components::findComponents: find dbmgr(4)...
 ERROR root [0x00001a88] [2018-11-03 14:14:37,886] - BundleBroadcast::receive: failed! It can be caused by the firewall, the broadcastaddr, etc.Maybe broadcastaddr is not a LAN ADDR, or the Machine process is not running.
 ERROR root [0x00001a88] [2018-11-03 14:14:37,889] - Components::findComponents: receive error!
  WARN root [0x00001a88] [2018-11-03 14:14:37,891] - EntityApp::checkTickPeriod: tick took 1607% (1.61 seconds)!
  INFO root [0x00001a88] [2018-11-03 14:14:38,920] - Components::findComponents: find dbmgr(5)...
 ERROR root [0x00001a88] [2018-11-03 14:14:40,422] - BundleBroadcast::receive: failed! It can be caused by the firewall, the broadcastaddr, etc.Maybe broadcastaddr is not a LAN ADDR, or the Machine process is not running.
 ERROR root [0x00001a88] [2018-11-03 14:14:40,425] - Components::findComponents: receive error!
  WARN root [0x00001a88] [2018-11-03 14:14:40,427] - EntityApp::checkTickPeriod: tick took 1544% (1.54 seconds)!
  INFO root [0x00001a88] [2018-11-03 14:14:41,483] - Components::findComponents: find dbmgr(6)...
 ERROR root [0x00001a88] [2018-11-03 14:14:42,986] - BundleBroadcast::receive: failed! It can be caused by the firewall, the broadcastaddr, etc.Maybe broadcastaddr is not a LAN ADDR, or the Machine process is not running.
 ERROR root [0x00001a88] [2018-11-03 14:14:42,995] - Components::findComponents: receive error!
  WARN root [0x00001a88] [2018-11-03 14:14:42,997] - EntityApp::checkTickPeriod: tick took 1613% (1.61 seconds)!
  INFO root [0x00001a88] [2018-11-03 14:14:44,020] - Components::findComponents: find dbmgr(7)...
 ERROR root [0x00001a88] [2018-11-03 14:14:45,521] - BundleBroadcast::receive: failed! It can be caused by the firewall, the broadcastaddr, etc.Maybe broadcastaddr is not a LAN ADDR, or the Machine process is not running.
 ERROR root [0x00001a88] [2018-11-03 14:14:45,525] - Components::findComponents: receive error!
  WARN root [0x00001a88] [2018-11-03 14:14:45,526] - EntityApp::checkTickPeriod: tick took 1542% (1.54 seconds)!
  INFO root [0x00001a88] [2018-11-03 14:14:46,584] - Components::findComponents: find dbmgr(8)...
 ERROR root [0x00001a88] [2018-11-03 14:14:48,085] - BundleBroadcast::receive: failed! It can be caused by the firewall, the broadcastaddr, etc.Maybe broadcastaddr is not a LAN ADDR, or the Machine process is not running.
 ERROR root [0x00001a88] [2018-11-03 14:14:48,087] - Components::findComponents: receive error!
  WARN root [0x00001a88] [2018-11-03 14:14:48,088] - EntityApp::checkTickPeriod: tick took 1604% (1.60 seconds)!
  INFO root [0x00001a88] [2018-11-03 14:14:49,120] - Components::findComponents: find dbmgr(9)...
 ERROR root [0x00001a88] [2018-11-03 14:14:50,620] - BundleBroadcast::receive: failed! It can be caused by the firewall, the broadcastaddr, etc.Maybe broadcastaddr is not a LAN ADDR, or the Machine process is not running.
 ERROR root [0x00001a88] [2018-11-03 14:14:50,622] - Components::findComponents: receive error!
  WARN root [0x00001a88] [2018-11-03 14:14:50,624] - EntityApp::checkTickPeriod: tick took 1541% (1.54 seconds)!
  INFO root [0x00001a88] [2018-11-03 14:14:51,683] - Components::findComponents: find dbmgr(10)...
 ERROR root [0x00001a88] [2018-11-03 14:14:53,184] - BundleBroadcast::receive: failed! It can be caused by the firewall, the broadcastaddr, etc.Maybe broadcastaddr is not a LAN ADDR, or the Machine process is not running.
 ERROR root [0x00001a88] [2018-11-03 14:14:53,186] - Components::findComponents: receive error!
  WARN root [0x00001a88] [2018-11-03 14:14:53,188] - EntityApp::checkTickPeriod: tick took 1605% (1.61 seconds)!
  INFO root [0x00001a88] [2018-11-03 14:14:54,220] - Components::findComponents: find dbmgr(11)...
 ERROR root [0x00001a88] [2018-11-03 14:14:55,721] - BundleBroadcast::receive: failed! It can be caused by the firewall, the broadcastaddr, etc.Maybe broadcastaddr is not a LAN ADDR, or the Machine process is not running.
 ERROR root [0x00001a88] [2018-11-03 14:14:55,723] - Components::findComponents: receive error!
  WARN root [0x00001a88] [2018-11-03 14:14:55,725] - EntityApp::checkTickPeriod: tick took 1542% (1.54 seconds)!
  INFO root [0x00001a88] [2018-11-03 14:14:56,757] - Components::findComponents: find dbmgr(12)...
 ERROR root [0x00001a88] [2018-11-03 14:14:58,258] - BundleBroadcast::receive: failed! It can be caused by the firewall, the broadcastaddr, etc.Maybe broadcastaddr is not a LAN ADDR, or the Machine process is not running.
 ERROR root [0x00001a88] [2018-11-03 14:14:58,259] - Components::findComponents: receive error!
  WARN root [0x00001a88] [2018-11-03 14:14:58,259] - EntityApp::checkTickPeriod: tick took 1576% (1.58 seconds)!
  INFO root [0x00001a88] [2018-11-03 14:14:59,282] - Components::findComponents: find dbmgr(13)...
  INFO root [0x00001eb8] [2018-11-03 14:15:01,754] - 
  INFO root [0x00001eb8] [2018-11-03 14:15:01,755] - -----------------------------------------------------------------------------------------


  INFO root [0x00001eb8] [2018-11-03 14:15:01,756] - Resmgr::initialize: KBE_ROOT=E:/kbengine/
  INFO root [0x00001eb8] [2018-11-03 14:15:01,756] - Resmgr::initialize: KBE_RES_PATH=E:/kbengine/kbe/res/;E:/kbengine/assets/;E:/kbengine/assets/scripts/;E:/kbengine/assets/res/
  INFO root [0x00001eb8] [2018-11-03 14:15:01,756] - Resmgr::initialize: KBE_BIN_PATH=E:/kbengine/kbe/bin/server/
  INFO root [0x00001eb8] [2018-11-03 14:15:01,758] - NetworkInterface::initialize(EXTERNAL): bound to all interfaces with default route interface on 192.168.0.107 ( 192.168.0.107:20015 )
  INFO root [0x00001eb8] [2018-11-03 14:15:01,758] - NetworkInterface::initialize(EXTERNAL): address 192.168.0.107:20015, SOMAXCONN=128.
  INFO root [0x00001eb8] [2018-11-03 14:15:01,760] - NetworkInterface::initialize(INTERNAL): bound to all interfaces with default route interface on 192.168.0.107 ( 192.168.0.107:55145 )
  INFO root [0x00001eb8] [2018-11-03 14:15:01,760] - NetworkInterface::initialize(INTERNAL): address 192.168.0.107:55145, SOMAXCONN=128.
  INFO root [0x00001eb8] [2018-11-03 14:15:01,760] - server-configs:
  INFO root [0x00001eb8] [2018-11-03 14:15:01,760] - 	gameUpdateHertz : 10
  INFO root [0x00001eb8] [2018-11-03 14:15:01,760] - 	entryScriptFile : kbemain
  INFO root [0x00001eb8] [2018-11-03 14:15:01,760] - 	internalAddr : 192.168.0.107:55145
  INFO root [0x00001eb8] [2018-11-03 14:15:01,760] - 	externalAddr : 192.168.0.107:20015
  INFO root [0x00001eb8] [2018-11-03 14:15:01,761] - 	externalCustomAddr : c.55908.3m.dkys.org
  INFO root [0x00001eb8] [2018-11-03 14:15:01,761] - 	componentID : 7001
  INFO root [0x00001eb8] [2018-11-03 14:15:03,475] - ---- baseapp Version: 2.0.0. ScriptVersion: 0.1.0. Protocol: F9DFFB319FBADF35943ADF4D42C4718C. Config: Debug X86. Built: 15:53:31 Apr 29 2018. AppID: 7001. UID: 26471. PID: 10200 ----
  INFO root [0x00001eb8] [2018-11-03 14:15:03,476] - Server : Intel(R) Xeon(R) CPU E3-1230 v3 @ 3.30GHz with 4194303kB RAM
  INFO root [0x00001eb8] [2018-11-03 14:15:03,476] - ThreadPool::createThreadPool: creating  threadpool...
  INFO root [0x00001eb8] [2018-11-03 14:15:03,477] - ThreadPool::createThreadPool: successfully(2), newThreadCount=1, normalMaxThreadCount=2, maxThreadCount=8
 DEBUG root [0x00001eb8] [2018-11-03 14:15:03,601] - Script::install_py_dlls(): PyInit_pyexpat
 DEBUG root [0x00001eb8] [2018-11-03 14:15:03,602] - Script::install_py_dlls(): PyInit__socket
 DEBUG root [0x00001eb8] [2018-11-03 14:15:03,602] - Script::install_py_dlls(): PyInit__ssl
 DEBUG root [0x00001eb8] [2018-11-03 14:15:03,607] - Script::install_py_dlls(): PyInit__hashlib
 DEBUG root [0x00001eb8] [2018-11-03 14:15:03,607] - Script::install_py_dlls(): PyInit_select
 DEBUG root [0x00001eb8] [2018-11-03 14:15:03,608] - Script::install_py_dlls(): PyInit__ctypes
 DEBUG root [0x00001eb8] [2018-11-03 14:15:03,608] - Script::install_py_dlls(): PyInit__elementtree
 DEBUG root [0x00001eb8] [2018-11-03 14:15:03,644] - Script::install_py_dlls(): PyInit_unicodedata
  INFO root [0x00001eb8] [2018-11-03 14:15:03,672] - Script::install(): is successfully, Python=(3.4.2 (default, Apr 29 2018, 15:53:05) [MSC v.1913 32 bit (Intel)])!
  INFO root [0x00001eb8] [2018-11-03 14:15:03,672] - Script::install(): KBExtra is successfully!
 DEBUG root [0x00001eb8] [2018-11-03 14:15:03,697] - loaded entity-script:Account(1).
 DEBUG root [0x00001eb8] [2018-11-03 14:15:03,698] - loaded entity-script:CheckName(2).
 DEBUG root [0x00001eb8] [2018-11-03 14:15:03,703] - loaded entity-script:Halls(3).
 DEBUG root [0x00001eb8] [2018-11-03 14:15:03,705] - loaded entity-script:Room(4).
  INFO root [0x00001eb8] [2018-11-03 14:15:03,705] - Baseapp::initializeEnd: started resmgr tick(60s)!
  INFO root [0x00001eb8] [2018-11-03 14:15:03,706] - TelnetServer server is running on port 40000
  INFO root [0x00001eb8] [2018-11-03 14:15:04,042] - ---- baseapp is running ----
 DEBUG root [0x00001eb8] [2018-11-03 14:15:04,042] - Components::process(): Request for the process of identity...
  WARN root [0x00001eb8] [2018-11-03 14:15:10,120] - EntityApp::checkTickPeriod: tick took 6078% (6.08 seconds)!
  INFO root [0x00001eb8] [2018-11-03 14:15:11,142] - Components::findComponents: find logger(1)...
  INFO root [0x00001eb8] [2018-11-03 14:15:11,241] - Components::findComponents: found logger, addr:192.168.0.107:55142
  INFO root [0x00001eb8] [2018-11-03 14:15:11,241] - Components::addComponent: reset orderLog, uid=26471!
  INFO root [0x00001eb8] [2018-11-03 14:15:11,241] - Components::addComponent[logger], uid=26471, componentID=2000, globalorderid=1, grouporderid=1, totalcount=1
  INFO root [0x00001eb8] [2018-11-03 14:15:11,242] - Components::findComponents: find dbmgr(2)...
  INFO root [0x00001eb8] [2018-11-03 14:15:11,345] - Components::findComponents: found dbmgr, addr:192.168.0.107:55139
  INFO root [0x00001eb8] [2018-11-03 14:15:11,346] - Components::addComponent: reset orderLog, uid=26471!
  INFO root [0x00001eb8] [2018-11-03 14:15:11,346] - Components::addComponent[dbmgr], uid=26471, componentID=4000, globalorderid=1, grouporderid=1, totalcount=1
  INFO root [0x00001eb8] [2018-11-03 14:15:11,347] - Components::findComponents: found dbmgr, addr:192.168.0.107:55139
  WARN root [0x00001eb8] [2018-11-03 14:15:12,347] - EntityApp::checkTickPeriod: tick took 1305% (1.30 seconds)!
  WARN root [0x00001eb8] [2018-11-03 14:15:12,349] - Forwarding logs to logger[192.168.0.107:55142/0/0/0]...
