  INFO root [0x000036ec] [2018-11-18 12:32:15,797] - 
  INFO root [0x000036ec] [2018-11-18 12:32:15,895] - -----------------------------------------------------------------------------------------


  INFO root [0x000036ec] [2018-11-18 12:32:16,739] - Resmgr::initialize: KBE_ROOT=E:/kbengine/
  INFO root [0x000036ec] [2018-11-18 12:32:16,741] - Resmgr::initialize: KBE_RES_PATH=E:/kbengine/kbe/res/;E:/kbengine/assets/;E:/kbengine/assets/scripts/;E:/kbengine/assets/res/
  INFO root [0x000036ec] [2018-11-18 12:32:16,741] - Resmgr::initialize: KBE_BIN_PATH=E:/kbengine/kbe/bin/server/
  INFO root [0x000036ec] [2018-11-18 12:32:17,142] - NetworkInterface::initialize(EXTERNAL): bound to all interfaces with default route interface on 192.168.0.107 ( 192.168.0.107:20015 )
  INFO root [0x000036ec] [2018-11-18 12:32:17,263] - NetworkInterface::initialize(EXTERNAL): address 192.168.0.107:20015, SOMAXCONN=128.
  INFO root [0x000036ec] [2018-11-18 12:32:17,269] - NetworkInterface::initialize(INTERNAL): bound to all interfaces with default route interface on 192.168.0.107 ( 192.168.0.107:58562 )
  INFO root [0x000036ec] [2018-11-18 12:32:17,270] - NetworkInterface::initialize(INTERNAL): address 192.168.0.107:58562, SOMAXCONN=128.
  INFO root [0x000036ec] [2018-11-18 12:32:17,270] - server-configs:
  INFO root [0x000036ec] [2018-11-18 12:32:17,271] - 	gameUpdateHertz : 10
  INFO root [0x000036ec] [2018-11-18 12:32:17,271] - 	entryScriptFile : kbemain
  INFO root [0x000036ec] [2018-11-18 12:32:17,271] - 	internalAddr : 192.168.0.107:58562
  INFO root [0x000036ec] [2018-11-18 12:32:17,272] - 	externalAddr : 192.168.0.107:20015
  INFO root [0x000036ec] [2018-11-18 12:32:17,272] - 	externalCustomAddr : c.55908.3m.dkys.org
  INFO root [0x000036ec] [2018-11-18 12:32:17,272] - 	componentID : 7001
  INFO root [0x000036ec] [2018-11-18 12:32:17,954] - Components::findLogger: found logger, addr:192.168.0.107:58544
  INFO root [0x000036ec] [2018-11-18 12:32:17,954] - Components::addComponent: reset orderLog, uid=11340!
  INFO root [0x000036ec] [2018-11-18 12:32:17,954] - Components::addComponent[logger], uid=11340, componentID=2000, globalorderid=1, grouporderid=1, totalcount=1
  INFO root [0x000036ec] [2018-11-18 12:32:18,081] - ---- baseapp Version: 2.0.0. ScriptVersion: 0.1.0. Protocol: F9DFFB319FBADF35943ADF4D42C4718C. Config: Debug X86. Built: 15:53:31 Apr 29 2018. AppID: 7001. UID: 11340. PID: 14168 ----
  INFO root [0x000036ec] [2018-11-18 12:32:18,081] - Server : Intel(R) Xeon(R) CPU E3-1230 v3 @ 3.30GHz with 4194303kB RAM
  INFO root [0x000036ec] [2018-11-18 12:32:18,191] - ThreadPool::createThreadPool: creating  threadpool...
  INFO root [0x000036ec] [2018-11-18 12:32:18,252] - ThreadPool::createThreadPool: successfully(2), newThreadCount=1, normalMaxThreadCount=2, maxThreadCount=8
 DEBUG root [0x000036ec] [2018-11-18 12:32:21,385] - Script::install_py_dlls(): PyInit_pyexpat
 DEBUG root [0x000036ec] [2018-11-18 12:32:21,434] - Script::install_py_dlls(): PyInit__socket
 DEBUG root [0x000036ec] [2018-11-18 12:32:21,508] - Script::install_py_dlls(): PyInit__ssl
 DEBUG root [0x000036ec] [2018-11-18 12:32:22,311] - Script::install_py_dlls(): PyInit__hashlib
 DEBUG root [0x000036ec] [2018-11-18 12:32:22,398] - Script::install_py_dlls(): PyInit_select
 DEBUG root [0x000036ec] [2018-11-18 12:32:22,465] - Script::install_py_dlls(): PyInit__ctypes
 DEBUG root [0x000036ec] [2018-11-18 12:32:22,523] - Script::install_py_dlls(): PyInit__elementtree
 DEBUG root [0x000036ec] [2018-11-18 12:32:23,228] - Script::install_py_dlls(): PyInit_unicodedata
  INFO root [0x000036ec] [2018-11-18 12:32:24,176] - Script::install(): is successfully, Python=(3.4.2 (default, Apr 29 2018, 15:53:05) [MSC v.1913 32 bit (Intel)])!
  INFO root [0x000036ec] [2018-11-18 12:32:24,177] - Script::install(): KBExtra is successfully!
 DEBUG root [0x000036ec] [2018-11-18 12:32:25,386] - loaded entity-script:Account(1).
 DEBUG root [0x000036ec] [2018-11-18 12:32:25,389] - loaded entity-script:CheckName(2).
 DEBUG root [0x000036ec] [2018-11-18 12:32:25,444] - loaded entity-script:Halls(3).
 DEBUG root [0x000036ec] [2018-11-18 12:32:25,464] - loaded entity-script:Room(4).
  INFO root [0x000036ec] [2018-11-18 12:32:25,464] - Baseapp::initializeEnd: started resmgr tick(60s)!
  INFO root [0x000036ec] [2018-11-18 12:32:25,565] - TelnetServer server is running on port 40000
  INFO root [0x000036ec] [2018-11-18 12:32:25,995] - ---- baseapp is running ----
 DEBUG root [0x000036ec] [2018-11-18 12:32:26,042] - Components::process(): Request for the process of identity...
  WARN root [0x000036ec] [2018-11-18 12:32:32,268] - Forwarding logs to logger[192.168.0.107:58544/0/0/0]...
 ERROR root [0x000036ec] [2018-11-18 12:33:04,050] - Components::removeComponentByChannel: logger : 2000, Abnormal exit! errorno=10054
  INFO root [0x000036ec] [2018-11-18 12:33:04,129] - The following logs sent to logger failed:
  WARN root [0x000036ec] [2018-11-18 12:33:04,129] - ==> [2018-11-18 12:33:04 027] TCPPacketReceiver::processPendingEvents(192.168.0.107:58544): Throwing REASON_GENERAL_NETWORK - WSAECONNRESET
 ERROR root [0x000036ec] [2018-11-18 12:33:04,129] - ==> [2018-11-18 12:33:04 050] Components::removeComponentByChannel: logger : 2000, Abnormal exit! errorno=10054
  INFO root [0x000036bc] [2018-11-18 12:33:25,647] - 
  INFO root [0x000036bc] [2018-11-18 12:33:25,647] - -----------------------------------------------------------------------------------------


  INFO root [0x000036bc] [2018-11-18 12:33:25,648] - Resmgr::initialize: KBE_ROOT=E:/kbengine/
  INFO root [0x000036bc] [2018-11-18 12:33:25,648] - Resmgr::initialize: KBE_RES_PATH=E:/kbengine/kbe/res/;E:/kbengine/assets/;E:/kbengine/assets/scripts/;E:/kbengine/assets/res/
  INFO root [0x000036bc] [2018-11-18 12:33:25,648] - Resmgr::initialize: KBE_BIN_PATH=E:/kbengine/kbe/bin/server/
  INFO root [0x000036bc] [2018-11-18 12:33:25,650] - NetworkInterface::initialize(EXTERNAL): bound to all interfaces with default route interface on 192.168.0.107 ( 192.168.0.107:20015 )
  INFO root [0x000036bc] [2018-11-18 12:33:25,650] - NetworkInterface::initialize(EXTERNAL): address 192.168.0.107:20015, SOMAXCONN=128.
  INFO root [0x000036bc] [2018-11-18 12:33:25,654] - NetworkInterface::initialize(INTERNAL): bound to all interfaces with default route interface on 192.168.0.107 ( 192.168.0.107:58593 )
  INFO root [0x000036bc] [2018-11-18 12:33:25,655] - NetworkInterface::initialize(INTERNAL): address 192.168.0.107:58593, SOMAXCONN=128.
  INFO root [0x000036bc] [2018-11-18 12:33:25,655] - server-configs:
  INFO root [0x000036bc] [2018-11-18 12:33:25,655] - 	gameUpdateHertz : 10
  INFO root [0x000036bc] [2018-11-18 12:33:25,655] - 	entryScriptFile : kbemain
  INFO root [0x000036bc] [2018-11-18 12:33:25,655] - 	internalAddr : 192.168.0.107:58593
  INFO root [0x000036bc] [2018-11-18 12:33:25,655] - 	externalAddr : 192.168.0.107:20015
  INFO root [0x000036bc] [2018-11-18 12:33:25,655] - 	externalCustomAddr : c.55908.3m.dkys.org
  INFO root [0x000036bc] [2018-11-18 12:33:25,655] - 	componentID : 7001
  WARN root [0x000036bc] [2018-11-18 12:33:26,157] - BundleBroadcast::BundleBroadcast: Cannot bind to port 20348, errorno=10048
  INFO root [0x000036bc] [2018-11-18 12:33:26,161] - ---- baseapp Version: 2.0.0. ScriptVersion: 0.1.0. Protocol: F9DFFB319FBADF35943ADF4D42C4718C. Config: Debug X86. Built: 15:53:31 Apr 29 2018. AppID: 7001. UID: 11679. PID: 14292 ----
  INFO root [0x000036bc] [2018-11-18 12:33:26,161] - Server : Intel(R) Xeon(R) CPU E3-1230 v3 @ 3.30GHz with 4194303kB RAM
  INFO root [0x000036bc] [2018-11-18 12:33:26,161] - ThreadPool::createThreadPool: creating  threadpool...
  INFO root [0x000036bc] [2018-11-18 12:33:26,162] - ThreadPool::createThreadPool: successfully(2), newThreadCount=1, normalMaxThreadCount=2, maxThreadCount=8
 DEBUG root [0x000036bc] [2018-11-18 12:33:26,285] - Script::install_py_dlls(): PyInit_pyexpat
 DEBUG root [0x000036bc] [2018-11-18 12:33:26,286] - Script::install_py_dlls(): PyInit__socket
 DEBUG root [0x000036bc] [2018-11-18 12:33:26,286] - Script::install_py_dlls(): PyInit__ssl
 DEBUG root [0x000036bc] [2018-11-18 12:33:26,289] - Script::install_py_dlls(): PyInit__hashlib
 DEBUG root [0x000036bc] [2018-11-18 12:33:26,289] - Script::install_py_dlls(): PyInit_select
 DEBUG root [0x000036bc] [2018-11-18 12:33:26,289] - Script::install_py_dlls(): PyInit__ctypes
 DEBUG root [0x000036bc] [2018-11-18 12:33:26,290] - Script::install_py_dlls(): PyInit__elementtree
 DEBUG root [0x000036bc] [2018-11-18 12:33:26,319] - Script::install_py_dlls(): PyInit_unicodedata
  INFO root [0x000036bc] [2018-11-18 12:33:26,347] - Script::install(): is successfully, Python=(3.4.2 (default, Apr 29 2018, 15:53:05) [MSC v.1913 32 bit (Intel)])!
  INFO root [0x000036bc] [2018-11-18 12:33:26,347] - Script::install(): KBExtra is successfully!
 DEBUG root [0x000036bc] [2018-11-18 12:33:26,368] - loaded entity-script:Account(1).
 DEBUG root [0x000036bc] [2018-11-18 12:33:26,369] - loaded entity-script:CheckName(2).
 DEBUG root [0x000036bc] [2018-11-18 12:33:26,375] - loaded entity-script:Halls(3).
 DEBUG root [0x000036bc] [2018-11-18 12:33:26,376] - loaded entity-script:Room(4).
  INFO root [0x000036bc] [2018-11-18 12:33:26,376] - Baseapp::initializeEnd: started resmgr tick(60s)!
  INFO root [0x000036bc] [2018-11-18 12:33:26,377] - TelnetServer server is running on port 40000
  INFO root [0x000036bc] [2018-11-18 12:33:26,669] - ---- baseapp is running ----
 DEBUG root [0x000036bc] [2018-11-18 12:33:26,670] - Components::process(): Request for the process of identity...
  WARN root [0x000036bc] [2018-11-18 12:33:32,745] - EntityApp::checkTickPeriod: tick took 6076% (6.08 seconds)!
  INFO root [0x000036bc] [2018-11-18 12:33:33,849] - Components::findComponents: find logger(1)...
  INFO root [0x000036bc] [2018-11-18 12:33:33,920] - Components::findComponents: found logger, addr:192.168.0.107:58590
  INFO root [0x000036bc] [2018-11-18 12:33:33,920] - Components::addComponent: reset orderLog, uid=11679!
  INFO root [0x000036bc] [2018-11-18 12:33:33,921] - Components::addComponent[logger], uid=11679, componentID=2000, globalorderid=1, grouporderid=1, totalcount=1
  INFO root [0x000036bc] [2018-11-18 12:33:33,923] - Components::findComponents: find dbmgr(2)...
  INFO root [0x000036bc] [2018-11-18 12:33:34,025] - Components::findComponents: found dbmgr, addr:192.168.0.107:58591
  INFO root [0x000036bc] [2018-11-18 12:33:34,025] - Components::addComponent: reset orderLog, uid=11679!
  INFO root [0x000036bc] [2018-11-18 12:33:34,026] - Components::addComponent[dbmgr], uid=11679, componentID=4000, globalorderid=1, grouporderid=1, totalcount=1
  INFO root [0x000036bc] [2018-11-18 12:33:34,026] - Components::findComponents: found dbmgr, addr:192.168.0.107:58591
  WARN root [0x000036bc] [2018-11-18 12:33:35,027] - Forwarding logs to logger[192.168.0.107:58590/0/0/0]...
 ERROR root [0x000036bc] [2018-11-18 23:14:28,035] - Components::removeComponentByChannel: logger : 2000, Abnormal exit! errorno=10054
  INFO root [0x000036bc] [2018-11-18 23:14:28,172] - The following logs sent to logger failed:
  WARN root [0x000036bc] [2018-11-18 23:14:28,173] - ==> [2018-11-18 23:14:27 976] TCPPacketReceiver::processPendingEvents(192.168.0.107:58590): Throwing REASON_GENERAL_NETWORK - WSAECONNRESET
 ERROR root [0x000036bc] [2018-11-18 23:14:28,174] - ==> [2018-11-18 23:14:28 035] Components::removeComponentByChannel: logger : 2000, Abnormal exit! errorno=10054
  WARN root [0x000036bc] [2018-11-18 23:14:28,174] - EntityApp::checkTickPeriod: tick took 283% (0.28 seconds)!
  WARN root [0x000036bc] [2018-11-18 23:14:28,265] - TCPPacketReceiver::processPendingEvents(192.168.0.107:58591): Throwing REASON_GENERAL_NETWORK - WSAECONNRESET
 ERROR root [0x000036bc] [2018-11-18 23:14:28,305] - Components::removeComponentByChannel: dbmgr : 4000, Abnormal exit! errorno=10054
  INFO root [0x000036bc] [2018-11-18 23:14:28,496] - Shutdowner::onShutdownBegin: shutting down(period=0, tickPeriod=1)
S_INFO root [0x000036bc] [2018-11-18 23:14:28,496] - onBaseAppShutDown: state=0
  INFO root [0x000036bc] [2018-11-18 23:14:28,496] - Shutdowner::onShutdown: shutting down
S_INFO root [0x000036bc] [2018-11-18 23:14:28,496] - onBaseAppShutDown: state=1
  INFO root [0x000036bc] [2018-11-18 23:14:28,496] - Shutdowner::onShutdownEnd: shutting down
S_INFO root [0x000036bc] [2018-11-18 23:14:28,497] - onBaseAppShutDown: state=2
 ERROR root [0x000036bc] [2018-11-18 23:14:28,564] - Account::onCellWriteToDBCompleted(2): not found dbmgr!
  WARN root [0x000036bc] [2018-11-18 23:14:28,700] - e:\kbengine\kbe\src\server\baseapp\entity.cpp:1238: Profile scriptCall took 0.14 seconds
 ERROR root [0x000036bc] [2018-11-18 23:14:28,763] - Entity::onDestroy: not found dbmgr!
 ERROR root [0x000036bc] [2018-11-18 23:14:28,763] - Account::onCellWriteToDBCompleted(5): not found dbmgr!
 ERROR root [0x000036bc] [2018-11-18 23:14:28,764] - Entity::onDestroy: not found dbmgr!
 ERROR root [0x000036bc] [2018-11-18 23:14:28,764] - Account::onCellWriteToDBCompleted(6): not found dbmgr!
 ERROR root [0x000036bc] [2018-11-18 23:14:28,765] - Entity::onDestroy: not found dbmgr!
 ERROR root [0x000036bc] [2018-11-18 23:14:28,774] - Account::onCellWriteToDBCompleted(7): not found dbmgr!
 ERROR root [0x000036bc] [2018-11-18 23:14:28,774] - Entity::onDestroy: not found dbmgr!
 ERROR root [0x000036bc] [2018-11-18 23:14:28,775] - CheckName::onCellWriteToDBCompleted(8): not found dbmgr!
 ERROR root [0x000036bc] [2018-11-18 23:14:28,775] - Entity::onDestroy: not found dbmgr!
 ERROR root [0x000036bc] [2018-11-18 23:14:28,776] - Account::onCellWriteToDBCompleted(10): not found dbmgr!
 ERROR root [0x000036bc] [2018-11-18 23:14:28,776] - Entity::onDestroy: not found dbmgr!
 DEBUG root [0x000036bc] [2018-11-18 23:14:28,776] - Account::~Account(): 6
 DEBUG root [0x000036bc] [2018-11-18 23:14:28,777] - CheckName::~CheckName(): 8
 DEBUG root [0x000036bc] [2018-11-18 23:14:28,777] - Account::~Account(): 2
 DEBUG root [0x000036bc] [2018-11-18 23:14:28,777] - Account::~Account(): 5
 DEBUG root [0x000036bc] [2018-11-18 23:14:28,777] - Room::~Room(): 3
 DEBUG root [0x000036bc] [2018-11-18 23:14:28,777] - Room::~Room(): 4
 DEBUG root [0x000036bc] [2018-11-18 23:14:28,778] - Account::~Account(): 7
 DEBUG root [0x000036bc] [2018-11-18 23:14:28,778] - Account::~Account(): 10
 DEBUG root [0x000036bc] [2018-11-18 23:14:28,778] - Room::~Room(): 9
 DEBUG root [0x000036bc] [2018-11-18 23:14:28,778] - Halls::~Halls(): 1
 DEBUG root [0x000036bc] [2018-11-18 23:14:28,794] - Script::uninstall_py_dlls(): PyInit_pyexpat
 DEBUG root [0x000036bc] [2018-11-18 23:14:28,795] - Script::uninstall_py_dlls(): PyInit__socket
 DEBUG root [0x000036bc] [2018-11-18 23:14:28,795] - Script::uninstall_py_dlls(): PyInit__ssl
 DEBUG root [0x000036bc] [2018-11-18 23:14:28,795] - Script::uninstall_py_dlls(): PyInit__hashlib
 DEBUG root [0x000036bc] [2018-11-18 23:14:28,795] - Script::uninstall_py_dlls(): PyInit_select
 DEBUG root [0x000036bc] [2018-11-18 23:14:28,795] - Script::uninstall_py_dlls(): PyInit__ctypes
 DEBUG root [0x000036bc] [2018-11-18 23:14:28,795] - Script::uninstall_py_dlls(): PyInit__elementtree
 DEBUG root [0x000036bc] [2018-11-18 23:14:28,795] - Script::uninstall_py_dlls(): PyInit_unicodedata
  INFO root [0x000036bc] [2018-11-18 23:14:28,807] - Script::uninstall(): is successfully!
 DEBUG root [0x000036bc] [2018-11-18 23:14:28,807] - ThreadPool::destroy(): starting size 2.
  INFO root [0x00002300] [2018-11-18 23:14:31,729] - 
  INFO root [0x00002300] [2018-11-18 23:14:31,729] - -----------------------------------------------------------------------------------------


  INFO root [0x00002300] [2018-11-18 23:14:31,730] - Resmgr::initialize: KBE_ROOT=E:/kbengine/
  INFO root [0x00002300] [2018-11-18 23:14:31,730] - Resmgr::initialize: KBE_RES_PATH=E:/kbengine/kbe/res/;E:/kbengine/assets/;E:/kbengine/assets/scripts/;E:/kbengine/assets/res/
  INFO root [0x00002300] [2018-11-18 23:14:31,730] - Resmgr::initialize: KBE_BIN_PATH=E:/kbengine/kbe/bin/server/
  INFO root [0x00002300] [2018-11-18 23:14:31,736] - NetworkInterface::initialize(EXTERNAL): bound to all interfaces with default route interface on 192.168.0.107 ( 192.168.0.107:20015 )
  INFO root [0x00002300] [2018-11-18 23:14:31,736] - NetworkInterface::initialize(EXTERNAL): address 192.168.0.107:20015, SOMAXCONN=128.
  INFO root [0x00002300] [2018-11-18 23:14:31,737] - NetworkInterface::initialize(INTERNAL): bound to all interfaces with default route interface on 192.168.0.107 ( 192.168.0.107:49851 )
  INFO root [0x00002300] [2018-11-18 23:14:31,737] - NetworkInterface::initialize(INTERNAL): address 192.168.0.107:49851, SOMAXCONN=128.
  INFO root [0x00002300] [2018-11-18 23:14:31,737] - server-configs:
  INFO root [0x00002300] [2018-11-18 23:14:31,738] - 	gameUpdateHertz : 10
  INFO root [0x00002300] [2018-11-18 23:14:31,738] - 	entryScriptFile : kbemain
  INFO root [0x00002300] [2018-11-18 23:14:31,738] - 	internalAddr : 192.168.0.107:49851
  INFO root [0x00002300] [2018-11-18 23:14:31,738] - 	externalAddr : 192.168.0.107:20015
  INFO root [0x00002300] [2018-11-18 23:14:31,738] - 	externalCustomAddr : c.55908.3m.dkys.org
  INFO root [0x00002300] [2018-11-18 23:14:31,738] - 	componentID : 7001
  INFO root [0x00002300] [2018-11-18 23:14:32,149] - Components::findLogger: found logger, addr:192.168.0.107:49846
  INFO root [0x00002300] [2018-11-18 23:14:32,150] - Components::addComponent: reset orderLog, uid=6215!
  INFO root [0x00002300] [2018-11-18 23:14:32,150] - Components::addComponent[logger], uid=6215, componentID=2000, globalorderid=1, grouporderid=1, totalcount=1
  INFO root [0x00002300] [2018-11-18 23:14:32,154] - ---- baseapp Version: 2.0.0. ScriptVersion: 0.1.0. Protocol: F9DFFB319FBADF35943ADF4D42C4718C. Config: Debug X86. Built: 15:53:31 Apr 29 2018. AppID: 7001. UID: 6215. PID: 16100 ----
  INFO root [0x00002300] [2018-11-18 23:14:32,154] - Server : Intel(R) Xeon(R) CPU E3-1230 v3 @ 3.30GHz with 4194303kB RAM
  INFO root [0x00002300] [2018-11-18 23:14:32,154] - ThreadPool::createThreadPool: creating  threadpool...
  INFO root [0x00002300] [2018-11-18 23:14:32,155] - ThreadPool::createThreadPool: successfully(2), newThreadCount=1, normalMaxThreadCount=2, maxThreadCount=8
 DEBUG root [0x00002300] [2018-11-18 23:14:32,281] - Script::install_py_dlls(): PyInit_pyexpat
 DEBUG root [0x00002300] [2018-11-18 23:14:32,281] - Script::install_py_dlls(): PyInit__socket
 DEBUG root [0x00002300] [2018-11-18 23:14:32,282] - Script::install_py_dlls(): PyInit__ssl
 DEBUG root [0x00002300] [2018-11-18 23:14:32,285] - Script::install_py_dlls(): PyInit__hashlib
 DEBUG root [0x00002300] [2018-11-18 23:14:32,285] - Script::install_py_dlls(): PyInit_select
 DEBUG root [0x00002300] [2018-11-18 23:14:32,285] - Script::install_py_dlls(): PyInit__ctypes
 DEBUG root [0x00002300] [2018-11-18 23:14:32,286] - Script::install_py_dlls(): PyInit__elementtree
 DEBUG root [0x00002300] [2018-11-18 23:14:32,316] - Script::install_py_dlls(): PyInit_unicodedata
  INFO root [0x00002300] [2018-11-18 23:14:32,346] - Script::install(): is successfully, Python=(3.4.2 (default, Apr 29 2018, 15:53:05) [MSC v.1913 32 bit (Intel)])!
  INFO root [0x00002300] [2018-11-18 23:14:32,346] - Script::install(): KBExtra is successfully!
 DEBUG root [0x00002300] [2018-11-18 23:14:32,394] - loaded entity-script:Account(1).
 DEBUG root [0x00002300] [2018-11-18 23:14:32,395] - loaded entity-script:CheckName(2).
 DEBUG root [0x00002300] [2018-11-18 23:14:32,401] - loaded entity-script:Halls(3).
 DEBUG root [0x00002300] [2018-11-18 23:14:32,402] - loaded entity-script:Room(4).
  INFO root [0x00002300] [2018-11-18 23:14:32,402] - Baseapp::initializeEnd: started resmgr tick(60s)!
  INFO root [0x00002300] [2018-11-18 23:14:32,403] - TelnetServer server is running on port 40000
  INFO root [0x00002300] [2018-11-18 23:14:32,702] - ---- baseapp is running ----
 DEBUG root [0x00002300] [2018-11-18 23:14:32,703] - Components::process(): Request for the process of identity...
  WARN root [0x00002300] [2018-11-18 23:14:38,777] - Forwarding logs to logger[192.168.0.107:49846/0/0/0]...
