  INFO root [0x000011ac] [2018-11-08 22:30:41,831] - 
  INFO root [0x000011ac] [2018-11-08 22:30:42,227] - -----------------------------------------------------------------------------------------


  INFO root [0x000011ac] [2018-11-08 22:30:43,580] - Resmgr::initialize: KBE_ROOT=E:/kbengine/
  INFO root [0x000011ac] [2018-11-08 22:30:43,581] - Resmgr::initialize: KBE_RES_PATH=E:/kbengine/kbe/res/;E:/kbengine/assets/;E:/kbengine/assets/scripts/;E:/kbengine/assets/res/
  INFO root [0x000011ac] [2018-11-08 22:30:43,582] - Resmgr::initialize: KBE_BIN_PATH=E:/kbengine/kbe/bin/server/
  INFO root [0x000011ac] [2018-11-08 22:30:44,475] - NetworkInterface::initialize(EXTERNAL): bound to all interfaces with default route interface on 192.168.0.107 ( 192.168.0.107:20015 )
  INFO root [0x000011ac] [2018-11-08 22:30:44,554] - NetworkInterface::initialize(EXTERNAL): address 192.168.0.107:20015, SOMAXCONN=128.
  INFO root [0x000011ac] [2018-11-08 22:30:44,558] - NetworkInterface::initialize(INTERNAL): bound to all interfaces with default route interface on 192.168.0.107 ( 192.168.0.107:49843 )
  INFO root [0x000011ac] [2018-11-08 22:30:44,559] - NetworkInterface::initialize(INTERNAL): address 192.168.0.107:49843, SOMAXCONN=128.
  INFO root [0x000011ac] [2018-11-08 22:30:44,559] - server-configs:
  INFO root [0x000011ac] [2018-11-08 22:30:44,560] - 	gameUpdateHertz : 10
  INFO root [0x000011ac] [2018-11-08 22:30:44,560] - 	entryScriptFile : kbemain
  INFO root [0x000011ac] [2018-11-08 22:30:44,561] - 	internalAddr : 192.168.0.107:49843
  INFO root [0x000011ac] [2018-11-08 22:30:44,561] - 	externalAddr : 192.168.0.107:20015
  INFO root [0x000011ac] [2018-11-08 22:30:44,561] - 	externalCustomAddr : c.55908.3m.dkys.org
  INFO root [0x000011ac] [2018-11-08 22:30:44,562] - 	componentID : 7001
  INFO root [0x000011ac] [2018-11-08 22:30:45,554] - ---- baseapp Version: 2.0.0. ScriptVersion: 0.1.0. Protocol: F9DFFB319FBADF35943ADF4D42C4718C. Config: Debug X86. Built: 15:53:31 Apr 29 2018. AppID: 7001. UID: 26874. PID: 3780 ----
  INFO root [0x000011ac] [2018-11-08 22:30:45,555] - Server : Intel(R) Xeon(R) CPU E3-1230 v3 @ 3.30GHz with 4194303kB RAM
  INFO root [0x000011ac] [2018-11-08 22:30:45,598] - ThreadPool::createThreadPool: creating  threadpool...
  INFO root [0x000011ac] [2018-11-08 22:30:45,701] - ThreadPool::createThreadPool: successfully(2), newThreadCount=1, normalMaxThreadCount=2, maxThreadCount=8
 DEBUG root [0x000011ac] [2018-11-08 22:30:55,517] - Script::install_py_dlls(): PyInit_pyexpat
 DEBUG root [0x000011ac] [2018-11-08 22:30:55,550] - Script::install_py_dlls(): PyInit__socket
 DEBUG root [0x000011ac] [2018-11-08 22:30:55,614] - Script::install_py_dlls(): PyInit__ssl
 DEBUG root [0x000011ac] [2018-11-08 22:30:56,444] - Script::install_py_dlls(): PyInit__hashlib
 DEBUG root [0x000011ac] [2018-11-08 22:30:56,589] - Script::install_py_dlls(): PyInit_select
 DEBUG root [0x000011ac] [2018-11-08 22:30:57,439] - Script::install_py_dlls(): PyInit__ctypes
 DEBUG root [0x000011ac] [2018-11-08 22:30:57,522] - Script::install_py_dlls(): PyInit__elementtree
 DEBUG root [0x000011ac] [2018-11-08 22:30:58,661] - Script::install_py_dlls(): PyInit_unicodedata
  INFO root [0x000011ac] [2018-11-08 22:31:00,957] - Script::install(): is successfully, Python=(3.4.2 (default, Apr 29 2018, 15:53:05) [MSC v.1913 32 bit (Intel)])!
  INFO root [0x000011ac] [2018-11-08 22:31:00,958] - Script::install(): KBExtra is successfully!
 DEBUG root [0x000011ac] [2018-11-08 22:31:03,642] - loaded entity-script:Account(1).
 DEBUG root [0x000011ac] [2018-11-08 22:31:03,671] - loaded entity-script:CheckName(2).
 DEBUG root [0x000011ac] [2018-11-08 22:31:04,144] - loaded entity-script:Halls(3).
 DEBUG root [0x000011ac] [2018-11-08 22:31:04,254] - loaded entity-script:Room(4).
  INFO root [0x000011ac] [2018-11-08 22:31:04,255] - Baseapp::initializeEnd: started resmgr tick(60s)!
  INFO root [0x000011ac] [2018-11-08 22:31:04,431] - TelnetServer server is running on port 40000
  INFO root [0x000011ac] [2018-11-08 22:31:05,022] - ---- baseapp is running ----
 DEBUG root [0x000011ac] [2018-11-08 22:31:05,146] - Components::process(): Request for the process of identity...
  WARN root [0x000011ac] [2018-11-08 22:31:11,424] - EntityApp::checkTickPeriod: tick took 6400% (6.40 seconds)!
  INFO root [0x000011ac] [2018-11-08 22:31:12,477] - Components::findComponents: find logger(1)...
  INFO root [0x000011ac] [2018-11-08 22:31:12,508] - Components::findComponents: found logger, addr:192.168.0.107:49838
  INFO root [0x000011ac] [2018-11-08 22:31:12,509] - Components::addComponent: reset orderLog, uid=26874!
  INFO root [0x000011ac] [2018-11-08 22:31:12,509] - Components::addComponent[logger], uid=26874, componentID=2000, globalorderid=1, grouporderid=1, totalcount=1
  INFO root [0x000011ac] [2018-11-08 22:31:12,511] - Components::findComponents: find dbmgr(2)...
  INFO root [0x000011ac] [2018-11-08 22:31:12,612] - Components::findComponents: found dbmgr, addr:192.168.0.107:49840
  INFO root [0x000011ac] [2018-11-08 22:31:12,613] - Components::addComponent: reset orderLog, uid=26874!
  INFO root [0x000011ac] [2018-11-08 22:31:12,613] - Components::addComponent[dbmgr], uid=26874, componentID=4000, globalorderid=1, grouporderid=1, totalcount=1
  INFO root [0x000011ac] [2018-11-08 22:31:12,613] - Components::findComponents: found dbmgr, addr:192.168.0.107:49840
  WARN root [0x000011ac] [2018-11-08 22:31:13,614] - Forwarding logs to logger[192.168.0.107:49838/0/0/0]...
 ERROR root [0x000011ac] [2018-11-08 23:07:12,927] - Components::removeComponentByChannel: logger : 2000, Abnormal exit! errorno=10054
  INFO root [0x000011ac] [2018-11-08 23:07:12,930] - The following logs sent to logger failed:
  WARN root [0x000011ac] [2018-11-08 23:07:12,930] - ==> [2018-11-08 23:07:12 926] TCPPacketReceiver::processPendingEvents(192.168.0.107:49838): Throwing REASON_GENERAL_NETWORK - WSAECONNRESET
 ERROR root [0x000011ac] [2018-11-08 23:07:12,931] - ==> [2018-11-08 23:07:12 927] Components::removeComponentByChannel: logger : 2000, Abnormal exit! errorno=10054
  WARN root [0x000011ac] [2018-11-08 23:07:12,970] - TCPPacketReceiver::processPendingEvents(192.168.0.107:49840): Throwing REASON_GENERAL_NETWORK - WSAECONNRESET
 ERROR root [0x000011ac] [2018-11-08 23:07:12,971] - Components::removeComponentByChannel: dbmgr : 4000, Abnormal exit! errorno=10054
  INFO root [0x000011ac] [2018-11-08 23:07:13,043] - Shutdowner::onShutdownBegin: shutting down(period=0, tickPeriod=1)
S_INFO root [0x000011ac] [2018-11-08 23:07:13,043] - onBaseAppShutDown: state=0
  INFO root [0x000011ac] [2018-11-08 23:07:13,043] - Shutdowner::onShutdown: shutting down
S_INFO root [0x000011ac] [2018-11-08 23:07:13,043] - onBaseAppShutDown: state=1
  INFO root [0x000011ac] [2018-11-08 23:07:13,043] - Shutdowner::onShutdownEnd: shutting down
S_INFO root [0x000011ac] [2018-11-08 23:07:13,043] - onBaseAppShutDown: state=2
 ERROR root [0x000011ac] [2018-11-08 23:07:13,077] - Account::onCellWriteToDBCompleted(2): not found dbmgr!
 ERROR root [0x000011ac] [2018-11-08 23:07:13,078] - Entity::onDestroy: not found dbmgr!
 ERROR root [0x000011ac] [2018-11-08 23:07:13,078] - Account::onCellWriteToDBCompleted(4): not found dbmgr!
 ERROR root [0x000011ac] [2018-11-08 23:07:13,079] - Entity::onDestroy: not found dbmgr!
 ERROR root [0x000011ac] [2018-11-08 23:07:13,079] - Account::onCellWriteToDBCompleted(5): not found dbmgr!
 ERROR root [0x000011ac] [2018-11-08 23:07:13,080] - Entity::onDestroy: not found dbmgr!
 ERROR root [0x000011ac] [2018-11-08 23:07:13,080] - CheckName::onCellWriteToDBCompleted(6): not found dbmgr!
 ERROR root [0x000011ac] [2018-11-08 23:07:13,080] - Entity::onDestroy: not found dbmgr!
 ERROR root [0x000011ac] [2018-11-08 23:07:13,081] - Account::onCellWriteToDBCompleted(7): not found dbmgr!
 ERROR root [0x000011ac] [2018-11-08 23:07:13,081] - Entity::onDestroy: not found dbmgr!
 DEBUG root [0x000011ac] [2018-11-08 23:07:13,081] - Account::~Account(): 4
 DEBUG root [0x000011ac] [2018-11-08 23:07:13,081] - Account::~Account(): 5
 DEBUG root [0x000011ac] [2018-11-08 23:07:13,081] - CheckName::~CheckName(): 6
 DEBUG root [0x000011ac] [2018-11-08 23:07:13,082] - Account::~Account(): 2
 DEBUG root [0x000011ac] [2018-11-08 23:07:13,082] - Account::~Account(): 7
 DEBUG root [0x000011ac] [2018-11-08 23:07:13,082] - Room::~Room(): 3
 DEBUG root [0x000011ac] [2018-11-08 23:07:13,082] - Halls::~Halls(): 1
  INFO root [0x00001d3c] [2018-11-08 23:07:14,102] - 
  INFO root [0x00001d3c] [2018-11-08 23:07:14,102] - -----------------------------------------------------------------------------------------


  INFO root [0x00001d3c] [2018-11-08 23:07:14,103] - Resmgr::initialize: KBE_ROOT=E:/kbengine/
  INFO root [0x00001d3c] [2018-11-08 23:07:14,103] - Resmgr::initialize: KBE_RES_PATH=E:/kbengine/kbe/res/;E:/kbengine/assets/;E:/kbengine/assets/scripts/;E:/kbengine/assets/res/
  INFO root [0x00001d3c] [2018-11-08 23:07:14,103] - Resmgr::initialize: KBE_BIN_PATH=E:/kbengine/kbe/bin/server/
  INFO root [0x00001d3c] [2018-11-08 23:07:14,105] - NetworkInterface::initialize(EXTERNAL): bound to all interfaces with default route interface on 192.168.0.107 ( 192.168.0.107:20015 )
  INFO root [0x00001d3c] [2018-11-08 23:07:14,105] - NetworkInterface::initialize(EXTERNAL): address 192.168.0.107:20015, SOMAXCONN=128.
  INFO root [0x00001d3c] [2018-11-08 23:07:14,106] - NetworkInterface::initialize(INTERNAL): bound to all interfaces with default route interface on 192.168.0.107 ( 192.168.0.107:50180 )
  INFO root [0x00001d3c] [2018-11-08 23:07:14,107] - NetworkInterface::initialize(INTERNAL): address 192.168.0.107:50180, SOMAXCONN=128.
  INFO root [0x00001d3c] [2018-11-08 23:07:14,107] - server-configs:
  INFO root [0x00001d3c] [2018-11-08 23:07:14,107] - 	gameUpdateHertz : 10
  INFO root [0x00001d3c] [2018-11-08 23:07:14,107] - 	entryScriptFile : kbemain
  INFO root [0x00001d3c] [2018-11-08 23:07:14,107] - 	internalAddr : 192.168.0.107:50180
  INFO root [0x00001d3c] [2018-11-08 23:07:14,107] - 	externalAddr : 192.168.0.107:20015
  INFO root [0x00001d3c] [2018-11-08 23:07:14,107] - 	externalCustomAddr : c.55908.3m.dkys.org
  INFO root [0x00001d3c] [2018-11-08 23:07:14,107] - 	componentID : 7001
  WARN root [0x00001d3c] [2018-11-08 23:07:14,607] - BundleBroadcast::BundleBroadcast: Cannot bind to port 20189, errorno=10048
  INFO root [0x00001d3c] [2018-11-08 23:07:14,613] - ---- baseapp Version: 2.0.0. ScriptVersion: 0.1.0. Protocol: F9DFFB319FBADF35943ADF4D42C4718C. Config: Debug X86. Built: 15:53:31 Apr 29 2018. AppID: 7001. UID: 1382. PID: 4844 ----
  INFO root [0x00001d3c] [2018-11-08 23:07:14,614] - Server : Intel(R) Xeon(R) CPU E3-1230 v3 @ 3.30GHz with 4194303kB RAM
  INFO root [0x00001d3c] [2018-11-08 23:07:14,614] - ThreadPool::createThreadPool: creating  threadpool...
  INFO root [0x00001d3c] [2018-11-08 23:07:14,614] - ThreadPool::createThreadPool: successfully(2), newThreadCount=1, normalMaxThreadCount=2, maxThreadCount=8
 DEBUG root [0x00001d3c] [2018-11-08 23:07:14,736] - Script::install_py_dlls(): PyInit_pyexpat
 DEBUG root [0x00001d3c] [2018-11-08 23:07:14,736] - Script::install_py_dlls(): PyInit__socket
 DEBUG root [0x00001d3c] [2018-11-08 23:07:14,737] - Script::install_py_dlls(): PyInit__ssl
 DEBUG root [0x00001d3c] [2018-11-08 23:07:14,740] - Script::install_py_dlls(): PyInit__hashlib
 DEBUG root [0x00001d3c] [2018-11-08 23:07:14,740] - Script::install_py_dlls(): PyInit_select
 DEBUG root [0x00001d3c] [2018-11-08 23:07:14,740] - Script::install_py_dlls(): PyInit__ctypes
 DEBUG root [0x00001d3c] [2018-11-08 23:07:14,741] - Script::install_py_dlls(): PyInit__elementtree
 DEBUG root [0x00001d3c] [2018-11-08 23:07:14,767] - Script::install_py_dlls(): PyInit_unicodedata
  INFO root [0x00001d3c] [2018-11-08 23:07:14,794] - Script::install(): is successfully, Python=(3.4.2 (default, Apr 29 2018, 15:53:05) [MSC v.1913 32 bit (Intel)])!
  INFO root [0x00001d3c] [2018-11-08 23:07:14,794] - Script::install(): KBExtra is successfully!
 DEBUG root [0x00001d3c] [2018-11-08 23:07:14,813] - loaded entity-script:Account(1).
 DEBUG root [0x00001d3c] [2018-11-08 23:07:14,814] - loaded entity-script:CheckName(2).
 DEBUG root [0x00001d3c] [2018-11-08 23:07:14,819] - loaded entity-script:Halls(3).
 DEBUG root [0x00001d3c] [2018-11-08 23:07:14,820] - loaded entity-script:Room(4).
  INFO root [0x00001d3c] [2018-11-08 23:07:14,821] - Baseapp::initializeEnd: started resmgr tick(60s)!
  INFO root [0x00001d3c] [2018-11-08 23:07:14,821] - TelnetServer server is running on port 40000
  INFO root [0x00001d3c] [2018-11-08 23:07:15,094] - ---- baseapp is running ----
 DEBUG root [0x00001d3c] [2018-11-08 23:07:15,094] - Components::process(): Request for the process of identity...
  WARN root [0x00001d3c] [2018-11-08 23:07:21,201] - EntityApp::checkTickPeriod: tick took 6106% (6.11 seconds)!
  INFO root [0x00001d3c] [2018-11-08 23:07:22,295] - Components::findComponents: find logger(1)...
  INFO root [0x00001d3c] [2018-11-08 23:07:22,388] - Components::findComponents: found logger, addr:192.168.0.107:50175
  INFO root [0x00001d3c] [2018-11-08 23:07:22,388] - Components::addComponent: reset orderLog, uid=1382!
  INFO root [0x00001d3c] [2018-11-08 23:07:22,389] - Components::addComponent[logger], uid=1382, componentID=2000, globalorderid=1, grouporderid=1, totalcount=1
  INFO root [0x00001d3c] [2018-11-08 23:07:22,391] - Components::findComponents: find dbmgr(2)...
  INFO root [0x00001d3c] [2018-11-08 23:07:22,492] - Components::findComponents: found dbmgr, addr:192.168.0.107:50177
  INFO root [0x00001d3c] [2018-11-08 23:07:22,493] - Components::addComponent: reset orderLog, uid=1382!
  INFO root [0x00001d3c] [2018-11-08 23:07:22,494] - Components::addComponent[dbmgr], uid=1382, componentID=4000, globalorderid=1, grouporderid=1, totalcount=1
  INFO root [0x00001d3c] [2018-11-08 23:07:22,494] - Components::findComponents: found dbmgr, addr:192.168.0.107:50177
  WARN root [0x00001d3c] [2018-11-08 23:07:23,494] - EntityApp::checkTickPeriod: tick took 1299% (1.30 seconds)!
  WARN root [0x00001d3c] [2018-11-08 23:07:23,496] - Forwarding logs to logger[192.168.0.107:50175/0/0/0]...
