  INFO root [0x00001880] [2018-07-21 10:11:58,528] - 
  INFO root [0x000018a0] [2018-07-21 10:11:58,528] - 
  INFO root [0x00001880] [2018-07-21 10:11:58,552] - -----------------------------------------------------------------------------------------


  INFO root [0x000018a0] [2018-07-21 10:11:58,552] - -----------------------------------------------------------------------------------------


  INFO root [0x000018a0] [2018-07-21 10:11:59,819] - Resmgr::initialize: KBE_ROOT=E:/kbengine/
  INFO root [0x00001880] [2018-07-21 10:11:59,819] - Resmgr::initialize: KBE_ROOT=E:/kbengine/
  INFO root [0x000018a0] [2018-07-21 10:11:59,820] - Resmgr::initialize: KBE_RES_PATH=E:/kbengine/kbe/res/;E:/kbengine/assets/;E:/kbengine/assets/scripts/;E:/kbengine/assets/res/
  INFO root [0x00001880] [2018-07-21 10:11:59,821] - Resmgr::initialize: KBE_RES_PATH=E:/kbengine/kbe/res/;E:/kbengine/assets/;E:/kbengine/assets/scripts/;E:/kbengine/assets/res/
  INFO root [0x000018a0] [2018-07-21 10:11:59,821] - Resmgr::initialize: KBE_BIN_PATH=E:/kbengine/kbe/bin/server/
  INFO root [0x00001880] [2018-07-21 10:11:59,821] - Resmgr::initialize: KBE_BIN_PATH=E:/kbengine/kbe/bin/server/
  INFO root [0x00001880] [2018-07-21 10:11:59,997] - NetworkInterface::initialize(EXTERNAL): bound to all interfaces with default route interface on 192.168.0.106 ( 192.168.0.106:20015 )
  INFO root [0x000018a0] [2018-07-21 10:11:59,997] - NetworkInterface::initialize(EXTERNAL): bound to all interfaces with default route interface on 192.168.0.106 ( 192.168.0.106:20016 )
  INFO root [0x00001880] [2018-07-21 10:12:00,001] - NetworkInterface::initialize(EXTERNAL): address 192.168.0.106:20015, SOMAXCONN=128.
  INFO root [0x000018a0] [2018-07-21 10:12:00,001] - NetworkInterface::initialize(EXTERNAL): address 192.168.0.106:20016, SOMAXCONN=128.
  INFO root [0x00001880] [2018-07-21 10:12:00,002] - NetworkInterface::initialize(INTERNAL): bound to all interfaces with default route interface on 192.168.0.106 ( 192.168.0.106:49794 )
  INFO root [0x000018a0] [2018-07-21 10:12:00,002] - NetworkInterface::initialize(INTERNAL): bound to all interfaces with default route interface on 192.168.0.106 ( 192.168.0.106:49795 )
  INFO root [0x00001880] [2018-07-21 10:12:00,003] - NetworkInterface::initialize(INTERNAL): address 192.168.0.106:49794, SOMAXCONN=128.
  INFO root [0x000018a0] [2018-07-21 10:12:00,003] - NetworkInterface::initialize(INTERNAL): address 192.168.0.106:49795, SOMAXCONN=128.
  INFO root [0x00001880] [2018-07-21 10:12:00,003] - server-configs:
  INFO root [0x000018a0] [2018-07-21 10:12:00,003] - server-configs:
  INFO root [0x00001880] [2018-07-21 10:12:00,003] - 	gameUpdateHertz : 10
  INFO root [0x000018a0] [2018-07-21 10:12:00,003] - 	gameUpdateHertz : 10
  INFO root [0x00001880] [2018-07-21 10:12:00,003] - 	entryScriptFile : kbemain
  INFO root [0x000018a0] [2018-07-21 10:12:00,003] - 	entryScriptFile : kbemain
  INFO root [0x00001880] [2018-07-21 10:12:00,003] - 	internalAddr : 192.168.0.106:49794
  INFO root [0x000018a0] [2018-07-21 10:12:00,003] - 	internalAddr : 192.168.0.106:49795
  INFO root [0x00001880] [2018-07-21 10:12:00,003] - 	externalAddr : 192.168.0.106:20015
  INFO root [0x000018a0] [2018-07-21 10:12:00,003] - 	externalAddr : 192.168.0.106:20016
  INFO root [0x00001880] [2018-07-21 10:12:00,003] - 	componentID : 7001
  INFO root [0x000018a0] [2018-07-21 10:12:00,003] - 	componentID : 7001
  INFO root [0x00001880] [2018-07-21 10:12:00,299] - Components::findLogger: found logger, addr:192.168.0.106:49773
  INFO root [0x00001880] [2018-07-21 10:12:00,299] - Components::addComponent: reset orderLog, uid=8476!
  INFO root [0x00001880] [2018-07-21 10:12:00,299] - Components::addComponent[logger], uid=8476, componentID=2000, globalorderid=1, grouporderid=1, totalcount=1
  INFO root [0x00001880] [2018-07-21 10:12:00,332] - ---- baseapp Version: 2.0.0. ScriptVersion: 0.1.0. Protocol: F9DFFB319FBADF35943ADF4D42C4718C. Config: Debug X86. Built: 15:53:31 Apr 29 2018. AppID: 7001. UID: 8476. PID: 6228 ----
  INFO root [0x00001880] [2018-07-21 10:12:00,333] - Server : Intel(R) Xeon(R) CPU E3-1230 v3 @ 3.30GHz with 4194303kB RAM
  INFO root [0x00001880] [2018-07-21 10:12:00,333] - ThreadPool::createThreadPool: creating  threadpool...
  INFO root [0x00001880] [2018-07-21 10:12:00,334] - ThreadPool::createThreadPool: successfully(2), newThreadCount=1, normalMaxThreadCount=2, maxThreadCount=8
  INFO root [0x000018a0] [2018-07-21 10:12:00,421] - ---- baseapp Version: 2.0.0. ScriptVersion: 0.1.0. Protocol: F9DFFB319FBADF35943ADF4D42C4718C. Config: Debug X86. Built: 15:53:31 Apr 29 2018. AppID: 7001. UID: 8450. PID: 6224 ----
  INFO root [0x000018a0] [2018-07-21 10:12:00,422] - Server : Intel(R) Xeon(R) CPU E3-1230 v3 @ 3.30GHz with 4194303kB RAM
  INFO root [0x000018a0] [2018-07-21 10:12:00,423] - ThreadPool::createThreadPool: creating  threadpool...
  INFO root [0x000018a0] [2018-07-21 10:12:00,424] - ThreadPool::createThreadPool: successfully(2), newThreadCount=1, normalMaxThreadCount=2, maxThreadCount=8
 DEBUG root [0x00001880] [2018-07-21 10:12:00,873] - Script::install_py_dlls(): PyInit_pyexpat
 DEBUG root [0x000018a0] [2018-07-21 10:12:00,873] - Script::install_py_dlls(): PyInit_pyexpat
 DEBUG root [0x000018a0] [2018-07-21 10:12:00,880] - Script::install_py_dlls(): PyInit__socket
 DEBUG root [0x00001880] [2018-07-21 10:12:00,880] - Script::install_py_dlls(): PyInit__socket
 DEBUG root [0x000018a0] [2018-07-21 10:12:00,895] - Script::install_py_dlls(): PyInit__ssl
 DEBUG root [0x00001880] [2018-07-21 10:12:00,895] - Script::install_py_dlls(): PyInit__ssl
 DEBUG root [0x000018a0] [2018-07-21 10:12:01,039] - Script::install_py_dlls(): PyInit__hashlib
 DEBUG root [0x00001880] [2018-07-21 10:12:01,039] - Script::install_py_dlls(): PyInit__hashlib
 DEBUG root [0x000018a0] [2018-07-21 10:12:01,044] - Script::install_py_dlls(): PyInit_select
 DEBUG root [0x00001880] [2018-07-21 10:12:01,044] - Script::install_py_dlls(): PyInit_select
 DEBUG root [0x000018a0] [2018-07-21 10:12:01,045] - Script::install_py_dlls(): PyInit__ctypes
 DEBUG root [0x00001880] [2018-07-21 10:12:01,045] - Script::install_py_dlls(): PyInit__ctypes
 DEBUG root [0x00001880] [2018-07-21 10:12:01,051] - Script::install_py_dlls(): PyInit__elementtree
 DEBUG root [0x000018a0] [2018-07-21 10:12:01,051] - Script::install_py_dlls(): PyInit__elementtree
 DEBUG root [0x00001880] [2018-07-21 10:12:01,110] - Script::install_py_dlls(): PyInit_unicodedata
 DEBUG root [0x000018a0] [2018-07-21 10:12:01,110] - Script::install_py_dlls(): PyInit_unicodedata
  INFO root [0x00001880] [2018-07-21 10:12:01,220] - Script::install(): is successfully, Python=(3.4.2 (default, Apr 29 2018, 15:53:05) [MSC v.1913 32 bit (Intel)])!
  INFO root [0x000018a0] [2018-07-21 10:12:01,220] - Script::install(): is successfully, Python=(3.4.2 (default, Apr 29 2018, 15:53:05) [MSC v.1913 32 bit (Intel)])!
  INFO root [0x00001880] [2018-07-21 10:12:01,220] - Script::install(): KBExtra is successfully!
  INFO root [0x000018a0] [2018-07-21 10:12:01,220] - Script::install(): KBExtra is successfully!
 DEBUG root [0x00001880] [2018-07-21 10:12:01,332] - loaded entity-script:Account(1).
 DEBUG root [0x000018a0] [2018-07-21 10:12:01,332] - loaded entity-script:Account(1).
 DEBUG root [0x00001880] [2018-07-21 10:12:01,333] - loaded entity-script:CheckName(2).
 DEBUG root [0x000018a0] [2018-07-21 10:12:01,333] - loaded entity-script:CheckName(2).
 DEBUG root [0x00001880] [2018-07-21 10:12:01,483] - loaded entity-script:Halls(3).
 DEBUG root [0x000018a0] [2018-07-21 10:12:01,483] - loaded entity-script:Halls(3).
 DEBUG root [0x00001880] [2018-07-21 10:12:01,511] - loaded entity-script:Room(4).
 DEBUG root [0x000018a0] [2018-07-21 10:12:01,511] - loaded entity-script:Room(4).
  INFO root [0x00001880] [2018-07-21 10:12:01,511] - Baseapp::initializeEnd: started resmgr tick(60s)!
  INFO root [0x000018a0] [2018-07-21 10:12:01,512] - Baseapp::initializeEnd: started resmgr tick(60s)!
  INFO root [0x00001880] [2018-07-21 10:12:01,536] - TelnetServer server is running on port 40000
  INFO root [0x000018a0] [2018-07-21 10:12:01,537] - TelnetServer server is running on port 40001
  INFO root [0x00001880] [2018-07-21 10:12:01,909] - ---- baseapp is running ----
  INFO root [0x000018a0] [2018-07-21 10:12:01,909] - ---- baseapp is running ----
 DEBUG root [0x000018a0] [2018-07-21 10:12:01,909] - Components::process(): Request for the process of identity...
 DEBUG root [0x00001880] [2018-07-21 10:12:01,909] - Components::process(): Request for the process of identity...
  WARN root [0x00001880] [2018-07-21 10:12:02,219] - BundleBroadcast::BundleBroadcast: Cannot bind to port 20105, errorno=10048
 ERROR root [0x000018a0] [2018-07-21 10:12:05,044] - Components::process: found baseapp, addr:192.168.0.106:49794
 ERROR root [0x000018a0] [2018-07-21 10:12:05,046] - ServerApp::onIdentityillegal: The current process and baseapp(componentID=7001 ->conflicted???, pid=6228, addr=192.168.0.106) conflict, the process will exit!
Can modify the components-CID and UID to avoid conflict.
  INFO root [0x000018a0] [2018-07-21 10:12:05,060] - Shutdowner::onShutdownBegin: shutting down(period=1, tickPeriod=1)
S_INFO root [0x000018a0] [2018-07-21 10:12:05,097] - onBaseAppShutDown: state=0
  WARN root [0x000018a0] [2018-07-21 10:12:05,117] - EntityApp::checkTickPeriod: tick took 3207% (3.21 seconds)!
  INFO root [0x000018a0] [2018-07-21 10:12:06,061] - Shutdowner::onShutdown: shutting down
S_INFO root [0x000018a0] [2018-07-21 10:12:06,061] - onBaseAppShutDown: state=1
S_INFO root [0x000018a0] [2018-07-21 10:12:07,063] - onReadyForShutDown()
  INFO root [0x000018a0] [2018-07-21 10:12:07,064] - Shutdowner::onShutdownEnd: shutting down
S_INFO root [0x000018a0] [2018-07-21 10:12:07,064] - onBaseAppShutDown: state=2
 DEBUG root [0x000018a0] [2018-07-21 10:12:07,098] - Script::uninstall_py_dlls(): PyInit_pyexpat
 DEBUG root [0x000018a0] [2018-07-21 10:12:07,098] - Script::uninstall_py_dlls(): PyInit__socket
 DEBUG root [0x000018a0] [2018-07-21 10:12:07,098] - Script::uninstall_py_dlls(): PyInit__ssl
 DEBUG root [0x000018a0] [2018-07-21 10:12:07,099] - Script::uninstall_py_dlls(): PyInit__hashlib
 DEBUG root [0x000018a0] [2018-07-21 10:12:07,099] - Script::uninstall_py_dlls(): PyInit_select
 DEBUG root [0x000018a0] [2018-07-21 10:12:07,099] - Script::uninstall_py_dlls(): PyInit__ctypes
 DEBUG root [0x000018a0] [2018-07-21 10:12:07,099] - Script::uninstall_py_dlls(): PyInit__elementtree
 DEBUG root [0x000018a0] [2018-07-21 10:12:07,100] - Script::uninstall_py_dlls(): PyInit_unicodedata
  INFO root [0x000018a0] [2018-07-21 10:12:07,121] - Script::uninstall(): is successfully!
 DEBUG root [0x000018a0] [2018-07-21 10:12:07,121] - ThreadPool::destroy(): starting size 2.
  WARN root [0x000018a0] [2018-07-21 10:12:07,421] - ThreadPool::destroy(): waiting for thread(2)[0x51e488,0x51e420,], try=1
 DEBUG root [0x000018a0] [2018-07-21 10:12:07,822] - TPThread::~TPThread(): 0x51e488
 DEBUG root [0x000018a0] [2018-07-21 10:12:07,822] - TPThread::~TPThread(): 0x51e420
 DEBUG root [0x000018a0] [2018-07-21 10:12:07,823] - ThreadPool::destroy(): successfully!
 DEBUG root [0x000018a0] [2018-07-21 10:12:07,823] - Bundle::destroyObjPool(): size 4.
 DEBUG root [0x000018a0] [2018-07-21 10:12:07,824] - Channel::destroyObjPool(): size 0.
 DEBUG root [0x000018a0] [2018-07-21 10:12:07,825] - TCPPacket::destroyObjPool(): size 0.
 DEBUG root [0x000018a0] [2018-07-21 10:12:07,825] - UDPPacket::destroyObjPool(): size 10.
 DEBUG root [0x000018a0] [2018-07-21 10:12:07,825] - EndPoint::destroyObjPool(): size 0.
 DEBUG root [0x000018a0] [2018-07-21 10:12:07,826] - Address::destroyObjPool(): size 0.
 DEBUG root [0x000018a0] [2018-07-21 10:12:07,826] - TCPPacketReceiver::destroyObjPool(): size 0.
 DEBUG root [0x000018a0] [2018-07-21 10:12:07,827] - UDPPacketReceiver::destroyObjPool(): size 0.
  INFO root [0x000018a0] [2018-07-21 10:12:07,827] - baseapp(7001) has shut down.
  WARN root [0x00001880] [2018-07-21 10:12:08,327] - Forwarding logs to logger[192.168.0.106:49773/0/0/0]...
  INFO root [0x000018a0] [2018-07-21 10:12:08,841] - EventDispatcher()::~EventDispatcher: Num timers = 2
  INFO root [0x00001a94] [2018-07-21 10:12:15,114] - 
  INFO root [0x00001a94] [2018-07-21 10:12:15,115] - -----------------------------------------------------------------------------------------


  INFO root [0x00001a94] [2018-07-21 10:12:15,116] - Resmgr::initialize: KBE_ROOT=E:/kbengine/
  INFO root [0x00001a94] [2018-07-21 10:12:15,116] - Resmgr::initialize: KBE_RES_PATH=E:/kbengine/kbe/res/;E:/kbengine/assets/;E:/kbengine/assets/scripts/;E:/kbengine/assets/res/
  INFO root [0x00001a94] [2018-07-21 10:12:15,116] - Resmgr::initialize: KBE_BIN_PATH=E:/kbengine/kbe/bin/server/
  INFO root [0x00001a94] [2018-07-21 10:12:15,124] - NetworkInterface::initialize(EXTERNAL): bound to all interfaces with default route interface on 192.168.0.106 ( 192.168.0.106:20015 )
  INFO root [0x00001a94] [2018-07-21 10:12:15,124] - NetworkInterface::initialize(EXTERNAL): address 192.168.0.106:20015, SOMAXCONN=128.
  INFO root [0x00001a94] [2018-07-21 10:12:15,125] - NetworkInterface::initialize(INTERNAL): bound to all interfaces with default route interface on 192.168.0.106 ( 192.168.0.106:49815 )
  INFO root [0x00001a94] [2018-07-21 10:12:15,126] - NetworkInterface::initialize(INTERNAL): address 192.168.0.106:49815, SOMAXCONN=128.
  INFO root [0x00001a94] [2018-07-21 10:12:15,126] - server-configs:
  INFO root [0x00001a94] [2018-07-21 10:12:15,126] - 	gameUpdateHertz : 10
  INFO root [0x00001a94] [2018-07-21 10:12:15,126] - 	entryScriptFile : kbemain
  INFO root [0x00001a94] [2018-07-21 10:12:15,126] - 	internalAddr : 192.168.0.106:49815
  INFO root [0x00001a94] [2018-07-21 10:12:15,126] - 	externalAddr : 192.168.0.106:20015
  INFO root [0x00001a94] [2018-07-21 10:12:15,126] - 	componentID : 7001
  INFO root [0x00001a94] [2018-07-21 10:12:16,824] - ---- baseapp Version: 2.0.0. ScriptVersion: 0.1.0. Protocol: F9DFFB319FBADF35943ADF4D42C4718C. Config: Debug X86. Built: 15:53:31 Apr 29 2018. AppID: 7001. UID: 8607. PID: 6688 ----
  INFO root [0x00001a94] [2018-07-21 10:12:16,826] - Server : Intel(R) Xeon(R) CPU E3-1230 v3 @ 3.30GHz with 4194303kB RAM
  INFO root [0x00001a94] [2018-07-21 10:12:16,826] - ThreadPool::createThreadPool: creating  threadpool...
  INFO root [0x00001a94] [2018-07-21 10:12:16,827] - ThreadPool::createThreadPool: successfully(2), newThreadCount=1, normalMaxThreadCount=2, maxThreadCount=8
 DEBUG root [0x00001a94] [2018-07-21 10:12:16,950] - Script::install_py_dlls(): PyInit_pyexpat
 DEBUG root [0x00001a94] [2018-07-21 10:12:16,951] - Script::install_py_dlls(): PyInit__socket
 DEBUG root [0x00001a94] [2018-07-21 10:12:16,951] - Script::install_py_dlls(): PyInit__ssl
 DEBUG root [0x00001a94] [2018-07-21 10:12:16,954] - Script::install_py_dlls(): PyInit__hashlib
 DEBUG root [0x00001a94] [2018-07-21 10:12:16,954] - Script::install_py_dlls(): PyInit_select
 DEBUG root [0x00001a94] [2018-07-21 10:12:16,954] - Script::install_py_dlls(): PyInit__ctypes
 DEBUG root [0x00001a94] [2018-07-21 10:12:16,955] - Script::install_py_dlls(): PyInit__elementtree
 DEBUG root [0x00001a94] [2018-07-21 10:12:16,982] - Script::install_py_dlls(): PyInit_unicodedata
  INFO root [0x00001a94] [2018-07-21 10:12:17,009] - Script::install(): is successfully, Python=(3.4.2 (default, Apr 29 2018, 15:53:05) [MSC v.1913 32 bit (Intel)])!
  INFO root [0x00001a94] [2018-07-21 10:12:17,009] - Script::install(): KBExtra is successfully!
 DEBUG root [0x00001a94] [2018-07-21 10:12:17,026] - loaded entity-script:Account(1).
 DEBUG root [0x00001a94] [2018-07-21 10:12:17,027] - loaded entity-script:CheckName(2).
 DEBUG root [0x00001a94] [2018-07-21 10:12:17,032] - loaded entity-script:Halls(3).
 DEBUG root [0x00001a94] [2018-07-21 10:12:17,033] - loaded entity-script:Room(4).
  INFO root [0x00001a94] [2018-07-21 10:12:17,033] - Baseapp::initializeEnd: started resmgr tick(60s)!
  INFO root [0x00001a94] [2018-07-21 10:12:17,034] - TelnetServer server is running on port 40000
  INFO root [0x00001a94] [2018-07-21 10:12:17,312] - ---- baseapp is running ----
 DEBUG root [0x00001a94] [2018-07-21 10:12:17,312] - Components::process(): Request for the process of identity...
  WARN root [0x00001a94] [2018-07-21 10:12:23,421] - EntityApp::checkTickPeriod: tick took 6108% (6.11 seconds)!
  INFO root [0x00001a94] [2018-07-21 10:12:24,512] - Components::findComponents: find logger(1)...
  INFO root [0x00001a94] [2018-07-21 10:12:24,615] - Components::findComponents: found logger, addr:192.168.0.106:49812
  INFO root [0x00001a94] [2018-07-21 10:12:24,616] - Components::addComponent: reset orderLog, uid=8607!
  INFO root [0x00001a94] [2018-07-21 10:12:24,616] - Components::addComponent[logger], uid=8607, componentID=2000, globalorderid=1, grouporderid=1, totalcount=1
  INFO root [0x00001a94] [2018-07-21 10:12:24,617] - Components::findComponents: find dbmgr(2)...
  INFO root [0x00001a94] [2018-07-21 10:12:24,719] - Components::findComponents: found dbmgr, addr:192.168.0.106:49810
  INFO root [0x00001a94] [2018-07-21 10:12:24,720] - Components::addComponent: reset orderLog, uid=8607!
  INFO root [0x00001a94] [2018-07-21 10:12:24,721] - Components::addComponent[dbmgr], uid=8607, componentID=4000, globalorderid=1, grouporderid=1, totalcount=1
  INFO root [0x00001a94] [2018-07-21 10:12:24,721] - Components::findComponents: found dbmgr, addr:192.168.0.106:49810
  WARN root [0x00001a94] [2018-07-21 10:12:25,721] - EntityApp::checkTickPeriod: tick took 1309% (1.31 seconds)!
  WARN root [0x00001a94] [2018-07-21 10:12:25,722] - Forwarding logs to logger[192.168.0.106:49812/0/0/0]...
 ERROR root [0x00001a94] [2018-07-21 10:18:36,940] - Components::removeComponentByChannel: logger : 2000, Abnormal exit! errorno=10054
  INFO root [0x00001a94] [2018-07-21 10:18:36,943] - The following logs sent to logger failed:
  WARN root [0x00001a94] [2018-07-21 10:18:36,943] - ==> [2018-07-21 10:18:36 938] TCPPacketReceiver::processPendingEvents(192.168.0.106:49812): Throwing REASON_GENERAL_NETWORK - WSAECONNRESET
 ERROR root [0x00001a94] [2018-07-21 10:18:36,943] - ==> [2018-07-21 10:18:36 940] Components::removeComponentByChannel: logger : 2000, Abnormal exit! errorno=10054
  WARN root [0x00001a94] [2018-07-21 10:18:36,986] - TCPPacketReceiver::processPendingEvents(192.168.0.106:49810): Throwing REASON_GENERAL_NETWORK - WSAECONNRESET
 ERROR root [0x00001a94] [2018-07-21 10:18:36,988] - Components::removeComponentByChannel: dbmgr : 4000, Abnormal exit! errorno=10054
  INFO root [0x00001a94] [2018-07-21 10:18:36,991] - Shutdowner::onShutdownBegin: shutting down(period=0, tickPeriod=1)
S_INFO root [0x00001a94] [2018-07-21 10:18:36,991] - onBaseAppShutDown: state=0
  INFO root [0x00001a94] [2018-07-21 10:18:36,992] - Shutdowner::onShutdown: shutting down
S_INFO root [0x00001a94] [2018-07-21 10:18:36,992] - onBaseAppShutDown: state=1
  INFO root [0x00001a94] [2018-07-21 10:18:36,992] - Shutdowner::onShutdownEnd: shutting down
S_INFO root [0x00001a94] [2018-07-21 10:18:36,992] - onBaseAppShutDown: state=2
 ERROR root [0x00001a94] [2018-07-21 10:18:37,000] - Account::onCellWriteToDBCompleted(2002): not found dbmgr!
 ERROR root [0x00001a94] [2018-07-21 10:18:37,001] - Entity::onDestroy: not found dbmgr!
 ERROR root [0x00001a94] [2018-07-21 10:18:37,001] - Account::onCellWriteToDBCompleted(2004): not found dbmgr!
 ERROR root [0x00001a94] [2018-07-21 10:18:37,002] - Entity::onDestroy: not found dbmgr!
 DEBUG root [0x00001a94] [2018-07-21 10:18:37,002] - Account::~Account(): 2002
 DEBUG root [0x00001a94] [2018-07-21 10:18:37,003] - Account::~Account(): 2004
 DEBUG root [0x00001a94] [2018-07-21 10:18:37,003] - Room::~Room(): 2003
 DEBUG root [0x00001a94] [2018-07-21 10:18:37,003] - Halls::~Halls(): 2001
 DEBUG root [0x00001a94] [2018-07-21 10:18:37,004] - Script::uninstall_py_dlls(): PyInit_pyexpat
 DEBUG root [0x00001a94] [2018-07-21 10:18:37,004] - Script::uninstall_py_dlls(): PyInit__socket
 DEBUG root [0x00001a94] [2018-07-21 10:18:37,004] - Script::uninstall_py_dlls(): PyInit__ssl
 DEBUG root [0x00001a94] [2018-07-21 10:18:37,004] - Script::uninstall_py_dlls(): PyInit__hashlib
 DEBUG root [0x00001a94] [2018-07-21 10:18:37,004] - Script::uninstall_py_dlls(): PyInit_select
 DEBUG root [0x00001a94] [2018-07-21 10:18:37,004] - Script::uninstall_py_dlls(): PyInit__ctypes
 DEBUG root [0x00001a94] [2018-07-21 10:18:37,004] - Script::uninstall_py_dlls(): PyInit__elementtree
 DEBUG root [0x00001a94] [2018-07-21 10:18:37,004] - Script::uninstall_py_dlls(): PyInit_unicodedata
  INFO root [0x00001a94] [2018-07-21 10:18:37,013] - Script::uninstall(): is successfully!
 DEBUG root [0x00001a94] [2018-07-21 10:18:37,014] - ThreadPool::destroy(): starting size 2.
  INFO root [0x00001350] [2018-07-21 10:18:38,063] - 
  INFO root [0x00001350] [2018-07-21 10:18:38,070] - -----------------------------------------------------------------------------------------


  INFO root [0x00001350] [2018-07-21 10:18:38,071] - Resmgr::initialize: KBE_ROOT=E:/kbengine/
  INFO root [0x00001350] [2018-07-21 10:18:38,071] - Resmgr::initialize: KBE_RES_PATH=E:/kbengine/kbe/res/;E:/kbengine/assets/;E:/kbengine/assets/scripts/;E:/kbengine/assets/res/
  INFO root [0x00001350] [2018-07-21 10:18:38,071] - Resmgr::initialize: KBE_BIN_PATH=E:/kbengine/kbe/bin/server/
  INFO root [0x00001350] [2018-07-21 10:18:38,080] - NetworkInterface::initialize(EXTERNAL): bound to all interfaces with default route interface on 192.168.0.106 ( 192.168.0.106:20015 )
  INFO root [0x00001350] [2018-07-21 10:18:38,080] - NetworkInterface::initialize(EXTERNAL): address 192.168.0.106:20015, SOMAXCONN=128.
  INFO root [0x00001350] [2018-07-21 10:18:38,081] - NetworkInterface::initialize(INTERNAL): bound to all interfaces with default route interface on 192.168.0.106 ( 192.168.0.106:49957 )
  INFO root [0x00001350] [2018-07-21 10:18:38,081] - NetworkInterface::initialize(INTERNAL): address 192.168.0.106:49957, SOMAXCONN=128.
  INFO root [0x00001350] [2018-07-21 10:18:38,081] - server-configs:
  INFO root [0x00001350] [2018-07-21 10:18:38,081] - 	gameUpdateHertz : 10
  INFO root [0x00001350] [2018-07-21 10:18:38,081] - 	entryScriptFile : kbemain
  INFO root [0x00001350] [2018-07-21 10:18:38,081] - 	internalAddr : 192.168.0.106:49957
  INFO root [0x00001350] [2018-07-21 10:18:38,082] - 	externalAddr : 192.168.0.106:20015
  INFO root [0x00001350] [2018-07-21 10:18:38,082] - 	componentID : 7001
  INFO root [0x00001350] [2018-07-21 10:18:39,774] - ---- baseapp Version: 2.0.0. ScriptVersion: 0.1.0. Protocol: F9DFFB319FBADF35943ADF4D42C4718C. Config: Debug X86. Built: 15:53:31 Apr 29 2018. AppID: 7001. UID: 9857. PID: 4352 ----
  INFO root [0x00001350] [2018-07-21 10:18:39,774] - Server : Intel(R) Xeon(R) CPU E3-1230 v3 @ 3.30GHz with 4194303kB RAM
  INFO root [0x00001350] [2018-07-21 10:18:39,774] - ThreadPool::createThreadPool: creating  threadpool...
  INFO root [0x00001350] [2018-07-21 10:18:39,775] - ThreadPool::createThreadPool: successfully(2), newThreadCount=1, normalMaxThreadCount=2, maxThreadCount=8
 DEBUG root [0x00001350] [2018-07-21 10:18:39,901] - Script::install_py_dlls(): PyInit_pyexpat
 DEBUG root [0x00001350] [2018-07-21 10:18:39,901] - Script::install_py_dlls(): PyInit__socket
 DEBUG root [0x00001350] [2018-07-21 10:18:39,902] - Script::install_py_dlls(): PyInit__ssl
 DEBUG root [0x00001350] [2018-07-21 10:18:39,906] - Script::install_py_dlls(): PyInit__hashlib
 DEBUG root [0x00001350] [2018-07-21 10:18:39,907] - Script::install_py_dlls(): PyInit_select
 DEBUG root [0x00001350] [2018-07-21 10:18:39,907] - Script::install_py_dlls(): PyInit__ctypes
 DEBUG root [0x00001350] [2018-07-21 10:18:39,908] - Script::install_py_dlls(): PyInit__elementtree
 DEBUG root [0x00001350] [2018-07-21 10:18:39,940] - Script::install_py_dlls(): PyInit_unicodedata
  INFO root [0x00001350] [2018-07-21 10:18:39,971] - Script::install(): is successfully, Python=(3.4.2 (default, Apr 29 2018, 15:53:05) [MSC v.1913 32 bit (Intel)])!
  INFO root [0x00001350] [2018-07-21 10:18:39,972] - Script::install(): KBExtra is successfully!
 DEBUG root [0x00001350] [2018-07-21 10:18:39,989] - loaded entity-script:Account(1).
 DEBUG root [0x00001350] [2018-07-21 10:18:39,990] - loaded entity-script:CheckName(2).
 DEBUG root [0x00001350] [2018-07-21 10:18:39,995] - loaded entity-script:Halls(3).
 DEBUG root [0x00001350] [2018-07-21 10:18:39,996] - loaded entity-script:Room(4).
  INFO root [0x00001350] [2018-07-21 10:18:39,997] - Baseapp::initializeEnd: started resmgr tick(60s)!
  INFO root [0x00001350] [2018-07-21 10:18:39,997] - TelnetServer server is running on port 40000
  INFO root [0x00001350] [2018-07-21 10:18:40,336] - ---- baseapp is running ----
 DEBUG root [0x00001350] [2018-07-21 10:18:40,337] - Components::process(): Request for the process of identity...
  WARN root [0x00001350] [2018-07-21 10:18:46,396] - EntityApp::checkTickPeriod: tick took 6060% (6.06 seconds)!
  INFO root [0x00001350] [2018-07-21 10:18:47,437] - Components::findComponents: find logger(1)...
  INFO root [0x00001350] [2018-07-21 10:18:47,454] - Components::findComponents: found logger, addr:192.168.0.106:49961
  INFO root [0x00001350] [2018-07-21 10:18:47,454] - Components::addComponent: reset orderLog, uid=9857!
  INFO root [0x00001350] [2018-07-21 10:18:47,454] - Components::addComponent[logger], uid=9857, componentID=2000, globalorderid=1, grouporderid=1, totalcount=1
  INFO root [0x00001350] [2018-07-21 10:18:47,455] - Components::findComponents: find dbmgr(2)...
  INFO root [0x00001350] [2018-07-21 10:18:47,560] - Components::findComponents: found dbmgr, addr:192.168.0.106:49956
  INFO root [0x00001350] [2018-07-21 10:18:47,561] - Components::addComponent: reset orderLog, uid=9857!
  INFO root [0x00001350] [2018-07-21 10:18:47,561] - Components::addComponent[dbmgr], uid=9857, componentID=4000, globalorderid=1, grouporderid=1, totalcount=1
  INFO root [0x00001350] [2018-07-21 10:18:47,562] - Components::findComponents: found dbmgr, addr:192.168.0.106:49956
  WARN root [0x00001350] [2018-07-21 10:18:48,562] - EntityApp::checkTickPeriod: tick took 1225% (1.23 seconds)!
  WARN root [0x00001350] [2018-07-21 10:18:48,564] - Forwarding logs to logger[192.168.0.106:49961/0/0/0]...
 ERROR root [0x00001350] [2018-07-21 10:21:49,914] - Components::removeComponentByChannel: logger : 2000, Abnormal exit! errorno=10054
  INFO root [0x00001350] [2018-07-21 10:21:49,919] - The following logs sent to logger failed:
  WARN root [0x00001350] [2018-07-21 10:21:49,919] - ==> [2018-07-21 10:21:49 912] TCPPacketReceiver::processPendingEvents(192.168.0.106:49961): Throwing REASON_GENERAL_NETWORK - WSAECONNRESET
 ERROR root [0x00001350] [2018-07-21 10:21:49,919] - ==> [2018-07-21 10:21:49 915] Components::removeComponentByChannel: logger : 2000, Abnormal exit! errorno=10054
  WARN root [0x00001350] [2018-07-21 10:21:49,960] - TCPPacketReceiver::processPendingEvents(192.168.0.106:49956): Throwing REASON_GENERAL_NETWORK - WSAECONNRESET
 ERROR root [0x00001350] [2018-07-21 10:21:49,963] - Components::removeComponentByChannel: dbmgr : 4000, Abnormal exit! errorno=10054
  INFO root [0x00001350] [2018-07-21 10:21:49,964] - Shutdowner::onShutdownBegin: shutting down(period=0, tickPeriod=1)
S_INFO root [0x00001350] [2018-07-21 10:21:49,965] - onBaseAppShutDown: state=0
  INFO root [0x00001350] [2018-07-21 10:21:49,965] - Shutdowner::onShutdown: shutting down
S_INFO root [0x00001350] [2018-07-21 10:21:49,965] - onBaseAppShutDown: state=1
  INFO root [0x00001350] [2018-07-21 10:21:49,965] - Shutdowner::onShutdownEnd: shutting down
S_INFO root [0x00001350] [2018-07-21 10:21:49,965] - onBaseAppShutDown: state=2
 ERROR root [0x00001350] [2018-07-21 10:21:49,973] - Account::onCellWriteToDBCompleted(2002): not found dbmgr!
 ERROR root [0x00001350] [2018-07-21 10:21:49,974] - Entity::onDestroy: not found dbmgr!
 ERROR root [0x00001350] [2018-07-21 10:21:49,974] - Account::onCellWriteToDBCompleted(2004): not found dbmgr!
 ERROR root [0x00001350] [2018-07-21 10:21:49,974] - Entity::onDestroy: not found dbmgr!
 DEBUG root [0x00001350] [2018-07-21 10:21:49,975] - Account::~Account(): 2002
 DEBUG root [0x00001350] [2018-07-21 10:21:49,975] - Account::~Account(): 2004
 DEBUG root [0x00001350] [2018-07-21 10:21:49,975] - Room::~Room(): 2003
 DEBUG root [0x00001350] [2018-07-21 10:21:49,975] - Halls::~Halls(): 2001
 DEBUG root [0x00001350] [2018-07-21 10:21:49,976] - Script::uninstall_py_dlls(): PyInit_pyexpat
 DEBUG root [0x00001350] [2018-07-21 10:21:49,976] - Script::uninstall_py_dlls(): PyInit__socket
 DEBUG root [0x00001350] [2018-07-21 10:21:49,976] - Script::uninstall_py_dlls(): PyInit__ssl
 DEBUG root [0x00001350] [2018-07-21 10:21:49,976] - Script::uninstall_py_dlls(): PyInit__hashlib
 DEBUG root [0x00001350] [2018-07-21 10:21:49,976] - Script::uninstall_py_dlls(): PyInit_select
 DEBUG root [0x00001350] [2018-07-21 10:21:49,977] - Script::uninstall_py_dlls(): PyInit__ctypes
 DEBUG root [0x00001350] [2018-07-21 10:21:49,977] - Script::uninstall_py_dlls(): PyInit__elementtree
 DEBUG root [0x00001350] [2018-07-21 10:21:49,977] - Script::uninstall_py_dlls(): PyInit_unicodedata
  INFO root [0x00001350] [2018-07-21 10:21:49,986] - Script::uninstall(): is successfully!
 DEBUG root [0x00001350] [2018-07-21 10:21:49,986] - ThreadPool::destroy(): starting size 2.
  INFO root [0x00001bbc] [2018-07-21 10:21:51,061] - 
  INFO root [0x00001bbc] [2018-07-21 10:21:51,061] - -----------------------------------------------------------------------------------------


  INFO root [0x00001bbc] [2018-07-21 10:21:51,062] - Resmgr::initialize: KBE_ROOT=E:/kbengine/
  INFO root [0x00001bbc] [2018-07-21 10:21:51,062] - Resmgr::initialize: KBE_RES_PATH=E:/kbengine/kbe/res/;E:/kbengine/assets/;E:/kbengine/assets/scripts/;E:/kbengine/assets/res/
  INFO root [0x00001bbc] [2018-07-21 10:21:51,062] - Resmgr::initialize: KBE_BIN_PATH=E:/kbengine/kbe/bin/server/
  INFO root [0x00001bbc] [2018-07-21 10:21:51,064] - NetworkInterface::initialize(EXTERNAL): bound to all interfaces with default route interface on 192.168.0.106 ( 192.168.0.106:20015 )
  INFO root [0x00001bbc] [2018-07-21 10:21:51,065] - NetworkInterface::initialize(EXTERNAL): address 192.168.0.106:20015, SOMAXCONN=128.
  INFO root [0x00001bbc] [2018-07-21 10:21:51,067] - NetworkInterface::initialize(INTERNAL): bound to all interfaces with default route interface on 192.168.0.106 ( 192.168.0.106:50015 )
  INFO root [0x00001bbc] [2018-07-21 10:21:51,067] - NetworkInterface::initialize(INTERNAL): address 192.168.0.106:50015, SOMAXCONN=128.
  INFO root [0x00001bbc] [2018-07-21 10:21:51,067] - server-configs:
  INFO root [0x00001bbc] [2018-07-21 10:21:51,067] - 	gameUpdateHertz : 10
  INFO root [0x00001bbc] [2018-07-21 10:21:51,067] - 	entryScriptFile : kbemain
  INFO root [0x00001bbc] [2018-07-21 10:21:51,067] - 	internalAddr : 192.168.0.106:50015
  INFO root [0x00001bbc] [2018-07-21 10:21:51,068] - 	externalAddr : 192.168.0.106:20015
  INFO root [0x00001bbc] [2018-07-21 10:21:51,068] - 	componentID : 7001
  INFO root [0x00001bbc] [2018-07-21 10:21:52,765] - ---- baseapp Version: 2.0.0. ScriptVersion: 0.1.0. Protocol: F9DFFB319FBADF35943ADF4D42C4718C. Config: Debug X86. Built: 15:53:31 Apr 29 2018. AppID: 7001. UID: 10488. PID: 4672 ----
  INFO root [0x00001bbc] [2018-07-21 10:21:52,766] - Server : Intel(R) Xeon(R) CPU E3-1230 v3 @ 3.30GHz with 4194303kB RAM
  INFO root [0x00001bbc] [2018-07-21 10:21:52,766] - ThreadPool::createThreadPool: creating  threadpool...
  INFO root [0x00001bbc] [2018-07-21 10:21:52,766] - ThreadPool::createThreadPool: successfully(2), newThreadCount=1, normalMaxThreadCount=2, maxThreadCount=8
 DEBUG root [0x00001bbc] [2018-07-21 10:21:52,889] - Script::install_py_dlls(): PyInit_pyexpat
 DEBUG root [0x00001bbc] [2018-07-21 10:21:52,889] - Script::install_py_dlls(): PyInit__socket
 DEBUG root [0x00001bbc] [2018-07-21 10:21:52,890] - Script::install_py_dlls(): PyInit__ssl
 DEBUG root [0x00001bbc] [2018-07-21 10:21:52,892] - Script::install_py_dlls(): PyInit__hashlib
 DEBUG root [0x00001bbc] [2018-07-21 10:21:52,893] - Script::install_py_dlls(): PyInit_select
 DEBUG root [0x00001bbc] [2018-07-21 10:21:52,893] - Script::install_py_dlls(): PyInit__ctypes
 DEBUG root [0x00001bbc] [2018-07-21 10:21:52,893] - Script::install_py_dlls(): PyInit__elementtree
 DEBUG root [0x00001bbc] [2018-07-21 10:21:52,921] - Script::install_py_dlls(): PyInit_unicodedata
  INFO root [0x00001bbc] [2018-07-21 10:21:52,948] - Script::install(): is successfully, Python=(3.4.2 (default, Apr 29 2018, 15:53:05) [MSC v.1913 32 bit (Intel)])!
  INFO root [0x00001bbc] [2018-07-21 10:21:52,948] - Script::install(): KBExtra is successfully!
 DEBUG root [0x00001bbc] [2018-07-21 10:21:52,965] - loaded entity-script:Account(1).
 DEBUG root [0x00001bbc] [2018-07-21 10:21:52,966] - loaded entity-script:CheckName(2).
 DEBUG root [0x00001bbc] [2018-07-21 10:21:52,971] - loaded entity-script:Halls(3).
 DEBUG root [0x00001bbc] [2018-07-21 10:21:52,972] - loaded entity-script:Room(4).
  INFO root [0x00001bbc] [2018-07-21 10:21:52,972] - Baseapp::initializeEnd: started resmgr tick(60s)!
  INFO root [0x00001bbc] [2018-07-21 10:21:52,972] - TelnetServer server is running on port 40000
  INFO root [0x00001bbc] [2018-07-21 10:21:53,262] - ---- baseapp is running ----
 DEBUG root [0x00001bbc] [2018-07-21 10:21:53,263] - Components::process(): Request for the process of identity...
  WARN root [0x00001bbc] [2018-07-21 10:21:59,364] - EntityApp::checkTickPeriod: tick took 6102% (6.10 seconds)!
  INFO root [0x00001bbc] [2018-07-21 10:22:00,463] - Components::findComponents: find logger(1)...
  INFO root [0x00001bbc] [2018-07-21 10:22:00,533] - Components::findComponents: found logger, addr:192.168.0.106:50010
  INFO root [0x00001bbc] [2018-07-21 10:22:00,534] - Components::addComponent: reset orderLog, uid=10488!
  INFO root [0x00001bbc] [2018-07-21 10:22:00,534] - Components::addComponent[logger], uid=10488, componentID=2000, globalorderid=1, grouporderid=1, totalcount=1
  INFO root [0x00001bbc] [2018-07-21 10:22:00,536] - Components::findComponents: find dbmgr(2)...
  INFO root [0x00001bbc] [2018-07-21 10:22:00,638] - Components::findComponents: found dbmgr, addr:192.168.0.106:50011
  INFO root [0x00001bbc] [2018-07-21 10:22:00,638] - Components::addComponent: reset orderLog, uid=10488!
  INFO root [0x00001bbc] [2018-07-21 10:22:00,639] - Components::addComponent[dbmgr], uid=10488, componentID=4000, globalorderid=1, grouporderid=1, totalcount=1
  INFO root [0x00001bbc] [2018-07-21 10:22:00,639] - Components::findComponents: found dbmgr, addr:192.168.0.106:50011
  WARN root [0x00001bbc] [2018-07-21 10:22:01,640] - Forwarding logs to logger[192.168.0.106:50010/0/0/0]...
 ERROR root [0x00001bbc] [2018-07-21 10:23:53,585] - Components::removeComponentByChannel: logger : 2000, Abnormal exit! errorno=10054
  INFO root [0x00001bbc] [2018-07-21 10:23:53,590] - The following logs sent to logger failed:
  WARN root [0x00001bbc] [2018-07-21 10:23:53,590] - ==> [2018-07-21 10:23:53 584] TCPPacketReceiver::processPendingEvents(192.168.0.106:50010): Throwing REASON_GENERAL_NETWORK - WSAECONNRESET
 ERROR root [0x00001bbc] [2018-07-21 10:23:53,590] - ==> [2018-07-21 10:23:53 586] Components::removeComponentByChannel: logger : 2000, Abnormal exit! errorno=10054
  WARN root [0x00001bbc] [2018-07-21 10:23:53,634] - TCPPacketReceiver::processPendingEvents(192.168.0.106:50011): Throwing REASON_GENERAL_NETWORK - WSAECONNRESET
 ERROR root [0x00001bbc] [2018-07-21 10:23:53,635] - Components::removeComponentByChannel: dbmgr : 4000, Abnormal exit! errorno=10054
  INFO root [0x00001bbc] [2018-07-21 10:23:53,638] - Shutdowner::onShutdownBegin: shutting down(period=0, tickPeriod=1)
S_INFO root [0x00001bbc] [2018-07-21 10:23:53,638] - onBaseAppShutDown: state=0
  INFO root [0x00001bbc] [2018-07-21 10:23:53,638] - Shutdowner::onShutdown: shutting down
S_INFO root [0x00001bbc] [2018-07-21 10:23:53,638] - onBaseAppShutDown: state=1
  INFO root [0x00001bbc] [2018-07-21 10:23:53,638] - Shutdowner::onShutdownEnd: shutting down
S_INFO root [0x00001bbc] [2018-07-21 10:23:53,638] - onBaseAppShutDown: state=2
 ERROR root [0x00001bbc] [2018-07-21 10:23:53,646] - Account::onCellWriteToDBCompleted(2002): not found dbmgr!
 ERROR root [0x00001bbc] [2018-07-21 10:23:53,647] - Entity::onDestroy: not found dbmgr!
 ERROR root [0x00001bbc] [2018-07-21 10:23:53,647] - Account::onCellWriteToDBCompleted(2004): not found dbmgr!
 ERROR root [0x00001bbc] [2018-07-21 10:23:53,648] - Entity::onDestroy: not found dbmgr!
 DEBUG root [0x00001bbc] [2018-07-21 10:23:53,648] - Account::~Account(): 2002
 DEBUG root [0x00001bbc] [2018-07-21 10:23:53,648] - Account::~Account(): 2004
 DEBUG root [0x00001bbc] [2018-07-21 10:23:53,648] - Room::~Room(): 2003
 DEBUG root [0x00001bbc] [2018-07-21 10:23:53,649] - Halls::~Halls(): 2001
 DEBUG root [0x00001bbc] [2018-07-21 10:23:53,649] - Script::uninstall_py_dlls(): PyInit_pyexpat
 DEBUG root [0x00001bbc] [2018-07-21 10:23:53,650] - Script::uninstall_py_dlls(): PyInit__socket
 DEBUG root [0x00001bbc] [2018-07-21 10:23:53,650] - Script::uninstall_py_dlls(): PyInit__ssl
 DEBUG root [0x00001bbc] [2018-07-21 10:23:53,650] - Script::uninstall_py_dlls(): PyInit__hashlib
 DEBUG root [0x00001bbc] [2018-07-21 10:23:53,650] - Script::uninstall_py_dlls(): PyInit_select
 DEBUG root [0x00001bbc] [2018-07-21 10:23:53,650] - Script::uninstall_py_dlls(): PyInit__ctypes
 DEBUG root [0x00001bbc] [2018-07-21 10:23:53,650] - Script::uninstall_py_dlls(): PyInit__elementtree
 DEBUG root [0x00001bbc] [2018-07-21 10:23:53,650] - Script::uninstall_py_dlls(): PyInit_unicodedata
  INFO root [0x00001bbc] [2018-07-21 10:23:53,659] - Script::uninstall(): is successfully!
 DEBUG root [0x00001bbc] [2018-07-21 10:23:53,659] - ThreadPool::destroy(): starting size 2.
  INFO root [0x000023f4] [2018-07-21 10:23:54,732] - 
  INFO root [0x000023f4] [2018-07-21 10:23:54,733] - -----------------------------------------------------------------------------------------


  INFO root [0x000023f4] [2018-07-21 10:23:54,733] - Resmgr::initialize: KBE_ROOT=E:/kbengine/
  INFO root [0x000023f4] [2018-07-21 10:23:54,733] - Resmgr::initialize: KBE_RES_PATH=E:/kbengine/kbe/res/;E:/kbengine/assets/;E:/kbengine/assets/scripts/;E:/kbengine/assets/res/
  INFO root [0x000023f4] [2018-07-21 10:23:54,734] - Resmgr::initialize: KBE_BIN_PATH=E:/kbengine/kbe/bin/server/
  INFO root [0x000023f4] [2018-07-21 10:23:54,736] - NetworkInterface::initialize(EXTERNAL): bound to all interfaces with default route interface on 192.168.0.106 ( 192.168.0.106:20015 )
  INFO root [0x000023f4] [2018-07-21 10:23:54,736] - NetworkInterface::initialize(EXTERNAL): address 192.168.0.106:20015, SOMAXCONN=128.
  INFO root [0x000023f4] [2018-07-21 10:23:54,737] - NetworkInterface::initialize(INTERNAL): bound to all interfaces with default route interface on 192.168.0.106 ( 192.168.0.106:50067 )
  INFO root [0x000023f4] [2018-07-21 10:23:54,738] - NetworkInterface::initialize(INTERNAL): address 192.168.0.106:50067, SOMAXCONN=128.
  INFO root [0x000023f4] [2018-07-21 10:23:54,738] - server-configs:
  INFO root [0x000023f4] [2018-07-21 10:23:54,738] - 	gameUpdateHertz : 10
  INFO root [0x000023f4] [2018-07-21 10:23:54,738] - 	entryScriptFile : kbemain
  INFO root [0x000023f4] [2018-07-21 10:23:54,738] - 	internalAddr : 192.168.0.106:50067
  INFO root [0x000023f4] [2018-07-21 10:23:54,738] - 	externalAddr : 192.168.0.106:20015
  INFO root [0x000023f4] [2018-07-21 10:23:54,738] - 	componentID : 7001
  INFO root [0x000023f4] [2018-07-21 10:23:56,435] - ---- baseapp Version: 2.0.0. ScriptVersion: 0.1.0. Protocol: F9DFFB319FBADF35943ADF4D42C4718C. Config: Debug X86. Built: 15:53:31 Apr 29 2018. AppID: 7001. UID: 10892. PID: 5776 ----
  INFO root [0x000023f4] [2018-07-21 10:23:56,435] - Server : Intel(R) Xeon(R) CPU E3-1230 v3 @ 3.30GHz with 4194303kB RAM
  INFO root [0x000023f4] [2018-07-21 10:23:56,436] - ThreadPool::createThreadPool: creating  threadpool...
  INFO root [0x000023f4] [2018-07-21 10:23:56,436] - ThreadPool::createThreadPool: successfully(2), newThreadCount=1, normalMaxThreadCount=2, maxThreadCount=8
 DEBUG root [0x000023f4] [2018-07-21 10:23:56,558] - Script::install_py_dlls(): PyInit_pyexpat
 DEBUG root [0x000023f4] [2018-07-21 10:23:56,559] - Script::install_py_dlls(): PyInit__socket
 DEBUG root [0x000023f4] [2018-07-21 10:23:56,559] - Script::install_py_dlls(): PyInit__ssl
 DEBUG root [0x000023f4] [2018-07-21 10:23:56,562] - Script::install_py_dlls(): PyInit__hashlib
 DEBUG root [0x000023f4] [2018-07-21 10:23:56,562] - Script::install_py_dlls(): PyInit_select
 DEBUG root [0x000023f4] [2018-07-21 10:23:56,562] - Script::install_py_dlls(): PyInit__ctypes
 DEBUG root [0x000023f4] [2018-07-21 10:23:56,563] - Script::install_py_dlls(): PyInit__elementtree
 DEBUG root [0x000023f4] [2018-07-21 10:23:56,595] - Script::install_py_dlls(): PyInit_unicodedata
  INFO root [0x000023f4] [2018-07-21 10:23:56,633] - Script::install(): is successfully, Python=(3.4.2 (default, Apr 29 2018, 15:53:05) [MSC v.1913 32 bit (Intel)])!
  INFO root [0x000023f4] [2018-07-21 10:23:56,633] - Script::install(): KBExtra is successfully!
 DEBUG root [0x000023f4] [2018-07-21 10:23:56,651] - loaded entity-script:Account(1).
 DEBUG root [0x000023f4] [2018-07-21 10:23:56,652] - loaded entity-script:CheckName(2).
 DEBUG root [0x000023f4] [2018-07-21 10:23:56,659] - loaded entity-script:Halls(3).
 DEBUG root [0x000023f4] [2018-07-21 10:23:56,660] - loaded entity-script:Room(4).
  INFO root [0x000023f4] [2018-07-21 10:23:56,660] - Baseapp::initializeEnd: started resmgr tick(60s)!
  INFO root [0x000023f4] [2018-07-21 10:23:56,661] - TelnetServer server is running on port 40000
  INFO root [0x000023f4] [2018-07-21 10:23:56,972] - ---- baseapp is running ----
 DEBUG root [0x000023f4] [2018-07-21 10:23:56,972] - Components::process(): Request for the process of identity...
  WARN root [0x000023f4] [2018-07-21 10:24:03,049] - EntityApp::checkTickPeriod: tick took 6076% (6.08 seconds)!
  INFO root [0x000023f4] [2018-07-21 10:24:04,072] - Components::findComponents: find logger(1)...
  INFO root [0x000023f4] [2018-07-21 10:24:04,120] - Components::findComponents: found logger, addr:192.168.0.106:50062
  INFO root [0x000023f4] [2018-07-21 10:24:04,120] - Components::addComponent: reset orderLog, uid=10892!
  INFO root [0x000023f4] [2018-07-21 10:24:04,120] - Components::addComponent[logger], uid=10892, componentID=2000, globalorderid=1, grouporderid=1, totalcount=1
  INFO root [0x000023f4] [2018-07-21 10:24:04,122] - Components::findComponents: find dbmgr(2)...
  INFO root [0x000023f4] [2018-07-21 10:24:04,228] - Components::findComponents: found dbmgr, addr:192.168.0.106:50064
  INFO root [0x000023f4] [2018-07-21 10:24:04,228] - Components::addComponent: reset orderLog, uid=10892!
  INFO root [0x000023f4] [2018-07-21 10:24:04,229] - Components::addComponent[dbmgr], uid=10892, componentID=4000, globalorderid=1, grouporderid=1, totalcount=1
  INFO root [0x000023f4] [2018-07-21 10:24:04,230] - Components::findComponents: found dbmgr, addr:192.168.0.106:50064
  WARN root [0x000023f4] [2018-07-21 10:24:05,230] - EntityApp::checkTickPeriod: tick took 1258% (1.26 seconds)!
  WARN root [0x000023f4] [2018-07-21 10:24:05,231] - Forwarding logs to logger[192.168.0.106:50062/0/0/0]...
 ERROR root [0x000023f4] [2018-07-21 10:27:09,247] - Components::removeComponentByChannel: logger : 2000, Abnormal exit! errorno=10054
  INFO root [0x000023f4] [2018-07-21 10:27:09,253] - The following logs sent to logger failed:
  WARN root [0x000023f4] [2018-07-21 10:27:09,253] - ==> [2018-07-21 10:27:09 246] TCPPacketReceiver::processPendingEvents(192.168.0.106:50062): Throwing REASON_GENERAL_NETWORK - WSAECONNRESET
 ERROR root [0x000023f4] [2018-07-21 10:27:09,253] - ==> [2018-07-21 10:27:09 247] Components::removeComponentByChannel: logger : 2000, Abnormal exit! errorno=10054
  WARN root [0x000023f4] [2018-07-21 10:27:09,293] - TCPPacketReceiver::processPendingEvents(192.168.0.106:50064): Throwing REASON_GENERAL_NETWORK - WSAECONNRESET
 ERROR root [0x000023f4] [2018-07-21 10:27:09,295] - Components::removeComponentByChannel: dbmgr : 4000, Abnormal exit! errorno=10054
  INFO root [0x000023f4] [2018-07-21 10:27:09,297] - Shutdowner::onShutdownBegin: shutting down(period=0, tickPeriod=1)
S_INFO root [0x000023f4] [2018-07-21 10:27:09,298] - onBaseAppShutDown: state=0
  INFO root [0x000023f4] [2018-07-21 10:27:09,298] - Shutdowner::onShutdown: shutting down
S_INFO root [0x000023f4] [2018-07-21 10:27:09,298] - onBaseAppShutDown: state=1
  INFO root [0x000023f4] [2018-07-21 10:27:09,299] - Shutdowner::onShutdownEnd: shutting down
S_INFO root [0x000023f4] [2018-07-21 10:27:09,299] - onBaseAppShutDown: state=2
 ERROR root [0x000023f4] [2018-07-21 10:27:09,307] - Account::onCellWriteToDBCompleted(2002): not found dbmgr!
 ERROR root [0x000023f4] [2018-07-21 10:27:09,308] - Entity::onDestroy: not found dbmgr!
 ERROR root [0x000023f4] [2018-07-21 10:27:09,308] - Account::onCellWriteToDBCompleted(2004): not found dbmgr!
 ERROR root [0x000023f4] [2018-07-21 10:27:09,308] - Entity::onDestroy: not found dbmgr!
 DEBUG root [0x000023f4] [2018-07-21 10:27:09,309] - Account::~Account(): 2002
 DEBUG root [0x000023f4] [2018-07-21 10:27:09,309] - Account::~Account(): 2004
 DEBUG root [0x000023f4] [2018-07-21 10:27:09,309] - Room::~Room(): 2003
 DEBUG root [0x000023f4] [2018-07-21 10:27:09,309] - Halls::~Halls(): 2001
 DEBUG root [0x000023f4] [2018-07-21 10:27:09,310] - Script::uninstall_py_dlls(): PyInit_pyexpat
 DEBUG root [0x000023f4] [2018-07-21 10:27:09,310] - Script::uninstall_py_dlls(): PyInit__socket
 DEBUG root [0x000023f4] [2018-07-21 10:27:09,310] - Script::uninstall_py_dlls(): PyInit__ssl
 DEBUG root [0x000023f4] [2018-07-21 10:27:09,311] - Script::uninstall_py_dlls(): PyInit__hashlib
 DEBUG root [0x000023f4] [2018-07-21 10:27:09,311] - Script::uninstall_py_dlls(): PyInit_select
 DEBUG root [0x000023f4] [2018-07-21 10:27:09,311] - Script::uninstall_py_dlls(): PyInit__ctypes
 DEBUG root [0x000023f4] [2018-07-21 10:27:09,311] - Script::uninstall_py_dlls(): PyInit__elementtree
 DEBUG root [0x000023f4] [2018-07-21 10:27:09,311] - Script::uninstall_py_dlls(): PyInit_unicodedata
  INFO root [0x000023f4] [2018-07-21 10:27:09,322] - Script::uninstall(): is successfully!
 DEBUG root [0x000023f4] [2018-07-21 10:27:09,322] - ThreadPool::destroy(): starting size 2.
  INFO root [0x0000266c] [2018-07-21 10:27:10,416] - 
  INFO root [0x0000266c] [2018-07-21 10:27:10,417] - -----------------------------------------------------------------------------------------


  INFO root [0x0000266c] [2018-07-21 10:27:10,417] - Resmgr::initialize: KBE_ROOT=E:/kbengine/
  INFO root [0x0000266c] [2018-07-21 10:27:10,417] - Resmgr::initialize: KBE_RES_PATH=E:/kbengine/kbe/res/;E:/kbengine/assets/;E:/kbengine/assets/scripts/;E:/kbengine/assets/res/
  INFO root [0x0000266c] [2018-07-21 10:27:10,417] - Resmgr::initialize: KBE_BIN_PATH=E:/kbengine/kbe/bin/server/
  INFO root [0x0000266c] [2018-07-21 10:27:10,420] - NetworkInterface::initialize(EXTERNAL): bound to all interfaces with default route interface on 192.168.0.106 ( 192.168.0.106:20015 )
  INFO root [0x0000266c] [2018-07-21 10:27:10,420] - NetworkInterface::initialize(EXTERNAL): address 192.168.0.106:20015, SOMAXCONN=128.
  INFO root [0x0000266c] [2018-07-21 10:27:10,421] - NetworkInterface::initialize(INTERNAL): bound to all interfaces with default route interface on 192.168.0.106 ( 192.168.0.106:50128 )
  INFO root [0x0000266c] [2018-07-21 10:27:10,421] - NetworkInterface::initialize(INTERNAL): address 192.168.0.106:50128, SOMAXCONN=128.
  INFO root [0x0000266c] [2018-07-21 10:27:10,421] - server-configs:
  INFO root [0x0000266c] [2018-07-21 10:27:10,422] - 	gameUpdateHertz : 10
  INFO root [0x0000266c] [2018-07-21 10:27:10,422] - 	entryScriptFile : kbemain
  INFO root [0x0000266c] [2018-07-21 10:27:10,422] - 	internalAddr : 192.168.0.106:50128
  INFO root [0x0000266c] [2018-07-21 10:27:10,422] - 	externalAddr : 192.168.0.106:20015
  INFO root [0x0000266c] [2018-07-21 10:27:10,422] - 	componentID : 7001
  INFO root [0x0000266c] [2018-07-21 10:27:12,136] - ---- baseapp Version: 2.0.0. ScriptVersion: 0.1.0. Protocol: F9DFFB319FBADF35943ADF4D42C4718C. Config: Debug X86. Built: 15:53:31 Apr 29 2018. AppID: 7001. UID: 11533. PID: 9832 ----
  INFO root [0x0000266c] [2018-07-21 10:27:12,137] - Server : Intel(R) Xeon(R) CPU E3-1230 v3 @ 3.30GHz with 4194303kB RAM
  INFO root [0x0000266c] [2018-07-21 10:27:12,137] - ThreadPool::createThreadPool: creating  threadpool...
  INFO root [0x0000266c] [2018-07-21 10:27:12,137] - ThreadPool::createThreadPool: successfully(2), newThreadCount=1, normalMaxThreadCount=2, maxThreadCount=8
 DEBUG root [0x0000266c] [2018-07-21 10:27:12,260] - Script::install_py_dlls(): PyInit_pyexpat
 DEBUG root [0x0000266c] [2018-07-21 10:27:12,260] - Script::install_py_dlls(): PyInit__socket
 DEBUG root [0x0000266c] [2018-07-21 10:27:12,261] - Script::install_py_dlls(): PyInit__ssl
 DEBUG root [0x0000266c] [2018-07-21 10:27:12,264] - Script::install_py_dlls(): PyInit__hashlib
 DEBUG root [0x0000266c] [2018-07-21 10:27:12,264] - Script::install_py_dlls(): PyInit_select
 DEBUG root [0x0000266c] [2018-07-21 10:27:12,264] - Script::install_py_dlls(): PyInit__ctypes
 DEBUG root [0x0000266c] [2018-07-21 10:27:12,264] - Script::install_py_dlls(): PyInit__elementtree
 DEBUG root [0x0000266c] [2018-07-21 10:27:12,292] - Script::install_py_dlls(): PyInit_unicodedata
  INFO root [0x0000266c] [2018-07-21 10:27:12,321] - Script::install(): is successfully, Python=(3.4.2 (default, Apr 29 2018, 15:53:05) [MSC v.1913 32 bit (Intel)])!
  INFO root [0x0000266c] [2018-07-21 10:27:12,321] - Script::install(): KBExtra is successfully!
 DEBUG root [0x0000266c] [2018-07-21 10:27:12,343] - loaded entity-script:Account(1).
 DEBUG root [0x0000266c] [2018-07-21 10:27:12,344] - loaded entity-script:CheckName(2).
 DEBUG root [0x0000266c] [2018-07-21 10:27:12,351] - loaded entity-script:Halls(3).
 DEBUG root [0x0000266c] [2018-07-21 10:27:12,352] - loaded entity-script:Room(4).
  INFO root [0x0000266c] [2018-07-21 10:27:12,352] - Baseapp::initializeEnd: started resmgr tick(60s)!
  INFO root [0x0000266c] [2018-07-21 10:27:12,353] - TelnetServer server is running on port 40000
  INFO root [0x0000266c] [2018-07-21 10:27:12,666] - ---- baseapp is running ----
 DEBUG root [0x0000266c] [2018-07-21 10:27:12,666] - Components::process(): Request for the process of identity...
  WARN root [0x0000266c] [2018-07-21 10:27:18,715] - EntityApp::checkTickPeriod: tick took 6048% (6.05 seconds)!
  INFO root [0x0000266c] [2018-07-21 10:27:19,766] - Components::findComponents: find logger(1)...
  INFO root [0x0000266c] [2018-07-21 10:27:19,811] - Components::findComponents: found logger, addr:192.168.0.106:50123
  INFO root [0x0000266c] [2018-07-21 10:27:19,811] - Components::addComponent: reset orderLog, uid=11533!
  INFO root [0x0000266c] [2018-07-21 10:27:19,811] - Components::addComponent[logger], uid=11533, componentID=2000, globalorderid=1, grouporderid=1, totalcount=1
  INFO root [0x0000266c] [2018-07-21 10:27:19,812] - Components::findComponents: find dbmgr(2)...
  INFO root [0x0000266c] [2018-07-21 10:27:19,915] - Components::findComponents: found dbmgr, addr:192.168.0.106:50126
  INFO root [0x0000266c] [2018-07-21 10:27:19,915] - Components::addComponent: reset orderLog, uid=11533!
  INFO root [0x0000266c] [2018-07-21 10:27:19,916] - Components::addComponent[dbmgr], uid=11533, componentID=4000, globalorderid=1, grouporderid=1, totalcount=1
  INFO root [0x0000266c] [2018-07-21 10:27:19,916] - Components::findComponents: found dbmgr, addr:192.168.0.106:50126
  WARN root [0x0000266c] [2018-07-21 10:27:20,917] - EntityApp::checkTickPeriod: tick took 1251% (1.25 seconds)!
  WARN root [0x0000266c] [2018-07-21 10:27:20,917] - Forwarding logs to logger[192.168.0.106:50123/0/0/0]...
 ERROR root [0x0000266c] [2018-07-21 10:30:37,202] - Components::removeComponentByChannel: logger : 2000, Abnormal exit! errorno=10054
  INFO root [0x0000266c] [2018-07-21 10:30:37,208] - The following logs sent to logger failed:
  WARN root [0x0000266c] [2018-07-21 10:30:37,208] - ==> [2018-07-21 10:30:37 202] TCPPacketReceiver::processPendingEvents(192.168.0.106:50123): Throwing REASON_GENERAL_NETWORK - WSAECONNRESET
 ERROR root [0x0000266c] [2018-07-21 10:30:37,209] - ==> [2018-07-21 10:30:37 203] Components::removeComponentByChannel: logger : 2000, Abnormal exit! errorno=10054
  WARN root [0x0000266c] [2018-07-21 10:30:37,252] - TCPPacketReceiver::processPendingEvents(192.168.0.106:50126): Throwing REASON_GENERAL_NETWORK - WSAECONNRESET
 ERROR root [0x0000266c] [2018-07-21 10:30:37,254] - Components::removeComponentByChannel: dbmgr : 4000, Abnormal exit! errorno=10054
  INFO root [0x0000266c] [2018-07-21 10:30:37,257] - Shutdowner::onShutdownBegin: shutting down(period=0, tickPeriod=1)
S_INFO root [0x0000266c] [2018-07-21 10:30:37,258] - onBaseAppShutDown: state=0
  INFO root [0x0000266c] [2018-07-21 10:30:37,258] - Shutdowner::onShutdown: shutting down
S_INFO root [0x0000266c] [2018-07-21 10:30:37,258] - onBaseAppShutDown: state=1
  INFO root [0x0000266c] [2018-07-21 10:30:37,258] - Shutdowner::onShutdownEnd: shutting down
S_INFO root [0x0000266c] [2018-07-21 10:30:37,258] - onBaseAppShutDown: state=2
 ERROR root [0x0000266c] [2018-07-21 10:30:37,266] - Account::onCellWriteToDBCompleted(2002): not found dbmgr!
 ERROR root [0x0000266c] [2018-07-21 10:30:37,266] - Entity::onDestroy: not found dbmgr!
 ERROR root [0x0000266c] [2018-07-21 10:30:37,267] - Account::onCellWriteToDBCompleted(2004): not found dbmgr!
 ERROR root [0x0000266c] [2018-07-21 10:30:37,267] - Entity::onDestroy: not found dbmgr!
 DEBUG root [0x0000266c] [2018-07-21 10:30:37,268] - Account::~Account(): 2002
 DEBUG root [0x0000266c] [2018-07-21 10:30:37,268] - Account::~Account(): 2004
 DEBUG root [0x0000266c] [2018-07-21 10:30:37,268] - Room::~Room(): 2003
 DEBUG root [0x0000266c] [2018-07-21 10:30:37,268] - Halls::~Halls(): 2001
 DEBUG root [0x0000266c] [2018-07-21 10:30:37,269] - Script::uninstall_py_dlls(): PyInit_pyexpat
 DEBUG root [0x0000266c] [2018-07-21 10:30:37,269] - Script::uninstall_py_dlls(): PyInit__socket
 DEBUG root [0x0000266c] [2018-07-21 10:30:37,269] - Script::uninstall_py_dlls(): PyInit__ssl
 DEBUG root [0x0000266c] [2018-07-21 10:30:37,269] - Script::uninstall_py_dlls(): PyInit__hashlib
 DEBUG root [0x0000266c] [2018-07-21 10:30:37,269] - Script::uninstall_py_dlls(): PyInit_select
 DEBUG root [0x0000266c] [2018-07-21 10:30:37,269] - Script::uninstall_py_dlls(): PyInit__ctypes
 DEBUG root [0x0000266c] [2018-07-21 10:30:37,269] - Script::uninstall_py_dlls(): PyInit__elementtree
 DEBUG root [0x0000266c] [2018-07-21 10:30:37,269] - Script::uninstall_py_dlls(): PyInit_unicodedata
  INFO root [0x0000266c] [2018-07-21 10:30:37,279] - Script::uninstall(): is successfully!
 DEBUG root [0x0000266c] [2018-07-21 10:30:37,279] - ThreadPool::destroy(): starting size 2.
  INFO root [0x00001fa4] [2018-07-21 10:30:38,360] - 
  INFO root [0x00001fa4] [2018-07-21 10:30:38,362] - -----------------------------------------------------------------------------------------


  INFO root [0x00001fa4] [2018-07-21 10:30:38,363] - Resmgr::initialize: KBE_ROOT=E:/kbengine/
  INFO root [0x00001fa4] [2018-07-21 10:30:38,363] - Resmgr::initialize: KBE_RES_PATH=E:/kbengine/kbe/res/;E:/kbengine/assets/;E:/kbengine/assets/scripts/;E:/kbengine/assets/res/
  INFO root [0x00001fa4] [2018-07-21 10:30:38,363] - Resmgr::initialize: KBE_BIN_PATH=E:/kbengine/kbe/bin/server/
  INFO root [0x00001fa4] [2018-07-21 10:30:38,368] - NetworkInterface::initialize(EXTERNAL): bound to all interfaces with default route interface on 192.168.0.106 ( 192.168.0.106:20015 )
  INFO root [0x00001fa4] [2018-07-21 10:30:38,368] - NetworkInterface::initialize(EXTERNAL): address 192.168.0.106:20015, SOMAXCONN=128.
  INFO root [0x00001fa4] [2018-07-21 10:30:38,370] - NetworkInterface::initialize(INTERNAL): bound to all interfaces with default route interface on 192.168.0.106 ( 192.168.0.106:50194 )
  INFO root [0x00001fa4] [2018-07-21 10:30:38,370] - NetworkInterface::initialize(INTERNAL): address 192.168.0.106:50194, SOMAXCONN=128.
  INFO root [0x00001fa4] [2018-07-21 10:30:38,370] - server-configs:
  INFO root [0x00001fa4] [2018-07-21 10:30:38,371] - 	gameUpdateHertz : 10
  INFO root [0x00001fa4] [2018-07-21 10:30:38,371] - 	entryScriptFile : kbemain
  INFO root [0x00001fa4] [2018-07-21 10:30:38,371] - 	internalAddr : 192.168.0.106:50194
  INFO root [0x00001fa4] [2018-07-21 10:30:38,371] - 	externalAddr : 192.168.0.106:20015
  INFO root [0x00001fa4] [2018-07-21 10:30:38,371] - 	componentID : 7001
  INFO root [0x00001fa4] [2018-07-21 10:30:40,080] - ---- baseapp Version: 2.0.0. ScriptVersion: 0.1.0. Protocol: F9DFFB319FBADF35943ADF4D42C4718C. Config: Debug X86. Built: 15:53:31 Apr 29 2018. AppID: 7001. UID: 12212. PID: 5164 ----
  INFO root [0x00001fa4] [2018-07-21 10:30:40,080] - Server : Intel(R) Xeon(R) CPU E3-1230 v3 @ 3.30GHz with 4194303kB RAM
  INFO root [0x00001fa4] [2018-07-21 10:30:40,081] - ThreadPool::createThreadPool: creating  threadpool...
  INFO root [0x00001fa4] [2018-07-21 10:30:40,081] - ThreadPool::createThreadPool: successfully(2), newThreadCount=1, normalMaxThreadCount=2, maxThreadCount=8
 DEBUG root [0x00001fa4] [2018-07-21 10:30:40,210] - Script::install_py_dlls(): PyInit_pyexpat
 DEBUG root [0x00001fa4] [2018-07-21 10:30:40,211] - Script::install_py_dlls(): PyInit__socket
 DEBUG root [0x00001fa4] [2018-07-21 10:30:40,211] - Script::install_py_dlls(): PyInit__ssl
 DEBUG root [0x00001fa4] [2018-07-21 10:30:40,214] - Script::install_py_dlls(): PyInit__hashlib
 DEBUG root [0x00001fa4] [2018-07-21 10:30:40,215] - Script::install_py_dlls(): PyInit_select
 DEBUG root [0x00001fa4] [2018-07-21 10:30:40,215] - Script::install_py_dlls(): PyInit__ctypes
 DEBUG root [0x00001fa4] [2018-07-21 10:30:40,215] - Script::install_py_dlls(): PyInit__elementtree
 DEBUG root [0x00001fa4] [2018-07-21 10:30:40,246] - Script::install_py_dlls(): PyInit_unicodedata
  INFO root [0x00001fa4] [2018-07-21 10:30:40,281] - Script::install(): is successfully, Python=(3.4.2 (default, Apr 29 2018, 15:53:05) [MSC v.1913 32 bit (Intel)])!
  INFO root [0x00001fa4] [2018-07-21 10:30:40,281] - Script::install(): KBExtra is successfully!
 DEBUG root [0x00001fa4] [2018-07-21 10:30:40,298] - loaded entity-script:Account(1).
 DEBUG root [0x00001fa4] [2018-07-21 10:30:40,299] - loaded entity-script:CheckName(2).
 DEBUG root [0x00001fa4] [2018-07-21 10:30:40,305] - loaded entity-script:Halls(3).
 DEBUG root [0x00001fa4] [2018-07-21 10:30:40,306] - loaded entity-script:Room(4).
  INFO root [0x00001fa4] [2018-07-21 10:30:40,306] - Baseapp::initializeEnd: started resmgr tick(60s)!
  INFO root [0x00001fa4] [2018-07-21 10:30:40,306] - TelnetServer server is running on port 40000
  INFO root [0x00001fa4] [2018-07-21 10:30:40,614] - ---- baseapp is running ----
 DEBUG root [0x00001fa4] [2018-07-21 10:30:40,614] - Components::process(): Request for the process of identity...
  WARN root [0x00001fa4] [2018-07-21 10:30:46,679] - EntityApp::checkTickPeriod: tick took 6065% (6.07 seconds)!
  INFO root [0x00001fa4] [2018-07-21 10:30:47,715] - Components::findComponents: find logger(1)...
  INFO root [0x00001fa4] [2018-07-21 10:30:47,799] - Components::findComponents: found logger, addr:192.168.0.106:50190
  INFO root [0x00001fa4] [2018-07-21 10:30:47,800] - Components::addComponent: reset orderLog, uid=12212!
  INFO root [0x00001fa4] [2018-07-21 10:30:47,800] - Components::addComponent[logger], uid=12212, componentID=2000, globalorderid=1, grouporderid=1, totalcount=1
  INFO root [0x00001fa4] [2018-07-21 10:30:47,802] - Components::findComponents: find dbmgr(2)...
  INFO root [0x00001fa4] [2018-07-21 10:30:47,904] - Components::findComponents: found dbmgr, addr:192.168.0.106:50193
  INFO root [0x00001fa4] [2018-07-21 10:30:47,905] - Components::addComponent: reset orderLog, uid=12212!
  INFO root [0x00001fa4] [2018-07-21 10:30:47,905] - Components::addComponent[dbmgr], uid=12212, componentID=4000, globalorderid=1, grouporderid=1, totalcount=1
  INFO root [0x00001fa4] [2018-07-21 10:30:47,906] - Components::findComponents: found dbmgr, addr:192.168.0.106:50193
  WARN root [0x00001fa4] [2018-07-21 10:30:48,906] - EntityApp::checkTickPeriod: tick took 1291% (1.29 seconds)!
  WARN root [0x00001fa4] [2018-07-21 10:30:48,907] - Forwarding logs to logger[192.168.0.106:50190/0/0/0]...
