  INFO root [2018-11-18 12:31:55,963] - 
  INFO root [2018-11-18 12:31:55,964] - -----------------------------------------------------------------------------------------


  INFO root [2018-11-18 12:31:57,326] - Resmgr::initialize: KBE_ROOT=E:/kbengine/
  INFO root [2018-11-18 12:31:57,327] - Resmgr::initialize: KBE_RES_PATH=E:/kbengine/kbe/res/;E:/kbengine/assets/;E:/kbengine/assets/scripts/;E:/kbengine/assets/res/
  INFO root [2018-11-18 12:31:57,327] - Resmgr::initialize: KBE_BIN_PATH=E:/kbengine/kbe/bin/server/
  INFO root [2018-11-18 12:31:57,687] - NetworkInterface::initialize(INTERNAL): bound to all interfaces with default route interface on 192.168.0.107 ( 192.168.0.107:58545 )
  INFO root [2018-11-18 12:31:57,743] - NetworkInterface::initialize(INTERNAL): address 192.168.0.107:58545, SOMAXCONN=5.
  INFO root [2018-11-18 12:31:57,743] - server-configs:
  INFO root [2018-11-18 12:31:57,744] - 	internalAddr : 192.168.0.107:58545
  INFO root [2018-11-18 12:31:57,744] - 	componentID : 6000
  INFO root [2018-11-18 12:31:59,730] - ---- cellappmgr Version: 2.0.0. ScriptVersion: 0.1.0. Protocol: 52E8E19C86891AC3218081DFAA2FD187. Config: Debug X86. Built: 15:52:42 Apr 29 2018. AppID: 6000. UID: 11340. PID: 12920 ----
  INFO root [2018-11-18 12:31:59,732] - Server : Intel(R) Xeon(R) CPU E3-1230 v3 @ 3.30GHz with 4194303kB RAM
  INFO root [2018-11-18 12:31:59,773] - ThreadPool::createThreadPool: creating  threadpool...
  INFO root [2018-11-18 12:31:59,775] - ThreadPool::createThreadPool: successfully(2), newThreadCount=1, normalMaxThreadCount=2, maxThreadCount=8
  INFO root [2018-11-18 12:32:00,431] - ---- cellappmgr is running ----
 DEBUG root [2018-11-18 12:32:00,448] - Components::process(): Request for the process of identity...
  INFO root [2018-11-18 12:32:08,135] - Components::findComponents: find logger(1)...
  WARN root [2018-11-18 12:32:09,210] - Components::findComponents: not found logger!
  INFO root [2018-11-18 12:32:10,215] - Components::findComponents: find dbmgr(1)...
  INFO root [2018-11-18 12:32:12,235] - Components::findComponents: find dbmgr(2)...
  INFO root [2018-11-18 12:32:14,335] - Components::findComponents: find dbmgr(3)...
  INFO root [2018-11-18 12:32:16,436] - Components::findComponents: find dbmgr(4)...
  INFO root [2018-11-18 12:32:18,455] - Components::findComponents: find dbmgr(5)...
  INFO root [2018-11-18 12:32:20,575] - Components::findComponents: find dbmgr(6)...
  INFO root [2018-11-18 12:32:22,690] - Components::findComponents: find dbmgr(7)...
  INFO root [2018-11-18 12:32:24,789] - Components::findComponents: find dbmgr(8)...
  INFO root [2018-11-18 12:32:26,815] - Components::findComponents: find dbmgr(9)...
  INFO root [2018-11-18 12:32:28,915] - Components::findComponents: find dbmgr(10)...
  INFO root [2018-11-18 12:32:30,935] - Components::findComponents: find dbmgr(11)...
  INFO root [2018-11-18 12:32:33,056] - Components::findComponents: find dbmgr(12)...
  INFO root [2018-11-18 12:32:35,076] - Components::findComponents: find dbmgr(13)...
  INFO root [2018-11-18 12:32:37,096] - Components::findComponents: find dbmgr(14)...
  INFO root [2018-11-18 12:32:39,135] - Components::findComponents: find dbmgr(15)...
  INFO root [2018-11-18 12:32:41,255] - Components::findComponents: find dbmgr(16)...
  WARN root [2018-11-18 12:32:41,566] - BundleBroadcast::BundleBroadcast: Cannot bind to port 20540, errorno=10048
  WARN root [2018-11-18 12:32:42,575] - Components::findComponents: find dbmgr(17)...
delay time is too long, please check the dbmgr logs!
  WARN root [2018-11-18 12:32:44,689] - Components::findComponents: find dbmgr(18)...
delay time is too long, please check the dbmgr logs!
  WARN root [2018-11-18 12:32:46,715] - Components::findComponents: find dbmgr(19)...
delay time is too long, please check the dbmgr logs!
  WARN root [2018-11-18 12:32:48,835] - Components::findComponents: find dbmgr(20)...
delay time is too long, please check the dbmgr logs!
  WARN root [2018-11-18 12:32:50,956] - Components::findComponents: find dbmgr(21)...
delay time is too long, please check the dbmgr logs!
  WARN root [2018-11-18 12:32:53,076] - Components::findComponents: find dbmgr(22)...
delay time is too long, please check the dbmgr logs!
  WARN root [2018-11-18 12:32:55,190] - Components::findComponents: find dbmgr(23)...
delay time is too long, please check the dbmgr logs!
  WARN root [2018-11-18 12:32:57,216] - Components::findComponents: find dbmgr(24)...
delay time is too long, please check the dbmgr logs!
  WARN root [2018-11-18 12:32:59,336] - Components::findComponents: find dbmgr(25)...
delay time is too long, please check the dbmgr logs!
  WARN root [2018-11-18 12:33:01,375] - Components::findComponents: find dbmgr(26)...
delay time is too long, please check the dbmgr logs!
  WARN root [2018-11-18 12:33:03,435] - Components::findComponents: find dbmgr(27)...
delay time is too long, please check the dbmgr logs!
  INFO root [2018-11-18 12:33:25,656] - 
  INFO root [2018-11-18 12:33:25,656] - -----------------------------------------------------------------------------------------


  INFO root [2018-11-18 12:33:25,657] - Resmgr::initialize: KBE_ROOT=E:/kbengine/
  INFO root [2018-11-18 12:33:25,657] - Resmgr::initialize: KBE_RES_PATH=E:/kbengine/kbe/res/;E:/kbengine/assets/;E:/kbengine/assets/scripts/;E:/kbengine/assets/res/
  INFO root [2018-11-18 12:33:25,657] - Resmgr::initialize: KBE_BIN_PATH=E:/kbengine/kbe/bin/server/
  INFO root [2018-11-18 12:33:25,664] - NetworkInterface::initialize(INTERNAL): bound to all interfaces with default route interface on 192.168.0.107 ( 192.168.0.107:58595 )
  INFO root [2018-11-18 12:33:25,665] - NetworkInterface::initialize(INTERNAL): address 192.168.0.107:58595, SOMAXCONN=5.
  INFO root [2018-11-18 12:33:25,665] - server-configs:
  INFO root [2018-11-18 12:33:25,665] - 	internalAddr : 192.168.0.107:58595
  INFO root [2018-11-18 12:33:25,665] - 	componentID : 6000
  INFO root [2018-11-18 12:33:27,173] - ---- cellappmgr Version: 2.0.0. ScriptVersion: 0.1.0. Protocol: 52E8E19C86891AC3218081DFAA2FD187. Config: Debug X86. Built: 15:52:42 Apr 29 2018. AppID: 6000. UID: 11679. PID: 13920 ----
  INFO root [2018-11-18 12:33:27,173] - Server : Intel(R) Xeon(R) CPU E3-1230 v3 @ 3.30GHz with 4194303kB RAM
  INFO root [2018-11-18 12:33:27,174] - ThreadPool::createThreadPool: creating  threadpool...
  INFO root [2018-11-18 12:33:27,174] - ThreadPool::createThreadPool: successfully(2), newThreadCount=1, normalMaxThreadCount=2, maxThreadCount=8
  INFO root [2018-11-18 12:33:27,516] - ---- cellappmgr is running ----
 DEBUG root [2018-11-18 12:33:27,516] - Components::process(): Request for the process of identity...
  INFO root [2018-11-18 12:33:34,674] - Components::findComponents: find logger(1)...
  INFO root [2018-11-18 12:33:34,728] - Components::findComponents: found logger, addr:192.168.0.107:58590
  INFO root [2018-11-18 12:33:34,729] - Components::addComponent: reset orderLog, uid=11679!
  INFO root [2018-11-18 12:33:34,729] - Components::addComponent[logger], uid=11679, componentID=2000, globalorderid=1, grouporderid=1, totalcount=1
  INFO root [2018-11-18 12:33:34,755] - Components::findComponents: find dbmgr(2)...
  INFO root [2018-11-18 12:33:34,832] - Components::findComponents: found dbmgr, addr:192.168.0.107:58591
  INFO root [2018-11-18 12:33:34,832] - Components::addComponent: reset orderLog, uid=11679!
  INFO root [2018-11-18 12:33:34,832] - Components::addComponent[dbmgr], uid=11679, componentID=4000, globalorderid=1, grouporderid=1, totalcount=1
  INFO root [2018-11-18 12:33:34,833] - Components::findComponents: found dbmgr, addr:192.168.0.107:58591
  WARN root [2018-11-18 12:33:35,833] - Forwarding logs to logger[192.168.0.107:58590/0/0/0]...
 ERROR root [2018-11-18 23:14:28,036] - Components::removeComponentByChannel: logger : 2000, Abnormal exit! errorno=10054
  INFO root [2018-11-18 23:14:28,147] - The following logs sent to logger failed:
  WARN root [2018-11-18 23:14:28,147] - ==> [2018-11-18 23:14:27 977] TCPPacketReceiver::processPendingEvents(192.168.0.107:58590): Throwing REASON_GENERAL_NETWORK - WSAECONNRESET
 ERROR root [2018-11-18 23:14:28,147] - ==> [2018-11-18 23:14:28 036] Components::removeComponentByChannel: logger : 2000, Abnormal exit! errorno=10054
  WARN root [2018-11-18 23:14:28,265] - TCPPacketReceiver::processPendingEvents(192.168.0.107:58591): Throwing REASON_GENERAL_NETWORK - WSAECONNRESET
 ERROR root [2018-11-18 23:14:28,305] - Components::removeComponentByChannel: dbmgr : 4000, Abnormal exit! errorno=10054
  INFO root [2018-11-18 23:14:28,461] - Shutdowner::onShutdownBegin: shutting down(period=0, tickPeriod=1)
  INFO root [2018-11-18 23:14:28,461] - Shutdowner::onShutdown: shutting down
  INFO root [2018-11-18 23:14:28,461] - Shutdowner::onShutdownEnd: shutting down
 DEBUG root [2018-11-18 23:14:28,531] - ThreadPool::destroy(): starting size 2.
  INFO root [2018-11-18 23:14:31,671] - 
  INFO root [2018-11-18 23:14:31,676] - -----------------------------------------------------------------------------------------


  INFO root [2018-11-18 23:14:31,676] - Resmgr::initialize: KBE_ROOT=E:/kbengine/
  INFO root [2018-11-18 23:14:31,676] - Resmgr::initialize: KBE_RES_PATH=E:/kbengine/kbe/res/;E:/kbengine/assets/;E:/kbengine/assets/scripts/;E:/kbengine/assets/res/
  INFO root [2018-11-18 23:14:31,677] - Resmgr::initialize: KBE_BIN_PATH=E:/kbengine/kbe/bin/server/
  INFO root [2018-11-18 23:14:31,681] - NetworkInterface::initialize(INTERNAL): bound to all interfaces with default route interface on 192.168.0.107 ( 192.168.0.107:49847 )
  INFO root [2018-11-18 23:14:31,681] - NetworkInterface::initialize(INTERNAL): address 192.168.0.107:49847, SOMAXCONN=5.
  INFO root [2018-11-18 23:14:31,682] - server-configs:
  INFO root [2018-11-18 23:14:31,682] - 	internalAddr : 192.168.0.107:49847
  INFO root [2018-11-18 23:14:31,682] - 	componentID : 6000
  INFO root [2018-11-18 23:14:33,193] - ---- cellappmgr Version: 2.0.0. ScriptVersion: 0.1.0. Protocol: 52E8E19C86891AC3218081DFAA2FD187. Config: Debug X86. Built: 15:52:42 Apr 29 2018. AppID: 6000. UID: 6215. PID: 6252 ----
  INFO root [2018-11-18 23:14:33,193] - Server : Intel(R) Xeon(R) CPU E3-1230 v3 @ 3.30GHz with 4194303kB RAM
  INFO root [2018-11-18 23:14:33,194] - ThreadPool::createThreadPool: creating  threadpool...
  INFO root [2018-11-18 23:14:33,195] - ThreadPool::createThreadPool: successfully(2), newThreadCount=1, normalMaxThreadCount=2, maxThreadCount=8
  INFO root [2018-11-18 23:14:33,567] - ---- cellappmgr is running ----
 DEBUG root [2018-11-18 23:14:33,567] - Components::process(): Request for the process of identity...
  INFO root [2018-11-18 23:14:40,715] - Components::findComponents: find logger(1)...
  INFO root [2018-11-18 23:14:40,746] - Components::findComponents: found logger, addr:192.168.0.107:49846
  INFO root [2018-11-18 23:14:40,747] - Components::addComponent: reset orderLog, uid=6215!
  INFO root [2018-11-18 23:14:40,748] - Components::addComponent[logger], uid=6215, componentID=2000, globalorderid=1, grouporderid=1, totalcount=1
  INFO root [2018-11-18 23:14:40,750] - Components::findComponents: find dbmgr(2)...
  INFO root [2018-11-18 23:14:40,855] - Components::findComponents: found dbmgr, addr:192.168.0.107:49843
  INFO root [2018-11-18 23:14:40,856] - Components::addComponent: reset orderLog, uid=6215!
  INFO root [2018-11-18 23:14:40,856] - Components::addComponent[dbmgr], uid=6215, componentID=4000, globalorderid=1, grouporderid=1, totalcount=1
  INFO root [2018-11-18 23:14:40,857] - Components::findComponents: found dbmgr, addr:192.168.0.107:49843
  WARN root [2018-11-18 23:14:41,858] - Forwarding logs to logger[192.168.0.107:49846/0/0/0]...
