  INFO root [0x00002474] [2018-11-14 13:47:46,303] - 
  INFO root [0x00002474] [2018-11-14 13:47:46,512] - -----------------------------------------------------------------------------------------


  INFO root [0x00002474] [2018-11-14 13:47:48,223] - Resmgr::initialize: KBE_ROOT=E:/kbengine/
  INFO root [0x00002474] [2018-11-14 13:47:48,224] - Resmgr::initialize: KBE_RES_PATH=E:/kbengine/kbe/res/;E:/kbengine/assets/;E:/kbengine/assets/scripts/;E:/kbengine/assets/res/
  INFO root [0x00002474] [2018-11-14 13:47:48,225] - Resmgr::initialize: KBE_BIN_PATH=E:/kbengine/kbe/bin/server/
  INFO root [0x00002474] [2018-11-14 13:47:48,642] - NetworkInterface::initialize(INTERNAL): bound to all interfaces with default route interface on 192.168.0.107 ( 192.168.0.107:51864 )
  INFO root [0x00002474] [2018-11-14 13:47:48,697] - NetworkInterface::initialize(INTERNAL): address 192.168.0.107:51864, SOMAXCONN=5.
  INFO root [0x00002474] [2018-11-14 13:47:48,697] - server-configs:
  INFO root [0x00002474] [2018-11-14 13:47:48,698] - 	gameUpdateHertz : 10
  INFO root [0x00002474] [2018-11-14 13:47:48,764] - 	defaultViewRadius : 80
  INFO root [0x00002474] [2018-11-14 13:47:48,764] - 	defaultViewHysteresisArea : 5
  INFO root [0x00002474] [2018-11-14 13:47:48,765] - 	entryScriptFile : kbemain
  INFO root [0x00002474] [2018-11-14 13:47:48,765] - 	internalAddr : 192.168.0.107:51864
  INFO root [0x00002474] [2018-11-14 13:47:48,766] - 	componentID : 8001
  INFO root [0x00002474] [2018-11-14 13:47:49,377] - Components::findLogger: found logger, addr:192.168.0.107:51857
  INFO root [0x00002474] [2018-11-14 13:47:49,378] - Components::addComponent: reset orderLog, uid=11700!
  INFO root [0x00002474] [2018-11-14 13:47:49,401] - Components::addComponent[logger], uid=11700, componentID=2000, globalorderid=1, grouporderid=1, totalcount=1
  INFO root [0x00002474] [2018-11-14 13:47:49,565] - ---- cellapp Version: 2.0.0. ScriptVersion: 0.1.0. Protocol: 85A70C5E64F896E0F1A60BF405B4EB07. Config: Debug X86. Built: 15:53:53 Apr 29 2018. AppID: 8001. UID: 11700. PID: 9324 ----
  INFO root [0x00002474] [2018-11-14 13:47:49,566] - Server : Intel(R) Xeon(R) CPU E3-1230 v3 @ 3.30GHz with 4194303kB RAM
  INFO root [0x00002474] [2018-11-14 13:47:49,622] - ThreadPool::createThreadPool: creating  threadpool...
  INFO root [0x00002474] [2018-11-14 13:47:49,639] - ThreadPool::createThreadPool: successfully(2), newThreadCount=1, normalMaxThreadCount=2, maxThreadCount=8
 DEBUG root [0x00002474] [2018-11-14 13:47:55,124] - Script::install_py_dlls(): PyInit_pyexpat
 DEBUG root [0x00002474] [2018-11-14 13:47:55,189] - Script::install_py_dlls(): PyInit__socket
 DEBUG root [0x00002474] [2018-11-14 13:47:55,694] - Script::install_py_dlls(): PyInit__ssl
 DEBUG root [0x00002474] [2018-11-14 13:47:56,805] - Script::install_py_dlls(): PyInit__hashlib
 DEBUG root [0x00002474] [2018-11-14 13:47:57,038] - Script::install_py_dlls(): PyInit_select
 DEBUG root [0x00002474] [2018-11-14 13:47:57,067] - Script::install_py_dlls(): PyInit__ctypes
 DEBUG root [0x00002474] [2018-11-14 13:47:57,242] - Script::install_py_dlls(): PyInit__elementtree
 DEBUG root [0x00002474] [2018-11-14 13:47:58,093] - Script::install_py_dlls(): PyInit_unicodedata
  INFO root [0x00002474] [2018-11-14 13:47:58,956] - Script::install(): is successfully, Python=(3.4.2 (default, Apr 29 2018, 15:53:05) [MSC v.1913 32 bit (Intel)])!
  INFO root [0x00002474] [2018-11-14 13:47:58,957] - Script::install(): KBExtra is successfully!
 DEBUG root [0x00002474] [2018-11-14 13:48:00,783] - loaded entity-script:Account(1).
 DEBUG root [0x00002474] [2018-11-14 13:48:01,049] - loaded entity-script:Room(4).
  INFO root [0x00002474] [2018-11-14 13:48:01,104] - TelnetServer server is running on port 50000
  INFO root [0x00002474] [2018-11-14 13:48:01,620] - ---- cellapp is running ----
 DEBUG root [0x00002474] [2018-11-14 13:48:01,867] - Components::process(): Request for the process of identity...
  WARN root [0x00002474] [2018-11-14 13:48:08,241] - Forwarding logs to logger[192.168.0.107:51857/0/0/0]...
