  INFO root [0x000025d0] [2018-06-24 12:28:56,740] - 
  INFO root [0x000025d0] [2018-06-24 12:28:56,740] - -----------------------------------------------------------------------------------------


  INFO root [0x000025d0] [2018-06-24 12:28:56,741] - Resmgr::initialize: KBE_ROOT=E:/kbengine/
  INFO root [0x000025d0] [2018-06-24 12:28:56,741] - Resmgr::initialize: KBE_RES_PATH=E:/kbengine/kbe/res/;E:/kbengine/assets/;E:/kbengine/assets/scripts/;E:/kbengine/assets/res/
  INFO root [0x000025d0] [2018-06-24 12:28:56,741] - Resmgr::initialize: KBE_BIN_PATH=E:/kbengine/kbe/bin/server/
  INFO root [0x000025d0] [2018-06-24 12:28:56,745] - NetworkInterface::initialize(INTERNAL): bound to all interfaces with default route interface on 192.168.0.106 ( 192.168.0.106:50801 )
  INFO root [0x000025d0] [2018-06-24 12:28:56,746] - NetworkInterface::initialize(INTERNAL): address 192.168.0.106:50801, SOMAXCONN=5.
  INFO root [0x000025d0] [2018-06-24 12:28:56,746] - server-configs:
  INFO root [0x000025d0] [2018-06-24 12:28:56,746] - 	gameUpdateHertz : 10
  INFO root [0x000025d0] [2018-06-24 12:28:56,746] - 	defaultViewRadius : 80
  INFO root [0x000025d0] [2018-06-24 12:28:56,746] - 	defaultViewHysteresisArea : 5
  INFO root [0x000025d0] [2018-06-24 12:28:56,746] - 	entryScriptFile : kbemain
  INFO root [0x000025d0] [2018-06-24 12:28:56,746] - 	internalAddr : 192.168.0.106:50801
  INFO root [0x000025d0] [2018-06-24 12:28:56,746] - 	componentID : 8001
  WARN root [0x000025d0] [2018-06-24 12:28:57,057] - BundleBroadcast::BundleBroadcast: Cannot bind to port 20492, errorno=10048
  INFO root [0x000025d0] [2018-06-24 12:28:57,061] - ---- cellapp Version: 2.0.0. ScriptVersion: 0.1.0. Protocol: 85A70C5E64F896E0F1A60BF405B4EB07. Config: Debug X86. Built: 15:53:53 Apr 29 2018. AppID: 8001. UID: 19624. PID: 8464 ----
  INFO root [0x000025d0] [2018-06-24 12:28:57,061] - Server : Intel(R) Xeon(R) CPU E3-1230 v3 @ 3.30GHz with 4194303kB RAM
  INFO root [0x000025d0] [2018-06-24 12:28:57,061] - ThreadPool::createThreadPool: creating  threadpool...
  INFO root [0x000025d0] [2018-06-24 12:28:57,062] - ThreadPool::createThreadPool: successfully(2), newThreadCount=1, normalMaxThreadCount=2, maxThreadCount=8
 DEBUG root [0x000025d0] [2018-06-24 12:28:57,188] - Script::install_py_dlls(): PyInit_pyexpat
 DEBUG root [0x000025d0] [2018-06-24 12:28:57,189] - Script::install_py_dlls(): PyInit__socket
 DEBUG root [0x000025d0] [2018-06-24 12:28:57,189] - Script::install_py_dlls(): PyInit__ssl
 DEBUG root [0x000025d0] [2018-06-24 12:28:57,192] - Script::install_py_dlls(): PyInit__hashlib
 DEBUG root [0x000025d0] [2018-06-24 12:28:57,192] - Script::install_py_dlls(): PyInit_select
 DEBUG root [0x000025d0] [2018-06-24 12:28:57,192] - Script::install_py_dlls(): PyInit__ctypes
 DEBUG root [0x000025d0] [2018-06-24 12:28:57,193] - Script::install_py_dlls(): PyInit__elementtree
 DEBUG root [0x000025d0] [2018-06-24 12:28:57,220] - Script::install_py_dlls(): PyInit_unicodedata
  INFO root [0x000025d0] [2018-06-24 12:28:57,247] - Script::install(): is successfully, Python=(3.4.2 (default, Apr 29 2018, 15:53:05) [MSC v.1913 32 bit (Intel)])!
  INFO root [0x000025d0] [2018-06-24 12:28:57,247] - Script::install(): KBExtra is successfully!
 DEBUG root [0x000025d0] [2018-06-24 12:28:57,272] - loaded entity-script:Account(1).
 DEBUG root [0x000025d0] [2018-06-24 12:28:57,282] - loaded entity-script:Room(4).
  INFO root [0x000025d0] [2018-06-24 12:28:57,282] - TelnetServer server is running on port 50000
  INFO root [0x000025d0] [2018-06-24 12:28:57,567] - ---- cellapp is running ----
 DEBUG root [0x000025d0] [2018-06-24 12:28:57,568] - Components::process(): Request for the process of identity...
  WARN root [0x000025d0] [2018-06-24 12:29:03,660] - EntityApp::checkTickPeriod: tick took 6092% (6.09 seconds)!
  INFO root [0x000025d0] [2018-06-24 12:29:04,744] - Components::findComponents: find logger(1)...
  INFO root [0x000025d0] [2018-06-24 12:29:04,809] - Components::findComponents: found logger, addr:192.168.0.106:50803
  INFO root [0x000025d0] [2018-06-24 12:29:04,810] - Components::addComponent: reset orderLog, uid=19624!
  INFO root [0x000025d0] [2018-06-24 12:29:04,811] - Components::addComponent[logger], uid=19624, componentID=2000, globalorderid=1, grouporderid=1, totalcount=1
  INFO root [0x000025d0] [2018-06-24 12:29:04,813] - Components::findComponents: find dbmgr(2)...
  INFO root [0x000025d0] [2018-06-24 12:29:04,914] - Components::findComponents: found dbmgr, addr:192.168.0.106:50798
  INFO root [0x000025d0] [2018-06-24 12:29:04,915] - Components::addComponent: reset orderLog, uid=19624!
  INFO root [0x000025d0] [2018-06-24 12:29:04,915] - Components::addComponent[dbmgr], uid=19624, componentID=4000, globalorderid=1, grouporderid=1, totalcount=1
  INFO root [0x000025d0] [2018-06-24 12:29:04,916] - Components::findComponents: found dbmgr, addr:192.168.0.106:50798
  WARN root [0x000025d0] [2018-06-24 12:29:05,916] - Forwarding logs to logger[192.168.0.106:50803/0/0/0]...
