  INFO root [0x000009dc] [2018-11-08 22:30:39,075] - 
  INFO root [0x000009dc] [2018-11-08 22:30:39,442] - -----------------------------------------------------------------------------------------


  INFO root [0x000009dc] [2018-11-08 22:30:44,278] - Resmgr::initialize: KBE_ROOT=E:/kbengine/
  INFO root [0x000009dc] [2018-11-08 22:30:44,280] - Resmgr::initialize: KBE_RES_PATH=E:/kbengine/kbe/res/;E:/kbengine/assets/;E:/kbengine/assets/scripts/;E:/kbengine/assets/res/
  INFO root [0x000009dc] [2018-11-08 22:30:44,280] - Resmgr::initialize: KBE_BIN_PATH=E:/kbengine/kbe/bin/server/
  INFO root [0x000009dc] [2018-11-08 22:30:45,305] - NetworkInterface::initialize(INTERNAL): bound to all interfaces with default route interface on 192.168.0.107 ( 192.168.0.107:49844 )
  INFO root [0x000009dc] [2018-11-08 22:30:45,326] - NetworkInterface::initialize(INTERNAL): address 192.168.0.107:49844, SOMAXCONN=5.
  INFO root [0x000009dc] [2018-11-08 22:30:45,327] - server-configs:
  INFO root [0x000009dc] [2018-11-08 22:30:45,327] - 	gameUpdateHertz : 10
  INFO root [0x000009dc] [2018-11-08 22:30:45,644] - 	defaultViewRadius : 80
  INFO root [0x000009dc] [2018-11-08 22:30:45,644] - 	defaultViewHysteresisArea : 5
  INFO root [0x000009dc] [2018-11-08 22:30:45,644] - 	entryScriptFile : kbemain
  INFO root [0x000009dc] [2018-11-08 22:30:45,645] - 	internalAddr : 192.168.0.107:49844
  INFO root [0x000009dc] [2018-11-08 22:30:45,645] - 	componentID : 8001
  INFO root [0x000009dc] [2018-11-08 22:30:46,457] - ---- cellapp Version: 2.0.0. ScriptVersion: 0.1.0. Protocol: 85A70C5E64F896E0F1A60BF405B4EB07. Config: Debug X86. Built: 15:53:53 Apr 29 2018. AppID: 8001. UID: 26874. PID: 5896 ----
  INFO root [0x000009dc] [2018-11-08 22:30:46,459] - Server : Intel(R) Xeon(R) CPU E3-1230 v3 @ 3.30GHz with 4194303kB RAM
  INFO root [0x000009dc] [2018-11-08 22:30:46,885] - ThreadPool::createThreadPool: creating  threadpool...
  INFO root [0x000009dc] [2018-11-08 22:30:46,887] - ThreadPool::createThreadPool: successfully(2), newThreadCount=1, normalMaxThreadCount=2, maxThreadCount=8
 DEBUG root [0x000009dc] [2018-11-08 22:30:58,479] - Script::install_py_dlls(): PyInit_pyexpat
 DEBUG root [0x000009dc] [2018-11-08 22:30:58,827] - Script::install_py_dlls(): PyInit__socket
 DEBUG root [0x000009dc] [2018-11-08 22:30:58,966] - Script::install_py_dlls(): PyInit__ssl
 DEBUG root [0x000009dc] [2018-11-08 22:31:00,635] - Script::install_py_dlls(): PyInit__hashlib
 DEBUG root [0x000009dc] [2018-11-08 22:31:00,709] - Script::install_py_dlls(): PyInit_select
 DEBUG root [0x000009dc] [2018-11-08 22:31:00,764] - Script::install_py_dlls(): PyInit__ctypes
 DEBUG root [0x000009dc] [2018-11-08 22:31:00,822] - Script::install_py_dlls(): PyInit__elementtree
 DEBUG root [0x000009dc] [2018-11-08 22:31:01,631] - Script::install_py_dlls(): PyInit_unicodedata
  INFO root [0x000009dc] [2018-11-08 22:31:03,111] - Script::install(): is successfully, Python=(3.4.2 (default, Apr 29 2018, 15:53:05) [MSC v.1913 32 bit (Intel)])!
  INFO root [0x000009dc] [2018-11-08 22:31:03,112] - Script::install(): KBExtra is successfully!
 DEBUG root [0x000009dc] [2018-11-08 22:31:05,621] - loaded entity-script:Account(1).
 DEBUG root [0x000009dc] [2018-11-08 22:31:05,720] - loaded entity-script:Room(4).
  INFO root [0x000009dc] [2018-11-08 22:31:05,766] - TelnetServer server is running on port 50000
  INFO root [0x000009dc] [2018-11-08 22:31:06,684] - ---- cellapp is running ----
 DEBUG root [0x000009dc] [2018-11-08 22:31:06,832] - Components::process(): Request for the process of identity...
  WARN root [0x000009dc] [2018-11-08 22:31:13,228] - EntityApp::checkTickPeriod: tick took 6542% (6.54 seconds)!
  INFO root [0x000009dc] [2018-11-08 22:31:14,285] - Components::findComponents: find logger(1)...
  INFO root [0x000009dc] [2018-11-08 22:31:14,321] - Components::findComponents: found logger, addr:192.168.0.107:49838
  INFO root [0x000009dc] [2018-11-08 22:31:14,321] - Components::addComponent: reset orderLog, uid=26874!
  INFO root [0x000009dc] [2018-11-08 22:31:14,322] - Components::addComponent[logger], uid=26874, componentID=2000, globalorderid=1, grouporderid=1, totalcount=1
  INFO root [0x000009dc] [2018-11-08 22:31:14,344] - Components::findComponents: find dbmgr(2)...
  INFO root [0x000009dc] [2018-11-08 22:31:14,426] - Components::findComponents: found dbmgr, addr:192.168.0.107:49840
  INFO root [0x000009dc] [2018-11-08 22:31:14,427] - Components::addComponent: reset orderLog, uid=26874!
  INFO root [0x000009dc] [2018-11-08 22:31:14,427] - Components::addComponent[dbmgr], uid=26874, componentID=4000, globalorderid=1, grouporderid=1, totalcount=1
  INFO root [0x000009dc] [2018-11-08 22:31:14,428] - Components::findComponents: found dbmgr, addr:192.168.0.107:49840
  WARN root [0x000009dc] [2018-11-08 22:31:15,428] - EntityApp::checkTickPeriod: tick took 1243% (1.24 seconds)!
  WARN root [0x000009dc] [2018-11-08 22:31:15,430] - Forwarding logs to logger[192.168.0.107:49838/0/0/0]...
 ERROR root [0x000009dc] [2018-11-08 23:07:12,927] - Components::removeComponentByChannel: logger : 2000, Abnormal exit! errorno=10054
  INFO root [0x000009dc] [2018-11-08 23:07:12,931] - The following logs sent to logger failed:
  WARN root [0x000009dc] [2018-11-08 23:07:12,931] - ==> [2018-11-08 23:07:12 926] TCPPacketReceiver::processPendingEvents(192.168.0.107:49838): Throwing REASON_GENERAL_NETWORK - WSAECONNRESET
 ERROR root [0x000009dc] [2018-11-08 23:07:12,931] - ==> [2018-11-08 23:07:12 928] Components::removeComponentByChannel: logger : 2000, Abnormal exit! errorno=10054
  WARN root [0x000009dc] [2018-11-08 23:07:12,970] - TCPPacketReceiver::processPendingEvents(192.168.0.107:49840): Throwing REASON_GENERAL_NETWORK - WSAECONNRESET
 ERROR root [0x000009dc] [2018-11-08 23:07:12,971] - Components::removeComponentByChannel: dbmgr : 4000, Abnormal exit! errorno=10054
  INFO root [0x000009dc] [2018-11-08 23:07:13,029] - Shutdowner::onShutdownBegin: shutting down(period=0, tickPeriod=1)
  INFO root [0x000009dc] [2018-11-08 23:07:13,029] - Shutdowner::onShutdown: shutting down
  INFO root [0x000009dc] [2018-11-08 23:07:13,030] - Spaces::destroySpace: 1.
  INFO root [0x000009dc] [2018-11-08 23:07:13,031] - Shutdowner::onShutdownEnd: shutting down
 DEBUG root [0x000009dc] [2018-11-08 23:07:13,086] - Account::~Account(): 2
 DEBUG root [0x000009dc] [2018-11-08 23:07:13,087] - Account::~Account(): 7
 ERROR root [0x000009dc] [2018-11-08 23:07:13,120] - 192.168.0.107:49839: TCPPacketSender::processSend(): Exception occurred: REASON_CLIENT_DISCONNECTED , errno: 10054
 DEBUG root [0x000009dc] [2018-11-08 23:07:13,121] - EntityRef::destroyObjPool(): size 16.
 DEBUG root [0x000009dc] [2018-11-08 23:07:13,121] - Witness::destroyObjPool(): size 16.
 DEBUG root [0x000009dc] [2018-11-08 23:07:13,140] - Room::~Room(): 3
  INFO root [0x00001714] [2018-11-08 23:07:14,100] - 
  INFO root [0x00001714] [2018-11-08 23:07:14,100] - -----------------------------------------------------------------------------------------


  INFO root [0x00001714] [2018-11-08 23:07:14,101] - Resmgr::initialize: KBE_ROOT=E:/kbengine/
  INFO root [0x00001714] [2018-11-08 23:07:14,101] - Resmgr::initialize: KBE_RES_PATH=E:/kbengine/kbe/res/;E:/kbengine/assets/;E:/kbengine/assets/scripts/;E:/kbengine/assets/res/
  INFO root [0x00001714] [2018-11-08 23:07:14,101] - Resmgr::initialize: KBE_BIN_PATH=E:/kbengine/kbe/bin/server/
  INFO root [0x00001714] [2018-11-08 23:07:14,104] - NetworkInterface::initialize(INTERNAL): bound to all interfaces with default route interface on 192.168.0.107 ( 192.168.0.107:50178 )
  INFO root [0x00001714] [2018-11-08 23:07:14,104] - NetworkInterface::initialize(INTERNAL): address 192.168.0.107:50178, SOMAXCONN=5.
  INFO root [0x00001714] [2018-11-08 23:07:14,104] - server-configs:
  INFO root [0x00001714] [2018-11-08 23:07:14,104] - 	gameUpdateHertz : 10
  INFO root [0x00001714] [2018-11-08 23:07:14,104] - 	defaultViewRadius : 80
  INFO root [0x00001714] [2018-11-08 23:07:14,104] - 	defaultViewHysteresisArea : 5
  INFO root [0x00001714] [2018-11-08 23:07:14,104] - 	entryScriptFile : kbemain
  INFO root [0x00001714] [2018-11-08 23:07:14,104] - 	internalAddr : 192.168.0.107:50178
  INFO root [0x00001714] [2018-11-08 23:07:14,104] - 	componentID : 8001
  WARN root [0x00001714] [2018-11-08 23:07:14,415] - BundleBroadcast::BundleBroadcast: Cannot bind to port 20579, errorno=10048
  INFO root [0x00001714] [2018-11-08 23:07:14,419] - ---- cellapp Version: 2.0.0. ScriptVersion: 0.1.0. Protocol: 85A70C5E64F896E0F1A60BF405B4EB07. Config: Debug X86. Built: 15:53:53 Apr 29 2018. AppID: 8001. UID: 1382. PID: 7324 ----
  INFO root [0x00001714] [2018-11-08 23:07:14,419] - Server : Intel(R) Xeon(R) CPU E3-1230 v3 @ 3.30GHz with 4194303kB RAM
  INFO root [0x00001714] [2018-11-08 23:07:14,419] - ThreadPool::createThreadPool: creating  threadpool...
  INFO root [0x00001714] [2018-11-08 23:07:14,420] - ThreadPool::createThreadPool: successfully(2), newThreadCount=1, normalMaxThreadCount=2, maxThreadCount=8
 DEBUG root [0x00001714] [2018-11-08 23:07:14,546] - Script::install_py_dlls(): PyInit_pyexpat
 DEBUG root [0x00001714] [2018-11-08 23:07:14,546] - Script::install_py_dlls(): PyInit__socket
 DEBUG root [0x00001714] [2018-11-08 23:07:14,547] - Script::install_py_dlls(): PyInit__ssl
 DEBUG root [0x00001714] [2018-11-08 23:07:14,550] - Script::install_py_dlls(): PyInit__hashlib
 DEBUG root [0x00001714] [2018-11-08 23:07:14,550] - Script::install_py_dlls(): PyInit_select
 DEBUG root [0x00001714] [2018-11-08 23:07:14,550] - Script::install_py_dlls(): PyInit__ctypes
 DEBUG root [0x00001714] [2018-11-08 23:07:14,550] - Script::install_py_dlls(): PyInit__elementtree
 DEBUG root [0x00001714] [2018-11-08 23:07:14,585] - Script::install_py_dlls(): PyInit_unicodedata
  INFO root [0x00001714] [2018-11-08 23:07:14,613] - Script::install(): is successfully, Python=(3.4.2 (default, Apr 29 2018, 15:53:05) [MSC v.1913 32 bit (Intel)])!
  INFO root [0x00001714] [2018-11-08 23:07:14,613] - Script::install(): KBExtra is successfully!
 DEBUG root [0x00001714] [2018-11-08 23:07:14,633] - loaded entity-script:Account(1).
 DEBUG root [0x00001714] [2018-11-08 23:07:14,640] - loaded entity-script:Room(4).
  INFO root [0x00001714] [2018-11-08 23:07:14,641] - TelnetServer server is running on port 50000
  INFO root [0x00001714] [2018-11-08 23:07:14,928] - ---- cellapp is running ----
 DEBUG root [0x00001714] [2018-11-08 23:07:14,928] - Components::process(): Request for the process of identity...
  WARN root [0x00001714] [2018-11-08 23:07:21,002] - EntityApp::checkTickPeriod: tick took 6073% (6.07 seconds)!
  INFO root [0x00001714] [2018-11-08 23:07:22,030] - Components::findComponents: find logger(1)...
  INFO root [0x00001714] [2018-11-08 23:07:22,078] - Components::findComponents: found logger, addr:192.168.0.107:50175
  INFO root [0x00001714] [2018-11-08 23:07:22,079] - Components::addComponent: reset orderLog, uid=1382!
  INFO root [0x00001714] [2018-11-08 23:07:22,079] - Components::addComponent[logger], uid=1382, componentID=2000, globalorderid=1, grouporderid=1, totalcount=1
  INFO root [0x00001714] [2018-11-08 23:07:22,081] - Components::findComponents: find dbmgr(2)...
  INFO root [0x00001714] [2018-11-08 23:07:22,183] - Components::findComponents: found dbmgr, addr:192.168.0.107:50177
  INFO root [0x00001714] [2018-11-08 23:07:22,183] - Components::addComponent: reset orderLog, uid=1382!
  INFO root [0x00001714] [2018-11-08 23:07:22,184] - Components::addComponent[dbmgr], uid=1382, componentID=4000, globalorderid=1, grouporderid=1, totalcount=1
  INFO root [0x00001714] [2018-11-08 23:07:22,184] - Components::findComponents: found dbmgr, addr:192.168.0.107:50177
  WARN root [0x00001714] [2018-11-08 23:07:23,184] - EntityApp::checkTickPeriod: tick took 1254% (1.25 seconds)!
  WARN root [0x00001714] [2018-11-08 23:07:23,186] - Forwarding logs to logger[192.168.0.107:50175/0/0/0]...
