  INFO root [0x000037bc] [2018-11-07 23:31:40,204] - 
  INFO root [0x000037bc] [2018-11-07 23:31:40,329] - -----------------------------------------------------------------------------------------


  INFO root [0x000037bc] [2018-11-07 23:31:41,890] - Resmgr::initialize: KBE_ROOT=E:/kbengine/
  INFO root [0x000037bc] [2018-11-07 23:31:41,891] - Resmgr::initialize: KBE_RES_PATH=E:/kbengine/kbe/res/;E:/kbengine/assets/;E:/kbengine/assets/scripts/;E:/kbengine/assets/res/
  INFO root [0x000037bc] [2018-11-07 23:31:41,891] - Resmgr::initialize: KBE_BIN_PATH=E:/kbengine/kbe/bin/server/
  INFO root [0x000037bc] [2018-11-07 23:31:42,467] - NetworkInterface::initialize(INTERNAL): bound to all interfaces with default route interface on 192.168.0.107 ( 192.168.0.107:55060 )
  INFO root [0x000037bc] [2018-11-07 23:31:42,480] - NetworkInterface::initialize(INTERNAL): address 192.168.0.107:55060, SOMAXCONN=5.
  INFO root [0x000037bc] [2018-11-07 23:31:42,481] - server-configs:
  INFO root [0x000037bc] [2018-11-07 23:31:42,481] - 	gameUpdateHertz : 10
  INFO root [0x000037bc] [2018-11-07 23:31:42,689] - 	defaultViewRadius : 80
  INFO root [0x000037bc] [2018-11-07 23:31:42,690] - 	defaultViewHysteresisArea : 5
  INFO root [0x000037bc] [2018-11-07 23:31:42,690] - 	entryScriptFile : kbemain
  INFO root [0x000037bc] [2018-11-07 23:31:42,690] - 	internalAddr : 192.168.0.107:55060
  INFO root [0x000037bc] [2018-11-07 23:31:42,690] - 	componentID : 8001
  INFO root [0x000037bc] [2018-11-07 23:31:43,470] - Components::findLogger: found logger, addr:192.168.0.107:55052
  INFO root [0x000037bc] [2018-11-07 23:31:43,470] - Components::addComponent: reset orderLog, uid=18863!
  INFO root [0x000037bc] [2018-11-07 23:31:43,518] - Components::addComponent[logger], uid=18863, componentID=2000, globalorderid=1, grouporderid=1, totalcount=1
  INFO root [0x000037bc] [2018-11-07 23:31:43,833] - ---- cellapp Version: 2.0.0. ScriptVersion: 0.1.0. Protocol: 85A70C5E64F896E0F1A60BF405B4EB07. Config: Debug X86. Built: 15:53:53 Apr 29 2018. AppID: 8001. UID: 18863. PID: 14264 ----
  INFO root [0x000037bc] [2018-11-07 23:31:43,834] - Server : Intel(R) Xeon(R) CPU E3-1230 v3 @ 3.30GHz with 4194303kB RAM
  INFO root [0x000037bc] [2018-11-07 23:31:43,915] - ThreadPool::createThreadPool: creating  threadpool...
  INFO root [0x000037bc] [2018-11-07 23:31:43,932] - ThreadPool::createThreadPool: successfully(2), newThreadCount=1, normalMaxThreadCount=2, maxThreadCount=8
 DEBUG root [0x000037bc] [2018-11-07 23:31:49,925] - Script::install_py_dlls(): PyInit_pyexpat
 DEBUG root [0x000037bc] [2018-11-07 23:31:49,973] - Script::install_py_dlls(): PyInit__socket
 DEBUG root [0x000037bc] [2018-11-07 23:31:50,570] - Script::install_py_dlls(): PyInit__ssl
 DEBUG root [0x000037bc] [2018-11-07 23:31:51,681] - Script::install_py_dlls(): PyInit__hashlib
 DEBUG root [0x000037bc] [2018-11-07 23:31:51,746] - Script::install_py_dlls(): PyInit_select
 DEBUG root [0x000037bc] [2018-11-07 23:31:51,860] - Script::install_py_dlls(): PyInit__ctypes
 DEBUG root [0x000037bc] [2018-11-07 23:31:51,901] - Script::install_py_dlls(): PyInit__elementtree
 DEBUG root [0x000037bc] [2018-11-07 23:31:52,353] - Script::install_py_dlls(): PyInit_unicodedata
  INFO root [0x000037bc] [2018-11-07 23:31:52,978] - Script::install(): is successfully, Python=(3.4.2 (default, Apr 29 2018, 15:53:05) [MSC v.1913 32 bit (Intel)])!
  INFO root [0x000037bc] [2018-11-07 23:31:52,979] - Script::install(): KBExtra is successfully!
 DEBUG root [0x000037bc] [2018-11-07 23:31:54,777] - loaded entity-script:Account(1).
 DEBUG root [0x000037bc] [2018-11-07 23:31:55,040] - loaded entity-script:Room(4).
  INFO root [0x000037bc] [2018-11-07 23:31:55,079] - TelnetServer server is running on port 50000
  INFO root [0x000037bc] [2018-11-07 23:31:55,645] - ---- cellapp is running ----
 DEBUG root [0x000037bc] [2018-11-07 23:31:55,692] - Components::process(): Request for the process of identity...
  WARN root [0x000037bc] [2018-11-07 23:32:01,872] - Forwarding logs to logger[192.168.0.107:55052/0/0/0]...
