  INFO root [0x00001b50] [2018-08-26 11:37:27,183] - 
  INFO root [0x00001b50] [2018-08-26 11:37:27,312] - -----------------------------------------------------------------------------------------


  INFO root [0x00001b50] [2018-08-26 11:37:29,015] - Resmgr::initialize: KBE_ROOT=E:/kbengine/
  INFO root [0x00001b50] [2018-08-26 11:37:29,017] - Resmgr::initialize: KBE_RES_PATH=E:/kbengine/kbe/res/;E:/kbengine/assets/;E:/kbengine/assets/scripts/;E:/kbengine/assets/res/
  INFO root [0x00001b50] [2018-08-26 11:37:29,017] - Resmgr::initialize: KBE_BIN_PATH=E:/kbengine/kbe/bin/server/
  INFO root [0x00001b50] [2018-08-26 11:37:30,067] - NetworkInterface::initialize(INTERNAL): bound to all interfaces with default route interface on 192.168.0.106 ( 192.168.0.106:50296 )
  INFO root [0x00001b50] [2018-08-26 11:37:30,097] - NetworkInterface::initialize(INTERNAL): address 192.168.0.106:50296, SOMAXCONN=5.
  INFO root [0x00001b50] [2018-08-26 11:37:30,097] - server-configs:
  INFO root [0x00001b50] [2018-08-26 11:37:30,098] - 	gameUpdateHertz : 10
  INFO root [0x00001b50] [2018-08-26 11:37:30,131] - 	defaultViewRadius : 80
  INFO root [0x00001b50] [2018-08-26 11:37:30,131] - 	defaultViewHysteresisArea : 5
  INFO root [0x00001b50] [2018-08-26 11:37:30,131] - 	entryScriptFile : kbemain
  INFO root [0x00001b50] [2018-08-26 11:37:30,132] - 	internalAddr : 192.168.0.106:50296
  INFO root [0x00001b50] [2018-08-26 11:37:30,132] - 	componentID : 8001
  INFO root [0x00001b50] [2018-08-26 11:37:30,536] - ---- cellapp Version: 2.0.0. ScriptVersion: 0.1.0. Protocol: 85A70C5E64F896E0F1A60BF405B4EB07. Config: Debug X86. Built: 15:53:53 Apr 29 2018. AppID: 8001. UID: 24354. PID: 5212 ----
  INFO root [0x00001b50] [2018-08-26 11:37:30,536] - Server : Intel(R) Xeon(R) CPU E3-1230 v3 @ 3.30GHz with 4194303kB RAM
  INFO root [0x00001b50] [2018-08-26 11:37:30,572] - ThreadPool::createThreadPool: creating  threadpool...
  INFO root [0x00001b50] [2018-08-26 11:37:30,590] - ThreadPool::createThreadPool: successfully(2), newThreadCount=1, normalMaxThreadCount=2, maxThreadCount=8
 DEBUG root [0x00001b50] [2018-08-26 11:37:35,590] - Script::install_py_dlls(): PyInit_pyexpat
 DEBUG root [0x00001b50] [2018-08-26 11:37:35,705] - Script::install_py_dlls(): PyInit__socket
 DEBUG root [0x00001b50] [2018-08-26 11:37:35,977] - Script::install_py_dlls(): PyInit__ssl
 DEBUG root [0x00001b50] [2018-08-26 11:37:36,931] - Script::install_py_dlls(): PyInit__hashlib
 DEBUG root [0x00001b50] [2018-08-26 11:37:37,088] - Script::install_py_dlls(): PyInit_select
 DEBUG root [0x00001b50] [2018-08-26 11:37:37,143] - Script::install_py_dlls(): PyInit__ctypes
 DEBUG root [0x00001b50] [2018-08-26 11:37:37,310] - Script::install_py_dlls(): PyInit__elementtree
 DEBUG root [0x00001b50] [2018-08-26 11:37:38,086] - Script::install_py_dlls(): PyInit_unicodedata
  INFO root [0x00001b50] [2018-08-26 11:37:39,148] - Script::install(): is successfully, Python=(3.4.2 (default, Apr 29 2018, 15:53:05) [MSC v.1913 32 bit (Intel)])!
  INFO root [0x00001b50] [2018-08-26 11:37:39,149] - Script::install(): KBExtra is successfully!
 DEBUG root [0x00001b50] [2018-08-26 11:37:40,751] - loaded entity-script:Account(1).
 DEBUG root [0x00001b50] [2018-08-26 11:37:41,084] - loaded entity-script:Room(4).
  INFO root [0x00001b50] [2018-08-26 11:37:41,104] - TelnetServer server is running on port 50000
  INFO root [0x00001b50] [2018-08-26 11:37:41,628] - ---- cellapp is running ----
 DEBUG root [0x00001b50] [2018-08-26 11:37:41,670] - Components::process(): Request for the process of identity...
  WARN root [0x00001b50] [2018-08-26 11:37:48,113] - EntityApp::checkTickPeriod: tick took 6485% (6.49 seconds)!
  WARN root [0x00001b50] [2018-08-26 11:37:48,222] - e:\kbengine\kbe\src\lib\network\event_dispatcher.cpp:153: Profile callSystemTimers took 0.22 seconds
  INFO root [0x00001b50] [2018-08-26 11:37:49,229] - Components::findComponents: find logger(1)...
  INFO root [0x00001b50] [2018-08-26 11:37:49,264] - Components::findComponents: found logger, addr:192.168.0.106:50288
  INFO root [0x00001b50] [2018-08-26 11:37:49,264] - Components::addComponent: reset orderLog, uid=24354!
  INFO root [0x00001b50] [2018-08-26 11:37:49,265] - Components::addComponent[logger], uid=24354, componentID=2000, globalorderid=1, grouporderid=1, totalcount=1
  INFO root [0x00001b50] [2018-08-26 11:37:49,355] - Components::findComponents: find dbmgr(2)...
  INFO root [0x00001b50] [2018-08-26 11:37:49,366] - Components::findComponents: found dbmgr, addr:192.168.0.106:50291
  INFO root [0x00001b50] [2018-08-26 11:37:49,366] - Components::addComponent: reset orderLog, uid=24354!
  INFO root [0x00001b50] [2018-08-26 11:37:49,366] - Components::addComponent[dbmgr], uid=24354, componentID=4000, globalorderid=1, grouporderid=1, totalcount=1
  INFO root [0x00001b50] [2018-08-26 11:37:49,367] - Components::findComponents: found dbmgr, addr:192.168.0.106:50291
  WARN root [0x00001b50] [2018-08-26 11:37:50,367] - EntityApp::checkTickPeriod: tick took 1238% (1.24 seconds)!
  WARN root [0x00001b50] [2018-08-26 11:37:50,368] - Forwarding logs to logger[192.168.0.106:50288/0/0/0]...
 ERROR root [0x00001b50] [2018-08-26 12:19:36,004] - Components::removeComponentByChannel: logger : 2000, Abnormal exit! errorno=10054
  INFO root [0x00001b50] [2018-08-26 12:19:36,006] - The following logs sent to logger failed:
  WARN root [0x00001b50] [2018-08-26 12:19:36,006] - ==> [2018-08-26 12:19:36 003] TCPPacketReceiver::processPendingEvents(192.168.0.106:50288): Throwing REASON_GENERAL_NETWORK - WSAECONNRESET
 ERROR root [0x00001b50] [2018-08-26 12:19:36,007] - ==> [2018-08-26 12:19:36 004] Components::removeComponentByChannel: logger : 2000, Abnormal exit! errorno=10054
  WARN root [0x00001b50] [2018-08-26 12:19:36,058] - TCPPacketReceiver::processPendingEvents(192.168.0.106:50291): Throwing REASON_GENERAL_NETWORK - WSAECONNRESET
 ERROR root [0x00001b50] [2018-08-26 12:19:36,060] - Components::removeComponentByChannel: dbmgr : 4000, Abnormal exit! errorno=10054
  INFO root [0x00001b50] [2018-08-26 12:19:36,070] - Shutdowner::onShutdownBegin: shutting down(period=0, tickPeriod=1)
  INFO root [0x00001b50] [2018-08-26 12:19:36,071] - Shutdowner::onShutdown: shutting down
  INFO root [0x00001b50] [2018-08-26 12:19:36,072] - Spaces::destroySpace: 1.
  INFO root [0x00001b50] [2018-08-26 12:19:36,072] - Shutdowner::onShutdownEnd: shutting down
 DEBUG root [0x00001b50] [2018-08-26 12:19:36,186] - Account::~Account(): 2002
 DEBUG root [0x00001b50] [2018-08-26 12:19:36,186] - Account::~Account(): 2004
 ERROR root [0x00001b50] [2018-08-26 12:19:36,187] - 192.168.0.106:50290: TCPPacketSender::processSend(): Exception occurred: REASON_CLIENT_DISCONNECTED , errno: 10054
 DEBUG root [0x00001b50] [2018-08-26 12:19:36,188] - EntityRef::destroyObjPool(): size 16.
 DEBUG root [0x00001b50] [2018-08-26 12:19:36,188] - Witness::destroyObjPool(): size 16.
 DEBUG root [0x00001b50] [2018-08-26 12:19:36,248] - Room::~Room(): 2003
 ERROR root [0x00001b50] [2018-08-26 12:19:36,252] - PyGC::debugTracing(): EntityCall : leaked(32)
 DEBUG root [0x00001b50] [2018-08-26 12:19:36,253] - Script::uninstall_py_dlls(): PyInit_pyexpat
 DEBUG root [0x00001b50] [2018-08-26 12:19:36,253] - Script::uninstall_py_dlls(): PyInit__socket
 DEBUG root [0x00001b50] [2018-08-26 12:19:36,253] - Script::uninstall_py_dlls(): PyInit__ssl
 DEBUG root [0x00001b50] [2018-08-26 12:19:36,253] - Script::uninstall_py_dlls(): PyInit__hashlib
 DEBUG root [0x00001b50] [2018-08-26 12:19:36,253] - Script::uninstall_py_dlls(): PyInit_select
 DEBUG root [0x00001b50] [2018-08-26 12:19:36,253] - Script::uninstall_py_dlls(): PyInit__ctypes
 DEBUG root [0x00001b50] [2018-08-26 12:19:36,253] - Script::uninstall_py_dlls(): PyInit__elementtree
 DEBUG root [0x00001b50] [2018-08-26 12:19:36,253] - Script::uninstall_py_dlls(): PyInit_unicodedata
  INFO root [0x00001b50] [2018-08-26 12:19:36,267] - Script::uninstall(): is successfully!
 DEBUG root [0x00001b50] [2018-08-26 12:19:36,268] - ThreadPool::destroy(): starting size 2.
  INFO root [0x00002d40] [2018-08-26 12:19:37,243] - 
  INFO root [0x00002d40] [2018-08-26 12:19:37,243] - -----------------------------------------------------------------------------------------


  INFO root [0x00002d40] [2018-08-26 12:19:37,244] - Resmgr::initialize: KBE_ROOT=E:/kbengine/
  INFO root [0x00002d40] [2018-08-26 12:19:37,244] - Resmgr::initialize: KBE_RES_PATH=E:/kbengine/kbe/res/;E:/kbengine/assets/;E:/kbengine/assets/scripts/;E:/kbengine/assets/res/
  INFO root [0x00002d40] [2018-08-26 12:19:37,244] - Resmgr::initialize: KBE_BIN_PATH=E:/kbengine/kbe/bin/server/
  INFO root [0x00002d40] [2018-08-26 12:19:37,250] - NetworkInterface::initialize(INTERNAL): bound to all interfaces with default route interface on 192.168.0.106 ( 192.168.0.106:57441 )
  INFO root [0x00002d40] [2018-08-26 12:19:37,250] - NetworkInterface::initialize(INTERNAL): address 192.168.0.106:57441, SOMAXCONN=5.
  INFO root [0x00002d40] [2018-08-26 12:19:37,250] - server-configs:
  INFO root [0x00002d40] [2018-08-26 12:19:37,250] - 	gameUpdateHertz : 10
  INFO root [0x00002d40] [2018-08-26 12:19:37,251] - 	defaultViewRadius : 80
  INFO root [0x00002d40] [2018-08-26 12:19:37,251] - 	defaultViewHysteresisArea : 5
  INFO root [0x00002d40] [2018-08-26 12:19:37,251] - 	entryScriptFile : kbemain
  INFO root [0x00002d40] [2018-08-26 12:19:37,251] - 	internalAddr : 192.168.0.106:57441
  INFO root [0x00002d40] [2018-08-26 12:19:37,251] - 	componentID : 8001
  INFO root [0x00002d40] [2018-08-26 12:19:38,759] - ---- cellapp Version: 2.0.0. ScriptVersion: 0.1.0. Protocol: 85A70C5E64F896E0F1A60BF405B4EB07. Config: Debug X86. Built: 15:53:53 Apr 29 2018. AppID: 8001. UID: 32740. PID: 11580 ----
  INFO root [0x00002d40] [2018-08-26 12:19:38,760] - Server : Intel(R) Xeon(R) CPU E3-1230 v3 @ 3.30GHz with 4194303kB RAM
  INFO root [0x00002d40] [2018-08-26 12:19:38,760] - ThreadPool::createThreadPool: creating  threadpool...
  INFO root [0x00002d40] [2018-08-26 12:19:38,761] - ThreadPool::createThreadPool: successfully(2), newThreadCount=1, normalMaxThreadCount=2, maxThreadCount=8
 DEBUG root [0x00002d40] [2018-08-26 12:19:38,893] - Script::install_py_dlls(): PyInit_pyexpat
 DEBUG root [0x00002d40] [2018-08-26 12:19:38,893] - Script::install_py_dlls(): PyInit__socket
 DEBUG root [0x00002d40] [2018-08-26 12:19:38,894] - Script::install_py_dlls(): PyInit__ssl
 DEBUG root [0x00002d40] [2018-08-26 12:19:38,897] - Script::install_py_dlls(): PyInit__hashlib
 DEBUG root [0x00002d40] [2018-08-26 12:19:38,897] - Script::install_py_dlls(): PyInit_select
 DEBUG root [0x00002d40] [2018-08-26 12:19:38,897] - Script::install_py_dlls(): PyInit__ctypes
 DEBUG root [0x00002d40] [2018-08-26 12:19:38,898] - Script::install_py_dlls(): PyInit__elementtree
 DEBUG root [0x00002d40] [2018-08-26 12:19:38,926] - Script::install_py_dlls(): PyInit_unicodedata
  INFO root [0x00002d40] [2018-08-26 12:19:38,962] - Script::install(): is successfully, Python=(3.4.2 (default, Apr 29 2018, 15:53:05) [MSC v.1913 32 bit (Intel)])!
  INFO root [0x00002d40] [2018-08-26 12:19:38,962] - Script::install(): KBExtra is successfully!
 DEBUG root [0x00002d40] [2018-08-26 12:19:38,992] - loaded entity-script:Account(1).
 DEBUG root [0x00002d40] [2018-08-26 12:19:39,042] - loaded entity-script:Room(4).
  INFO root [0x00002d40] [2018-08-26 12:19:39,043] - TelnetServer server is running on port 50000
  INFO root [0x00002d40] [2018-08-26 12:19:39,419] - ---- cellapp is running ----
 DEBUG root [0x00002d40] [2018-08-26 12:19:39,420] - Components::process(): Request for the process of identity...
  WARN root [0x00002d40] [2018-08-26 12:19:45,489] - EntityApp::checkTickPeriod: tick took 6070% (6.07 seconds)!
  INFO root [0x00002d40] [2018-08-26 12:19:46,520] - Components::findComponents: find logger(1)...
  INFO root [0x00002d40] [2018-08-26 12:19:46,537] - Components::findComponents: found logger, addr:192.168.0.106:57436
  INFO root [0x00002d40] [2018-08-26 12:19:46,538] - Components::addComponent: reset orderLog, uid=32740!
  INFO root [0x00002d40] [2018-08-26 12:19:46,539] - Components::addComponent[logger], uid=32740, componentID=2000, globalorderid=1, grouporderid=1, totalcount=1
  INFO root [0x00002d40] [2018-08-26 12:19:46,541] - Components::findComponents: find dbmgr(2)...
  INFO root [0x00002d40] [2018-08-26 12:19:46,644] - Components::findComponents: found dbmgr, addr:192.168.0.106:57437
  INFO root [0x00002d40] [2018-08-26 12:19:46,645] - Components::addComponent: reset orderLog, uid=32740!
  INFO root [0x00002d40] [2018-08-26 12:19:46,645] - Components::addComponent[dbmgr], uid=32740, componentID=4000, globalorderid=1, grouporderid=1, totalcount=1
  INFO root [0x00002d40] [2018-08-26 12:19:46,646] - Components::findComponents: found dbmgr, addr:192.168.0.106:57437
  WARN root [0x00002d40] [2018-08-26 12:19:47,646] - EntityApp::checkTickPeriod: tick took 1226% (1.23 seconds)!
  WARN root [0x00002d40] [2018-08-26 12:19:47,648] - Forwarding logs to logger[192.168.0.106:57436/0/0/0]...
 ERROR root [0x00002d40] [2018-08-26 16:02:21,403] - Components::removeComponentByChannel: logger : 2000, Abnormal exit! errorno=10054
  INFO root [0x00002d40] [2018-08-26 16:02:21,415] - The following logs sent to logger failed:
  WARN root [0x00002d40] [2018-08-26 16:02:21,415] - ==> [2018-08-26 16:02:21 400] TCPPacketReceiver::processPendingEvents(192.168.0.106:57436): Throwing REASON_GENERAL_NETWORK - WSAECONNRESET
 ERROR root [0x00002d40] [2018-08-26 16:02:21,415] - ==> [2018-08-26 16:02:21 403] Components::removeComponentByChannel: logger : 2000, Abnormal exit! errorno=10054
  WARN root [0x00002d40] [2018-08-26 16:02:21,466] - TCPPacketReceiver::processPendingEvents(192.168.0.106:57437): Throwing REASON_GENERAL_NETWORK - WSAECONNRESET
 ERROR root [0x00002d40] [2018-08-26 16:02:21,471] - Components::removeComponentByChannel: dbmgr : 4000, Abnormal exit! errorno=10054
  INFO root [0x00002d40] [2018-08-26 16:02:21,479] - Shutdowner::onShutdownBegin: shutting down(period=0, tickPeriod=1)
  INFO root [0x00002d40] [2018-08-26 16:02:21,490] - Shutdowner::onShutdown: shutting down
  INFO root [0x00002d40] [2018-08-26 16:02:21,491] - Spaces::destroySpace: 1.
  INFO root [0x00002d40] [2018-08-26 16:02:21,491] - Shutdowner::onShutdownEnd: shutting down
 DEBUG root [0x00002d40] [2018-08-26 16:02:21,492] - Account::~Account(): 2002
 DEBUG root [0x00002d40] [2018-08-26 16:02:21,492] - Account::~Account(): 2004
 DEBUG root [0x00002d40] [2018-08-26 16:02:21,492] - EntityRef::destroyObjPool(): size 16.
 DEBUG root [0x00002d40] [2018-08-26 16:02:21,492] - Witness::destroyObjPool(): size 16.
 DEBUG root [0x00002d40] [2018-08-26 16:02:21,500] - Room::~Room(): 2003
 ERROR root [0x00002d40] [2018-08-26 16:02:21,501] - PyGC::debugTracing(): EntityCall : leaked(64)
 DEBUG root [0x00002d40] [2018-08-26 16:02:21,502] - Script::uninstall_py_dlls(): PyInit_pyexpat
 DEBUG root [0x00002d40] [2018-08-26 16:02:21,502] - Script::uninstall_py_dlls(): PyInit__socket
 DEBUG root [0x00002d40] [2018-08-26 16:02:21,502] - Script::uninstall_py_dlls(): PyInit__ssl
 DEBUG root [0x00002d40] [2018-08-26 16:02:21,503] - Script::uninstall_py_dlls(): PyInit__hashlib
 DEBUG root [0x00002d40] [2018-08-26 16:02:21,503] - Script::uninstall_py_dlls(): PyInit_select
 DEBUG root [0x00002d40] [2018-08-26 16:02:21,503] - Script::uninstall_py_dlls(): PyInit__ctypes
 DEBUG root [0x00002d40] [2018-08-26 16:02:21,503] - Script::uninstall_py_dlls(): PyInit__elementtree
 DEBUG root [0x00002d40] [2018-08-26 16:02:21,503] - Script::uninstall_py_dlls(): PyInit_unicodedata
  INFO root [0x00002d40] [2018-08-26 16:02:21,513] - Script::uninstall(): is successfully!
 DEBUG root [0x00002d40] [2018-08-26 16:02:21,513] - ThreadPool::destroy(): starting size 2.
  INFO root [0x000025c8] [2018-08-26 16:02:22,709] - 
  INFO root [0x000025c8] [2018-08-26 16:02:22,712] - -----------------------------------------------------------------------------------------


  INFO root [0x000025c8] [2018-08-26 16:02:22,713] - Resmgr::initialize: KBE_ROOT=E:/kbengine/
  INFO root [0x000025c8] [2018-08-26 16:02:22,713] - Resmgr::initialize: KBE_RES_PATH=E:/kbengine/kbe/res/;E:/kbengine/assets/;E:/kbengine/assets/scripts/;E:/kbengine/assets/res/
  INFO root [0x000025c8] [2018-08-26 16:02:22,713] - Resmgr::initialize: KBE_BIN_PATH=E:/kbengine/kbe/bin/server/
  INFO root [0x000025c8] [2018-08-26 16:02:22,720] - NetworkInterface::initialize(INTERNAL): bound to all interfaces with default route interface on 192.168.0.106 ( 192.168.0.106:58927 )
  INFO root [0x000025c8] [2018-08-26 16:02:22,721] - NetworkInterface::initialize(INTERNAL): address 192.168.0.106:58927, SOMAXCONN=5.
  INFO root [0x000025c8] [2018-08-26 16:02:22,721] - server-configs:
  INFO root [0x000025c8] [2018-08-26 16:02:22,721] - 	gameUpdateHertz : 10
  INFO root [0x000025c8] [2018-08-26 16:02:22,721] - 	defaultViewRadius : 80
  INFO root [0x000025c8] [2018-08-26 16:02:22,721] - 	defaultViewHysteresisArea : 5
  INFO root [0x000025c8] [2018-08-26 16:02:22,721] - 	entryScriptFile : kbemain
  INFO root [0x000025c8] [2018-08-26 16:02:22,721] - 	internalAddr : 192.168.0.106:58927
  INFO root [0x000025c8] [2018-08-26 16:02:22,721] - 	componentID : 8001
  INFO root [0x000025c8] [2018-08-26 16:02:24,226] - ---- cellapp Version: 2.0.0. ScriptVersion: 0.1.0. Protocol: 85A70C5E64F896E0F1A60BF405B4EB07. Config: Debug X86. Built: 15:53:53 Apr 29 2018. AppID: 8001. UID: 10851. PID: 11640 ----
  INFO root [0x000025c8] [2018-08-26 16:02:24,227] - Server : Intel(R) Xeon(R) CPU E3-1230 v3 @ 3.30GHz with 4194303kB RAM
  INFO root [0x000025c8] [2018-08-26 16:02:24,227] - ThreadPool::createThreadPool: creating  threadpool...
  INFO root [0x000025c8] [2018-08-26 16:02:24,227] - ThreadPool::createThreadPool: successfully(2), newThreadCount=1, normalMaxThreadCount=2, maxThreadCount=8
 DEBUG root [0x000025c8] [2018-08-26 16:02:24,353] - Script::install_py_dlls(): PyInit_pyexpat
 DEBUG root [0x000025c8] [2018-08-26 16:02:24,353] - Script::install_py_dlls(): PyInit__socket
 DEBUG root [0x000025c8] [2018-08-26 16:02:24,354] - Script::install_py_dlls(): PyInit__ssl
 DEBUG root [0x000025c8] [2018-08-26 16:02:24,357] - Script::install_py_dlls(): PyInit__hashlib
 DEBUG root [0x000025c8] [2018-08-26 16:02:24,357] - Script::install_py_dlls(): PyInit_select
 DEBUG root [0x000025c8] [2018-08-26 16:02:24,357] - Script::install_py_dlls(): PyInit__ctypes
 DEBUG root [0x000025c8] [2018-08-26 16:02:24,357] - Script::install_py_dlls(): PyInit__elementtree
 DEBUG root [0x000025c8] [2018-08-26 16:02:24,386] - Script::install_py_dlls(): PyInit_unicodedata
  INFO root [0x000025c8] [2018-08-26 16:02:24,413] - Script::install(): is successfully, Python=(3.4.2 (default, Apr 29 2018, 15:53:05) [MSC v.1913 32 bit (Intel)])!
  INFO root [0x000025c8] [2018-08-26 16:02:24,414] - Script::install(): KBExtra is successfully!
 DEBUG root [0x000025c8] [2018-08-26 16:02:24,434] - loaded entity-script:Account(1).
 DEBUG root [0x000025c8] [2018-08-26 16:02:24,461] - loaded entity-script:Room(4).
  INFO root [0x000025c8] [2018-08-26 16:02:24,461] - TelnetServer server is running on port 50000
  INFO root [0x000025c8] [2018-08-26 16:02:24,780] - ---- cellapp is running ----
 DEBUG root [0x000025c8] [2018-08-26 16:02:24,781] - Components::process(): Request for the process of identity...
  WARN root [0x000025c8] [2018-08-26 16:02:30,842] - EntityApp::checkTickPeriod: tick took 6061% (6.06 seconds)!
  INFO root [0x000025c8] [2018-08-26 16:02:31,882] - Components::findComponents: find logger(1)...
  INFO root [0x000025c8] [2018-08-26 16:02:31,918] - Components::findComponents: found logger, addr:192.168.0.106:58921
  INFO root [0x000025c8] [2018-08-26 16:02:31,918] - Components::addComponent: reset orderLog, uid=10851!
  INFO root [0x000025c8] [2018-08-26 16:02:31,919] - Components::addComponent[logger], uid=10851, componentID=2000, globalorderid=1, grouporderid=1, totalcount=1
  INFO root [0x000025c8] [2018-08-26 16:02:31,921] - Components::findComponents: find dbmgr(2)...
  INFO root [0x000025c8] [2018-08-26 16:02:32,024] - Components::findComponents: found dbmgr, addr:192.168.0.106:58928
  INFO root [0x000025c8] [2018-08-26 16:02:32,025] - Components::addComponent: reset orderLog, uid=10851!
  INFO root [0x000025c8] [2018-08-26 16:02:32,026] - Components::addComponent[dbmgr], uid=10851, componentID=4000, globalorderid=1, grouporderid=1, totalcount=1
  INFO root [0x000025c8] [2018-08-26 16:02:32,027] - Components::findComponents: found dbmgr, addr:192.168.0.106:58928
  WARN root [0x000025c8] [2018-08-26 16:02:33,027] - EntityApp::checkTickPeriod: tick took 1245% (1.25 seconds)!
  WARN root [0x000025c8] [2018-08-26 16:02:33,029] - Forwarding logs to logger[192.168.0.106:58921/0/0/0]...
 ERROR root [0x000025c8] [2018-08-26 16:16:27,147] - Components::removeComponentByChannel: logger : 2000, Abnormal exit! errorno=10054
  INFO root [0x000025c8] [2018-08-26 16:16:27,153] - The following logs sent to logger failed:
  WARN root [0x000025c8] [2018-08-26 16:16:27,153] - ==> [2018-08-26 16:16:27 141] TCPPacketReceiver::processPendingEvents(192.168.0.106:58921): Throwing REASON_GENERAL_NETWORK - WSAECONNRESET
 ERROR root [0x000025c8] [2018-08-26 16:16:27,154] - ==> [2018-08-26 16:16:27 147] Components::removeComponentByChannel: logger : 2000, Abnormal exit! errorno=10054
  WARN root [0x000025c8] [2018-08-26 16:16:27,204] - TCPPacketReceiver::processPendingEvents(192.168.0.106:58928): Throwing REASON_GENERAL_NETWORK - WSAECONNRESET
 ERROR root [0x000025c8] [2018-08-26 16:16:27,207] - Components::removeComponentByChannel: dbmgr : 4000, Abnormal exit! errorno=10054
  INFO root [0x000025c8] [2018-08-26 16:16:27,218] - Shutdowner::onShutdownBegin: shutting down(period=0, tickPeriod=1)
  INFO root [0x000025c8] [2018-08-26 16:16:27,219] - Shutdowner::onShutdown: shutting down
  INFO root [0x000025c8] [2018-08-26 16:16:27,220] - Spaces::destroySpace: 1.
  INFO root [0x000025c8] [2018-08-26 16:16:27,220] - Shutdowner::onShutdownEnd: shutting down
 DEBUG root [0x000025c8] [2018-08-26 16:16:27,220] - Account::~Account(): 2
 DEBUG root [0x000025c8] [2018-08-26 16:16:27,220] - Account::~Account(): 4
 DEBUG root [0x000025c8] [2018-08-26 16:16:27,221] - EntityRef::destroyObjPool(): size 16.
 DEBUG root [0x000025c8] [2018-08-26 16:16:27,221] - Witness::destroyObjPool(): size 16.
 DEBUG root [0x000025c8] [2018-08-26 16:16:27,229] - Room::~Room(): 3
 ERROR root [0x000025c8] [2018-08-26 16:16:27,230] - PyGC::debugTracing(): EntityCall : leaked(26)
 DEBUG root [0x000025c8] [2018-08-26 16:16:27,231] - Script::uninstall_py_dlls(): PyInit_pyexpat
 DEBUG root [0x000025c8] [2018-08-26 16:16:27,231] - Script::uninstall_py_dlls(): PyInit__socket
 DEBUG root [0x000025c8] [2018-08-26 16:16:27,231] - Script::uninstall_py_dlls(): PyInit__ssl
 DEBUG root [0x000025c8] [2018-08-26 16:16:27,231] - Script::uninstall_py_dlls(): PyInit__hashlib
 DEBUG root [0x000025c8] [2018-08-26 16:16:27,231] - Script::uninstall_py_dlls(): PyInit_select
 DEBUG root [0x000025c8] [2018-08-26 16:16:27,231] - Script::uninstall_py_dlls(): PyInit__ctypes
 DEBUG root [0x000025c8] [2018-08-26 16:16:27,231] - Script::uninstall_py_dlls(): PyInit__elementtree
 DEBUG root [0x000025c8] [2018-08-26 16:16:27,231] - Script::uninstall_py_dlls(): PyInit_unicodedata
  INFO root [0x000025c8] [2018-08-26 16:16:27,242] - Script::uninstall(): is successfully!
 DEBUG root [0x000025c8] [2018-08-26 16:16:27,242] - ThreadPool::destroy(): starting size 2.
  INFO root [0x00003774] [2018-08-26 16:16:28,422] - 
  INFO root [0x00003774] [2018-08-26 16:16:28,422] - -----------------------------------------------------------------------------------------


  INFO root [0x00003774] [2018-08-26 16:16:28,423] - Resmgr::initialize: KBE_ROOT=E:/kbengine/
  INFO root [0x00003774] [2018-08-26 16:16:28,423] - Resmgr::initialize: KBE_RES_PATH=E:/kbengine/kbe/res/;E:/kbengine/assets/;E:/kbengine/assets/scripts/;E:/kbengine/assets/res/
  INFO root [0x00003774] [2018-08-26 16:16:28,423] - Resmgr::initialize: KBE_BIN_PATH=E:/kbengine/kbe/bin/server/
  INFO root [0x00003774] [2018-08-26 16:16:28,426] - NetworkInterface::initialize(INTERNAL): bound to all interfaces with default route interface on 192.168.0.106 ( 192.168.0.106:59071 )
  INFO root [0x00003774] [2018-08-26 16:16:28,426] - NetworkInterface::initialize(INTERNAL): address 192.168.0.106:59071, SOMAXCONN=5.
  INFO root [0x00003774] [2018-08-26 16:16:28,426] - server-configs:
  INFO root [0x00003774] [2018-08-26 16:16:28,427] - 	gameUpdateHertz : 10
  INFO root [0x00003774] [2018-08-26 16:16:28,427] - 	defaultViewRadius : 80
  INFO root [0x00003774] [2018-08-26 16:16:28,427] - 	defaultViewHysteresisArea : 5
  INFO root [0x00003774] [2018-08-26 16:16:28,427] - 	entryScriptFile : kbemain
  INFO root [0x00003774] [2018-08-26 16:16:28,427] - 	internalAddr : 192.168.0.106:59071
  INFO root [0x00003774] [2018-08-26 16:16:28,427] - 	componentID : 8001
  WARN root [0x00003774] [2018-08-26 16:16:28,741] - BundleBroadcast::BundleBroadcast: Cannot bind to port 20880, errorno=10048
  INFO root [0x00003774] [2018-08-26 16:16:28,744] - ---- cellapp Version: 2.0.0. ScriptVersion: 0.1.0. Protocol: 85A70C5E64F896E0F1A60BF405B4EB07. Config: Debug X86. Built: 15:53:53 Apr 29 2018. AppID: 8001. UID: 13614. PID: 4968 ----
  INFO root [0x00003774] [2018-08-26 16:16:28,745] - Server : Intel(R) Xeon(R) CPU E3-1230 v3 @ 3.30GHz with 4194303kB RAM
  INFO root [0x00003774] [2018-08-26 16:16:28,745] - ThreadPool::createThreadPool: creating  threadpool...
  INFO root [0x00003774] [2018-08-26 16:16:28,745] - ThreadPool::createThreadPool: successfully(2), newThreadCount=1, normalMaxThreadCount=2, maxThreadCount=8
 DEBUG root [0x00003774] [2018-08-26 16:16:28,879] - Script::install_py_dlls(): PyInit_pyexpat
 DEBUG root [0x00003774] [2018-08-26 16:16:28,879] - Script::install_py_dlls(): PyInit__socket
 DEBUG root [0x00003774] [2018-08-26 16:16:28,880] - Script::install_py_dlls(): PyInit__ssl
 DEBUG root [0x00003774] [2018-08-26 16:16:28,883] - Script::install_py_dlls(): PyInit__hashlib
 DEBUG root [0x00003774] [2018-08-26 16:16:28,884] - Script::install_py_dlls(): PyInit_select
 DEBUG root [0x00003774] [2018-08-26 16:16:28,884] - Script::install_py_dlls(): PyInit__ctypes
 DEBUG root [0x00003774] [2018-08-26 16:16:28,884] - Script::install_py_dlls(): PyInit__elementtree
 DEBUG root [0x00003774] [2018-08-26 16:16:28,918] - Script::install_py_dlls(): PyInit_unicodedata
  INFO root [0x00003774] [2018-08-26 16:16:28,946] - Script::install(): is successfully, Python=(3.4.2 (default, Apr 29 2018, 15:53:05) [MSC v.1913 32 bit (Intel)])!
  INFO root [0x00003774] [2018-08-26 16:16:28,946] - Script::install(): KBExtra is successfully!
 DEBUG root [0x00003774] [2018-08-26 16:16:28,970] - loaded entity-script:Account(1).
 DEBUG root [0x00003774] [2018-08-26 16:16:28,977] - loaded entity-script:Room(4).
  INFO root [0x00003774] [2018-08-26 16:16:28,977] - TelnetServer server is running on port 50000
  INFO root [0x00003774] [2018-08-26 16:16:29,295] - ---- cellapp is running ----
 DEBUG root [0x00003774] [2018-08-26 16:16:29,295] - Components::process(): Request for the process of identity...
  WARN root [0x00003774] [2018-08-26 16:16:35,381] - EntityApp::checkTickPeriod: tick took 6086% (6.09 seconds)!
  INFO root [0x00003774] [2018-08-26 16:16:36,425] - Components::findComponents: find logger(1)...
  INFO root [0x00003774] [2018-08-26 16:16:36,465] - Components::findComponents: found logger, addr:192.168.0.106:59075
  INFO root [0x00003774] [2018-08-26 16:16:36,465] - Components::addComponent: reset orderLog, uid=13614!
  INFO root [0x00003774] [2018-08-26 16:16:36,466] - Components::addComponent[logger], uid=13614, componentID=2000, globalorderid=1, grouporderid=1, totalcount=1
  INFO root [0x00003774] [2018-08-26 16:16:36,467] - Components::findComponents: find dbmgr(2)...
  INFO root [0x00003774] [2018-08-26 16:16:36,568] - Components::findComponents: found dbmgr, addr:192.168.0.106:59067
  INFO root [0x00003774] [2018-08-26 16:16:36,568] - Components::addComponent: reset orderLog, uid=13614!
  INFO root [0x00003774] [2018-08-26 16:16:36,569] - Components::addComponent[dbmgr], uid=13614, componentID=4000, globalorderid=1, grouporderid=1, totalcount=1
  INFO root [0x00003774] [2018-08-26 16:16:36,569] - Components::findComponents: found dbmgr, addr:192.168.0.106:59067
  WARN root [0x00003774] [2018-08-26 16:16:37,569] - Forwarding logs to logger[192.168.0.106:59075/0/0/0]...
 ERROR root [0x00003774] [2018-08-26 16:34:00,943] - Components::removeComponentByChannel: logger : 2000, Abnormal exit! errorno=10054
  INFO root [0x00003774] [2018-08-26 16:34:00,955] - The following logs sent to logger failed:
  WARN root [0x00003774] [2018-08-26 16:34:00,955] - ==> [2018-08-26 16:34:00 941] TCPPacketReceiver::processPendingEvents(192.168.0.106:59075): Throwing REASON_GENERAL_NETWORK - WSAECONNRESET
 ERROR root [0x00003774] [2018-08-26 16:34:00,955] - ==> [2018-08-26 16:34:00 944] Components::removeComponentByChannel: logger : 2000, Abnormal exit! errorno=10054
  WARN root [0x00003774] [2018-08-26 16:34:01,006] - TCPPacketReceiver::processPendingEvents(192.168.0.106:59067): Throwing REASON_GENERAL_NETWORK - WSAECONNRESET
 ERROR root [0x00003774] [2018-08-26 16:34:01,012] - Components::removeComponentByChannel: dbmgr : 4000, Abnormal exit! errorno=10054
  INFO root [0x00003774] [2018-08-26 16:34:01,023] - Shutdowner::onShutdownBegin: shutting down(period=0, tickPeriod=1)
  INFO root [0x00003774] [2018-08-26 16:34:01,024] - Shutdowner::onShutdown: shutting down
  INFO root [0x00003774] [2018-08-26 16:34:01,025] - Spaces::destroySpace: 1.
  INFO root [0x00003774] [2018-08-26 16:34:01,026] - Spaces::destroySpace: 2.
  INFO root [0x00003774] [2018-08-26 16:34:01,026] - Shutdowner::onShutdownEnd: shutting down
 DEBUG root [0x00003774] [2018-08-26 16:34:01,027] - Account::~Account(): 2005
 DEBUG root [0x00003774] [2018-08-26 16:34:01,027] - Account::~Account(): 2007
 DEBUG root [0x00003774] [2018-08-26 16:34:01,027] - Account::~Account(): 2002
 DEBUG root [0x00003774] [2018-08-26 16:34:01,027] - Account::~Account(): 2004
 DEBUG root [0x00003774] [2018-08-26 16:34:01,027] - EntityRef::destroyObjPool(): size 16.
 DEBUG root [0x00003774] [2018-08-26 16:34:01,027] - Witness::destroyObjPool(): size 16.
 DEBUG root [0x00003774] [2018-08-26 16:34:01,036] - Room::~Room(): 2003
 DEBUG root [0x00003774] [2018-08-26 16:34:01,036] - Room::~Room(): 2006
 ERROR root [0x00003774] [2018-08-26 16:34:01,037] - PyGC::debugTracing(): EntityCall : leaked(46)
 DEBUG root [0x00003774] [2018-08-26 16:34:01,037] - Script::uninstall_py_dlls(): PyInit_pyexpat
 DEBUG root [0x00003774] [2018-08-26 16:34:01,037] - Script::uninstall_py_dlls(): PyInit__socket
 DEBUG root [0x00003774] [2018-08-26 16:34:01,038] - Script::uninstall_py_dlls(): PyInit__ssl
 DEBUG root [0x00003774] [2018-08-26 16:34:01,038] - Script::uninstall_py_dlls(): PyInit__hashlib
 DEBUG root [0x00003774] [2018-08-26 16:34:01,038] - Script::uninstall_py_dlls(): PyInit_select
 DEBUG root [0x00003774] [2018-08-26 16:34:01,038] - Script::uninstall_py_dlls(): PyInit__ctypes
 DEBUG root [0x00003774] [2018-08-26 16:34:01,038] - Script::uninstall_py_dlls(): PyInit__elementtree
 DEBUG root [0x00003774] [2018-08-26 16:34:01,038] - Script::uninstall_py_dlls(): PyInit_unicodedata
  INFO root [0x00003774] [2018-08-26 16:34:01,049] - Script::uninstall(): is successfully!
 DEBUG root [0x00003774] [2018-08-26 16:34:01,050] - ThreadPool::destroy(): starting size 2.
  INFO root [0x00002bc0] [2018-08-26 16:34:02,295] - 
  INFO root [0x00002bc0] [2018-08-26 16:34:02,296] - -----------------------------------------------------------------------------------------


  INFO root [0x00002bc0] [2018-08-26 16:34:02,296] - Resmgr::initialize: KBE_ROOT=E:/kbengine/
  INFO root [0x00002bc0] [2018-08-26 16:34:02,296] - Resmgr::initialize: KBE_RES_PATH=E:/kbengine/kbe/res/;E:/kbengine/assets/;E:/kbengine/assets/scripts/;E:/kbengine/assets/res/
  INFO root [0x00002bc0] [2018-08-26 16:34:02,297] - Resmgr::initialize: KBE_BIN_PATH=E:/kbengine/kbe/bin/server/
  INFO root [0x00002bc0] [2018-08-26 16:34:02,302] - NetworkInterface::initialize(INTERNAL): bound to all interfaces with default route interface on 192.168.0.106 ( 192.168.0.106:59242 )
  INFO root [0x00002bc0] [2018-08-26 16:34:02,302] - NetworkInterface::initialize(INTERNAL): address 192.168.0.106:59242, SOMAXCONN=5.
  INFO root [0x00002bc0] [2018-08-26 16:34:02,302] - server-configs:
  INFO root [0x00002bc0] [2018-08-26 16:34:02,302] - 	gameUpdateHertz : 10
  INFO root [0x00002bc0] [2018-08-26 16:34:02,302] - 	defaultViewRadius : 80
  INFO root [0x00002bc0] [2018-08-26 16:34:02,303] - 	defaultViewHysteresisArea : 5
  INFO root [0x00002bc0] [2018-08-26 16:34:02,303] - 	entryScriptFile : kbemain
  INFO root [0x00002bc0] [2018-08-26 16:34:02,303] - 	internalAddr : 192.168.0.106:59242
  INFO root [0x00002bc0] [2018-08-26 16:34:02,303] - 	componentID : 8001
  INFO root [0x00002bc0] [2018-08-26 16:34:03,819] - ---- cellapp Version: 2.0.0. ScriptVersion: 0.1.0. Protocol: 85A70C5E64F896E0F1A60BF405B4EB07. Config: Debug X86. Built: 15:53:53 Apr 29 2018. AppID: 8001. UID: 17053. PID: 11916 ----
  INFO root [0x00002bc0] [2018-08-26 16:34:03,821] - Server : Intel(R) Xeon(R) CPU E3-1230 v3 @ 3.30GHz with 4194303kB RAM
  INFO root [0x00002bc0] [2018-08-26 16:34:03,822] - ThreadPool::createThreadPool: creating  threadpool...
  INFO root [0x00002bc0] [2018-08-26 16:34:03,822] - ThreadPool::createThreadPool: successfully(2), newThreadCount=1, normalMaxThreadCount=2, maxThreadCount=8
 DEBUG root [0x00002bc0] [2018-08-26 16:34:03,985] - Script::install_py_dlls(): PyInit_pyexpat
 DEBUG root [0x00002bc0] [2018-08-26 16:34:03,985] - Script::install_py_dlls(): PyInit__socket
 DEBUG root [0x00002bc0] [2018-08-26 16:34:03,986] - Script::install_py_dlls(): PyInit__ssl
 DEBUG root [0x00002bc0] [2018-08-26 16:34:03,989] - Script::install_py_dlls(): PyInit__hashlib
 DEBUG root [0x00002bc0] [2018-08-26 16:34:03,989] - Script::install_py_dlls(): PyInit_select
 DEBUG root [0x00002bc0] [2018-08-26 16:34:03,989] - Script::install_py_dlls(): PyInit__ctypes
 DEBUG root [0x00002bc0] [2018-08-26 16:34:03,990] - Script::install_py_dlls(): PyInit__elementtree
 DEBUG root [0x00002bc0] [2018-08-26 16:34:04,020] - Script::install_py_dlls(): PyInit_unicodedata
  INFO root [0x00002bc0] [2018-08-26 16:34:04,048] - Script::install(): is successfully, Python=(3.4.2 (default, Apr 29 2018, 15:53:05) [MSC v.1913 32 bit (Intel)])!
  INFO root [0x00002bc0] [2018-08-26 16:34:04,049] - Script::install(): KBExtra is successfully!
 DEBUG root [0x00002bc0] [2018-08-26 16:34:04,069] - loaded entity-script:Account(1).
 DEBUG root [0x00002bc0] [2018-08-26 16:34:04,076] - loaded entity-script:Room(4).
  INFO root [0x00002bc0] [2018-08-26 16:34:04,077] - TelnetServer server is running on port 50000
  INFO root [0x00002bc0] [2018-08-26 16:34:04,367] - ---- cellapp is running ----
 DEBUG root [0x00002bc0] [2018-08-26 16:34:04,367] - Components::process(): Request for the process of identity...
  WARN root [0x00002bc0] [2018-08-26 16:34:10,456] - EntityApp::checkTickPeriod: tick took 6089% (6.09 seconds)!
  INFO root [0x00002bc0] [2018-08-26 16:34:11,500] - Components::findComponents: find logger(1)...
  INFO root [0x00002bc0] [2018-08-26 16:34:11,602] - Components::findComponents: found logger, addr:192.168.0.106:59240
  INFO root [0x00002bc0] [2018-08-26 16:34:11,602] - Components::addComponent: reset orderLog, uid=17053!
  INFO root [0x00002bc0] [2018-08-26 16:34:11,603] - Components::addComponent[logger], uid=17053, componentID=2000, globalorderid=1, grouporderid=1, totalcount=1
  INFO root [0x00002bc0] [2018-08-26 16:34:11,603] - Components::findComponents: find dbmgr(2)...
  INFO root [0x00002bc0] [2018-08-26 16:34:11,604] - Components::findComponents: found logger, addr:192.168.0.106:59240
  INFO root [0x00002bc0] [2018-08-26 16:34:11,704] - Components::findComponents: found dbmgr, addr:192.168.0.106:59236
  INFO root [0x00002bc0] [2018-08-26 16:34:11,705] - Components::addComponent: reset orderLog, uid=17053!
  INFO root [0x00002bc0] [2018-08-26 16:34:11,705] - Components::addComponent[dbmgr], uid=17053, componentID=4000, globalorderid=1, grouporderid=1, totalcount=1
  INFO root [0x00002bc0] [2018-08-26 16:34:11,705] - Components::findComponents: found dbmgr, addr:192.168.0.106:59236
  WARN root [0x00002bc0] [2018-08-26 16:34:12,705] - Forwarding logs to logger[192.168.0.106:59240/0/0/0]...
 ERROR root [0x00002bc0] [2018-08-26 16:34:19,265] - Components::removeComponentByChannel: logger : 2000, Abnormal exit! errorno=10054
  INFO root [0x00002bc0] [2018-08-26 16:34:19,276] - The following logs sent to logger failed:
  WARN root [0x00002bc0] [2018-08-26 16:34:19,276] - ==> [2018-08-26 16:34:19 262] TCPPacketReceiver::processPendingEvents(192.168.0.106:59240): Throwing REASON_GENERAL_NETWORK - WSAECONNRESET
 ERROR root [0x00002bc0] [2018-08-26 16:34:19,276] - ==> [2018-08-26 16:34:19 265] Components::removeComponentByChannel: logger : 2000, Abnormal exit! errorno=10054
  WARN root [0x00002bc0] [2018-08-26 16:34:19,332] - TCPPacketReceiver::processPendingEvents(192.168.0.106:59236): Throwing REASON_GENERAL_NETWORK - WSAECONNRESET
 ERROR root [0x00002bc0] [2018-08-26 16:34:19,337] - Components::removeComponentByChannel: dbmgr : 4000, Abnormal exit! errorno=10054
  INFO root [0x00002bc0] [2018-08-26 16:34:19,344] - Shutdowner::onShutdownBegin: shutting down(period=0, tickPeriod=1)
  INFO root [0x00002bc0] [2018-08-26 16:34:19,346] - Shutdowner::onShutdown: shutting down
  INFO root [0x00002bc0] [2018-08-26 16:34:19,347] - Shutdowner::onShutdownEnd: shutting down
 DEBUG root [0x00002bc0] [2018-08-26 16:34:19,347] - EntityRef::destroyObjPool(): size 0.
 DEBUG root [0x00002bc0] [2018-08-26 16:34:19,347] - Witness::destroyObjPool(): size 0.
 DEBUG root [0x00002bc0] [2018-08-26 16:34:19,355] - Script::uninstall_py_dlls(): PyInit_pyexpat
 DEBUG root [0x00002bc0] [2018-08-26 16:34:19,355] - Script::uninstall_py_dlls(): PyInit__socket
 DEBUG root [0x00002bc0] [2018-08-26 16:34:19,356] - Script::uninstall_py_dlls(): PyInit__ssl
 DEBUG root [0x00002bc0] [2018-08-26 16:34:19,356] - Script::uninstall_py_dlls(): PyInit__hashlib
 DEBUG root [0x00002bc0] [2018-08-26 16:34:19,356] - Script::uninstall_py_dlls(): PyInit_select
 DEBUG root [0x00002bc0] [2018-08-26 16:34:19,356] - Script::uninstall_py_dlls(): PyInit__ctypes
 DEBUG root [0x00002bc0] [2018-08-26 16:34:19,356] - Script::uninstall_py_dlls(): PyInit__elementtree
 DEBUG root [0x00002bc0] [2018-08-26 16:34:19,356] - Script::uninstall_py_dlls(): PyInit_unicodedata
  INFO root [0x00002bc0] [2018-08-26 16:34:19,367] - Script::uninstall(): is successfully!
 DEBUG root [0x00002bc0] [2018-08-26 16:34:19,368] - ThreadPool::destroy(): starting size 2.
  INFO root [0x000021b8] [2018-08-26 16:34:20,608] - 
  INFO root [0x000021b8] [2018-08-26 16:34:20,609] - -----------------------------------------------------------------------------------------


  INFO root [0x000021b8] [2018-08-26 16:34:20,610] - Resmgr::initialize: KBE_ROOT=E:/kbengine/
  INFO root [0x000021b8] [2018-08-26 16:34:20,610] - Resmgr::initialize: KBE_RES_PATH=E:/kbengine/kbe/res/;E:/kbengine/assets/;E:/kbengine/assets/scripts/;E:/kbengine/assets/res/
  INFO root [0x000021b8] [2018-08-26 16:34:20,610] - Resmgr::initialize: KBE_BIN_PATH=E:/kbengine/kbe/bin/server/
  INFO root [0x000021b8] [2018-08-26 16:34:20,613] - NetworkInterface::initialize(INTERNAL): bound to all interfaces with default route interface on 192.168.0.106 ( 192.168.0.106:59287 )
  INFO root [0x000021b8] [2018-08-26 16:34:20,614] - NetworkInterface::initialize(INTERNAL): address 192.168.0.106:59287, SOMAXCONN=5.
  INFO root [0x000021b8] [2018-08-26 16:34:20,614] - server-configs:
  INFO root [0x000021b8] [2018-08-26 16:34:20,614] - 	gameUpdateHertz : 10
  INFO root [0x000021b8] [2018-08-26 16:34:20,614] - 	defaultViewRadius : 80
  INFO root [0x000021b8] [2018-08-26 16:34:20,614] - 	defaultViewHysteresisArea : 5
  INFO root [0x000021b8] [2018-08-26 16:34:20,614] - 	entryScriptFile : kbemain
  INFO root [0x000021b8] [2018-08-26 16:34:20,615] - 	internalAddr : 192.168.0.106:59287
  INFO root [0x000021b8] [2018-08-26 16:34:20,615] - 	componentID : 8001
  INFO root [0x000021b8] [2018-08-26 16:34:22,130] - ---- cellapp Version: 2.0.0. ScriptVersion: 0.1.0. Protocol: 85A70C5E64F896E0F1A60BF405B4EB07. Config: Debug X86. Built: 15:53:53 Apr 29 2018. AppID: 8001. UID: 17115. PID: 13572 ----
  INFO root [0x000021b8] [2018-08-26 16:34:22,131] - Server : Intel(R) Xeon(R) CPU E3-1230 v3 @ 3.30GHz with 4194303kB RAM
  INFO root [0x000021b8] [2018-08-26 16:34:22,131] - ThreadPool::createThreadPool: creating  threadpool...
  INFO root [0x000021b8] [2018-08-26 16:34:22,132] - ThreadPool::createThreadPool: successfully(2), newThreadCount=1, normalMaxThreadCount=2, maxThreadCount=8
 DEBUG root [0x000021b8] [2018-08-26 16:34:22,260] - Script::install_py_dlls(): PyInit_pyexpat
 DEBUG root [0x000021b8] [2018-08-26 16:34:22,261] - Script::install_py_dlls(): PyInit__socket
 DEBUG root [0x000021b8] [2018-08-26 16:34:22,261] - Script::install_py_dlls(): PyInit__ssl
 DEBUG root [0x000021b8] [2018-08-26 16:34:22,264] - Script::install_py_dlls(): PyInit__hashlib
 DEBUG root [0x000021b8] [2018-08-26 16:34:22,264] - Script::install_py_dlls(): PyInit_select
 DEBUG root [0x000021b8] [2018-08-26 16:34:22,264] - Script::install_py_dlls(): PyInit__ctypes
 DEBUG root [0x000021b8] [2018-08-26 16:34:22,265] - Script::install_py_dlls(): PyInit__elementtree
 DEBUG root [0x000021b8] [2018-08-26 16:34:22,295] - Script::install_py_dlls(): PyInit_unicodedata
  INFO root [0x000021b8] [2018-08-26 16:34:22,327] - Script::install(): is successfully, Python=(3.4.2 (default, Apr 29 2018, 15:53:05) [MSC v.1913 32 bit (Intel)])!
  INFO root [0x000021b8] [2018-08-26 16:34:22,327] - Script::install(): KBExtra is successfully!
 DEBUG root [0x000021b8] [2018-08-26 16:34:22,353] - loaded entity-script:Account(1).
 DEBUG root [0x000021b8] [2018-08-26 16:34:22,361] - loaded entity-script:Room(4).
  INFO root [0x000021b8] [2018-08-26 16:34:22,361] - TelnetServer server is running on port 50000
  INFO root [0x000021b8] [2018-08-26 16:34:22,731] - ---- cellapp is running ----
 DEBUG root [0x000021b8] [2018-08-26 16:34:22,731] - Components::process(): Request for the process of identity...
  WARN root [0x000021b8] [2018-08-26 16:34:28,816] - EntityApp::checkTickPeriod: tick took 6084% (6.08 seconds)!
  INFO root [0x000021b8] [2018-08-26 16:34:29,832] - Components::findComponents: find logger(1)...
  INFO root [0x000021b8] [2018-08-26 16:34:29,909] - Components::findComponents: found logger, addr:192.168.0.106:59284
  INFO root [0x000021b8] [2018-08-26 16:34:29,910] - Components::addComponent: reset orderLog, uid=17115!
  INFO root [0x000021b8] [2018-08-26 16:34:29,910] - Components::addComponent[logger], uid=17115, componentID=2000, globalorderid=1, grouporderid=1, totalcount=1
  INFO root [0x000021b8] [2018-08-26 16:34:29,911] - Components::findComponents: find dbmgr(2)...
  INFO root [0x000021b8] [2018-08-26 16:34:30,011] - Components::findComponents: found dbmgr, addr:192.168.0.106:59283
  INFO root [0x000021b8] [2018-08-26 16:34:30,012] - Components::addComponent: reset orderLog, uid=17115!
  INFO root [0x000021b8] [2018-08-26 16:34:30,012] - Components::addComponent[dbmgr], uid=17115, componentID=4000, globalorderid=1, grouporderid=1, totalcount=1
  INFO root [0x000021b8] [2018-08-26 16:34:30,012] - Components::findComponents: found dbmgr, addr:192.168.0.106:59283
  WARN root [0x000021b8] [2018-08-26 16:34:31,012] - EntityApp::checkTickPeriod: tick took 1280% (1.28 seconds)!
  WARN root [0x000021b8] [2018-08-26 16:34:31,012] - Forwarding logs to logger[192.168.0.106:59284/0/0/0]...
