  INFO root [0x0000316c] [2018-05-01 12:12:16,149] - 
  INFO root [0x0000316c] [2018-05-01 12:12:16,725] - -----------------------------------------------------------------------------------------


  INFO root [0x0000316c] [2018-05-01 12:12:18,611] - Resmgr::initialize: KBE_ROOT=E:/kbengine/
  INFO root [0x0000316c] [2018-05-01 12:12:18,613] - Resmgr::initialize: KBE_RES_PATH=E:/kbengine/kbe/res/;E:/kbengine/assets/;E:/kbengine/assets/scripts/;E:/kbengine/assets/res/
  INFO root [0x0000316c] [2018-05-01 12:12:18,613] - Resmgr::initialize: KBE_BIN_PATH=E:/kbengine/kbe/bin/server/
  INFO root [0x0000316c] [2018-05-01 12:12:19,046] - NetworkInterface::initialize(INTERNAL): bound to all interfaces with default route interface on 192.168.0.106 ( 192.168.0.106:50727 )
  INFO root [0x0000316c] [2018-05-01 12:12:19,101] - NetworkInterface::initialize(INTERNAL): address 192.168.0.106:50727, SOMAXCONN=5.
  INFO root [0x0000316c] [2018-05-01 12:12:19,101] - server-configs:
  INFO root [0x0000316c] [2018-05-01 12:12:19,101] - 	gameUpdateHertz : 10
  INFO root [0x0000316c] [2018-05-01 12:12:19,135] - 	defaultViewRadius : 80
  INFO root [0x0000316c] [2018-05-01 12:12:19,135] - 	defaultViewHysteresisArea : 5
  INFO root [0x0000316c] [2018-05-01 12:12:19,135] - 	entryScriptFile : kbemain
  INFO root [0x0000316c] [2018-05-01 12:12:19,135] - 	internalAddr : 192.168.0.106:50727
  INFO root [0x0000316c] [2018-05-01 12:12:19,135] - 	componentID : 8001
  INFO root [0x0000316c] [2018-05-01 12:12:20,040] - Components::findLogger: found logger, addr:192.168.0.106:50721
  INFO root [0x0000316c] [2018-05-01 12:12:20,041] - Components::addComponent: reset orderLog, uid=17503!
  INFO root [0x0000316c] [2018-05-01 12:12:20,042] - Components::addComponent[logger], uid=17503, componentID=2000, globalorderid=1, grouporderid=1, totalcount=1
  INFO root [0x0000316c] [2018-05-01 12:12:20,394] - ---- cellapp Version: 2.0.0. ScriptVersion: 0.1.0. Protocol: 85A70C5E64F896E0F1A60BF405B4EB07. Config: Debug X86. Built: 15:53:53 Apr 29 2018. AppID: 8001. UID: 17503. PID: 12648 ----
  INFO root [0x0000316c] [2018-05-01 12:12:20,395] - Server : Intel(R) Xeon(R) CPU E3-1230 v3 @ 3.30GHz with 4194303kB RAM
  INFO root [0x0000316c] [2018-05-01 12:12:20,469] - ThreadPool::createThreadPool: creating  threadpool...
  INFO root [0x0000316c] [2018-05-01 12:12:20,486] - ThreadPool::createThreadPool: successfully(2), newThreadCount=1, normalMaxThreadCount=2, maxThreadCount=8
 DEBUG root [0x0000316c] [2018-05-01 12:12:32,812] - Script::install_py_dlls(): PyInit_pyexpat
 DEBUG root [0x0000316c] [2018-05-01 12:12:32,944] - Script::install_py_dlls(): PyInit__socket
 DEBUG root [0x0000316c] [2018-05-01 12:12:33,057] - Script::install_py_dlls(): PyInit__ssl
 DEBUG root [0x0000316c] [2018-05-01 12:12:34,493] - Script::install_py_dlls(): PyInit__hashlib
 DEBUG root [0x0000316c] [2018-05-01 12:12:34,683] - Script::install_py_dlls(): PyInit_select
 DEBUG root [0x0000316c] [2018-05-01 12:12:34,747] - Script::install_py_dlls(): PyInit__ctypes
 DEBUG root [0x0000316c] [2018-05-01 12:12:34,780] - Script::install_py_dlls(): PyInit__elementtree
 DEBUG root [0x0000316c] [2018-05-01 12:12:35,155] - Script::install_py_dlls(): PyInit_unicodedata
  INFO root [0x0000316c] [2018-05-01 12:12:36,069] - Script::install(): is successfully, Python=(3.4.2 (default, Apr 29 2018, 15:53:05) [MSC v.1913 32 bit (Intel)])!
  INFO root [0x0000316c] [2018-05-01 12:12:36,070] - Script::install(): KBExtra is successfully!
  INFO root [0x0000316c] [2018-05-01 12:12:36,675] - TelnetServer server is running on port 50000
  INFO root [0x0000316c] [2018-05-01 12:12:37,367] - ---- cellapp is running ----
 DEBUG root [0x0000316c] [2018-05-01 12:12:37,388] - Components::process(): Request for the process of identity...
  WARN root [0x0000316c] [2018-05-01 12:12:43,729] - Forwarding logs to logger[192.168.0.106:50721/0/0/0]...
 ERROR root [0x0000316c] [2018-05-01 12:57:57,018] - Components::removeComponentByChannel: logger : 2000, Abnormal exit! errorno=10054
  INFO root [0x0000316c] [2018-05-01 12:57:57,028] - The following logs sent to logger failed:
  WARN root [0x0000316c] [2018-05-01 12:57:57,029] - ==> [2018-05-01 12:57:57 017] TCPPacketReceiver::processPendingEvents(192.168.0.106:50721): Throwing REASON_GENERAL_NETWORK - WSAECONNRESET
 ERROR root [0x0000316c] [2018-05-01 12:57:57,029] - ==> [2018-05-01 12:57:57 019] Components::removeComponentByChannel: logger : 2000, Abnormal exit! errorno=10054
  WARN root [0x0000316c] [2018-05-01 12:57:57,076] - TCPPacketReceiver::processPendingEvents(192.168.0.106:50723): Throwing REASON_GENERAL_NETWORK - WSAECONNRESET
 ERROR root [0x0000316c] [2018-05-01 12:57:57,078] - Components::removeComponentByChannel: dbmgr : 4000, Abnormal exit! errorno=10054
  INFO root [0x0000316c] [2018-05-01 12:57:57,114] - Shutdowner::onShutdownBegin: shutting down(period=0, tickPeriod=1)
  INFO root [0x0000316c] [2018-05-01 12:57:57,114] - Shutdowner::onShutdown: shutting down
  INFO root [0x0000316c] [2018-05-01 12:57:57,115] - Shutdowner::onShutdownEnd: shutting down
 DEBUG root [0x0000316c] [2018-05-01 12:57:57,257] - EntityRef::destroyObjPool(): size 0.
 DEBUG root [0x0000316c] [2018-05-01 12:57:57,257] - Witness::destroyObjPool(): size 0.
 DEBUG root [0x0000316c] [2018-05-01 12:57:57,287] - Script::uninstall_py_dlls(): PyInit_pyexpat
 DEBUG root [0x0000316c] [2018-05-01 12:57:57,287] - Script::uninstall_py_dlls(): PyInit__socket
 DEBUG root [0x0000316c] [2018-05-01 12:57:57,288] - Script::uninstall_py_dlls(): PyInit__ssl
 DEBUG root [0x0000316c] [2018-05-01 12:57:57,288] - Script::uninstall_py_dlls(): PyInit__hashlib
 DEBUG root [0x0000316c] [2018-05-01 12:57:57,288] - Script::uninstall_py_dlls(): PyInit_select
 DEBUG root [0x0000316c] [2018-05-01 12:57:57,288] - Script::uninstall_py_dlls(): PyInit__ctypes
 DEBUG root [0x0000316c] [2018-05-01 12:57:57,288] - Script::uninstall_py_dlls(): PyInit__elementtree
 DEBUG root [0x0000316c] [2018-05-01 12:57:57,288] - Script::uninstall_py_dlls(): PyInit_unicodedata
  INFO root [0x0000316c] [2018-05-01 12:57:57,303] - Script::uninstall(): is successfully!
 DEBUG root [0x0000316c] [2018-05-01 12:57:57,303] - ThreadPool::destroy(): starting size 2.
  INFO root [0x00003654] [2018-05-01 12:57:58,318] - 
  INFO root [0x00003654] [2018-05-01 12:57:58,319] - -----------------------------------------------------------------------------------------


  INFO root [0x00003654] [2018-05-01 12:57:58,320] - Resmgr::initialize: KBE_ROOT=E:/kbengine/
  INFO root [0x00003654] [2018-05-01 12:57:58,320] - Resmgr::initialize: KBE_RES_PATH=E:/kbengine/kbe/res/;E:/kbengine/assets/;E:/kbengine/assets/scripts/;E:/kbengine/assets/res/
  INFO root [0x00003654] [2018-05-01 12:57:58,320] - Resmgr::initialize: KBE_BIN_PATH=E:/kbengine/kbe/bin/server/
  INFO root [0x00003654] [2018-05-01 12:57:58,327] - NetworkInterface::initialize(INTERNAL): bound to all interfaces with default route interface on 192.168.0.106 ( 192.168.0.106:51114 )
  INFO root [0x00003654] [2018-05-01 12:57:58,327] - NetworkInterface::initialize(INTERNAL): address 192.168.0.106:51114, SOMAXCONN=5.
  INFO root [0x00003654] [2018-05-01 12:57:58,327] - server-configs:
  INFO root [0x00003654] [2018-05-01 12:57:58,327] - 	gameUpdateHertz : 10
  INFO root [0x00003654] [2018-05-01 12:57:58,327] - 	defaultViewRadius : 80
  INFO root [0x00003654] [2018-05-01 12:57:58,327] - 	defaultViewHysteresisArea : 5
  INFO root [0x00003654] [2018-05-01 12:57:58,328] - 	entryScriptFile : kbemain
  INFO root [0x00003654] [2018-05-01 12:57:58,328] - 	internalAddr : 192.168.0.106:51114
  INFO root [0x00003654] [2018-05-01 12:57:58,328] - 	componentID : 8001
  INFO root [0x00003654] [2018-05-01 12:57:59,832] - ---- cellapp Version: 2.0.0. ScriptVersion: 0.1.0. Protocol: 85A70C5E64F896E0F1A60BF405B4EB07. Config: Debug X86. Built: 15:53:53 Apr 29 2018. AppID: 8001. UID: 26543. PID: 14016 ----
  INFO root [0x00003654] [2018-05-01 12:57:59,833] - Server : Intel(R) Xeon(R) CPU E3-1230 v3 @ 3.30GHz with 4194303kB RAM
  INFO root [0x00003654] [2018-05-01 12:57:59,833] - ThreadPool::createThreadPool: creating  threadpool...
  INFO root [0x00003654] [2018-05-01 12:57:59,833] - ThreadPool::createThreadPool: successfully(2), newThreadCount=1, normalMaxThreadCount=2, maxThreadCount=8
 DEBUG root [0x00003654] [2018-05-01 12:57:59,984] - Script::install_py_dlls(): PyInit_pyexpat
 DEBUG root [0x00003654] [2018-05-01 12:57:59,984] - Script::install_py_dlls(): PyInit__socket
 DEBUG root [0x00003654] [2018-05-01 12:57:59,984] - Script::install_py_dlls(): PyInit__ssl
 DEBUG root [0x00003654] [2018-05-01 12:57:59,987] - Script::install_py_dlls(): PyInit__hashlib
 DEBUG root [0x00003654] [2018-05-01 12:57:59,988] - Script::install_py_dlls(): PyInit_select
 DEBUG root [0x00003654] [2018-05-01 12:57:59,988] - Script::install_py_dlls(): PyInit__ctypes
 DEBUG root [0x00003654] [2018-05-01 12:57:59,988] - Script::install_py_dlls(): PyInit__elementtree
 DEBUG root [0x00003654] [2018-05-01 12:58:00,015] - Script::install_py_dlls(): PyInit_unicodedata
  INFO root [0x00003654] [2018-05-01 12:58:00,043] - Script::install(): is successfully, Python=(3.4.2 (default, Apr 29 2018, 15:53:05) [MSC v.1913 32 bit (Intel)])!
  INFO root [0x00003654] [2018-05-01 12:58:00,043] - Script::install(): KBExtra is successfully!
  INFO root [0x00003654] [2018-05-01 12:58:00,049] - TelnetServer server is running on port 50000
  INFO root [0x00003654] [2018-05-01 12:58:00,345] - ---- cellapp is running ----
 DEBUG root [0x00003654] [2018-05-01 12:58:00,345] - Components::process(): Request for the process of identity...
  WARN root [0x00003654] [2018-05-01 12:58:06,410] - EntityApp::checkTickPeriod: tick took 6065% (6.07 seconds)!
  INFO root [0x00003654] [2018-05-01 12:58:07,422] - Components::findComponents: find logger(1)...
  INFO root [0x00003654] [2018-05-01 12:58:07,514] - Components::findComponents: found logger, addr:192.168.0.106:51109
  INFO root [0x00003654] [2018-05-01 12:58:07,514] - Components::addComponent: reset orderLog, uid=26543!
  INFO root [0x00003654] [2018-05-01 12:58:07,515] - Components::addComponent[logger], uid=26543, componentID=2000, globalorderid=1, grouporderid=1, totalcount=1
  INFO root [0x00003654] [2018-05-01 12:58:07,517] - Components::findComponents: find dbmgr(2)...
  INFO root [0x00003654] [2018-05-01 12:58:07,618] - Components::findComponents: found dbmgr, addr:192.168.0.106:51115
  INFO root [0x00003654] [2018-05-01 12:58:07,618] - Components::addComponent: reset orderLog, uid=26543!
  INFO root [0x00003654] [2018-05-01 12:58:07,619] - Components::addComponent[dbmgr], uid=26543, componentID=4000, globalorderid=1, grouporderid=1, totalcount=1
  INFO root [0x00003654] [2018-05-01 12:58:07,619] - Components::findComponents: found dbmgr, addr:192.168.0.106:51115
  WARN root [0x00003654] [2018-05-01 12:58:08,619] - Forwarding logs to logger[192.168.0.106:51109/0/0/0]...
