  INFO root [0x00001970] [2018-07-21 10:11:45,802] - 
  INFO root [0x0000198c] [2018-07-21 10:11:45,802] - 
  INFO root [0x00001970] [2018-07-21 10:11:45,831] - -----------------------------------------------------------------------------------------


  INFO root [0x0000198c] [2018-07-21 10:11:45,831] - -----------------------------------------------------------------------------------------


  INFO root [0x0000198c] [2018-07-21 10:11:47,552] - Resmgr::initialize: KBE_ROOT=E:/kbengine/
  INFO root [0x00001970] [2018-07-21 10:11:47,552] - Resmgr::initialize: KBE_ROOT=E:/kbengine/
  INFO root [0x0000198c] [2018-07-21 10:11:47,553] - Resmgr::initialize: KBE_RES_PATH=E:/kbengine/kbe/res/;E:/kbengine/assets/;E:/kbengine/assets/scripts/;E:/kbengine/assets/res/
  INFO root [0x00001970] [2018-07-21 10:11:47,554] - Resmgr::initialize: KBE_RES_PATH=E:/kbengine/kbe/res/;E:/kbengine/assets/;E:/kbengine/assets/scripts/;E:/kbengine/assets/res/
  INFO root [0x0000198c] [2018-07-21 10:11:47,554] - Resmgr::initialize: KBE_BIN_PATH=E:/kbengine/kbe/bin/server/
  INFO root [0x00001970] [2018-07-21 10:11:47,554] - Resmgr::initialize: KBE_BIN_PATH=E:/kbengine/kbe/bin/server/
  INFO root [0x00001970] [2018-07-21 10:11:48,044] - NetworkInterface::initialize(INTERNAL): bound to all interfaces with default route interface on 192.168.0.106 ( 192.168.0.106:49780 )
  INFO root [0x0000198c] [2018-07-21 10:11:48,044] - NetworkInterface::initialize(INTERNAL): bound to all interfaces with default route interface on 192.168.0.106 ( 192.168.0.106:49781 )
  INFO root [0x00001970] [2018-07-21 10:11:48,057] - NetworkInterface::initialize(INTERNAL): address 192.168.0.106:49780, SOMAXCONN=5.
  INFO root [0x0000198c] [2018-07-21 10:11:48,057] - NetworkInterface::initialize(INTERNAL): address 192.168.0.106:49781, SOMAXCONN=5.
  INFO root [0x00001970] [2018-07-21 10:11:48,057] - server-configs:
  INFO root [0x0000198c] [2018-07-21 10:11:48,058] - server-configs:
  INFO root [0x00001970] [2018-07-21 10:11:48,058] - 	gameUpdateHertz : 10
  INFO root [0x0000198c] [2018-07-21 10:11:48,058] - 	gameUpdateHertz : 10
  INFO root [0x00001970] [2018-07-21 10:11:48,108] - 	defaultViewRadius : 80
  INFO root [0x0000198c] [2018-07-21 10:11:48,108] - 	defaultViewRadius : 80
  INFO root [0x00001970] [2018-07-21 10:11:48,108] - 	defaultViewHysteresisArea : 5
  INFO root [0x0000198c] [2018-07-21 10:11:48,108] - 	defaultViewHysteresisArea : 5
  INFO root [0x00001970] [2018-07-21 10:11:48,108] - 	entryScriptFile : kbemain
  INFO root [0x0000198c] [2018-07-21 10:11:48,109] - 	entryScriptFile : kbemain
  INFO root [0x00001970] [2018-07-21 10:11:48,109] - 	internalAddr : 192.168.0.106:49780
  INFO root [0x0000198c] [2018-07-21 10:11:48,109] - 	internalAddr : 192.168.0.106:49781
  INFO root [0x00001970] [2018-07-21 10:11:48,109] - 	componentID : 8001
  INFO root [0x0000198c] [2018-07-21 10:11:48,109] - 	componentID : 8001
  WARN root [0x0000198c] [2018-07-21 10:11:48,771] - BundleBroadcast::BundleBroadcast: Cannot bind to port 20625, errorno=10048
  INFO root [0x0000198c] [2018-07-21 10:11:48,863] - ---- cellapp Version: 2.0.0. ScriptVersion: 0.1.0. Protocol: 85A70C5E64F896E0F1A60BF405B4EB07. Config: Debug X86. Built: 15:53:53 Apr 29 2018. AppID: 8001. UID: 8476. PID: 6536 ----
  INFO root [0x0000198c] [2018-07-21 10:11:48,864] - Server : Intel(R) Xeon(R) CPU E3-1230 v3 @ 3.30GHz with 4194303kB RAM
  INFO root [0x0000198c] [2018-07-21 10:11:48,941] - ThreadPool::createThreadPool: creating  threadpool...
  INFO root [0x0000198c] [2018-07-21 10:11:48,966] - ThreadPool::createThreadPool: successfully(2), newThreadCount=1, normalMaxThreadCount=2, maxThreadCount=8
  INFO root [0x00001970] [2018-07-21 10:11:49,942] - ---- cellapp Version: 2.0.0. ScriptVersion: 0.1.0. Protocol: 85A70C5E64F896E0F1A60BF405B4EB07. Config: Debug X86. Built: 15:53:53 Apr 29 2018. AppID: 8001. UID: 8450. PID: 6508 ----
  INFO root [0x00001970] [2018-07-21 10:11:49,944] - Server : Intel(R) Xeon(R) CPU E3-1230 v3 @ 3.30GHz with 4194303kB RAM
  INFO root [0x00001970] [2018-07-21 10:11:49,945] - ThreadPool::createThreadPool: creating  threadpool...
  INFO root [0x00001970] [2018-07-21 10:11:49,946] - ThreadPool::createThreadPool: successfully(2), newThreadCount=1, normalMaxThreadCount=2, maxThreadCount=8
 DEBUG root [0x0000198c] [2018-07-21 10:11:53,376] - Script::install_py_dlls(): PyInit_pyexpat
 DEBUG root [0x00001970] [2018-07-21 10:11:53,376] - Script::install_py_dlls(): PyInit_pyexpat
 DEBUG root [0x0000198c] [2018-07-21 10:11:53,457] - Script::install_py_dlls(): PyInit__socket
 DEBUG root [0x00001970] [2018-07-21 10:11:53,457] - Script::install_py_dlls(): PyInit__socket
 DEBUG root [0x00001970] [2018-07-21 10:11:53,596] - Script::install_py_dlls(): PyInit__ssl
 DEBUG root [0x0000198c] [2018-07-21 10:11:53,596] - Script::install_py_dlls(): PyInit__ssl
 DEBUG root [0x00001970] [2018-07-21 10:11:54,273] - Script::install_py_dlls(): PyInit__hashlib
 DEBUG root [0x0000198c] [2018-07-21 10:11:54,273] - Script::install_py_dlls(): PyInit__hashlib
 DEBUG root [0x00001970] [2018-07-21 10:11:54,339] - Script::install_py_dlls(): PyInit_select
 DEBUG root [0x0000198c] [2018-07-21 10:11:54,339] - Script::install_py_dlls(): PyInit_select
 DEBUG root [0x0000198c] [2018-07-21 10:11:54,436] - Script::install_py_dlls(): PyInit__ctypes
 DEBUG root [0x00001970] [2018-07-21 10:11:54,436] - Script::install_py_dlls(): PyInit__ctypes
 DEBUG root [0x00001970] [2018-07-21 10:11:54,494] - Script::install_py_dlls(): PyInit__elementtree
 DEBUG root [0x0000198c] [2018-07-21 10:11:54,494] - Script::install_py_dlls(): PyInit__elementtree
 DEBUG root [0x00001970] [2018-07-21 10:11:54,895] - Script::install_py_dlls(): PyInit_unicodedata
 DEBUG root [0x0000198c] [2018-07-21 10:11:54,895] - Script::install_py_dlls(): PyInit_unicodedata
  INFO root [0x00001970] [2018-07-21 10:11:55,724] - Script::install(): is successfully, Python=(3.4.2 (default, Apr 29 2018, 15:53:05) [MSC v.1913 32 bit (Intel)])!
  INFO root [0x0000198c] [2018-07-21 10:11:55,724] - Script::install(): is successfully, Python=(3.4.2 (default, Apr 29 2018, 15:53:05) [MSC v.1913 32 bit (Intel)])!
  INFO root [0x00001970] [2018-07-21 10:11:55,725] - Script::install(): KBExtra is successfully!
  INFO root [0x0000198c] [2018-07-21 10:11:55,725] - Script::install(): KBExtra is successfully!
 DEBUG root [0x00001970] [2018-07-21 10:11:56,892] - loaded entity-script:Account(1).
 DEBUG root [0x0000198c] [2018-07-21 10:11:56,892] - loaded entity-script:Account(1).
 DEBUG root [0x0000198c] [2018-07-21 10:11:57,100] - loaded entity-script:Room(4).
 DEBUG root [0x00001970] [2018-07-21 10:11:57,100] - loaded entity-script:Room(4).
  INFO root [0x0000198c] [2018-07-21 10:11:57,206] - TelnetServer server is running on port 50000
  INFO root [0x00001970] [2018-07-21 10:11:57,206] - TelnetServer server is running on port 50001
  INFO root [0x0000198c] [2018-07-21 10:11:57,765] - ---- cellapp is running ----
  INFO root [0x00001970] [2018-07-21 10:11:57,765] - ---- cellapp is running ----
 DEBUG root [0x0000198c] [2018-07-21 10:11:57,772] - Components::process(): Request for the process of identity...
 DEBUG root [0x00001970] [2018-07-21 10:11:57,772] - Components::process(): Request for the process of identity...
  WARN root [0x0000198c] [2018-07-21 10:11:58,082] - BundleBroadcast::BundleBroadcast: Cannot bind to port 20374, errorno=10048
 ERROR root [0x00001970] [2018-07-21 10:12:00,912] - Components::process: found cellapp, addr:192.168.0.106:49781
 ERROR root [0x00001970] [2018-07-21 10:12:00,913] - ServerApp::onIdentityillegal: The current process and cellapp(componentID=8001 ->conflicted???, pid=6536, addr=192.168.0.106) conflict, the process will exit!
Can modify the components-CID and UID to avoid conflict.
  INFO root [0x00001970] [2018-07-21 10:12:00,929] - Shutdowner::onShutdownBegin: shutting down(period=1, tickPeriod=1)
  WARN root [0x00001970] [2018-07-21 10:12:00,966] - EntityApp::checkTickPeriod: tick took 3200% (3.20 seconds)!
  INFO root [0x00001970] [2018-07-21 10:12:01,930] - Shutdowner::onShutdown: shutting down
  INFO root [0x00001970] [2018-07-21 10:12:02,936] - Shutdowner::onShutdownEnd: shutting down
 DEBUG root [0x00001970] [2018-07-21 10:12:02,981] - EntityRef::destroyObjPool(): size 0.
 DEBUG root [0x00001970] [2018-07-21 10:12:02,982] - Witness::destroyObjPool(): size 0.
 DEBUG root [0x00001970] [2018-07-21 10:12:03,029] - Script::uninstall_py_dlls(): PyInit_pyexpat
 DEBUG root [0x00001970] [2018-07-21 10:12:03,029] - Script::uninstall_py_dlls(): PyInit__socket
 DEBUG root [0x00001970] [2018-07-21 10:12:03,030] - Script::uninstall_py_dlls(): PyInit__ssl
 DEBUG root [0x00001970] [2018-07-21 10:12:03,030] - Script::uninstall_py_dlls(): PyInit__hashlib
 DEBUG root [0x00001970] [2018-07-21 10:12:03,030] - Script::uninstall_py_dlls(): PyInit_select
 DEBUG root [0x00001970] [2018-07-21 10:12:03,031] - Script::uninstall_py_dlls(): PyInit__ctypes
 DEBUG root [0x00001970] [2018-07-21 10:12:03,031] - Script::uninstall_py_dlls(): PyInit__elementtree
 DEBUG root [0x00001970] [2018-07-21 10:12:03,031] - Script::uninstall_py_dlls(): PyInit_unicodedata
  INFO root [0x00001970] [2018-07-21 10:12:03,065] - Script::uninstall(): is successfully!
 DEBUG root [0x00001970] [2018-07-21 10:12:03,066] - ThreadPool::destroy(): starting size 2.
  WARN root [0x00001970] [2018-07-21 10:12:03,366] - ThreadPool::destroy(): waiting for thread(2)[0x4ad408,0x4ad3a0,], try=1
 DEBUG root [0x00001970] [2018-07-21 10:12:03,767] - TPThread::~TPThread(): 0x4ad408
 DEBUG root [0x00001970] [2018-07-21 10:12:03,767] - TPThread::~TPThread(): 0x4ad3a0
 DEBUG root [0x00001970] [2018-07-21 10:12:03,768] - ThreadPool::destroy(): successfully!
 DEBUG root [0x00001970] [2018-07-21 10:12:03,768] - Bundle::destroyObjPool(): size 10.
 DEBUG root [0x00001970] [2018-07-21 10:12:03,769] - Channel::destroyObjPool(): size 0.
 DEBUG root [0x00001970] [2018-07-21 10:12:03,770] - TCPPacket::destroyObjPool(): size 0.
 DEBUG root [0x00001970] [2018-07-21 10:12:03,770] - UDPPacket::destroyObjPool(): size 10.
 DEBUG root [0x00001970] [2018-07-21 10:12:03,771] - EndPoint::destroyObjPool(): size 0.
 DEBUG root [0x00001970] [2018-07-21 10:12:03,771] - Address::destroyObjPool(): size 0.
 DEBUG root [0x00001970] [2018-07-21 10:12:03,771] - TCPPacketReceiver::destroyObjPool(): size 0.
 DEBUG root [0x00001970] [2018-07-21 10:12:03,772] - UDPPacketReceiver::destroyObjPool(): size 0.
  INFO root [0x00001970] [2018-07-21 10:12:03,772] - cellapp(8001) has shut down.
  WARN root [0x0000198c] [2018-07-21 10:12:04,203] - EntityApp::checkTickPeriod: tick took 6437% (6.44 seconds)!
  INFO root [0x00001970] [2018-07-21 10:12:04,798] - EventDispatcher()::~EventDispatcher: Num timers = 1
  INFO root [0x0000198c] [2018-07-21 10:12:05,266] - Components::findComponents: find logger(1)...
  INFO root [0x0000198c] [2018-07-21 10:12:05,345] - Components::findComponents: found logger, addr:192.168.0.106:49773
  INFO root [0x0000198c] [2018-07-21 10:12:05,345] - Components::addComponent: reset orderLog, uid=8476!
  INFO root [0x0000198c] [2018-07-21 10:12:05,346] - Components::addComponent[logger], uid=8476, componentID=2000, globalorderid=1, grouporderid=1, totalcount=1
  INFO root [0x0000198c] [2018-07-21 10:12:05,370] - Components::findComponents: find dbmgr(2)...
  INFO root [0x0000198c] [2018-07-21 10:12:05,447] - Components::findComponents: found dbmgr, addr:192.168.0.106:49775
  INFO root [0x0000198c] [2018-07-21 10:12:05,448] - Components::addComponent: reset orderLog, uid=8476!
  INFO root [0x0000198c] [2018-07-21 10:12:05,448] - Components::addComponent[dbmgr], uid=8476, componentID=4000, globalorderid=1, grouporderid=1, totalcount=1
  INFO root [0x0000198c] [2018-07-21 10:12:05,448] - Components::findComponents: found dbmgr, addr:192.168.0.106:49775
  WARN root [0x0000198c] [2018-07-21 10:12:06,448] - EntityApp::checkTickPeriod: tick took 1282% (1.28 seconds)!
  WARN root [0x0000198c] [2018-07-21 10:12:06,449] - Forwarding logs to logger[192.168.0.106:49773/0/0/0]...
 ERROR root [0x0000198c] [2018-07-21 10:12:14,000] - Components::removeComponentByChannel: logger : 2000, Abnormal exit! errorno=10054
  INFO root [0x0000198c] [2018-07-21 10:12:14,009] - The following logs sent to logger failed:
  WARN root [0x0000198c] [2018-07-21 10:12:14,009] - ==> [2018-07-21 10:12:14 000] TCPPacketReceiver::processPendingEvents(192.168.0.106:49773): Throwing REASON_GENERAL_NETWORK - WSAECONNRESET
 ERROR root [0x0000198c] [2018-07-21 10:12:14,009] - ==> [2018-07-21 10:12:14 000] Components::removeComponentByChannel: logger : 2000, Abnormal exit! errorno=10054
  WARN root [0x0000198c] [2018-07-21 10:12:14,045] - TCPPacketReceiver::processPendingEvents(192.168.0.106:49775): Throwing REASON_GENERAL_NETWORK - WSAECONNRESET
 ERROR root [0x0000198c] [2018-07-21 10:12:14,046] - Components::removeComponentByChannel: dbmgr : 4000, Abnormal exit! errorno=10054
  INFO root [0x0000198c] [2018-07-21 10:12:14,054] - Shutdowner::onShutdownBegin: shutting down(period=0, tickPeriod=1)
  INFO root [0x0000198c] [2018-07-21 10:12:14,056] - Shutdowner::onShutdown: shutting down
  INFO root [0x0000198c] [2018-07-21 10:12:14,056] - Shutdowner::onShutdownEnd: shutting down
 DEBUG root [0x0000198c] [2018-07-21 10:12:14,057] - EntityRef::destroyObjPool(): size 0.
 DEBUG root [0x0000198c] [2018-07-21 10:12:14,057] - Witness::destroyObjPool(): size 0.
 DEBUG root [0x0000198c] [2018-07-21 10:12:14,065] - Script::uninstall_py_dlls(): PyInit_pyexpat
 DEBUG root [0x0000198c] [2018-07-21 10:12:14,066] - Script::uninstall_py_dlls(): PyInit__socket
 DEBUG root [0x0000198c] [2018-07-21 10:12:14,066] - Script::uninstall_py_dlls(): PyInit__ssl
 DEBUG root [0x0000198c] [2018-07-21 10:12:14,066] - Script::uninstall_py_dlls(): PyInit__hashlib
 DEBUG root [0x0000198c] [2018-07-21 10:12:14,066] - Script::uninstall_py_dlls(): PyInit_select
 DEBUG root [0x0000198c] [2018-07-21 10:12:14,066] - Script::uninstall_py_dlls(): PyInit__ctypes
 DEBUG root [0x0000198c] [2018-07-21 10:12:14,066] - Script::uninstall_py_dlls(): PyInit__elementtree
 DEBUG root [0x0000198c] [2018-07-21 10:12:14,066] - Script::uninstall_py_dlls(): PyInit_unicodedata
  INFO root [0x0000198c] [2018-07-21 10:12:14,075] - Script::uninstall(): is successfully!
 DEBUG root [0x0000198c] [2018-07-21 10:12:14,076] - ThreadPool::destroy(): starting size 2.
  INFO root [0x00001af0] [2018-07-21 10:12:15,113] - 
  INFO root [0x00001af0] [2018-07-21 10:12:15,117] - -----------------------------------------------------------------------------------------


  INFO root [0x00001af0] [2018-07-21 10:12:15,117] - Resmgr::initialize: KBE_ROOT=E:/kbengine/
  INFO root [0x00001af0] [2018-07-21 10:12:15,118] - Resmgr::initialize: KBE_RES_PATH=E:/kbengine/kbe/res/;E:/kbengine/assets/;E:/kbengine/assets/scripts/;E:/kbengine/assets/res/
  INFO root [0x00001af0] [2018-07-21 10:12:15,118] - Resmgr::initialize: KBE_BIN_PATH=E:/kbengine/kbe/bin/server/
  INFO root [0x00001af0] [2018-07-21 10:12:15,123] - NetworkInterface::initialize(INTERNAL): bound to all interfaces with default route interface on 192.168.0.106 ( 192.168.0.106:49814 )
  INFO root [0x00001af0] [2018-07-21 10:12:15,123] - NetworkInterface::initialize(INTERNAL): address 192.168.0.106:49814, SOMAXCONN=5.
  INFO root [0x00001af0] [2018-07-21 10:12:15,123] - server-configs:
  INFO root [0x00001af0] [2018-07-21 10:12:15,123] - 	gameUpdateHertz : 10
  INFO root [0x00001af0] [2018-07-21 10:12:15,124] - 	defaultViewRadius : 80
  INFO root [0x00001af0] [2018-07-21 10:12:15,124] - 	defaultViewHysteresisArea : 5
  INFO root [0x00001af0] [2018-07-21 10:12:15,124] - 	entryScriptFile : kbemain
  INFO root [0x00001af0] [2018-07-21 10:12:15,124] - 	internalAddr : 192.168.0.106:49814
  INFO root [0x00001af0] [2018-07-21 10:12:15,124] - 	componentID : 8001
  WARN root [0x00001af0] [2018-07-21 10:12:15,437] - BundleBroadcast::BundleBroadcast: Cannot bind to port 20486, errorno=10048
  INFO root [0x00001af0] [2018-07-21 10:12:15,443] - ---- cellapp Version: 2.0.0. ScriptVersion: 0.1.0. Protocol: 85A70C5E64F896E0F1A60BF405B4EB07. Config: Debug X86. Built: 15:53:53 Apr 29 2018. AppID: 8001. UID: 8607. PID: 6872 ----
  INFO root [0x00001af0] [2018-07-21 10:12:15,443] - Server : Intel(R) Xeon(R) CPU E3-1230 v3 @ 3.30GHz with 4194303kB RAM
  INFO root [0x00001af0] [2018-07-21 10:12:15,444] - ThreadPool::createThreadPool: creating  threadpool...
  INFO root [0x00001af0] [2018-07-21 10:12:15,444] - ThreadPool::createThreadPool: successfully(2), newThreadCount=1, normalMaxThreadCount=2, maxThreadCount=8
 DEBUG root [0x00001af0] [2018-07-21 10:12:15,570] - Script::install_py_dlls(): PyInit_pyexpat
 DEBUG root [0x00001af0] [2018-07-21 10:12:15,570] - Script::install_py_dlls(): PyInit__socket
 DEBUG root [0x00001af0] [2018-07-21 10:12:15,571] - Script::install_py_dlls(): PyInit__ssl
 DEBUG root [0x00001af0] [2018-07-21 10:12:15,573] - Script::install_py_dlls(): PyInit__hashlib
 DEBUG root [0x00001af0] [2018-07-21 10:12:15,574] - Script::install_py_dlls(): PyInit_select
 DEBUG root [0x00001af0] [2018-07-21 10:12:15,574] - Script::install_py_dlls(): PyInit__ctypes
 DEBUG root [0x00001af0] [2018-07-21 10:12:15,574] - Script::install_py_dlls(): PyInit__elementtree
 DEBUG root [0x00001af0] [2018-07-21 10:12:15,602] - Script::install_py_dlls(): PyInit_unicodedata
  INFO root [0x00001af0] [2018-07-21 10:12:15,630] - Script::install(): is successfully, Python=(3.4.2 (default, Apr 29 2018, 15:53:05) [MSC v.1913 32 bit (Intel)])!
  INFO root [0x00001af0] [2018-07-21 10:12:15,630] - Script::install(): KBExtra is successfully!
 DEBUG root [0x00001af0] [2018-07-21 10:12:15,646] - loaded entity-script:Account(1).
 DEBUG root [0x00001af0] [2018-07-21 10:12:15,652] - loaded entity-script:Room(4).
  INFO root [0x00001af0] [2018-07-21 10:12:15,653] - TelnetServer server is running on port 50000
  INFO root [0x00001af0] [2018-07-21 10:12:15,941] - ---- cellapp is running ----
 DEBUG root [0x00001af0] [2018-07-21 10:12:15,941] - Components::process(): Request for the process of identity...
  WARN root [0x00001af0] [2018-07-21 10:12:22,027] - EntityApp::checkTickPeriod: tick took 6086% (6.09 seconds)!
  INFO root [0x00001af0] [2018-07-21 10:12:23,121] - Components::findComponents: find logger(1)...
  INFO root [0x00001af0] [2018-07-21 10:12:23,195] - Components::findComponents: found logger, addr:192.168.0.106:49812
  INFO root [0x00001af0] [2018-07-21 10:12:23,196] - Components::addComponent: reset orderLog, uid=8607!
  INFO root [0x00001af0] [2018-07-21 10:12:23,197] - Components::addComponent[logger], uid=8607, componentID=2000, globalorderid=1, grouporderid=1, totalcount=1
  INFO root [0x00001af0] [2018-07-21 10:12:23,198] - Components::findComponents: find dbmgr(2)...
  INFO root [0x00001af0] [2018-07-21 10:12:23,302] - Components::findComponents: found dbmgr, addr:192.168.0.106:49810
  INFO root [0x00001af0] [2018-07-21 10:12:23,303] - Components::addComponent: reset orderLog, uid=8607!
  INFO root [0x00001af0] [2018-07-21 10:12:23,303] - Components::addComponent[dbmgr], uid=8607, componentID=4000, globalorderid=1, grouporderid=1, totalcount=1
  INFO root [0x00001af0] [2018-07-21 10:12:23,304] - Components::findComponents: found dbmgr, addr:192.168.0.106:49810
  WARN root [0x00001af0] [2018-07-21 10:12:24,304] - Forwarding logs to logger[192.168.0.106:49812/0/0/0]...
 ERROR root [0x00001af0] [2018-07-21 10:18:36,939] - Components::removeComponentByChannel: logger : 2000, Abnormal exit! errorno=10054
  INFO root [0x00001af0] [2018-07-21 10:18:36,943] - The following logs sent to logger failed:
  WARN root [0x00001af0] [2018-07-21 10:18:36,943] - ==> [2018-07-21 10:18:36 937] TCPPacketReceiver::processPendingEvents(192.168.0.106:49812): Throwing REASON_GENERAL_NETWORK - WSAECONNRESET
 ERROR root [0x00001af0] [2018-07-21 10:18:36,943] - ==> [2018-07-21 10:18:36 940] Components::removeComponentByChannel: logger : 2000, Abnormal exit! errorno=10054
  WARN root [0x00001af0] [2018-07-21 10:18:36,986] - TCPPacketReceiver::processPendingEvents(192.168.0.106:49810): Throwing REASON_GENERAL_NETWORK - WSAECONNRESET
 ERROR root [0x00001af0] [2018-07-21 10:18:36,988] - Components::removeComponentByChannel: dbmgr : 4000, Abnormal exit! errorno=10054
  INFO root [0x00001af0] [2018-07-21 10:18:36,991] - Shutdowner::onShutdownBegin: shutting down(period=0, tickPeriod=1)
  INFO root [0x00001af0] [2018-07-21 10:18:36,992] - Shutdowner::onShutdown: shutting down
  INFO root [0x00001af0] [2018-07-21 10:18:36,993] - Spaces::destroySpace: 1.
  INFO root [0x00001af0] [2018-07-21 10:18:36,993] - Shutdowner::onShutdownEnd: shutting down
 DEBUG root [0x00001af0] [2018-07-21 10:18:37,019] - Account::~Account(): 2002
 DEBUG root [0x00001af0] [2018-07-21 10:18:37,019] - Account::~Account(): 2004
 DEBUG root [0x00001af0] [2018-07-21 10:18:37,019] - EntityRef::destroyObjPool(): size 16.
 DEBUG root [0x00001af0] [2018-07-21 10:18:37,020] - Witness::destroyObjPool(): size 16.
 DEBUG root [0x00001af0] [2018-07-21 10:18:37,027] - Room::~Room(): 2003
 ERROR root [0x00001af0] [2018-07-21 10:18:37,028] - PyGC::debugTracing(): EntityCall : leaked(2)
 DEBUG root [0x00001af0] [2018-07-21 10:18:37,029] - Script::uninstall_py_dlls(): PyInit_pyexpat
 DEBUG root [0x00001af0] [2018-07-21 10:18:37,029] - Script::uninstall_py_dlls(): PyInit__socket
 DEBUG root [0x00001af0] [2018-07-21 10:18:37,029] - Script::uninstall_py_dlls(): PyInit__ssl
 DEBUG root [0x00001af0] [2018-07-21 10:18:37,029] - Script::uninstall_py_dlls(): PyInit__hashlib
 DEBUG root [0x00001af0] [2018-07-21 10:18:37,030] - Script::uninstall_py_dlls(): PyInit_select
 DEBUG root [0x00001af0] [2018-07-21 10:18:37,030] - Script::uninstall_py_dlls(): PyInit__ctypes
 DEBUG root [0x00001af0] [2018-07-21 10:18:37,030] - Script::uninstall_py_dlls(): PyInit__elementtree
 DEBUG root [0x00001af0] [2018-07-21 10:18:37,030] - Script::uninstall_py_dlls(): PyInit_unicodedata
  INFO root [0x00001af0] [2018-07-21 10:18:37,040] - Script::uninstall(): is successfully!
 DEBUG root [0x00001af0] [2018-07-21 10:18:37,040] - ThreadPool::destroy(): starting size 2.
  INFO root [0x00001f50] [2018-07-21 10:18:38,076] - 
  INFO root [0x00001f50] [2018-07-21 10:18:38,077] - -----------------------------------------------------------------------------------------


  INFO root [0x00001f50] [2018-07-21 10:18:38,077] - Resmgr::initialize: KBE_ROOT=E:/kbengine/
  INFO root [0x00001f50] [2018-07-21 10:18:38,078] - Resmgr::initialize: KBE_RES_PATH=E:/kbengine/kbe/res/;E:/kbengine/assets/;E:/kbengine/assets/scripts/;E:/kbengine/assets/res/
  INFO root [0x00001f50] [2018-07-21 10:18:38,078] - Resmgr::initialize: KBE_BIN_PATH=E:/kbengine/kbe/bin/server/
  INFO root [0x00001f50] [2018-07-21 10:18:38,084] - NetworkInterface::initialize(INTERNAL): bound to all interfaces with default route interface on 192.168.0.106 ( 192.168.0.106:49958 )
  INFO root [0x00001f50] [2018-07-21 10:18:38,084] - NetworkInterface::initialize(INTERNAL): address 192.168.0.106:49958, SOMAXCONN=5.
  INFO root [0x00001f50] [2018-07-21 10:18:38,085] - server-configs:
  INFO root [0x00001f50] [2018-07-21 10:18:38,085] - 	gameUpdateHertz : 10
  INFO root [0x00001f50] [2018-07-21 10:18:38,085] - 	defaultViewRadius : 80
  INFO root [0x00001f50] [2018-07-21 10:18:38,085] - 	defaultViewHysteresisArea : 5
  INFO root [0x00001f50] [2018-07-21 10:18:38,085] - 	entryScriptFile : kbemain
  INFO root [0x00001f50] [2018-07-21 10:18:38,085] - 	internalAddr : 192.168.0.106:49958
  INFO root [0x00001f50] [2018-07-21 10:18:38,085] - 	componentID : 8001
  WARN root [0x00001f50] [2018-07-21 10:18:38,396] - BundleBroadcast::BundleBroadcast: Cannot bind to port 20911, errorno=10048
  INFO root [0x00001f50] [2018-07-21 10:18:38,400] - ---- cellapp Version: 2.0.0. ScriptVersion: 0.1.0. Protocol: 85A70C5E64F896E0F1A60BF405B4EB07. Config: Debug X86. Built: 15:53:53 Apr 29 2018. AppID: 8001. UID: 9857. PID: 9164 ----
  INFO root [0x00001f50] [2018-07-21 10:18:38,400] - Server : Intel(R) Xeon(R) CPU E3-1230 v3 @ 3.30GHz with 4194303kB RAM
  INFO root [0x00001f50] [2018-07-21 10:18:38,400] - ThreadPool::createThreadPool: creating  threadpool...
  INFO root [0x00001f50] [2018-07-21 10:18:38,400] - ThreadPool::createThreadPool: successfully(2), newThreadCount=1, normalMaxThreadCount=2, maxThreadCount=8
 DEBUG root [0x00001f50] [2018-07-21 10:18:38,528] - Script::install_py_dlls(): PyInit_pyexpat
 DEBUG root [0x00001f50] [2018-07-21 10:18:38,528] - Script::install_py_dlls(): PyInit__socket
 DEBUG root [0x00001f50] [2018-07-21 10:18:38,528] - Script::install_py_dlls(): PyInit__ssl
 DEBUG root [0x00001f50] [2018-07-21 10:18:38,531] - Script::install_py_dlls(): PyInit__hashlib
 DEBUG root [0x00001f50] [2018-07-21 10:18:38,532] - Script::install_py_dlls(): PyInit_select
 DEBUG root [0x00001f50] [2018-07-21 10:18:38,532] - Script::install_py_dlls(): PyInit__ctypes
 DEBUG root [0x00001f50] [2018-07-21 10:18:38,532] - Script::install_py_dlls(): PyInit__elementtree
 DEBUG root [0x00001f50] [2018-07-21 10:18:38,559] - Script::install_py_dlls(): PyInit_unicodedata
  INFO root [0x00001f50] [2018-07-21 10:18:38,587] - Script::install(): is successfully, Python=(3.4.2 (default, Apr 29 2018, 15:53:05) [MSC v.1913 32 bit (Intel)])!
  INFO root [0x00001f50] [2018-07-21 10:18:38,587] - Script::install(): KBExtra is successfully!
 DEBUG root [0x00001f50] [2018-07-21 10:18:38,604] - loaded entity-script:Account(1).
 DEBUG root [0x00001f50] [2018-07-21 10:18:38,619] - loaded entity-script:Room(4).
  INFO root [0x00001f50] [2018-07-21 10:18:38,620] - TelnetServer server is running on port 50000
  INFO root [0x00001f50] [2018-07-21 10:18:38,904] - ---- cellapp is running ----
 DEBUG root [0x00001f50] [2018-07-21 10:18:38,904] - Components::process(): Request for the process of identity...
  WARN root [0x00001f50] [2018-07-21 10:18:44,959] - EntityApp::checkTickPeriod: tick took 6055% (6.05 seconds)!
  INFO root [0x00001f50] [2018-07-21 10:18:46,005] - Components::findComponents: find logger(1)...
  INFO root [0x00001f50] [2018-07-21 10:18:46,038] - Components::findComponents: found logger, addr:192.168.0.106:49961
  INFO root [0x00001f50] [2018-07-21 10:18:46,038] - Components::addComponent: reset orderLog, uid=9857!
  INFO root [0x00001f50] [2018-07-21 10:18:46,039] - Components::addComponent[logger], uid=9857, componentID=2000, globalorderid=1, grouporderid=1, totalcount=1
  INFO root [0x00001f50] [2018-07-21 10:18:46,040] - Components::findComponents: find dbmgr(2)...
  INFO root [0x00001f50] [2018-07-21 10:18:46,142] - Components::findComponents: found dbmgr, addr:192.168.0.106:49956
  INFO root [0x00001f50] [2018-07-21 10:18:46,142] - Components::addComponent: reset orderLog, uid=9857!
  INFO root [0x00001f50] [2018-07-21 10:18:46,143] - Components::addComponent[dbmgr], uid=9857, componentID=4000, globalorderid=1, grouporderid=1, totalcount=1
  INFO root [0x00001f50] [2018-07-21 10:18:46,143] - Components::findComponents: found dbmgr, addr:192.168.0.106:49956
  WARN root [0x00001f50] [2018-07-21 10:18:47,144] - EntityApp::checkTickPeriod: tick took 1239% (1.24 seconds)!
  WARN root [0x00001f50] [2018-07-21 10:18:47,146] - Forwarding logs to logger[192.168.0.106:49961/0/0/0]...
 ERROR root [0x00001f50] [2018-07-21 10:21:49,913] - Components::removeComponentByChannel: logger : 2000, Abnormal exit! errorno=10054
  INFO root [0x00001f50] [2018-07-21 10:21:49,917] - The following logs sent to logger failed:
  WARN root [0x00001f50] [2018-07-21 10:21:49,917] - ==> [2018-07-21 10:21:49 912] TCPPacketReceiver::processPendingEvents(192.168.0.106:49961): Throwing REASON_GENERAL_NETWORK - WSAECONNRESET
 ERROR root [0x00001f50] [2018-07-21 10:21:49,917] - ==> [2018-07-21 10:21:49 913] Components::removeComponentByChannel: logger : 2000, Abnormal exit! errorno=10054
  WARN root [0x00001f50] [2018-07-21 10:21:49,962] - TCPPacketReceiver::processPendingEvents(192.168.0.106:49956): Throwing REASON_GENERAL_NETWORK - WSAECONNRESET
 ERROR root [0x00001f50] [2018-07-21 10:21:49,963] - Components::removeComponentByChannel: dbmgr : 4000, Abnormal exit! errorno=10054
  INFO root [0x00001f50] [2018-07-21 10:21:49,964] - Shutdowner::onShutdownBegin: shutting down(period=0, tickPeriod=1)
  INFO root [0x00001f50] [2018-07-21 10:21:49,965] - Shutdowner::onShutdown: shutting down
  INFO root [0x00001f50] [2018-07-21 10:21:49,967] - Spaces::destroySpace: 1.
  INFO root [0x00001f50] [2018-07-21 10:21:49,967] - Shutdowner::onShutdownEnd: shutting down
 DEBUG root [0x00001f50] [2018-07-21 10:21:49,967] - Account::~Account(): 2002
 DEBUG root [0x00001f50] [2018-07-21 10:21:49,967] - Account::~Account(): 2004
 DEBUG root [0x00001f50] [2018-07-21 10:21:49,967] - EntityRef::destroyObjPool(): size 16.
 DEBUG root [0x00001f50] [2018-07-21 10:21:49,967] - Witness::destroyObjPool(): size 16.
 DEBUG root [0x00001f50] [2018-07-21 10:21:49,976] - Room::~Room(): 2003
 ERROR root [0x00001f50] [2018-07-21 10:21:49,977] - PyGC::debugTracing(): EntityCall : leaked(2)
 DEBUG root [0x00001f50] [2018-07-21 10:21:49,977] - Script::uninstall_py_dlls(): PyInit_pyexpat
 DEBUG root [0x00001f50] [2018-07-21 10:21:49,977] - Script::uninstall_py_dlls(): PyInit__socket
 DEBUG root [0x00001f50] [2018-07-21 10:21:49,977] - Script::uninstall_py_dlls(): PyInit__ssl
 DEBUG root [0x00001f50] [2018-07-21 10:21:49,977] - Script::uninstall_py_dlls(): PyInit__hashlib
 DEBUG root [0x00001f50] [2018-07-21 10:21:49,978] - Script::uninstall_py_dlls(): PyInit_select
 DEBUG root [0x00001f50] [2018-07-21 10:21:49,978] - Script::uninstall_py_dlls(): PyInit__ctypes
 DEBUG root [0x00001f50] [2018-07-21 10:21:49,978] - Script::uninstall_py_dlls(): PyInit__elementtree
 DEBUG root [0x00001f50] [2018-07-21 10:21:49,978] - Script::uninstall_py_dlls(): PyInit_unicodedata
  INFO root [0x00001f50] [2018-07-21 10:21:49,987] - Script::uninstall(): is successfully!
 DEBUG root [0x00001f50] [2018-07-21 10:21:49,988] - ThreadPool::destroy(): starting size 2.
  INFO root [0x00002034] [2018-07-21 10:21:51,038] - 
  INFO root [0x00002034] [2018-07-21 10:21:51,038] - -----------------------------------------------------------------------------------------


  INFO root [0x00002034] [2018-07-21 10:21:51,039] - Resmgr::initialize: KBE_ROOT=E:/kbengine/
  INFO root [0x00002034] [2018-07-21 10:21:51,039] - Resmgr::initialize: KBE_RES_PATH=E:/kbengine/kbe/res/;E:/kbengine/assets/;E:/kbengine/assets/scripts/;E:/kbengine/assets/res/
  INFO root [0x00002034] [2018-07-21 10:21:51,039] - Resmgr::initialize: KBE_BIN_PATH=E:/kbengine/kbe/bin/server/
  INFO root [0x00002034] [2018-07-21 10:21:51,042] - NetworkInterface::initialize(INTERNAL): bound to all interfaces with default route interface on 192.168.0.106 ( 192.168.0.106:50012 )
  INFO root [0x00002034] [2018-07-21 10:21:51,042] - NetworkInterface::initialize(INTERNAL): address 192.168.0.106:50012, SOMAXCONN=5.
  INFO root [0x00002034] [2018-07-21 10:21:51,043] - server-configs:
  INFO root [0x00002034] [2018-07-21 10:21:51,043] - 	gameUpdateHertz : 10
  INFO root [0x00002034] [2018-07-21 10:21:51,043] - 	defaultViewRadius : 80
  INFO root [0x00002034] [2018-07-21 10:21:51,043] - 	defaultViewHysteresisArea : 5
  INFO root [0x00002034] [2018-07-21 10:21:51,043] - 	entryScriptFile : kbemain
  INFO root [0x00002034] [2018-07-21 10:21:51,043] - 	internalAddr : 192.168.0.106:50012
  INFO root [0x00002034] [2018-07-21 10:21:51,043] - 	componentID : 8001
  INFO root [0x00002034] [2018-07-21 10:21:52,571] - ---- cellapp Version: 2.0.0. ScriptVersion: 0.1.0. Protocol: 85A70C5E64F896E0F1A60BF405B4EB07. Config: Debug X86. Built: 15:53:53 Apr 29 2018. AppID: 8001. UID: 10488. PID: 8884 ----
  INFO root [0x00002034] [2018-07-21 10:21:52,572] - Server : Intel(R) Xeon(R) CPU E3-1230 v3 @ 3.30GHz with 4194303kB RAM
  INFO root [0x00002034] [2018-07-21 10:21:52,572] - ThreadPool::createThreadPool: creating  threadpool...
  INFO root [0x00002034] [2018-07-21 10:21:52,573] - ThreadPool::createThreadPool: successfully(2), newThreadCount=1, normalMaxThreadCount=2, maxThreadCount=8
 DEBUG root [0x00002034] [2018-07-21 10:21:52,731] - Script::install_py_dlls(): PyInit_pyexpat
 DEBUG root [0x00002034] [2018-07-21 10:21:52,731] - Script::install_py_dlls(): PyInit__socket
 DEBUG root [0x00002034] [2018-07-21 10:21:52,732] - Script::install_py_dlls(): PyInit__ssl
 DEBUG root [0x00002034] [2018-07-21 10:21:52,735] - Script::install_py_dlls(): PyInit__hashlib
 DEBUG root [0x00002034] [2018-07-21 10:21:52,735] - Script::install_py_dlls(): PyInit_select
 DEBUG root [0x00002034] [2018-07-21 10:21:52,735] - Script::install_py_dlls(): PyInit__ctypes
 DEBUG root [0x00002034] [2018-07-21 10:21:52,736] - Script::install_py_dlls(): PyInit__elementtree
 DEBUG root [0x00002034] [2018-07-21 10:21:52,764] - Script::install_py_dlls(): PyInit_unicodedata
  INFO root [0x00002034] [2018-07-21 10:21:52,792] - Script::install(): is successfully, Python=(3.4.2 (default, Apr 29 2018, 15:53:05) [MSC v.1913 32 bit (Intel)])!
  INFO root [0x00002034] [2018-07-21 10:21:52,792] - Script::install(): KBExtra is successfully!
 DEBUG root [0x00002034] [2018-07-21 10:21:52,809] - loaded entity-script:Account(1).
 DEBUG root [0x00002034] [2018-07-21 10:21:52,823] - loaded entity-script:Room(4).
  INFO root [0x00002034] [2018-07-21 10:21:52,823] - TelnetServer server is running on port 50000
  INFO root [0x00002034] [2018-07-21 10:21:53,127] - ---- cellapp is running ----
 DEBUG root [0x00002034] [2018-07-21 10:21:53,127] - Components::process(): Request for the process of identity...
  WARN root [0x00002034] [2018-07-21 10:21:59,219] - EntityApp::checkTickPeriod: tick took 6092% (6.09 seconds)!
  INFO root [0x00002034] [2018-07-21 10:22:00,241] - Components::findComponents: find logger(1)...
  INFO root [0x00002034] [2018-07-21 10:22:00,323] - Components::findComponents: found logger, addr:192.168.0.106:50010
  INFO root [0x00002034] [2018-07-21 10:22:00,324] - Components::addComponent: reset orderLog, uid=10488!
  INFO root [0x00002034] [2018-07-21 10:22:00,324] - Components::addComponent[logger], uid=10488, componentID=2000, globalorderid=1, grouporderid=1, totalcount=1
  INFO root [0x00002034] [2018-07-21 10:22:00,326] - Components::findComponents: find dbmgr(2)...
  INFO root [0x00002034] [2018-07-21 10:22:00,428] - Components::findComponents: found dbmgr, addr:192.168.0.106:50011
  INFO root [0x00002034] [2018-07-21 10:22:00,428] - Components::addComponent: reset orderLog, uid=10488!
  INFO root [0x00002034] [2018-07-21 10:22:00,429] - Components::addComponent[dbmgr], uid=10488, componentID=4000, globalorderid=1, grouporderid=1, totalcount=1
  INFO root [0x00002034] [2018-07-21 10:22:00,429] - Components::findComponents: found dbmgr, addr:192.168.0.106:50011
  WARN root [0x00002034] [2018-07-21 10:22:01,430] - Forwarding logs to logger[192.168.0.106:50010/0/0/0]...
 ERROR root [0x00002034] [2018-07-21 10:23:53,585] - Components::removeComponentByChannel: logger : 2000, Abnormal exit! errorno=10054
  INFO root [0x00002034] [2018-07-21 10:23:53,588] - The following logs sent to logger failed:
  WARN root [0x00002034] [2018-07-21 10:23:53,589] - ==> [2018-07-21 10:23:53 585] TCPPacketReceiver::processPendingEvents(192.168.0.106:50010): Throwing REASON_GENERAL_NETWORK - WSAECONNRESET
 ERROR root [0x00002034] [2018-07-21 10:23:53,589] - ==> [2018-07-21 10:23:53 585] Components::removeComponentByChannel: logger : 2000, Abnormal exit! errorno=10054
  WARN root [0x00002034] [2018-07-21 10:23:53,634] - TCPPacketReceiver::processPendingEvents(192.168.0.106:50011): Throwing REASON_GENERAL_NETWORK - WSAECONNRESET
 ERROR root [0x00002034] [2018-07-21 10:23:53,634] - Components::removeComponentByChannel: dbmgr : 4000, Abnormal exit! errorno=10054
  INFO root [0x00002034] [2018-07-21 10:23:53,635] - Shutdowner::onShutdownBegin: shutting down(period=0, tickPeriod=1)
  INFO root [0x00002034] [2018-07-21 10:23:53,635] - Shutdowner::onShutdown: shutting down
  INFO root [0x00002034] [2018-07-21 10:23:53,638] - Spaces::destroySpace: 1.
  INFO root [0x00002034] [2018-07-21 10:23:53,638] - Shutdowner::onShutdownEnd: shutting down
 DEBUG root [0x00002034] [2018-07-21 10:23:53,638] - Account::~Account(): 2002
 DEBUG root [0x00002034] [2018-07-21 10:23:53,638] - Account::~Account(): 2004
 DEBUG root [0x00002034] [2018-07-21 10:23:53,639] - EntityRef::destroyObjPool(): size 16.
 DEBUG root [0x00002034] [2018-07-21 10:23:53,639] - Witness::destroyObjPool(): size 16.
 DEBUG root [0x00002034] [2018-07-21 10:23:53,646] - Room::~Room(): 2003
 ERROR root [0x00002034] [2018-07-21 10:23:53,647] - PyGC::debugTracing(): EntityCall : leaked(2)
 DEBUG root [0x00002034] [2018-07-21 10:23:53,648] - Script::uninstall_py_dlls(): PyInit_pyexpat
 DEBUG root [0x00002034] [2018-07-21 10:23:53,648] - Script::uninstall_py_dlls(): PyInit__socket
 DEBUG root [0x00002034] [2018-07-21 10:23:53,648] - Script::uninstall_py_dlls(): PyInit__ssl
 DEBUG root [0x00002034] [2018-07-21 10:23:53,648] - Script::uninstall_py_dlls(): PyInit__hashlib
 DEBUG root [0x00002034] [2018-07-21 10:23:53,648] - Script::uninstall_py_dlls(): PyInit_select
 DEBUG root [0x00002034] [2018-07-21 10:23:53,648] - Script::uninstall_py_dlls(): PyInit__ctypes
 DEBUG root [0x00002034] [2018-07-21 10:23:53,648] - Script::uninstall_py_dlls(): PyInit__elementtree
 DEBUG root [0x00002034] [2018-07-21 10:23:53,648] - Script::uninstall_py_dlls(): PyInit_unicodedata
  INFO root [0x00002034] [2018-07-21 10:23:53,658] - Script::uninstall(): is successfully!
 DEBUG root [0x00002034] [2018-07-21 10:23:53,658] - ThreadPool::destroy(): starting size 2.
  INFO root [0x0000194c] [2018-07-21 10:23:54,725] - 
  INFO root [0x0000194c] [2018-07-21 10:23:54,729] - -----------------------------------------------------------------------------------------


  INFO root [0x0000194c] [2018-07-21 10:23:54,729] - Resmgr::initialize: KBE_ROOT=E:/kbengine/
  INFO root [0x0000194c] [2018-07-21 10:23:54,729] - Resmgr::initialize: KBE_RES_PATH=E:/kbengine/kbe/res/;E:/kbengine/assets/;E:/kbengine/assets/scripts/;E:/kbengine/assets/res/
  INFO root [0x0000194c] [2018-07-21 10:23:54,729] - Resmgr::initialize: KBE_BIN_PATH=E:/kbengine/kbe/bin/server/
  INFO root [0x0000194c] [2018-07-21 10:23:54,734] - NetworkInterface::initialize(INTERNAL): bound to all interfaces with default route interface on 192.168.0.106 ( 192.168.0.106:50066 )
  INFO root [0x0000194c] [2018-07-21 10:23:54,735] - NetworkInterface::initialize(INTERNAL): address 192.168.0.106:50066, SOMAXCONN=5.
  INFO root [0x0000194c] [2018-07-21 10:23:54,735] - server-configs:
  INFO root [0x0000194c] [2018-07-21 10:23:54,735] - 	gameUpdateHertz : 10
  INFO root [0x0000194c] [2018-07-21 10:23:54,735] - 	defaultViewRadius : 80
  INFO root [0x0000194c] [2018-07-21 10:23:54,735] - 	defaultViewHysteresisArea : 5
  INFO root [0x0000194c] [2018-07-21 10:23:54,735] - 	entryScriptFile : kbemain
  INFO root [0x0000194c] [2018-07-21 10:23:54,735] - 	internalAddr : 192.168.0.106:50066
  INFO root [0x0000194c] [2018-07-21 10:23:54,735] - 	componentID : 8001
  INFO root [0x0000194c] [2018-07-21 10:23:56,243] - ---- cellapp Version: 2.0.0. ScriptVersion: 0.1.0. Protocol: 85A70C5E64F896E0F1A60BF405B4EB07. Config: Debug X86. Built: 15:53:53 Apr 29 2018. AppID: 8001. UID: 10892. PID: 6612 ----
  INFO root [0x0000194c] [2018-07-21 10:23:56,243] - Server : Intel(R) Xeon(R) CPU E3-1230 v3 @ 3.30GHz with 4194303kB RAM
  INFO root [0x0000194c] [2018-07-21 10:23:56,244] - ThreadPool::createThreadPool: creating  threadpool...
  INFO root [0x0000194c] [2018-07-21 10:23:56,244] - ThreadPool::createThreadPool: successfully(2), newThreadCount=1, normalMaxThreadCount=2, maxThreadCount=8
 DEBUG root [0x0000194c] [2018-07-21 10:23:56,387] - Script::install_py_dlls(): PyInit_pyexpat
 DEBUG root [0x0000194c] [2018-07-21 10:23:56,387] - Script::install_py_dlls(): PyInit__socket
 DEBUG root [0x0000194c] [2018-07-21 10:23:56,388] - Script::install_py_dlls(): PyInit__ssl
 DEBUG root [0x0000194c] [2018-07-21 10:23:56,391] - Script::install_py_dlls(): PyInit__hashlib
 DEBUG root [0x0000194c] [2018-07-21 10:23:56,391] - Script::install_py_dlls(): PyInit_select
 DEBUG root [0x0000194c] [2018-07-21 10:23:56,391] - Script::install_py_dlls(): PyInit__ctypes
 DEBUG root [0x0000194c] [2018-07-21 10:23:56,391] - Script::install_py_dlls(): PyInit__elementtree
 DEBUG root [0x0000194c] [2018-07-21 10:23:56,419] - Script::install_py_dlls(): PyInit_unicodedata
  INFO root [0x0000194c] [2018-07-21 10:23:56,446] - Script::install(): is successfully, Python=(3.4.2 (default, Apr 29 2018, 15:53:05) [MSC v.1913 32 bit (Intel)])!
  INFO root [0x0000194c] [2018-07-21 10:23:56,447] - Script::install(): KBExtra is successfully!
 DEBUG root [0x0000194c] [2018-07-21 10:23:56,466] - loaded entity-script:Account(1).
 DEBUG root [0x0000194c] [2018-07-21 10:23:56,480] - loaded entity-script:Room(4).
  INFO root [0x0000194c] [2018-07-21 10:23:56,480] - TelnetServer server is running on port 50000
  INFO root [0x0000194c] [2018-07-21 10:23:56,815] - ---- cellapp is running ----
 DEBUG root [0x0000194c] [2018-07-21 10:23:56,815] - Components::process(): Request for the process of identity...
  WARN root [0x0000194c] [2018-07-21 10:24:02,879] - EntityApp::checkTickPeriod: tick took 6064% (6.06 seconds)!
  INFO root [0x0000194c] [2018-07-21 10:24:03,915] - Components::findComponents: find logger(1)...
  INFO root [0x0000194c] [2018-07-21 10:24:04,007] - Components::findComponents: found logger, addr:192.168.0.106:50062
  INFO root [0x0000194c] [2018-07-21 10:24:04,008] - Components::addComponent: reset orderLog, uid=10892!
  INFO root [0x0000194c] [2018-07-21 10:24:04,009] - Components::addComponent[logger], uid=10892, componentID=2000, globalorderid=1, grouporderid=1, totalcount=1
  INFO root [0x0000194c] [2018-07-21 10:24:04,011] - Components::findComponents: find dbmgr(2)...
  INFO root [0x0000194c] [2018-07-21 10:24:04,112] - Components::findComponents: found dbmgr, addr:192.168.0.106:50064
  INFO root [0x0000194c] [2018-07-21 10:24:04,113] - Components::addComponent: reset orderLog, uid=10892!
  INFO root [0x0000194c] [2018-07-21 10:24:04,113] - Components::addComponent[dbmgr], uid=10892, componentID=4000, globalorderid=1, grouporderid=1, totalcount=1
  INFO root [0x0000194c] [2018-07-21 10:24:04,114] - Components::findComponents: found dbmgr, addr:192.168.0.106:50064
  WARN root [0x0000194c] [2018-07-21 10:24:05,114] - EntityApp::checkTickPeriod: tick took 1299% (1.30 seconds)!
  WARN root [0x0000194c] [2018-07-21 10:24:05,116] - Forwarding logs to logger[192.168.0.106:50062/0/0/0]...
 ERROR root [0x0000194c] [2018-07-21 10:27:09,246] - Components::removeComponentByChannel: logger : 2000, Abnormal exit! errorno=10054
  INFO root [0x0000194c] [2018-07-21 10:27:09,252] - The following logs sent to logger failed:
  WARN root [0x0000194c] [2018-07-21 10:27:09,252] - ==> [2018-07-21 10:27:09 245] TCPPacketReceiver::processPendingEvents(192.168.0.106:50062): Throwing REASON_GENERAL_NETWORK - WSAECONNRESET
 ERROR root [0x0000194c] [2018-07-21 10:27:09,252] - ==> [2018-07-21 10:27:09 246] Components::removeComponentByChannel: logger : 2000, Abnormal exit! errorno=10054
  WARN root [0x0000194c] [2018-07-21 10:27:09,293] - TCPPacketReceiver::processPendingEvents(192.168.0.106:50064): Throwing REASON_GENERAL_NETWORK - WSAECONNRESET
 ERROR root [0x0000194c] [2018-07-21 10:27:09,294] - Components::removeComponentByChannel: dbmgr : 4000, Abnormal exit! errorno=10054
  INFO root [0x0000194c] [2018-07-21 10:27:09,295] - Shutdowner::onShutdownBegin: shutting down(period=0, tickPeriod=1)
  INFO root [0x0000194c] [2018-07-21 10:27:09,296] - Shutdowner::onShutdown: shutting down
  INFO root [0x0000194c] [2018-07-21 10:27:09,297] - Spaces::destroySpace: 1.
  INFO root [0x0000194c] [2018-07-21 10:27:09,297] - Shutdowner::onShutdownEnd: shutting down
 DEBUG root [0x0000194c] [2018-07-21 10:27:09,298] - Account::~Account(): 2002
 DEBUG root [0x0000194c] [2018-07-21 10:27:09,298] - Account::~Account(): 2004
 DEBUG root [0x0000194c] [2018-07-21 10:27:09,298] - EntityRef::destroyObjPool(): size 16.
 DEBUG root [0x0000194c] [2018-07-21 10:27:09,298] - Witness::destroyObjPool(): size 16.
 DEBUG root [0x0000194c] [2018-07-21 10:27:09,306] - Room::~Room(): 2003
 ERROR root [0x0000194c] [2018-07-21 10:27:09,307] - PyGC::debugTracing(): EntityCall : leaked(2)
 DEBUG root [0x0000194c] [2018-07-21 10:27:09,307] - Script::uninstall_py_dlls(): PyInit_pyexpat
 DEBUG root [0x0000194c] [2018-07-21 10:27:09,307] - Script::uninstall_py_dlls(): PyInit__socket
 DEBUG root [0x0000194c] [2018-07-21 10:27:09,308] - Script::uninstall_py_dlls(): PyInit__ssl
 DEBUG root [0x0000194c] [2018-07-21 10:27:09,308] - Script::uninstall_py_dlls(): PyInit__hashlib
 DEBUG root [0x0000194c] [2018-07-21 10:27:09,308] - Script::uninstall_py_dlls(): PyInit_select
 DEBUG root [0x0000194c] [2018-07-21 10:27:09,308] - Script::uninstall_py_dlls(): PyInit__ctypes
 DEBUG root [0x0000194c] [2018-07-21 10:27:09,308] - Script::uninstall_py_dlls(): PyInit__elementtree
 DEBUG root [0x0000194c] [2018-07-21 10:27:09,308] - Script::uninstall_py_dlls(): PyInit_unicodedata
  INFO root [0x0000194c] [2018-07-21 10:27:09,317] - Script::uninstall(): is successfully!
 DEBUG root [0x0000194c] [2018-07-21 10:27:09,317] - ThreadPool::destroy(): starting size 2.
  INFO root [0x00002680] [2018-07-21 10:27:10,389] - 
  INFO root [0x00002680] [2018-07-21 10:27:10,389] - -----------------------------------------------------------------------------------------


  INFO root [0x00002680] [2018-07-21 10:27:10,390] - Resmgr::initialize: KBE_ROOT=E:/kbengine/
  INFO root [0x00002680] [2018-07-21 10:27:10,390] - Resmgr::initialize: KBE_RES_PATH=E:/kbengine/kbe/res/;E:/kbengine/assets/;E:/kbengine/assets/scripts/;E:/kbengine/assets/res/
  INFO root [0x00002680] [2018-07-21 10:27:10,390] - Resmgr::initialize: KBE_BIN_PATH=E:/kbengine/kbe/bin/server/
  INFO root [0x00002680] [2018-07-21 10:27:10,395] - NetworkInterface::initialize(INTERNAL): bound to all interfaces with default route interface on 192.168.0.106 ( 192.168.0.106:50125 )
  INFO root [0x00002680] [2018-07-21 10:27:10,395] - NetworkInterface::initialize(INTERNAL): address 192.168.0.106:50125, SOMAXCONN=5.
  INFO root [0x00002680] [2018-07-21 10:27:10,396] - server-configs:
  INFO root [0x00002680] [2018-07-21 10:27:10,396] - 	gameUpdateHertz : 10
  INFO root [0x00002680] [2018-07-21 10:27:10,396] - 	defaultViewRadius : 80
  INFO root [0x00002680] [2018-07-21 10:27:10,396] - 	defaultViewHysteresisArea : 5
  INFO root [0x00002680] [2018-07-21 10:27:10,396] - 	entryScriptFile : kbemain
  INFO root [0x00002680] [2018-07-21 10:27:10,396] - 	internalAddr : 192.168.0.106:50125
  INFO root [0x00002680] [2018-07-21 10:27:10,396] - 	componentID : 8001
  INFO root [0x00002680] [2018-07-21 10:27:11,907] - ---- cellapp Version: 2.0.0. ScriptVersion: 0.1.0. Protocol: 85A70C5E64F896E0F1A60BF405B4EB07. Config: Debug X86. Built: 15:53:53 Apr 29 2018. AppID: 8001. UID: 11533. PID: 9852 ----
  INFO root [0x00002680] [2018-07-21 10:27:11,908] - Server : Intel(R) Xeon(R) CPU E3-1230 v3 @ 3.30GHz with 4194303kB RAM
  INFO root [0x00002680] [2018-07-21 10:27:11,909] - ThreadPool::createThreadPool: creating  threadpool...
  INFO root [0x00002680] [2018-07-21 10:27:11,910] - ThreadPool::createThreadPool: successfully(2), newThreadCount=1, normalMaxThreadCount=2, maxThreadCount=8
 DEBUG root [0x00002680] [2018-07-21 10:27:12,047] - Script::install_py_dlls(): PyInit_pyexpat
 DEBUG root [0x00002680] [2018-07-21 10:27:12,048] - Script::install_py_dlls(): PyInit__socket
 DEBUG root [0x00002680] [2018-07-21 10:27:12,048] - Script::install_py_dlls(): PyInit__ssl
 DEBUG root [0x00002680] [2018-07-21 10:27:12,051] - Script::install_py_dlls(): PyInit__hashlib
 DEBUG root [0x00002680] [2018-07-21 10:27:12,051] - Script::install_py_dlls(): PyInit_select
 DEBUG root [0x00002680] [2018-07-21 10:27:12,051] - Script::install_py_dlls(): PyInit__ctypes
 DEBUG root [0x00002680] [2018-07-21 10:27:12,052] - Script::install_py_dlls(): PyInit__elementtree
 DEBUG root [0x00002680] [2018-07-21 10:27:12,079] - Script::install_py_dlls(): PyInit_unicodedata
  INFO root [0x00002680] [2018-07-21 10:27:12,107] - Script::install(): is successfully, Python=(3.4.2 (default, Apr 29 2018, 15:53:05) [MSC v.1913 32 bit (Intel)])!
  INFO root [0x00002680] [2018-07-21 10:27:12,107] - Script::install(): KBExtra is successfully!
 DEBUG root [0x00002680] [2018-07-21 10:27:12,124] - loaded entity-script:Account(1).
 DEBUG root [0x00002680] [2018-07-21 10:27:12,139] - loaded entity-script:Room(4).
  INFO root [0x00002680] [2018-07-21 10:27:12,139] - TelnetServer server is running on port 50000
  INFO root [0x00002680] [2018-07-21 10:27:12,449] - ---- cellapp is running ----
 DEBUG root [0x00002680] [2018-07-21 10:27:12,450] - Components::process(): Request for the process of identity...
  WARN root [0x00002680] [2018-07-21 10:27:18,532] - EntityApp::checkTickPeriod: tick took 6082% (6.08 seconds)!
  INFO root [0x00002680] [2018-07-21 10:27:19,592] - Components::findComponents: find logger(1)...
  INFO root [0x00002680] [2018-07-21 10:27:19,697] - Components::findComponents: found logger, addr:192.168.0.106:50123
  INFO root [0x00002680] [2018-07-21 10:27:19,698] - Components::addComponent: reset orderLog, uid=11533!
  INFO root [0x00002680] [2018-07-21 10:27:19,698] - Components::addComponent[logger], uid=11533, componentID=2000, globalorderid=1, grouporderid=1, totalcount=1
  INFO root [0x00002680] [2018-07-21 10:27:19,699] - Components::findComponents: find dbmgr(2)...
  INFO root [0x00002680] [2018-07-21 10:27:19,804] - Components::findComponents: found dbmgr, addr:192.168.0.106:50126
  INFO root [0x00002680] [2018-07-21 10:27:19,805] - Components::addComponent: reset orderLog, uid=11533!
  INFO root [0x00002680] [2018-07-21 10:27:19,806] - Components::addComponent[dbmgr], uid=11533, componentID=4000, globalorderid=1, grouporderid=1, totalcount=1
  INFO root [0x00002680] [2018-07-21 10:27:19,807] - Components::findComponents: found dbmgr, addr:192.168.0.106:50126
  WARN root [0x00002680] [2018-07-21 10:27:20,807] - Forwarding logs to logger[192.168.0.106:50123/0/0/0]...
 ERROR root [0x00002680] [2018-07-21 10:30:37,202] - Components::removeComponentByChannel: logger : 2000, Abnormal exit! errorno=10054
  INFO root [0x00002680] [2018-07-21 10:30:37,209] - The following logs sent to logger failed:
  WARN root [0x00002680] [2018-07-21 10:30:37,209] - ==> [2018-07-21 10:30:37 202] TCPPacketReceiver::processPendingEvents(192.168.0.106:50123): Throwing REASON_GENERAL_NETWORK - WSAECONNRESET
 ERROR root [0x00002680] [2018-07-21 10:30:37,209] - ==> [2018-07-21 10:30:37 203] Components::removeComponentByChannel: logger : 2000, Abnormal exit! errorno=10054
  WARN root [0x00002680] [2018-07-21 10:30:37,252] - TCPPacketReceiver::processPendingEvents(192.168.0.106:50126): Throwing REASON_GENERAL_NETWORK - WSAECONNRESET
 ERROR root [0x00002680] [2018-07-21 10:30:37,254] - Components::removeComponentByChannel: dbmgr : 4000, Abnormal exit! errorno=10054
  INFO root [0x00002680] [2018-07-21 10:30:37,257] - Shutdowner::onShutdownBegin: shutting down(period=0, tickPeriod=1)
  INFO root [0x00002680] [2018-07-21 10:30:37,258] - Shutdowner::onShutdown: shutting down
  INFO root [0x00002680] [2018-07-21 10:30:37,259] - Spaces::destroySpace: 1.
  INFO root [0x00002680] [2018-07-21 10:30:37,259] - Shutdowner::onShutdownEnd: shutting down
 DEBUG root [0x00002680] [2018-07-21 10:30:37,259] - Account::~Account(): 2002
 DEBUG root [0x00002680] [2018-07-21 10:30:37,260] - Account::~Account(): 2004
 DEBUG root [0x00002680] [2018-07-21 10:30:37,260] - EntityRef::destroyObjPool(): size 16.
 DEBUG root [0x00002680] [2018-07-21 10:30:37,260] - Witness::destroyObjPool(): size 16.
 DEBUG root [0x00002680] [2018-07-21 10:30:37,268] - Room::~Room(): 2003
 ERROR root [0x00002680] [2018-07-21 10:30:37,269] - PyGC::debugTracing(): EntityCall : leaked(2)
 DEBUG root [0x00002680] [2018-07-21 10:30:37,269] - Script::uninstall_py_dlls(): PyInit_pyexpat
 DEBUG root [0x00002680] [2018-07-21 10:30:37,270] - Script::uninstall_py_dlls(): PyInit__socket
 DEBUG root [0x00002680] [2018-07-21 10:30:37,270] - Script::uninstall_py_dlls(): PyInit__ssl
 DEBUG root [0x00002680] [2018-07-21 10:30:37,270] - Script::uninstall_py_dlls(): PyInit__hashlib
 DEBUG root [0x00002680] [2018-07-21 10:30:37,270] - Script::uninstall_py_dlls(): PyInit_select
 DEBUG root [0x00002680] [2018-07-21 10:30:37,270] - Script::uninstall_py_dlls(): PyInit__ctypes
 DEBUG root [0x00002680] [2018-07-21 10:30:37,270] - Script::uninstall_py_dlls(): PyInit__elementtree
 DEBUG root [0x00002680] [2018-07-21 10:30:37,270] - Script::uninstall_py_dlls(): PyInit_unicodedata
  INFO root [0x00002680] [2018-07-21 10:30:37,281] - Script::uninstall(): is successfully!
 DEBUG root [0x00002680] [2018-07-21 10:30:37,281] - ThreadPool::destroy(): starting size 2.
  INFO root [0x00001e28] [2018-07-21 10:30:38,351] - 
  INFO root [0x00001e28] [2018-07-21 10:30:38,352] - -----------------------------------------------------------------------------------------


  INFO root [0x00001e28] [2018-07-21 10:30:38,353] - Resmgr::initialize: KBE_ROOT=E:/kbengine/
  INFO root [0x00001e28] [2018-07-21 10:30:38,353] - Resmgr::initialize: KBE_RES_PATH=E:/kbengine/kbe/res/;E:/kbengine/assets/;E:/kbengine/assets/scripts/;E:/kbengine/assets/res/
  INFO root [0x00001e28] [2018-07-21 10:30:38,353] - Resmgr::initialize: KBE_BIN_PATH=E:/kbengine/kbe/bin/server/
  INFO root [0x00001e28] [2018-07-21 10:30:38,367] - NetworkInterface::initialize(INTERNAL): bound to all interfaces with default route interface on 192.168.0.106 ( 192.168.0.106:50191 )
  INFO root [0x00001e28] [2018-07-21 10:30:38,367] - NetworkInterface::initialize(INTERNAL): address 192.168.0.106:50191, SOMAXCONN=5.
  INFO root [0x00001e28] [2018-07-21 10:30:38,367] - server-configs:
  INFO root [0x00001e28] [2018-07-21 10:30:38,367] - 	gameUpdateHertz : 10
  INFO root [0x00001e28] [2018-07-21 10:30:38,367] - 	defaultViewRadius : 80
  INFO root [0x00001e28] [2018-07-21 10:30:38,367] - 	defaultViewHysteresisArea : 5
  INFO root [0x00001e28] [2018-07-21 10:30:38,368] - 	entryScriptFile : kbemain
  INFO root [0x00001e28] [2018-07-21 10:30:38,368] - 	internalAddr : 192.168.0.106:50191
  INFO root [0x00001e28] [2018-07-21 10:30:38,368] - 	componentID : 8001
  INFO root [0x00001e28] [2018-07-21 10:30:39,873] - ---- cellapp Version: 2.0.0. ScriptVersion: 0.1.0. Protocol: 85A70C5E64F896E0F1A60BF405B4EB07. Config: Debug X86. Built: 15:53:53 Apr 29 2018. AppID: 8001. UID: 12212. PID: 9388 ----
  INFO root [0x00001e28] [2018-07-21 10:30:39,874] - Server : Intel(R) Xeon(R) CPU E3-1230 v3 @ 3.30GHz with 4194303kB RAM
  INFO root [0x00001e28] [2018-07-21 10:30:39,874] - ThreadPool::createThreadPool: creating  threadpool...
  INFO root [0x00001e28] [2018-07-21 10:30:39,874] - ThreadPool::createThreadPool: successfully(2), newThreadCount=1, normalMaxThreadCount=2, maxThreadCount=8
 DEBUG root [0x00001e28] [2018-07-21 10:30:40,000] - Script::install_py_dlls(): PyInit_pyexpat
 DEBUG root [0x00001e28] [2018-07-21 10:30:40,001] - Script::install_py_dlls(): PyInit__socket
 DEBUG root [0x00001e28] [2018-07-21 10:30:40,001] - Script::install_py_dlls(): PyInit__ssl
 DEBUG root [0x00001e28] [2018-07-21 10:30:40,004] - Script::install_py_dlls(): PyInit__hashlib
 DEBUG root [0x00001e28] [2018-07-21 10:30:40,004] - Script::install_py_dlls(): PyInit_select
 DEBUG root [0x00001e28] [2018-07-21 10:30:40,004] - Script::install_py_dlls(): PyInit__ctypes
 DEBUG root [0x00001e28] [2018-07-21 10:30:40,005] - Script::install_py_dlls(): PyInit__elementtree
 DEBUG root [0x00001e28] [2018-07-21 10:30:40,035] - Script::install_py_dlls(): PyInit_unicodedata
  INFO root [0x00001e28] [2018-07-21 10:30:40,063] - Script::install(): is successfully, Python=(3.4.2 (default, Apr 29 2018, 15:53:05) [MSC v.1913 32 bit (Intel)])!
  INFO root [0x00001e28] [2018-07-21 10:30:40,063] - Script::install(): KBExtra is successfully!
 DEBUG root [0x00001e28] [2018-07-21 10:30:40,079] - loaded entity-script:Account(1).
 DEBUG root [0x00001e28] [2018-07-21 10:30:40,087] - loaded entity-script:Room(4).
  INFO root [0x00001e28] [2018-07-21 10:30:40,087] - TelnetServer server is running on port 50000
  INFO root [0x00001e28] [2018-07-21 10:30:40,417] - ---- cellapp is running ----
 DEBUG root [0x00001e28] [2018-07-21 10:30:40,418] - Components::process(): Request for the process of identity...
  WARN root [0x00001e28] [2018-07-21 10:30:46,485] - EntityApp::checkTickPeriod: tick took 6067% (6.07 seconds)!
  INFO root [0x00001e28] [2018-07-21 10:30:47,518] - Components::findComponents: find logger(1)...
  INFO root [0x00001e28] [2018-07-21 10:30:47,581] - Components::findComponents: found logger, addr:192.168.0.106:50190
  INFO root [0x00001e28] [2018-07-21 10:30:47,581] - Components::addComponent: reset orderLog, uid=12212!
  INFO root [0x00001e28] [2018-07-21 10:30:47,582] - Components::addComponent[logger], uid=12212, componentID=2000, globalorderid=1, grouporderid=1, totalcount=1
  INFO root [0x00001e28] [2018-07-21 10:30:47,584] - Components::findComponents: find dbmgr(2)...
  INFO root [0x00001e28] [2018-07-21 10:30:47,686] - Components::findComponents: found dbmgr, addr:192.168.0.106:50193
  INFO root [0x00001e28] [2018-07-21 10:30:47,687] - Components::addComponent: reset orderLog, uid=12212!
  INFO root [0x00001e28] [2018-07-21 10:30:47,687] - Components::addComponent[dbmgr], uid=12212, componentID=4000, globalorderid=1, grouporderid=1, totalcount=1
  INFO root [0x00001e28] [2018-07-21 10:30:47,688] - Components::findComponents: found dbmgr, addr:192.168.0.106:50193
  WARN root [0x00001e28] [2018-07-21 10:30:48,688] - EntityApp::checkTickPeriod: tick took 1270% (1.27 seconds)!
  WARN root [0x00001e28] [2018-07-21 10:30:48,689] - Forwarding logs to logger[192.168.0.106:50190/0/0/0]...
