  INFO root [0x0000231c] [2018-11-12 13:52:42,487] - 
  INFO root [0x0000231c] [2018-11-12 13:52:42,570] - -----------------------------------------------------------------------------------------


  INFO root [0x0000231c] [2018-11-12 13:52:43,806] - Resmgr::initialize: KBE_ROOT=E:/kbengine/
  INFO root [0x0000231c] [2018-11-12 13:52:43,808] - Resmgr::initialize: KBE_RES_PATH=E:/kbengine/kbe/res/;E:/kbengine/assets/;E:/kbengine/assets/scripts/;E:/kbengine/assets/res/
  INFO root [0x0000231c] [2018-11-12 13:52:43,808] - Resmgr::initialize: KBE_BIN_PATH=E:/kbengine/kbe/bin/server/
  INFO root [0x0000231c] [2018-11-12 13:52:45,134] - NetworkInterface::initialize(INTERNAL): bound to all interfaces with default route interface on 192.168.0.107 ( 192.168.0.107:51542 )
  INFO root [0x0000231c] [2018-11-12 13:52:45,147] - NetworkInterface::initialize(INTERNAL): address 192.168.0.107:51542, SOMAXCONN=5.
  INFO root [0x0000231c] [2018-11-12 13:52:45,147] - server-configs:
  INFO root [0x0000231c] [2018-11-12 13:52:45,148] - 	gameUpdateHertz : 10
  INFO root [0x0000231c] [2018-11-12 13:52:45,506] - 	defaultViewRadius : 80
  INFO root [0x0000231c] [2018-11-12 13:52:45,506] - 	defaultViewHysteresisArea : 5
  INFO root [0x0000231c] [2018-11-12 13:52:45,507] - 	entryScriptFile : kbemain
  INFO root [0x0000231c] [2018-11-12 13:52:45,507] - 	internalAddr : 192.168.0.107:51542
  INFO root [0x0000231c] [2018-11-12 13:52:45,507] - 	componentID : 8001
  INFO root [0x0000231c] [2018-11-12 13:52:46,478] - Components::findLogger: found logger, addr:192.168.0.107:51533
  INFO root [0x0000231c] [2018-11-12 13:52:46,479] - Components::addComponent: reset orderLog, uid=5424!
  INFO root [0x0000231c] [2018-11-12 13:52:46,568] - Components::addComponent[logger], uid=5424, componentID=2000, globalorderid=1, grouporderid=1, totalcount=1
  INFO root [0x0000231c] [2018-11-12 13:52:46,960] - ---- cellapp Version: 2.0.0. ScriptVersion: 0.1.0. Protocol: 85A70C5E64F896E0F1A60BF405B4EB07. Config: Debug X86. Built: 15:53:53 Apr 29 2018. AppID: 8001. UID: 5424. PID: 7288 ----
  INFO root [0x0000231c] [2018-11-12 13:52:46,961] - Server : Intel(R) Xeon(R) CPU E3-1230 v3 @ 3.30GHz with 4194303kB RAM
  INFO root [0x0000231c] [2018-11-12 13:52:47,156] - ThreadPool::createThreadPool: creating  threadpool...
  INFO root [0x0000231c] [2018-11-12 13:52:47,248] - ThreadPool::createThreadPool: successfully(2), newThreadCount=1, normalMaxThreadCount=2, maxThreadCount=8
 DEBUG root [0x0000231c] [2018-11-12 13:52:50,932] - Script::install_py_dlls(): PyInit_pyexpat
 DEBUG root [0x0000231c] [2018-11-12 13:52:50,993] - Script::install_py_dlls(): PyInit__socket
 DEBUG root [0x0000231c] [2018-11-12 13:52:51,110] - Script::install_py_dlls(): PyInit__ssl
 DEBUG root [0x0000231c] [2018-11-12 13:52:52,255] - Script::install_py_dlls(): PyInit__hashlib
 DEBUG root [0x0000231c] [2018-11-12 13:52:52,304] - Script::install_py_dlls(): PyInit_select
 DEBUG root [0x0000231c] [2018-11-12 13:52:52,359] - Script::install_py_dlls(): PyInit__ctypes
 DEBUG root [0x0000231c] [2018-11-12 13:52:52,408] - Script::install_py_dlls(): PyInit__elementtree
 DEBUG root [0x0000231c] [2018-11-12 13:52:52,826] - Script::install_py_dlls(): PyInit_unicodedata
  INFO root [0x0000231c] [2018-11-12 13:52:54,206] - Script::install(): is successfully, Python=(3.4.2 (default, Apr 29 2018, 15:53:05) [MSC v.1913 32 bit (Intel)])!
  INFO root [0x0000231c] [2018-11-12 13:52:54,217] - Script::install(): KBExtra is successfully!
 DEBUG root [0x0000231c] [2018-11-12 13:52:55,149] - loaded entity-script:Account(1).
 DEBUG root [0x0000231c] [2018-11-12 13:52:55,339] - loaded entity-script:Room(4).
  INFO root [0x0000231c] [2018-11-12 13:52:55,370] - TelnetServer server is running on port 50000
  INFO root [0x0000231c] [2018-11-12 13:52:55,937] - ---- cellapp is running ----
 DEBUG root [0x0000231c] [2018-11-12 13:52:55,991] - Components::process(): Request for the process of identity...
  WARN root [0x0000231c] [2018-11-12 13:53:02,176] - Forwarding logs to logger[192.168.0.107:51533/0/0/0]...
