  INFO root [0x0000229c] [2018-04-30 20:07:18,394] - 
  INFO root [0x0000229c] [2018-04-30 20:07:18,398] - -----------------------------------------------------------------------------------------


  INFO root [0x0000229c] [2018-04-30 20:07:18,399] - Resmgr::initialize: KBE_ROOT=E:/kbengine/
  INFO root [0x0000229c] [2018-04-30 20:07:18,399] - Resmgr::initialize: KBE_RES_PATH=E:/kbengine/kbe/res/;E:/kbengine/assets/;E:/kbengine/assets/scripts/;E:/kbengine/assets/res/
  INFO root [0x0000229c] [2018-04-30 20:07:18,399] - Resmgr::initialize: KBE_BIN_PATH=E:/kbengine/kbe/bin/server/
  INFO root [0x0000229c] [2018-04-30 20:07:18,405] - NetworkInterface::initialize(INTERNAL): bound to all interfaces with default route interface on 192.168.0.106 ( 192.168.0.106:55040 )
  INFO root [0x0000229c] [2018-04-30 20:07:18,405] - NetworkInterface::initialize(INTERNAL): address 192.168.0.106:55040, SOMAXCONN=5.
  INFO root [0x0000229c] [2018-04-30 20:07:18,405] - server-configs:
  INFO root [0x0000229c] [2018-04-30 20:07:18,405] - 	gameUpdateHertz : 10
  INFO root [0x0000229c] [2018-04-30 20:07:18,405] - 	defaultViewRadius : 80
  INFO root [0x0000229c] [2018-04-30 20:07:18,405] - 	defaultViewHysteresisArea : 5
  INFO root [0x0000229c] [2018-04-30 20:07:18,406] - 	entryScriptFile : kbemain
  INFO root [0x0000229c] [2018-04-30 20:07:18,406] - 	internalAddr : 192.168.0.106:55040
  INFO root [0x0000229c] [2018-04-30 20:07:18,406] - 	componentID : 8001
  INFO root [0x0000229c] [2018-04-30 20:07:19,919] - ---- cellapp Version: 2.0.0. ScriptVersion: 0.1.0. Protocol: 85A70C5E64F896E0F1A60BF405B4EB07. Config: Debug X86. Built: 15:53:53 Apr 29 2018. AppID: 8001. UID: 25126. PID: 12624 ----
  INFO root [0x0000229c] [2018-04-30 20:07:19,921] - Server : Intel(R) Xeon(R) CPU E3-1230 v3 @ 3.30GHz with 4194303kB RAM
  INFO root [0x0000229c] [2018-04-30 20:07:19,922] - ThreadPool::createThreadPool: creating  threadpool...
  INFO root [0x0000229c] [2018-04-30 20:07:19,922] - ThreadPool::createThreadPool: successfully(2), newThreadCount=1, normalMaxThreadCount=2, maxThreadCount=8
 DEBUG root [0x0000229c] [2018-04-30 20:07:20,083] - Script::install_py_dlls(): PyInit_pyexpat
 DEBUG root [0x0000229c] [2018-04-30 20:07:20,084] - Script::install_py_dlls(): PyInit__socket
 DEBUG root [0x0000229c] [2018-04-30 20:07:20,084] - Script::install_py_dlls(): PyInit__ssl
 DEBUG root [0x0000229c] [2018-04-30 20:07:20,089] - Script::install_py_dlls(): PyInit__hashlib
 DEBUG root [0x0000229c] [2018-04-30 20:07:20,089] - Script::install_py_dlls(): PyInit_select
 DEBUG root [0x0000229c] [2018-04-30 20:07:20,089] - Script::install_py_dlls(): PyInit__ctypes
 DEBUG root [0x0000229c] [2018-04-30 20:07:20,090] - Script::install_py_dlls(): PyInit__elementtree
 DEBUG root [0x0000229c] [2018-04-30 20:07:20,132] - Script::install_py_dlls(): PyInit_unicodedata
  INFO root [0x0000229c] [2018-04-30 20:07:20,174] - Script::install(): is successfully, Python=(3.4.2 (default, Apr 29 2018, 15:53:05) [MSC v.1913 32 bit (Intel)])!
  INFO root [0x0000229c] [2018-04-30 20:07:20,174] - Script::install(): KBExtra is successfully!
  INFO root [0x0000229c] [2018-04-30 20:07:20,182] - TelnetServer server is running on port 50000
  INFO root [0x0000229c] [2018-04-30 20:07:20,572] - ---- cellapp is running ----
 DEBUG root [0x0000229c] [2018-04-30 20:07:20,572] - Components::process(): Request for the process of identity...
  WARN root [0x0000229c] [2018-04-30 20:07:23,926] - BundleBroadcast::BundleBroadcast: Cannot bind to port 20711, errorno=10048
  WARN root [0x0000229c] [2018-04-30 20:07:26,989] - EntityApp::checkTickPeriod: tick took 6417% (6.42 seconds)!
  INFO root [0x0000229c] [2018-04-30 20:07:28,001] - Components::findComponents: find logger(1)...
  INFO root [0x0000229c] [2018-04-30 20:07:28,009] - Components::findComponents: found logger, addr:192.168.0.106:55039
  INFO root [0x0000229c] [2018-04-30 20:07:28,009] - Components::addComponent: reset orderLog, uid=25126!
  INFO root [0x0000229c] [2018-04-30 20:07:28,009] - Components::addComponent[logger], uid=25126, componentID=2000, globalorderid=1, grouporderid=1, totalcount=1
  INFO root [0x0000229c] [2018-04-30 20:07:28,010] - Components::findComponents: find dbmgr(2)...
  INFO root [0x0000229c] [2018-04-30 20:07:28,114] - Components::findComponents: found dbmgr, addr:192.168.0.106:55038
  INFO root [0x0000229c] [2018-04-30 20:07:28,114] - Components::addComponent: reset orderLog, uid=25126!
  INFO root [0x0000229c] [2018-04-30 20:07:28,115] - Components::addComponent[dbmgr], uid=25126, componentID=4000, globalorderid=1, grouporderid=1, totalcount=1
  INFO root [0x0000229c] [2018-04-30 20:07:28,115] - Components::findComponents: found dbmgr, addr:192.168.0.106:55038
  WARN root [0x0000229c] [2018-04-30 20:07:29,116] - Forwarding logs to logger[192.168.0.106:55039/0/0/0]...
 ERROR root [0x0000229c] [2018-04-30 20:15:21,397] - Components::removeComponentByChannel: logger : 2000, Abnormal exit! errorno=10054
  INFO root [0x0000229c] [2018-04-30 20:15:21,422] - The following logs sent to logger failed:
  WARN root [0x0000229c] [2018-04-30 20:15:21,423] - ==> [2018-04-30 20:15:21 392] TCPPacketReceiver::processPendingEvents(192.168.0.106:55039): Throwing REASON_GENERAL_NETWORK - WSAECONNRESET
 ERROR root [0x0000229c] [2018-04-30 20:15:21,423] - ==> [2018-04-30 20:15:21 398] Components::removeComponentByChannel: logger : 2000, Abnormal exit! errorno=10054
  WARN root [0x0000229c] [2018-04-30 20:15:21,482] - TCPPacketReceiver::processPendingEvents(192.168.0.106:55038): Throwing REASON_GENERAL_NETWORK - WSAECONNRESET
 ERROR root [0x0000229c] [2018-04-30 20:15:21,487] - Components::removeComponentByChannel: dbmgr : 4000, Abnormal exit! errorno=10054
  INFO root [0x0000229c] [2018-04-30 20:15:21,510] - Shutdowner::onShutdownBegin: shutting down(period=0, tickPeriod=1)
  INFO root [0x0000229c] [2018-04-30 20:15:21,510] - Shutdowner::onShutdown: shutting down
  INFO root [0x0000229c] [2018-04-30 20:15:21,510] - Shutdowner::onShutdownEnd: shutting down
 DEBUG root [0x0000229c] [2018-04-30 20:15:21,511] - EntityRef::destroyObjPool(): size 0.
 DEBUG root [0x0000229c] [2018-04-30 20:15:21,511] - Witness::destroyObjPool(): size 0.
 DEBUG root [0x0000229c] [2018-04-30 20:15:21,519] - Script::uninstall_py_dlls(): PyInit_pyexpat
 DEBUG root [0x0000229c] [2018-04-30 20:15:21,519] - Script::uninstall_py_dlls(): PyInit__socket
 DEBUG root [0x0000229c] [2018-04-30 20:15:21,519] - Script::uninstall_py_dlls(): PyInit__ssl
 DEBUG root [0x0000229c] [2018-04-30 20:15:21,519] - Script::uninstall_py_dlls(): PyInit__hashlib
 DEBUG root [0x0000229c] [2018-04-30 20:15:21,519] - Script::uninstall_py_dlls(): PyInit_select
 DEBUG root [0x0000229c] [2018-04-30 20:15:21,519] - Script::uninstall_py_dlls(): PyInit__ctypes
 DEBUG root [0x0000229c] [2018-04-30 20:15:21,519] - Script::uninstall_py_dlls(): PyInit__elementtree
 DEBUG root [0x0000229c] [2018-04-30 20:15:21,519] - Script::uninstall_py_dlls(): PyInit_unicodedata
  INFO root [0x0000229c] [2018-04-30 20:15:21,528] - Script::uninstall(): is successfully!
 DEBUG root [0x0000229c] [2018-04-30 20:15:21,528] - ThreadPool::destroy(): starting size 2.
  INFO root [0x00003244] [2018-04-30 20:15:25,376] - 
  INFO root [0x00003244] [2018-04-30 20:15:25,377] - -----------------------------------------------------------------------------------------


  INFO root [0x00003244] [2018-04-30 20:15:25,377] - Resmgr::initialize: KBE_ROOT=E:/kbengine/
  INFO root [0x00003244] [2018-04-30 20:15:25,377] - Resmgr::initialize: KBE_RES_PATH=E:/kbengine/kbe/res/;E:/kbengine/assets/;E:/kbengine/assets/scripts/;E:/kbengine/assets/res/
  INFO root [0x00003244] [2018-04-30 20:15:25,377] - Resmgr::initialize: KBE_BIN_PATH=E:/kbengine/kbe/bin/server/
  INFO root [0x00003244] [2018-04-30 20:15:25,392] - NetworkInterface::initialize(INTERNAL): bound to all interfaces with default route interface on 192.168.0.106 ( 192.168.0.106:55185 )
  INFO root [0x00003244] [2018-04-30 20:15:25,393] - NetworkInterface::initialize(INTERNAL): address 192.168.0.106:55185, SOMAXCONN=5.
  INFO root [0x00003244] [2018-04-30 20:15:25,393] - server-configs:
  INFO root [0x00003244] [2018-04-30 20:15:25,393] - 	gameUpdateHertz : 10
  INFO root [0x00003244] [2018-04-30 20:15:25,393] - 	defaultViewRadius : 80
  INFO root [0x00003244] [2018-04-30 20:15:25,393] - 	defaultViewHysteresisArea : 5
  INFO root [0x00003244] [2018-04-30 20:15:25,393] - 	entryScriptFile : kbemain
  INFO root [0x00003244] [2018-04-30 20:15:25,393] - 	internalAddr : 192.168.0.106:55185
  INFO root [0x00003244] [2018-04-30 20:15:25,393] - 	componentID : 8001
  WARN root [0x00003244] [2018-04-30 20:15:25,711] - BundleBroadcast::BundleBroadcast: Cannot bind to port 20131, errorno=10048
  INFO root [0x00003244] [2018-04-30 20:15:25,714] - ---- cellapp Version: 2.0.0. ScriptVersion: 0.1.0. Protocol: 85A70C5E64F896E0F1A60BF405B4EB07. Config: Debug X86. Built: 15:53:53 Apr 29 2018. AppID: 8001. UID: 26716. PID: 6300 ----
  INFO root [0x00003244] [2018-04-30 20:15:25,714] - Server : Intel(R) Xeon(R) CPU E3-1230 v3 @ 3.30GHz with 4194303kB RAM
  INFO root [0x00003244] [2018-04-30 20:15:25,715] - ThreadPool::createThreadPool: creating  threadpool...
  INFO root [0x00003244] [2018-04-30 20:15:25,715] - ThreadPool::createThreadPool: successfully(2), newThreadCount=1, normalMaxThreadCount=2, maxThreadCount=8
 DEBUG root [0x00003244] [2018-04-30 20:15:25,843] - Script::install_py_dlls(): PyInit_pyexpat
 DEBUG root [0x00003244] [2018-04-30 20:15:25,844] - Script::install_py_dlls(): PyInit__socket
 DEBUG root [0x00003244] [2018-04-30 20:15:25,844] - Script::install_py_dlls(): PyInit__ssl
 DEBUG root [0x00003244] [2018-04-30 20:15:25,847] - Script::install_py_dlls(): PyInit__hashlib
 DEBUG root [0x00003244] [2018-04-30 20:15:25,847] - Script::install_py_dlls(): PyInit_select
 DEBUG root [0x00003244] [2018-04-30 20:15:25,847] - Script::install_py_dlls(): PyInit__ctypes
 DEBUG root [0x00003244] [2018-04-30 20:15:25,848] - Script::install_py_dlls(): PyInit__elementtree
 DEBUG root [0x00003244] [2018-04-30 20:15:25,878] - Script::install_py_dlls(): PyInit_unicodedata
  INFO root [0x00003244] [2018-04-30 20:15:25,908] - Script::install(): is successfully, Python=(3.4.2 (default, Apr 29 2018, 15:53:05) [MSC v.1913 32 bit (Intel)])!
  INFO root [0x00003244] [2018-04-30 20:15:25,908] - Script::install(): KBExtra is successfully!
  INFO root [0x00003244] [2018-04-30 20:15:25,915] - TelnetServer server is running on port 50000
  INFO root [0x00003244] [2018-04-30 20:15:26,256] - ---- cellapp is running ----
 DEBUG root [0x00003244] [2018-04-30 20:15:26,257] - Components::process(): Request for the process of identity...
  WARN root [0x00003244] [2018-04-30 20:15:32,333] - EntityApp::checkTickPeriod: tick took 6076% (6.08 seconds)!
  INFO root [0x00003244] [2018-04-30 20:15:33,387] - Components::findComponents: find logger(1)...
  INFO root [0x00003244] [2018-04-30 20:15:33,441] - Components::findComponents: found logger, addr:192.168.0.106:55188
  INFO root [0x00003244] [2018-04-30 20:15:33,442] - Components::addComponent: reset orderLog, uid=26716!
  INFO root [0x00003244] [2018-04-30 20:15:33,442] - Components::addComponent[logger], uid=26716, componentID=2000, globalorderid=1, grouporderid=1, totalcount=1
  INFO root [0x00003244] [2018-04-30 20:15:33,443] - Components::findComponents: find dbmgr(2)...
  INFO root [0x00003244] [2018-04-30 20:15:33,547] - Components::findComponents: found dbmgr, addr:192.168.0.106:55187
  INFO root [0x00003244] [2018-04-30 20:15:33,547] - Components::addComponent: reset orderLog, uid=26716!
  INFO root [0x00003244] [2018-04-30 20:15:33,548] - Components::addComponent[dbmgr], uid=26716, componentID=4000, globalorderid=1, grouporderid=1, totalcount=1
  INFO root [0x00003244] [2018-04-30 20:15:33,548] - Components::findComponents: found dbmgr, addr:192.168.0.106:55187
  WARN root [0x00003244] [2018-04-30 20:15:34,549] - Forwarding logs to logger[192.168.0.106:55188/0/0/0]...
 ERROR root [0x00003244] [2018-04-30 20:15:39,955] - Components::removeComponentByChannel: logger : 2000, Abnormal exit! errorno=10054
  INFO root [0x00003244] [2018-04-30 20:15:39,985] - The following logs sent to logger failed:
  WARN root [0x00003244] [2018-04-30 20:15:39,985] - ==> [2018-04-30 20:15:39 950] TCPPacketReceiver::processPendingEvents(192.168.0.106:55188): Throwing REASON_GENERAL_NETWORK - WSAECONNRESET
 ERROR root [0x00003244] [2018-04-30 20:15:39,985] - ==> [2018-04-30 20:15:39 955] Components::removeComponentByChannel: logger : 2000, Abnormal exit! errorno=10054
  INFO root [0x00003244] [2018-04-30 20:15:39,985] - Components::findComponents: register self to baseappmgr...
  INFO root [0x00003244] [2018-04-30 20:15:39,987] - Components::process(): Found all the components!
  WARN root [0x00003244] [2018-04-30 20:15:40,035] - TCPPacketReceiver::processPendingEvents(192.168.0.106:55187): Throwing REASON_GENERAL_NETWORK - WSAECONNRESET
 ERROR root [0x00003244] [2018-04-30 20:15:40,043] - Components::removeComponentByChannel: dbmgr : 4000, Abnormal exit! errorno=10054
  INFO root [0x00003244] [2018-04-30 20:15:40,069] - Shutdowner::onShutdownBegin: shutting down(period=0, tickPeriod=1)
  INFO root [0x00003244] [2018-04-30 20:15:40,070] - Shutdowner::onShutdown: shutting down
  INFO root [0x00003244] [2018-04-30 20:15:40,070] - Shutdowner::onShutdownEnd: shutting down
 DEBUG root [0x00003244] [2018-04-30 20:15:40,071] - EntityRef::destroyObjPool(): size 0.
 DEBUG root [0x00003244] [2018-04-30 20:15:40,071] - Witness::destroyObjPool(): size 0.
 DEBUG root [0x00003244] [2018-04-30 20:15:40,079] - Script::uninstall_py_dlls(): PyInit_pyexpat
 DEBUG root [0x00003244] [2018-04-30 20:15:40,079] - Script::uninstall_py_dlls(): PyInit__socket
 DEBUG root [0x00003244] [2018-04-30 20:15:40,079] - Script::uninstall_py_dlls(): PyInit__ssl
 DEBUG root [0x00003244] [2018-04-30 20:15:40,080] - Script::uninstall_py_dlls(): PyInit__hashlib
 DEBUG root [0x00003244] [2018-04-30 20:15:40,080] - Script::uninstall_py_dlls(): PyInit_select
 DEBUG root [0x00003244] [2018-04-30 20:15:40,080] - Script::uninstall_py_dlls(): PyInit__ctypes
 DEBUG root [0x00003244] [2018-04-30 20:15:40,080] - Script::uninstall_py_dlls(): PyInit__elementtree
 DEBUG root [0x00003244] [2018-04-30 20:15:40,080] - Script::uninstall_py_dlls(): PyInit_unicodedata
  INFO root [0x00003244] [2018-04-30 20:15:40,088] - Script::uninstall(): is successfully!
 DEBUG root [0x00003244] [2018-04-30 20:15:40,088] - ThreadPool::destroy(): starting size 2.
  INFO root [0x00001a78] [2018-04-30 20:15:41,490] - 
  INFO root [0x00001a78] [2018-04-30 20:15:41,490] - -----------------------------------------------------------------------------------------


  INFO root [0x00001a78] [2018-04-30 20:15:41,491] - Resmgr::initialize: KBE_ROOT=E:/kbengine/
  INFO root [0x00001a78] [2018-04-30 20:15:41,491] - Resmgr::initialize: KBE_RES_PATH=E:/kbengine/kbe/res/;E:/kbengine/assets/;E:/kbengine/assets/scripts/;E:/kbengine/assets/res/
  INFO root [0x00001a78] [2018-04-30 20:15:41,491] - Resmgr::initialize: KBE_BIN_PATH=E:/kbengine/kbe/bin/server/
  INFO root [0x00001a78] [2018-04-30 20:15:41,495] - NetworkInterface::initialize(INTERNAL): bound to all interfaces with default route interface on 192.168.0.106 ( 192.168.0.106:55223 )
  INFO root [0x00001a78] [2018-04-30 20:15:41,495] - NetworkInterface::initialize(INTERNAL): address 192.168.0.106:55223, SOMAXCONN=5.
  INFO root [0x00001a78] [2018-04-30 20:15:41,496] - server-configs:
  INFO root [0x00001a78] [2018-04-30 20:15:41,496] - 	gameUpdateHertz : 10
  INFO root [0x00001a78] [2018-04-30 20:15:41,496] - 	defaultViewRadius : 80
  INFO root [0x00001a78] [2018-04-30 20:15:41,496] - 	defaultViewHysteresisArea : 5
  INFO root [0x00001a78] [2018-04-30 20:15:41,496] - 	entryScriptFile : kbemain
  INFO root [0x00001a78] [2018-04-30 20:15:41,496] - 	internalAddr : 192.168.0.106:55223
  INFO root [0x00001a78] [2018-04-30 20:15:41,496] - 	componentID : 8001
  WARN root [0x00001a78] [2018-04-30 20:15:41,807] - BundleBroadcast::BundleBroadcast: Cannot bind to port 20220, errorno=10048
  INFO root [0x00001a78] [2018-04-30 20:15:41,811] - ---- cellapp Version: 2.0.0. ScriptVersion: 0.1.0. Protocol: 85A70C5E64F896E0F1A60BF405B4EB07. Config: Debug X86. Built: 15:53:53 Apr 29 2018. AppID: 8001. UID: 26768. PID: 2964 ----
  INFO root [0x00001a78] [2018-04-30 20:15:41,811] - Server : Intel(R) Xeon(R) CPU E3-1230 v3 @ 3.30GHz with 4194303kB RAM
  INFO root [0x00001a78] [2018-04-30 20:15:41,811] - ThreadPool::createThreadPool: creating  threadpool...
  INFO root [0x00001a78] [2018-04-30 20:15:41,812] - ThreadPool::createThreadPool: successfully(2), newThreadCount=1, normalMaxThreadCount=2, maxThreadCount=8
 DEBUG root [0x00001a78] [2018-04-30 20:15:41,940] - Script::install_py_dlls(): PyInit_pyexpat
 DEBUG root [0x00001a78] [2018-04-30 20:15:41,940] - Script::install_py_dlls(): PyInit__socket
 DEBUG root [0x00001a78] [2018-04-30 20:15:41,940] - Script::install_py_dlls(): PyInit__ssl
 DEBUG root [0x00001a78] [2018-04-30 20:15:41,944] - Script::install_py_dlls(): PyInit__hashlib
 DEBUG root [0x00001a78] [2018-04-30 20:15:41,944] - Script::install_py_dlls(): PyInit_select
 DEBUG root [0x00001a78] [2018-04-30 20:15:41,944] - Script::install_py_dlls(): PyInit__ctypes
 DEBUG root [0x00001a78] [2018-04-30 20:15:41,944] - Script::install_py_dlls(): PyInit__elementtree
 DEBUG root [0x00001a78] [2018-04-30 20:15:41,972] - Script::install_py_dlls(): PyInit_unicodedata
  INFO root [0x00001a78] [2018-04-30 20:15:42,001] - Script::install(): is successfully, Python=(3.4.2 (default, Apr 29 2018, 15:53:05) [MSC v.1913 32 bit (Intel)])!
  INFO root [0x00001a78] [2018-04-30 20:15:42,001] - Script::install(): KBExtra is successfully!
  INFO root [0x00001a78] [2018-04-30 20:15:42,006] - TelnetServer server is running on port 50000
  INFO root [0x00001a78] [2018-04-30 20:15:42,296] - ---- cellapp is running ----
 DEBUG root [0x00001a78] [2018-04-30 20:15:42,296] - Components::process(): Request for the process of identity...
  WARN root [0x00001a78] [2018-04-30 20:15:48,396] - EntityApp::checkTickPeriod: tick took 6100% (6.10 seconds)!
  INFO root [0x00001a78] [2018-04-30 20:15:49,493] - Components::findComponents: find logger(1)...
  INFO root [0x00001a78] [2018-04-30 20:15:49,571] - Components::findComponents: found logger, addr:192.168.0.106:55219
  INFO root [0x00001a78] [2018-04-30 20:15:49,571] - Components::addComponent: reset orderLog, uid=26768!
  INFO root [0x00001a78] [2018-04-30 20:15:49,572] - Components::addComponent[logger], uid=26768, componentID=2000, globalorderid=1, grouporderid=1, totalcount=1
  INFO root [0x00001a78] [2018-04-30 20:15:49,574] - Components::findComponents: find dbmgr(2)...
  INFO root [0x00001a78] [2018-04-30 20:15:49,677] - Components::findComponents: found dbmgr, addr:192.168.0.106:55220
  INFO root [0x00001a78] [2018-04-30 20:15:49,677] - Components::addComponent: reset orderLog, uid=26768!
  INFO root [0x00001a78] [2018-04-30 20:15:49,678] - Components::addComponent[dbmgr], uid=26768, componentID=4000, globalorderid=1, grouporderid=1, totalcount=1
  INFO root [0x00001a78] [2018-04-30 20:15:49,678] - Components::findComponents: found dbmgr, addr:192.168.0.106:55220
  WARN root [0x00001a78] [2018-04-30 20:15:50,679] - Forwarding logs to logger[192.168.0.106:55219/0/0/0]...
