  INFO root [0x00001a70] [2018-07-22 11:06:31,371] - 
  INFO root [0x00001a70] [2018-07-22 11:06:31,458] - -----------------------------------------------------------------------------------------


  INFO root [0x00001a70] [2018-07-22 11:06:33,320] - Resmgr::initialize: KBE_ROOT=E:/kbengine/
  INFO root [0x00001a70] [2018-07-22 11:06:33,321] - Resmgr::initialize: KBE_RES_PATH=E:/kbengine/kbe/res/;E:/kbengine/assets/;E:/kbengine/assets/scripts/;E:/kbengine/assets/res/
  INFO root [0x00001a70] [2018-07-22 11:06:33,322] - Resmgr::initialize: KBE_BIN_PATH=E:/kbengine/kbe/bin/server/
  INFO root [0x00001a70] [2018-07-22 11:06:33,854] - NetworkInterface::initialize(INTERNAL): bound to all interfaces with default route interface on 192.168.0.106 ( 192.168.0.106:50082 )
  INFO root [0x00001a70] [2018-07-22 11:06:33,976] - NetworkInterface::initialize(INTERNAL): address 192.168.0.106:50082, SOMAXCONN=5.
  INFO root [0x00001a70] [2018-07-22 11:06:33,977] - server-configs:
  INFO root [0x00001a70] [2018-07-22 11:06:33,977] - 	gameUpdateHertz : 10
  INFO root [0x00001a70] [2018-07-22 11:06:34,085] - 	defaultViewRadius : 80
  INFO root [0x00001a70] [2018-07-22 11:06:34,086] - 	defaultViewHysteresisArea : 5
  INFO root [0x00001a70] [2018-07-22 11:06:34,086] - 	entryScriptFile : kbemain
  INFO root [0x00001a70] [2018-07-22 11:06:34,087] - 	internalAddr : 192.168.0.106:50082
  INFO root [0x00001a70] [2018-07-22 11:06:34,087] - 	componentID : 8001
  INFO root [0x00001a70] [2018-07-22 11:06:35,015] - ---- cellapp Version: 2.0.0. ScriptVersion: 0.1.0. Protocol: 85A70C5E64F896E0F1A60BF405B4EB07. Config: Debug X86. Built: 15:53:53 Apr 29 2018. AppID: 8001. UID: 6362. PID: 4404 ----
  INFO root [0x00001a70] [2018-07-22 11:06:35,017] - Server : Intel(R) Xeon(R) CPU E3-1230 v3 @ 3.30GHz with 4194303kB RAM
  INFO root [0x00001a70] [2018-07-22 11:06:35,310] - ThreadPool::createThreadPool: creating  threadpool...
  INFO root [0x00001a70] [2018-07-22 11:06:35,311] - ThreadPool::createThreadPool: successfully(2), newThreadCount=1, normalMaxThreadCount=2, maxThreadCount=8
 DEBUG root [0x00001a70] [2018-07-22 11:06:42,454] - Script::install_py_dlls(): PyInit_pyexpat
 DEBUG root [0x00001a70] [2018-07-22 11:06:42,535] - Script::install_py_dlls(): PyInit__socket
 DEBUG root [0x00001a70] [2018-07-22 11:06:42,581] - Script::install_py_dlls(): PyInit__ssl
 DEBUG root [0x00001a70] [2018-07-22 11:06:44,144] - Script::install_py_dlls(): PyInit__hashlib
 DEBUG root [0x00001a70] [2018-07-22 11:06:44,602] - Script::install_py_dlls(): PyInit_select
 DEBUG root [0x00001a70] [2018-07-22 11:06:44,731] - Script::install_py_dlls(): PyInit__ctypes
 DEBUG root [0x00001a70] [2018-07-22 11:06:44,822] - Script::install_py_dlls(): PyInit__elementtree
 DEBUG root [0x00001a70] [2018-07-22 11:06:45,690] - Script::install_py_dlls(): PyInit_unicodedata
  INFO root [0x00001a70] [2018-07-22 11:06:46,927] - Script::install(): is successfully, Python=(3.4.2 (default, Apr 29 2018, 15:53:05) [MSC v.1913 32 bit (Intel)])!
  INFO root [0x00001a70] [2018-07-22 11:06:46,928] - Script::install(): KBExtra is successfully!
 DEBUG root [0x00001a70] [2018-07-22 11:06:49,259] - loaded entity-script:Account(1).
 DEBUG root [0x00001a70] [2018-07-22 11:06:49,956] - loaded entity-script:Room(4).
  INFO root [0x00001a70] [2018-07-22 11:06:50,100] - TelnetServer server is running on port 50000
  INFO root [0x00001a70] [2018-07-22 11:06:50,691] - ---- cellapp is running ----
 DEBUG root [0x00001a70] [2018-07-22 11:06:50,849] - Components::process(): Request for the process of identity...
  WARN root [0x00001a70] [2018-07-22 11:06:51,159] - BundleBroadcast::BundleBroadcast: Cannot bind to port 20119, errorno=10048
  WARN root [0x00001a70] [2018-07-22 11:06:57,601] - EntityApp::checkTickPeriod: tick took 6909% (6.91 seconds)!
  INFO root [0x00001a70] [2018-07-22 11:06:58,678] - Components::findComponents: find logger(1)...
  INFO root [0x00001a70] [2018-07-22 11:06:58,761] - Components::findComponents: found logger, addr:192.168.0.106:50074
  INFO root [0x00001a70] [2018-07-22 11:06:58,761] - Components::addComponent: reset orderLog, uid=6362!
  INFO root [0x00001a70] [2018-07-22 11:06:58,761] - Components::addComponent[logger], uid=6362, componentID=2000, globalorderid=1, grouporderid=1, totalcount=1
  INFO root [0x00001a70] [2018-07-22 11:06:58,807] - Components::findComponents: find dbmgr(2)...
  INFO root [0x00001a70] [2018-07-22 11:06:58,863] - Components::findComponents: found dbmgr, addr:192.168.0.106:50077
  INFO root [0x00001a70] [2018-07-22 11:06:58,863] - Components::addComponent: reset orderLog, uid=6362!
  INFO root [0x00001a70] [2018-07-22 11:06:58,864] - Components::addComponent[dbmgr], uid=6362, componentID=4000, globalorderid=1, grouporderid=1, totalcount=1
  INFO root [0x00001a70] [2018-07-22 11:06:58,864] - Components::findComponents: found dbmgr, addr:192.168.0.106:50077
  WARN root [0x00001a70] [2018-07-22 11:06:59,864] - Forwarding logs to logger[192.168.0.106:50074/0/0/0]...
 ERROR root [0x00001a70] [2018-07-22 11:09:12,307] - Components::removeComponentByChannel: logger : 2000, Abnormal exit! errorno=10054
  INFO root [0x00001a70] [2018-07-22 11:09:12,309] - The following logs sent to logger failed:
  WARN root [0x00001a70] [2018-07-22 11:09:12,309] - ==> [2018-07-22 11:09:12 306] TCPPacketReceiver::processPendingEvents(192.168.0.106:50074): Throwing REASON_GENERAL_NETWORK - WSAECONNRESET
 ERROR root [0x00001a70] [2018-07-22 11:09:12,310] - ==> [2018-07-22 11:09:12 308] Components::removeComponentByChannel: logger : 2000, Abnormal exit! errorno=10054
  WARN root [0x00001a70] [2018-07-22 11:09:12,355] - TCPPacketReceiver::processPendingEvents(192.168.0.106:50077): Throwing REASON_GENERAL_NETWORK - WSAECONNRESET
 ERROR root [0x00001a70] [2018-07-22 11:09:12,357] - Components::removeComponentByChannel: dbmgr : 4000, Abnormal exit! errorno=10054
  INFO root [0x00001a70] [2018-07-22 11:09:12,389] - Shutdowner::onShutdownBegin: shutting down(period=0, tickPeriod=1)
  INFO root [0x00001a70] [2018-07-22 11:09:12,390] - Shutdowner::onShutdown: shutting down
  INFO root [0x00001a70] [2018-07-22 11:09:12,390] - Shutdowner::onShutdownEnd: shutting down
 DEBUG root [0x00001a70] [2018-07-22 11:09:12,475] - EntityRef::destroyObjPool(): size 0.
 DEBUG root [0x00001a70] [2018-07-22 11:09:12,475] - Witness::destroyObjPool(): size 0.
 DEBUG root [0x00001a70] [2018-07-22 11:09:12,529] - Script::uninstall_py_dlls(): PyInit_pyexpat
 DEBUG root [0x00001a70] [2018-07-22 11:09:12,529] - Script::uninstall_py_dlls(): PyInit__socket
 DEBUG root [0x00001a70] [2018-07-22 11:09:12,530] - Script::uninstall_py_dlls(): PyInit__ssl
 DEBUG root [0x00001a70] [2018-07-22 11:09:12,530] - Script::uninstall_py_dlls(): PyInit__hashlib
 DEBUG root [0x00001a70] [2018-07-22 11:09:12,530] - Script::uninstall_py_dlls(): PyInit_select
 DEBUG root [0x00001a70] [2018-07-22 11:09:12,530] - Script::uninstall_py_dlls(): PyInit__ctypes
 DEBUG root [0x00001a70] [2018-07-22 11:09:12,530] - Script::uninstall_py_dlls(): PyInit__elementtree
 DEBUG root [0x00001a70] [2018-07-22 11:09:12,530] - Script::uninstall_py_dlls(): PyInit_unicodedata
  INFO root [0x00001a70] [2018-07-22 11:09:12,562] - Script::uninstall(): is successfully!
 DEBUG root [0x00001a70] [2018-07-22 11:09:12,562] - ThreadPool::destroy(): starting size 2.
  INFO root [0x00001388] [2018-07-22 11:09:13,494] - 
  INFO root [0x00001388] [2018-07-22 11:09:13,497] - -----------------------------------------------------------------------------------------


  INFO root [0x00001388] [2018-07-22 11:09:13,498] - Resmgr::initialize: KBE_ROOT=E:/kbengine/
  INFO root [0x00001388] [2018-07-22 11:09:13,498] - Resmgr::initialize: KBE_RES_PATH=E:/kbengine/kbe/res/;E:/kbengine/assets/;E:/kbengine/assets/scripts/;E:/kbengine/assets/res/
  INFO root [0x00001388] [2018-07-22 11:09:13,498] - Resmgr::initialize: KBE_BIN_PATH=E:/kbengine/kbe/bin/server/
  INFO root [0x00001388] [2018-07-22 11:09:13,501] - NetworkInterface::initialize(INTERNAL): bound to all interfaces with default route interface on 192.168.0.106 ( 192.168.0.106:50123 )
  INFO root [0x00001388] [2018-07-22 11:09:13,502] - NetworkInterface::initialize(INTERNAL): address 192.168.0.106:50123, SOMAXCONN=5.
  INFO root [0x00001388] [2018-07-22 11:09:13,502] - server-configs:
  INFO root [0x00001388] [2018-07-22 11:09:13,502] - 	gameUpdateHertz : 10
  INFO root [0x00001388] [2018-07-22 11:09:13,502] - 	defaultViewRadius : 80
  INFO root [0x00001388] [2018-07-22 11:09:13,502] - 	defaultViewHysteresisArea : 5
  INFO root [0x00001388] [2018-07-22 11:09:13,502] - 	entryScriptFile : kbemain
  INFO root [0x00001388] [2018-07-22 11:09:13,502] - 	internalAddr : 192.168.0.106:50123
  INFO root [0x00001388] [2018-07-22 11:09:13,502] - 	componentID : 8001
  WARN root [0x00001388] [2018-07-22 11:09:13,814] - BundleBroadcast::BundleBroadcast: Cannot bind to port 20477, errorno=10048
  INFO root [0x00001388] [2018-07-22 11:09:13,817] - ---- cellapp Version: 2.0.0. ScriptVersion: 0.1.0. Protocol: 85A70C5E64F896E0F1A60BF405B4EB07. Config: Debug X86. Built: 15:53:53 Apr 29 2018. AppID: 8001. UID: 7006. PID: 8128 ----
  INFO root [0x00001388] [2018-07-22 11:09:13,818] - Server : Intel(R) Xeon(R) CPU E3-1230 v3 @ 3.30GHz with 4194303kB RAM
  INFO root [0x00001388] [2018-07-22 11:09:13,818] - ThreadPool::createThreadPool: creating  threadpool...
  INFO root [0x00001388] [2018-07-22 11:09:13,818] - ThreadPool::createThreadPool: successfully(2), newThreadCount=1, normalMaxThreadCount=2, maxThreadCount=8
 DEBUG root [0x00001388] [2018-07-22 11:09:13,944] - Script::install_py_dlls(): PyInit_pyexpat
 DEBUG root [0x00001388] [2018-07-22 11:09:13,945] - Script::install_py_dlls(): PyInit__socket
 DEBUG root [0x00001388] [2018-07-22 11:09:13,945] - Script::install_py_dlls(): PyInit__ssl
 DEBUG root [0x00001388] [2018-07-22 11:09:13,948] - Script::install_py_dlls(): PyInit__hashlib
 DEBUG root [0x00001388] [2018-07-22 11:09:13,948] - Script::install_py_dlls(): PyInit_select
 DEBUG root [0x00001388] [2018-07-22 11:09:13,948] - Script::install_py_dlls(): PyInit__ctypes
 DEBUG root [0x00001388] [2018-07-22 11:09:13,949] - Script::install_py_dlls(): PyInit__elementtree
 DEBUG root [0x00001388] [2018-07-22 11:09:13,975] - Script::install_py_dlls(): PyInit_unicodedata
  INFO root [0x00001388] [2018-07-22 11:09:14,002] - Script::install(): is successfully, Python=(3.4.2 (default, Apr 29 2018, 15:53:05) [MSC v.1913 32 bit (Intel)])!
  INFO root [0x00001388] [2018-07-22 11:09:14,002] - Script::install(): KBExtra is successfully!
 DEBUG root [0x00001388] [2018-07-22 11:09:14,019] - loaded entity-script:Account(1).
 DEBUG root [0x00001388] [2018-07-22 11:09:14,026] - loaded entity-script:Room(4).
  INFO root [0x00001388] [2018-07-22 11:09:14,026] - TelnetServer server is running on port 50000
  INFO root [0x00001388] [2018-07-22 11:09:14,313] - ---- cellapp is running ----
 DEBUG root [0x00001388] [2018-07-22 11:09:14,313] - Components::process(): Request for the process of identity...
  WARN root [0x00001388] [2018-07-22 11:09:20,421] - EntityApp::checkTickPeriod: tick took 6107% (6.11 seconds)!
  INFO root [0x00001388] [2018-07-22 11:09:21,501] - Components::findComponents: find logger(1)...
  INFO root [0x00001388] [2018-07-22 11:09:21,567] - Components::findComponents: found logger, addr:192.168.0.106:50122
  INFO root [0x00001388] [2018-07-22 11:09:21,568] - Components::addComponent: reset orderLog, uid=7006!
  INFO root [0x00001388] [2018-07-22 11:09:21,569] - Components::addComponent[logger], uid=7006, componentID=2000, globalorderid=1, grouporderid=1, totalcount=1
  INFO root [0x00001388] [2018-07-22 11:09:21,571] - Components::findComponents: find dbmgr(2)...
  INFO root [0x00001388] [2018-07-22 11:09:21,672] - Components::findComponents: found dbmgr, addr:192.168.0.106:50119
  INFO root [0x00001388] [2018-07-22 11:09:21,672] - Components::addComponent: reset orderLog, uid=7006!
  INFO root [0x00001388] [2018-07-22 11:09:21,673] - Components::addComponent[dbmgr], uid=7006, componentID=4000, globalorderid=1, grouporderid=1, totalcount=1
  INFO root [0x00001388] [2018-07-22 11:09:21,673] - Components::findComponents: found dbmgr, addr:192.168.0.106:50119
  WARN root [0x00001388] [2018-07-22 11:09:22,674] - Forwarding logs to logger[192.168.0.106:50122/0/0/0]...
 ERROR root [0x00001388] [2018-07-22 11:16:52,657] - Components::removeComponentByChannel: logger : 2000, Abnormal exit! errorno=10054
  INFO root [0x00001388] [2018-07-22 11:16:52,659] - The following logs sent to logger failed:
  WARN root [0x00001388] [2018-07-22 11:16:52,659] - ==> [2018-07-22 11:16:52 656] TCPPacketReceiver::processPendingEvents(192.168.0.106:50122): Throwing REASON_GENERAL_NETWORK - WSAECONNRESET
 ERROR root [0x00001388] [2018-07-22 11:16:52,659] - ==> [2018-07-22 11:16:52 657] Components::removeComponentByChannel: logger : 2000, Abnormal exit! errorno=10054
  WARN root [0x00001388] [2018-07-22 11:16:52,707] - TCPPacketReceiver::processPendingEvents(192.168.0.106:50119): Throwing REASON_GENERAL_NETWORK - WSAECONNRESET
 ERROR root [0x00001388] [2018-07-22 11:16:52,709] - Components::removeComponentByChannel: dbmgr : 4000, Abnormal exit! errorno=10054
  INFO root [0x00001388] [2018-07-22 11:16:52,712] - Shutdowner::onShutdownBegin: shutting down(period=0, tickPeriod=1)
  INFO root [0x00001388] [2018-07-22 11:16:52,713] - Shutdowner::onShutdown: shutting down
  INFO root [0x00001388] [2018-07-22 11:16:52,714] - Spaces::destroySpace: 1.
  INFO root [0x00001388] [2018-07-22 11:16:52,714] - Shutdowner::onShutdownEnd: shutting down
 DEBUG root [0x00001388] [2018-07-22 11:16:52,738] - Account::~Account(): 2002
 DEBUG root [0x00001388] [2018-07-22 11:16:52,738] - Account::~Account(): 2004
 DEBUG root [0x00001388] [2018-07-22 11:16:52,738] - EntityRef::destroyObjPool(): size 16.
 DEBUG root [0x00001388] [2018-07-22 11:16:52,738] - Witness::destroyObjPool(): size 16.
 DEBUG root [0x00001388] [2018-07-22 11:16:52,746] - Room::~Room(): 2003
 ERROR root [0x00001388] [2018-07-22 11:16:52,747] - PyGC::debugTracing(): EntityCall : leaked(2)
 DEBUG root [0x00001388] [2018-07-22 11:16:52,748] - Script::uninstall_py_dlls(): PyInit_pyexpat
 DEBUG root [0x00001388] [2018-07-22 11:16:52,748] - Script::uninstall_py_dlls(): PyInit__socket
 DEBUG root [0x00001388] [2018-07-22 11:16:52,748] - Script::uninstall_py_dlls(): PyInit__ssl
 DEBUG root [0x00001388] [2018-07-22 11:16:52,748] - Script::uninstall_py_dlls(): PyInit__hashlib
 DEBUG root [0x00001388] [2018-07-22 11:16:52,748] - Script::uninstall_py_dlls(): PyInit_select
 DEBUG root [0x00001388] [2018-07-22 11:16:52,748] - Script::uninstall_py_dlls(): PyInit__ctypes
 DEBUG root [0x00001388] [2018-07-22 11:16:52,748] - Script::uninstall_py_dlls(): PyInit__elementtree
 DEBUG root [0x00001388] [2018-07-22 11:16:52,748] - Script::uninstall_py_dlls(): PyInit_unicodedata
  INFO root [0x00001388] [2018-07-22 11:16:52,758] - Script::uninstall(): is successfully!
 DEBUG root [0x00001388] [2018-07-22 11:16:52,758] - ThreadPool::destroy(): starting size 2.
  INFO root [0x0000246c] [2018-07-22 11:16:53,821] - 
  INFO root [0x0000246c] [2018-07-22 11:16:53,821] - -----------------------------------------------------------------------------------------


  INFO root [0x0000246c] [2018-07-22 11:16:53,822] - Resmgr::initialize: KBE_ROOT=E:/kbengine/
  INFO root [0x0000246c] [2018-07-22 11:16:53,822] - Resmgr::initialize: KBE_RES_PATH=E:/kbengine/kbe/res/;E:/kbengine/assets/;E:/kbengine/assets/scripts/;E:/kbengine/assets/res/
  INFO root [0x0000246c] [2018-07-22 11:16:53,822] - Resmgr::initialize: KBE_BIN_PATH=E:/kbengine/kbe/bin/server/
  INFO root [0x0000246c] [2018-07-22 11:16:53,825] - NetworkInterface::initialize(INTERNAL): bound to all interfaces with default route interface on 192.168.0.106 ( 192.168.0.106:50231 )
  INFO root [0x0000246c] [2018-07-22 11:16:53,826] - NetworkInterface::initialize(INTERNAL): address 192.168.0.106:50231, SOMAXCONN=5.
  INFO root [0x0000246c] [2018-07-22 11:16:53,826] - server-configs:
  INFO root [0x0000246c] [2018-07-22 11:16:53,826] - 	gameUpdateHertz : 10
  INFO root [0x0000246c] [2018-07-22 11:16:53,826] - 	defaultViewRadius : 80
  INFO root [0x0000246c] [2018-07-22 11:16:53,826] - 	defaultViewHysteresisArea : 5
  INFO root [0x0000246c] [2018-07-22 11:16:53,826] - 	entryScriptFile : kbemain
  INFO root [0x0000246c] [2018-07-22 11:16:53,826] - 	internalAddr : 192.168.0.106:50231
  INFO root [0x0000246c] [2018-07-22 11:16:53,827] - 	componentID : 8001
  WARN root [0x0000246c] [2018-07-22 11:16:54,138] - BundleBroadcast::BundleBroadcast: Cannot bind to port 20386, errorno=10048
  INFO root [0x0000246c] [2018-07-22 11:16:54,142] - ---- cellapp Version: 2.0.0. ScriptVersion: 0.1.0. Protocol: 85A70C5E64F896E0F1A60BF405B4EB07. Config: Debug X86. Built: 15:53:53 Apr 29 2018. AppID: 8001. UID: 8508. PID: 9316 ----
  INFO root [0x0000246c] [2018-07-22 11:16:54,142] - Server : Intel(R) Xeon(R) CPU E3-1230 v3 @ 3.30GHz with 4194303kB RAM
  INFO root [0x0000246c] [2018-07-22 11:16:54,142] - ThreadPool::createThreadPool: creating  threadpool...
  INFO root [0x0000246c] [2018-07-22 11:16:54,142] - ThreadPool::createThreadPool: successfully(2), newThreadCount=1, normalMaxThreadCount=2, maxThreadCount=8
 DEBUG root [0x0000246c] [2018-07-22 11:16:54,270] - Script::install_py_dlls(): PyInit_pyexpat
 DEBUG root [0x0000246c] [2018-07-22 11:16:54,270] - Script::install_py_dlls(): PyInit__socket
 DEBUG root [0x0000246c] [2018-07-22 11:16:54,271] - Script::install_py_dlls(): PyInit__ssl
 DEBUG root [0x0000246c] [2018-07-22 11:16:54,274] - Script::install_py_dlls(): PyInit__hashlib
 DEBUG root [0x0000246c] [2018-07-22 11:16:54,274] - Script::install_py_dlls(): PyInit_select
 DEBUG root [0x0000246c] [2018-07-22 11:16:54,274] - Script::install_py_dlls(): PyInit__ctypes
 DEBUG root [0x0000246c] [2018-07-22 11:16:54,275] - Script::install_py_dlls(): PyInit__elementtree
 DEBUG root [0x0000246c] [2018-07-22 11:16:54,309] - Script::install_py_dlls(): PyInit_unicodedata
  INFO root [0x0000246c] [2018-07-22 11:16:54,336] - Script::install(): is successfully, Python=(3.4.2 (default, Apr 29 2018, 15:53:05) [MSC v.1913 32 bit (Intel)])!
  INFO root [0x0000246c] [2018-07-22 11:16:54,337] - Script::install(): KBExtra is successfully!
 DEBUG root [0x0000246c] [2018-07-22 11:16:54,356] - loaded entity-script:Account(1).
 DEBUG root [0x0000246c] [2018-07-22 11:16:54,363] - loaded entity-script:Room(4).
  INFO root [0x0000246c] [2018-07-22 11:16:54,364] - TelnetServer server is running on port 50000
  INFO root [0x0000246c] [2018-07-22 11:16:54,665] - ---- cellapp is running ----
 DEBUG root [0x0000246c] [2018-07-22 11:16:54,665] - Components::process(): Request for the process of identity...
  WARN root [0x0000246c] [2018-07-22 11:17:00,744] - EntityApp::checkTickPeriod: tick took 6079% (6.08 seconds)!
  INFO root [0x0000246c] [2018-07-22 11:17:01,823] - Components::findComponents: find logger(1)...
  INFO root [0x0000246c] [2018-07-22 11:17:01,852] - Components::findComponents: found logger, addr:192.168.0.106:50229
  INFO root [0x0000246c] [2018-07-22 11:17:01,852] - Components::addComponent: reset orderLog, uid=8508!
  INFO root [0x0000246c] [2018-07-22 11:17:01,853] - Components::addComponent[logger], uid=8508, componentID=2000, globalorderid=1, grouporderid=1, totalcount=1
  INFO root [0x0000246c] [2018-07-22 11:17:01,855] - Components::findComponents: find dbmgr(2)...
  INFO root [0x0000246c] [2018-07-22 11:17:01,957] - Components::findComponents: found dbmgr, addr:192.168.0.106:50230
  INFO root [0x0000246c] [2018-07-22 11:17:01,958] - Components::addComponent: reset orderLog, uid=8508!
  INFO root [0x0000246c] [2018-07-22 11:17:01,958] - Components::addComponent[dbmgr], uid=8508, componentID=4000, globalorderid=1, grouporderid=1, totalcount=1
  INFO root [0x0000246c] [2018-07-22 11:17:01,959] - Components::findComponents: found dbmgr, addr:192.168.0.106:50230
  WARN root [0x0000246c] [2018-07-22 11:17:02,959] - Forwarding logs to logger[192.168.0.106:50229/0/0/0]...
 ERROR root [0x0000246c] [2018-07-22 11:27:41,833] - Components::removeComponentByChannel: logger : 2000, Abnormal exit! errorno=10054
  INFO root [0x0000246c] [2018-07-22 11:27:41,837] - The following logs sent to logger failed:
  WARN root [0x0000246c] [2018-07-22 11:27:41,837] - ==> [2018-07-22 11:27:41 831] TCPPacketReceiver::processPendingEvents(192.168.0.106:50229): Throwing REASON_GENERAL_NETWORK - WSAECONNRESET
 ERROR root [0x0000246c] [2018-07-22 11:27:41,837] - ==> [2018-07-22 11:27:41 833] Components::removeComponentByChannel: logger : 2000, Abnormal exit! errorno=10054
  WARN root [0x0000246c] [2018-07-22 11:27:41,883] - TCPPacketReceiver::processPendingEvents(192.168.0.106:50230): Throwing REASON_GENERAL_NETWORK - WSAECONNRESET
 ERROR root [0x0000246c] [2018-07-22 11:27:41,884] - Components::removeComponentByChannel: dbmgr : 4000, Abnormal exit! errorno=10054
  INFO root [0x0000246c] [2018-07-22 11:27:41,887] - Shutdowner::onShutdownBegin: shutting down(period=0, tickPeriod=1)
  INFO root [0x0000246c] [2018-07-22 11:27:41,889] - Shutdowner::onShutdown: shutting down
  INFO root [0x0000246c] [2018-07-22 11:27:41,890] - Spaces::destroySpace: 1.
  INFO root [0x0000246c] [2018-07-22 11:27:41,890] - Shutdowner::onShutdownEnd: shutting down
 DEBUG root [0x0000246c] [2018-07-22 11:27:41,890] - Account::~Account(): 2002
 DEBUG root [0x0000246c] [2018-07-22 11:27:41,890] - Account::~Account(): 2004
 DEBUG root [0x0000246c] [2018-07-22 11:27:41,891] - EntityRef::destroyObjPool(): size 16.
 DEBUG root [0x0000246c] [2018-07-22 11:27:41,891] - Witness::destroyObjPool(): size 16.
 DEBUG root [0x0000246c] [2018-07-22 11:27:41,899] - Room::~Room(): 2003
 ERROR root [0x0000246c] [2018-07-22 11:27:41,900] - PyGC::debugTracing(): EntityCall : leaked(2)
 DEBUG root [0x0000246c] [2018-07-22 11:27:41,900] - Script::uninstall_py_dlls(): PyInit_pyexpat
 DEBUG root [0x0000246c] [2018-07-22 11:27:41,900] - Script::uninstall_py_dlls(): PyInit__socket
 DEBUG root [0x0000246c] [2018-07-22 11:27:41,900] - Script::uninstall_py_dlls(): PyInit__ssl
 DEBUG root [0x0000246c] [2018-07-22 11:27:41,900] - Script::uninstall_py_dlls(): PyInit__hashlib
 DEBUG root [0x0000246c] [2018-07-22 11:27:41,901] - Script::uninstall_py_dlls(): PyInit_select
 DEBUG root [0x0000246c] [2018-07-22 11:27:41,901] - Script::uninstall_py_dlls(): PyInit__ctypes
 DEBUG root [0x0000246c] [2018-07-22 11:27:41,901] - Script::uninstall_py_dlls(): PyInit__elementtree
 DEBUG root [0x0000246c] [2018-07-22 11:27:41,901] - Script::uninstall_py_dlls(): PyInit_unicodedata
  INFO root [0x0000246c] [2018-07-22 11:27:41,911] - Script::uninstall(): is successfully!
 DEBUG root [0x0000246c] [2018-07-22 11:27:41,911] - ThreadPool::destroy(): starting size 2.
  INFO root [0x00002654] [2018-07-22 11:27:42,999] - 
  INFO root [0x00002654] [2018-07-22 11:27:42,999] - -----------------------------------------------------------------------------------------


  INFO root [0x00002654] [2018-07-22 11:27:43,000] - Resmgr::initialize: KBE_ROOT=E:/kbengine/
  INFO root [0x00002654] [2018-07-22 11:27:43,000] - Resmgr::initialize: KBE_RES_PATH=E:/kbengine/kbe/res/;E:/kbengine/assets/;E:/kbengine/assets/scripts/;E:/kbengine/assets/res/
  INFO root [0x00002654] [2018-07-22 11:27:43,000] - Resmgr::initialize: KBE_BIN_PATH=E:/kbengine/kbe/bin/server/
  INFO root [0x00002654] [2018-07-22 11:27:43,003] - NetworkInterface::initialize(INTERNAL): bound to all interfaces with default route interface on 192.168.0.106 ( 192.168.0.106:50343 )
  INFO root [0x00002654] [2018-07-22 11:27:43,003] - NetworkInterface::initialize(INTERNAL): address 192.168.0.106:50343, SOMAXCONN=5.
  INFO root [0x00002654] [2018-07-22 11:27:43,003] - server-configs:
  INFO root [0x00002654] [2018-07-22 11:27:43,003] - 	gameUpdateHertz : 10
  INFO root [0x00002654] [2018-07-22 11:27:43,003] - 	defaultViewRadius : 80
  INFO root [0x00002654] [2018-07-22 11:27:43,003] - 	defaultViewHysteresisArea : 5
  INFO root [0x00002654] [2018-07-22 11:27:43,003] - 	entryScriptFile : kbemain
  INFO root [0x00002654] [2018-07-22 11:27:43,004] - 	internalAddr : 192.168.0.106:50343
  INFO root [0x00002654] [2018-07-22 11:27:43,004] - 	componentID : 8001
  WARN root [0x00002654] [2018-07-22 11:27:43,326] - BundleBroadcast::BundleBroadcast: Cannot bind to port 20140, errorno=10048
  INFO root [0x00002654] [2018-07-22 11:27:43,330] - ---- cellapp Version: 2.0.0. ScriptVersion: 0.1.0. Protocol: 85A70C5E64F896E0F1A60BF405B4EB07. Config: Debug X86. Built: 15:53:53 Apr 29 2018. AppID: 8001. UID: 10627. PID: 8876 ----
  INFO root [0x00002654] [2018-07-22 11:27:43,330] - Server : Intel(R) Xeon(R) CPU E3-1230 v3 @ 3.30GHz with 4194303kB RAM
  INFO root [0x00002654] [2018-07-22 11:27:43,330] - ThreadPool::createThreadPool: creating  threadpool...
  INFO root [0x00002654] [2018-07-22 11:27:43,330] - ThreadPool::createThreadPool: successfully(2), newThreadCount=1, normalMaxThreadCount=2, maxThreadCount=8
 DEBUG root [0x00002654] [2018-07-22 11:27:43,457] - Script::install_py_dlls(): PyInit_pyexpat
 DEBUG root [0x00002654] [2018-07-22 11:27:43,458] - Script::install_py_dlls(): PyInit__socket
 DEBUG root [0x00002654] [2018-07-22 11:27:43,458] - Script::install_py_dlls(): PyInit__ssl
 DEBUG root [0x00002654] [2018-07-22 11:27:43,461] - Script::install_py_dlls(): PyInit__hashlib
 DEBUG root [0x00002654] [2018-07-22 11:27:43,461] - Script::install_py_dlls(): PyInit_select
 DEBUG root [0x00002654] [2018-07-22 11:27:43,462] - Script::install_py_dlls(): PyInit__ctypes
 DEBUG root [0x00002654] [2018-07-22 11:27:43,462] - Script::install_py_dlls(): PyInit__elementtree
 DEBUG root [0x00002654] [2018-07-22 11:27:43,490] - Script::install_py_dlls(): PyInit_unicodedata
  INFO root [0x00002654] [2018-07-22 11:27:43,518] - Script::install(): is successfully, Python=(3.4.2 (default, Apr 29 2018, 15:53:05) [MSC v.1913 32 bit (Intel)])!
  INFO root [0x00002654] [2018-07-22 11:27:43,518] - Script::install(): KBExtra is successfully!
 DEBUG root [0x00002654] [2018-07-22 11:27:43,535] - loaded entity-script:Account(1).
 DEBUG root [0x00002654] [2018-07-22 11:27:43,549] - loaded entity-script:Room(4).
  INFO root [0x00002654] [2018-07-22 11:27:43,550] - TelnetServer server is running on port 50000
  INFO root [0x00002654] [2018-07-22 11:27:43,834] - ---- cellapp is running ----
 DEBUG root [0x00002654] [2018-07-22 11:27:43,835] - Components::process(): Request for the process of identity...
  WARN root [0x00002654] [2018-07-22 11:27:49,938] - EntityApp::checkTickPeriod: tick took 6104% (6.10 seconds)!
  INFO root [0x00002654] [2018-07-22 11:27:51,002] - Components::findComponents: find logger(1)...
  INFO root [0x00002654] [2018-07-22 11:27:51,042] - Components::findComponents: found logger, addr:192.168.0.106:50338
  INFO root [0x00002654] [2018-07-22 11:27:51,043] - Components::addComponent: reset orderLog, uid=10627!
  INFO root [0x00002654] [2018-07-22 11:27:51,044] - Components::addComponent[logger], uid=10627, componentID=2000, globalorderid=1, grouporderid=1, totalcount=1
  INFO root [0x00002654] [2018-07-22 11:27:51,046] - Components::findComponents: find dbmgr(2)...
  INFO root [0x00002654] [2018-07-22 11:27:51,147] - Components::findComponents: found dbmgr, addr:192.168.0.106:50339
  INFO root [0x00002654] [2018-07-22 11:27:51,147] - Components::addComponent: reset orderLog, uid=10627!
  INFO root [0x00002654] [2018-07-22 11:27:51,148] - Components::addComponent[dbmgr], uid=10627, componentID=4000, globalorderid=1, grouporderid=1, totalcount=1
  INFO root [0x00002654] [2018-07-22 11:27:51,148] - Components::findComponents: found dbmgr, addr:192.168.0.106:50339
  WARN root [0x00002654] [2018-07-22 11:27:52,149] - Forwarding logs to logger[192.168.0.106:50338/0/0/0]...
