  INFO root [0x000020b0] [2018-11-17 13:25:59,809] - 
  INFO root [0x000020b0] [2018-11-17 13:25:59,872] - -----------------------------------------------------------------------------------------


  INFO root [0x000020b0] [2018-11-17 13:26:01,249] - Resmgr::initialize: KBE_ROOT=E:/kbengine/
  INFO root [0x000020b0] [2018-11-17 13:26:01,251] - Resmgr::initialize: KBE_RES_PATH=E:/kbengine/kbe/res/;E:/kbengine/assets/;E:/kbengine/assets/scripts/;E:/kbengine/assets/res/
  INFO root [0x000020b0] [2018-11-17 13:26:01,252] - Resmgr::initialize: KBE_BIN_PATH=E:/kbengine/kbe/bin/server/
  INFO root [0x000020b0] [2018-11-17 13:26:02,393] - NetworkInterface::initialize(INTERNAL): bound to all interfaces with default route interface on 192.168.0.107 ( 192.168.0.107:51251 )
  INFO root [0x000020b0] [2018-11-17 13:26:02,464] - NetworkInterface::initialize(INTERNAL): address 192.168.0.107:51251, SOMAXCONN=5.
  INFO root [0x000020b0] [2018-11-17 13:26:02,465] - server-configs:
  INFO root [0x000020b0] [2018-11-17 13:26:02,465] - 	gameUpdateHertz : 10
  INFO root [0x000020b0] [2018-11-17 13:26:02,548] - 	defaultViewRadius : 80
  INFO root [0x000020b0] [2018-11-17 13:26:02,549] - 	defaultViewHysteresisArea : 5
  INFO root [0x000020b0] [2018-11-17 13:26:02,549] - 	entryScriptFile : kbemain
  INFO root [0x000020b0] [2018-11-17 13:26:02,549] - 	internalAddr : 192.168.0.107:51251
  INFO root [0x000020b0] [2018-11-17 13:26:02,550] - 	componentID : 8001
  INFO root [0x000020b0] [2018-11-17 13:26:03,496] - Components::findLogger: found logger, addr:192.168.0.107:51246
  INFO root [0x000020b0] [2018-11-17 13:26:03,497] - Components::addComponent: reset orderLog, uid=1905!
  INFO root [0x000020b0] [2018-11-17 13:26:03,595] - Components::addComponent[logger], uid=1905, componentID=2000, globalorderid=1, grouporderid=1, totalcount=1
  INFO root [0x000020b0] [2018-11-17 13:26:04,073] - ---- cellapp Version: 2.0.0. ScriptVersion: 0.1.0. Protocol: 85A70C5E64F896E0F1A60BF405B4EB07. Config: Debug X86. Built: 15:53:53 Apr 29 2018. AppID: 8001. UID: 1905. PID: 9208 ----
  INFO root [0x000020b0] [2018-11-17 13:26:04,074] - Server : Intel(R) Xeon(R) CPU E3-1230 v3 @ 3.30GHz with 4194303kB RAM
  INFO root [0x000020b0] [2018-11-17 13:26:04,116] - ThreadPool::createThreadPool: creating  threadpool...
  INFO root [0x000020b0] [2018-11-17 13:26:04,133] - ThreadPool::createThreadPool: successfully(2), newThreadCount=1, normalMaxThreadCount=2, maxThreadCount=8
 DEBUG root [0x000020b0] [2018-11-17 13:26:09,626] - Script::install_py_dlls(): PyInit_pyexpat
 DEBUG root [0x000020b0] [2018-11-17 13:26:10,149] - Script::install_py_dlls(): PyInit__socket
 DEBUG root [0x000020b0] [2018-11-17 13:26:10,228] - Script::install_py_dlls(): PyInit__ssl
 DEBUG root [0x000020b0] [2018-11-17 13:26:11,131] - Script::install_py_dlls(): PyInit__hashlib
 DEBUG root [0x000020b0] [2018-11-17 13:26:11,230] - Script::install_py_dlls(): PyInit_select
 DEBUG root [0x000020b0] [2018-11-17 13:26:11,336] - Script::install_py_dlls(): PyInit__ctypes
 DEBUG root [0x000020b0] [2018-11-17 13:26:11,428] - Script::install_py_dlls(): PyInit__elementtree
 DEBUG root [0x000020b0] [2018-11-17 13:26:11,887] - Script::install_py_dlls(): PyInit_unicodedata
  INFO root [0x000020b0] [2018-11-17 13:26:12,983] - Script::install(): is successfully, Python=(3.4.2 (default, Apr 29 2018, 15:53:05) [MSC v.1913 32 bit (Intel)])!
  INFO root [0x000020b0] [2018-11-17 13:26:12,983] - Script::install(): KBExtra is successfully!
 DEBUG root [0x000020b0] [2018-11-17 13:26:15,059] - loaded entity-script:Account(1).
 DEBUG root [0x000020b0] [2018-11-17 13:26:15,273] - loaded entity-script:Room(4).
  INFO root [0x000020b0] [2018-11-17 13:26:15,321] - TelnetServer server is running on port 50000
  INFO root [0x000020b0] [2018-11-17 13:26:15,788] - ---- cellapp is running ----
 DEBUG root [0x000020b0] [2018-11-17 13:26:15,834] - Components::process(): Request for the process of identity...
  WARN root [0x000020b0] [2018-11-17 13:26:22,081] - Forwarding logs to logger[192.168.0.107:51246/0/0/0]...
