  INFO root [0x00001e2c] [2018-05-09 00:08:13,688] - 
  INFO root [0x00001e2c] [2018-05-09 00:08:13,691] - -----------------------------------------------------------------------------------------


  INFO root [0x00001e2c] [2018-05-09 00:08:13,692] - Resmgr::initialize: KBE_ROOT=E:/kbengine/
  INFO root [0x00001e2c] [2018-05-09 00:08:13,692] - Resmgr::initialize: KBE_RES_PATH=E:/kbengine/kbe/res/;E:/kbengine/assets/;E:/kbengine/assets/scripts/;E:/kbengine/assets/res/
  INFO root [0x00001e2c] [2018-05-09 00:08:13,692] - Resmgr::initialize: KBE_BIN_PATH=E:/kbengine/kbe/bin/server/
  INFO root [0x00001e2c] [2018-05-09 00:08:13,696] - NetworkInterface::initialize(INTERNAL): bound to all interfaces with default route interface on 192.168.0.106 ( 192.168.0.106:50372 )
  INFO root [0x00001e2c] [2018-05-09 00:08:13,696] - NetworkInterface::initialize(INTERNAL): address 192.168.0.106:50372, SOMAXCONN=5.
  INFO root [0x00001e2c] [2018-05-09 00:08:13,697] - server-configs:
  INFO root [0x00001e2c] [2018-05-09 00:08:13,697] - 	gameUpdateHertz : 10
  INFO root [0x00001e2c] [2018-05-09 00:08:13,697] - 	defaultViewRadius : 80
  INFO root [0x00001e2c] [2018-05-09 00:08:13,697] - 	defaultViewHysteresisArea : 5
  INFO root [0x00001e2c] [2018-05-09 00:08:13,697] - 	entryScriptFile : kbemain
  INFO root [0x00001e2c] [2018-05-09 00:08:13,697] - 	internalAddr : 192.168.0.106:50372
  INFO root [0x00001e2c] [2018-05-09 00:08:13,697] - 	componentID : 8001
  WARN root [0x00001e2c] [2018-05-09 00:08:14,013] - BundleBroadcast::BundleBroadcast: Cannot bind to port 20122, errorno=10048
  INFO root [0x00001e2c] [2018-05-09 00:08:14,016] - ---- cellapp Version: 2.0.0. ScriptVersion: 0.1.0. Protocol: 85A70C5E64F896E0F1A60BF405B4EB07. Config: Debug X86. Built: 15:53:53 Apr 29 2018. AppID: 8001. UID: 2973. PID: 4156 ----
  INFO root [0x00001e2c] [2018-05-09 00:08:14,016] - Server : Intel(R) Xeon(R) CPU E3-1230 v3 @ 3.30GHz with 4194303kB RAM
  INFO root [0x00001e2c] [2018-05-09 00:08:14,017] - ThreadPool::createThreadPool: creating  threadpool...
  INFO root [0x00001e2c] [2018-05-09 00:08:14,017] - ThreadPool::createThreadPool: successfully(2), newThreadCount=1, normalMaxThreadCount=2, maxThreadCount=8
 DEBUG root [0x00001e2c] [2018-05-09 00:08:14,146] - Script::install_py_dlls(): PyInit_pyexpat
 DEBUG root [0x00001e2c] [2018-05-09 00:08:14,147] - Script::install_py_dlls(): PyInit__socket
 DEBUG root [0x00001e2c] [2018-05-09 00:08:14,147] - Script::install_py_dlls(): PyInit__ssl
 DEBUG root [0x00001e2c] [2018-05-09 00:08:14,151] - Script::install_py_dlls(): PyInit__hashlib
 DEBUG root [0x00001e2c] [2018-05-09 00:08:14,152] - Script::install_py_dlls(): PyInit_select
 DEBUG root [0x00001e2c] [2018-05-09 00:08:14,152] - Script::install_py_dlls(): PyInit__ctypes
 DEBUG root [0x00001e2c] [2018-05-09 00:08:14,152] - Script::install_py_dlls(): PyInit__elementtree
 DEBUG root [0x00001e2c] [2018-05-09 00:08:14,181] - Script::install_py_dlls(): PyInit_unicodedata
  INFO root [0x00001e2c] [2018-05-09 00:08:14,209] - Script::install(): is successfully, Python=(3.4.2 (default, Apr 29 2018, 15:53:05) [MSC v.1913 32 bit (Intel)])!
  INFO root [0x00001e2c] [2018-05-09 00:08:14,209] - Script::install(): KBExtra is successfully!
 DEBUG root [0x00001e2c] [2018-05-09 00:08:14,237] - loaded entity-script:Account(1).
  INFO root [0x00001e2c] [2018-05-09 00:08:14,238] - TelnetServer server is running on port 50000
  INFO root [0x00001e2c] [2018-05-09 00:08:14,553] - ---- cellapp is running ----
 DEBUG root [0x00001e2c] [2018-05-09 00:08:14,553] - Components::process(): Request for the process of identity...
  WARN root [0x00001e2c] [2018-05-09 00:08:20,629] - EntityApp::checkTickPeriod: tick took 6076% (6.08 seconds)!
  INFO root [0x00001e2c] [2018-05-09 00:08:21,693] - Components::findComponents: find logger(1)...
  INFO root [0x00001e2c] [2018-05-09 00:08:21,771] - Components::findComponents: found logger, addr:192.168.0.106:50378
  INFO root [0x00001e2c] [2018-05-09 00:08:21,772] - Components::addComponent: reset orderLog, uid=2973!
  INFO root [0x00001e2c] [2018-05-09 00:08:21,773] - Components::addComponent[logger], uid=2973, componentID=2000, globalorderid=1, grouporderid=1, totalcount=1
  INFO root [0x00001e2c] [2018-05-09 00:08:21,775] - Components::findComponents: find dbmgr(2)...
  WARN root [0x00001e2c] [2018-05-09 00:08:22,877] - Forwarding logs to logger[192.168.0.106:50378/0/0/0]...
 ERROR root [0x00001e2c] [2018-05-09 00:08:41,560] - Components::removeComponentByChannel: logger : 2000, Abnormal exit! errorno=10054
  INFO root [0x00001e2c] [2018-05-09 00:08:41,561] - The following logs sent to logger failed:
  WARN root [0x00001e2c] [2018-05-09 00:08:41,561] - ==> [2018-05-09 00:08:41 560] TCPPacketReceiver::processPendingEvents(192.168.0.106:50378): Throwing REASON_GENERAL_NETWORK - WSAECONNRESET
 ERROR root [0x00001e2c] [2018-05-09 00:08:41,562] - ==> [2018-05-09 00:08:41 560] Components::removeComponentByChannel: logger : 2000, Abnormal exit! errorno=10054
  INFO root [0x000010f0] [2018-05-09 00:08:42,709] - 
  INFO root [0x000010f0] [2018-05-09 00:08:42,709] - -----------------------------------------------------------------------------------------


  INFO root [0x000010f0] [2018-05-09 00:08:42,710] - Resmgr::initialize: KBE_ROOT=E:/kbengine/
  INFO root [0x000010f0] [2018-05-09 00:08:42,710] - Resmgr::initialize: KBE_RES_PATH=E:/kbengine/kbe/res/;E:/kbengine/assets/;E:/kbengine/assets/scripts/;E:/kbengine/assets/res/
  INFO root [0x000010f0] [2018-05-09 00:08:42,710] - Resmgr::initialize: KBE_BIN_PATH=E:/kbengine/kbe/bin/server/
  INFO root [0x000010f0] [2018-05-09 00:08:42,712] - NetworkInterface::initialize(INTERNAL): bound to all interfaces with default route interface on 192.168.0.106 ( 192.168.0.106:50408 )
  INFO root [0x000010f0] [2018-05-09 00:08:42,712] - NetworkInterface::initialize(INTERNAL): address 192.168.0.106:50408, SOMAXCONN=5.
  INFO root [0x000010f0] [2018-05-09 00:08:42,712] - server-configs:
  INFO root [0x000010f0] [2018-05-09 00:08:42,712] - 	gameUpdateHertz : 10
  INFO root [0x000010f0] [2018-05-09 00:08:42,713] - 	defaultViewRadius : 80
  INFO root [0x000010f0] [2018-05-09 00:08:42,713] - 	defaultViewHysteresisArea : 5
  INFO root [0x000010f0] [2018-05-09 00:08:42,713] - 	entryScriptFile : kbemain
  INFO root [0x000010f0] [2018-05-09 00:08:42,713] - 	internalAddr : 192.168.0.106:50408
  INFO root [0x000010f0] [2018-05-09 00:08:42,713] - 	componentID : 8001
  INFO root [0x000010f0] [2018-05-09 00:08:44,223] - ---- cellapp Version: 2.0.0. ScriptVersion: 0.1.0. Protocol: 85A70C5E64F896E0F1A60BF405B4EB07. Config: Debug X86. Built: 15:53:53 Apr 29 2018. AppID: 8001. UID: 3068. PID: 10540 ----
  INFO root [0x000010f0] [2018-05-09 00:08:44,224] - Server : Intel(R) Xeon(R) CPU E3-1230 v3 @ 3.30GHz with 4194303kB RAM
  INFO root [0x000010f0] [2018-05-09 00:08:44,224] - ThreadPool::createThreadPool: creating  threadpool...
  INFO root [0x000010f0] [2018-05-09 00:08:44,225] - ThreadPool::createThreadPool: successfully(2), newThreadCount=1, normalMaxThreadCount=2, maxThreadCount=8
 DEBUG root [0x000010f0] [2018-05-09 00:08:44,372] - Script::install_py_dlls(): PyInit_pyexpat
 DEBUG root [0x000010f0] [2018-05-09 00:08:44,373] - Script::install_py_dlls(): PyInit__socket
 DEBUG root [0x000010f0] [2018-05-09 00:08:44,373] - Script::install_py_dlls(): PyInit__ssl
 DEBUG root [0x000010f0] [2018-05-09 00:08:44,376] - Script::install_py_dlls(): PyInit__hashlib
 DEBUG root [0x000010f0] [2018-05-09 00:08:44,376] - Script::install_py_dlls(): PyInit_select
 DEBUG root [0x000010f0] [2018-05-09 00:08:44,376] - Script::install_py_dlls(): PyInit__ctypes
 DEBUG root [0x000010f0] [2018-05-09 00:08:44,377] - Script::install_py_dlls(): PyInit__elementtree
 DEBUG root [0x000010f0] [2018-05-09 00:08:44,403] - Script::install_py_dlls(): PyInit_unicodedata
  INFO root [0x000010f0] [2018-05-09 00:08:44,431] - Script::install(): is successfully, Python=(3.4.2 (default, Apr 29 2018, 15:53:05) [MSC v.1913 32 bit (Intel)])!
  INFO root [0x000010f0] [2018-05-09 00:08:44,431] - Script::install(): KBExtra is successfully!
 DEBUG root [0x000010f0] [2018-05-09 00:08:44,439] - loaded entity-script:Account(1).
  INFO root [0x000010f0] [2018-05-09 00:08:44,440] - TelnetServer server is running on port 50000
  INFO root [0x000010f0] [2018-05-09 00:08:44,749] - ---- cellapp is running ----
 DEBUG root [0x000010f0] [2018-05-09 00:08:44,749] - Components::process(): Request for the process of identity...
  WARN root [0x000010f0] [2018-05-09 00:08:50,838] - EntityApp::checkTickPeriod: tick took 6089% (6.09 seconds)!
  INFO root [0x000010f0] [2018-05-09 00:08:51,912] - Components::findComponents: find logger(1)...
  INFO root [0x000010f0] [2018-05-09 00:08:51,985] - Components::findComponents: found logger, addr:192.168.0.106:50404
  INFO root [0x000010f0] [2018-05-09 00:08:51,985] - Components::addComponent: reset orderLog, uid=3068!
  INFO root [0x000010f0] [2018-05-09 00:08:51,986] - Components::addComponent[logger], uid=3068, componentID=2000, globalorderid=1, grouporderid=1, totalcount=1
  INFO root [0x000010f0] [2018-05-09 00:08:51,988] - Components::findComponents: find dbmgr(2)...
  WARN root [0x000010f0] [2018-05-09 00:08:53,090] - Forwarding logs to logger[192.168.0.106:50404/0/0/0]...
  INFO root [0x0000212c] [2018-05-09 00:08:57,918] - 
  INFO root [0x0000212c] [2018-05-09 00:08:57,918] - -----------------------------------------------------------------------------------------


  INFO root [0x0000212c] [2018-05-09 00:08:57,919] - Resmgr::initialize: KBE_ROOT=E:/kbengine/
  INFO root [0x0000212c] [2018-05-09 00:08:57,919] - Resmgr::initialize: KBE_RES_PATH=E:/kbengine/kbe/res/;E:/kbengine/assets/;E:/kbengine/assets/scripts/;E:/kbengine/assets/res/
  INFO root [0x0000212c] [2018-05-09 00:08:57,919] - Resmgr::initialize: KBE_BIN_PATH=E:/kbengine/kbe/bin/server/
  INFO root [0x0000212c] [2018-05-09 00:08:57,921] - NetworkInterface::initialize(INTERNAL): bound to all interfaces with default route interface on 192.168.0.106 ( 192.168.0.106:50427 )
  INFO root [0x0000212c] [2018-05-09 00:08:57,921] - NetworkInterface::initialize(INTERNAL): address 192.168.0.106:50427, SOMAXCONN=5.
  INFO root [0x0000212c] [2018-05-09 00:08:57,921] - server-configs:
  INFO root [0x0000212c] [2018-05-09 00:08:57,921] - 	gameUpdateHertz : 10
  INFO root [0x0000212c] [2018-05-09 00:08:57,921] - 	defaultViewRadius : 80
  INFO root [0x0000212c] [2018-05-09 00:08:57,921] - 	defaultViewHysteresisArea : 5
  INFO root [0x0000212c] [2018-05-09 00:08:57,921] - 	entryScriptFile : kbemain
  INFO root [0x0000212c] [2018-05-09 00:08:57,921] - 	internalAddr : 192.168.0.106:50427
  INFO root [0x0000212c] [2018-05-09 00:08:57,922] - 	componentID : 8001
  INFO root [0x0000212c] [2018-05-09 00:08:59,433] - ---- cellapp Version: 2.0.0. ScriptVersion: 0.1.0. Protocol: 85A70C5E64F896E0F1A60BF405B4EB07. Config: Debug X86. Built: 15:53:53 Apr 29 2018. AppID: 8001. UID: 3117. PID: 8452 ----
  INFO root [0x0000212c] [2018-05-09 00:08:59,434] - Server : Intel(R) Xeon(R) CPU E3-1230 v3 @ 3.30GHz with 4194303kB RAM
  INFO root [0x0000212c] [2018-05-09 00:08:59,435] - ThreadPool::createThreadPool: creating  threadpool...
  INFO root [0x0000212c] [2018-05-09 00:08:59,436] - ThreadPool::createThreadPool: successfully(2), newThreadCount=1, normalMaxThreadCount=2, maxThreadCount=8
 DEBUG root [0x0000212c] [2018-05-09 00:08:59,586] - Script::install_py_dlls(): PyInit_pyexpat
 DEBUG root [0x0000212c] [2018-05-09 00:08:59,587] - Script::install_py_dlls(): PyInit__socket
 DEBUG root [0x0000212c] [2018-05-09 00:08:59,587] - Script::install_py_dlls(): PyInit__ssl
 DEBUG root [0x0000212c] [2018-05-09 00:08:59,590] - Script::install_py_dlls(): PyInit__hashlib
 DEBUG root [0x0000212c] [2018-05-09 00:08:59,590] - Script::install_py_dlls(): PyInit_select
 DEBUG root [0x0000212c] [2018-05-09 00:08:59,590] - Script::install_py_dlls(): PyInit__ctypes
 DEBUG root [0x0000212c] [2018-05-09 00:08:59,591] - Script::install_py_dlls(): PyInit__elementtree
 DEBUG root [0x0000212c] [2018-05-09 00:08:59,619] - Script::install_py_dlls(): PyInit_unicodedata
  INFO root [0x0000212c] [2018-05-09 00:08:59,646] - Script::install(): is successfully, Python=(3.4.2 (default, Apr 29 2018, 15:53:05) [MSC v.1913 32 bit (Intel)])!
  INFO root [0x0000212c] [2018-05-09 00:08:59,646] - Script::install(): KBExtra is successfully!
 DEBUG root [0x0000212c] [2018-05-09 00:08:59,655] - loaded entity-script:Account(1).
  INFO root [0x0000212c] [2018-05-09 00:08:59,656] - TelnetServer server is running on port 50000
  INFO root [0x0000212c] [2018-05-09 00:08:59,939] - ---- cellapp is running ----
 DEBUG root [0x0000212c] [2018-05-09 00:08:59,939] - Components::process(): Request for the process of identity...
  WARN root [0x0000212c] [2018-05-09 00:09:06,023] - EntityApp::checkTickPeriod: tick took 6082% (6.08 seconds)!
  INFO root [0x0000212c] [2018-05-09 00:09:07,120] - Components::findComponents: find logger(1)...
  INFO root [0x0000212c] [2018-05-09 00:09:07,196] - Components::findComponents: found logger, addr:192.168.0.106:50425
  INFO root [0x0000212c] [2018-05-09 00:09:07,197] - Components::addComponent: reset orderLog, uid=3117!
  INFO root [0x0000212c] [2018-05-09 00:09:07,197] - Components::addComponent[logger], uid=3117, componentID=2000, globalorderid=1, grouporderid=1, totalcount=1
  INFO root [0x0000212c] [2018-05-09 00:09:07,199] - Components::findComponents: find dbmgr(2)...
  WARN root [0x0000212c] [2018-05-09 00:09:08,303] - Forwarding logs to logger[192.168.0.106:50425/0/0/0]...
 ERROR root [0x0000212c] [2018-05-09 00:09:11,057] - Components::removeComponentByChannel: logger : 2000, Abnormal exit! errorno=10054
  INFO root [0x0000212c] [2018-05-09 00:09:11,065] - The following logs sent to logger failed:
  WARN root [0x0000212c] [2018-05-09 00:09:11,065] - ==> [2018-05-09 00:09:11 057] TCPPacketReceiver::processPendingEvents(192.168.0.106:50425): Throwing REASON_GENERAL_NETWORK - WSAECONNRESET
 ERROR root [0x0000212c] [2018-05-09 00:09:11,065] - ==> [2018-05-09 00:09:11 058] Components::removeComponentByChannel: logger : 2000, Abnormal exit! errorno=10054
  INFO root [0x000022ec] [2018-05-09 00:09:12,238] - 
  INFO root [0x000022ec] [2018-05-09 00:09:12,239] - -----------------------------------------------------------------------------------------


  INFO root [0x000022ec] [2018-05-09 00:09:12,239] - Resmgr::initialize: KBE_ROOT=E:/kbengine/
  INFO root [0x000022ec] [2018-05-09 00:09:12,239] - Resmgr::initialize: KBE_RES_PATH=E:/kbengine/kbe/res/;E:/kbengine/assets/;E:/kbengine/assets/scripts/;E:/kbengine/assets/res/
  INFO root [0x000022ec] [2018-05-09 00:09:12,239] - Resmgr::initialize: KBE_BIN_PATH=E:/kbengine/kbe/bin/server/
  INFO root [0x000022ec] [2018-05-09 00:09:12,245] - NetworkInterface::initialize(INTERNAL): bound to all interfaces with default route interface on 192.168.0.106 ( 192.168.0.106:50443 )
  INFO root [0x000022ec] [2018-05-09 00:09:12,245] - NetworkInterface::initialize(INTERNAL): address 192.168.0.106:50443, SOMAXCONN=5.
  INFO root [0x000022ec] [2018-05-09 00:09:12,245] - server-configs:
  INFO root [0x000022ec] [2018-05-09 00:09:12,245] - 	gameUpdateHertz : 10
  INFO root [0x000022ec] [2018-05-09 00:09:12,245] - 	defaultViewRadius : 80
  INFO root [0x000022ec] [2018-05-09 00:09:12,245] - 	defaultViewHysteresisArea : 5
  INFO root [0x000022ec] [2018-05-09 00:09:12,245] - 	entryScriptFile : kbemain
  INFO root [0x000022ec] [2018-05-09 00:09:12,246] - 	internalAddr : 192.168.0.106:50443
  INFO root [0x000022ec] [2018-05-09 00:09:12,246] - 	componentID : 8001
  WARN root [0x000022ec] [2018-05-09 00:09:12,556] - BundleBroadcast::BundleBroadcast: Cannot bind to port 20708, errorno=10048
  INFO root [0x000022ec] [2018-05-09 00:09:12,559] - ---- cellapp Version: 2.0.0. ScriptVersion: 0.1.0. Protocol: 85A70C5E64F896E0F1A60BF405B4EB07. Config: Debug X86. Built: 15:53:53 Apr 29 2018. AppID: 8001. UID: 3163. PID: 3652 ----
  INFO root [0x000022ec] [2018-05-09 00:09:12,560] - Server : Intel(R) Xeon(R) CPU E3-1230 v3 @ 3.30GHz with 4194303kB RAM
  INFO root [0x000022ec] [2018-05-09 00:09:12,560] - ThreadPool::createThreadPool: creating  threadpool...
  INFO root [0x000022ec] [2018-05-09 00:09:12,560] - ThreadPool::createThreadPool: successfully(2), newThreadCount=1, normalMaxThreadCount=2, maxThreadCount=8
 DEBUG root [0x000022ec] [2018-05-09 00:09:12,686] - Script::install_py_dlls(): PyInit_pyexpat
 DEBUG root [0x000022ec] [2018-05-09 00:09:12,686] - Script::install_py_dlls(): PyInit__socket
 DEBUG root [0x000022ec] [2018-05-09 00:09:12,686] - Script::install_py_dlls(): PyInit__ssl
 DEBUG root [0x000022ec] [2018-05-09 00:09:12,689] - Script::install_py_dlls(): PyInit__hashlib
 DEBUG root [0x000022ec] [2018-05-09 00:09:12,690] - Script::install_py_dlls(): PyInit_select
 DEBUG root [0x000022ec] [2018-05-09 00:09:12,690] - Script::install_py_dlls(): PyInit__ctypes
 DEBUG root [0x000022ec] [2018-05-09 00:09:12,690] - Script::install_py_dlls(): PyInit__elementtree
 DEBUG root [0x000022ec] [2018-05-09 00:09:12,717] - Script::install_py_dlls(): PyInit_unicodedata
  INFO root [0x000022ec] [2018-05-09 00:09:12,744] - Script::install(): is successfully, Python=(3.4.2 (default, Apr 29 2018, 15:53:05) [MSC v.1913 32 bit (Intel)])!
  INFO root [0x000022ec] [2018-05-09 00:09:12,744] - Script::install(): KBExtra is successfully!
 DEBUG root [0x000022ec] [2018-05-09 00:09:12,753] - loaded entity-script:Account(1).
  INFO root [0x000022ec] [2018-05-09 00:09:12,754] - TelnetServer server is running on port 50000
  INFO root [0x000022ec] [2018-05-09 00:09:13,036] - ---- cellapp is running ----
 DEBUG root [0x000022ec] [2018-05-09 00:09:13,037] - Components::process(): Request for the process of identity...
