  INFO root [0x0000288c] [2018-08-19 17:38:15,939] - 
  INFO root [0x0000288c] [2018-08-19 17:38:15,989] - -----------------------------------------------------------------------------------------


  INFO root [0x0000288c] [2018-08-19 17:38:17,993] - Resmgr::initialize: KBE_ROOT=E:/kbengine/
  INFO root [0x0000288c] [2018-08-19 17:38:17,994] - Resmgr::initialize: KBE_RES_PATH=E:/kbengine/kbe/res/;E:/kbengine/assets/;E:/kbengine/assets/scripts/;E:/kbengine/assets/res/
  INFO root [0x0000288c] [2018-08-19 17:38:17,995] - Resmgr::initialize: KBE_BIN_PATH=E:/kbengine/kbe/bin/server/
  INFO root [0x0000288c] [2018-08-19 17:38:18,386] - NetworkInterface::initialize(INTERNAL): bound to all interfaces with default route interface on 192.168.0.106 ( 192.168.0.106:49652 )
  INFO root [0x0000288c] [2018-08-19 17:38:18,566] - NetworkInterface::initialize(INTERNAL): address 192.168.0.106:49652, SOMAXCONN=5.
  INFO root [0x0000288c] [2018-08-19 17:38:18,567] - server-configs:
  INFO root [0x0000288c] [2018-08-19 17:38:18,567] - 	gameUpdateHertz : 10
  INFO root [0x0000288c] [2018-08-19 17:38:18,683] - 	defaultViewRadius : 80
  INFO root [0x0000288c] [2018-08-19 17:38:18,684] - 	defaultViewHysteresisArea : 5
  INFO root [0x0000288c] [2018-08-19 17:38:18,684] - 	entryScriptFile : kbemain
  INFO root [0x0000288c] [2018-08-19 17:38:18,684] - 	internalAddr : 192.168.0.106:49652
  INFO root [0x0000288c] [2018-08-19 17:38:18,685] - 	componentID : 8001
  INFO root [0x0000288c] [2018-08-19 17:38:19,288] - Components::findLogger: found logger, addr:192.168.0.106:49645
  INFO root [0x0000288c] [2018-08-19 17:38:19,289] - Components::addComponent: reset orderLog, uid=20621!
  INFO root [0x0000288c] [2018-08-19 17:38:19,462] - Components::addComponent[logger], uid=20621, componentID=2000, globalorderid=1, grouporderid=1, totalcount=1
  INFO root [0x0000288c] [2018-08-19 17:38:19,680] - ---- cellapp Version: 2.0.0. ScriptVersion: 0.1.0. Protocol: 85A70C5E64F896E0F1A60BF405B4EB07. Config: Debug X86. Built: 15:53:53 Apr 29 2018. AppID: 8001. UID: 20621. PID: 8380 ----
  INFO root [0x0000288c] [2018-08-19 17:38:19,681] - Server : Intel(R) Xeon(R) CPU E3-1230 v3 @ 3.30GHz with 4194303kB RAM
  INFO root [0x0000288c] [2018-08-19 17:38:19,808] - ThreadPool::createThreadPool: creating  threadpool...
  INFO root [0x0000288c] [2018-08-19 17:38:19,826] - ThreadPool::createThreadPool: successfully(2), newThreadCount=1, normalMaxThreadCount=2, maxThreadCount=8
 DEBUG root [0x0000288c] [2018-08-19 17:38:25,485] - Script::install_py_dlls(): PyInit_pyexpat
 DEBUG root [0x0000288c] [2018-08-19 17:38:25,520] - Script::install_py_dlls(): PyInit__socket
 DEBUG root [0x0000288c] [2018-08-19 17:38:25,606] - Script::install_py_dlls(): PyInit__ssl
 DEBUG root [0x0000288c] [2018-08-19 17:38:26,124] - Script::install_py_dlls(): PyInit__hashlib
 DEBUG root [0x0000288c] [2018-08-19 17:38:26,181] - Script::install_py_dlls(): PyInit_select
 DEBUG root [0x0000288c] [2018-08-19 17:38:26,212] - Script::install_py_dlls(): PyInit__ctypes
 DEBUG root [0x0000288c] [2018-08-19 17:38:26,294] - Script::install_py_dlls(): PyInit__elementtree
 DEBUG root [0x0000288c] [2018-08-19 17:38:27,095] - Script::install_py_dlls(): PyInit_unicodedata
  INFO root [0x0000288c] [2018-08-19 17:38:28,516] - Script::install(): is successfully, Python=(3.4.2 (default, Apr 29 2018, 15:53:05) [MSC v.1913 32 bit (Intel)])!
  INFO root [0x0000288c] [2018-08-19 17:38:28,517] - Script::install(): KBExtra is successfully!
 DEBUG root [0x0000288c] [2018-08-19 17:38:30,346] - loaded entity-script:Account(1).
 DEBUG root [0x0000288c] [2018-08-19 17:38:30,559] - loaded entity-script:Room(4).
  INFO root [0x0000288c] [2018-08-19 17:38:30,614] - TelnetServer server is running on port 50000
  INFO root [0x0000288c] [2018-08-19 17:38:31,322] - ---- cellapp is running ----
 DEBUG root [0x0000288c] [2018-08-19 17:38:31,360] - Components::process(): Request for the process of identity...
  WARN root [0x0000288c] [2018-08-19 17:38:37,660] - Forwarding logs to logger[192.168.0.106:49645/0/0/0]...
