  INFO root [0x00000b44] [2018-05-20 11:21:01,900] - 
  INFO root [0x00000b44] [2018-05-20 11:21:01,980] - -----------------------------------------------------------------------------------------


  INFO root [0x00000b44] [2018-05-20 11:21:03,791] - Resmgr::initialize: KBE_ROOT=E:/kbengine/
  INFO root [0x00000b44] [2018-05-20 11:21:03,793] - Resmgr::initialize: KBE_RES_PATH=E:/kbengine/kbe/res/;E:/kbengine/assets/;E:/kbengine/assets/scripts/;E:/kbengine/assets/res/
  INFO root [0x00000b44] [2018-05-20 11:21:03,793] - Resmgr::initialize: KBE_BIN_PATH=E:/kbengine/kbe/bin/server/
  INFO root [0x00000b44] [2018-05-20 11:21:04,318] - NetworkInterface::initialize(INTERNAL): bound to all interfaces with default route interface on 192.168.0.104 ( 192.168.0.104:49754 )
  INFO root [0x00000b44] [2018-05-20 11:21:04,339] - NetworkInterface::initialize(INTERNAL): address 192.168.0.104:49754, SOMAXCONN=5.
  INFO root [0x00000b44] [2018-05-20 11:21:04,339] - server-configs:
  INFO root [0x00000b44] [2018-05-20 11:21:04,340] - 	gameUpdateHertz : 10
  INFO root [0x00000b44] [2018-05-20 11:21:04,473] - 	defaultViewRadius : 80
  INFO root [0x00000b44] [2018-05-20 11:21:04,474] - 	defaultViewHysteresisArea : 5
  INFO root [0x00000b44] [2018-05-20 11:21:04,474] - 	entryScriptFile : kbemain
  INFO root [0x00000b44] [2018-05-20 11:21:04,474] - 	internalAddr : 192.168.0.104:49754
  INFO root [0x00000b44] [2018-05-20 11:21:04,475] - 	componentID : 8001
  INFO root [0x00000b44] [2018-05-20 11:21:05,303] - ---- cellapp Version: 2.0.0. ScriptVersion: 0.1.0. Protocol: 85A70C5E64F896E0F1A60BF405B4EB07. Config: Debug X86. Built: 15:53:53 Apr 29 2018. AppID: 8001. UID: 27066. PID: 3548 ----
  INFO root [0x00000b44] [2018-05-20 11:21:05,305] - Server : Intel(R) Xeon(R) CPU E3-1230 v3 @ 3.30GHz with 4194303kB RAM
  INFO root [0x00000b44] [2018-05-20 11:21:05,332] - ThreadPool::createThreadPool: creating  threadpool...
  INFO root [0x00000b44] [2018-05-20 11:21:05,333] - ThreadPool::createThreadPool: successfully(2), newThreadCount=1, normalMaxThreadCount=2, maxThreadCount=8
 DEBUG root [0x00000b44] [2018-05-20 11:21:11,059] - Script::install_py_dlls(): PyInit_pyexpat
 DEBUG root [0x00000b44] [2018-05-20 11:21:11,174] - Script::install_py_dlls(): PyInit__socket
 DEBUG root [0x00000b44] [2018-05-20 11:21:11,579] - Script::install_py_dlls(): PyInit__ssl
 DEBUG root [0x00000b44] [2018-05-20 11:21:12,531] - Script::install_py_dlls(): PyInit__hashlib
 DEBUG root [0x00000b44] [2018-05-20 11:21:12,780] - Script::install_py_dlls(): PyInit_select
 DEBUG root [0x00000b44] [2018-05-20 11:21:12,836] - Script::install_py_dlls(): PyInit__ctypes
 DEBUG root [0x00000b44] [2018-05-20 11:21:13,002] - Script::install_py_dlls(): PyInit__elementtree
 DEBUG root [0x00000b44] [2018-05-20 11:21:14,161] - Script::install_py_dlls(): PyInit_unicodedata
  INFO root [0x00000b44] [2018-05-20 11:21:15,957] - Script::install(): is successfully, Python=(3.4.2 (default, Apr 29 2018, 15:53:05) [MSC v.1913 32 bit (Intel)])!
  INFO root [0x00000b44] [2018-05-20 11:21:15,958] - Script::install(): KBExtra is successfully!
 DEBUG root [0x00000b44] [2018-05-20 11:21:16,652] - loaded entity-script:Account(1).
  INFO root [0x00000b44] [2018-05-20 11:21:16,697] - TelnetServer server is running on port 50000
  INFO root [0x00000b44] [2018-05-20 11:21:17,246] - ---- cellapp is running ----
 DEBUG root [0x00000b44] [2018-05-20 11:21:17,470] - Components::process(): Request for the process of identity...
  WARN root [0x00000b44] [2018-05-20 11:21:23,722] - EntityApp::checkTickPeriod: tick took 6476% (6.48 seconds)!
  WARN root [0x00000b44] [2018-05-20 11:21:23,813] - e:\kbengine\kbe\src\lib\network\event_dispatcher.cpp:153: Profile callSystemTimers took 0.13 seconds
  INFO root [0x00000b44] [2018-05-20 11:21:24,846] - Components::findComponents: find logger(1)...
  INFO root [0x00000b44] [2018-05-20 11:21:24,857] - Components::findComponents: found logger, addr:192.168.0.104:49749
  INFO root [0x00000b44] [2018-05-20 11:21:24,858] - Components::addComponent: reset orderLog, uid=27066!
  INFO root [0x00000b44] [2018-05-20 11:21:24,858] - Components::addComponent[logger], uid=27066, componentID=2000, globalorderid=1, grouporderid=1, totalcount=1
  INFO root [0x00000b44] [2018-05-20 11:21:24,965] - Components::findComponents: find dbmgr(2)...
  WARN root [0x00000b44] [2018-05-20 11:21:26,066] - EntityApp::checkTickPeriod: tick took 1320% (1.32 seconds)!
  WARN root [0x00000b44] [2018-05-20 11:21:26,068] - Forwarding logs to logger[192.168.0.104:49749/0/0/0]...
 ERROR root [0x00000b44] [2018-05-20 11:21:28,953] - Components::removeComponentByChannel: logger : 2000, Abnormal exit! errorno=10054
  INFO root [0x00000b44] [2018-05-20 11:21:28,954] - The following logs sent to logger failed:
  WARN root [0x00000b44] [2018-05-20 11:21:28,954] - ==> [2018-05-20 11:21:28 952] TCPPacketReceiver::processPendingEvents(192.168.0.104:49749): Throwing REASON_GENERAL_NETWORK - WSAECONNRESET
 ERROR root [0x00000b44] [2018-05-20 11:21:28,955] - ==> [2018-05-20 11:21:28 953] Components::removeComponentByChannel: logger : 2000, Abnormal exit! errorno=10054
  INFO root [0x00000bc8] [2018-05-20 11:21:30,007] - 
  INFO root [0x00000bc8] [2018-05-20 11:21:30,008] - -----------------------------------------------------------------------------------------


  INFO root [0x00000bc8] [2018-05-20 11:21:30,008] - Resmgr::initialize: KBE_ROOT=E:/kbengine/
  INFO root [0x00000bc8] [2018-05-20 11:21:30,009] - Resmgr::initialize: KBE_RES_PATH=E:/kbengine/kbe/res/;E:/kbengine/assets/;E:/kbengine/assets/scripts/;E:/kbengine/assets/res/
  INFO root [0x00000bc8] [2018-05-20 11:21:30,009] - Resmgr::initialize: KBE_BIN_PATH=E:/kbengine/kbe/bin/server/
  INFO root [0x00000bc8] [2018-05-20 11:21:30,012] - NetworkInterface::initialize(INTERNAL): bound to all interfaces with default route interface on 192.168.0.104 ( 192.168.0.104:49773 )
  INFO root [0x00000bc8] [2018-05-20 11:21:30,013] - NetworkInterface::initialize(INTERNAL): address 192.168.0.104:49773, SOMAXCONN=5.
  INFO root [0x00000bc8] [2018-05-20 11:21:30,013] - server-configs:
  INFO root [0x00000bc8] [2018-05-20 11:21:30,013] - 	gameUpdateHertz : 10
  INFO root [0x00000bc8] [2018-05-20 11:21:30,013] - 	defaultViewRadius : 80
  INFO root [0x00000bc8] [2018-05-20 11:21:30,013] - 	defaultViewHysteresisArea : 5
  INFO root [0x00000bc8] [2018-05-20 11:21:30,013] - 	entryScriptFile : kbemain
  INFO root [0x00000bc8] [2018-05-20 11:21:30,013] - 	internalAddr : 192.168.0.104:49773
  INFO root [0x00000bc8] [2018-05-20 11:21:30,013] - 	componentID : 8001
  WARN root [0x00000bc8] [2018-05-20 11:21:30,324] - BundleBroadcast::BundleBroadcast: Cannot bind to port 20094, errorno=10048
  INFO root [0x00000bc8] [2018-05-20 11:21:30,327] - ---- cellapp Version: 2.0.0. ScriptVersion: 0.1.0. Protocol: 85A70C5E64F896E0F1A60BF405B4EB07. Config: Debug X86. Built: 15:53:53 Apr 29 2018. AppID: 8001. UID: 27232. PID: 5784 ----
  INFO root [0x00000bc8] [2018-05-20 11:21:30,328] - Server : Intel(R) Xeon(R) CPU E3-1230 v3 @ 3.30GHz with 4194303kB RAM
  INFO root [0x00000bc8] [2018-05-20 11:21:30,328] - ThreadPool::createThreadPool: creating  threadpool...
  INFO root [0x00000bc8] [2018-05-20 11:21:30,328] - ThreadPool::createThreadPool: successfully(2), newThreadCount=1, normalMaxThreadCount=2, maxThreadCount=8
 DEBUG root [0x00000bc8] [2018-05-20 11:21:30,455] - Script::install_py_dlls(): PyInit_pyexpat
 DEBUG root [0x00000bc8] [2018-05-20 11:21:30,455] - Script::install_py_dlls(): PyInit__socket
 DEBUG root [0x00000bc8] [2018-05-20 11:21:30,455] - Script::install_py_dlls(): PyInit__ssl
 DEBUG root [0x00000bc8] [2018-05-20 11:21:30,458] - Script::install_py_dlls(): PyInit__hashlib
 DEBUG root [0x00000bc8] [2018-05-20 11:21:30,458] - Script::install_py_dlls(): PyInit_select
 DEBUG root [0x00000bc8] [2018-05-20 11:21:30,458] - Script::install_py_dlls(): PyInit__ctypes
 DEBUG root [0x00000bc8] [2018-05-20 11:21:30,459] - Script::install_py_dlls(): PyInit__elementtree
 DEBUG root [0x00000bc8] [2018-05-20 11:21:30,488] - Script::install_py_dlls(): PyInit_unicodedata
  INFO root [0x00000bc8] [2018-05-20 11:21:30,523] - Script::install(): is successfully, Python=(3.4.2 (default, Apr 29 2018, 15:53:05) [MSC v.1913 32 bit (Intel)])!
  INFO root [0x00000bc8] [2018-05-20 11:21:30,523] - Script::install(): KBExtra is successfully!
 DEBUG root [0x00000bc8] [2018-05-20 11:21:30,536] - loaded entity-script:Account(1).
  INFO root [0x00000bc8] [2018-05-20 11:21:30,539] - TelnetServer server is running on port 50000
  INFO root [0x00000bc8] [2018-05-20 11:21:30,830] - ---- cellapp is running ----
 DEBUG root [0x00000bc8] [2018-05-20 11:21:30,830] - Components::process(): Request for the process of identity...
  WARN root [0x00000bc8] [2018-05-20 11:21:36,898] - EntityApp::checkTickPeriod: tick took 6068% (6.07 seconds)!
  INFO root [0x00000bc8] [2018-05-20 11:21:37,930] - Components::findComponents: find logger(1)...
  INFO root [0x00000bc8] [2018-05-20 11:21:37,987] - Components::findComponents: found logger, addr:192.168.0.104:49770
  INFO root [0x00000bc8] [2018-05-20 11:21:37,988] - Components::addComponent: reset orderLog, uid=27232!
  INFO root [0x00000bc8] [2018-05-20 11:21:37,989] - Components::addComponent[logger], uid=27232, componentID=2000, globalorderid=1, grouporderid=1, totalcount=1
  INFO root [0x00000bc8] [2018-05-20 11:21:37,991] - Components::findComponents: find dbmgr(2)...
  WARN root [0x00000bc8] [2018-05-20 11:21:39,093] - EntityApp::checkTickPeriod: tick took 1263% (1.26 seconds)!
  WARN root [0x00000bc8] [2018-05-20 11:21:39,095] - Forwarding logs to logger[192.168.0.104:49770/0/0/0]...
 ERROR root [0x00000bc8] [2018-05-20 11:22:02,508] - Components::removeComponentByChannel: logger : 2000, Abnormal exit! errorno=10054
  INFO root [0x00000bc8] [2018-05-20 11:22:02,512] - The following logs sent to logger failed:
  WARN root [0x00000bc8] [2018-05-20 11:22:02,512] - ==> [2018-05-20 11:22:02 507] TCPPacketReceiver::processPendingEvents(192.168.0.104:49770): Throwing REASON_GENERAL_NETWORK - WSAECONNRESET
 ERROR root [0x00000bc8] [2018-05-20 11:22:02,512] - ==> [2018-05-20 11:22:02 509] Components::removeComponentByChannel: logger : 2000, Abnormal exit! errorno=10054
  INFO root [0x000017d0] [2018-05-20 11:22:03,538] - 
  INFO root [0x000017d0] [2018-05-20 11:22:03,538] - -----------------------------------------------------------------------------------------


  INFO root [0x000017d0] [2018-05-20 11:22:03,539] - Resmgr::initialize: KBE_ROOT=E:/kbengine/
  INFO root [0x000017d0] [2018-05-20 11:22:03,539] - Resmgr::initialize: KBE_RES_PATH=E:/kbengine/kbe/res/;E:/kbengine/assets/;E:/kbengine/assets/scripts/;E:/kbengine/assets/res/
  INFO root [0x000017d0] [2018-05-20 11:22:03,540] - Resmgr::initialize: KBE_BIN_PATH=E:/kbengine/kbe/bin/server/
  INFO root [0x000017d0] [2018-05-20 11:22:03,547] - NetworkInterface::initialize(INTERNAL): bound to all interfaces with default route interface on 192.168.0.104 ( 192.168.0.104:49797 )
  INFO root [0x000017d0] [2018-05-20 11:22:03,547] - NetworkInterface::initialize(INTERNAL): address 192.168.0.104:49797, SOMAXCONN=5.
  INFO root [0x000017d0] [2018-05-20 11:22:03,547] - server-configs:
  INFO root [0x000017d0] [2018-05-20 11:22:03,547] - 	gameUpdateHertz : 10
  INFO root [0x000017d0] [2018-05-20 11:22:03,548] - 	defaultViewRadius : 80
  INFO root [0x000017d0] [2018-05-20 11:22:03,548] - 	defaultViewHysteresisArea : 5
  INFO root [0x000017d0] [2018-05-20 11:22:03,548] - 	entryScriptFile : kbemain
  INFO root [0x000017d0] [2018-05-20 11:22:03,548] - 	internalAddr : 192.168.0.104:49797
  INFO root [0x000017d0] [2018-05-20 11:22:03,548] - 	componentID : 8001
  WARN root [0x000017d0] [2018-05-20 11:22:03,859] - BundleBroadcast::BundleBroadcast: Cannot bind to port 20317, errorno=10048
  INFO root [0x000017d0] [2018-05-20 11:22:03,863] - ---- cellapp Version: 2.0.0. ScriptVersion: 0.1.0. Protocol: 85A70C5E64F896E0F1A60BF405B4EB07. Config: Debug X86. Built: 15:53:53 Apr 29 2018. AppID: 8001. UID: 27343. PID: 2444 ----
  INFO root [0x000017d0] [2018-05-20 11:22:03,863] - Server : Intel(R) Xeon(R) CPU E3-1230 v3 @ 3.30GHz with 4194303kB RAM
  INFO root [0x000017d0] [2018-05-20 11:22:03,864] - ThreadPool::createThreadPool: creating  threadpool...
  INFO root [0x000017d0] [2018-05-20 11:22:03,864] - ThreadPool::createThreadPool: successfully(2), newThreadCount=1, normalMaxThreadCount=2, maxThreadCount=8
 DEBUG root [0x000017d0] [2018-05-20 11:22:03,995] - Script::install_py_dlls(): PyInit_pyexpat
 DEBUG root [0x000017d0] [2018-05-20 11:22:03,996] - Script::install_py_dlls(): PyInit__socket
 DEBUG root [0x000017d0] [2018-05-20 11:22:03,996] - Script::install_py_dlls(): PyInit__ssl
 DEBUG root [0x000017d0] [2018-05-20 11:22:03,999] - Script::install_py_dlls(): PyInit__hashlib
 DEBUG root [0x000017d0] [2018-05-20 11:22:03,999] - Script::install_py_dlls(): PyInit_select
 DEBUG root [0x000017d0] [2018-05-20 11:22:03,999] - Script::install_py_dlls(): PyInit__ctypes
 DEBUG root [0x000017d0] [2018-05-20 11:22:04,000] - Script::install_py_dlls(): PyInit__elementtree
 DEBUG root [0x000017d0] [2018-05-20 11:22:04,027] - Script::install_py_dlls(): PyInit_unicodedata
  INFO root [0x000017d0] [2018-05-20 11:22:04,060] - Script::install(): is successfully, Python=(3.4.2 (default, Apr 29 2018, 15:53:05) [MSC v.1913 32 bit (Intel)])!
  INFO root [0x000017d0] [2018-05-20 11:22:04,061] - Script::install(): KBExtra is successfully!
 DEBUG root [0x000017d0] [2018-05-20 11:22:04,074] - loaded entity-script:Account(1).
  INFO root [0x000017d0] [2018-05-20 11:22:04,076] - TelnetServer server is running on port 50000
  INFO root [0x000017d0] [2018-05-20 11:22:04,356] - ---- cellapp is running ----
 DEBUG root [0x000017d0] [2018-05-20 11:22:04,357] - Components::process(): Request for the process of identity...
  WARN root [0x000017d0] [2018-05-20 11:22:10,428] - EntityApp::checkTickPeriod: tick took 6071% (6.07 seconds)!
  INFO root [0x000017d0] [2018-05-20 11:22:11,442] - Components::findComponents: find logger(1)...
  INFO root [0x000017d0] [2018-05-20 11:22:11,483] - Components::findComponents: found logger, addr:192.168.0.104:49799
  INFO root [0x000017d0] [2018-05-20 11:22:11,483] - Components::addComponent: reset orderLog, uid=27343!
  INFO root [0x000017d0] [2018-05-20 11:22:11,484] - Components::addComponent[logger], uid=27343, componentID=2000, globalorderid=1, grouporderid=1, totalcount=1
  INFO root [0x000017d0] [2018-05-20 11:22:11,486] - Components::findComponents: find dbmgr(2)...
  WARN root [0x000017d0] [2018-05-20 11:22:12,585] - Forwarding logs to logger[192.168.0.104:49799/0/0/0]...
  INFO root [0x00001218] [2018-05-20 11:23:32,140] - 
  INFO root [0x00001218] [2018-05-20 11:23:32,140] - -----------------------------------------------------------------------------------------


  INFO root [0x00001218] [2018-05-20 11:23:32,141] - Resmgr::initialize: KBE_ROOT=E:/kbengine/
  INFO root [0x00001218] [2018-05-20 11:23:32,141] - Resmgr::initialize: KBE_RES_PATH=E:/kbengine/kbe/res/;E:/kbengine/assets/;E:/kbengine/assets/scripts/;E:/kbengine/assets/res/
  INFO root [0x00001218] [2018-05-20 11:23:32,141] - Resmgr::initialize: KBE_BIN_PATH=E:/kbengine/kbe/bin/server/
  INFO root [0x00001218] [2018-05-20 11:23:32,143] - NetworkInterface::initialize(INTERNAL): bound to all interfaces with default route interface on 192.168.0.104 ( 192.168.0.104:49856 )
  INFO root [0x00001218] [2018-05-20 11:23:32,143] - NetworkInterface::initialize(INTERNAL): address 192.168.0.104:49856, SOMAXCONN=5.
  INFO root [0x00001218] [2018-05-20 11:23:32,144] - server-configs:
  INFO root [0x00001218] [2018-05-20 11:23:32,144] - 	gameUpdateHertz : 10
  INFO root [0x00001218] [2018-05-20 11:23:32,144] - 	defaultViewRadius : 80
  INFO root [0x00001218] [2018-05-20 11:23:32,144] - 	defaultViewHysteresisArea : 5
  INFO root [0x00001218] [2018-05-20 11:23:32,144] - 	entryScriptFile : kbemain
  INFO root [0x00001218] [2018-05-20 11:23:32,144] - 	internalAddr : 192.168.0.104:49856
  INFO root [0x00001218] [2018-05-20 11:23:32,144] - 	componentID : 8001
  INFO root [0x00001218] [2018-05-20 11:23:33,652] - ---- cellapp Version: 2.0.0. ScriptVersion: 0.1.0. Protocol: 85A70C5E64F896E0F1A60BF405B4EB07. Config: Debug X86. Built: 15:53:53 Apr 29 2018. AppID: 8001. UID: 27634. PID: 4860 ----
  INFO root [0x00001218] [2018-05-20 11:23:33,653] - Server : Intel(R) Xeon(R) CPU E3-1230 v3 @ 3.30GHz with 4194303kB RAM
  INFO root [0x00001218] [2018-05-20 11:23:33,653] - ThreadPool::createThreadPool: creating  threadpool...
  INFO root [0x00001218] [2018-05-20 11:23:33,654] - ThreadPool::createThreadPool: successfully(2), newThreadCount=1, normalMaxThreadCount=2, maxThreadCount=8
 DEBUG root [0x00001218] [2018-05-20 11:23:33,794] - Script::install_py_dlls(): PyInit_pyexpat
 DEBUG root [0x00001218] [2018-05-20 11:23:33,795] - Script::install_py_dlls(): PyInit__socket
 DEBUG root [0x00001218] [2018-05-20 11:23:33,795] - Script::install_py_dlls(): PyInit__ssl
 DEBUG root [0x00001218] [2018-05-20 11:23:33,798] - Script::install_py_dlls(): PyInit__hashlib
 DEBUG root [0x00001218] [2018-05-20 11:23:33,799] - Script::install_py_dlls(): PyInit_select
 DEBUG root [0x00001218] [2018-05-20 11:23:33,799] - Script::install_py_dlls(): PyInit__ctypes
 DEBUG root [0x00001218] [2018-05-20 11:23:33,799] - Script::install_py_dlls(): PyInit__elementtree
 DEBUG root [0x00001218] [2018-05-20 11:23:33,828] - Script::install_py_dlls(): PyInit_unicodedata
  INFO root [0x00001218] [2018-05-20 11:23:33,857] - Script::install(): is successfully, Python=(3.4.2 (default, Apr 29 2018, 15:53:05) [MSC v.1913 32 bit (Intel)])!
  INFO root [0x00001218] [2018-05-20 11:23:33,858] - Script::install(): KBExtra is successfully!
 DEBUG root [0x00001218] [2018-05-20 11:23:33,871] - loaded entity-script:Account(1).
  INFO root [0x00001218] [2018-05-20 11:23:33,874] - TelnetServer server is running on port 50000
  INFO root [0x00001218] [2018-05-20 11:23:34,237] - ---- cellapp is running ----
 DEBUG root [0x00001218] [2018-05-20 11:23:34,237] - Components::process(): Request for the process of identity...
  WARN root [0x00001218] [2018-05-20 11:23:40,300] - EntityApp::checkTickPeriod: tick took 6063% (6.06 seconds)!
  INFO root [0x00001218] [2018-05-20 11:23:41,337] - Components::findComponents: find logger(1)...
  INFO root [0x00001218] [2018-05-20 11:23:41,530] - Components::findComponents: found logger, addr:192.168.0.104:49855
  INFO root [0x00001218] [2018-05-20 11:23:41,531] - Components::addComponent: reset orderLog, uid=27634!
  INFO root [0x00001218] [2018-05-20 11:23:41,531] - Components::addComponent[logger], uid=27634, componentID=2000, globalorderid=1, grouporderid=1, totalcount=1
  INFO root [0x00001218] [2018-05-20 11:23:41,534] - Components::findComponents: find dbmgr(2)...
  WARN root [0x00001218] [2018-05-20 11:23:42,637] - EntityApp::checkTickPeriod: tick took 1400% (1.40 seconds)!
  WARN root [0x00001218] [2018-05-20 11:23:42,639] - Forwarding logs to logger[192.168.0.104:49855/0/0/0]...
 ERROR root [0x00001218] [2018-05-20 11:23:59,820] - Components::removeComponentByChannel: logger : 2000, Abnormal exit! errorno=10054
  INFO root [0x00001218] [2018-05-20 11:23:59,824] - The following logs sent to logger failed:
  WARN root [0x00001218] [2018-05-20 11:23:59,825] - ==> [2018-05-20 11:23:59 820] TCPPacketReceiver::processPendingEvents(192.168.0.104:49855): Throwing REASON_GENERAL_NETWORK - WSAECONNRESET
 ERROR root [0x00001218] [2018-05-20 11:23:59,825] - ==> [2018-05-20 11:23:59 821] Components::removeComponentByChannel: logger : 2000, Abnormal exit! errorno=10054
  INFO root [0x00001444] [2018-05-20 11:24:43,969] - 
  INFO root [0x00001444] [2018-05-20 11:24:43,970] - -----------------------------------------------------------------------------------------


  INFO root [0x00001444] [2018-05-20 11:24:43,970] - Resmgr::initialize: KBE_ROOT=E:/kbengine/
  INFO root [0x00001444] [2018-05-20 11:24:43,970] - Resmgr::initialize: KBE_RES_PATH=E:/kbengine/kbe/res/;E:/kbengine/assets/;E:/kbengine/assets/scripts/;E:/kbengine/assets/res/
  INFO root [0x00001444] [2018-05-20 11:24:43,970] - Resmgr::initialize: KBE_BIN_PATH=E:/kbengine/kbe/bin/server/
  INFO root [0x00001444] [2018-05-20 11:24:43,973] - NetworkInterface::initialize(INTERNAL): bound to all interfaces with default route interface on 192.168.0.104 ( 192.168.0.104:49892 )
  INFO root [0x00001444] [2018-05-20 11:24:43,974] - NetworkInterface::initialize(INTERNAL): address 192.168.0.104:49892, SOMAXCONN=5.
  INFO root [0x00001444] [2018-05-20 11:24:43,974] - server-configs:
  INFO root [0x00001444] [2018-05-20 11:24:43,974] - 	gameUpdateHertz : 10
  INFO root [0x00001444] [2018-05-20 11:24:43,974] - 	defaultViewRadius : 80
  INFO root [0x00001444] [2018-05-20 11:24:43,974] - 	defaultViewHysteresisArea : 5
  INFO root [0x00001444] [2018-05-20 11:24:43,974] - 	entryScriptFile : kbemain
  INFO root [0x00001444] [2018-05-20 11:24:43,974] - 	internalAddr : 192.168.0.104:49892
  INFO root [0x00001444] [2018-05-20 11:24:43,974] - 	componentID : 8001
  INFO root [0x00001444] [2018-05-20 11:24:45,489] - ---- cellapp Version: 2.0.0. ScriptVersion: 0.1.0. Protocol: 85A70C5E64F896E0F1A60BF405B4EB07. Config: Debug X86. Built: 15:53:53 Apr 29 2018. AppID: 8001. UID: 27866. PID: 696 ----
  INFO root [0x00001444] [2018-05-20 11:24:45,491] - Server : Intel(R) Xeon(R) CPU E3-1230 v3 @ 3.30GHz with 4194303kB RAM
  INFO root [0x00001444] [2018-05-20 11:24:45,492] - ThreadPool::createThreadPool: creating  threadpool...
  INFO root [0x00001444] [2018-05-20 11:24:45,493] - ThreadPool::createThreadPool: successfully(2), newThreadCount=1, normalMaxThreadCount=2, maxThreadCount=8
 DEBUG root [0x00001444] [2018-05-20 11:24:45,640] - Script::install_py_dlls(): PyInit_pyexpat
 DEBUG root [0x00001444] [2018-05-20 11:24:45,640] - Script::install_py_dlls(): PyInit__socket
 DEBUG root [0x00001444] [2018-05-20 11:24:45,640] - Script::install_py_dlls(): PyInit__ssl
 DEBUG root [0x00001444] [2018-05-20 11:24:45,643] - Script::install_py_dlls(): PyInit__hashlib
 DEBUG root [0x00001444] [2018-05-20 11:24:45,643] - Script::install_py_dlls(): PyInit_select
 DEBUG root [0x00001444] [2018-05-20 11:24:45,644] - Script::install_py_dlls(): PyInit__ctypes
 DEBUG root [0x00001444] [2018-05-20 11:24:45,644] - Script::install_py_dlls(): PyInit__elementtree
 DEBUG root [0x00001444] [2018-05-20 11:24:45,671] - Script::install_py_dlls(): PyInit_unicodedata
  INFO root [0x00001444] [2018-05-20 11:24:45,699] - Script::install(): is successfully, Python=(3.4.2 (default, Apr 29 2018, 15:53:05) [MSC v.1913 32 bit (Intel)])!
  INFO root [0x00001444] [2018-05-20 11:24:45,699] - Script::install(): KBExtra is successfully!
 DEBUG root [0x00001444] [2018-05-20 11:24:45,711] - loaded entity-script:Account(1).
  INFO root [0x00001444] [2018-05-20 11:24:45,714] - TelnetServer server is running on port 50000
  INFO root [0x00001444] [2018-05-20 11:24:46,017] - ---- cellapp is running ----
 DEBUG root [0x00001444] [2018-05-20 11:24:46,018] - Components::process(): Request for the process of identity...
  WARN root [0x00001444] [2018-05-20 11:24:52,100] - EntityApp::checkTickPeriod: tick took 6082% (6.08 seconds)!
  INFO root [0x00001444] [2018-05-20 11:24:53,171] - Components::findComponents: find logger(1)...
  INFO root [0x00001444] [2018-05-20 11:24:53,209] - Components::findComponents: found logger, addr:192.168.0.104:49891
  INFO root [0x00001444] [2018-05-20 11:24:53,209] - Components::addComponent: reset orderLog, uid=27866!
  INFO root [0x00001444] [2018-05-20 11:24:53,210] - Components::addComponent[logger], uid=27866, componentID=2000, globalorderid=1, grouporderid=1, totalcount=1
  INFO root [0x00001444] [2018-05-20 11:24:53,212] - Components::findComponents: find dbmgr(2)...
  WARN root [0x00001444] [2018-05-20 11:24:54,314] - Forwarding logs to logger[192.168.0.104:49891/0/0/0]...
 ERROR root [0x00001444] [2018-05-20 11:24:54,982] - Components::removeComponentByChannel: logger : 2000, Abnormal exit! errorno=10054
  INFO root [0x00001444] [2018-05-20 11:24:54,987] - The following logs sent to logger failed:
  WARN root [0x00001444] [2018-05-20 11:24:54,987] - ==> [2018-05-20 11:24:54 981] TCPPacketReceiver::processPendingEvents(192.168.0.104:49891): Throwing REASON_GENERAL_NETWORK - WSAECONNRESET
 ERROR root [0x00001444] [2018-05-20 11:24:54,987] - ==> [2018-05-20 11:24:54 983] Components::removeComponentByChannel: logger : 2000, Abnormal exit! errorno=10054
  INFO root [0x00001500] [2018-05-20 11:25:40,343] - 
  INFO root [0x00001500] [2018-05-20 11:25:40,344] - -----------------------------------------------------------------------------------------


  INFO root [0x00001500] [2018-05-20 11:25:40,344] - Resmgr::initialize: KBE_ROOT=E:/kbengine/
  INFO root [0x00001500] [2018-05-20 11:25:40,344] - Resmgr::initialize: KBE_RES_PATH=E:/kbengine/kbe/res/;E:/kbengine/assets/;E:/kbengine/assets/scripts/;E:/kbengine/assets/res/
  INFO root [0x00001500] [2018-05-20 11:25:40,344] - Resmgr::initialize: KBE_BIN_PATH=E:/kbengine/kbe/bin/server/
  INFO root [0x00001500] [2018-05-20 11:25:40,347] - NetworkInterface::initialize(INTERNAL): bound to all interfaces with default route interface on 192.168.0.104 ( 192.168.0.104:49933 )
  INFO root [0x00001500] [2018-05-20 11:25:40,347] - NetworkInterface::initialize(INTERNAL): address 192.168.0.104:49933, SOMAXCONN=5.
  INFO root [0x00001500] [2018-05-20 11:25:40,347] - server-configs:
  INFO root [0x00001500] [2018-05-20 11:25:40,347] - 	gameUpdateHertz : 10
  INFO root [0x00001500] [2018-05-20 11:25:40,347] - 	defaultViewRadius : 80
  INFO root [0x00001500] [2018-05-20 11:25:40,347] - 	defaultViewHysteresisArea : 5
  INFO root [0x00001500] [2018-05-20 11:25:40,347] - 	entryScriptFile : kbemain
  INFO root [0x00001500] [2018-05-20 11:25:40,347] - 	internalAddr : 192.168.0.104:49933
  INFO root [0x00001500] [2018-05-20 11:25:40,347] - 	componentID : 8001
  INFO root [0x00001500] [2018-05-20 11:25:41,854] - ---- cellapp Version: 2.0.0. ScriptVersion: 0.1.0. Protocol: 85A70C5E64F896E0F1A60BF405B4EB07. Config: Debug X86. Built: 15:53:53 Apr 29 2018. AppID: 8001. UID: 28052. PID: 5452 ----
  INFO root [0x00001500] [2018-05-20 11:25:41,854] - Server : Intel(R) Xeon(R) CPU E3-1230 v3 @ 3.30GHz with 4194303kB RAM
  INFO root [0x00001500] [2018-05-20 11:25:41,855] - ThreadPool::createThreadPool: creating  threadpool...
  INFO root [0x00001500] [2018-05-20 11:25:41,855] - ThreadPool::createThreadPool: successfully(2), newThreadCount=1, normalMaxThreadCount=2, maxThreadCount=8
 DEBUG root [0x00001500] [2018-05-20 11:25:41,990] - Script::install_py_dlls(): PyInit_pyexpat
 DEBUG root [0x00001500] [2018-05-20 11:25:41,990] - Script::install_py_dlls(): PyInit__socket
 DEBUG root [0x00001500] [2018-05-20 11:25:41,991] - Script::install_py_dlls(): PyInit__ssl
 DEBUG root [0x00001500] [2018-05-20 11:25:41,994] - Script::install_py_dlls(): PyInit__hashlib
 DEBUG root [0x00001500] [2018-05-20 11:25:41,994] - Script::install_py_dlls(): PyInit_select
 DEBUG root [0x00001500] [2018-05-20 11:25:41,994] - Script::install_py_dlls(): PyInit__ctypes
 DEBUG root [0x00001500] [2018-05-20 11:25:41,995] - Script::install_py_dlls(): PyInit__elementtree
 DEBUG root [0x00001500] [2018-05-20 11:25:42,023] - Script::install_py_dlls(): PyInit_unicodedata
  INFO root [0x00001500] [2018-05-20 11:25:42,052] - Script::install(): is successfully, Python=(3.4.2 (default, Apr 29 2018, 15:53:05) [MSC v.1913 32 bit (Intel)])!
  INFO root [0x00001500] [2018-05-20 11:25:42,052] - Script::install(): KBExtra is successfully!
 DEBUG root [0x00001500] [2018-05-20 11:25:42,064] - loaded entity-script:Account(1).
  INFO root [0x00001500] [2018-05-20 11:25:42,067] - TelnetServer server is running on port 50000
  INFO root [0x00001500] [2018-05-20 11:25:42,386] - ---- cellapp is running ----
 DEBUG root [0x00001500] [2018-05-20 11:25:42,386] - Components::process(): Request for the process of identity...
  WARN root [0x00001500] [2018-05-20 11:25:48,468] - EntityApp::checkTickPeriod: tick took 6082% (6.08 seconds)!
  INFO root [0x00001500] [2018-05-20 11:25:49,545] - Components::findComponents: find logger(1)...
  INFO root [0x00001500] [2018-05-20 11:25:49,589] - Components::findComponents: found logger, addr:192.168.0.104:49928
  INFO root [0x00001500] [2018-05-20 11:25:49,590] - Components::addComponent: reset orderLog, uid=28052!
  INFO root [0x00001500] [2018-05-20 11:25:49,591] - Components::addComponent[logger], uid=28052, componentID=2000, globalorderid=1, grouporderid=1, totalcount=1
  INFO root [0x00001500] [2018-05-20 11:25:49,593] - Components::findComponents: find dbmgr(2)...
  INFO root [0x00001500] [2018-05-20 11:25:49,695] - Components::findComponents: found dbmgr, addr:192.168.0.104:49930
  INFO root [0x00001500] [2018-05-20 11:25:49,696] - Components::addComponent: reset orderLog, uid=28052!
  INFO root [0x00001500] [2018-05-20 11:25:49,696] - Components::addComponent[dbmgr], uid=28052, componentID=4000, globalorderid=1, grouporderid=1, totalcount=1
  INFO root [0x00001500] [2018-05-20 11:25:49,697] - Components::findComponents: found dbmgr, addr:192.168.0.104:49930
  WARN root [0x00001500] [2018-05-20 11:25:50,697] - Forwarding logs to logger[192.168.0.104:49928/0/0/0]...
 ERROR root [0x00001500] [2018-05-20 11:26:07,783] - Components::removeComponentByChannel: logger : 2000, Abnormal exit! errorno=10054
  INFO root [0x00001500] [2018-05-20 11:26:07,789] - The following logs sent to logger failed:
  WARN root [0x00001500] [2018-05-20 11:26:07,789] - ==> [2018-05-20 11:26:07 782] TCPPacketReceiver::processPendingEvents(192.168.0.104:49928): Throwing REASON_GENERAL_NETWORK - WSAECONNRESET
 ERROR root [0x00001500] [2018-05-20 11:26:07,790] - ==> [2018-05-20 11:26:07 783] Components::removeComponentByChannel: logger : 2000, Abnormal exit! errorno=10054
  WARN root [0x00001500] [2018-05-20 11:26:07,824] - TCPPacketReceiver::processPendingEvents(192.168.0.104:49930): Throwing REASON_GENERAL_NETWORK - WSAECONNRESET
 ERROR root [0x00001500] [2018-05-20 11:26:07,825] - Components::removeComponentByChannel: dbmgr : 4000, Abnormal exit! errorno=10054
  INFO root [0x00001500] [2018-05-20 11:26:07,852] - Shutdowner::onShutdownBegin: shutting down(period=0, tickPeriod=1)
  INFO root [0x00001500] [2018-05-20 11:26:07,853] - Shutdowner::onShutdown: shutting down
  INFO root [0x00001500] [2018-05-20 11:26:07,853] - Shutdowner::onShutdownEnd: shutting down
 DEBUG root [0x00001500] [2018-05-20 11:26:07,954] - EntityRef::destroyObjPool(): size 0.
 DEBUG root [0x00001500] [2018-05-20 11:26:07,954] - Witness::destroyObjPool(): size 0.
 DEBUG root [0x00001500] [2018-05-20 11:26:07,976] - Script::uninstall_py_dlls(): PyInit_pyexpat
 DEBUG root [0x00001500] [2018-05-20 11:26:07,976] - Script::uninstall_py_dlls(): PyInit__socket
 DEBUG root [0x00001500] [2018-05-20 11:26:07,976] - Script::uninstall_py_dlls(): PyInit__ssl
 DEBUG root [0x00001500] [2018-05-20 11:26:07,976] - Script::uninstall_py_dlls(): PyInit__hashlib
 DEBUG root [0x00001500] [2018-05-20 11:26:07,976] - Script::uninstall_py_dlls(): PyInit_select
 DEBUG root [0x00001500] [2018-05-20 11:26:07,976] - Script::uninstall_py_dlls(): PyInit__ctypes
 DEBUG root [0x00001500] [2018-05-20 11:26:07,976] - Script::uninstall_py_dlls(): PyInit__elementtree
 DEBUG root [0x00001500] [2018-05-20 11:26:07,977] - Script::uninstall_py_dlls(): PyInit_unicodedata
  INFO root [0x00001500] [2018-05-20 11:26:07,991] - Script::uninstall(): is successfully!
 DEBUG root [0x00001500] [2018-05-20 11:26:07,991] - ThreadPool::destroy(): starting size 2.
  INFO root [0x00000c80] [2018-05-20 11:26:08,873] - 
  INFO root [0x00000c80] [2018-05-20 11:26:08,873] - -----------------------------------------------------------------------------------------


  INFO root [0x00000c80] [2018-05-20 11:26:08,874] - Resmgr::initialize: KBE_ROOT=E:/kbengine/
  INFO root [0x00000c80] [2018-05-20 11:26:08,874] - Resmgr::initialize: KBE_RES_PATH=E:/kbengine/kbe/res/;E:/kbengine/assets/;E:/kbengine/assets/scripts/;E:/kbengine/assets/res/
  INFO root [0x00000c80] [2018-05-20 11:26:08,874] - Resmgr::initialize: KBE_BIN_PATH=E:/kbengine/kbe/bin/server/
  INFO root [0x00000c80] [2018-05-20 11:26:08,876] - NetworkInterface::initialize(INTERNAL): bound to all interfaces with default route interface on 192.168.0.104 ( 192.168.0.104:49972 )
  INFO root [0x00000c80] [2018-05-20 11:26:08,876] - NetworkInterface::initialize(INTERNAL): address 192.168.0.104:49972, SOMAXCONN=5.
  INFO root [0x00000c80] [2018-05-20 11:26:08,876] - server-configs:
  INFO root [0x00000c80] [2018-05-20 11:26:08,876] - 	gameUpdateHertz : 10
  INFO root [0x00000c80] [2018-05-20 11:26:08,876] - 	defaultViewRadius : 80
  INFO root [0x00000c80] [2018-05-20 11:26:08,877] - 	defaultViewHysteresisArea : 5
  INFO root [0x00000c80] [2018-05-20 11:26:08,877] - 	entryScriptFile : kbemain
  INFO root [0x00000c80] [2018-05-20 11:26:08,877] - 	internalAddr : 192.168.0.104:49972
  INFO root [0x00000c80] [2018-05-20 11:26:08,877] - 	componentID : 8001
  INFO root [0x00000c80] [2018-05-20 11:26:10,392] - ---- cellapp Version: 2.0.0. ScriptVersion: 0.1.0. Protocol: 85A70C5E64F896E0F1A60BF405B4EB07. Config: Debug X86. Built: 15:53:53 Apr 29 2018. AppID: 8001. UID: 28143. PID: 4516 ----
  INFO root [0x00000c80] [2018-05-20 11:26:10,393] - Server : Intel(R) Xeon(R) CPU E3-1230 v3 @ 3.30GHz with 4194303kB RAM
  INFO root [0x00000c80] [2018-05-20 11:26:10,394] - ThreadPool::createThreadPool: creating  threadpool...
  INFO root [0x00000c80] [2018-05-20 11:26:10,395] - ThreadPool::createThreadPool: successfully(2), newThreadCount=1, normalMaxThreadCount=2, maxThreadCount=8
 DEBUG root [0x00000c80] [2018-05-20 11:26:10,538] - Script::install_py_dlls(): PyInit_pyexpat
 DEBUG root [0x00000c80] [2018-05-20 11:26:10,538] - Script::install_py_dlls(): PyInit__socket
 DEBUG root [0x00000c80] [2018-05-20 11:26:10,539] - Script::install_py_dlls(): PyInit__ssl
 DEBUG root [0x00000c80] [2018-05-20 11:26:10,541] - Script::install_py_dlls(): PyInit__hashlib
 DEBUG root [0x00000c80] [2018-05-20 11:26:10,542] - Script::install_py_dlls(): PyInit_select
 DEBUG root [0x00000c80] [2018-05-20 11:26:10,542] - Script::install_py_dlls(): PyInit__ctypes
 DEBUG root [0x00000c80] [2018-05-20 11:26:10,542] - Script::install_py_dlls(): PyInit__elementtree
 DEBUG root [0x00000c80] [2018-05-20 11:26:10,569] - Script::install_py_dlls(): PyInit_unicodedata
  INFO root [0x00000c80] [2018-05-20 11:26:10,597] - Script::install(): is successfully, Python=(3.4.2 (default, Apr 29 2018, 15:53:05) [MSC v.1913 32 bit (Intel)])!
  INFO root [0x00000c80] [2018-05-20 11:26:10,597] - Script::install(): KBExtra is successfully!
 DEBUG root [0x00000c80] [2018-05-20 11:26:10,609] - loaded entity-script:Account(1).
  INFO root [0x00000c80] [2018-05-20 11:26:10,611] - TelnetServer server is running on port 50000
  INFO root [0x00000c80] [2018-05-20 11:26:10,935] - ---- cellapp is running ----
 DEBUG root [0x00000c80] [2018-05-20 11:26:10,935] - Components::process(): Request for the process of identity...
