  INFO root [0x0000168c] [2018-11-15 14:18:21,267] - 
  INFO root [0x0000168c] [2018-11-15 14:18:21,371] - -----------------------------------------------------------------------------------------


  INFO root [0x0000168c] [2018-11-15 14:18:23,224] - Resmgr::initialize: KBE_ROOT=E:/kbengine/
  INFO root [0x0000168c] [2018-11-15 14:18:23,225] - Resmgr::initialize: KBE_RES_PATH=E:/kbengine/kbe/res/;E:/kbengine/assets/;E:/kbengine/assets/scripts/;E:/kbengine/assets/res/
  INFO root [0x0000168c] [2018-11-15 14:18:23,225] - Resmgr::initialize: KBE_BIN_PATH=E:/kbengine/kbe/bin/server/
  INFO root [0x0000168c] [2018-11-15 14:18:23,784] - NetworkInterface::initialize(INTERNAL): bound to all interfaces with default route interface on 192.168.0.107 ( 192.168.0.107:52204 )
  INFO root [0x0000168c] [2018-11-15 14:18:23,847] - NetworkInterface::initialize(INTERNAL): address 192.168.0.107:52204, SOMAXCONN=5.
  INFO root [0x0000168c] [2018-11-15 14:18:23,847] - server-configs:
  INFO root [0x0000168c] [2018-11-15 14:18:23,848] - 	gameUpdateHertz : 10
  INFO root [0x0000168c] [2018-11-15 14:18:23,898] - 	defaultViewRadius : 80
  INFO root [0x0000168c] [2018-11-15 14:18:23,898] - 	defaultViewHysteresisArea : 5
  INFO root [0x0000168c] [2018-11-15 14:18:23,898] - 	entryScriptFile : kbemain
  INFO root [0x0000168c] [2018-11-15 14:18:23,899] - 	internalAddr : 192.168.0.107:52204
  INFO root [0x0000168c] [2018-11-15 14:18:23,899] - 	componentID : 8001
  INFO root [0x0000168c] [2018-11-15 14:18:24,486] - Components::findLogger: found logger, addr:192.168.0.107:52193
  INFO root [0x0000168c] [2018-11-15 14:18:24,487] - Components::addComponent: reset orderLog, uid=4926!
  INFO root [0x0000168c] [2018-11-15 14:18:24,543] - Components::addComponent[logger], uid=4926, componentID=2000, globalorderid=1, grouporderid=1, totalcount=1
  INFO root [0x0000168c] [2018-11-15 14:18:24,749] - ---- cellapp Version: 2.0.0. ScriptVersion: 0.1.0. Protocol: 85A70C5E64F896E0F1A60BF405B4EB07. Config: Debug X86. Built: 15:53:53 Apr 29 2018. AppID: 8001. UID: 4926. PID: 6092 ----
  INFO root [0x0000168c] [2018-11-15 14:18:24,750] - Server : Intel(R) Xeon(R) CPU E3-1230 v3 @ 3.30GHz with 4194303kB RAM
  INFO root [0x0000168c] [2018-11-15 14:18:24,889] - ThreadPool::createThreadPool: creating  threadpool...
  INFO root [0x0000168c] [2018-11-15 14:18:24,907] - ThreadPool::createThreadPool: successfully(2), newThreadCount=1, normalMaxThreadCount=2, maxThreadCount=8
 DEBUG root [0x0000168c] [2018-11-15 14:18:30,850] - Script::install_py_dlls(): PyInit_pyexpat
 DEBUG root [0x0000168c] [2018-11-15 14:18:30,890] - Script::install_py_dlls(): PyInit__socket
 DEBUG root [0x0000168c] [2018-11-15 14:18:31,053] - Script::install_py_dlls(): PyInit__ssl
 DEBUG root [0x0000168c] [2018-11-15 14:18:31,906] - Script::install_py_dlls(): PyInit__hashlib
 DEBUG root [0x0000168c] [2018-11-15 14:18:32,063] - Script::install_py_dlls(): PyInit_select
 DEBUG root [0x0000168c] [2018-11-15 14:18:32,118] - Script::install_py_dlls(): PyInit__ctypes
 DEBUG root [0x0000168c] [2018-11-15 14:18:32,259] - Script::install_py_dlls(): PyInit__elementtree
 DEBUG root [0x0000168c] [2018-11-15 14:18:32,927] - Script::install_py_dlls(): PyInit_unicodedata
  INFO root [0x0000168c] [2018-11-15 14:18:34,423] - Script::install(): is successfully, Python=(3.4.2 (default, Apr 29 2018, 15:53:05) [MSC v.1913 32 bit (Intel)])!
  INFO root [0x0000168c] [2018-11-15 14:18:34,423] - Script::install(): KBExtra is successfully!
 DEBUG root [0x0000168c] [2018-11-15 14:18:35,975] - loaded entity-script:Account(1).
 DEBUG root [0x0000168c] [2018-11-15 14:18:36,173] - loaded entity-script:Room(4).
  INFO root [0x0000168c] [2018-11-15 14:18:36,196] - TelnetServer server is running on port 50000
  INFO root [0x0000168c] [2018-11-15 14:18:36,930] - ---- cellapp is running ----
 DEBUG root [0x0000168c] [2018-11-15 14:18:36,959] - Components::process(): Request for the process of identity...
  WARN root [0x0000168c] [2018-11-15 14:18:43,183] - Forwarding logs to logger[192.168.0.107:52193/0/0/0]...
