  INFO root [2018-11-01 00:02:30,606] - 
  INFO root [2018-11-01 00:02:30,607] - -----------------------------------------------------------------------------------------


  INFO root [2018-11-01 00:02:30,607] - Resmgr::initialize: KBE_ROOT=E:/kbengine/
  INFO root [2018-11-01 00:02:30,607] - Resmgr::initialize: KBE_RES_PATH=E:/kbengine/kbe/res/;E:/kbengine/assets/;E:/kbengine/assets/scripts/;E:/kbengine/assets/res/
  INFO root [2018-11-01 00:02:30,608] - Resmgr::initialize: KBE_BIN_PATH=E:/kbengine/kbe/bin/server/
  INFO root [2018-11-01 00:02:30,619] - NetworkInterface::initialize(INTERNAL): bound to all interfaces with default route interface on 192.168.0.107 ( 192.168.0.107:49662 )
  INFO root [2018-11-01 00:02:30,620] - NetworkInterface::initialize(INTERNAL): address 192.168.0.107:49662, SOMAXCONN=5.
  INFO root [2018-11-01 00:02:30,620] - server-configs:
  INFO root [2018-11-01 00:02:30,620] - 	internalAddr : 192.168.0.107:49662
  INFO root [2018-11-01 00:02:30,620] - 	componentID : 4000
  INFO root [2018-11-01 00:02:32,135] - ---- dbmgr Version: 2.0.0. ScriptVersion: 0.1.0. Protocol: F28F1C37BCC70CD27B77841D4A30E3D7. Config: Debug X86. Built: 15:52:44 Apr 29 2018. AppID: 4000. UID: 16037. PID: 9064 ----
  INFO root [2018-11-01 00:02:32,137] - Server : Intel(R) Xeon(R) CPU E3-1230 v3 @ 3.30GHz with 4194303kB RAM
  INFO root [2018-11-01 00:02:32,138] - ThreadPool::createThreadPool: creating  threadpool...
  INFO root [2018-11-01 00:02:32,139] - ThreadPool::createThreadPool: successfully(2), newThreadCount=1, normalMaxThreadCount=2, maxThreadCount=8
 DEBUG root [2018-11-01 00:02:32,313] - Script::install_py_dlls(): PyInit_pyexpat
 DEBUG root [2018-11-01 00:02:32,314] - Script::install_py_dlls(): PyInit__socket
 DEBUG root [2018-11-01 00:02:32,315] - Script::install_py_dlls(): PyInit__ssl
 DEBUG root [2018-11-01 00:02:32,319] - Script::install_py_dlls(): PyInit__hashlib
 DEBUG root [2018-11-01 00:02:32,319] - Script::install_py_dlls(): PyInit_select
 DEBUG root [2018-11-01 00:02:32,319] - Script::install_py_dlls(): PyInit__ctypes
 DEBUG root [2018-11-01 00:02:32,320] - Script::install_py_dlls(): PyInit__elementtree
 DEBUG root [2018-11-01 00:02:32,348] - Script::install_py_dlls(): PyInit_unicodedata
  INFO root [2018-11-01 00:02:32,379] - Script::install(): is successfully, Python=(3.4.2 (default, Apr 29 2018, 15:52:37) [MSC v.1913 32 bit (Intel)])!
  INFO root [2018-11-01 00:02:32,379] - Script::install(): KBExtra is successfully!
  INFO root [2018-11-01 00:02:32,401] - Dbmgr::initializeEnd: digest(7F4FC8296AD553545CD95B23EFF6238F)
S_INFO root [2018-11-01 00:02:32,401] - onDBMgrReady: bootstrapGroupIndex=0, bootstrapGlobalIndex=0
  INFO root [2018-11-01 00:02:32,402] - TelnetServer server is running on port 32000
  INFO root [2018-11-01 00:02:32,402] - Dbmgr::initInterfacesHandler: interfaces addr(127.0.0.1:30099), accountType:(interfaces), chargeType:(interfaces).
  WARN root [2018-11-01 00:02:32,752] - DBUtil::initialize: db(default) password is not encrypted!
please use password(rsa):
00F64B7C3C87F171413F1A90DBF43FD54AA77D77ABB9688A4B8406A87F42BEDD9C2A744C548F8E91BD5219D861655BFE711FC6801E0B2E165E9714F698C7A9B74E14844BE569CF91D963D968EB3BD09520916CCFD9D106E79772F44AD301F58866CD22B193E445242EC4E896748EB4B77C5420319E34F4C854734199ECC1893F
 DEBUG root [2018-11-01 00:02:32,754] - DBInterfaceMysql::attach: connect: localhost:3306 starting...
 DEBUG root [2018-11-01 00:02:32,756] - DBInterfaceMysql::attach: successfully! addr: localhost:3306
  INFO root [2018-11-01 00:02:32,757] - DBUtil::createInterface[0x37f1e0]: interface=default, dbtype=mysql, ip=localhost, port=3306, currdatabase=kbe, username=kbe, connected=yes.

  INFO root [2018-11-01 00:02:32,757] - ThreadPool::createThreadPool: creating  threadpool...
 DEBUG root [2018-11-01 00:02:32,758] - DBInterfaceMysql::attach: connect: localhost:3306 starting...
 DEBUG root [2018-11-01 00:02:32,758] - DBInterfaceMysql::attach: connect: localhost:3306 starting...
 DEBUG root [2018-11-01 00:02:32,758] - DBInterfaceMysql::attach: connect: localhost:3306 starting...
  INFO root [2018-11-01 00:02:32,758] - ThreadPool::createThreadPool: successfully(5), newThreadCount=5, normalMaxThreadCount=5, maxThreadCount=5
 DEBUG root [2018-11-01 00:02:32,758] - DBInterfaceMysql::attach: connect: localhost:3306 starting...
 DEBUG root [2018-11-01 00:02:32,759] - DBInterfaceMysql::attach: connect: localhost:3306 starting...
 DEBUG root [2018-11-01 00:02:32,759] - DBInterfaceMysql::attach: successfully! addr: localhost:3306
 DEBUG root [2018-11-01 00:02:32,759] - DBThread::onStart(): 0x81de70!
 DEBUG root [2018-11-01 00:02:32,759] - DBInterfaceMysql::attach: successfully! addr: localhost:3306
 DEBUG root [2018-11-01 00:02:32,760] - DBThread::onStart(): 0x81def8!
 DEBUG root [2018-11-01 00:02:32,760] - DBInterfaceMysql::attach: successfully! addr: localhost:3306
 DEBUG root [2018-11-01 00:02:32,760] - DBThread::onStart(): 0x81df80!
 DEBUG root [2018-11-01 00:02:32,760] - DBInterfaceMysql::attach: successfully! addr: localhost:3306
 DEBUG root [2018-11-01 00:02:32,760] - DBInterfaceMysql::attach: successfully! addr: localhost:3306
 DEBUG root [2018-11-01 00:02:32,760] - DBThread::onStart(): 0x81e008!
 DEBUG root [2018-11-01 00:02:32,760] - DBThread::onStart(): 0x81e090!
  INFO root [2018-11-01 00:02:32,859] - DBInterfaceMysql::query: successfully!
  INFO root [2018-11-01 00:02:32,860] - DBInterfaceMysql::query: successfully!
  INFO root [2018-11-01 00:02:32,861] - DBInterfaceMysql::query: successfully!
  INFO root [2018-11-01 00:02:32,861] - DBInterfaceMysql::query: successfully!
  INFO root [2018-11-01 00:02:32,861] - DBInterfaceMysql::query: successfully!
  INFO root [2018-11-01 00:02:32,861] - DBInterfaceMysql::query: successfully!
  INFO root [2018-11-01 00:02:32,862] - DBInterfaceMysql::query: successfully!
  INFO root [2018-11-01 00:02:32,862] - DBInterfaceMysql::query: successfully!
  INFO root [2018-11-01 00:02:32,862] - DBInterfaceMysql::query: successfully!
  INFO root [2018-11-01 00:02:32,862] - DBInterfaceMysql::query: successfully!
  WARN root [2018-11-01 00:02:32,900] - e:\kbengine\kbe\src\server\dbmgr\dbmgr.cpp:275: Profile scriptCall took 0.50 seconds
  INFO root [2018-11-01 00:02:33,185] - ---- dbmgr is running ----
 DEBUG root [2018-11-01 00:02:33,185] - Components::process(): Request for the process of identity...
  INFO root [2018-11-01 00:02:40,318] - Components::findComponents: find logger(1)...
  INFO root [2018-11-01 00:02:40,335] - Components::findComponents: found logger, addr:192.168.0.107:49666
  INFO root [2018-11-01 00:02:40,335] - Components::addComponent: reset orderLog, uid=16037!
  INFO root [2018-11-01 00:02:40,336] - Components::addComponent[logger], uid=16037, componentID=2000, globalorderid=1, grouporderid=1, totalcount=1
  WARN root [2018-11-01 00:02:40,338] - Forwarding logs to logger[192.168.0.107:49666/0/0/0]...
 ERROR root [2018-11-01 00:25:35,232] - Components::removeComponentByChannel: loginapp : 9000, Abnormal exit! errorno=10054
 ERROR root [2018-11-01 00:25:35,249] - Components::removeComponentByChannel: cellapp : 8001, Abnormal exit! errorno=10054
 ERROR root [2018-11-01 00:25:35,284] - Components::removeComponentByChannel: baseapp : 7001, Abnormal exit! errorno=10054
 ERROR root [2018-11-01 00:25:35,297] - Components::removeComponentByChannel: cellappmgr : 6000, Abnormal exit! errorno=10054
  INFO root [2018-11-01 22:35:45,323] - 
  INFO root [2018-11-01 22:35:45,500] - -----------------------------------------------------------------------------------------


  INFO root [2018-11-01 22:35:46,164] - Resmgr::initialize: KBE_ROOT=E:/kbengine/
  INFO root [2018-11-01 22:35:46,165] - Resmgr::initialize: KBE_RES_PATH=E:/kbengine/kbe/res/;E:/kbengine/assets/;E:/kbengine/assets/scripts/;E:/kbengine/assets/res/
  INFO root [2018-11-01 22:35:46,166] - Resmgr::initialize: KBE_BIN_PATH=E:/kbengine/kbe/bin/server/
  INFO root [2018-11-01 22:35:47,376] - NetworkInterface::initialize(INTERNAL): bound to all interfaces with default route interface on 192.168.0.107 ( 192.168.0.107:50014 )
  INFO root [2018-11-01 22:35:47,377] - NetworkInterface::initialize(INTERNAL): address 192.168.0.107:50014, SOMAXCONN=5.
  INFO root [2018-11-01 22:35:47,633] - server-configs:
  INFO root [2018-11-01 22:35:47,634] - 	internalAddr : 192.168.0.107:50014
  INFO root [2018-11-01 22:35:47,634] - 	componentID : 4000
  INFO root [2018-11-01 22:35:49,322] - ---- dbmgr Version: 2.0.0. ScriptVersion: 0.1.0. Protocol: F28F1C37BCC70CD27B77841D4A30E3D7. Config: Debug X86. Built: 15:52:44 Apr 29 2018. AppID: 4000. UID: 18977. PID: 3160 ----
  INFO root [2018-11-01 22:35:49,324] - Server : Intel(R) Xeon(R) CPU E3-1230 v3 @ 3.30GHz with 4194303kB RAM
  INFO root [2018-11-01 22:35:49,348] - ThreadPool::createThreadPool: creating  threadpool...
  INFO root [2018-11-01 22:35:49,423] - ThreadPool::createThreadPool: successfully(2), newThreadCount=1, normalMaxThreadCount=2, maxThreadCount=8
 DEBUG root [2018-11-01 22:35:53,610] - Script::install_py_dlls(): PyInit_pyexpat
 DEBUG root [2018-11-01 22:35:53,720] - Script::install_py_dlls(): PyInit__socket
 DEBUG root [2018-11-01 22:35:53,774] - Script::install_py_dlls(): PyInit__ssl
 DEBUG root [2018-11-01 22:35:54,786] - Script::install_py_dlls(): PyInit__hashlib
 DEBUG root [2018-11-01 22:35:54,810] - Script::install_py_dlls(): PyInit_select
 DEBUG root [2018-11-01 22:35:54,811] - Script::install_py_dlls(): PyInit__ctypes
 DEBUG root [2018-11-01 22:35:54,990] - Script::install_py_dlls(): PyInit__elementtree
 DEBUG root [2018-11-01 22:35:56,130] - Script::install_py_dlls(): PyInit_unicodedata
  INFO root [2018-11-01 22:35:58,553] - Script::install(): is successfully, Python=(3.4.2 (default, Apr 29 2018, 15:52:37) [MSC v.1913 32 bit (Intel)])!
  INFO root [2018-11-01 22:35:58,554] - Script::install(): KBExtra is successfully!
  INFO root [2018-11-01 22:36:00,206] - Dbmgr::initializeEnd: digest(7F4FC8296AD553545CD95B23EFF6238F)
S_INFO root [2018-11-01 22:36:00,207] - onDBMgrReady: bootstrapGroupIndex=0, bootstrapGlobalIndex=0
  INFO root [2018-11-01 22:36:00,286] - TelnetServer server is running on port 32000
  INFO root [2018-11-01 22:36:00,304] - Dbmgr::initInterfacesHandler: interfaces addr(127.0.0.1:30099), accountType:(interfaces), chargeType:(interfaces).
  WARN root [2018-11-01 22:36:00,914] - DBUtil::initialize: db(default) password is not encrypted!
please use password(rsa):
CBEEE7D553E48B8E4CA2C18254FDB3B00037204A54F39EB94875653AA4FD537BD8D5CA9EB391F992F697515B49A69D32FC9A337A35B591A2C43354719533F4D8A19F32DF207BB55D97B8BD91AA7373E77DAFBCAE7266164172C891FCFBDD8993E961B58EF4CF29E374DAFA574EF52632B4F9B43A3699005CB44D0957EC0C8173
 DEBUG root [2018-11-01 22:36:02,080] - DBInterfaceMysql::attach: connect: localhost:3306 starting...
 DEBUG root [2018-11-01 22:36:05,033] - DBInterfaceMysql::attach: successfully! addr: localhost:3306
  INFO root [2018-11-01 22:36:05,034] - DBUtil::createInterface[0x3ff4f4]: interface=default, dbtype=mysql, ip=localhost, port=3306, currdatabase=kbe, username=kbe, connected=yes.

  INFO root [2018-11-01 22:36:05,084] - ThreadPool::createThreadPool: creating  threadpool...
 DEBUG root [2018-11-01 22:36:05,085] - DBInterfaceMysql::attach: connect: localhost:3306 starting...
 DEBUG root [2018-11-01 22:36:05,086] - DBInterfaceMysql::attach: connect: localhost:3306 starting...
 DEBUG root [2018-11-01 22:36:05,087] - DBInterfaceMysql::attach: connect: localhost:3306 starting...
  INFO root [2018-11-01 22:36:05,088] - ThreadPool::createThreadPool: successfully(5), newThreadCount=5, normalMaxThreadCount=5, maxThreadCount=5
 DEBUG root [2018-11-01 22:36:05,089] - DBInterfaceMysql::attach: connect: localhost:3306 starting...
 DEBUG root [2018-11-01 22:36:05,090] - DBInterfaceMysql::attach: connect: localhost:3306 starting...
 DEBUG root [2018-11-01 22:36:05,091] - DBInterfaceMysql::attach: successfully! addr: localhost:3306
 DEBUG root [2018-11-01 22:36:05,092] - DBThread::onStart(): 0x244c50!
 DEBUG root [2018-11-01 22:36:05,094] - DBInterfaceMysql::attach: successfully! addr: localhost:3306
 DEBUG root [2018-11-01 22:36:05,095] - DBThread::onStart(): 0x244bc8!
 DEBUG root [2018-11-01 22:36:05,095] - DBInterfaceMysql::attach: successfully! addr: localhost:3306
 DEBUG root [2018-11-01 22:36:05,096] - DBThread::onStart(): 0x244cd8!
 DEBUG root [2018-11-01 22:36:05,096] - DBInterfaceMysql::attach: successfully! addr: localhost:3306
 DEBUG root [2018-11-01 22:36:05,097] - DBInterfaceMysql::attach: successfully! addr: localhost:3306
 DEBUG root [2018-11-01 22:36:05,097] - DBThread::onStart(): 0x244de8!
 DEBUG root [2018-11-01 22:36:05,097] - DBThread::onStart(): 0x244d60!
  INFO root [2018-11-01 22:36:05,474] - DBInterfaceMysql::query: successfully!
  INFO root [2018-11-01 22:36:05,479] - DBInterfaceMysql::query: successfully!
  INFO root [2018-11-01 22:36:05,698] - DBInterfaceMysql::query: successfully!
  INFO root [2018-11-01 22:36:05,816] - DBInterfaceMysql::query: successfully!
  INFO root [2018-11-01 22:36:06,298] - DBInterfaceMysql::query: successfully!
  INFO root [2018-11-01 22:36:06,299] - DBInterfaceMysql::query: successfully!
  WARN root [2018-11-01 22:36:06,322] - DBTask::process(): took 0.82 seconds
sql:(insert into kbe_serverlog (heartbeatTime, logger) values(1541082965,4000) ON DUPLICATE KEY UPDATE heartbeatTime=1541082965)
  WARN root [2018-11-01 22:36:06,324] - DBTask::process(): took 0.82 seconds
sql:(CREATE TABLE IF NOT EXISTS kbe_accountinfos (`accountName` varchar(128) not null, PRIMARY KEY idKey (`accountName`),`password` varchar(255),`bindata` blob,`email` varchar(191) not null, UNIQUE KEY `email` (`email`),`entityDBID` bigint(20) unsigned not null DEFAULT 0, UNIQUE KEY `entityDBID` (`entityDBID`),`flags` int unsigned not null DEFAULT 0,`deadline` bigint(20) not null DEFAULT 0,`regtime` bigint(20) not null DEFAULT 0,`lasttime` bigint(20) not null DEFAULT 0,`numlogin` int unsigned not null DEFAULT 0)ENGINE=InnoDB)
  WARN root [2018-11-01 22:36:06,345] - DBTask::process(): took 0.87 seconds
sql:(show index from tbl_CheckName)
  INFO root [2018-11-01 22:36:06,892] - DBInterfaceMysql::query: successfully!
  INFO root [2018-11-01 22:36:06,893] - DBInterfaceMysql::query: successfully!
  WARN root [2018-11-01 22:36:06,893] - DBTask::process(): took 1.41 seconds
sql:(delete from kbe_entitylog where logger in (4000))
  INFO root [2018-11-01 22:36:06,894] - DBInterfaceMysql::query: successfully!
  INFO root [2018-11-01 22:36:06,895] - DBInterfaceMysql::query: successfully!
  WARN root [2018-11-01 22:36:06,896] - DBTask::process(): took 1.42 seconds
sql:(delete from kbe_email_verification where logtime<1541079366 and type=3)
  WARN root [2018-11-01 22:36:06,897] - DBTask::process(): took 0.57 seconds
sql:(show index from tbl_Halls)
  WARN root [2018-11-01 22:36:06,898] - DBTask::process(): took 0.55 seconds
sql:(show index from tbl_Room)
  WARN root [2018-11-01 22:36:06,921] - e:\kbengine\kbe\src\server\dbmgr\dbmgr.cpp:275: Profile scriptCall took 6.71 seconds
  INFO root [2018-11-01 22:36:07,698] - ---- dbmgr is running ----
 DEBUG root [2018-11-01 22:36:07,785] - Components::process(): Request for the process of identity...
  WARN root [2018-11-01 22:36:14,658] - e:\kbengine\kbe\src\lib\network\event_dispatcher.cpp:153: Profile callSystemTimers took 0.33 seconds
  INFO root [2018-11-01 22:36:14,738] - ServerApp::onRegisterNewApp: uid:18977, username:, componentType:cellappmgr, componentID:6000, globalorderID=-1, grouporderID=-1, intaddr:192.168.0.107, intport:50012, extaddr:nonsupport, extport:0,  from 192.168.0.107:50043/0/0/0.
  INFO root [2018-11-01 22:36:14,738] - Components::addComponent: reset orderLog, uid=18977!
  INFO root [2018-11-01 22:36:14,738] - Components::addComponent[cellappmgr], uid=18977, componentID=6000, globalorderid=1, grouporderid=1, totalcount=1
  INFO root [2018-11-01 22:36:14,739] - ServerApp::onRegisterNewApp: uid:18977, username:, componentType:baseappmgr, componentID:5000, globalorderID=-1, grouporderID=-1, intaddr:192.168.0.107, intport:50015, extaddr:nonsupport, extport:0,  from 192.168.0.107:50045/0/0/0.
  INFO root [2018-11-01 22:36:14,739] - Components::addComponent[baseappmgr], uid=18977, componentID=5000, globalorderid=2, grouporderid=1, totalcount=1
  INFO root [2018-11-01 22:36:15,707] - Components::findComponents: find logger(1)...
  INFO root [2018-11-01 22:36:15,737] - Components::findComponents: found logger, addr:192.168.0.107:50011
  INFO root [2018-11-01 22:36:15,737] - Components::addComponent[logger], uid=18977, componentID=2000, globalorderid=3, grouporderid=1, totalcount=1
  WARN root [2018-11-01 22:36:15,788] - Forwarding logs to logger[192.168.0.107:50011/0/0/0]...
