  INFO root [2018-10-29 23:19:18,014] - 
  INFO root [2018-10-29 23:19:18,157] - -----------------------------------------------------------------------------------------


  INFO root [2018-10-29 23:19:19,552] - Resmgr::initialize: KBE_ROOT=E:/kbengine/
  INFO root [2018-10-29 23:19:19,553] - Resmgr::initialize: KBE_RES_PATH=E:/kbengine/kbe/res/;E:/kbengine/assets/;E:/kbengine/assets/scripts/;E:/kbengine/assets/res/
  INFO root [2018-10-29 23:19:19,554] - Resmgr::initialize: KBE_BIN_PATH=E:/kbengine/kbe/bin/server/
  INFO root [2018-10-29 23:19:20,150] - NetworkInterface::initialize(INTERNAL): bound to all interfaces with default route interface on 192.168.0.107 ( 192.168.0.107:62851 )
  INFO root [2018-10-29 23:19:20,152] - NetworkInterface::initialize(INTERNAL): address 192.168.0.107:62851, SOMAXCONN=5.
  INFO root [2018-10-29 23:19:20,153] - server-configs:
  INFO root [2018-10-29 23:19:20,153] - 	internalAddr : 192.168.0.107:62851
  INFO root [2018-10-29 23:19:20,154] - 	componentID : 4000
  INFO root [2018-10-29 23:19:21,797] - ---- dbmgr Version: 2.0.0. ScriptVersion: 0.1.0. Protocol: F28F1C37BCC70CD27B77841D4A30E3D7. Config: Debug X86. Built: 15:52:44 Apr 29 2018. AppID: 4000. UID: 285. PID: 7176 ----
  INFO root [2018-10-29 23:19:21,799] - Server : Intel(R) Xeon(R) CPU E3-1230 v3 @ 3.30GHz with 4194303kB RAM
  INFO root [2018-10-29 23:19:21,856] - ThreadPool::createThreadPool: creating  threadpool...
  INFO root [2018-10-29 23:19:22,115] - ThreadPool::createThreadPool: successfully(2), newThreadCount=1, normalMaxThreadCount=2, maxThreadCount=8
 DEBUG root [2018-10-29 23:19:25,652] - Script::install_py_dlls(): PyInit_pyexpat
 DEBUG root [2018-10-29 23:19:25,710] - Script::install_py_dlls(): PyInit__socket
 DEBUG root [2018-10-29 23:19:25,871] - Script::install_py_dlls(): PyInit__ssl
 DEBUG root [2018-10-29 23:19:26,926] - Script::install_py_dlls(): PyInit__hashlib
 DEBUG root [2018-10-29 23:19:26,967] - Script::install_py_dlls(): PyInit_select
 DEBUG root [2018-10-29 23:19:26,980] - Script::install_py_dlls(): PyInit__ctypes
 DEBUG root [2018-10-29 23:19:27,006] - Script::install_py_dlls(): PyInit__elementtree
 DEBUG root [2018-10-29 23:19:28,147] - Script::install_py_dlls(): PyInit_unicodedata
  INFO root [2018-10-29 23:19:29,901] - Script::install(): is successfully, Python=(3.4.2 (default, Apr 29 2018, 15:52:37) [MSC v.1913 32 bit (Intel)])!
  INFO root [2018-10-29 23:19:29,902] - Script::install(): KBExtra is successfully!
  INFO root [2018-10-29 23:19:31,333] - Dbmgr::initializeEnd: digest(7F4FC8296AD553545CD95B23EFF6238F)
S_INFO root [2018-10-29 23:19:31,334] - onDBMgrReady: bootstrapGroupIndex=0, bootstrapGlobalIndex=0
  INFO root [2018-10-29 23:19:31,485] - TelnetServer server is running on port 32000
  INFO root [2018-10-29 23:19:31,537] - Dbmgr::initInterfacesHandler: interfaces addr(127.0.0.1:30099), accountType:(interfaces), chargeType:(interfaces).
  WARN root [2018-10-29 23:19:32,205] - DBUtil::initialize: db(default) password is not encrypted!
please use password(rsa):
02CE6B3B16F662CFE0766D3EFED02DE22D5901A11290F019C0A169B1A1654C1E92CB2277CEB6032E0095B7C109BB22AB10775246F936B30D3E18DB21843E36AF361A5343F1D69DF72B00882292FDB41C0BBFD2820EE245D4752C64014FB824FFBAFF2D93C5D8642F8128FA43D98E7162AD9B2C488F4602767A839274493DBC8A
 DEBUG root [2018-10-29 23:19:34,095] - DBInterfaceMysql::attach: connect: localhost:3306 starting...
 DEBUG root [2018-10-29 23:19:35,974] - DBInterfaceMysql::attach: successfully! addr: localhost:3306
  INFO root [2018-10-29 23:19:35,975] - DBUtil::createInterface[0x2bf508]: interface=default, dbtype=mysql, ip=localhost, port=3306, currdatabase=kbe, username=kbe, connected=yes.

  INFO root [2018-10-29 23:19:36,008] - ThreadPool::createThreadPool: creating  threadpool...
 DEBUG root [2018-10-29 23:19:36,010] - DBInterfaceMysql::attach: connect: localhost:3306 starting...
 DEBUG root [2018-10-29 23:19:36,011] - DBInterfaceMysql::attach: connect: localhost:3306 starting...
  INFO root [2018-10-29 23:19:36,011] - ThreadPool::createThreadPool: successfully(5), newThreadCount=5, normalMaxThreadCount=5, maxThreadCount=5
 DEBUG root [2018-10-29 23:19:36,012] - DBInterfaceMysql::attach: connect: localhost:3306 starting...
 DEBUG root [2018-10-29 23:19:36,013] - DBInterfaceMysql::attach: connect: localhost:3306 starting...
 DEBUG root [2018-10-29 23:19:36,013] - DBInterfaceMysql::attach: connect: localhost:3306 starting...
 DEBUG root [2018-10-29 23:19:36,018] - DBInterfaceMysql::attach: successfully! addr: localhost:3306
 DEBUG root [2018-10-29 23:19:36,018] - DBThread::onStart(): 0x1a14c60!
 DEBUG root [2018-10-29 23:19:36,018] - DBInterfaceMysql::attach: successfully! addr: localhost:3306
 DEBUG root [2018-10-29 23:19:36,018] - DBThread::onStart(): 0x1a14bd8!
 DEBUG root [2018-10-29 23:19:36,019] - DBInterfaceMysql::attach: successfully! addr: localhost:3306
 DEBUG root [2018-10-29 23:19:36,019] - DBThread::onStart(): 0x1a14d70!
 DEBUG root [2018-10-29 23:19:36,019] - DBInterfaceMysql::attach: successfully! addr: localhost:3306
 DEBUG root [2018-10-29 23:19:36,019] - DBThread::onStart(): 0x1a14df8!
 DEBUG root [2018-10-29 23:19:36,020] - DBInterfaceMysql::attach: successfully! addr: localhost:3306
 DEBUG root [2018-10-29 23:19:36,020] - DBThread::onStart(): 0x1a14ce8!
  INFO root [2018-10-29 23:19:36,259] - DBInterfaceMysql::query: successfully!
  INFO root [2018-10-29 23:19:36,261] - DBInterfaceMysql::query: successfully!
  INFO root [2018-10-29 23:19:36,572] - DBInterfaceMysql::query: successfully!
  INFO root [2018-10-29 23:19:36,688] - DBInterfaceMysql::query: successfully!
  WARN root [2018-10-29 23:19:36,696] - DBTask::process(): took 0.39 seconds
sql:(show index from tbl_CheckName)
  WARN root [2018-10-29 23:19:36,697] - DBTask::process(): took 0.43 seconds
sql:(CREATE TABLE IF NOT EXISTS kbe_accountinfos (`accountName` varchar(128) not null, PRIMARY KEY idKey (`accountName`),`password` varchar(255),`bindata` blob,`email` varchar(191) not null, UNIQUE KEY `email` (`email`),`entityDBID` bigint(20) unsigned not null DEFAULT 0, UNIQUE KEY `entityDBID` (`entityDBID`),`flags` int unsigned not null DEFAULT 0,`deadline` bigint(20) not null DEFAULT 0,`regtime` bigint(20) not null DEFAULT 0,`lasttime` bigint(20) not null DEFAULT 0,`numlogin` int unsigned not null DEFAULT 0)ENGINE=InnoDB)
  INFO root [2018-10-29 23:19:36,738] - DBInterfaceMysql::query: successfully!
  INFO root [2018-10-29 23:19:36,968] - DBInterfaceMysql::query: successfully!
  INFO root [2018-10-29 23:19:37,403] - DBInterfaceMysql::query: successfully!
  INFO root [2018-10-29 23:19:37,405] - DBInterfaceMysql::query: successfully!
  INFO root [2018-10-29 23:19:37,406] - DBInterfaceMysql::query: successfully!
  WARN root [2018-10-29 23:19:37,406] - DBTask::process(): took 0.71 seconds
sql:(show index from tbl_Halls)
  WARN root [2018-10-29 23:19:37,407] - DBTask::process(): took 1.14 seconds
sql:(delete from kbe_email_verification where logtime<1540822777 and type=3)
  WARN root [2018-10-29 23:19:37,408] - DBTask::process(): took 0.71 seconds
sql:(show index from tbl_Account)
  WARN root [2018-10-29 23:19:37,609] - DBTask::process(): took 1.35 seconds
sql:(insert into kbe_serverlog (heartbeatTime, logger) values(1540826376,4000) ON DUPLICATE KEY UPDATE heartbeatTime=1540826376)
  INFO root [2018-10-29 23:19:37,689] - DBInterfaceMysql::query: successfully!
  WARN root [2018-10-29 23:19:37,690] - DBTask::process(): took 1.43 seconds
sql:(delete from kbe_entitylog where logger in (4000))
  WARN root [2018-10-29 23:19:37,781] - DBTask::process(): delay 1.15 seconds, try adjusting the kbengine[_defs].xml(numConnections) and MySQL(my.cnf->max_connections or innodb_flush_log_at_trx_commit)!
sql:(show index from tbl_Room)
  WARN root [2018-10-29 23:19:37,782] - DBTask::process(): took 0.37 seconds
sql:(show index from tbl_Room)
  WARN root [2018-10-29 23:19:37,803] - e:\kbengine\kbe\src\server\dbmgr\dbmgr.cpp:275: Profile scriptCall took 6.47 seconds
  INFO root [2018-10-29 23:19:38,202] - ---- dbmgr is running ----
 DEBUG root [2018-10-29 23:19:38,203] - Components::process(): Request for the process of identity...
  WARN root [2018-10-29 23:19:44,552] - e:\kbengine\kbe\src\lib\network\event_dispatcher.cpp:153: Profile callSystemTimers took 0.13 seconds
  INFO root [2018-10-29 23:19:44,654] - ServerApp::onRegisterNewApp: uid:285, username:, componentType:cellappmgr, componentID:6000, globalorderID=-1, grouporderID=-1, intaddr:192.168.0.107, intport:62850, extaddr:nonsupport, extport:0,  from 192.168.0.107:62872/0/0/0.
  INFO root [2018-10-29 23:19:44,654] - Components::addComponent: reset orderLog, uid=285!
  INFO root [2018-10-29 23:19:44,655] - Components::addComponent[cellappmgr], uid=285, componentID=6000, globalorderid=1, grouporderid=1, totalcount=1
  INFO root [2018-10-29 23:19:44,656] - ServerApp::onRegisterNewApp: uid:285, username:, componentType:baseappmgr, componentID:5000, globalorderID=-1, grouporderID=-1, intaddr:192.168.0.107, intport:62853, extaddr:nonsupport, extport:0,  from 192.168.0.107:62874/0/0/0.
  INFO root [2018-10-29 23:19:44,657] - Components::addComponent[baseappmgr], uid=285, componentID=5000, globalorderid=2, grouporderid=1, totalcount=1
  INFO root [2018-10-29 23:19:45,605] - Components::findComponents: find logger(1)...
  INFO root [2018-10-29 23:19:45,692] - Components::findComponents: found logger, addr:192.168.0.107:62849
  INFO root [2018-10-29 23:19:45,693] - Components::addComponent[logger], uid=285, componentID=2000, globalorderid=3, grouporderid=1, totalcount=1
  WARN root [2018-10-29 23:19:45,745] - Forwarding logs to logger[192.168.0.107:62849/0/0/0]...
 ERROR root [2018-10-29 23:36:02,164] - Components::removeComponentByChannel: logger : 2000, Abnormal exit! errorno=10054
  INFO root [2018-10-29 23:36:02,165] - The following logs sent to logger failed:
  WARN root [2018-10-29 23:36:02,165] - ==> [2018-10-29 23:36:02 163] TCPPacketReceiver::processPendingEvents(192.168.0.107:62849): Throwing REASON_GENERAL_NETWORK - WSAECONNRESET
 ERROR root [2018-10-29 23:36:02,166] - ==> [2018-10-29 23:36:02 164] Components::removeComponentByChannel: logger : 2000, Abnormal exit! errorno=10054
  INFO root [2018-10-29 23:36:03,263] - 
  INFO root [2018-10-29 23:36:03,264] - -----------------------------------------------------------------------------------------


  INFO root [2018-10-29 23:36:03,264] - Resmgr::initialize: KBE_ROOT=E:/kbengine/
  INFO root [2018-10-29 23:36:03,265] - Resmgr::initialize: KBE_RES_PATH=E:/kbengine/kbe/res/;E:/kbengine/assets/;E:/kbengine/assets/scripts/;E:/kbengine/assets/res/
  INFO root [2018-10-29 23:36:03,265] - Resmgr::initialize: KBE_BIN_PATH=E:/kbengine/kbe/bin/server/
  INFO root [2018-10-29 23:36:03,285] - NetworkInterface::initialize(INTERNAL): bound to all interfaces with default route interface on 192.168.0.107 ( 192.168.0.107:63155 )
  INFO root [2018-10-29 23:36:03,285] - NetworkInterface::initialize(INTERNAL): address 192.168.0.107:63155, SOMAXCONN=5.
  INFO root [2018-10-29 23:36:03,286] - server-configs:
  INFO root [2018-10-29 23:36:03,286] - 	internalAddr : 192.168.0.107:63155
  INFO root [2018-10-29 23:36:03,286] - 	componentID : 4000
  INFO root [2018-10-29 23:36:04,805] - ---- dbmgr Version: 2.0.0. ScriptVersion: 0.1.0. Protocol: F28F1C37BCC70CD27B77841D4A30E3D7. Config: Debug X86. Built: 15:52:44 Apr 29 2018. AppID: 4000. UID: 3619. PID: 7004 ----
  INFO root [2018-10-29 23:36:04,807] - Server : Intel(R) Xeon(R) CPU E3-1230 v3 @ 3.30GHz with 4194303kB RAM
  INFO root [2018-10-29 23:36:04,808] - ThreadPool::createThreadPool: creating  threadpool...
  INFO root [2018-10-29 23:36:04,809] - ThreadPool::createThreadPool: successfully(2), newThreadCount=1, normalMaxThreadCount=2, maxThreadCount=8
 DEBUG root [2018-10-29 23:36:04,971] - Script::install_py_dlls(): PyInit_pyexpat
 DEBUG root [2018-10-29 23:36:04,971] - Script::install_py_dlls(): PyInit__socket
 DEBUG root [2018-10-29 23:36:04,971] - Script::install_py_dlls(): PyInit__ssl
 DEBUG root [2018-10-29 23:36:04,974] - Script::install_py_dlls(): PyInit__hashlib
 DEBUG root [2018-10-29 23:36:04,975] - Script::install_py_dlls(): PyInit_select
 DEBUG root [2018-10-29 23:36:04,975] - Script::install_py_dlls(): PyInit__ctypes
 DEBUG root [2018-10-29 23:36:04,975] - Script::install_py_dlls(): PyInit__elementtree
 DEBUG root [2018-10-29 23:36:05,002] - Script::install_py_dlls(): PyInit_unicodedata
  INFO root [2018-10-29 23:36:05,028] - Script::install(): is successfully, Python=(3.4.2 (default, Apr 29 2018, 15:52:37) [MSC v.1913 32 bit (Intel)])!
  INFO root [2018-10-29 23:36:05,028] - Script::install(): KBExtra is successfully!
  INFO root [2018-10-29 23:36:05,046] - Dbmgr::initializeEnd: digest(7F4FC8296AD553545CD95B23EFF6238F)
S_INFO root [2018-10-29 23:36:05,046] - onDBMgrReady: bootstrapGroupIndex=0, bootstrapGlobalIndex=0
  INFO root [2018-10-29 23:36:05,046] - TelnetServer server is running on port 32000
  INFO root [2018-10-29 23:36:05,047] - Dbmgr::initInterfacesHandler: interfaces addr(127.0.0.1:30099), accountType:(interfaces), chargeType:(interfaces).
  WARN root [2018-10-29 23:36:05,339] - DBUtil::initialize: db(default) password is not encrypted!
please use password(rsa):
5842B0EB3C1F69796F021B705B30C75EAED2F0425CA78382BE4B4D0320C507F8485F5A52174132E21F2D54A996A3F5F822F4E7C3308535003C49B3FA87D50BAA42E7DE62BB52BEB180C0EDE3FD0958C36972ED64890320C587CE51592C03DB07B16641A48616032436D29AB01D5FFBF3DE42D12CADDEFC489499EB95D4159CFD
 DEBUG root [2018-10-29 23:36:05,341] - DBInterfaceMysql::attach: connect: localhost:3306 starting...
 DEBUG root [2018-10-29 23:36:05,342] - DBInterfaceMysql::attach: successfully! addr: localhost:3306
  INFO root [2018-10-29 23:36:05,343] - DBUtil::createInterface[0x1df078]: interface=default, dbtype=mysql, ip=localhost, port=3306, currdatabase=kbe, username=kbe, connected=yes.

  INFO root [2018-10-29 23:36:05,343] - ThreadPool::createThreadPool: creating  threadpool...
 DEBUG root [2018-10-29 23:36:05,343] - DBInterfaceMysql::attach: connect: localhost:3306 starting...
 DEBUG root [2018-10-29 23:36:05,343] - DBInterfaceMysql::attach: connect: localhost:3306 starting...
 DEBUG root [2018-10-29 23:36:05,343] - DBInterfaceMysql::attach: connect: localhost:3306 starting...
  INFO root [2018-10-29 23:36:05,344] - ThreadPool::createThreadPool: successfully(5), newThreadCount=5, normalMaxThreadCount=5, maxThreadCount=5
 DEBUG root [2018-10-29 23:36:05,344] - DBInterfaceMysql::attach: connect: localhost:3306 starting...
 DEBUG root [2018-10-29 23:36:05,344] - DBInterfaceMysql::attach: connect: localhost:3306 starting...
 DEBUG root [2018-10-29 23:36:05,344] - DBInterfaceMysql::attach: successfully! addr: localhost:3306
 DEBUG root [2018-10-29 23:36:05,345] - DBInterfaceMysql::attach: successfully! addr: localhost:3306
 DEBUG root [2018-10-29 23:36:05,345] - DBThread::onStart(): 0x463a10!
 DEBUG root [2018-10-29 23:36:05,345] - DBThread::onStart(): 0x463a98!
 DEBUG root [2018-10-29 23:36:05,345] - DBInterfaceMysql::attach: successfully! addr: localhost:3306
 DEBUG root [2018-10-29 23:36:05,345] - DBThread::onStart(): 0x463b20!
 DEBUG root [2018-10-29 23:36:05,346] - DBInterfaceMysql::attach: successfully! addr: localhost:3306
 DEBUG root [2018-10-29 23:36:05,346] - DBInterfaceMysql::attach: successfully! addr: localhost:3306
 DEBUG root [2018-10-29 23:36:05,346] - DBThread::onStart(): 0x463ba8!
 DEBUG root [2018-10-29 23:36:05,346] - DBThread::onStart(): 0x463c30!
  INFO root [2018-10-29 23:36:05,445] - DBInterfaceMysql::query: successfully!
  INFO root [2018-10-29 23:36:05,446] - DBInterfaceMysql::query: successfully!
  INFO root [2018-10-29 23:36:05,447] - DBInterfaceMysql::query: successfully!
  INFO root [2018-10-29 23:36:05,447] - DBInterfaceMysql::query: successfully!
  INFO root [2018-10-29 23:36:05,447] - DBInterfaceMysql::query: successfully!
  INFO root [2018-10-29 23:36:05,447] - DBInterfaceMysql::query: successfully!
  INFO root [2018-10-29 23:36:05,447] - DBInterfaceMysql::query: successfully!
  INFO root [2018-10-29 23:36:05,448] - DBInterfaceMysql::query: successfully!
  INFO root [2018-10-29 23:36:05,448] - DBInterfaceMysql::query: successfully!
  INFO root [2018-10-29 23:36:05,448] - DBInterfaceMysql::query: successfully!
  WARN root [2018-10-29 23:36:05,496] - e:\kbengine\kbe\src\server\dbmgr\dbmgr.cpp:275: Profile scriptCall took 0.45 seconds
  INFO root [2018-10-29 23:36:05,777] - ---- dbmgr is running ----
 DEBUG root [2018-10-29 23:36:05,777] - Components::process(): Request for the process of identity...
  INFO root [2018-10-29 23:36:12,866] - Components::findComponents: find logger(1)...
  INFO root [2018-10-29 23:36:12,943] - Components::findComponents: found logger, addr:192.168.0.107:63160
  INFO root [2018-10-29 23:36:12,944] - Components::addComponent: reset orderLog, uid=3619!
  INFO root [2018-10-29 23:36:12,945] - Components::addComponent[logger], uid=3619, componentID=2000, globalorderid=1, grouporderid=1, totalcount=1
  WARN root [2018-10-29 23:36:12,947] - Forwarding logs to logger[192.168.0.107:63160/0/0/0]...
 ERROR root [2018-10-29 23:38:15,628] - Components::removeComponentByChannel: logger : 2000, Abnormal exit! errorno=10054
  INFO root [2018-10-29 23:38:15,633] - The following logs sent to logger failed:
  WARN root [2018-10-29 23:38:15,633] - ==> [2018-10-29 23:38:15 628] TCPPacketReceiver::processPendingEvents(192.168.0.107:63160): Throwing REASON_GENERAL_NETWORK - WSAECONNRESET
 ERROR root [2018-10-29 23:38:15,633] - ==> [2018-10-29 23:38:15 628] Components::removeComponentByChannel: logger : 2000, Abnormal exit! errorno=10054
  INFO root [2018-10-29 23:38:16,757] - 
  INFO root [2018-10-29 23:38:16,758] - -----------------------------------------------------------------------------------------


  INFO root [2018-10-29 23:38:16,759] - Resmgr::initialize: KBE_ROOT=E:/kbengine/
  INFO root [2018-10-29 23:38:16,759] - Resmgr::initialize: KBE_RES_PATH=E:/kbengine/kbe/res/;E:/kbengine/assets/;E:/kbengine/assets/scripts/;E:/kbengine/assets/res/
  INFO root [2018-10-29 23:38:16,760] - Resmgr::initialize: KBE_BIN_PATH=E:/kbengine/kbe/bin/server/
  INFO root [2018-10-29 23:38:16,783] - NetworkInterface::initialize(INTERNAL): bound to all interfaces with default route interface on 192.168.0.107 ( 192.168.0.107:63210 )
  INFO root [2018-10-29 23:38:16,783] - NetworkInterface::initialize(INTERNAL): address 192.168.0.107:63210, SOMAXCONN=5.
  INFO root [2018-10-29 23:38:16,783] - server-configs:
  INFO root [2018-10-29 23:38:16,783] - 	internalAddr : 192.168.0.107:63210
  INFO root [2018-10-29 23:38:16,783] - 	componentID : 4000
  WARN root [2018-10-29 23:38:17,094] - BundleBroadcast::BundleBroadcast: Cannot bind to port 20278, errorno=10048
  INFO root [2018-10-29 23:38:17,097] - ---- dbmgr Version: 2.0.0. ScriptVersion: 0.1.0. Protocol: F28F1C37BCC70CD27B77841D4A30E3D7. Config: Debug X86. Built: 15:52:44 Apr 29 2018. AppID: 4000. UID: 4053. PID: 3724 ----
  INFO root [2018-10-29 23:38:17,098] - Server : Intel(R) Xeon(R) CPU E3-1230 v3 @ 3.30GHz with 4194303kB RAM
  INFO root [2018-10-29 23:38:17,098] - ThreadPool::createThreadPool: creating  threadpool...
  INFO root [2018-10-29 23:38:17,098] - ThreadPool::createThreadPool: successfully(2), newThreadCount=1, normalMaxThreadCount=2, maxThreadCount=8
 DEBUG root [2018-10-29 23:38:17,224] - Script::install_py_dlls(): PyInit_pyexpat
 DEBUG root [2018-10-29 23:38:17,224] - Script::install_py_dlls(): PyInit__socket
 DEBUG root [2018-10-29 23:38:17,224] - Script::install_py_dlls(): PyInit__ssl
 DEBUG root [2018-10-29 23:38:17,227] - Script::install_py_dlls(): PyInit__hashlib
 DEBUG root [2018-10-29 23:38:17,227] - Script::install_py_dlls(): PyInit_select
 DEBUG root [2018-10-29 23:38:17,228] - Script::install_py_dlls(): PyInit__ctypes
 DEBUG root [2018-10-29 23:38:17,228] - Script::install_py_dlls(): PyInit__elementtree
 DEBUG root [2018-10-29 23:38:17,254] - Script::install_py_dlls(): PyInit_unicodedata
  INFO root [2018-10-29 23:38:17,283] - Script::install(): is successfully, Python=(3.4.2 (default, Apr 29 2018, 15:52:37) [MSC v.1913 32 bit (Intel)])!
  INFO root [2018-10-29 23:38:17,283] - Script::install(): KBExtra is successfully!
  INFO root [2018-10-29 23:38:17,300] - Dbmgr::initializeEnd: digest(7F4FC8296AD553545CD95B23EFF6238F)
S_INFO root [2018-10-29 23:38:17,300] - onDBMgrReady: bootstrapGroupIndex=0, bootstrapGlobalIndex=0
  INFO root [2018-10-29 23:38:17,300] - TelnetServer server is running on port 32000
  INFO root [2018-10-29 23:38:17,301] - Dbmgr::initInterfacesHandler: interfaces addr(127.0.0.1:30099), accountType:(interfaces), chargeType:(interfaces).
  WARN root [2018-10-29 23:38:17,585] - DBUtil::initialize: db(default) password is not encrypted!
please use password(rsa):
362DF926EA26D04BED40E5DE90ADB592F2B09F6DFF97B91A484281FFB565F64968AA28A5EBB1F5EF522112CF18541ABBEFABC22B524C0D941F34A94EA9CC40C8EDCC0B7A16A5AB1C7F398B67C83B4AFFDEEFC3866FCBEE1C2C4FCF5E102124F85A30A259B785D153468225D107C136A9D7D117831D9A07C14E21FDA712C40AB9
 DEBUG root [2018-10-29 23:38:17,586] - DBInterfaceMysql::attach: connect: localhost:3306 starting...
 DEBUG root [2018-10-29 23:38:17,588] - DBInterfaceMysql::attach: successfully! addr: localhost:3306
  INFO root [2018-10-29 23:38:17,588] - DBUtil::createInterface[0x15ef90]: interface=default, dbtype=mysql, ip=localhost, port=3306, currdatabase=kbe, username=kbe, connected=yes.

  INFO root [2018-10-29 23:38:17,588] - ThreadPool::createThreadPool: creating  threadpool...
 DEBUG root [2018-10-29 23:38:17,589] - DBInterfaceMysql::attach: connect: localhost:3306 starting...
 DEBUG root [2018-10-29 23:38:17,589] - DBInterfaceMysql::attach: connect: localhost:3306 starting...
  INFO root [2018-10-29 23:38:17,589] - ThreadPool::createThreadPool: successfully(5), newThreadCount=5, normalMaxThreadCount=5, maxThreadCount=5
 DEBUG root [2018-10-29 23:38:17,589] - DBInterfaceMysql::attach: connect: localhost:3306 starting...
 DEBUG root [2018-10-29 23:38:17,589] - DBInterfaceMysql::attach: connect: localhost:3306 starting...
 DEBUG root [2018-10-29 23:38:17,590] - DBInterfaceMysql::attach: connect: localhost:3306 starting...
 DEBUG root [2018-10-29 23:38:17,590] - DBInterfaceMysql::attach: successfully! addr: localhost:3306
 DEBUG root [2018-10-29 23:38:17,590] - DBThread::onStart(): 0x333c30!
 DEBUG root [2018-10-29 23:38:17,590] - DBInterfaceMysql::attach: successfully! addr: localhost:3306
 DEBUG root [2018-10-29 23:38:17,590] - DBThread::onStart(): 0x333a98!
 DEBUG root [2018-10-29 23:38:17,591] - DBInterfaceMysql::attach: successfully! addr: localhost:3306
 DEBUG root [2018-10-29 23:38:17,591] - DBThread::onStart(): 0x333ba8!
 DEBUG root [2018-10-29 23:38:17,591] - DBInterfaceMysql::attach: successfully! addr: localhost:3306
 DEBUG root [2018-10-29 23:38:17,591] - DBThread::onStart(): 0x333a10!
 DEBUG root [2018-10-29 23:38:17,591] - DBInterfaceMysql::attach: successfully! addr: localhost:3306
 DEBUG root [2018-10-29 23:38:17,591] - DBThread::onStart(): 0x333b20!
  INFO root [2018-10-29 23:38:17,690] - DBInterfaceMysql::query: successfully!
  INFO root [2018-10-29 23:38:17,691] - DBInterfaceMysql::query: successfully!
  INFO root [2018-10-29 23:38:17,692] - DBInterfaceMysql::query: successfully!
  INFO root [2018-10-29 23:38:17,692] - DBInterfaceMysql::query: successfully!
  INFO root [2018-10-29 23:38:17,692] - DBInterfaceMysql::query: successfully!
  INFO root [2018-10-29 23:38:17,693] - DBInterfaceMysql::query: successfully!
  INFO root [2018-10-29 23:38:17,693] - DBInterfaceMysql::query: successfully!
  INFO root [2018-10-29 23:38:17,693] - DBInterfaceMysql::query: successfully!
  INFO root [2018-10-29 23:38:17,693] - DBInterfaceMysql::query: successfully!
  INFO root [2018-10-29 23:38:17,748] - DBInterfaceMysql::query: successfully!
  WARN root [2018-10-29 23:38:17,762] - e:\kbengine\kbe\src\server\dbmgr\dbmgr.cpp:275: Profile scriptCall took 0.46 seconds
  INFO root [2018-10-29 23:38:18,047] - ---- dbmgr is running ----
 DEBUG root [2018-10-29 23:38:18,047] - Components::process(): Request for the process of identity...
  INFO root [2018-10-29 23:38:25,140] - Components::findComponents: find logger(1)...
  INFO root [2018-10-29 23:38:25,235] - Components::findComponents: found logger, addr:192.168.0.107:63206
  INFO root [2018-10-29 23:38:25,235] - Components::addComponent: reset orderLog, uid=4053!
  INFO root [2018-10-29 23:38:25,236] - Components::addComponent[logger], uid=4053, componentID=2000, globalorderid=1, grouporderid=1, totalcount=1
  WARN root [2018-10-29 23:38:25,238] - Forwarding logs to logger[192.168.0.107:63206/0/0/0]...
 ERROR root [2018-10-29 23:42:16,740] - Components::removeComponentByChannel: logger : 2000, Abnormal exit! errorno=10054
  INFO root [2018-10-29 23:42:16,744] - The following logs sent to logger failed:
  WARN root [2018-10-29 23:42:16,744] - ==> [2018-10-29 23:42:16 738] TCPPacketReceiver::processPendingEvents(192.168.0.107:63206): Throwing REASON_GENERAL_NETWORK - WSAECONNRESET
 ERROR root [2018-10-29 23:42:16,744] - ==> [2018-10-29 23:42:16 740] Components::removeComponentByChannel: logger : 2000, Abnormal exit! errorno=10054
  INFO root [2018-10-29 23:42:17,854] - 
  INFO root [2018-10-29 23:42:17,854] - -----------------------------------------------------------------------------------------


  INFO root [2018-10-29 23:42:17,855] - Resmgr::initialize: KBE_ROOT=E:/kbengine/
  INFO root [2018-10-29 23:42:17,855] - Resmgr::initialize: KBE_RES_PATH=E:/kbengine/kbe/res/;E:/kbengine/assets/;E:/kbengine/assets/scripts/;E:/kbengine/assets/res/
  INFO root [2018-10-29 23:42:17,855] - Resmgr::initialize: KBE_BIN_PATH=E:/kbengine/kbe/bin/server/
  INFO root [2018-10-29 23:42:17,858] - NetworkInterface::initialize(INTERNAL): bound to all interfaces with default route interface on 192.168.0.107 ( 192.168.0.107:63307 )
  INFO root [2018-10-29 23:42:17,858] - NetworkInterface::initialize(INTERNAL): address 192.168.0.107:63307, SOMAXCONN=5.
  INFO root [2018-10-29 23:42:17,858] - server-configs:
  INFO root [2018-10-29 23:42:17,858] - 	internalAddr : 192.168.0.107:63307
  INFO root [2018-10-29 23:42:17,858] - 	componentID : 4000
  WARN root [2018-10-29 23:42:18,169] - BundleBroadcast::BundleBroadcast: Cannot bind to port 20073, errorno=10048
  INFO root [2018-10-29 23:42:18,172] - ---- dbmgr Version: 2.0.0. ScriptVersion: 0.1.0. Protocol: F28F1C37BCC70CD27B77841D4A30E3D7. Config: Debug X86. Built: 15:52:44 Apr 29 2018. AppID: 4000. UID: 4840. PID: 1668 ----
  INFO root [2018-10-29 23:42:18,173] - Server : Intel(R) Xeon(R) CPU E3-1230 v3 @ 3.30GHz with 4194303kB RAM
  INFO root [2018-10-29 23:42:18,173] - ThreadPool::createThreadPool: creating  threadpool...
  INFO root [2018-10-29 23:42:18,173] - ThreadPool::createThreadPool: successfully(2), newThreadCount=1, normalMaxThreadCount=2, maxThreadCount=8
 DEBUG root [2018-10-29 23:42:18,298] - Script::install_py_dlls(): PyInit_pyexpat
 DEBUG root [2018-10-29 23:42:18,299] - Script::install_py_dlls(): PyInit__socket
 DEBUG root [2018-10-29 23:42:18,299] - Script::install_py_dlls(): PyInit__ssl
 DEBUG root [2018-10-29 23:42:18,302] - Script::install_py_dlls(): PyInit__hashlib
 DEBUG root [2018-10-29 23:42:18,302] - Script::install_py_dlls(): PyInit_select
 DEBUG root [2018-10-29 23:42:18,302] - Script::install_py_dlls(): PyInit__ctypes
 DEBUG root [2018-10-29 23:42:18,303] - Script::install_py_dlls(): PyInit__elementtree
 DEBUG root [2018-10-29 23:42:18,329] - Script::install_py_dlls(): PyInit_unicodedata
  INFO root [2018-10-29 23:42:18,356] - Script::install(): is successfully, Python=(3.4.2 (default, Apr 29 2018, 15:52:37) [MSC v.1913 32 bit (Intel)])!
  INFO root [2018-10-29 23:42:18,357] - Script::install(): KBExtra is successfully!
  INFO root [2018-10-29 23:42:18,375] - Dbmgr::initializeEnd: digest(7F4FC8296AD553545CD95B23EFF6238F)
S_INFO root [2018-10-29 23:42:18,375] - onDBMgrReady: bootstrapGroupIndex=0, bootstrapGlobalIndex=0
  INFO root [2018-10-29 23:42:18,375] - TelnetServer server is running on port 32000
  INFO root [2018-10-29 23:42:18,376] - Dbmgr::initInterfacesHandler: interfaces addr(127.0.0.1:30099), accountType:(interfaces), chargeType:(interfaces).
  WARN root [2018-10-29 23:42:18,661] - DBUtil::initialize: db(default) password is not encrypted!
please use password(rsa):
A9DA801F633BAC36EF4AAD89E8C1F6B4C107652E1D7CBD48A4DA729494517D3F4C58F0B31DAB29AEE2BA60ADEBA7C5A5EF9B4BF42983C687DC76506B68AA06002D1A672230193A4127D89D8C600B5575D0238F2C0CE19923663F78C3360EF2E43448A14FD108974E380C4C1881D44EAA0305C97BDC799736B8F4BFE445B09826
 DEBUG root [2018-10-29 23:42:18,663] - DBInterfaceMysql::attach: connect: localhost:3306 starting...
 DEBUG root [2018-10-29 23:42:18,665] - DBInterfaceMysql::attach: successfully! addr: localhost:3306
  INFO root [2018-10-29 23:42:18,665] - DBUtil::createInterface[0x43ef2c]: interface=default, dbtype=mysql, ip=localhost, port=3306, currdatabase=kbe, username=kbe, connected=yes.

  INFO root [2018-10-29 23:42:18,665] - ThreadPool::createThreadPool: creating  threadpool...
 DEBUG root [2018-10-29 23:42:18,665] - DBInterfaceMysql::attach: connect: localhost:3306 starting...
 DEBUG root [2018-10-29 23:42:18,665] - DBInterfaceMysql::attach: connect: localhost:3306 starting...
 DEBUG root [2018-10-29 23:42:18,666] - DBInterfaceMysql::attach: connect: localhost:3306 starting...
 DEBUG root [2018-10-29 23:42:18,666] - DBInterfaceMysql::attach: connect: localhost:3306 starting...
  INFO root [2018-10-29 23:42:18,666] - ThreadPool::createThreadPool: successfully(5), newThreadCount=5, normalMaxThreadCount=5, maxThreadCount=5
 DEBUG root [2018-10-29 23:42:18,666] - DBInterfaceMysql::attach: connect: localhost:3306 starting...
 DEBUG root [2018-10-29 23:42:18,667] - DBInterfaceMysql::attach: successfully! addr: localhost:3306
 DEBUG root [2018-10-29 23:42:18,667] - DBInterfaceMysql::attach: successfully! addr: localhost:3306
 DEBUG root [2018-10-29 23:42:18,667] - DBThread::onStart(): 0x803900!
 DEBUG root [2018-10-29 23:42:18,667] - DBThread::onStart(): 0x803988!
 DEBUG root [2018-10-29 23:42:18,667] - DBInterfaceMysql::attach: successfully! addr: localhost:3306
 DEBUG root [2018-10-29 23:42:18,667] - DBThread::onStart(): 0x803a98!
 DEBUG root [2018-10-29 23:42:18,668] - DBInterfaceMysql::attach: successfully! addr: localhost:3306
 DEBUG root [2018-10-29 23:42:18,668] - DBThread::onStart(): 0x803a10!
 DEBUG root [2018-10-29 23:42:18,668] - DBInterfaceMysql::attach: successfully! addr: localhost:3306
 DEBUG root [2018-10-29 23:42:18,668] - DBThread::onStart(): 0x803b20!
  INFO root [2018-10-29 23:42:18,771] - DBInterfaceMysql::query: successfully!
  INFO root [2018-10-29 23:42:18,776] - DBInterfaceMysql::query: successfully!
  INFO root [2018-10-29 23:42:18,778] - DBInterfaceMysql::query: successfully!
  INFO root [2018-10-29 23:42:18,778] - DBInterfaceMysql::query: successfully!
  INFO root [2018-10-29 23:42:18,779] - DBInterfaceMysql::query: successfully!
  INFO root [2018-10-29 23:42:18,779] - DBInterfaceMysql::query: successfully!
  INFO root [2018-10-29 23:42:18,780] - DBInterfaceMysql::query: successfully!
  INFO root [2018-10-29 23:42:18,781] - DBInterfaceMysql::query: successfully!
  INFO root [2018-10-29 23:42:18,781] - DBInterfaceMysql::query: successfully!
  INFO root [2018-10-29 23:42:18,782] - DBInterfaceMysql::query: successfully!
  WARN root [2018-10-29 23:42:18,817] - e:\kbengine\kbe\src\server\dbmgr\dbmgr.cpp:275: Profile scriptCall took 0.44 seconds
  INFO root [2018-10-29 23:42:19,178] - ---- dbmgr is running ----
 DEBUG root [2018-10-29 23:42:19,178] - Components::process(): Request for the process of identity...
  INFO root [2018-10-29 23:42:25,143] - 
  INFO root [2018-10-29 23:42:25,147] - -----------------------------------------------------------------------------------------


  INFO root [2018-10-29 23:42:25,147] - Resmgr::initialize: KBE_ROOT=E:/kbengine/
  INFO root [2018-10-29 23:42:25,147] - Resmgr::initialize: KBE_RES_PATH=E:/kbengine/kbe/res/;E:/kbengine/assets/;E:/kbengine/assets/scripts/;E:/kbengine/assets/res/
  INFO root [2018-10-29 23:42:25,148] - Resmgr::initialize: KBE_BIN_PATH=E:/kbengine/kbe/bin/server/
  INFO root [2018-10-29 23:42:25,158] - NetworkInterface::initialize(INTERNAL): bound to all interfaces with default route interface on 192.168.0.107 ( 192.168.0.107:63320 )
  INFO root [2018-10-29 23:42:25,158] - NetworkInterface::initialize(INTERNAL): address 192.168.0.107:63320, SOMAXCONN=5.
  INFO root [2018-10-29 23:42:25,158] - server-configs:
  INFO root [2018-10-29 23:42:25,158] - 	internalAddr : 192.168.0.107:63320
  INFO root [2018-10-29 23:42:25,159] - 	componentID : 4000
  INFO root [2018-10-29 23:42:26,674] - ---- dbmgr Version: 2.0.0. ScriptVersion: 0.1.0. Protocol: F28F1C37BCC70CD27B77841D4A30E3D7. Config: Debug X86. Built: 15:52:44 Apr 29 2018. AppID: 4000. UID: 4863. PID: 5036 ----
  INFO root [2018-10-29 23:42:26,676] - Server : Intel(R) Xeon(R) CPU E3-1230 v3 @ 3.30GHz with 4194303kB RAM
  INFO root [2018-10-29 23:42:26,677] - ThreadPool::createThreadPool: creating  threadpool...
  INFO root [2018-10-29 23:42:26,678] - ThreadPool::createThreadPool: successfully(2), newThreadCount=1, normalMaxThreadCount=2, maxThreadCount=8
 DEBUG root [2018-10-29 23:42:26,804] - Script::install_py_dlls(): PyInit_pyexpat
 DEBUG root [2018-10-29 23:42:26,804] - Script::install_py_dlls(): PyInit__socket
 DEBUG root [2018-10-29 23:42:26,805] - Script::install_py_dlls(): PyInit__ssl
 DEBUG root [2018-10-29 23:42:26,807] - Script::install_py_dlls(): PyInit__hashlib
 DEBUG root [2018-10-29 23:42:26,808] - Script::install_py_dlls(): PyInit_select
 DEBUG root [2018-10-29 23:42:26,808] - Script::install_py_dlls(): PyInit__ctypes
 DEBUG root [2018-10-29 23:42:26,808] - Script::install_py_dlls(): PyInit__elementtree
 DEBUG root [2018-10-29 23:42:26,835] - Script::install_py_dlls(): PyInit_unicodedata
  INFO root [2018-10-29 23:42:26,861] - Script::install(): is successfully, Python=(3.4.2 (default, Apr 29 2018, 15:52:37) [MSC v.1913 32 bit (Intel)])!
  INFO root [2018-10-29 23:42:26,862] - Script::install(): KBExtra is successfully!
  INFO root [2018-10-29 23:42:26,879] - Dbmgr::initializeEnd: digest(7F4FC8296AD553545CD95B23EFF6238F)
S_INFO root [2018-10-29 23:42:26,879] - onDBMgrReady: bootstrapGroupIndex=0, bootstrapGlobalIndex=0
  INFO root [2018-10-29 23:42:26,880] - TelnetServer server is running on port 32000
  INFO root [2018-10-29 23:42:26,880] - Dbmgr::initInterfacesHandler: interfaces addr(127.0.0.1:30099), accountType:(interfaces), chargeType:(interfaces).
  WARN root [2018-10-29 23:42:27,173] - DBUtil::initialize: db(default) password is not encrypted!
please use password(rsa):
68488A21FBEF1D90D75F19CE6822170FF880421E6B2BCDB52D751704FD5125973009B03BC9A4C7DF98D93C952BA40F7FF78939EFAF42156B1EC28EAAEB1D478D987B4926951BEA7F0DCD5BD08FE71711B1D93B8C73CAAB2C017E05D060DD337BA90DB54E29ED32AFEF60CE18F2C2D49AA2DF3375649F9F184657DBCF6547452B
 DEBUG root [2018-10-29 23:42:27,175] - DBInterfaceMysql::attach: connect: localhost:3306 starting...
 DEBUG root [2018-10-29 23:42:27,177] - DBInterfaceMysql::attach: successfully! addr: localhost:3306
  INFO root [2018-10-29 23:42:27,177] - DBUtil::createInterface[0x23f4ec]: interface=default, dbtype=mysql, ip=localhost, port=3306, currdatabase=kbe, username=kbe, connected=yes.

  INFO root [2018-10-29 23:42:27,177] - ThreadPool::createThreadPool: creating  threadpool...
 DEBUG root [2018-10-29 23:42:27,177] - DBInterfaceMysql::attach: connect: localhost:3306 starting...
 DEBUG root [2018-10-29 23:42:27,178] - DBInterfaceMysql::attach: connect: localhost:3306 starting...
  INFO root [2018-10-29 23:42:27,178] - ThreadPool::createThreadPool: successfully(5), newThreadCount=5, normalMaxThreadCount=5, maxThreadCount=5
 DEBUG root [2018-10-29 23:42:27,178] - DBInterfaceMysql::attach: connect: localhost:3306 starting...
 DEBUG root [2018-10-29 23:42:27,178] - DBInterfaceMysql::attach: connect: localhost:3306 starting...
 DEBUG root [2018-10-29 23:42:27,178] - DBInterfaceMysql::attach: connect: localhost:3306 starting...
 DEBUG root [2018-10-29 23:42:27,179] - DBInterfaceMysql::attach: successfully! addr: localhost:3306
 DEBUG root [2018-10-29 23:42:27,179] - DBThread::onStart(): 0x724bd8!
 DEBUG root [2018-10-29 23:42:27,179] - DBInterfaceMysql::attach: successfully! addr: localhost:3306
 DEBUG root [2018-10-29 23:42:27,179] - DBThread::onStart(): 0x724c60!
 DEBUG root [2018-10-29 23:42:27,179] - DBInterfaceMysql::attach: successfully! addr: localhost:3306
 DEBUG root [2018-10-29 23:42:27,179] - DBThread::onStart(): 0x724ce8!
 DEBUG root [2018-10-29 23:42:27,180] - DBInterfaceMysql::attach: successfully! addr: localhost:3306
 DEBUG root [2018-10-29 23:42:27,180] - DBInterfaceMysql::attach: successfully! addr: localhost:3306
 DEBUG root [2018-10-29 23:42:27,180] - DBThread::onStart(): 0x724df8!
 DEBUG root [2018-10-29 23:42:27,180] - DBThread::onStart(): 0x724d70!
  INFO root [2018-10-29 23:42:27,279] - DBInterfaceMysql::query: successfully!
  INFO root [2018-10-29 23:42:27,280] - DBInterfaceMysql::query: successfully!
  INFO root [2018-10-29 23:42:27,281] - DBInterfaceMysql::query: successfully!
  INFO root [2018-10-29 23:42:27,281] - DBInterfaceMysql::query: successfully!
  INFO root [2018-10-29 23:42:27,281] - DBInterfaceMysql::query: successfully!
  INFO root [2018-10-29 23:42:27,281] - DBInterfaceMysql::query: successfully!
  INFO root [2018-10-29 23:42:27,281] - DBInterfaceMysql::query: successfully!
  INFO root [2018-10-29 23:42:27,281] - DBInterfaceMysql::query: successfully!
  INFO root [2018-10-29 23:42:27,282] - DBInterfaceMysql::query: successfully!
  INFO root [2018-10-29 23:42:27,282] - DBInterfaceMysql::query: successfully!
  WARN root [2018-10-29 23:42:27,330] - e:\kbengine\kbe\src\server\dbmgr\dbmgr.cpp:275: Profile scriptCall took 0.45 seconds
  INFO root [2018-10-29 23:42:27,617] - ---- dbmgr is running ----
 DEBUG root [2018-10-29 23:42:27,617] - Components::process(): Request for the process of identity...
  INFO root [2018-10-29 23:42:34,720] - Components::findComponents: find logger(1)...
  INFO root [2018-10-29 23:42:34,730] - Components::findComponents: found logger, addr:192.168.0.107:63325
  INFO root [2018-10-29 23:42:34,731] - Components::addComponent: reset orderLog, uid=4863!
  INFO root [2018-10-29 23:42:34,731] - Components::addComponent[logger], uid=4863, componentID=2000, globalorderid=1, grouporderid=1, totalcount=1
  INFO root [2018-10-29 23:42:34,740] - Components::process(): Found all the components!
  WARN root [2018-10-29 23:42:34,753] - Forwarding logs to logger[192.168.0.107:63325/0/0/0]...
 ERROR root [2018-10-29 23:42:41,317] - Components::removeComponentByChannel: logger : 2000, Abnormal exit! errorno=10054
  INFO root [2018-10-29 23:42:41,323] - The following logs sent to logger failed:
  WARN root [2018-10-29 23:42:41,323] - ==> [2018-10-29 23:42:41 315] TCPPacketReceiver::processPendingEvents(192.168.0.107:63325): Throwing REASON_GENERAL_NETWORK - WSAECONNRESET
 ERROR root [2018-10-29 23:42:41,323] - ==> [2018-10-29 23:42:41 317] Components::removeComponentByChannel: logger : 2000, Abnormal exit! errorno=10054
  INFO root [2018-10-29 23:55:58,954] - 
  INFO root [2018-10-29 23:55:58,955] - -----------------------------------------------------------------------------------------


  INFO root [2018-10-29 23:55:58,955] - Resmgr::initialize: KBE_ROOT=E:/kbengine/
  INFO root [2018-10-29 23:55:58,955] - Resmgr::initialize: KBE_RES_PATH=E:/kbengine/kbe/res/;E:/kbengine/assets/;E:/kbengine/assets/scripts/;E:/kbengine/assets/res/
  INFO root [2018-10-29 23:55:58,955] - Resmgr::initialize: KBE_BIN_PATH=E:/kbengine/kbe/bin/server/
  INFO root [2018-10-29 23:55:58,958] - NetworkInterface::initialize(INTERNAL): bound to all interfaces with default route interface on 192.168.0.107 ( 192.168.0.107:59043 )
  INFO root [2018-10-29 23:55:58,959] - NetworkInterface::initialize(INTERNAL): address 192.168.0.107:59043, SOMAXCONN=5.
  INFO root [2018-10-29 23:55:58,959] - server-configs:
  INFO root [2018-10-29 23:55:58,959] - 	internalAddr : 192.168.0.107:59043
  INFO root [2018-10-29 23:55:58,959] - 	componentID : 4000
  WARN root [2018-10-29 23:55:59,273] - BundleBroadcast::BundleBroadcast: Cannot bind to port 20500, errorno=10048
  INFO root [2018-10-29 23:55:59,277] - ---- dbmgr Version: 2.0.0. ScriptVersion: 0.1.0. Protocol: F28F1C37BCC70CD27B77841D4A30E3D7. Config: Debug X86. Built: 15:52:44 Apr 29 2018. AppID: 4000. UID: 7521. PID: 5496 ----
  INFO root [2018-10-29 23:55:59,277] - Server : Intel(R) Xeon(R) CPU E3-1230 v3 @ 3.30GHz with 4194303kB RAM
  INFO root [2018-10-29 23:55:59,277] - ThreadPool::createThreadPool: creating  threadpool...
  INFO root [2018-10-29 23:55:59,278] - ThreadPool::createThreadPool: successfully(2), newThreadCount=1, normalMaxThreadCount=2, maxThreadCount=8
 DEBUG root [2018-10-29 23:55:59,403] - Script::install_py_dlls(): PyInit_pyexpat
 DEBUG root [2018-10-29 23:55:59,404] - Script::install_py_dlls(): PyInit__socket
 DEBUG root [2018-10-29 23:55:59,404] - Script::install_py_dlls(): PyInit__ssl
 DEBUG root [2018-10-29 23:55:59,407] - Script::install_py_dlls(): PyInit__hashlib
 DEBUG root [2018-10-29 23:55:59,407] - Script::install_py_dlls(): PyInit_select
 DEBUG root [2018-10-29 23:55:59,407] - Script::install_py_dlls(): PyInit__ctypes
 DEBUG root [2018-10-29 23:55:59,408] - Script::install_py_dlls(): PyInit__elementtree
 DEBUG root [2018-10-29 23:55:59,435] - Script::install_py_dlls(): PyInit_unicodedata
  INFO root [2018-10-29 23:55:59,462] - Script::install(): is successfully, Python=(3.4.2 (default, Apr 29 2018, 15:52:37) [MSC v.1913 32 bit (Intel)])!
  INFO root [2018-10-29 23:55:59,462] - Script::install(): KBExtra is successfully!
  INFO root [2018-10-29 23:55:59,480] - Dbmgr::initializeEnd: digest(7F4FC8296AD553545CD95B23EFF6238F)
S_INFO root [2018-10-29 23:55:59,481] - onDBMgrReady: bootstrapGroupIndex=0, bootstrapGlobalIndex=0
  INFO root [2018-10-29 23:55:59,481] - TelnetServer server is running on port 32000
  INFO root [2018-10-29 23:55:59,481] - Dbmgr::initInterfacesHandler: interfaces addr(127.0.0.1:30099), accountType:(interfaces), chargeType:(interfaces).
  WARN root [2018-10-29 23:55:59,768] - DBUtil::initialize: db(default) password is not encrypted!
please use password(rsa):
AB0E00FB772C0A2AEF9A2D93C0097B69679D438256A25F0A60783E81DEDFFCE93244BEEB987B1DDB70515E6C2DDF2C4D180AD5F8EE9E20737C6C1A4C745CFE54A890FB693C331EEC712611F86372649CED104AD56A0845D0579404EE2E547C49B962D7E7FCF4FA0DBADA233DEA89A108A2B6F5B05F45854395BD72748C878CFB
 DEBUG root [2018-10-29 23:55:59,770] - DBInterfaceMysql::attach: connect: localhost:3306 starting...
 DEBUG root [2018-10-29 23:55:59,771] - DBInterfaceMysql::attach: successfully! addr: localhost:3306
  INFO root [2018-10-29 23:55:59,771] - DBUtil::createInterface[0x3ceedc]: interface=default, dbtype=mysql, ip=localhost, port=3306, currdatabase=kbe, username=kbe, connected=yes.

  INFO root [2018-10-29 23:55:59,772] - ThreadPool::createThreadPool: creating  threadpool...
 DEBUG root [2018-10-29 23:55:59,772] - DBInterfaceMysql::attach: connect: localhost:3306 starting...
 DEBUG root [2018-10-29 23:55:59,772] - DBInterfaceMysql::attach: connect: localhost:3306 starting...
  INFO root [2018-10-29 23:55:59,772] - ThreadPool::createThreadPool: successfully(5), newThreadCount=5, normalMaxThreadCount=5, maxThreadCount=5
 DEBUG root [2018-10-29 23:55:59,773] - DBInterfaceMysql::attach: connect: localhost:3306 starting...
 DEBUG root [2018-10-29 23:55:59,773] - DBInterfaceMysql::attach: connect: localhost:3306 starting...
 DEBUG root [2018-10-29 23:55:59,773] - DBInterfaceMysql::attach: connect: localhost:3306 starting...
 DEBUG root [2018-10-29 23:55:59,774] - DBInterfaceMysql::attach: successfully! addr: localhost:3306
 DEBUG root [2018-10-29 23:55:59,774] - DBInterfaceMysql::attach: successfully! addr: localhost:3306
 DEBUG root [2018-10-29 23:55:59,774] - DBThread::onStart(): 0x583a10!
 DEBUG root [2018-10-29 23:55:59,774] - DBThread::onStart(): 0x583a98!
 DEBUG root [2018-10-29 23:55:59,774] - DBInterfaceMysql::attach: successfully! addr: localhost:3306
 DEBUG root [2018-10-29 23:55:59,774] - DBThread::onStart(): 0x583b20!
 DEBUG root [2018-10-29 23:55:59,774] - DBInterfaceMysql::attach: successfully! addr: localhost:3306
 DEBUG root [2018-10-29 23:55:59,774] - DBThread::onStart(): 0x583ba8!
 DEBUG root [2018-10-29 23:55:59,775] - DBInterfaceMysql::attach: successfully! addr: localhost:3306
 DEBUG root [2018-10-29 23:55:59,775] - DBThread::onStart(): 0x583c30!
  INFO root [2018-10-29 23:55:59,873] - DBInterfaceMysql::query: successfully!
  INFO root [2018-10-29 23:55:59,874] - DBInterfaceMysql::query: successfully!
  INFO root [2018-10-29 23:55:59,875] - DBInterfaceMysql::query: successfully!
  INFO root [2018-10-29 23:55:59,876] - DBInterfaceMysql::query: successfully!
  INFO root [2018-10-29 23:55:59,876] - DBInterfaceMysql::query: successfully!
  INFO root [2018-10-29 23:55:59,876] - DBInterfaceMysql::query: successfully!
  INFO root [2018-10-29 23:55:59,876] - DBInterfaceMysql::query: successfully!
  INFO root [2018-10-29 23:55:59,876] - DBInterfaceMysql::query: successfully!
  INFO root [2018-10-29 23:55:59,877] - DBInterfaceMysql::query: successfully!
  INFO root [2018-10-29 23:55:59,877] - DBInterfaceMysql::query: successfully!
  WARN root [2018-10-29 23:55:59,934] - e:\kbengine\kbe\src\server\dbmgr\dbmgr.cpp:275: Profile scriptCall took 0.45 seconds
  INFO root [2018-10-29 23:56:00,223] - ---- dbmgr is running ----
 DEBUG root [2018-10-29 23:56:00,223] - Components::process(): Request for the process of identity...
  INFO root [2018-10-29 23:56:07,342] - Components::findComponents: find logger(1)...
  INFO root [2018-10-29 23:56:07,352] - Components::findComponents: found logger, addr:192.168.0.107:59041
  INFO root [2018-10-29 23:56:07,353] - Components::addComponent: reset orderLog, uid=7521!
  INFO root [2018-10-29 23:56:07,353] - Components::addComponent[logger], uid=7521, componentID=2000, globalorderid=1, grouporderid=1, totalcount=1
  WARN root [2018-10-29 23:56:07,358] - Forwarding logs to logger[192.168.0.107:59041/0/0/0]...
