  INFO root [2018-10-23 00:00:00,782] - Components::findComponents: find logger(1)...
  INFO root [2018-10-23 00:00:00,799] - Components::findComponents: found logger, addr:192.168.0.107:57710
  INFO root [2018-10-23 00:00:00,800] - Components::addComponent: reset orderLog, uid=32104!
  INFO root [2018-10-23 00:00:00,800] - Components::addComponent[logger], uid=32104, componentID=2000, globalorderid=1, grouporderid=1, totalcount=1
  INFO root [2018-10-23 00:00:00,811] - Components::process(): Found all the components!
  WARN root [2018-10-23 00:00:00,812] - Forwarding logs to logger[192.168.0.107:57710/0/0/0]...
 ERROR root [2018-10-23 00:07:16,846] - Components::removeComponentByChannel: logger : 2000, Abnormal exit! errorno=10054
  INFO root [2018-10-23 00:07:16,848] - The following logs sent to logger failed:
  WARN root [2018-10-23 00:07:16,848] - ==> [2018-10-23 00:07:16 845] TCPPacketReceiver::processPendingEvents(192.168.0.107:57710): Throwing REASON_GENERAL_NETWORK - WSAECONNRESET
 ERROR root [2018-10-23 00:07:16,848] - ==> [2018-10-23 00:07:16 846] Components::removeComponentByChannel: logger : 2000, Abnormal exit! errorno=10054
  INFO root [2018-10-23 00:07:18,015] - 
  INFO root [2018-10-23 00:07:18,015] - -----------------------------------------------------------------------------------------


  INFO root [2018-10-23 00:07:18,016] - Resmgr::initialize: KBE_ROOT=E:/kbengine/
  INFO root [2018-10-23 00:07:18,016] - Resmgr::initialize: KBE_RES_PATH=E:/kbengine/kbe/res/;E:/kbengine/assets/;E:/kbengine/assets/scripts/;E:/kbengine/assets/res/
  INFO root [2018-10-23 00:07:18,016] - Resmgr::initialize: KBE_BIN_PATH=E:/kbengine/kbe/bin/server/
  INFO root [2018-10-23 00:07:18,030] - NetworkInterface::initialize(INTERNAL): bound to all interfaces with default route interface on 192.168.0.107 ( 192.168.0.107:57830 )
  INFO root [2018-10-23 00:07:18,030] - NetworkInterface::initialize(INTERNAL): address 192.168.0.107:57830, SOMAXCONN=5.
  INFO root [2018-10-23 00:07:18,030] - server-configs:
  INFO root [2018-10-23 00:07:18,030] - 	internalAddr : 192.168.0.107:57830
  INFO root [2018-10-23 00:07:18,031] - 	componentID : 4000
  INFO root [2018-10-23 00:07:19,544] - ---- dbmgr Version: 2.0.0. ScriptVersion: 0.1.0. Protocol: F28F1C37BCC70CD27B77841D4A30E3D7. Config: Debug X86. Built: 15:52:44 Apr 29 2018. AppID: 4000. UID: 796. PID: 4824 ----
  INFO root [2018-10-23 00:07:19,545] - Server : Intel(R) Xeon(R) CPU E3-1230 v3 @ 3.30GHz with 4194303kB RAM
  INFO root [2018-10-23 00:07:19,546] - ThreadPool::createThreadPool: creating  threadpool...
  INFO root [2018-10-23 00:07:19,546] - ThreadPool::createThreadPool: successfully(2), newThreadCount=1, normalMaxThreadCount=2, maxThreadCount=8
 DEBUG root [2018-10-23 00:07:19,698] - Script::install_py_dlls(): PyInit_pyexpat
 DEBUG root [2018-10-23 00:07:19,698] - Script::install_py_dlls(): PyInit__socket
 DEBUG root [2018-10-23 00:07:19,699] - Script::install_py_dlls(): PyInit__ssl
 DEBUG root [2018-10-23 00:07:19,702] - Script::install_py_dlls(): PyInit__hashlib
 DEBUG root [2018-10-23 00:07:19,703] - Script::install_py_dlls(): PyInit_select
 DEBUG root [2018-10-23 00:07:19,703] - Script::install_py_dlls(): PyInit__ctypes
 DEBUG root [2018-10-23 00:07:19,704] - Script::install_py_dlls(): PyInit__elementtree
 DEBUG root [2018-10-23 00:07:19,733] - Script::install_py_dlls(): PyInit_unicodedata
  INFO root [2018-10-23 00:07:19,765] - Script::install(): is successfully, Python=(3.4.2 (default, Apr 29 2018, 15:52:37) [MSC v.1913 32 bit (Intel)])!
  INFO root [2018-10-23 00:07:19,765] - Script::install(): KBExtra is successfully!
  INFO root [2018-10-23 00:07:19,783] - Dbmgr::initializeEnd: digest(7F4FC8296AD553545CD95B23EFF6238F)
S_INFO root [2018-10-23 00:07:19,783] - onDBMgrReady: bootstrapGroupIndex=0, bootstrapGlobalIndex=0
  INFO root [2018-10-23 00:07:19,783] - TelnetServer server is running on port 32000
  INFO root [2018-10-23 00:07:19,783] - Dbmgr::initInterfacesHandler: interfaces addr(127.0.0.1:30099), accountType:(interfaces), chargeType:(interfaces).
  WARN root [2018-10-23 00:07:20,082] - DBUtil::initialize: db(default) password is not encrypted!
please use password(rsa):
CAD2A135B1ACA933AEAE2AA8507D2CE7500310D90C6DEF7806244A7C7C2E1960F1545AD30C31D2AA447418BC2D9CD72F83F328118768CAB249AF746DF8AF02E2FF3067EF95BE1A0BF10C37953C9E153AB5F1BD944F9FC1F272735C62114A42B5FEC49B863986EC481A9B15B4CCA3323D7E29F04FDEBC08EB27BC3DD237022F86
 DEBUG root [2018-10-23 00:07:20,083] - DBInterfaceMysql::attach: connect: localhost:3306 starting...
 DEBUG root [2018-10-23 00:07:20,085] - DBInterfaceMysql::attach: successfully! addr: localhost:3306
  INFO root [2018-10-23 00:07:20,085] - DBUtil::createInterface[0x39f1c8]: interface=default, dbtype=mysql, ip=localhost, port=3306, currdatabase=kbe, username=kbe, connected=yes.

  INFO root [2018-10-23 00:07:20,085] - ThreadPool::createThreadPool: creating  threadpool...
 DEBUG root [2018-10-23 00:07:20,086] - DBInterfaceMysql::attach: connect: localhost:3306 starting...
 DEBUG root [2018-10-23 00:07:20,086] - DBInterfaceMysql::attach: connect: localhost:3306 starting...
  INFO root [2018-10-23 00:07:20,086] - ThreadPool::createThreadPool: successfully(5), newThreadCount=5, normalMaxThreadCount=5, maxThreadCount=5
 DEBUG root [2018-10-23 00:07:20,086] - DBInterfaceMysql::attach: connect: localhost:3306 starting...
 DEBUG root [2018-10-23 00:07:20,086] - DBInterfaceMysql::attach: connect: localhost:3306 starting...
 DEBUG root [2018-10-23 00:07:20,087] - DBInterfaceMysql::attach: connect: localhost:3306 starting...
 DEBUG root [2018-10-23 00:07:20,087] - DBInterfaceMysql::attach: successfully! addr: localhost:3306
 DEBUG root [2018-10-23 00:07:20,087] - DBThread::onStart(): 0x48dc30!
 DEBUG root [2018-10-23 00:07:20,087] - DBInterfaceMysql::attach: successfully! addr: localhost:3306
 DEBUG root [2018-10-23 00:07:20,088] - DBThread::onStart(): 0x48dba8!
 DEBUG root [2018-10-23 00:07:20,088] - DBInterfaceMysql::attach: successfully! addr: localhost:3306
 DEBUG root [2018-10-23 00:07:20,088] - DBThread::onStart(): 0x48dd40!
 DEBUG root [2018-10-23 00:07:20,088] - DBInterfaceMysql::attach: successfully! addr: localhost:3306
 DEBUG root [2018-10-23 00:07:20,088] - DBThread::onStart(): 0x48dcb8!
 DEBUG root [2018-10-23 00:07:20,088] - DBInterfaceMysql::attach: successfully! addr: localhost:3306
 DEBUG root [2018-10-23 00:07:20,088] - DBThread::onStart(): 0x48ddc8!
  INFO root [2018-10-23 00:07:20,187] - DBInterfaceMysql::query: successfully!
  INFO root [2018-10-23 00:07:20,189] - DBInterfaceMysql::query: successfully!
  INFO root [2018-10-23 00:07:20,189] - DBInterfaceMysql::query: successfully!
  INFO root [2018-10-23 00:07:20,190] - DBInterfaceMysql::query: successfully!
  INFO root [2018-10-23 00:07:20,190] - DBInterfaceMysql::query: successfully!
  INFO root [2018-10-23 00:07:20,190] - DBInterfaceMysql::query: successfully!
  INFO root [2018-10-23 00:07:20,190] - DBInterfaceMysql::query: successfully!
  INFO root [2018-10-23 00:07:20,190] - DBInterfaceMysql::query: successfully!
  INFO root [2018-10-23 00:07:20,190] - DBInterfaceMysql::query: successfully!
  INFO root [2018-10-23 00:07:20,271] - DBInterfaceMysql::query: successfully!
  WARN root [2018-10-23 00:07:20,310] - e:\kbengine\kbe\src\server\dbmgr\dbmgr.cpp:275: Profile scriptCall took 0.53 seconds
  INFO root [2018-10-23 00:07:20,642] - ---- dbmgr is running ----
 DEBUG root [2018-10-23 00:07:20,643] - Components::process(): Request for the process of identity...
  INFO root [2018-10-23 00:07:27,764] - Components::findComponents: find logger(1)...
  INFO root [2018-10-23 00:07:27,772] - Components::findComponents: found logger, addr:192.168.0.107:57834
  INFO root [2018-10-23 00:07:27,772] - Components::addComponent: reset orderLog, uid=796!
  INFO root [2018-10-23 00:07:27,772] - Components::addComponent[logger], uid=796, componentID=2000, globalorderid=1, grouporderid=1, totalcount=1
  INFO root [2018-10-23 00:07:27,804] - Components::process(): Found all the components!
  WARN root [2018-10-23 00:07:27,818] - Forwarding logs to logger[192.168.0.107:57834/0/0/0]...
 ERROR root [2018-10-23 00:10:19,741] - Components::removeComponentByChannel: logger : 2000, Abnormal exit! errorno=10054
  INFO root [2018-10-23 00:10:19,742] - The following logs sent to logger failed:
  WARN root [2018-10-23 00:10:19,743] - ==> [2018-10-23 00:10:19 740] TCPPacketReceiver::processPendingEvents(192.168.0.107:57834): Throwing REASON_GENERAL_NETWORK - WSAECONNRESET
 ERROR root [2018-10-23 00:10:19,743] - ==> [2018-10-23 00:10:19 741] Components::removeComponentByChannel: logger : 2000, Abnormal exit! errorno=10054
  INFO root [2018-10-23 00:10:20,934] - 
  INFO root [2018-10-23 00:10:20,936] - -----------------------------------------------------------------------------------------


  INFO root [2018-10-23 00:10:20,937] - Resmgr::initialize: KBE_ROOT=E:/kbengine/
  INFO root [2018-10-23 00:10:20,937] - Resmgr::initialize: KBE_RES_PATH=E:/kbengine/kbe/res/;E:/kbengine/assets/;E:/kbengine/assets/scripts/;E:/kbengine/assets/res/
  INFO root [2018-10-23 00:10:20,937] - Resmgr::initialize: KBE_BIN_PATH=E:/kbengine/kbe/bin/server/
  INFO root [2018-10-23 00:10:20,941] - NetworkInterface::initialize(INTERNAL): bound to all interfaces with default route interface on 192.168.0.107 ( 192.168.0.107:57904 )
  INFO root [2018-10-23 00:10:20,941] - NetworkInterface::initialize(INTERNAL): address 192.168.0.107:57904, SOMAXCONN=5.
  INFO root [2018-10-23 00:10:20,941] - server-configs:
  INFO root [2018-10-23 00:10:20,941] - 	internalAddr : 192.168.0.107:57904
  INFO root [2018-10-23 00:10:20,941] - 	componentID : 4000
  INFO root [2018-10-23 00:10:22,459] - ---- dbmgr Version: 2.0.0. ScriptVersion: 0.1.0. Protocol: F28F1C37BCC70CD27B77841D4A30E3D7. Config: Debug X86. Built: 15:52:44 Apr 29 2018. AppID: 4000. UID: 1394. PID: 8964 ----
  INFO root [2018-10-23 00:10:22,460] - Server : Intel(R) Xeon(R) CPU E3-1230 v3 @ 3.30GHz with 4194303kB RAM
  INFO root [2018-10-23 00:10:22,461] - ThreadPool::createThreadPool: creating  threadpool...
  INFO root [2018-10-23 00:10:22,462] - ThreadPool::createThreadPool: successfully(2), newThreadCount=1, normalMaxThreadCount=2, maxThreadCount=8
 DEBUG root [2018-10-23 00:10:22,618] - Script::install_py_dlls(): PyInit_pyexpat
 DEBUG root [2018-10-23 00:10:22,618] - Script::install_py_dlls(): PyInit__socket
 DEBUG root [2018-10-23 00:10:22,618] - Script::install_py_dlls(): PyInit__ssl
 DEBUG root [2018-10-23 00:10:22,621] - Script::install_py_dlls(): PyInit__hashlib
 DEBUG root [2018-10-23 00:10:22,622] - Script::install_py_dlls(): PyInit_select
 DEBUG root [2018-10-23 00:10:22,622] - Script::install_py_dlls(): PyInit__ctypes
 DEBUG root [2018-10-23 00:10:22,622] - Script::install_py_dlls(): PyInit__elementtree
 DEBUG root [2018-10-23 00:10:22,651] - Script::install_py_dlls(): PyInit_unicodedata
  INFO root [2018-10-23 00:10:22,681] - Script::install(): is successfully, Python=(3.4.2 (default, Apr 29 2018, 15:52:37) [MSC v.1913 32 bit (Intel)])!
  INFO root [2018-10-23 00:10:22,681] - Script::install(): KBExtra is successfully!
  INFO root [2018-10-23 00:10:22,700] - Dbmgr::initializeEnd: digest(7F4FC8296AD553545CD95B23EFF6238F)
S_INFO root [2018-10-23 00:10:22,700] - onDBMgrReady: bootstrapGroupIndex=0, bootstrapGlobalIndex=0
  INFO root [2018-10-23 00:10:22,700] - TelnetServer server is running on port 32000
  INFO root [2018-10-23 00:10:22,700] - Dbmgr::initInterfacesHandler: interfaces addr(127.0.0.1:30099), accountType:(interfaces), chargeType:(interfaces).
  WARN root [2018-10-23 00:10:23,050] - DBUtil::initialize: db(default) password is not encrypted!
please use password(rsa):
57B58B2115C6068C2F32F515900E7C0BD254256574106A377EE7A992A991D5062EECD5CFDCA18936761DD2724AE1F5EAC1C64695FCCBA3B45CC9CC6517B5D5C386734461B1CF0A264C4E8E5C23D59A9B26F0BE078E58D62C3A449827A17B0150C8DD739A2BD78D698A5F05722F7F3D0C9E91565CFDB8F24589E3FDF5D899ACF8
 DEBUG root [2018-10-23 00:10:23,052] - DBInterfaceMysql::attach: connect: localhost:3306 starting...
 DEBUG root [2018-10-23 00:10:23,053] - DBInterfaceMysql::attach: successfully! addr: localhost:3306
  INFO root [2018-10-23 00:10:23,054] - DBUtil::createInterface[0x33f06c]: interface=default, dbtype=mysql, ip=localhost, port=3306, currdatabase=kbe, username=kbe, connected=yes.

  INFO root [2018-10-23 00:10:23,054] - ThreadPool::createThreadPool: creating  threadpool...
 DEBUG root [2018-10-23 00:10:23,054] - DBInterfaceMysql::attach: connect: localhost:3306 starting...
 DEBUG root [2018-10-23 00:10:23,055] - DBInterfaceMysql::attach: connect: localhost:3306 starting...
 DEBUG root [2018-10-23 00:10:23,055] - DBInterfaceMysql::attach: connect: localhost:3306 starting...
  INFO root [2018-10-23 00:10:23,055] - ThreadPool::createThreadPool: successfully(5), newThreadCount=5, normalMaxThreadCount=5, maxThreadCount=5
 DEBUG root [2018-10-23 00:10:23,055] - DBInterfaceMysql::attach: connect: localhost:3306 starting...
 DEBUG root [2018-10-23 00:10:23,055] - DBInterfaceMysql::attach: connect: localhost:3306 starting...
 DEBUG root [2018-10-23 00:10:23,057] - DBInterfaceMysql::attach: successfully! addr: localhost:3306
 DEBUG root [2018-10-23 00:10:23,057] - DBThread::onStart(): 0x1bdd40!
 DEBUG root [2018-10-23 00:10:23,057] - DBInterfaceMysql::attach: successfully! addr: localhost:3306
 DEBUG root [2018-10-23 00:10:23,057] - DBInterfaceMysql::attach: successfully! addr: localhost:3306
 DEBUG root [2018-10-23 00:10:23,057] - DBInterfaceMysql::attach: successfully! addr: localhost:3306
 DEBUG root [2018-10-23 00:10:23,057] - DBInterfaceMysql::attach: successfully! addr: localhost:3306
 DEBUG root [2018-10-23 00:10:23,058] - DBThread::onStart(): 0x1bdba8!
 DEBUG root [2018-10-23 00:10:23,058] - DBThread::onStart(): 0x1bdc30!
 DEBUG root [2018-10-23 00:10:23,058] - DBThread::onStart(): 0x1bdcb8!
 DEBUG root [2018-10-23 00:10:23,058] - DBThread::onStart(): 0x1bddc8!
  INFO root [2018-10-23 00:10:23,156] - DBInterfaceMysql::query: successfully!
  INFO root [2018-10-23 00:10:23,158] - DBInterfaceMysql::query: successfully!
  INFO root [2018-10-23 00:10:23,158] - DBInterfaceMysql::query: successfully!
  INFO root [2018-10-23 00:10:23,159] - DBInterfaceMysql::query: successfully!
  INFO root [2018-10-23 00:10:23,159] - DBInterfaceMysql::query: successfully!
  INFO root [2018-10-23 00:10:23,159] - DBInterfaceMysql::query: successfully!
  INFO root [2018-10-23 00:10:23,159] - DBInterfaceMysql::query: successfully!
  INFO root [2018-10-23 00:10:23,159] - DBInterfaceMysql::query: successfully!
  INFO root [2018-10-23 00:10:23,160] - DBInterfaceMysql::query: successfully!
  INFO root [2018-10-23 00:10:23,212] - DBInterfaceMysql::query: successfully!
  WARN root [2018-10-23 00:10:23,228] - e:\kbengine\kbe\src\server\dbmgr\dbmgr.cpp:275: Profile scriptCall took 0.53 seconds
  INFO root [2018-10-23 00:10:23,527] - ---- dbmgr is running ----
 DEBUG root [2018-10-23 00:10:23,527] - Components::process(): Request for the process of identity...
  INFO root [2018-10-23 00:10:30,620] - Components::findComponents: find logger(1)...
  INFO root [2018-10-23 00:10:30,675] - Components::findComponents: found logger, addr:192.168.0.107:57906
  INFO root [2018-10-23 00:10:30,675] - Components::addComponent: reset orderLog, uid=1394!
  INFO root [2018-10-23 00:10:30,675] - Components::addComponent[logger], uid=1394, componentID=2000, globalorderid=1, grouporderid=1, totalcount=1
  WARN root [2018-10-23 00:10:30,676] - Forwarding logs to logger[192.168.0.107:57906/0/0/0]...
 ERROR root [2018-10-23 00:40:03,712] - Components::removeComponentByChannel: loginapp : 9000, Abnormal exit! errorno=10054
 ERROR root [2018-10-23 00:40:03,718] - Components::removeComponentByChannel: cellapp : 8001, Abnormal exit! errorno=10054
 ERROR root [2018-10-23 00:40:03,723] - Components::removeComponentByChannel: baseapp : 7001, Abnormal exit! errorno=10054
 ERROR root [2018-10-23 00:40:03,729] - Components::removeComponentByChannel: cellappmgr : 6000, Abnormal exit! errorno=10054
 ERROR root [2018-10-23 00:40:03,734] - Components::removeComponentByChannel: baseappmgr : 5000, Abnormal exit! errorno=10054
