  INFO root [2018-08-24 10:09:29,691] - 
  INFO root [2018-08-24 10:09:29,784] - -----------------------------------------------------------------------------------------


  INFO root [2018-08-24 10:09:30,980] - Resmgr::initialize: KBE_ROOT=E:/kbengine/
  INFO root [2018-08-24 10:09:30,981] - Resmgr::initialize: KBE_RES_PATH=E:/kbengine/kbe/res/;E:/kbengine/assets/;E:/kbengine/assets/scripts/;E:/kbengine/assets/res/
  INFO root [2018-08-24 10:09:30,981] - Resmgr::initialize: KBE_BIN_PATH=E:/kbengine/kbe/bin/server/
  INFO root [2018-08-24 10:09:31,518] - NetworkInterface::initialize(INTERNAL): bound to all interfaces with default route interface on 192.168.0.106 ( 192.168.0.106:49711 )
  INFO root [2018-08-24 10:09:31,518] - NetworkInterface::initialize(INTERNAL): address 192.168.0.106:49711, SOMAXCONN=5.
  INFO root [2018-08-24 10:09:31,534] - server-configs:
  INFO root [2018-08-24 10:09:31,534] - 	internalAddr : 192.168.0.106:49711
  INFO root [2018-08-24 10:09:31,534] - 	componentID : 4000
  INFO root [2018-08-24 10:09:33,131] - ---- dbmgr Version: 2.0.0. ScriptVersion: 0.1.0. Protocol: F28F1C37BCC70CD27B77841D4A30E3D7. Config: Debug X86. Built: 15:52:44 Apr 29 2018. AppID: 4000. UID: 32725. PID: 6904 ----
  INFO root [2018-08-24 10:09:33,131] - Server : Intel(R) Xeon(R) CPU E3-1230 v3 @ 3.30GHz with 4194303kB RAM
  INFO root [2018-08-24 10:09:33,140] - ThreadPool::createThreadPool: creating  threadpool...
  INFO root [2018-08-24 10:09:33,141] - ThreadPool::createThreadPool: successfully(2), newThreadCount=1, normalMaxThreadCount=2, maxThreadCount=8
 DEBUG root [2018-08-24 10:09:37,345] - Script::install_py_dlls(): PyInit_pyexpat
 DEBUG root [2018-08-24 10:09:37,419] - Script::install_py_dlls(): PyInit__socket
 DEBUG root [2018-08-24 10:09:37,475] - Script::install_py_dlls(): PyInit__ssl
 DEBUG root [2018-08-24 10:09:38,244] - Script::install_py_dlls(): PyInit__hashlib
 DEBUG root [2018-08-24 10:09:38,310] - Script::install_py_dlls(): PyInit_select
 DEBUG root [2018-08-24 10:09:38,348] - Script::install_py_dlls(): PyInit__ctypes
 DEBUG root [2018-08-24 10:09:38,357] - Script::install_py_dlls(): PyInit__elementtree
 DEBUG root [2018-08-24 10:09:39,005] - Script::install_py_dlls(): PyInit_unicodedata
  INFO root [2018-08-24 10:09:40,518] - Script::install(): is successfully, Python=(3.4.2 (default, Apr 29 2018, 15:52:37) [MSC v.1913 32 bit (Intel)])!
  INFO root [2018-08-24 10:09:40,519] - Script::install(): KBExtra is successfully!
  INFO root [2018-08-24 10:09:41,720] - Dbmgr::initializeEnd: digest(7F4FC8296AD553545CD95B23EFF6238F)
S_INFO root [2018-08-24 10:09:41,721] - onDBMgrReady: bootstrapGroupIndex=0, bootstrapGlobalIndex=0
  INFO root [2018-08-24 10:09:41,770] - TelnetServer server is running on port 32000
  INFO root [2018-08-24 10:09:41,797] - Dbmgr::initInterfacesHandler: interfaces addr(127.0.0.1:30099), accountType:(interfaces), chargeType:(interfaces).
  WARN root [2018-08-24 10:09:42,463] - DBUtil::initialize: db(default) password is not encrypted!
please use password(rsa):
7091BE72A8DCA9D9E178A9B6F6FA5B87D4DC321471DC0ACF7FDE652D739FFFE36C9C1AEE9BA23FBE5B92C88151BC75C609E89E722B8020175D99A6C465C090C2665A5A240D5DD0CCABDE2EDAC4AFF0919DE91C8EEA5D49A2704338244FF7FA227308E1DD05E7F86651D079C07D29CE4B9D5F6DF90675E67672484108DF58787A
 DEBUG root [2018-08-24 10:09:43,655] - DBInterfaceMysql::attach: connect: localhost:3306 starting...
 DEBUG root [2018-08-24 10:09:46,108] - DBInterfaceMysql::attach: successfully! addr: localhost:3306
  INFO root [2018-08-24 10:09:46,108] - DBUtil::createInterface[0x1ff4fc]: interface=default, dbtype=mysql, ip=localhost, port=3306, currdatabase=kbe, username=kbe, connected=yes.

  INFO root [2018-08-24 10:09:46,126] - ThreadPool::createThreadPool: creating  threadpool...
 DEBUG root [2018-08-24 10:09:46,127] - DBInterfaceMysql::attach: connect: localhost:3306 starting...
 DEBUG root [2018-08-24 10:09:46,127] - DBInterfaceMysql::attach: connect: localhost:3306 starting...
 DEBUG root [2018-08-24 10:09:46,127] - DBInterfaceMysql::attach: connect: localhost:3306 starting...
  INFO root [2018-08-24 10:09:46,127] - ThreadPool::createThreadPool: successfully(5), newThreadCount=5, normalMaxThreadCount=5, maxThreadCount=5
 DEBUG root [2018-08-24 10:09:46,128] - DBInterfaceMysql::attach: connect: localhost:3306 starting...
 DEBUG root [2018-08-24 10:09:46,128] - DBInterfaceMysql::attach: connect: localhost:3306 starting...
 DEBUG root [2018-08-24 10:09:46,129] - DBInterfaceMysql::attach: successfully! addr: localhost:3306
 DEBUG root [2018-08-24 10:09:46,129] - DBThread::onStart(): 0x4682f8!
 DEBUG root [2018-08-24 10:09:46,129] - DBInterfaceMysql::attach: successfully! addr: localhost:3306
 DEBUG root [2018-08-24 10:09:46,129] - DBThread::onStart(): 0x468380!
 DEBUG root [2018-08-24 10:09:46,129] - DBInterfaceMysql::attach: successfully! addr: localhost:3306
 DEBUG root [2018-08-24 10:09:46,129] - DBInterfaceMysql::attach: successfully! addr: localhost:3306
 DEBUG root [2018-08-24 10:09:46,129] - DBThread::onStart(): 0x468518!
 DEBUG root [2018-08-24 10:09:46,130] - DBThread::onStart(): 0x468408!
 DEBUG root [2018-08-24 10:09:46,130] - DBInterfaceMysql::attach: successfully! addr: localhost:3306
 DEBUG root [2018-08-24 10:09:46,130] - DBThread::onStart(): 0x468490!
  INFO root [2018-08-24 10:09:46,465] - DBInterfaceMysql::query: successfully!
  INFO root [2018-08-24 10:09:46,466] - DBInterfaceMysql::query: successfully!
  INFO root [2018-08-24 10:09:46,839] - DBInterfaceMysql::query: successfully!
  WARN root [2018-08-24 10:09:46,847] - DBTask::process(): took 0.29 seconds
sql:(show index from tbl_CheckName)
  WARN root [2018-08-24 10:09:46,848] - DBTask::process(): took 0.35 seconds
sql:(CREATE TABLE IF NOT EXISTS kbe_accountinfos (`accountName` varchar(128) not null, PRIMARY KEY idKey (`accountName`),`password` varchar(255),`bindata` blob,`email` varchar(191) not null, UNIQUE KEY `email` (`email`),`entityDBID` bigint(20) unsigned not null DEFAULT 0, UNIQUE KEY `entityDBID` (`entityDBID`),`flags` int unsigned not null DEFAULT 0,`deadline` bigint(20) not null DEFAULT 0,`regtime` bigint(20) not null DEFAULT 0,`lasttime` bigint(20) not null DEFAULT 0,`numlogin` int unsigned not null DEFAULT 0)ENGINE=InnoDB)
  INFO root [2018-08-24 10:09:47,007] - DBInterfaceMysql::query: successfully!
  INFO root [2018-08-24 10:09:47,080] - DBInterfaceMysql::query: successfully!
  INFO root [2018-08-24 10:09:47,114] - DBInterfaceMysql::query: successfully!
  INFO root [2018-08-24 10:09:47,313] - DBInterfaceMysql::query: successfully!
  INFO root [2018-08-24 10:09:47,314] - DBInterfaceMysql::query: successfully!
  INFO root [2018-08-24 10:09:47,314] - DBInterfaceMysql::query: successfully!
  WARN root [2018-08-24 10:09:47,314] - DBTask::process(): took 0.82 seconds
sql:(delete from kbe_email_verification where logtime<1535072987 and type=3)
  WARN root [2018-08-24 10:09:47,831] - DBTask::process(): took 1.34 seconds
sql:(insert into kbe_serverlog (heartbeatTime, logger) values(1535076587,4000) ON DUPLICATE KEY UPDATE heartbeatTime=1535076587)
  WARN root [2018-08-24 10:09:47,833] - DBTask::process(): took 0.98 seconds
sql:(show index from tbl_Account)
  INFO root [2018-08-24 10:09:47,950] - DBInterfaceMysql::query: successfully!
  WARN root [2018-08-24 10:09:47,950] - DBTask::process(): took 1.46 seconds
sql:(delete from kbe_entitylog where logger in (4000))
  WARN root [2018-08-24 10:09:48,446] - DBTask::process(): took 1.60 seconds
sql:(show index from tbl_Halls)
  WARN root [2018-08-24 10:09:48,447] - DBTask::process(): took 1.13 seconds
sql:(show index from tbl_Room)
  WARN root [2018-08-24 10:09:48,467] - e:\kbengine\kbe\src\server\dbmgr\dbmgr.cpp:275: Profile scriptCall took 6.75 seconds
  INFO root [2018-08-24 10:09:48,885] - ---- dbmgr is running ----
 DEBUG root [2018-08-24 10:09:48,885] - Components::process(): Request for the process of identity...
  INFO root [2018-08-24 10:09:55,313] - ServerApp::onRegisterNewApp: uid:32725, username:, componentType:cellappmgr, componentID:6000, globalorderID=-1, grouporderID=-1, intaddr:192.168.0.106, intport:49710, extaddr:nonsupport, extport:0,  from 192.168.0.106:49727/0/0/0.
  INFO root [2018-08-24 10:09:55,314] - Components::addComponent: reset orderLog, uid=32725!
  INFO root [2018-08-24 10:09:55,314] - Components::addComponent[cellappmgr], uid=32725, componentID=6000, globalorderid=1, grouporderid=1, totalcount=1
  INFO root [2018-08-24 10:09:55,961] - ServerApp::onRegisterNewApp: uid:32725, username:, componentType:baseappmgr, componentID:5000, globalorderID=-1, grouporderID=-1, intaddr:192.168.0.106, intport:49712, extaddr:nonsupport, extport:0,  from 192.168.0.106:49730/0/0/0.
  INFO root [2018-08-24 10:09:55,962] - Components::addComponent[baseappmgr], uid=32725, componentID=5000, globalorderid=2, grouporderid=1, totalcount=1
  INFO root [2018-08-24 10:09:56,281] - Components::findComponents: find logger(1)...
  INFO root [2018-08-24 10:09:56,306] - Components::findComponents: found logger, addr:192.168.0.106:49709
  INFO root [2018-08-24 10:09:56,306] - Components::addComponent[logger], uid=32725, componentID=2000, globalorderid=3, grouporderid=1, totalcount=1
  WARN root [2018-08-24 10:09:56,339] - Forwarding logs to logger[192.168.0.106:49709/0/0/0]...
 ERROR root [2018-08-24 11:55:15,270] - Components::removeComponentByChannel: logger : 2000, Abnormal exit! errorno=10054
  INFO root [2018-08-24 11:55:15,271] - The following logs sent to logger failed:
  WARN root [2018-08-24 11:55:15,271] - ==> [2018-08-24 11:55:15 269] TCPPacketReceiver::processPendingEvents(192.168.0.106:49709): Throwing REASON_GENERAL_NETWORK - WSAECONNRESET
 ERROR root [2018-08-24 11:55:15,271] - ==> [2018-08-24 11:55:15 270] Components::removeComponentByChannel: logger : 2000, Abnormal exit! errorno=10054
  INFO root [2018-08-24 11:55:16,491] - 
  INFO root [2018-08-24 11:55:16,493] - -----------------------------------------------------------------------------------------


  INFO root [2018-08-24 11:55:16,493] - Resmgr::initialize: KBE_ROOT=E:/kbengine/
  INFO root [2018-08-24 11:55:16,493] - Resmgr::initialize: KBE_RES_PATH=E:/kbengine/kbe/res/;E:/kbengine/assets/;E:/kbengine/assets/scripts/;E:/kbengine/assets/res/
  INFO root [2018-08-24 11:55:16,493] - Resmgr::initialize: KBE_BIN_PATH=E:/kbengine/kbe/bin/server/
  INFO root [2018-08-24 11:55:16,501] - NetworkInterface::initialize(INTERNAL): bound to all interfaces with default route interface on 192.168.0.106 ( 192.168.0.106:50555 )
  INFO root [2018-08-24 11:55:16,501] - NetworkInterface::initialize(INTERNAL): address 192.168.0.106:50555, SOMAXCONN=5.
  INFO root [2018-08-24 11:55:16,501] - server-configs:
  INFO root [2018-08-24 11:55:16,501] - 	internalAddr : 192.168.0.106:50555
  INFO root [2018-08-24 11:55:16,502] - 	componentID : 4000
  INFO root [2018-08-24 11:55:18,019] - ---- dbmgr Version: 2.0.0. ScriptVersion: 0.1.0. Protocol: F28F1C37BCC70CD27B77841D4A30E3D7. Config: Debug X86. Built: 15:52:44 Apr 29 2018. AppID: 4000. UID: 20736. PID: 11080 ----
  INFO root [2018-08-24 11:55:18,023] - Server : Intel(R) Xeon(R) CPU E3-1230 v3 @ 3.30GHz with 4194303kB RAM
  INFO root [2018-08-24 11:55:18,024] - ThreadPool::createThreadPool: creating  threadpool...
  INFO root [2018-08-24 11:55:18,026] - ThreadPool::createThreadPool: successfully(2), newThreadCount=1, normalMaxThreadCount=2, maxThreadCount=8
 DEBUG root [2018-08-24 11:55:18,169] - Script::install_py_dlls(): PyInit_pyexpat
 DEBUG root [2018-08-24 11:55:18,169] - Script::install_py_dlls(): PyInit__socket
 DEBUG root [2018-08-24 11:55:18,169] - Script::install_py_dlls(): PyInit__ssl
 DEBUG root [2018-08-24 11:55:18,172] - Script::install_py_dlls(): PyInit__hashlib
 DEBUG root [2018-08-24 11:55:18,173] - Script::install_py_dlls(): PyInit_select
 DEBUG root [2018-08-24 11:55:18,173] - Script::install_py_dlls(): PyInit__ctypes
 DEBUG root [2018-08-24 11:55:18,173] - Script::install_py_dlls(): PyInit__elementtree
 DEBUG root [2018-08-24 11:55:18,201] - Script::install_py_dlls(): PyInit_unicodedata
  INFO root [2018-08-24 11:55:18,229] - Script::install(): is successfully, Python=(3.4.2 (default, Apr 29 2018, 15:52:37) [MSC v.1913 32 bit (Intel)])!
  INFO root [2018-08-24 11:55:18,229] - Script::install(): KBExtra is successfully!
  INFO root [2018-08-24 11:55:18,247] - Dbmgr::initializeEnd: digest(7F4FC8296AD553545CD95B23EFF6238F)
S_INFO root [2018-08-24 11:55:18,247] - onDBMgrReady: bootstrapGroupIndex=0, bootstrapGlobalIndex=0
  INFO root [2018-08-24 11:55:18,247] - TelnetServer server is running on port 32000
  INFO root [2018-08-24 11:55:18,247] - Dbmgr::initInterfacesHandler: interfaces addr(127.0.0.1:30099), accountType:(interfaces), chargeType:(interfaces).
  WARN root [2018-08-24 11:55:18,577] - DBUtil::initialize: db(default) password is not encrypted!
please use password(rsa):
09D99D28338DADCFF13C977CEC048A9DCA680D6CA27366308BE78525C227328ED724E79327866DB2025BDB2B46BB5C7A1B062AB3CD54F99B1BDF3A3D6EB721889A157A1360E07C291B58581975EA8DB69E31074D2E4DA25661B698B1B115EE8030470FD25483B26271468967BBECB82E599C055DF1E2FF30FA073F8DFECBDE2A
 DEBUG root [2018-08-24 11:55:18,578] - DBInterfaceMysql::attach: connect: localhost:3306 starting...
 DEBUG root [2018-08-24 11:55:18,581] - DBInterfaceMysql::attach: successfully! addr: localhost:3306
  INFO root [2018-08-24 11:55:18,581] - DBUtil::createInterface[0x24f430]: interface=default, dbtype=mysql, ip=localhost, port=3306, currdatabase=kbe, username=kbe, connected=yes.

  INFO root [2018-08-24 11:55:18,581] - ThreadPool::createThreadPool: creating  threadpool...
 DEBUG root [2018-08-24 11:55:18,581] - DBInterfaceMysql::attach: connect: localhost:3306 starting...
 DEBUG root [2018-08-24 11:55:18,582] - DBInterfaceMysql::attach: connect: localhost:3306 starting...
 DEBUG root [2018-08-24 11:55:18,582] - DBInterfaceMysql::attach: connect: localhost:3306 starting...
  INFO root [2018-08-24 11:55:18,582] - ThreadPool::createThreadPool: successfully(5), newThreadCount=5, normalMaxThreadCount=5, maxThreadCount=5
 DEBUG root [2018-08-24 11:55:18,582] - DBInterfaceMysql::attach: connect: localhost:3306 starting...
 DEBUG root [2018-08-24 11:55:18,582] - DBInterfaceMysql::attach: connect: localhost:3306 starting...
 DEBUG root [2018-08-24 11:55:18,583] - DBInterfaceMysql::attach: successfully! addr: localhost:3306
 DEBUG root [2018-08-24 11:55:18,583] - DBInterfaceMysql::attach: successfully! addr: localhost:3306
 DEBUG root [2018-08-24 11:55:18,583] - DBThread::onStart(): 0x6d82f8!
 DEBUG root [2018-08-24 11:55:18,583] - DBThread::onStart(): 0x6d8380!
 DEBUG root [2018-08-24 11:55:18,583] - DBInterfaceMysql::attach: successfully! addr: localhost:3306
 DEBUG root [2018-08-24 11:55:18,584] - DBInterfaceMysql::attach: successfully! addr: localhost:3306
 DEBUG root [2018-08-24 11:55:18,584] - DBThread::onStart(): 0x6d8408!
 DEBUG root [2018-08-24 11:55:18,584] - DBInterfaceMysql::attach: successfully! addr: localhost:3306
 DEBUG root [2018-08-24 11:55:18,584] - DBThread::onStart(): 0x6d8490!
 DEBUG root [2018-08-24 11:55:18,584] - DBThread::onStart(): 0x6d8518!
  INFO root [2018-08-24 11:55:18,683] - DBInterfaceMysql::query: successfully!
  INFO root [2018-08-24 11:55:18,685] - DBInterfaceMysql::query: successfully!
  INFO root [2018-08-24 11:55:18,685] - DBInterfaceMysql::query: successfully!
  INFO root [2018-08-24 11:55:18,685] - DBInterfaceMysql::query: successfully!
  INFO root [2018-08-24 11:55:18,686] - DBInterfaceMysql::query: successfully!
  INFO root [2018-08-24 11:55:18,686] - DBInterfaceMysql::query: successfully!
  INFO root [2018-08-24 11:55:18,686] - DBInterfaceMysql::query: successfully!
  INFO root [2018-08-24 11:55:18,686] - DBInterfaceMysql::query: successfully!
  INFO root [2018-08-24 11:55:18,687] - DBInterfaceMysql::query: successfully!
  INFO root [2018-08-24 11:55:18,724] - DBInterfaceMysql::query: successfully!
  WARN root [2018-08-24 11:55:18,755] - e:\kbengine\kbe\src\server\dbmgr\dbmgr.cpp:275: Profile scriptCall took 0.51 seconds
  INFO root [2018-08-24 11:55:19,047] - ---- dbmgr is running ----
 DEBUG root [2018-08-24 11:55:19,048] - Components::process(): Request for the process of identity...
  INFO root [2018-08-24 11:55:26,128] - Components::findComponents: find logger(1)...
  INFO root [2018-08-24 11:55:26,207] - Components::findComponents: found logger, addr:192.168.0.106:50561
  INFO root [2018-08-24 11:55:26,208] - Components::addComponent: reset orderLog, uid=20736!
  INFO root [2018-08-24 11:55:26,209] - Components::addComponent[logger], uid=20736, componentID=2000, globalorderid=1, grouporderid=1, totalcount=1
  WARN root [2018-08-24 11:55:26,211] - Forwarding logs to logger[192.168.0.106:50561/0/0/0]...
 ERROR root [2018-08-24 12:03:13,058] - Components::removeComponentByChannel: logger : 2000, Abnormal exit! errorno=10054
  INFO root [2018-08-24 12:03:13,062] - The following logs sent to logger failed:
  WARN root [2018-08-24 12:03:13,062] - ==> [2018-08-24 12:03:13 056] TCPPacketReceiver::processPendingEvents(192.168.0.106:50561): Throwing REASON_GENERAL_NETWORK - WSAECONNRESET
 ERROR root [2018-08-24 12:03:13,062] - ==> [2018-08-24 12:03:13 058] Components::removeComponentByChannel: logger : 2000, Abnormal exit! errorno=10054
  INFO root [2018-08-24 12:03:14,250] - 
  INFO root [2018-08-24 12:03:14,250] - -----------------------------------------------------------------------------------------


  INFO root [2018-08-24 12:03:14,251] - Resmgr::initialize: KBE_ROOT=E:/kbengine/
  INFO root [2018-08-24 12:03:14,251] - Resmgr::initialize: KBE_RES_PATH=E:/kbengine/kbe/res/;E:/kbengine/assets/;E:/kbengine/assets/scripts/;E:/kbengine/assets/res/
  INFO root [2018-08-24 12:03:14,251] - Resmgr::initialize: KBE_BIN_PATH=E:/kbengine/kbe/bin/server/
  INFO root [2018-08-24 12:03:14,253] - NetworkInterface::initialize(INTERNAL): bound to all interfaces with default route interface on 192.168.0.106 ( 192.168.0.106:50693 )
  INFO root [2018-08-24 12:03:14,253] - NetworkInterface::initialize(INTERNAL): address 192.168.0.106:50693, SOMAXCONN=5.
  INFO root [2018-08-24 12:03:14,254] - server-configs:
  INFO root [2018-08-24 12:03:14,254] - 	internalAddr : 192.168.0.106:50693
  INFO root [2018-08-24 12:03:14,254] - 	componentID : 4000
  WARN root [2018-08-24 12:03:14,564] - BundleBroadcast::BundleBroadcast: Cannot bind to port 20454, errorno=10048
  INFO root [2018-08-24 12:03:14,569] - ---- dbmgr Version: 2.0.0. ScriptVersion: 0.1.0. Protocol: F28F1C37BCC70CD27B77841D4A30E3D7. Config: Debug X86. Built: 15:52:44 Apr 29 2018. AppID: 4000. UID: 22294. PID: 11988 ----
  INFO root [2018-08-24 12:03:14,569] - Server : Intel(R) Xeon(R) CPU E3-1230 v3 @ 3.30GHz with 4194303kB RAM
  INFO root [2018-08-24 12:03:14,569] - ThreadPool::createThreadPool: creating  threadpool...
  INFO root [2018-08-24 12:03:14,570] - ThreadPool::createThreadPool: successfully(2), newThreadCount=1, normalMaxThreadCount=2, maxThreadCount=8
 DEBUG root [2018-08-24 12:03:14,702] - Script::install_py_dlls(): PyInit_pyexpat
 DEBUG root [2018-08-24 12:03:14,702] - Script::install_py_dlls(): PyInit__socket
 DEBUG root [2018-08-24 12:03:14,703] - Script::install_py_dlls(): PyInit__ssl
 DEBUG root [2018-08-24 12:03:14,706] - Script::install_py_dlls(): PyInit__hashlib
 DEBUG root [2018-08-24 12:03:14,707] - Script::install_py_dlls(): PyInit_select
 DEBUG root [2018-08-24 12:03:14,707] - Script::install_py_dlls(): PyInit__ctypes
 DEBUG root [2018-08-24 12:03:14,707] - Script::install_py_dlls(): PyInit__elementtree
 DEBUG root [2018-08-24 12:03:14,738] - Script::install_py_dlls(): PyInit_unicodedata
  INFO root [2018-08-24 12:03:14,772] - Script::install(): is successfully, Python=(3.4.2 (default, Apr 29 2018, 15:52:37) [MSC v.1913 32 bit (Intel)])!
  INFO root [2018-08-24 12:03:14,772] - Script::install(): KBExtra is successfully!
  INFO root [2018-08-24 12:03:14,794] - Dbmgr::initializeEnd: digest(7F4FC8296AD553545CD95B23EFF6238F)
S_INFO root [2018-08-24 12:03:14,794] - onDBMgrReady: bootstrapGroupIndex=0, bootstrapGlobalIndex=0
  INFO root [2018-08-24 12:03:14,794] - TelnetServer server is running on port 32000
  INFO root [2018-08-24 12:03:14,795] - Dbmgr::initInterfacesHandler: interfaces addr(127.0.0.1:30099), accountType:(interfaces), chargeType:(interfaces).
  WARN root [2018-08-24 12:03:15,107] - DBUtil::initialize: db(default) password is not encrypted!
please use password(rsa):
5C7AE59FB672EA6466F14C8E2059BE1B84BF920D6F829DD9F0A1A65CE32AE8F7BD0953CEB306A8F84C27B9BDB07D6E43C4D3100B6F0F8A6576DF14FF9B900B2EC09345C6BD6D578D71768D977E6A1F0C59468DEBC71F0A2171E182DEFEDCA2A321790F353146FD36745BEB97A89F69C1F0002A4173C597BF136EF3EB5F903172
 DEBUG root [2018-08-24 12:03:15,108] - DBInterfaceMysql::attach: connect: localhost:3306 starting...
 DEBUG root [2018-08-24 12:03:15,110] - DBInterfaceMysql::attach: successfully! addr: localhost:3306
  INFO root [2018-08-24 12:03:15,110] - DBUtil::createInterface[0x3cf450]: interface=default, dbtype=mysql, ip=localhost, port=3306, currdatabase=kbe, username=kbe, connected=yes.

  INFO root [2018-08-24 12:03:15,110] - ThreadPool::createThreadPool: creating  threadpool...
 DEBUG root [2018-08-24 12:03:15,111] - DBInterfaceMysql::attach: connect: localhost:3306 starting...
 DEBUG root [2018-08-24 12:03:15,111] - DBInterfaceMysql::attach: connect: localhost:3306 starting...
 DEBUG root [2018-08-24 12:03:15,111] - DBInterfaceMysql::attach: connect: localhost:3306 starting...
  INFO root [2018-08-24 12:03:15,111] - ThreadPool::createThreadPool: successfully(5), newThreadCount=5, normalMaxThreadCount=5, maxThreadCount=5
 DEBUG root [2018-08-24 12:03:15,111] - DBInterfaceMysql::attach: connect: localhost:3306 starting...
 DEBUG root [2018-08-24 12:03:15,111] - DBInterfaceMysql::attach: connect: localhost:3306 starting...
 DEBUG root [2018-08-24 12:03:15,113] - DBInterfaceMysql::attach: successfully! addr: localhost:3306
 DEBUG root [2018-08-24 12:03:15,113] - DBThread::onStart(): 0x8382f8!
 DEBUG root [2018-08-24 12:03:15,113] - DBInterfaceMysql::attach: successfully! addr: localhost:3306
 DEBUG root [2018-08-24 12:03:15,113] - DBInterfaceMysql::attach: successfully! addr: localhost:3306
 DEBUG root [2018-08-24 12:03:15,113] - DBThread::onStart(): 0x838380!
 DEBUG root [2018-08-24 12:03:15,113] - DBInterfaceMysql::attach: successfully! addr: localhost:3306
 DEBUG root [2018-08-24 12:03:15,113] - DBThread::onStart(): 0x838408!
 DEBUG root [2018-08-24 12:03:15,113] - DBInterfaceMysql::attach: successfully! addr: localhost:3306
 DEBUG root [2018-08-24 12:03:15,113] - DBThread::onStart(): 0x838490!
 DEBUG root [2018-08-24 12:03:15,113] - DBThread::onStart(): 0x838518!
  INFO root [2018-08-24 12:03:15,216] - DBInterfaceMysql::query: successfully!
  INFO root [2018-08-24 12:03:15,221] - DBInterfaceMysql::query: successfully!
  INFO root [2018-08-24 12:03:15,224] - DBInterfaceMysql::query: successfully!
  INFO root [2018-08-24 12:03:15,224] - DBInterfaceMysql::query: successfully!
  INFO root [2018-08-24 12:03:15,225] - DBInterfaceMysql::query: successfully!
  INFO root [2018-08-24 12:03:15,225] - DBInterfaceMysql::query: successfully!
  INFO root [2018-08-24 12:03:15,227] - DBInterfaceMysql::query: successfully!
  INFO root [2018-08-24 12:03:15,227] - DBInterfaceMysql::query: successfully!
  INFO root [2018-08-24 12:03:15,228] - DBInterfaceMysql::query: successfully!
  INFO root [2018-08-24 12:03:15,256] - DBInterfaceMysql::query: successfully!
  WARN root [2018-08-24 12:03:15,293] - e:\kbengine\kbe\src\server\dbmgr\dbmgr.cpp:275: Profile scriptCall took 0.50 seconds
  INFO root [2018-08-24 12:03:15,611] - ---- dbmgr is running ----
 DEBUG root [2018-08-24 12:03:15,611] - Components::process(): Request for the process of identity...
  INFO root [2018-08-24 12:03:22,734] - Components::findComponents: find logger(1)...
  INFO root [2018-08-24 12:03:22,798] - Components::findComponents: found logger, addr:192.168.0.106:50687
  INFO root [2018-08-24 12:03:22,799] - Components::addComponent: reset orderLog, uid=22294!
  INFO root [2018-08-24 12:03:22,800] - Components::addComponent[logger], uid=22294, componentID=2000, globalorderid=1, grouporderid=1, totalcount=1
  WARN root [2018-08-24 12:03:22,802] - Forwarding logs to logger[192.168.0.106:50687/0/0/0]...
 ERROR root [2018-08-24 12:07:34,093] - Components::removeComponentByChannel: logger : 2000, Abnormal exit! errorno=10054
  INFO root [2018-08-24 12:07:34,097] - The following logs sent to logger failed:
  WARN root [2018-08-24 12:07:34,098] - ==> [2018-08-24 12:07:34 092] TCPPacketReceiver::processPendingEvents(192.168.0.106:50687): Throwing REASON_GENERAL_NETWORK - WSAECONNRESET
 ERROR root [2018-08-24 12:07:34,098] - ==> [2018-08-24 12:07:34 093] Components::removeComponentByChannel: logger : 2000, Abnormal exit! errorno=10054
  INFO root [2018-08-24 12:07:35,273] - 
  INFO root [2018-08-24 12:07:35,273] - -----------------------------------------------------------------------------------------


  INFO root [2018-08-24 12:07:35,274] - Resmgr::initialize: KBE_ROOT=E:/kbengine/
  INFO root [2018-08-24 12:07:35,274] - Resmgr::initialize: KBE_RES_PATH=E:/kbengine/kbe/res/;E:/kbengine/assets/;E:/kbengine/assets/scripts/;E:/kbengine/assets/res/
  INFO root [2018-08-24 12:07:35,274] - Resmgr::initialize: KBE_BIN_PATH=E:/kbengine/kbe/bin/server/
  INFO root [2018-08-24 12:07:35,279] - NetworkInterface::initialize(INTERNAL): bound to all interfaces with default route interface on 192.168.0.106 ( 192.168.0.106:50744 )
  INFO root [2018-08-24 12:07:35,279] - NetworkInterface::initialize(INTERNAL): address 192.168.0.106:50744, SOMAXCONN=5.
  INFO root [2018-08-24 12:07:35,279] - server-configs:
  INFO root [2018-08-24 12:07:35,279] - 	internalAddr : 192.168.0.106:50744
  INFO root [2018-08-24 12:07:35,279] - 	componentID : 4000
  WARN root [2018-08-24 12:07:35,593] - BundleBroadcast::BundleBroadcast: Cannot bind to port 20923, errorno=10048
  INFO root [2018-08-24 12:07:35,596] - ---- dbmgr Version: 2.0.0. ScriptVersion: 0.1.0. Protocol: F28F1C37BCC70CD27B77841D4A30E3D7. Config: Debug X86. Built: 15:52:44 Apr 29 2018. AppID: 4000. UID: 23146. PID: 10456 ----
  INFO root [2018-08-24 12:07:35,596] - Server : Intel(R) Xeon(R) CPU E3-1230 v3 @ 3.30GHz with 4194303kB RAM
  INFO root [2018-08-24 12:07:35,597] - ThreadPool::createThreadPool: creating  threadpool...
  INFO root [2018-08-24 12:07:35,597] - ThreadPool::createThreadPool: successfully(2), newThreadCount=1, normalMaxThreadCount=2, maxThreadCount=8
 DEBUG root [2018-08-24 12:07:35,726] - Script::install_py_dlls(): PyInit_pyexpat
 DEBUG root [2018-08-24 12:07:35,727] - Script::install_py_dlls(): PyInit__socket
 DEBUG root [2018-08-24 12:07:35,727] - Script::install_py_dlls(): PyInit__ssl
 DEBUG root [2018-08-24 12:07:35,731] - Script::install_py_dlls(): PyInit__hashlib
 DEBUG root [2018-08-24 12:07:35,731] - Script::install_py_dlls(): PyInit_select
 DEBUG root [2018-08-24 12:07:35,731] - Script::install_py_dlls(): PyInit__ctypes
 DEBUG root [2018-08-24 12:07:35,731] - Script::install_py_dlls(): PyInit__elementtree
 DEBUG root [2018-08-24 12:07:35,761] - Script::install_py_dlls(): PyInit_unicodedata
  INFO root [2018-08-24 12:07:35,790] - Script::install(): is successfully, Python=(3.4.2 (default, Apr 29 2018, 15:52:37) [MSC v.1913 32 bit (Intel)])!
  INFO root [2018-08-24 12:07:35,790] - Script::install(): KBExtra is successfully!
  INFO root [2018-08-24 12:07:35,812] - Dbmgr::initializeEnd: digest(7F4FC8296AD553545CD95B23EFF6238F)
S_INFO root [2018-08-24 12:07:35,812] - onDBMgrReady: bootstrapGroupIndex=0, bootstrapGlobalIndex=0
  INFO root [2018-08-24 12:07:35,812] - TelnetServer server is running on port 32000
  INFO root [2018-08-24 12:07:35,812] - Dbmgr::initInterfacesHandler: interfaces addr(127.0.0.1:30099), accountType:(interfaces), chargeType:(interfaces).
  WARN root [2018-08-24 12:07:36,105] - DBUtil::initialize: db(default) password is not encrypted!
please use password(rsa):
D40870E8E4FC72C2C7496D263603AE52B2BED37E3F77DEFD3CC853BCC2B9FF4004ACE6A6F985DC7C740C01487D6A98C06F57F7CDD8289963D8A15FD3B470DC5CFEC9C1ED8EFD80D0D379B0A1556F53CA6D21BE7B652AB3D7235DB4816B6F08C490C6EE9AE74744B105F0499CC323548A361F2386E0BFFCA36F3153DFC3EEBCB8
 DEBUG root [2018-08-24 12:07:36,106] - DBInterfaceMysql::attach: connect: localhost:3306 starting...
 DEBUG root [2018-08-24 12:07:36,109] - DBInterfaceMysql::attach: successfully! addr: localhost:3306
  INFO root [2018-08-24 12:07:36,109] - DBUtil::createInterface[0x17ced78]: interface=default, dbtype=mysql, ip=localhost, port=3306, currdatabase=kbe, username=kbe, connected=yes.

  INFO root [2018-08-24 12:07:36,109] - ThreadPool::createThreadPool: creating  threadpool...
 DEBUG root [2018-08-24 12:07:36,109] - DBInterfaceMysql::attach: connect: localhost:3306 starting...
 DEBUG root [2018-08-24 12:07:36,109] - DBInterfaceMysql::attach: connect: localhost:3306 starting...
  INFO root [2018-08-24 12:07:36,110] - ThreadPool::createThreadPool: successfully(5), newThreadCount=5, normalMaxThreadCount=5, maxThreadCount=5
 DEBUG root [2018-08-24 12:07:36,110] - DBInterfaceMysql::attach: connect: localhost:3306 starting...
 DEBUG root [2018-08-24 12:07:36,110] - DBInterfaceMysql::attach: connect: localhost:3306 starting...
 DEBUG root [2018-08-24 12:07:36,110] - DBInterfaceMysql::attach: connect: localhost:3306 starting...
 DEBUG root [2018-08-24 12:07:36,111] - DBInterfaceMysql::attach: successfully! addr: localhost:3306
 DEBUG root [2018-08-24 12:07:36,111] - DBThread::onStart(): 0x19782f8!
 DEBUG root [2018-08-24 12:07:36,111] - DBInterfaceMysql::attach: successfully! addr: localhost:3306
 DEBUG root [2018-08-24 12:07:36,111] - DBThread::onStart(): 0x1978490!
 DEBUG root [2018-08-24 12:07:36,111] - DBInterfaceMysql::attach: successfully! addr: localhost:3306
 DEBUG root [2018-08-24 12:07:36,111] - DBInterfaceMysql::attach: successfully! addr: localhost:3306
 DEBUG root [2018-08-24 12:07:36,112] - DBThread::onStart(): 0x1978518!
 DEBUG root [2018-08-24 12:07:36,112] - DBThread::onStart(): 0x1978408!
 DEBUG root [2018-08-24 12:07:36,112] - DBInterfaceMysql::attach: successfully! addr: localhost:3306
 DEBUG root [2018-08-24 12:07:36,112] - DBThread::onStart(): 0x1978380!
  INFO root [2018-08-24 12:07:36,213] - DBInterfaceMysql::query: successfully!
  INFO root [2018-08-24 12:07:36,216] - DBInterfaceMysql::query: successfully!
  INFO root [2018-08-24 12:07:36,217] - DBInterfaceMysql::query: successfully!
  INFO root [2018-08-24 12:07:36,218] - DBInterfaceMysql::query: successfully!
  INFO root [2018-08-24 12:07:36,218] - DBInterfaceMysql::query: successfully!
  INFO root [2018-08-24 12:07:36,219] - DBInterfaceMysql::query: successfully!
  INFO root [2018-08-24 12:07:36,219] - DBInterfaceMysql::query: successfully!
  INFO root [2018-08-24 12:07:36,220] - DBInterfaceMysql::query: successfully!
  INFO root [2018-08-24 12:07:36,221] - DBInterfaceMysql::query: successfully!
  INFO root [2018-08-24 12:07:36,263] - DBInterfaceMysql::query: successfully!
  WARN root [2018-08-24 12:07:36,279] - e:\kbengine\kbe\src\server\dbmgr\dbmgr.cpp:275: Profile scriptCall took 0.47 seconds
  INFO root [2018-08-24 12:07:36,587] - ---- dbmgr is running ----
 DEBUG root [2018-08-24 12:07:36,587] - Components::process(): Request for the process of identity...
  WARN root [2018-08-24 12:07:39,935] - BundleBroadcast::BundleBroadcast: Cannot bind to port 20086, errorno=10048
  INFO root [2018-08-24 12:07:44,033] - Components::findComponents: find logger(1)...
  INFO root [2018-08-24 12:07:44,085] - Components::findComponents: found logger, addr:192.168.0.106:50751
  INFO root [2018-08-24 12:07:44,086] - Components::addComponent: reset orderLog, uid=23146!
  INFO root [2018-08-24 12:07:44,086] - Components::addComponent[logger], uid=23146, componentID=2000, globalorderid=1, grouporderid=1, totalcount=1
  WARN root [2018-08-24 12:07:44,088] - Forwarding logs to logger[192.168.0.106:50751/0/0/0]...
 ERROR root [2018-08-24 12:15:38,389] - Components::removeComponentByChannel: logger : 2000, Abnormal exit! errorno=10054
  INFO root [2018-08-24 12:15:38,393] - The following logs sent to logger failed:
  WARN root [2018-08-24 12:15:38,394] - ==> [2018-08-24 12:15:38 387] TCPPacketReceiver::processPendingEvents(192.168.0.106:50751): Throwing REASON_GENERAL_NETWORK - WSAECONNRESET
 ERROR root [2018-08-24 12:15:38,394] - ==> [2018-08-24 12:15:38 390] Components::removeComponentByChannel: logger : 2000, Abnormal exit! errorno=10054
  INFO root [2018-08-24 12:15:39,565] - 
  INFO root [2018-08-24 12:15:39,566] - -----------------------------------------------------------------------------------------


  INFO root [2018-08-24 12:15:39,566] - Resmgr::initialize: KBE_ROOT=E:/kbengine/
  INFO root [2018-08-24 12:15:39,566] - Resmgr::initialize: KBE_RES_PATH=E:/kbengine/kbe/res/;E:/kbengine/assets/;E:/kbengine/assets/scripts/;E:/kbengine/assets/res/
  INFO root [2018-08-24 12:15:39,566] - Resmgr::initialize: KBE_BIN_PATH=E:/kbengine/kbe/bin/server/
  INFO root [2018-08-24 12:15:39,577] - NetworkInterface::initialize(INTERNAL): bound to all interfaces with default route interface on 192.168.0.106 ( 192.168.0.106:50883 )
  INFO root [2018-08-24 12:15:39,577] - NetworkInterface::initialize(INTERNAL): address 192.168.0.106:50883, SOMAXCONN=5.
  INFO root [2018-08-24 12:15:39,577] - server-configs:
  INFO root [2018-08-24 12:15:39,577] - 	internalAddr : 192.168.0.106:50883
  INFO root [2018-08-24 12:15:39,577] - 	componentID : 4000
  INFO root [2018-08-24 12:15:41,093] - ---- dbmgr Version: 2.0.0. ScriptVersion: 0.1.0. Protocol: F28F1C37BCC70CD27B77841D4A30E3D7. Config: Debug X86. Built: 15:52:44 Apr 29 2018. AppID: 4000. UID: 24730. PID: 11504 ----
  INFO root [2018-08-24 12:15:41,096] - Server : Intel(R) Xeon(R) CPU E3-1230 v3 @ 3.30GHz with 4194303kB RAM
  INFO root [2018-08-24 12:15:41,097] - ThreadPool::createThreadPool: creating  threadpool...
  INFO root [2018-08-24 12:15:41,098] - ThreadPool::createThreadPool: successfully(2), newThreadCount=1, normalMaxThreadCount=2, maxThreadCount=8
 DEBUG root [2018-08-24 12:15:41,267] - Script::install_py_dlls(): PyInit_pyexpat
 DEBUG root [2018-08-24 12:15:41,267] - Script::install_py_dlls(): PyInit__socket
 DEBUG root [2018-08-24 12:15:41,268] - Script::install_py_dlls(): PyInit__ssl
 DEBUG root [2018-08-24 12:15:41,271] - Script::install_py_dlls(): PyInit__hashlib
 DEBUG root [2018-08-24 12:15:41,271] - Script::install_py_dlls(): PyInit_select
 DEBUG root [2018-08-24 12:15:41,271] - Script::install_py_dlls(): PyInit__ctypes
 DEBUG root [2018-08-24 12:15:41,272] - Script::install_py_dlls(): PyInit__elementtree
 DEBUG root [2018-08-24 12:15:41,299] - Script::install_py_dlls(): PyInit_unicodedata
  INFO root [2018-08-24 12:15:41,326] - Script::install(): is successfully, Python=(3.4.2 (default, Apr 29 2018, 15:52:37) [MSC v.1913 32 bit (Intel)])!
  INFO root [2018-08-24 12:15:41,326] - Script::install(): KBExtra is successfully!
  INFO root [2018-08-24 12:15:41,345] - Dbmgr::initializeEnd: digest(7F4FC8296AD553545CD95B23EFF6238F)
S_INFO root [2018-08-24 12:15:41,345] - onDBMgrReady: bootstrapGroupIndex=0, bootstrapGlobalIndex=0
  INFO root [2018-08-24 12:15:41,345] - TelnetServer server is running on port 32000
  INFO root [2018-08-24 12:15:41,346] - Dbmgr::initInterfacesHandler: interfaces addr(127.0.0.1:30099), accountType:(interfaces), chargeType:(interfaces).
  WARN root [2018-08-24 12:15:41,660] - DBUtil::initialize: db(default) password is not encrypted!
please use password(rsa):
5A09D240EDC149440513A875FB7ED90BAA85285902428A0E3E88F1B1BF149C4F23FFFC3264DD655EF0D98A92AFDA02E915FF380F32AA6B798E1F3D4F6FC2DEDD2B4CBAADE838B2E9A146228C4BD50342E2424BC8D1FF87D3EDCCCD9A6B4FBDFE2ACE3C01F862C275EBA1B258F6018F1D98AF1445039376BB0032F30D1F2B5C4E
 DEBUG root [2018-08-24 12:15:41,661] - DBInterfaceMysql::attach: connect: localhost:3306 starting...
 DEBUG root [2018-08-24 12:15:41,663] - DBInterfaceMysql::attach: successfully! addr: localhost:3306
  INFO root [2018-08-24 12:15:41,663] - DBUtil::createInterface[0x40f2c8]: interface=default, dbtype=mysql, ip=localhost, port=3306, currdatabase=kbe, username=kbe, connected=yes.

  INFO root [2018-08-24 12:15:41,663] - ThreadPool::createThreadPool: creating  threadpool...
 DEBUG root [2018-08-24 12:15:41,664] - DBInterfaceMysql::attach: connect: localhost:3306 starting...
 DEBUG root [2018-08-24 12:15:41,664] - DBInterfaceMysql::attach: connect: localhost:3306 starting...
  INFO root [2018-08-24 12:15:41,664] - ThreadPool::createThreadPool: successfully(5), newThreadCount=5, normalMaxThreadCount=5, maxThreadCount=5
 DEBUG root [2018-08-24 12:15:41,664] - DBInterfaceMysql::attach: connect: localhost:3306 starting...
 DEBUG root [2018-08-24 12:15:41,664] - DBInterfaceMysql::attach: connect: localhost:3306 starting...
 DEBUG root [2018-08-24 12:15:41,664] - DBInterfaceMysql::attach: connect: localhost:3306 starting...
 DEBUG root [2018-08-24 12:15:41,665] - DBInterfaceMysql::attach: successfully! addr: localhost:3306
 DEBUG root [2018-08-24 12:15:41,665] - DBThread::onStart(): 0x1ef81e8!
 DEBUG root [2018-08-24 12:15:41,665] - DBInterfaceMysql::attach: successfully! addr: localhost:3306
 DEBUG root [2018-08-24 12:15:41,665] - DBThread::onStart(): 0x1ef8380!
 DEBUG root [2018-08-24 12:15:41,666] - DBInterfaceMysql::attach: successfully! addr: localhost:3306
 DEBUG root [2018-08-24 12:15:41,666] - DBThread::onStart(): 0x1ef82f8!
 DEBUG root [2018-08-24 12:15:41,666] - DBInterfaceMysql::attach: successfully! addr: localhost:3306
 DEBUG root [2018-08-24 12:15:41,666] - DBThread::onStart(): 0x1ef8408!
 DEBUG root [2018-08-24 12:15:41,666] - DBInterfaceMysql::attach: successfully! addr: localhost:3306
 DEBUG root [2018-08-24 12:15:41,666] - DBThread::onStart(): 0x1ef8270!
  INFO root [2018-08-24 12:15:41,765] - DBInterfaceMysql::query: successfully!
  INFO root [2018-08-24 12:15:41,766] - DBInterfaceMysql::query: successfully!
  INFO root [2018-08-24 12:15:41,767] - DBInterfaceMysql::query: successfully!
  INFO root [2018-08-24 12:15:41,767] - DBInterfaceMysql::query: successfully!
  INFO root [2018-08-24 12:15:41,767] - DBInterfaceMysql::query: successfully!
  INFO root [2018-08-24 12:15:41,768] - DBInterfaceMysql::query: successfully!
  INFO root [2018-08-24 12:15:41,768] - DBInterfaceMysql::query: successfully!
  INFO root [2018-08-24 12:15:41,768] - DBInterfaceMysql::query: successfully!
  INFO root [2018-08-24 12:15:41,768] - DBInterfaceMysql::query: successfully!
  INFO root [2018-08-24 12:15:41,795] - DBInterfaceMysql::query: successfully!
  WARN root [2018-08-24 12:15:41,838] - e:\kbengine\kbe\src\server\dbmgr\dbmgr.cpp:275: Profile scriptCall took 0.49 seconds
  INFO root [2018-08-24 12:15:42,134] - ---- dbmgr is running ----
 DEBUG root [2018-08-24 12:15:42,134] - Components::process(): Request for the process of identity...
  INFO root [2018-08-24 12:15:49,226] - Components::findComponents: find logger(1)...
  INFO root [2018-08-24 12:15:49,320] - Components::findComponents: found logger, addr:192.168.0.106:50884
  INFO root [2018-08-24 12:15:49,321] - Components::addComponent: reset orderLog, uid=24730!
  INFO root [2018-08-24 12:15:49,322] - Components::addComponent[logger], uid=24730, componentID=2000, globalorderid=1, grouporderid=1, totalcount=1
  WARN root [2018-08-24 12:15:49,324] - Forwarding logs to logger[192.168.0.106:50884/0/0/0]...
 ERROR root [2018-08-24 12:24:00,446] - Components::removeComponentByChannel: logger : 2000, Abnormal exit! errorno=10054
  INFO root [2018-08-24 12:24:00,450] - The following logs sent to logger failed:
  WARN root [2018-08-24 12:24:00,451] - ==> [2018-08-24 12:24:00 444] TCPPacketReceiver::processPendingEvents(192.168.0.106:50884): Throwing REASON_GENERAL_NETWORK - WSAECONNRESET
 ERROR root [2018-08-24 12:24:00,451] - ==> [2018-08-24 12:24:00 446] Components::removeComponentByChannel: logger : 2000, Abnormal exit! errorno=10054
  INFO root [2018-08-24 12:24:01,605] - 
  INFO root [2018-08-24 12:24:01,606] - -----------------------------------------------------------------------------------------


  INFO root [2018-08-24 12:24:01,606] - Resmgr::initialize: KBE_ROOT=E:/kbengine/
  INFO root [2018-08-24 12:24:01,606] - Resmgr::initialize: KBE_RES_PATH=E:/kbengine/kbe/res/;E:/kbengine/assets/;E:/kbengine/assets/scripts/;E:/kbengine/assets/res/
  INFO root [2018-08-24 12:24:01,607] - Resmgr::initialize: KBE_BIN_PATH=E:/kbengine/kbe/bin/server/
  INFO root [2018-08-24 12:24:01,610] - NetworkInterface::initialize(INTERNAL): bound to all interfaces with default route interface on 192.168.0.106 ( 192.168.0.106:50972 )
  INFO root [2018-08-24 12:24:01,610] - NetworkInterface::initialize(INTERNAL): address 192.168.0.106:50972, SOMAXCONN=5.
  INFO root [2018-08-24 12:24:01,610] - server-configs:
  INFO root [2018-08-24 12:24:01,610] - 	internalAddr : 192.168.0.106:50972
  INFO root [2018-08-24 12:24:01,610] - 	componentID : 4000
  INFO root [2018-08-24 12:24:03,130] - ---- dbmgr Version: 2.0.0. ScriptVersion: 0.1.0. Protocol: F28F1C37BCC70CD27B77841D4A30E3D7. Config: Debug X86. Built: 15:52:44 Apr 29 2018. AppID: 4000. UID: 26369. PID: 10804 ----
  INFO root [2018-08-24 12:24:03,131] - Server : Intel(R) Xeon(R) CPU E3-1230 v3 @ 3.30GHz with 4194303kB RAM
  INFO root [2018-08-24 12:24:03,132] - ThreadPool::createThreadPool: creating  threadpool...
  INFO root [2018-08-24 12:24:03,133] - ThreadPool::createThreadPool: successfully(2), newThreadCount=1, normalMaxThreadCount=2, maxThreadCount=8
 DEBUG root [2018-08-24 12:24:03,297] - Script::install_py_dlls(): PyInit_pyexpat
 DEBUG root [2018-08-24 12:24:03,297] - Script::install_py_dlls(): PyInit__socket
 DEBUG root [2018-08-24 12:24:03,298] - Script::install_py_dlls(): PyInit__ssl
 DEBUG root [2018-08-24 12:24:03,301] - Script::install_py_dlls(): PyInit__hashlib
 DEBUG root [2018-08-24 12:24:03,301] - Script::install_py_dlls(): PyInit_select
 DEBUG root [2018-08-24 12:24:03,301] - Script::install_py_dlls(): PyInit__ctypes
 DEBUG root [2018-08-24 12:24:03,302] - Script::install_py_dlls(): PyInit__elementtree
 DEBUG root [2018-08-24 12:24:03,331] - Script::install_py_dlls(): PyInit_unicodedata
  INFO root [2018-08-24 12:24:03,360] - Script::install(): is successfully, Python=(3.4.2 (default, Apr 29 2018, 15:52:37) [MSC v.1913 32 bit (Intel)])!
  INFO root [2018-08-24 12:24:03,360] - Script::install(): KBExtra is successfully!
  INFO root [2018-08-24 12:24:03,378] - Dbmgr::initializeEnd: digest(7F4FC8296AD553545CD95B23EFF6238F)
S_INFO root [2018-08-24 12:24:03,378] - onDBMgrReady: bootstrapGroupIndex=0, bootstrapGlobalIndex=0
  INFO root [2018-08-24 12:24:03,378] - TelnetServer server is running on port 32000
  INFO root [2018-08-24 12:24:03,378] - Dbmgr::initInterfacesHandler: interfaces addr(127.0.0.1:30099), accountType:(interfaces), chargeType:(interfaces).
  WARN root [2018-08-24 12:24:03,676] - DBUtil::initialize: db(default) password is not encrypted!
please use password(rsa):
887618BCAD687BC62A4814CB3C04243B01448CE96A174CC3B2B5E3E046D121814C093B7FBD81976B0381D60C6415F74CF184F2618DE42FD6C7D9980AC030F19D53A45252CCEAC830EB4C89B71EB11A55A2ECFCC8A664F98139A1E2BEC2BBEA737D2F63E70243B6FA154FAB05F2D9A3C00D7F353B030CB6AA718AF0D4BB547BDD
 DEBUG root [2018-08-24 12:24:03,678] - DBInterfaceMysql::attach: connect: localhost:3306 starting...
 DEBUG root [2018-08-24 12:24:03,680] - DBInterfaceMysql::attach: successfully! addr: localhost:3306
  INFO root [2018-08-24 12:24:03,680] - DBUtil::createInterface[0x3ef360]: interface=default, dbtype=mysql, ip=localhost, port=3306, currdatabase=kbe, username=kbe, connected=yes.

  INFO root [2018-08-24 12:24:03,680] - ThreadPool::createThreadPool: creating  threadpool...
 DEBUG root [2018-08-24 12:24:03,681] - DBInterfaceMysql::attach: connect: localhost:3306 starting...
 DEBUG root [2018-08-24 12:24:03,681] - DBInterfaceMysql::attach: connect: localhost:3306 starting...
  INFO root [2018-08-24 12:24:03,681] - ThreadPool::createThreadPool: successfully(5), newThreadCount=5, normalMaxThreadCount=5, maxThreadCount=5
 DEBUG root [2018-08-24 12:24:03,681] - DBInterfaceMysql::attach: connect: localhost:3306 starting...
 DEBUG root [2018-08-24 12:24:03,681] - DBInterfaceMysql::attach: connect: localhost:3306 starting...
 DEBUG root [2018-08-24 12:24:03,682] - DBInterfaceMysql::attach: connect: localhost:3306 starting...
 DEBUG root [2018-08-24 12:24:03,683] - DBInterfaceMysql::attach: successfully! addr: localhost:3306
 DEBUG root [2018-08-24 12:24:03,683] - DBInterfaceMysql::attach: successfully! addr: localhost:3306
 DEBUG root [2018-08-24 12:24:03,683] - DBThread::onStart(): 0x298380!
 DEBUG root [2018-08-24 12:24:03,683] - DBThread::onStart(): 0x2982f8!
 DEBUG root [2018-08-24 12:24:03,683] - DBInterfaceMysql::attach: successfully! addr: localhost:3306
 DEBUG root [2018-08-24 12:24:03,683] - DBThread::onStart(): 0x298408!
 DEBUG root [2018-08-24 12:24:03,684] - DBInterfaceMysql::attach: successfully! addr: localhost:3306
 DEBUG root [2018-08-24 12:24:03,684] - DBInterfaceMysql::attach: successfully! addr: localhost:3306
 DEBUG root [2018-08-24 12:24:03,684] - DBThread::onStart(): 0x298490!
 DEBUG root [2018-08-24 12:24:03,684] - DBThread::onStart(): 0x298518!
  INFO root [2018-08-24 12:24:03,783] - DBInterfaceMysql::query: successfully!
  INFO root [2018-08-24 12:24:03,784] - DBInterfaceMysql::query: successfully!
  INFO root [2018-08-24 12:24:03,784] - DBInterfaceMysql::query: successfully!
  INFO root [2018-08-24 12:24:03,784] - DBInterfaceMysql::query: successfully!
  INFO root [2018-08-24 12:24:03,785] - DBInterfaceMysql::query: successfully!
  INFO root [2018-08-24 12:24:03,785] - DBInterfaceMysql::query: successfully!
  INFO root [2018-08-24 12:24:03,785] - DBInterfaceMysql::query: successfully!
  INFO root [2018-08-24 12:24:03,785] - DBInterfaceMysql::query: successfully!
  INFO root [2018-08-24 12:24:03,786] - DBInterfaceMysql::query: successfully!
  INFO root [2018-08-24 12:24:03,818] - DBInterfaceMysql::query: successfully!
  WARN root [2018-08-24 12:24:03,854] - e:\kbengine\kbe\src\server\dbmgr\dbmgr.cpp:275: Profile scriptCall took 0.48 seconds
  INFO root [2018-08-24 12:24:04,149] - ---- dbmgr is running ----
 DEBUG root [2018-08-24 12:24:04,149] - Components::process(): Request for the process of identity...
  INFO root [2018-08-24 12:24:11,278] - Components::findComponents: find logger(1)...
  INFO root [2018-08-24 12:24:11,355] - Components::findComponents: found logger, addr:192.168.0.106:50978
  INFO root [2018-08-24 12:24:11,355] - Components::addComponent: reset orderLog, uid=26369!
  INFO root [2018-08-24 12:24:11,356] - Components::addComponent[logger], uid=26369, componentID=2000, globalorderid=1, grouporderid=1, totalcount=1
  WARN root [2018-08-24 12:24:11,358] - Forwarding logs to logger[192.168.0.106:50978/0/0/0]...
 ERROR root [2018-08-24 15:14:48,052] - Components::removeComponentByChannel: logger : 2000, Abnormal exit! errorno=10054
  INFO root [2018-08-24 15:14:48,062] - The following logs sent to logger failed:
  WARN root [2018-08-24 15:14:48,062] - ==> [2018-08-24 15:14:48 050] TCPPacketReceiver::processPendingEvents(192.168.0.106:50978): Throwing REASON_GENERAL_NETWORK - WSAECONNRESET
 ERROR root [2018-08-24 15:14:48,062] - ==> [2018-08-24 15:14:48 052] Components::removeComponentByChannel: logger : 2000, Abnormal exit! errorno=10054
  INFO root [2018-08-24 15:14:49,280] - 
  INFO root [2018-08-24 15:14:49,280] - -----------------------------------------------------------------------------------------


  INFO root [2018-08-24 15:14:49,281] - Resmgr::initialize: KBE_ROOT=E:/kbengine/
  INFO root [2018-08-24 15:14:49,281] - Resmgr::initialize: KBE_RES_PATH=E:/kbengine/kbe/res/;E:/kbengine/assets/;E:/kbengine/assets/scripts/;E:/kbengine/assets/res/
  INFO root [2018-08-24 15:14:49,281] - Resmgr::initialize: KBE_BIN_PATH=E:/kbengine/kbe/bin/server/
  INFO root [2018-08-24 15:14:49,290] - NetworkInterface::initialize(INTERNAL): bound to all interfaces with default route interface on 192.168.0.106 ( 192.168.0.106:51870 )
  INFO root [2018-08-24 15:14:49,290] - NetworkInterface::initialize(INTERNAL): address 192.168.0.106:51870, SOMAXCONN=5.
  INFO root [2018-08-24 15:14:49,290] - server-configs:
  INFO root [2018-08-24 15:14:49,290] - 	internalAddr : 192.168.0.106:51870
  INFO root [2018-08-24 15:14:49,290] - 	componentID : 4000
  WARN root [2018-08-24 15:14:49,604] - BundleBroadcast::BundleBroadcast: Cannot bind to port 20067, errorno=10048
  INFO root [2018-08-24 15:14:49,607] - ---- dbmgr Version: 2.0.0. ScriptVersion: 0.1.0. Protocol: F28F1C37BCC70CD27B77841D4A30E3D7. Config: Debug X86. Built: 15:52:44 Apr 29 2018. AppID: 4000. UID: 27063. PID: 8528 ----
  INFO root [2018-08-24 15:14:49,608] - Server : Intel(R) Xeon(R) CPU E3-1230 v3 @ 3.30GHz with 4194303kB RAM
  INFO root [2018-08-24 15:14:49,608] - ThreadPool::createThreadPool: creating  threadpool...
  INFO root [2018-08-24 15:14:49,608] - ThreadPool::createThreadPool: successfully(2), newThreadCount=1, normalMaxThreadCount=2, maxThreadCount=8
 DEBUG root [2018-08-24 15:14:49,737] - Script::install_py_dlls(): PyInit_pyexpat
 DEBUG root [2018-08-24 15:14:49,738] - Script::install_py_dlls(): PyInit__socket
 DEBUG root [2018-08-24 15:14:49,738] - Script::install_py_dlls(): PyInit__ssl
 DEBUG root [2018-08-24 15:14:49,741] - Script::install_py_dlls(): PyInit__hashlib
 DEBUG root [2018-08-24 15:14:49,741] - Script::install_py_dlls(): PyInit_select
 DEBUG root [2018-08-24 15:14:49,741] - Script::install_py_dlls(): PyInit__ctypes
 DEBUG root [2018-08-24 15:14:49,742] - Script::install_py_dlls(): PyInit__elementtree
 DEBUG root [2018-08-24 15:14:49,769] - Script::install_py_dlls(): PyInit_unicodedata
  INFO root [2018-08-24 15:14:49,800] - Script::install(): is successfully, Python=(3.4.2 (default, Apr 29 2018, 15:52:37) [MSC v.1913 32 bit (Intel)])!
  INFO root [2018-08-24 15:14:49,800] - Script::install(): KBExtra is successfully!
  INFO root [2018-08-24 15:14:49,819] - Dbmgr::initializeEnd: digest(7F4FC8296AD553545CD95B23EFF6238F)
S_INFO root [2018-08-24 15:14:49,819] - onDBMgrReady: bootstrapGroupIndex=0, bootstrapGlobalIndex=0
  INFO root [2018-08-24 15:14:49,819] - TelnetServer server is running on port 32000
  INFO root [2018-08-24 15:14:49,820] - Dbmgr::initInterfacesHandler: interfaces addr(127.0.0.1:30099), accountType:(interfaces), chargeType:(interfaces).
  WARN root [2018-08-24 15:14:50,128] - DBUtil::initialize: db(default) password is not encrypted!
please use password(rsa):
7C827787167B618D56A8554F575A1096EA189AF0997FEBFF9408ADE6E4B3D8421985D27B8ED4158D5AAFAF820BBB14908F930A14D6D8C02A2BAFDC4399EB85530055B84188CF87528D9A0D83ACEBBE853E3F124768E2B46B626CE7DAF252A6BFCDF1DDA3A76FE6548A22D140CADE64CBBD8FB5853F728558B8CC065A29702F99
 DEBUG root [2018-08-24 15:14:50,129] - DBInterfaceMysql::attach: connect: localhost:3306 starting...
 DEBUG root [2018-08-24 15:14:50,131] - DBInterfaceMysql::attach: successfully! addr: localhost:3306
  INFO root [2018-08-24 15:14:50,131] - DBUtil::createInterface[0x2bf17c]: interface=default, dbtype=mysql, ip=localhost, port=3306, currdatabase=kbe, username=kbe, connected=yes.

  INFO root [2018-08-24 15:14:50,131] - ThreadPool::createThreadPool: creating  threadpool...
 DEBUG root [2018-08-24 15:14:50,132] - DBInterfaceMysql::attach: connect: localhost:3306 starting...
 DEBUG root [2018-08-24 15:14:50,132] - DBInterfaceMysql::attach: connect: localhost:3306 starting...
 DEBUG root [2018-08-24 15:14:50,132] - DBInterfaceMysql::attach: connect: localhost:3306 starting...
  INFO root [2018-08-24 15:14:50,132] - ThreadPool::createThreadPool: successfully(5), newThreadCount=5, normalMaxThreadCount=5, maxThreadCount=5
 DEBUG root [2018-08-24 15:14:50,132] - DBInterfaceMysql::attach: connect: localhost:3306 starting...
 DEBUG root [2018-08-24 15:14:50,133] - DBInterfaceMysql::attach: connect: localhost:3306 starting...
 DEBUG root [2018-08-24 15:14:50,133] - DBInterfaceMysql::attach: successfully! addr: localhost:3306
 DEBUG root [2018-08-24 15:14:50,133] - DBThread::onStart(): 0x6a82f8!
 DEBUG root [2018-08-24 15:14:50,133] - DBInterfaceMysql::attach: successfully! addr: localhost:3306
 DEBUG root [2018-08-24 15:14:50,134] - DBThread::onStart(): 0x6a8408!
 DEBUG root [2018-08-24 15:14:50,134] - DBInterfaceMysql::attach: successfully! addr: localhost:3306
 DEBUG root [2018-08-24 15:14:50,134] - DBThread::onStart(): 0x6a8380!
 DEBUG root [2018-08-24 15:14:50,134] - DBInterfaceMysql::attach: successfully! addr: localhost:3306
 DEBUG root [2018-08-24 15:14:50,134] - DBInterfaceMysql::attach: successfully! addr: localhost:3306
 DEBUG root [2018-08-24 15:14:50,134] - DBThread::onStart(): 0x6a8518!
 DEBUG root [2018-08-24 15:14:50,134] - DBThread::onStart(): 0x6a8490!
  INFO root [2018-08-24 15:14:50,233] - DBInterfaceMysql::query: successfully!
  INFO root [2018-08-24 15:14:50,234] - DBInterfaceMysql::query: successfully!
  INFO root [2018-08-24 15:14:50,235] - DBInterfaceMysql::query: successfully!
  INFO root [2018-08-24 15:14:50,235] - DBInterfaceMysql::query: successfully!
  INFO root [2018-08-24 15:14:50,235] - DBInterfaceMysql::query: successfully!
  INFO root [2018-08-24 15:14:50,235] - DBInterfaceMysql::query: successfully!
  INFO root [2018-08-24 15:14:50,235] - DBInterfaceMysql::query: successfully!
  INFO root [2018-08-24 15:14:50,236] - DBInterfaceMysql::query: successfully!
  INFO root [2018-08-24 15:14:50,236] - DBInterfaceMysql::query: successfully!
  INFO root [2018-08-24 15:14:50,289] - DBInterfaceMysql::query: successfully!
  WARN root [2018-08-24 15:14:50,314] - e:\kbengine\kbe\src\server\dbmgr\dbmgr.cpp:275: Profile scriptCall took 0.49 seconds
  INFO root [2018-08-24 15:14:50,612] - ---- dbmgr is running ----
 DEBUG root [2018-08-24 15:14:50,612] - Components::process(): Request for the process of identity...
  INFO root [2018-08-24 15:14:57,719] - Components::findComponents: find logger(1)...
  INFO root [2018-08-24 15:14:57,799] - Components::findComponents: found logger, addr:192.168.0.106:51875
  INFO root [2018-08-24 15:14:57,800] - Components::addComponent: reset orderLog, uid=27063!
  INFO root [2018-08-24 15:14:57,800] - Components::addComponent[logger], uid=27063, componentID=2000, globalorderid=1, grouporderid=1, totalcount=1
  WARN root [2018-08-24 15:14:57,802] - Forwarding logs to logger[192.168.0.106:51875/0/0/0]...
 ERROR root [2018-08-24 15:40:46,147] - Components::removeComponentByChannel: logger : 2000, Abnormal exit! errorno=10054
  INFO root [2018-08-24 15:40:46,151] - The following logs sent to logger failed:
  WARN root [2018-08-24 15:40:46,151] - ==> [2018-08-24 15:40:46 142] TCPPacketReceiver::processPendingEvents(192.168.0.106:51875): Throwing REASON_GENERAL_NETWORK - WSAECONNRESET
 ERROR root [2018-08-24 15:40:46,152] - ==> [2018-08-24 15:40:46 147] Components::removeComponentByChannel: logger : 2000, Abnormal exit! errorno=10054
  INFO root [2018-08-24 15:40:47,375] - 
  INFO root [2018-08-24 15:40:47,375] - -----------------------------------------------------------------------------------------


  INFO root [2018-08-24 15:40:47,376] - Resmgr::initialize: KBE_ROOT=E:/kbengine/
  INFO root [2018-08-24 15:40:47,376] - Resmgr::initialize: KBE_RES_PATH=E:/kbengine/kbe/res/;E:/kbengine/assets/;E:/kbengine/assets/scripts/;E:/kbengine/assets/res/
  INFO root [2018-08-24 15:40:47,376] - Resmgr::initialize: KBE_BIN_PATH=E:/kbengine/kbe/bin/server/
  INFO root [2018-08-24 15:40:47,379] - NetworkInterface::initialize(INTERNAL): bound to all interfaces with default route interface on 192.168.0.106 ( 192.168.0.106:52116 )
  INFO root [2018-08-24 15:40:47,379] - NetworkInterface::initialize(INTERNAL): address 192.168.0.106:52116, SOMAXCONN=5.
  INFO root [2018-08-24 15:40:47,379] - server-configs:
  INFO root [2018-08-24 15:40:47,379] - 	internalAddr : 192.168.0.106:52116
  INFO root [2018-08-24 15:40:47,379] - 	componentID : 4000
  WARN root [2018-08-24 15:40:47,690] - BundleBroadcast::BundleBroadcast: Cannot bind to port 20329, errorno=10048
  INFO root [2018-08-24 15:40:47,693] - ---- dbmgr Version: 2.0.0. ScriptVersion: 0.1.0. Protocol: F28F1C37BCC70CD27B77841D4A30E3D7. Config: Debug X86. Built: 15:52:44 Apr 29 2018. AppID: 4000. UID: 32154. PID: 11092 ----
  INFO root [2018-08-24 15:40:47,694] - Server : Intel(R) Xeon(R) CPU E3-1230 v3 @ 3.30GHz with 4194303kB RAM
  INFO root [2018-08-24 15:40:47,694] - ThreadPool::createThreadPool: creating  threadpool...
  INFO root [2018-08-24 15:40:47,694] - ThreadPool::createThreadPool: successfully(2), newThreadCount=1, normalMaxThreadCount=2, maxThreadCount=8
 DEBUG root [2018-08-24 15:40:47,821] - Script::install_py_dlls(): PyInit_pyexpat
 DEBUG root [2018-08-24 15:40:47,822] - Script::install_py_dlls(): PyInit__socket
 DEBUG root [2018-08-24 15:40:47,822] - Script::install_py_dlls(): PyInit__ssl
 DEBUG root [2018-08-24 15:40:47,825] - Script::install_py_dlls(): PyInit__hashlib
 DEBUG root [2018-08-24 15:40:47,825] - Script::install_py_dlls(): PyInit_select
 DEBUG root [2018-08-24 15:40:47,825] - Script::install_py_dlls(): PyInit__ctypes
 DEBUG root [2018-08-24 15:40:47,826] - Script::install_py_dlls(): PyInit__elementtree
 DEBUG root [2018-08-24 15:40:47,855] - Script::install_py_dlls(): PyInit_unicodedata
  INFO root [2018-08-24 15:40:47,885] - Script::install(): is successfully, Python=(3.4.2 (default, Apr 29 2018, 15:52:37) [MSC v.1913 32 bit (Intel)])!
  INFO root [2018-08-24 15:40:47,885] - Script::install(): KBExtra is successfully!
  INFO root [2018-08-24 15:40:47,903] - Dbmgr::initializeEnd: digest(7F4FC8296AD553545CD95B23EFF6238F)
S_INFO root [2018-08-24 15:40:47,903] - onDBMgrReady: bootstrapGroupIndex=0, bootstrapGlobalIndex=0
  INFO root [2018-08-24 15:40:47,904] - TelnetServer server is running on port 32000
  INFO root [2018-08-24 15:40:47,904] - Dbmgr::initInterfacesHandler: interfaces addr(127.0.0.1:30099), accountType:(interfaces), chargeType:(interfaces).
  WARN root [2018-08-24 15:40:48,200] - DBUtil::initialize: db(default) password is not encrypted!
please use password(rsa):
13592BDAE7F7EA4914422B82A2A4CAE2EE2889A034E2F912D1BC08DE71368D9CDAAAAA804BFA92FB6767B10FB9B224CFF12C8206686CEBB182ED2259075DB6FA087156314A2B3197242D353F1567BDCD6794A3582A806CF3C57EACE6493D37398D8006C02DC534B4386505555B8318D8ED44259B775F7D187AB0A724DA18DB8C
 DEBUG root [2018-08-24 15:40:48,202] - DBInterfaceMysql::attach: connect: localhost:3306 starting...
 DEBUG root [2018-08-24 15:40:48,204] - DBInterfaceMysql::attach: successfully! addr: localhost:3306
  INFO root [2018-08-24 15:40:48,204] - DBUtil::createInterface[0x35f1c4]: interface=default, dbtype=mysql, ip=localhost, port=3306, currdatabase=kbe, username=kbe, connected=yes.

  INFO root [2018-08-24 15:40:48,204] - ThreadPool::createThreadPool: creating  threadpool...
 DEBUG root [2018-08-24 15:40:48,204] - DBInterfaceMysql::attach: connect: localhost:3306 starting...
 DEBUG root [2018-08-24 15:40:48,204] - DBInterfaceMysql::attach: connect: localhost:3306 starting...
 DEBUG root [2018-08-24 15:40:48,205] - DBInterfaceMysql::attach: connect: localhost:3306 starting...
  INFO root [2018-08-24 15:40:48,205] - ThreadPool::createThreadPool: successfully(5), newThreadCount=5, normalMaxThreadCount=5, maxThreadCount=5
 DEBUG root [2018-08-24 15:40:48,205] - DBInterfaceMysql::attach: connect: localhost:3306 starting...
 DEBUG root [2018-08-24 15:40:48,205] - DBInterfaceMysql::attach: connect: localhost:3306 starting...
 DEBUG root [2018-08-24 15:40:48,206] - DBInterfaceMysql::attach: successfully! addr: localhost:3306
 DEBUG root [2018-08-24 15:40:48,206] - DBThread::onStart(): 0x1c282f8!
 DEBUG root [2018-08-24 15:40:48,206] - DBInterfaceMysql::attach: successfully! addr: localhost:3306
 DEBUG root [2018-08-24 15:40:48,206] - DBThread::onStart(): 0x1c28380!
 DEBUG root [2018-08-24 15:40:48,206] - DBInterfaceMysql::attach: successfully! addr: localhost:3306
 DEBUG root [2018-08-24 15:40:48,206] - DBThread::onStart(): 0x1c28490!
 DEBUG root [2018-08-24 15:40:48,206] - DBInterfaceMysql::attach: successfully! addr: localhost:3306
 DEBUG root [2018-08-24 15:40:48,206] - DBThread::onStart(): 0x1c28408!
 DEBUG root [2018-08-24 15:40:48,207] - DBInterfaceMysql::attach: successfully! addr: localhost:3306
 DEBUG root [2018-08-24 15:40:48,207] - DBThread::onStart(): 0x1c28518!
  INFO root [2018-08-24 15:40:48,306] - DBInterfaceMysql::query: successfully!
  INFO root [2018-08-24 15:40:48,307] - DBInterfaceMysql::query: successfully!
  INFO root [2018-08-24 15:40:48,307] - DBInterfaceMysql::query: successfully!
  INFO root [2018-08-24 15:40:48,308] - DBInterfaceMysql::query: successfully!
  INFO root [2018-08-24 15:40:48,308] - DBInterfaceMysql::query: successfully!
  INFO root [2018-08-24 15:40:48,308] - DBInterfaceMysql::query: successfully!
  INFO root [2018-08-24 15:40:48,308] - DBInterfaceMysql::query: successfully!
  INFO root [2018-08-24 15:40:48,308] - DBInterfaceMysql::query: successfully!
  INFO root [2018-08-24 15:40:48,308] - DBInterfaceMysql::query: successfully!
  INFO root [2018-08-24 15:40:48,308] - DBInterfaceMysql::query: successfully!
  WARN root [2018-08-24 15:40:48,357] - e:\kbengine\kbe\src\server\dbmgr\dbmgr.cpp:275: Profile scriptCall took 0.45 seconds
  INFO root [2018-08-24 15:40:48,653] - ---- dbmgr is running ----
 DEBUG root [2018-08-24 15:40:48,653] - Components::process(): Request for the process of identity...
  INFO root [2018-08-24 15:40:55,778] - Components::findComponents: find logger(1)...
  INFO root [2018-08-24 15:40:55,817] - Components::findComponents: found logger, addr:192.168.0.106:52110
  INFO root [2018-08-24 15:40:55,818] - Components::addComponent: reset orderLog, uid=32154!
  INFO root [2018-08-24 15:40:55,819] - Components::addComponent[logger], uid=32154, componentID=2000, globalorderid=1, grouporderid=1, totalcount=1
  WARN root [2018-08-24 15:40:55,821] - Forwarding logs to logger[192.168.0.106:52110/0/0/0]...
 ERROR root [2018-08-24 16:42:14,334] - Components::removeComponentByChannel: logger : 2000, Abnormal exit! errorno=10054
  INFO root [2018-08-24 16:42:14,343] - The following logs sent to logger failed:
  WARN root [2018-08-24 16:42:14,344] - ==> [2018-08-24 16:42:14 332] TCPPacketReceiver::processPendingEvents(192.168.0.106:52110): Throwing REASON_GENERAL_NETWORK - WSAECONNRESET
 ERROR root [2018-08-24 16:42:14,344] - ==> [2018-08-24 16:42:14 335] Components::removeComponentByChannel: logger : 2000, Abnormal exit! errorno=10054
  INFO root [2018-08-24 16:42:15,611] - 
  INFO root [2018-08-24 16:42:15,612] - -----------------------------------------------------------------------------------------


  INFO root [2018-08-24 16:42:15,613] - Resmgr::initialize: KBE_ROOT=E:/kbengine/
  INFO root [2018-08-24 16:42:15,613] - Resmgr::initialize: KBE_RES_PATH=E:/kbengine/kbe/res/;E:/kbengine/assets/;E:/kbengine/assets/scripts/;E:/kbengine/assets/res/
  INFO root [2018-08-24 16:42:15,613] - Resmgr::initialize: KBE_BIN_PATH=E:/kbengine/kbe/bin/server/
  INFO root [2018-08-24 16:42:15,624] - NetworkInterface::initialize(INTERNAL): bound to all interfaces with default route interface on 192.168.0.106 ( 192.168.0.106:59997 )
  INFO root [2018-08-24 16:42:15,624] - NetworkInterface::initialize(INTERNAL): address 192.168.0.106:59997, SOMAXCONN=5.
  INFO root [2018-08-24 16:42:15,625] - server-configs:
  INFO root [2018-08-24 16:42:15,625] - 	internalAddr : 192.168.0.106:59997
  INFO root [2018-08-24 16:42:15,625] - 	componentID : 4000
  INFO root [2018-08-24 16:42:17,144] - ---- dbmgr Version: 2.0.0. ScriptVersion: 0.1.0. Protocol: F28F1C37BCC70CD27B77841D4A30E3D7. Config: Debug X86. Built: 15:52:44 Apr 29 2018. AppID: 4000. UID: 11430. PID: 8352 ----
  INFO root [2018-08-24 16:42:17,145] - Server : Intel(R) Xeon(R) CPU E3-1230 v3 @ 3.30GHz with 4194303kB RAM
  INFO root [2018-08-24 16:42:17,146] - ThreadPool::createThreadPool: creating  threadpool...
  INFO root [2018-08-24 16:42:17,147] - ThreadPool::createThreadPool: successfully(2), newThreadCount=1, normalMaxThreadCount=2, maxThreadCount=8
 DEBUG root [2018-08-24 16:42:17,299] - Script::install_py_dlls(): PyInit_pyexpat
 DEBUG root [2018-08-24 16:42:17,299] - Script::install_py_dlls(): PyInit__socket
 DEBUG root [2018-08-24 16:42:17,299] - Script::install_py_dlls(): PyInit__ssl
 DEBUG root [2018-08-24 16:42:17,302] - Script::install_py_dlls(): PyInit__hashlib
 DEBUG root [2018-08-24 16:42:17,303] - Script::install_py_dlls(): PyInit_select
 DEBUG root [2018-08-24 16:42:17,303] - Script::install_py_dlls(): PyInit__ctypes
 DEBUG root [2018-08-24 16:42:17,303] - Script::install_py_dlls(): PyInit__elementtree
 DEBUG root [2018-08-24 16:42:17,332] - Script::install_py_dlls(): PyInit_unicodedata
  INFO root [2018-08-24 16:42:17,360] - Script::install(): is successfully, Python=(3.4.2 (default, Apr 29 2018, 15:52:37) [MSC v.1913 32 bit (Intel)])!
  INFO root [2018-08-24 16:42:17,360] - Script::install(): KBExtra is successfully!
  INFO root [2018-08-24 16:42:17,379] - Dbmgr::initializeEnd: digest(7F4FC8296AD553545CD95B23EFF6238F)
S_INFO root [2018-08-24 16:42:17,379] - onDBMgrReady: bootstrapGroupIndex=0, bootstrapGlobalIndex=0
  INFO root [2018-08-24 16:42:17,379] - TelnetServer server is running on port 32000
  INFO root [2018-08-24 16:42:17,380] - Dbmgr::initInterfacesHandler: interfaces addr(127.0.0.1:30099), accountType:(interfaces), chargeType:(interfaces).
  WARN root [2018-08-24 16:42:17,701] - DBUtil::initialize: db(default) password is not encrypted!
please use password(rsa):
7DC4A720D3751F23DC1F4170D16C0B6128564A03E8E7B1E7581CEED3F627724EA125B7123DB4CD6CC06225E894C551DDF366FBD84AEDFDCC35B8E64053D8F0E9C54005561CE4A05E085EFAB9249E46383192597B930C8CC6C93DBE27903542F7064879832784C949CFB814D9EBC68C0F5822CAFC6EEEA76A906329D1C291D7F8
 DEBUG root [2018-08-24 16:42:17,702] - DBInterfaceMysql::attach: connect: localhost:3306 starting...
 DEBUG root [2018-08-24 16:42:17,704] - DBInterfaceMysql::attach: successfully! addr: localhost:3306
  INFO root [2018-08-24 16:42:17,705] - DBUtil::createInterface[0x188f2d4]: interface=default, dbtype=mysql, ip=localhost, port=3306, currdatabase=kbe, username=kbe, connected=yes.

  INFO root [2018-08-24 16:42:17,705] - ThreadPool::createThreadPool: creating  threadpool...
 DEBUG root [2018-08-24 16:42:17,705] - DBInterfaceMysql::attach: connect: localhost:3306 starting...
 DEBUG root [2018-08-24 16:42:17,705] - DBInterfaceMysql::attach: connect: localhost:3306 starting...
 DEBUG root [2018-08-24 16:42:17,705] - DBInterfaceMysql::attach: connect: localhost:3306 starting...
  INFO root [2018-08-24 16:42:17,706] - ThreadPool::createThreadPool: successfully(5), newThreadCount=5, normalMaxThreadCount=5, maxThreadCount=5
 DEBUG root [2018-08-24 16:42:17,706] - DBInterfaceMysql::attach: connect: localhost:3306 starting...
 DEBUG root [2018-08-24 16:42:17,706] - DBInterfaceMysql::attach: connect: localhost:3306 starting...
 DEBUG root [2018-08-24 16:42:17,707] - DBInterfaceMysql::attach: successfully! addr: localhost:3306
 DEBUG root [2018-08-24 16:42:17,707] - DBInterfaceMysql::attach: successfully! addr: localhost:3306
 DEBUG root [2018-08-24 16:42:17,707] - DBThread::onStart(): 0x1d582f8!
 DEBUG root [2018-08-24 16:42:17,707] - DBInterfaceMysql::attach: successfully! addr: localhost:3306
 DEBUG root [2018-08-24 16:42:17,707] - DBThread::onStart(): 0x1d58408!
 DEBUG root [2018-08-24 16:42:17,708] - DBInterfaceMysql::attach: successfully! addr: localhost:3306
 DEBUG root [2018-08-24 16:42:17,708] - DBThread::onStart(): 0x1d58380!
 DEBUG root [2018-08-24 16:42:17,708] - DBInterfaceMysql::attach: successfully! addr: localhost:3306
 DEBUG root [2018-08-24 16:42:17,708] - DBThread::onStart(): 0x1d58490!
 DEBUG root [2018-08-24 16:42:17,708] - DBThread::onStart(): 0x1d58518!
  INFO root [2018-08-24 16:42:17,807] - DBInterfaceMysql::query: successfully!
  INFO root [2018-08-24 16:42:17,808] - DBInterfaceMysql::query: successfully!
  INFO root [2018-08-24 16:42:17,809] - DBInterfaceMysql::query: successfully!
  INFO root [2018-08-24 16:42:17,809] - DBInterfaceMysql::query: successfully!
  INFO root [2018-08-24 16:42:17,809] - DBInterfaceMysql::query: successfully!
  INFO root [2018-08-24 16:42:17,809] - DBInterfaceMysql::query: successfully!
  INFO root [2018-08-24 16:42:17,809] - DBInterfaceMysql::query: successfully!
  INFO root [2018-08-24 16:42:17,810] - DBInterfaceMysql::query: successfully!
  INFO root [2018-08-24 16:42:17,810] - DBInterfaceMysql::query: successfully!
  INFO root [2018-08-24 16:42:17,861] - DBInterfaceMysql::query: successfully!
  WARN root [2018-08-24 16:42:17,878] - e:\kbengine\kbe\src\server\dbmgr\dbmgr.cpp:275: Profile scriptCall took 0.50 seconds
  INFO root [2018-08-24 16:42:18,168] - ---- dbmgr is running ----
 DEBUG root [2018-08-24 16:42:18,169] - Components::process(): Request for the process of identity...
  INFO root [2018-08-24 16:42:25,280] - Components::findComponents: find logger(1)...
  INFO root [2018-08-24 16:42:25,365] - Components::findComponents: found logger, addr:192.168.0.106:60004
  INFO root [2018-08-24 16:42:25,366] - Components::addComponent: reset orderLog, uid=11430!
  INFO root [2018-08-24 16:42:25,367] - Components::addComponent[logger], uid=11430, componentID=2000, globalorderid=1, grouporderid=1, totalcount=1
  WARN root [2018-08-24 16:42:25,369] - Forwarding logs to logger[192.168.0.106:60004/0/0/0]...
 ERROR root [2018-08-24 16:45:49,156] - Components::removeComponentByChannel: logger : 2000, Abnormal exit! errorno=10054
  INFO root [2018-08-24 16:45:49,166] - The following logs sent to logger failed:
  WARN root [2018-08-24 16:45:49,166] - ==> [2018-08-24 16:45:49 154] TCPPacketReceiver::processPendingEvents(192.168.0.106:60004): Throwing REASON_GENERAL_NETWORK - WSAECONNRESET
 ERROR root [2018-08-24 16:45:49,166] - ==> [2018-08-24 16:45:49 156] Components::removeComponentByChannel: logger : 2000, Abnormal exit! errorno=10054
  INFO root [2018-08-24 16:45:50,457] - 
  INFO root [2018-08-24 16:45:50,459] - -----------------------------------------------------------------------------------------


  INFO root [2018-08-24 16:45:50,460] - Resmgr::initialize: KBE_ROOT=E:/kbengine/
  INFO root [2018-08-24 16:45:50,460] - Resmgr::initialize: KBE_RES_PATH=E:/kbengine/kbe/res/;E:/kbengine/assets/;E:/kbengine/assets/scripts/;E:/kbengine/assets/res/
  INFO root [2018-08-24 16:45:50,460] - Resmgr::initialize: KBE_BIN_PATH=E:/kbengine/kbe/bin/server/
  INFO root [2018-08-24 16:45:50,472] - NetworkInterface::initialize(INTERNAL): bound to all interfaces with default route interface on 192.168.0.106 ( 192.168.0.106:60247 )
  INFO root [2018-08-24 16:45:50,473] - NetworkInterface::initialize(INTERNAL): address 192.168.0.106:60247, SOMAXCONN=5.
  INFO root [2018-08-24 16:45:50,473] - server-configs:
  INFO root [2018-08-24 16:45:50,473] - 	internalAddr : 192.168.0.106:60247
  INFO root [2018-08-24 16:45:50,473] - 	componentID : 4000
  INFO root [2018-08-24 16:45:51,987] - ---- dbmgr Version: 2.0.0. ScriptVersion: 0.1.0. Protocol: F28F1C37BCC70CD27B77841D4A30E3D7. Config: Debug X86. Built: 15:52:44 Apr 29 2018. AppID: 4000. UID: 12129. PID: 15896 ----
  INFO root [2018-08-24 16:45:51,989] - Server : Intel(R) Xeon(R) CPU E3-1230 v3 @ 3.30GHz with 4194303kB RAM
  INFO root [2018-08-24 16:45:51,989] - ThreadPool::createThreadPool: creating  threadpool...
  INFO root [2018-08-24 16:45:51,990] - ThreadPool::createThreadPool: successfully(2), newThreadCount=1, normalMaxThreadCount=2, maxThreadCount=8
 DEBUG root [2018-08-24 16:45:52,163] - Script::install_py_dlls(): PyInit_pyexpat
 DEBUG root [2018-08-24 16:45:52,163] - Script::install_py_dlls(): PyInit__socket
 DEBUG root [2018-08-24 16:45:52,164] - Script::install_py_dlls(): PyInit__ssl
 DEBUG root [2018-08-24 16:45:52,167] - Script::install_py_dlls(): PyInit__hashlib
 DEBUG root [2018-08-24 16:45:52,167] - Script::install_py_dlls(): PyInit_select
 DEBUG root [2018-08-24 16:45:52,167] - Script::install_py_dlls(): PyInit__ctypes
 DEBUG root [2018-08-24 16:45:52,168] - Script::install_py_dlls(): PyInit__elementtree
 DEBUG root [2018-08-24 16:45:52,197] - Script::install_py_dlls(): PyInit_unicodedata
  INFO root [2018-08-24 16:45:52,227] - Script::install(): is successfully, Python=(3.4.2 (default, Apr 29 2018, 15:52:37) [MSC v.1913 32 bit (Intel)])!
  INFO root [2018-08-24 16:45:52,227] - Script::install(): KBExtra is successfully!
  INFO root [2018-08-24 16:45:52,245] - Dbmgr::initializeEnd: digest(7F4FC8296AD553545CD95B23EFF6238F)
S_INFO root [2018-08-24 16:45:52,245] - onDBMgrReady: bootstrapGroupIndex=0, bootstrapGlobalIndex=0
  INFO root [2018-08-24 16:45:52,245] - TelnetServer server is running on port 32000
  INFO root [2018-08-24 16:45:52,246] - Dbmgr::initInterfacesHandler: interfaces addr(127.0.0.1:30099), accountType:(interfaces), chargeType:(interfaces).
  WARN root [2018-08-24 16:45:52,547] - DBUtil::initialize: db(default) password is not encrypted!
please use password(rsa):
C7A880D41840CBBA222E91AE7EF7B579FB0584335781359E09B4698C3A1879EE33AA9BF78A47C61A8A5DDEB0DF3EE5B8D7C61B9C1A7C014BA9E16118F19B814DF3A53B7DBF7279FF2D89F2B3FF9FDC5CBDBC14A659FB1229BC8592225BEBB891ECE2EF170D3F4953DFF9DC3B314909BC8D089579BB48C66DABDA66C7003D3FB9
 DEBUG root [2018-08-24 16:45:52,548] - DBInterfaceMysql::attach: connect: localhost:3306 starting...
 DEBUG root [2018-08-24 16:45:52,550] - DBInterfaceMysql::attach: successfully! addr: localhost:3306
  INFO root [2018-08-24 16:45:52,550] - DBUtil::createInterface[0x3fef60]: interface=default, dbtype=mysql, ip=localhost, port=3306, currdatabase=kbe, username=kbe, connected=yes.

  INFO root [2018-08-24 16:45:52,551] - ThreadPool::createThreadPool: creating  threadpool...
  INFO root [2018-08-24 16:45:52,551] - ThreadPool::createThreadPool: successfully(5), newThreadCount=5, normalMaxThreadCount=5, maxThreadCount=5
 DEBUG root [2018-08-24 16:45:52,551] - DBInterfaceMysql::attach: connect: localhost:3306 starting...
 DEBUG root [2018-08-24 16:45:52,551] - DBInterfaceMysql::attach: connect: localhost:3306 starting...
 DEBUG root [2018-08-24 16:45:52,551] - DBInterfaceMysql::attach: connect: localhost:3306 starting...
 DEBUG root [2018-08-24 16:45:52,552] - DBInterfaceMysql::attach: connect: localhost:3306 starting...
 DEBUG root [2018-08-24 16:45:52,552] - DBInterfaceMysql::attach: connect: localhost:3306 starting...
 DEBUG root [2018-08-24 16:45:52,552] - DBInterfaceMysql::attach: successfully! addr: localhost:3306
 DEBUG root [2018-08-24 16:45:52,553] - DBThread::onStart(): 0x5e8380!
 DEBUG root [2018-08-24 16:45:52,553] - DBInterfaceMysql::attach: successfully! addr: localhost:3306
 DEBUG root [2018-08-24 16:45:52,553] - DBThread::onStart(): 0x5e82f8!
 DEBUG root [2018-08-24 16:45:52,553] - DBInterfaceMysql::attach: successfully! addr: localhost:3306
 DEBUG root [2018-08-24 16:45:52,554] - DBThread::onStart(): 0x5e8518!
 DEBUG root [2018-08-24 16:45:52,554] - DBInterfaceMysql::attach: successfully! addr: localhost:3306
 DEBUG root [2018-08-24 16:45:52,554] - DBInterfaceMysql::attach: successfully! addr: localhost:3306
 DEBUG root [2018-08-24 16:45:52,554] - DBThread::onStart(): 0x5e8490!
 DEBUG root [2018-08-24 16:45:52,554] - DBThread::onStart(): 0x5e8408!
  INFO root [2018-08-24 16:45:52,652] - DBInterfaceMysql::query: successfully!
  INFO root [2018-08-24 16:45:52,653] - DBInterfaceMysql::query: successfully!
  INFO root [2018-08-24 16:45:52,654] - DBInterfaceMysql::query: successfully!
  INFO root [2018-08-24 16:45:52,654] - DBInterfaceMysql::query: successfully!
  INFO root [2018-08-24 16:45:52,654] - DBInterfaceMysql::query: successfully!
  INFO root [2018-08-24 16:45:52,654] - DBInterfaceMysql::query: successfully!
  INFO root [2018-08-24 16:45:52,654] - DBInterfaceMysql::query: successfully!
  INFO root [2018-08-24 16:45:52,655] - DBInterfaceMysql::query: successfully!
  INFO root [2018-08-24 16:45:52,655] - DBInterfaceMysql::query: successfully!
  INFO root [2018-08-24 16:45:52,685] - DBInterfaceMysql::query: successfully!
  WARN root [2018-08-24 16:45:52,723] - e:\kbengine\kbe\src\server\dbmgr\dbmgr.cpp:275: Profile scriptCall took 0.48 seconds
  INFO root [2018-08-24 16:45:53,013] - ---- dbmgr is running ----
 DEBUG root [2018-08-24 16:45:53,014] - Components::process(): Request for the process of identity...
  INFO root [2018-08-24 16:46:00,126] - Components::findComponents: find logger(1)...
  INFO root [2018-08-24 16:46:00,216] - Components::findComponents: found logger, addr:192.168.0.106:60248
  INFO root [2018-08-24 16:46:00,216] - Components::addComponent: reset orderLog, uid=12129!
  INFO root [2018-08-24 16:46:00,217] - Components::addComponent[logger], uid=12129, componentID=2000, globalorderid=1, grouporderid=1, totalcount=1
  WARN root [2018-08-24 16:46:00,219] - Forwarding logs to logger[192.168.0.106:60248/0/0/0]...
 ERROR root [2018-08-24 17:30:09,109] - Components::removeComponentByChannel: logger : 2000, Abnormal exit! errorno=10054
  INFO root [2018-08-24 17:30:09,119] - The following logs sent to logger failed:
  WARN root [2018-08-24 17:30:09,119] - ==> [2018-08-24 17:30:09 105] TCPPacketReceiver::processPendingEvents(192.168.0.106:60248): Throwing REASON_GENERAL_NETWORK - WSAECONNRESET
 ERROR root [2018-08-24 17:30:09,119] - ==> [2018-08-24 17:30:09 109] Components::removeComponentByChannel: logger : 2000, Abnormal exit! errorno=10054
  INFO root [2018-08-24 17:30:10,438] - 
  INFO root [2018-08-24 17:30:10,439] - -----------------------------------------------------------------------------------------


  INFO root [2018-08-24 17:30:10,439] - Resmgr::initialize: KBE_ROOT=E:/kbengine/
  INFO root [2018-08-24 17:30:10,439] - Resmgr::initialize: KBE_RES_PATH=E:/kbengine/kbe/res/;E:/kbengine/assets/;E:/kbengine/assets/scripts/;E:/kbengine/assets/res/
  INFO root [2018-08-24 17:30:10,439] - Resmgr::initialize: KBE_BIN_PATH=E:/kbengine/kbe/bin/server/
  INFO root [2018-08-24 17:30:10,448] - NetworkInterface::initialize(INTERNAL): bound to all interfaces with default route interface on 192.168.0.106 ( 192.168.0.106:60722 )
  INFO root [2018-08-24 17:30:10,449] - NetworkInterface::initialize(INTERNAL): address 192.168.0.106:60722, SOMAXCONN=5.
  INFO root [2018-08-24 17:30:10,449] - server-configs:
  INFO root [2018-08-24 17:30:10,449] - 	internalAddr : 192.168.0.106:60722
  INFO root [2018-08-24 17:30:10,449] - 	componentID : 4000
  INFO root [2018-08-24 17:30:11,962] - ---- dbmgr Version: 2.0.0. ScriptVersion: 0.1.0. Protocol: F28F1C37BCC70CD27B77841D4A30E3D7. Config: Debug X86. Built: 15:52:44 Apr 29 2018. AppID: 4000. UID: 20815. PID: 16340 ----
  INFO root [2018-08-24 17:30:11,963] - Server : Intel(R) Xeon(R) CPU E3-1230 v3 @ 3.30GHz with 4194303kB RAM
  INFO root [2018-08-24 17:30:11,963] - ThreadPool::createThreadPool: creating  threadpool...
  INFO root [2018-08-24 17:30:11,964] - ThreadPool::createThreadPool: successfully(2), newThreadCount=1, normalMaxThreadCount=2, maxThreadCount=8
 DEBUG root [2018-08-24 17:30:12,119] - Script::install_py_dlls(): PyInit_pyexpat
 DEBUG root [2018-08-24 17:30:12,120] - Script::install_py_dlls(): PyInit__socket
 DEBUG root [2018-08-24 17:30:12,120] - Script::install_py_dlls(): PyInit__ssl
 DEBUG root [2018-08-24 17:30:12,123] - Script::install_py_dlls(): PyInit__hashlib
 DEBUG root [2018-08-24 17:30:12,124] - Script::install_py_dlls(): PyInit_select
 DEBUG root [2018-08-24 17:30:12,124] - Script::install_py_dlls(): PyInit__ctypes
 DEBUG root [2018-08-24 17:30:12,124] - Script::install_py_dlls(): PyInit__elementtree
 DEBUG root [2018-08-24 17:30:12,154] - Script::install_py_dlls(): PyInit_unicodedata
  INFO root [2018-08-24 17:30:12,183] - Script::install(): is successfully, Python=(3.4.2 (default, Apr 29 2018, 15:52:37) [MSC v.1913 32 bit (Intel)])!
  INFO root [2018-08-24 17:30:12,184] - Script::install(): KBExtra is successfully!
  INFO root [2018-08-24 17:30:12,202] - Dbmgr::initializeEnd: digest(7F4FC8296AD553545CD95B23EFF6238F)
S_INFO root [2018-08-24 17:30:12,202] - onDBMgrReady: bootstrapGroupIndex=0, bootstrapGlobalIndex=0
  INFO root [2018-08-24 17:30:12,202] - TelnetServer server is running on port 32000
  INFO root [2018-08-24 17:30:12,202] - Dbmgr::initInterfacesHandler: interfaces addr(127.0.0.1:30099), accountType:(interfaces), chargeType:(interfaces).
  WARN root [2018-08-24 17:30:12,507] - DBUtil::initialize: db(default) password is not encrypted!
please use password(rsa):
A3345F92471235F6CCBDE874D27ADE79A6A8DCAC3C0C9198F0F8FC04D72FC8B36DEF6EB4ACE2717C7AB630FA8A4356289BA3ECB6BC460074D822E561BE52DC0B98FA9F44B8CDD4B43999231AFE67B0590B4AFF59873CF93E1D6619B0F66175ED3B94514D9B1561C608D46B6CA88284A98866A351961FF8ED3B16D3D41E24F77D
 DEBUG root [2018-08-24 17:30:12,508] - DBInterfaceMysql::attach: connect: localhost:3306 starting...
 DEBUG root [2018-08-24 17:30:12,510] - DBInterfaceMysql::attach: successfully! addr: localhost:3306
  INFO root [2018-08-24 17:30:12,510] - DBUtil::createInterface[0x1ff514]: interface=default, dbtype=mysql, ip=localhost, port=3306, currdatabase=kbe, username=kbe, connected=yes.

  INFO root [2018-08-24 17:30:12,511] - ThreadPool::createThreadPool: creating  threadpool...
 DEBUG root [2018-08-24 17:30:12,511] - DBInterfaceMysql::attach: connect: localhost:3306 starting...
 DEBUG root [2018-08-24 17:30:12,511] - DBInterfaceMysql::attach: connect: localhost:3306 starting...
 DEBUG root [2018-08-24 17:30:12,511] - DBInterfaceMysql::attach: connect: localhost:3306 starting...
 DEBUG root [2018-08-24 17:30:12,512] - DBInterfaceMysql::attach: connect: localhost:3306 starting...
  INFO root [2018-08-24 17:30:12,512] - ThreadPool::createThreadPool: successfully(5), newThreadCount=5, normalMaxThreadCount=5, maxThreadCount=5
 DEBUG root [2018-08-24 17:30:12,512] - DBInterfaceMysql::attach: connect: localhost:3306 starting...
 DEBUG root [2018-08-24 17:30:12,513] - DBInterfaceMysql::attach: successfully! addr: localhost:3306
 DEBUG root [2018-08-24 17:30:12,513] - DBInterfaceMysql::attach: successfully! addr: localhost:3306
 DEBUG root [2018-08-24 17:30:12,513] - DBThread::onStart(): 0x3c81e8!
 DEBUG root [2018-08-24 17:30:12,513] - DBThread::onStart(): 0x3c8270!
 DEBUG root [2018-08-24 17:30:12,513] - DBInterfaceMysql::attach: successfully! addr: localhost:3306
 DEBUG root [2018-08-24 17:30:12,513] - DBThread::onStart(): 0x3c82f8!
 DEBUG root [2018-08-24 17:30:12,513] - DBInterfaceMysql::attach: successfully! addr: localhost:3306
 DEBUG root [2018-08-24 17:30:12,513] - DBThread::onStart(): 0x3c8380!
 DEBUG root [2018-08-24 17:30:12,514] - DBInterfaceMysql::attach: successfully! addr: localhost:3306
 DEBUG root [2018-08-24 17:30:12,514] - DBThread::onStart(): 0x3c8408!
  INFO root [2018-08-24 17:30:12,613] - DBInterfaceMysql::query: successfully!
  INFO root [2018-08-24 17:30:12,614] - DBInterfaceMysql::query: successfully!
  INFO root [2018-08-24 17:30:12,615] - DBInterfaceMysql::query: successfully!
  INFO root [2018-08-24 17:30:12,615] - DBInterfaceMysql::query: successfully!
  INFO root [2018-08-24 17:30:12,616] - DBInterfaceMysql::query: successfully!
  INFO root [2018-08-24 17:30:12,616] - DBInterfaceMysql::query: successfully!
  INFO root [2018-08-24 17:30:12,616] - DBInterfaceMysql::query: successfully!
  INFO root [2018-08-24 17:30:12,616] - DBInterfaceMysql::query: successfully!
  INFO root [2018-08-24 17:30:12,617] - DBInterfaceMysql::query: successfully!
  INFO root [2018-08-24 17:30:12,657] - DBInterfaceMysql::query: successfully!
  WARN root [2018-08-24 17:30:12,674] - e:\kbengine\kbe\src\server\dbmgr\dbmgr.cpp:275: Profile scriptCall took 0.47 seconds
  INFO root [2018-08-24 17:30:12,968] - ---- dbmgr is running ----
 DEBUG root [2018-08-24 17:30:12,968] - Components::process(): Request for the process of identity...
  INFO root [2018-08-24 17:30:20,082] - Components::findComponents: find logger(1)...
  INFO root [2018-08-24 17:30:20,187] - Components::findComponents: found logger, addr:192.168.0.106:60724
  INFO root [2018-08-24 17:30:20,188] - Components::addComponent: reset orderLog, uid=20815!
  INFO root [2018-08-24 17:30:20,188] - Components::addComponent[logger], uid=20815, componentID=2000, globalorderid=1, grouporderid=1, totalcount=1
  WARN root [2018-08-24 17:30:20,191] - Forwarding logs to logger[192.168.0.106:60724/0/0/0]...
 ERROR root [2018-08-24 17:36:39,817] - Components::removeComponentByChannel: logger : 2000, Abnormal exit! errorno=10054
  INFO root [2018-08-24 17:36:39,828] - The following logs sent to logger failed:
  WARN root [2018-08-24 17:36:39,828] - ==> [2018-08-24 17:36:39 812] TCPPacketReceiver::processPendingEvents(192.168.0.106:60724): Throwing REASON_GENERAL_NETWORK - WSAECONNRESET
 ERROR root [2018-08-24 17:36:39,828] - ==> [2018-08-24 17:36:39 818] Components::removeComponentByChannel: logger : 2000, Abnormal exit! errorno=10054
  INFO root [2018-08-24 17:36:41,139] - 
  INFO root [2018-08-24 17:36:41,139] - -----------------------------------------------------------------------------------------


  INFO root [2018-08-24 17:36:41,140] - Resmgr::initialize: KBE_ROOT=E:/kbengine/
  INFO root [2018-08-24 17:36:41,140] - Resmgr::initialize: KBE_RES_PATH=E:/kbengine/kbe/res/;E:/kbengine/assets/;E:/kbengine/assets/scripts/;E:/kbengine/assets/res/
  INFO root [2018-08-24 17:36:41,140] - Resmgr::initialize: KBE_BIN_PATH=E:/kbengine/kbe/bin/server/
  INFO root [2018-08-24 17:36:41,151] - NetworkInterface::initialize(INTERNAL): bound to all interfaces with default route interface on 192.168.0.106 ( 192.168.0.106:60837 )
  INFO root [2018-08-24 17:36:41,151] - NetworkInterface::initialize(INTERNAL): address 192.168.0.106:60837, SOMAXCONN=5.
  INFO root [2018-08-24 17:36:41,151] - server-configs:
  INFO root [2018-08-24 17:36:41,151] - 	internalAddr : 192.168.0.106:60837
  INFO root [2018-08-24 17:36:41,151] - 	componentID : 4000
  INFO root [2018-08-24 17:36:42,662] - ---- dbmgr Version: 2.0.0. ScriptVersion: 0.1.0. Protocol: F28F1C37BCC70CD27B77841D4A30E3D7. Config: Debug X86. Built: 15:52:44 Apr 29 2018. AppID: 4000. UID: 22092. PID: 14952 ----
  INFO root [2018-08-24 17:36:42,663] - Server : Intel(R) Xeon(R) CPU E3-1230 v3 @ 3.30GHz with 4194303kB RAM
  INFO root [2018-08-24 17:36:42,664] - ThreadPool::createThreadPool: creating  threadpool...
  INFO root [2018-08-24 17:36:42,664] - ThreadPool::createThreadPool: successfully(2), newThreadCount=1, normalMaxThreadCount=2, maxThreadCount=8
 DEBUG root [2018-08-24 17:36:42,809] - Script::install_py_dlls(): PyInit_pyexpat
 DEBUG root [2018-08-24 17:36:42,809] - Script::install_py_dlls(): PyInit__socket
 DEBUG root [2018-08-24 17:36:42,809] - Script::install_py_dlls(): PyInit__ssl
 DEBUG root [2018-08-24 17:36:42,812] - Script::install_py_dlls(): PyInit__hashlib
 DEBUG root [2018-08-24 17:36:42,813] - Script::install_py_dlls(): PyInit_select
 DEBUG root [2018-08-24 17:36:42,813] - Script::install_py_dlls(): PyInit__ctypes
 DEBUG root [2018-08-24 17:36:42,813] - Script::install_py_dlls(): PyInit__elementtree
 DEBUG root [2018-08-24 17:36:42,845] - Script::install_py_dlls(): PyInit_unicodedata
  INFO root [2018-08-24 17:36:42,876] - Script::install(): is successfully, Python=(3.4.2 (default, Apr 29 2018, 15:52:37) [MSC v.1913 32 bit (Intel)])!
  INFO root [2018-08-24 17:36:42,876] - Script::install(): KBExtra is successfully!
  INFO root [2018-08-24 17:36:42,899] - Dbmgr::initializeEnd: digest(7F4FC8296AD553545CD95B23EFF6238F)
S_INFO root [2018-08-24 17:36:42,899] - onDBMgrReady: bootstrapGroupIndex=0, bootstrapGlobalIndex=0
  INFO root [2018-08-24 17:36:42,899] - TelnetServer server is running on port 32000
  INFO root [2018-08-24 17:36:42,900] - Dbmgr::initInterfacesHandler: interfaces addr(127.0.0.1:30099), accountType:(interfaces), chargeType:(interfaces).
  WARN root [2018-08-24 17:36:43,252] - DBUtil::initialize: db(default) password is not encrypted!
please use password(rsa):
4EA79C42DD36C4C450412658033FC356DE0FD0A43713B5EE9E4CC7909D858CE2C9852572A34578675A845A49DFE9D0647132EEDFBAB8D2AE389F54927B25A70172514BD475E3CB9DEE371A9CD74D264F9F8A0AB152DE44DF54371A61B26C3E929B258E8C7EECBFF90EE0F0D1D5E2BA11BA32ACEE8B7D0D1D09BF66BF6B16DDBC
 DEBUG root [2018-08-24 17:36:43,254] - DBInterfaceMysql::attach: connect: localhost:3306 starting...
 DEBUG root [2018-08-24 17:36:43,256] - DBInterfaceMysql::attach: successfully! addr: localhost:3306
  INFO root [2018-08-24 17:36:43,256] - DBUtil::createInterface[0x2bf454]: interface=default, dbtype=mysql, ip=localhost, port=3306, currdatabase=kbe, username=kbe, connected=yes.

  INFO root [2018-08-24 17:36:43,256] - ThreadPool::createThreadPool: creating  threadpool...
 DEBUG root [2018-08-24 17:36:43,256] - DBInterfaceMysql::attach: connect: localhost:3306 starting...
 DEBUG root [2018-08-24 17:36:43,256] - DBInterfaceMysql::attach: connect: localhost:3306 starting...
 DEBUG root [2018-08-24 17:36:43,256] - DBInterfaceMysql::attach: connect: localhost:3306 starting...
 DEBUG root [2018-08-24 17:36:43,257] - DBInterfaceMysql::attach: connect: localhost:3306 starting...
  INFO root [2018-08-24 17:36:43,257] - ThreadPool::createThreadPool: successfully(5), newThreadCount=5, normalMaxThreadCount=5, maxThreadCount=5
 DEBUG root [2018-08-24 17:36:43,257] - DBInterfaceMysql::attach: connect: localhost:3306 starting...
 DEBUG root [2018-08-24 17:36:43,258] - DBInterfaceMysql::attach: successfully! addr: localhost:3306
 DEBUG root [2018-08-24 17:36:43,258] - DBThread::onStart(): 0x548380!
 DEBUG root [2018-08-24 17:36:43,258] - DBInterfaceMysql::attach: successfully! addr: localhost:3306
 DEBUG root [2018-08-24 17:36:43,258] - DBInterfaceMysql::attach: successfully! addr: localhost:3306
 DEBUG root [2018-08-24 17:36:43,258] - DBThread::onStart(): 0x548490!
 DEBUG root [2018-08-24 17:36:43,259] - DBInterfaceMysql::attach: successfully! addr: localhost:3306
 DEBUG root [2018-08-24 17:36:43,259] - DBThread::onStart(): 0x5482f8!
 DEBUG root [2018-08-24 17:36:43,259] - DBThread::onStart(): 0x548408!
 DEBUG root [2018-08-24 17:36:43,259] - DBInterfaceMysql::attach: successfully! addr: localhost:3306
 DEBUG root [2018-08-24 17:36:43,259] - DBThread::onStart(): 0x548518!
  INFO root [2018-08-24 17:36:43,358] - DBInterfaceMysql::query: successfully!
  INFO root [2018-08-24 17:36:43,360] - DBInterfaceMysql::query: successfully!
  INFO root [2018-08-24 17:36:43,360] - DBInterfaceMysql::query: successfully!
  INFO root [2018-08-24 17:36:43,360] - DBInterfaceMysql::query: successfully!
  INFO root [2018-08-24 17:36:43,360] - DBInterfaceMysql::query: successfully!
  INFO root [2018-08-24 17:36:43,360] - DBInterfaceMysql::query: successfully!
  INFO root [2018-08-24 17:36:43,361] - DBInterfaceMysql::query: successfully!
  INFO root [2018-08-24 17:36:43,361] - DBInterfaceMysql::query: successfully!
  INFO root [2018-08-24 17:36:43,361] - DBInterfaceMysql::query: successfully!
  INFO root [2018-08-24 17:36:43,406] - DBInterfaceMysql::query: successfully!
  WARN root [2018-08-24 17:36:43,440] - e:\kbengine\kbe\src\server\dbmgr\dbmgr.cpp:275: Profile scriptCall took 0.54 seconds
  INFO root [2018-08-24 17:36:43,735] - ---- dbmgr is running ----
 DEBUG root [2018-08-24 17:36:43,736] - Components::process(): Request for the process of identity...
  INFO root [2018-08-24 17:36:50,839] - Components::findComponents: find logger(1)...
  INFO root [2018-08-24 17:36:50,866] - Components::findComponents: found logger, addr:192.168.0.106:60843
  INFO root [2018-08-24 17:36:50,867] - Components::addComponent: reset orderLog, uid=22092!
  INFO root [2018-08-24 17:36:50,868] - Components::addComponent[logger], uid=22092, componentID=2000, globalorderid=1, grouporderid=1, totalcount=1
  WARN root [2018-08-24 17:36:50,870] - Forwarding logs to logger[192.168.0.106:60843/0/0/0]...
 ERROR root [2018-08-24 23:50:45,180] - Components::removeComponentByChannel: loginapp : 9000, Abnormal exit! errorno=10054
 ERROR root [2018-08-24 23:50:45,221] - Components::removeComponentByChannel: cellapp : 8001, Abnormal exit! errorno=10054
