  INFO root [2018-10-22 23:54:06,547] - 
  INFO root [2018-10-22 23:54:06,672] - -----------------------------------------------------------------------------------------


  INFO root [2018-10-22 23:54:08,819] - Resmgr::initialize: KBE_ROOT=E:/kbengine/
  INFO root [2018-10-22 23:54:08,820] - Resmgr::initialize: KBE_RES_PATH=E:/kbengine/kbe/res/;E:/kbengine/assets/;E:/kbengine/assets/scripts/;E:/kbengine/assets/res/
  INFO root [2018-10-22 23:54:08,820] - Resmgr::initialize: KBE_BIN_PATH=E:/kbengine/kbe/bin/server/
  INFO root [2018-10-22 23:54:09,514] - NetworkInterface::initialize(INTERNAL): bound to all interfaces with default route interface on 192.168.0.107 ( 192.168.0.107:57613 )
  INFO root [2018-10-22 23:54:09,515] - NetworkInterface::initialize(INTERNAL): address 192.168.0.107:57613, SOMAXCONN=5.
  INFO root [2018-10-22 23:54:09,538] - server-configs:
  INFO root [2018-10-22 23:54:09,539] - 	internalAddr : 192.168.0.107:57613
  INFO root [2018-10-22 23:54:09,539] - 	componentID : 4000
  INFO root [2018-10-22 23:54:11,203] - ---- dbmgr Version: 2.0.0. ScriptVersion: 0.1.0. Protocol: F28F1C37BCC70CD27B77841D4A30E3D7. Config: Debug X86. Built: 15:52:44 Apr 29 2018. AppID: 4000. UID: 30952. PID: 5940 ----
  INFO root [2018-10-22 23:54:11,203] - Server : Intel(R) Xeon(R) CPU E3-1230 v3 @ 3.30GHz with 4194303kB RAM
  INFO root [2018-10-22 23:54:11,211] - ThreadPool::createThreadPool: creating  threadpool...
  INFO root [2018-10-22 23:54:11,212] - ThreadPool::createThreadPool: successfully(2), newThreadCount=1, normalMaxThreadCount=2, maxThreadCount=8
 DEBUG root [2018-10-22 23:54:13,357] - Script::install_py_dlls(): PyInit_pyexpat
 DEBUG root [2018-10-22 23:54:13,399] - Script::install_py_dlls(): PyInit__socket
 DEBUG root [2018-10-22 23:54:13,459] - Script::install_py_dlls(): PyInit__ssl
 DEBUG root [2018-10-22 23:54:14,233] - Script::install_py_dlls(): PyInit__hashlib
 DEBUG root [2018-10-22 23:54:14,407] - Script::install_py_dlls(): PyInit_select
 DEBUG root [2018-10-22 23:54:14,428] - Script::install_py_dlls(): PyInit__ctypes
 DEBUG root [2018-10-22 23:54:14,529] - Script::install_py_dlls(): PyInit__elementtree
 DEBUG root [2018-10-22 23:54:15,077] - Script::install_py_dlls(): PyInit_unicodedata
  INFO root [2018-10-22 23:54:16,258] - Script::install(): is successfully, Python=(3.4.2 (default, Apr 29 2018, 15:52:37) [MSC v.1913 32 bit (Intel)])!
  INFO root [2018-10-22 23:54:16,259] - Script::install(): KBExtra is successfully!
  INFO root [2018-10-22 23:54:17,302] - Dbmgr::initializeEnd: digest(7F4FC8296AD553545CD95B23EFF6238F)
S_INFO root [2018-10-22 23:54:17,303] - onDBMgrReady: bootstrapGroupIndex=0, bootstrapGlobalIndex=0
  INFO root [2018-10-22 23:54:17,358] - TelnetServer server is running on port 32000
  INFO root [2018-10-22 23:54:17,394] - Dbmgr::initInterfacesHandler: interfaces addr(127.0.0.1:30099), accountType:(interfaces), chargeType:(interfaces).
  WARN root [2018-10-22 23:54:17,993] - DBUtil::initialize: db(default) password is not encrypted!
please use password(rsa):
64AF5DF70E440C700181F8A68984F810765F59AEE904E38BC7CEC7478EAC47ECD660EFD98B65D77C81B19410E3BA3992D6EF0D6AC64C82648D765E91517003B850E560717C816E45DC48E343EF9185A5E4C16639017446D911A4357E5995849FAFC016193553FBF34DE05B629A6E5D8CF0D4BA995E5701671D2D7DFD7AE0B5A6
 DEBUG root [2018-10-22 23:54:18,323] - DBInterfaceMysql::attach: connect: localhost:3306 starting...
 DEBUG root [2018-10-22 23:54:19,022] - DBInterfaceMysql::attach: successfully! addr: localhost:3306
  INFO root [2018-10-22 23:54:19,023] - DBUtil::createInterface[0x15f4e0]: interface=default, dbtype=mysql, ip=localhost, port=3306, currdatabase=kbe, username=kbe, connected=yes.

  INFO root [2018-10-22 23:54:19,040] - ThreadPool::createThreadPool: creating  threadpool...
 DEBUG root [2018-10-22 23:54:19,041] - DBInterfaceMysql::attach: connect: localhost:3306 starting...
 DEBUG root [2018-10-22 23:54:19,041] - DBInterfaceMysql::attach: connect: localhost:3306 starting...
 DEBUG root [2018-10-22 23:54:19,042] - DBInterfaceMysql::attach: connect: localhost:3306 starting...
  INFO root [2018-10-22 23:54:19,042] - ThreadPool::createThreadPool: successfully(5), newThreadCount=5, normalMaxThreadCount=5, maxThreadCount=5
 DEBUG root [2018-10-22 23:54:19,043] - DBInterfaceMysql::attach: connect: localhost:3306 starting...
 DEBUG root [2018-10-22 23:54:19,044] - DBInterfaceMysql::attach: connect: localhost:3306 starting...
 DEBUG root [2018-10-22 23:54:19,045] - DBInterfaceMysql::attach: successfully! addr: localhost:3306
 DEBUG root [2018-10-22 23:54:19,046] - DBThread::onStart(): 0x488210!
 DEBUG root [2018-10-22 23:54:19,047] - DBInterfaceMysql::attach: successfully! addr: localhost:3306
 DEBUG root [2018-10-22 23:54:19,048] - DBThread::onStart(): 0x4883a8!
 DEBUG root [2018-10-22 23:54:19,048] - DBInterfaceMysql::attach: successfully! addr: localhost:3306
 DEBUG root [2018-10-22 23:54:19,048] - DBThread::onStart(): 0x488298!
 DEBUG root [2018-10-22 23:54:19,048] - DBInterfaceMysql::attach: successfully! addr: localhost:3306
 DEBUG root [2018-10-22 23:54:19,048] - DBInterfaceMysql::attach: successfully! addr: localhost:3306
 DEBUG root [2018-10-22 23:54:19,048] - DBThread::onStart(): 0x488188!
 DEBUG root [2018-10-22 23:54:19,049] - DBThread::onStart(): 0x488320!
  INFO root [2018-10-22 23:54:19,384] - DBInterfaceMysql::query: successfully!
  INFO root [2018-10-22 23:54:19,389] - DBInterfaceMysql::query: successfully!
  INFO root [2018-10-22 23:54:19,602] - DBInterfaceMysql::query: successfully!
  INFO root [2018-10-22 23:54:19,612] - DBInterfaceMysql::query: successfully!
  WARN root [2018-10-22 23:54:19,654] - DBTask::process(): took 0.22 seconds
sql:(CREATE TABLE IF NOT EXISTS kbe_accountinfos (`accountName` varchar(128) not null, PRIMARY KEY idKey (`accountName`),`password` varchar(255),`bindata` blob,`email` varchar(191) not null, UNIQUE KEY `email` (`email`),`entityDBID` bigint(20) unsigned not null DEFAULT 0, UNIQUE KEY `entityDBID` (`entityDBID`),`flags` int unsigned not null DEFAULT 0,`deadline` bigint(20) not null DEFAULT 0,`regtime` bigint(20) not null DEFAULT 0,`lasttime` bigint(20) not null DEFAULT 0,`numlogin` int unsigned not null DEFAULT 0)ENGINE=InnoDB)
  INFO root [2018-10-22 23:54:19,771] - DBInterfaceMysql::query: successfully!
  WARN root [2018-10-22 23:54:19,843] - DBTask::process(): took 0.45 seconds
sql:(show index from tbl_CheckName)
  INFO root [2018-10-22 23:54:19,853] - DBInterfaceMysql::query: successfully!
  INFO root [2018-10-22 23:54:20,119] - DBInterfaceMysql::query: successfully!
  INFO root [2018-10-22 23:54:20,121] - DBInterfaceMysql::query: successfully!
  INFO root [2018-10-22 23:54:20,121] - DBInterfaceMysql::query: successfully!
  WARN root [2018-10-22 23:54:20,121] - DBTask::process(): took 0.73 seconds
sql:(delete from kbe_email_verification where logtime<1540220060 and type=3)
  WARN root [2018-10-22 23:54:20,123] - DBTask::process(): took 0.28 seconds
sql:(show index from tbl_Halls)
  WARN root [2018-10-22 23:54:20,124] - DBTask::process(): took 0.47 seconds
sql:(show index from tbl_Account)
  WARN root [2018-10-22 23:54:20,299] - DBTask::process(): took 0.91 seconds
sql:(insert into kbe_serverlog (heartbeatTime, logger) values(1540223659,4000) ON DUPLICATE KEY UPDATE heartbeatTime=1540223659)
  INFO root [2018-10-22 23:54:20,475] - DBInterfaceMysql::query: successfully!
  WARN root [2018-10-22 23:54:20,476] - DBTask::process(): took 1.08 seconds
sql:(delete from kbe_entitylog where logger in (4000))
  WARN root [2018-10-22 23:54:20,685] - DBTask::process(): took 0.56 seconds
sql:(show index from tbl_Room)
  WARN root [2018-10-22 23:54:20,702] - e:\kbengine\kbe\src\server\dbmgr\dbmgr.cpp:275: Profile scriptCall took 3.40 seconds
  INFO root [2018-10-22 23:54:21,060] - ---- dbmgr is running ----
 DEBUG root [2018-10-22 23:54:21,060] - Components::process(): Request for the process of identity...
  INFO root [2018-10-22 23:54:27,202] - ServerApp::onRegisterNewApp: uid:30952, username:, componentType:baseappmgr, componentID:5000, globalorderID=-1, grouporderID=-1, intaddr:192.168.0.107, intport:57616, extaddr:nonsupport, extport:0,  from 192.168.0.107:57629/0/0/0.
  INFO root [2018-10-22 23:54:27,203] - Components::addComponent: reset orderLog, uid=30952!
  INFO root [2018-10-22 23:54:27,203] - Components::addComponent[baseappmgr], uid=30952, componentID=5000, globalorderid=1, grouporderid=1, totalcount=1
  INFO root [2018-10-22 23:54:27,204] - ServerApp::onRegisterNewApp: uid:30952, username:, componentType:cellappmgr, componentID:6000, globalorderID=-1, grouporderID=-1, intaddr:192.168.0.107, intport:57612, extaddr:nonsupport, extport:0,  from 192.168.0.107:57631/0/0/0.
  INFO root [2018-10-22 23:54:27,204] - Components::addComponent[cellappmgr], uid=30952, componentID=6000, globalorderid=2, grouporderid=1, totalcount=1
  INFO root [2018-10-22 23:54:27,204] - ServerApp::onRegisterNewApp: uid:30952, username:, componentType:loginapp, componentID:9000, globalorderID=-1, grouporderID=-1, intaddr:192.168.0.107, intport:57607, extaddr:192.168.0.107, extport:20013,  from 192.168.0.107:57633/0/0/0.
  INFO root [2018-10-22 23:54:27,205] - Components::addComponent[loginapp], uid=30952, componentID=9000, globalorderid=3, grouporderid=1, totalcount=1
  INFO root [2018-10-22 23:54:28,202] - Components::findComponents: find logger(1)...
  INFO root [2018-10-22 23:54:28,253] - Components::findComponents: found logger, addr:192.168.0.107:57611
  INFO root [2018-10-22 23:54:28,254] - Components::addComponent[logger], uid=30952, componentID=2000, globalorderid=4, grouporderid=1, totalcount=1
  WARN root [2018-10-22 23:54:28,276] - Forwarding logs to logger[192.168.0.107:57611/0/0/0]...
 ERROR root [2018-10-22 23:54:53,353] - Components::removeComponentByChannel: logger : 2000, Abnormal exit! errorno=10054
  INFO root [2018-10-22 23:54:53,360] - The following logs sent to logger failed:
  WARN root [2018-10-22 23:54:53,360] - ==> [2018-10-22 23:54:53 351] TCPPacketReceiver::processPendingEvents(192.168.0.107:57611): Throwing REASON_GENERAL_NETWORK - WSAECONNRESET
 ERROR root [2018-10-22 23:54:53,360] - ==> [2018-10-22 23:54:53 353] Components::removeComponentByChannel: logger : 2000, Abnormal exit! errorno=10054
  INFO root [2018-10-22 23:54:54,562] - 
  INFO root [2018-10-22 23:54:54,563] - -----------------------------------------------------------------------------------------


  INFO root [2018-10-22 23:54:54,564] - Resmgr::initialize: KBE_ROOT=E:/kbengine/
  INFO root [2018-10-22 23:54:54,564] - Resmgr::initialize: KBE_RES_PATH=E:/kbengine/kbe/res/;E:/kbengine/assets/;E:/kbengine/assets/scripts/;E:/kbengine/assets/res/
  INFO root [2018-10-22 23:54:54,564] - Resmgr::initialize: KBE_BIN_PATH=E:/kbengine/kbe/bin/server/
  INFO root [2018-10-22 23:54:54,573] - NetworkInterface::initialize(INTERNAL): bound to all interfaces with default route interface on 192.168.0.107 ( 192.168.0.107:57650 )
  INFO root [2018-10-22 23:54:54,574] - NetworkInterface::initialize(INTERNAL): address 192.168.0.107:57650, SOMAXCONN=5.
  INFO root [2018-10-22 23:54:54,574] - server-configs:
  INFO root [2018-10-22 23:54:54,574] - 	internalAddr : 192.168.0.107:57650
  INFO root [2018-10-22 23:54:54,574] - 	componentID : 4000
  INFO root [2018-10-22 23:54:56,082] - ---- dbmgr Version: 2.0.0. ScriptVersion: 0.1.0. Protocol: F28F1C37BCC70CD27B77841D4A30E3D7. Config: Debug X86. Built: 15:52:44 Apr 29 2018. AppID: 4000. UID: 31138. PID: 2692 ----
  INFO root [2018-10-22 23:54:56,083] - Server : Intel(R) Xeon(R) CPU E3-1230 v3 @ 3.30GHz with 4194303kB RAM
  INFO root [2018-10-22 23:54:56,083] - ThreadPool::createThreadPool: creating  threadpool...
  INFO root [2018-10-22 23:54:56,084] - ThreadPool::createThreadPool: successfully(2), newThreadCount=1, normalMaxThreadCount=2, maxThreadCount=8
 DEBUG root [2018-10-22 23:54:56,215] - Script::install_py_dlls(): PyInit_pyexpat
 DEBUG root [2018-10-22 23:54:56,215] - Script::install_py_dlls(): PyInit__socket
 DEBUG root [2018-10-22 23:54:56,215] - Script::install_py_dlls(): PyInit__ssl
 DEBUG root [2018-10-22 23:54:56,218] - Script::install_py_dlls(): PyInit__hashlib
 DEBUG root [2018-10-22 23:54:56,219] - Script::install_py_dlls(): PyInit_select
 DEBUG root [2018-10-22 23:54:56,219] - Script::install_py_dlls(): PyInit__ctypes
 DEBUG root [2018-10-22 23:54:56,220] - Script::install_py_dlls(): PyInit__elementtree
 DEBUG root [2018-10-22 23:54:56,256] - Script::install_py_dlls(): PyInit_unicodedata
  INFO root [2018-10-22 23:54:56,291] - Script::install(): is successfully, Python=(3.4.2 (default, Apr 29 2018, 15:52:37) [MSC v.1913 32 bit (Intel)])!
  INFO root [2018-10-22 23:54:56,291] - Script::install(): KBExtra is successfully!
  INFO root [2018-10-22 23:54:56,317] - Dbmgr::initializeEnd: digest(7F4FC8296AD553545CD95B23EFF6238F)
S_INFO root [2018-10-22 23:54:56,318] - onDBMgrReady: bootstrapGroupIndex=0, bootstrapGlobalIndex=0
  INFO root [2018-10-22 23:54:56,318] - TelnetServer server is running on port 32000
  INFO root [2018-10-22 23:54:56,318] - Dbmgr::initInterfacesHandler: interfaces addr(127.0.0.1:30099), accountType:(interfaces), chargeType:(interfaces).
  WARN root [2018-10-22 23:54:56,747] - DBUtil::initialize: db(default) password is not encrypted!
please use password(rsa):
1124481BDBA957081CA1C8EE7D8FCFED7FD10C6FF754DDF5D3A9B73C791626351B3212FA95F6C3CE8C39DE9E36949822B41B52E5A82E778BC27F9A8619B3A10E4404AFAE3E6B0170A12C3EA16A1DA1882C375D4F4EE41155927BB9375EBD743394098E097A0F6651C2F4C2E351E54CF7DB67110267B0AC25AC01C8A782440D8D
 DEBUG root [2018-10-22 23:54:56,748] - DBInterfaceMysql::attach: connect: localhost:3306 starting...
 DEBUG root [2018-10-22 23:54:56,750] - DBInterfaceMysql::attach: successfully! addr: localhost:3306
  INFO root [2018-10-22 23:54:56,750] - DBUtil::createInterface[0x28f0f0]: interface=default, dbtype=mysql, ip=localhost, port=3306, currdatabase=kbe, username=kbe, connected=yes.

  INFO root [2018-10-22 23:54:56,751] - ThreadPool::createThreadPool: creating  threadpool...
 DEBUG root [2018-10-22 23:54:56,751] - DBInterfaceMysql::attach: connect: localhost:3306 starting...
 DEBUG root [2018-10-22 23:54:56,751] - DBInterfaceMysql::attach: connect: localhost:3306 starting...
 DEBUG root [2018-10-22 23:54:56,751] - DBInterfaceMysql::attach: connect: localhost:3306 starting...
  INFO root [2018-10-22 23:54:56,751] - ThreadPool::createThreadPool: successfully(5), newThreadCount=5, normalMaxThreadCount=5, maxThreadCount=5
 DEBUG root [2018-10-22 23:54:56,752] - DBInterfaceMysql::attach: connect: localhost:3306 starting...
 DEBUG root [2018-10-22 23:54:56,752] - DBInterfaceMysql::attach: connect: localhost:3306 starting...
 DEBUG root [2018-10-22 23:54:56,753] - DBInterfaceMysql::attach: successfully! addr: localhost:3306
 DEBUG root [2018-10-22 23:54:56,753] - DBInterfaceMysql::attach: successfully! addr: localhost:3306
 DEBUG root [2018-10-22 23:54:56,753] - DBThread::onStart(): 0x18edf28!
 DEBUG root [2018-10-22 23:54:56,753] - DBThread::onStart(): 0x18edfb0!
 DEBUG root [2018-10-22 23:54:56,753] - DBInterfaceMysql::attach: successfully! addr: localhost:3306
 DEBUG root [2018-10-22 23:54:56,754] - DBInterfaceMysql::attach: successfully! addr: localhost:3306
 DEBUG root [2018-10-22 23:54:56,754] - DBInterfaceMysql::attach: successfully! addr: localhost:3306
 DEBUG root [2018-10-22 23:54:56,754] - DBThread::onStart(): 0x18ee038!
 DEBUG root [2018-10-22 23:54:56,754] - DBThread::onStart(): 0x18ee0c0!
 DEBUG root [2018-10-22 23:54:56,754] - DBThread::onStart(): 0x18ee148!
  INFO root [2018-10-22 23:54:56,853] - DBInterfaceMysql::query: successfully!
  INFO root [2018-10-22 23:54:56,854] - DBInterfaceMysql::query: successfully!
  INFO root [2018-10-22 23:54:56,855] - DBInterfaceMysql::query: successfully!
  INFO root [2018-10-22 23:54:56,855] - DBInterfaceMysql::query: successfully!
  INFO root [2018-10-22 23:54:56,855] - DBInterfaceMysql::query: successfully!
  INFO root [2018-10-22 23:54:56,855] - DBInterfaceMysql::query: successfully!
  INFO root [2018-10-22 23:54:56,856] - DBInterfaceMysql::query: successfully!
  INFO root [2018-10-22 23:54:56,856] - DBInterfaceMysql::query: successfully!
  INFO root [2018-10-22 23:54:56,856] - DBInterfaceMysql::query: successfully!
  INFO root [2018-10-22 23:54:56,856] - DBInterfaceMysql::query: successfully!
  WARN root [2018-10-22 23:54:56,895] - e:\kbengine\kbe\src\server\dbmgr\dbmgr.cpp:275: Profile scriptCall took 0.58 seconds
  INFO root [2018-10-22 23:54:57,194] - ---- dbmgr is running ----
 DEBUG root [2018-10-22 23:54:57,195] - Components::process(): Request for the process of identity...
  INFO root [2018-10-22 23:55:04,318] - Components::findComponents: find logger(1)...
  INFO root [2018-10-22 23:55:04,372] - Components::findComponents: found logger, addr:192.168.0.107:57649
  INFO root [2018-10-22 23:55:04,373] - Components::addComponent: reset orderLog, uid=31138!
  INFO root [2018-10-22 23:55:04,373] - Components::addComponent[logger], uid=31138, componentID=2000, globalorderid=1, grouporderid=1, totalcount=1
  WARN root [2018-10-22 23:55:04,376] - Forwarding logs to logger[192.168.0.107:57649/0/0/0]...
 ERROR root [2018-10-22 23:59:49,927] - Components::removeComponentByChannel: logger : 2000, Abnormal exit! errorno=10054
  INFO root [2018-10-22 23:59:49,930] - The following logs sent to logger failed:
  WARN root [2018-10-22 23:59:49,931] - ==> [2018-10-22 23:59:49 927] TCPPacketReceiver::processPendingEvents(192.168.0.107:57649): Throwing REASON_GENERAL_NETWORK - WSAECONNRESET
 ERROR root [2018-10-22 23:59:49,931] - ==> [2018-10-22 23:59:49 927] Components::removeComponentByChannel: logger : 2000, Abnormal exit! errorno=10054
  INFO root [2018-10-22 23:59:51,105] - 
  INFO root [2018-10-22 23:59:51,105] - -----------------------------------------------------------------------------------------


  INFO root [2018-10-22 23:59:51,106] - Resmgr::initialize: KBE_ROOT=E:/kbengine/
  INFO root [2018-10-22 23:59:51,106] - Resmgr::initialize: KBE_RES_PATH=E:/kbengine/kbe/res/;E:/kbengine/assets/;E:/kbengine/assets/scripts/;E:/kbengine/assets/res/
  INFO root [2018-10-22 23:59:51,106] - Resmgr::initialize: KBE_BIN_PATH=E:/kbengine/kbe/bin/server/
  INFO root [2018-10-22 23:59:51,113] - NetworkInterface::initialize(INTERNAL): bound to all interfaces with default route interface on 192.168.0.107 ( 192.168.0.107:57703 )
  INFO root [2018-10-22 23:59:51,113] - NetworkInterface::initialize(INTERNAL): address 192.168.0.107:57703, SOMAXCONN=5.
  INFO root [2018-10-22 23:59:51,113] - server-configs:
  INFO root [2018-10-22 23:59:51,113] - 	internalAddr : 192.168.0.107:57703
  INFO root [2018-10-22 23:59:51,113] - 	componentID : 4000
  INFO root [2018-10-22 23:59:52,627] - ---- dbmgr Version: 2.0.0. ScriptVersion: 0.1.0. Protocol: F28F1C37BCC70CD27B77841D4A30E3D7. Config: Debug X86. Built: 15:52:44 Apr 29 2018. AppID: 4000. UID: 32104. PID: 7272 ----
  INFO root [2018-10-22 23:59:52,628] - Server : Intel(R) Xeon(R) CPU E3-1230 v3 @ 3.30GHz with 4194303kB RAM
  INFO root [2018-10-22 23:59:52,629] - ThreadPool::createThreadPool: creating  threadpool...
  INFO root [2018-10-22 23:59:52,630] - ThreadPool::createThreadPool: successfully(2), newThreadCount=1, normalMaxThreadCount=2, maxThreadCount=8
 DEBUG root [2018-10-22 23:59:52,775] - Script::install_py_dlls(): PyInit_pyexpat
 DEBUG root [2018-10-22 23:59:52,776] - Script::install_py_dlls(): PyInit__socket
 DEBUG root [2018-10-22 23:59:52,776] - Script::install_py_dlls(): PyInit__ssl
 DEBUG root [2018-10-22 23:59:52,779] - Script::install_py_dlls(): PyInit__hashlib
 DEBUG root [2018-10-22 23:59:52,779] - Script::install_py_dlls(): PyInit_select
 DEBUG root [2018-10-22 23:59:52,779] - Script::install_py_dlls(): PyInit__ctypes
 DEBUG root [2018-10-22 23:59:52,780] - Script::install_py_dlls(): PyInit__elementtree
 DEBUG root [2018-10-22 23:59:52,810] - Script::install_py_dlls(): PyInit_unicodedata
  INFO root [2018-10-22 23:59:52,841] - Script::install(): is successfully, Python=(3.4.2 (default, Apr 29 2018, 15:52:37) [MSC v.1913 32 bit (Intel)])!
  INFO root [2018-10-22 23:59:52,841] - Script::install(): KBExtra is successfully!
  INFO root [2018-10-22 23:59:52,861] - Dbmgr::initializeEnd: digest(7F4FC8296AD553545CD95B23EFF6238F)
S_INFO root [2018-10-22 23:59:52,862] - onDBMgrReady: bootstrapGroupIndex=0, bootstrapGlobalIndex=0
  INFO root [2018-10-22 23:59:52,862] - TelnetServer server is running on port 32000
  INFO root [2018-10-22 23:59:52,862] - Dbmgr::initInterfacesHandler: interfaces addr(127.0.0.1:30099), accountType:(interfaces), chargeType:(interfaces).
  WARN root [2018-10-22 23:59:53,214] - DBUtil::initialize: db(default) password is not encrypted!
please use password(rsa):
20625EB761217AEEB8EB7A9ED63CB9156A673135F8447FF98FBC4358023DDDA272273CDBA085E3D648B23F9B7FDC40980AA979C1AE30244092223039CBBD5189B1078E0505E4E19D573514DA9795AC1D5AF0ABB775157439104099956B4D8610A4D1277C7A7EE3B42C240F4F9429ACAA4079155B110B7422B2DCE12FB837D829
 DEBUG root [2018-10-22 23:59:53,216] - DBInterfaceMysql::attach: connect: localhost:3306 starting...
 DEBUG root [2018-10-22 23:59:53,217] - DBInterfaceMysql::attach: successfully! addr: localhost:3306
  INFO root [2018-10-22 23:59:53,217] - DBUtil::createInterface[0x18ef2d8]: interface=default, dbtype=mysql, ip=localhost, port=3306, currdatabase=kbe, username=kbe, connected=yes.

  INFO root [2018-10-22 23:59:53,218] - ThreadPool::createThreadPool: creating  threadpool...
 DEBUG root [2018-10-22 23:59:53,218] - DBInterfaceMysql::attach: connect: localhost:3306 starting...
 DEBUG root [2018-10-22 23:59:53,218] - DBInterfaceMysql::attach: connect: localhost:3306 starting...
  INFO root [2018-10-22 23:59:53,219] - ThreadPool::createThreadPool: successfully(5), newThreadCount=5, normalMaxThreadCount=5, maxThreadCount=5
 DEBUG root [2018-10-22 23:59:53,219] - DBInterfaceMysql::attach: connect: localhost:3306 starting...
 DEBUG root [2018-10-22 23:59:53,219] - DBInterfaceMysql::attach: connect: localhost:3306 starting...
 DEBUG root [2018-10-22 23:59:53,219] - DBInterfaceMysql::attach: connect: localhost:3306 starting...
 DEBUG root [2018-10-22 23:59:53,221] - DBInterfaceMysql::attach: successfully! addr: localhost:3306
 DEBUG root [2018-10-22 23:59:53,221] - DBInterfaceMysql::attach: successfully! addr: localhost:3306
 DEBUG root [2018-10-22 23:59:53,221] - DBThread::onStart(): 0x175dfb0!
 DEBUG root [2018-10-22 23:59:53,221] - DBInterfaceMysql::attach: successfully! addr: localhost:3306
 DEBUG root [2018-10-22 23:59:53,221] - DBThread::onStart(): 0x175df28!
 DEBUG root [2018-10-22 23:59:53,221] - DBThread::onStart(): 0x175e0c0!
 DEBUG root [2018-10-22 23:59:53,221] - DBInterfaceMysql::attach: successfully! addr: localhost:3306
 DEBUG root [2018-10-22 23:59:53,222] - DBInterfaceMysql::attach: successfully! addr: localhost:3306
 DEBUG root [2018-10-22 23:59:53,222] - DBThread::onStart(): 0x175e038!
 DEBUG root [2018-10-22 23:59:53,222] - DBThread::onStart(): 0x175e148!
  INFO root [2018-10-22 23:59:53,321] - DBInterfaceMysql::query: successfully!
  INFO root [2018-10-22 23:59:53,322] - DBInterfaceMysql::query: successfully!
  INFO root [2018-10-22 23:59:53,323] - DBInterfaceMysql::query: successfully!
  INFO root [2018-10-22 23:59:53,323] - DBInterfaceMysql::query: successfully!
  INFO root [2018-10-22 23:59:53,323] - DBInterfaceMysql::query: successfully!
  INFO root [2018-10-22 23:59:53,323] - DBInterfaceMysql::query: successfully!
  INFO root [2018-10-22 23:59:53,324] - DBInterfaceMysql::query: successfully!
  INFO root [2018-10-22 23:59:53,324] - DBInterfaceMysql::query: successfully!
  INFO root [2018-10-22 23:59:53,324] - DBInterfaceMysql::query: successfully!
  INFO root [2018-10-22 23:59:53,324] - DBInterfaceMysql::query: successfully!
  WARN root [2018-10-22 23:59:53,362] - e:\kbengine\kbe\src\server\dbmgr\dbmgr.cpp:275: Profile scriptCall took 0.50 seconds
  INFO root [2018-10-22 23:59:53,673] - ---- dbmgr is running ----
 DEBUG root [2018-10-22 23:59:53,673] - Components::process(): Request for the process of identity...
