  INFO root [2018-06-24 12:28:56,726] - 
  INFO root [2018-06-24 12:28:56,729] - -----------------------------------------------------------------------------------------


  INFO root [2018-06-24 12:28:56,729] - Resmgr::initialize: KBE_ROOT=E:/kbengine/
  INFO root [2018-06-24 12:28:56,729] - Resmgr::initialize: KBE_RES_PATH=E:/kbengine/kbe/res/;E:/kbengine/assets/;E:/kbengine/assets/scripts/;E:/kbengine/assets/res/
  INFO root [2018-06-24 12:28:56,730] - Resmgr::initialize: KBE_BIN_PATH=E:/kbengine/kbe/bin/server/
  INFO root [2018-06-24 12:28:56,739] - NetworkInterface::initialize(INTERNAL): bound to all interfaces with default route interface on 192.168.0.106 ( 192.168.0.106:50798 )
  INFO root [2018-06-24 12:28:56,739] - NetworkInterface::initialize(INTERNAL): address 192.168.0.106:50798, SOMAXCONN=5.
  INFO root [2018-06-24 12:28:56,739] - server-configs:
  INFO root [2018-06-24 12:28:56,739] - 	internalAddr : 192.168.0.106:50798
  INFO root [2018-06-24 12:28:56,739] - 	componentID : 4000
  INFO root [2018-06-24 12:28:58,258] - ---- dbmgr Version: 2.0.0. ScriptVersion: 0.1.0. Protocol: F28F1C37BCC70CD27B77841D4A30E3D7. Config: Debug X86. Built: 15:52:44 Apr 29 2018. AppID: 4000. UID: 19624. PID: 4944 ----
  INFO root [2018-06-24 12:28:58,259] - Server : Intel(R) Xeon(R) CPU E3-1230 v3 @ 3.30GHz with 4194303kB RAM
  INFO root [2018-06-24 12:28:58,259] - ThreadPool::createThreadPool: creating  threadpool...
  INFO root [2018-06-24 12:28:58,260] - ThreadPool::createThreadPool: successfully(2), newThreadCount=1, normalMaxThreadCount=2, maxThreadCount=8
 DEBUG root [2018-06-24 12:28:58,422] - Script::install_py_dlls(): PyInit_pyexpat
 DEBUG root [2018-06-24 12:28:58,422] - Script::install_py_dlls(): PyInit__socket
 DEBUG root [2018-06-24 12:28:58,423] - Script::install_py_dlls(): PyInit__ssl
 DEBUG root [2018-06-24 12:28:58,426] - Script::install_py_dlls(): PyInit__hashlib
 DEBUG root [2018-06-24 12:28:58,427] - Script::install_py_dlls(): PyInit_select
 DEBUG root [2018-06-24 12:28:58,427] - Script::install_py_dlls(): PyInit__ctypes
 DEBUG root [2018-06-24 12:28:58,427] - Script::install_py_dlls(): PyInit__elementtree
 DEBUG root [2018-06-24 12:28:58,457] - Script::install_py_dlls(): PyInit_unicodedata
  INFO root [2018-06-24 12:28:58,488] - Script::install(): is successfully, Python=(3.4.2 (default, Apr 29 2018, 15:52:37) [MSC v.1913 32 bit (Intel)])!
  INFO root [2018-06-24 12:28:58,488] - Script::install(): KBExtra is successfully!
  INFO root [2018-06-24 12:28:58,500] - Dbmgr::initializeEnd: digest(72B53B125E0C7FE07C8DC50622FE08C2)
S_INFO root [2018-06-24 12:28:58,500] - onDBMgrReady: bootstrapGroupIndex=0, bootstrapGlobalIndex=0
  INFO root [2018-06-24 12:28:58,500] - TelnetServer server is running on port 32000
  INFO root [2018-06-24 12:28:58,500] - Dbmgr::initInterfacesHandler: interfaces addr(127.0.0.1:30099), accountType:(interfaces), chargeType:(interfaces).
  WARN root [2018-06-24 12:28:58,825] - DBUtil::initialize: db(default) password is not encrypted!
please use password(rsa):
0201CC0C7EC46A94FF37BF5CCBBCBE6F40AC7F4BF345379E4A370E918F6E42EB9D40C84D910280C8DDA0416561BEA71F7250A0682A3B0715C16FE9703010E5384FB44C649B3F543C7A786864F44F974F8160A8D0EF6ADE7B7F04AE62DF85751EB966F558DA3C1C57A04512DC488D5D14B47A5A27FAD168EDE1171463836108D9
 DEBUG root [2018-06-24 12:28:58,827] - DBInterfaceMysql::attach: connect: localhost:3306 starting...
 DEBUG root [2018-06-24 12:28:58,829] - DBInterfaceMysql::attach: successfully! addr: localhost:3306
  INFO root [2018-06-24 12:28:58,829] - DBUtil::createInterface[0x29edcc]: interface=default, dbtype=mysql, ip=localhost, port=3306, currdatabase=kbe, username=kbe, connected=yes.

  INFO root [2018-06-24 12:28:58,829] - ThreadPool::createThreadPool: creating  threadpool...
 DEBUG root [2018-06-24 12:28:58,830] - DBInterfaceMysql::attach: connect: localhost:3306 starting...
 DEBUG root [2018-06-24 12:28:58,830] - DBInterfaceMysql::attach: connect: localhost:3306 starting...
 DEBUG root [2018-06-24 12:28:58,830] - DBInterfaceMysql::attach: connect: localhost:3306 starting...
 DEBUG root [2018-06-24 12:28:58,830] - DBInterfaceMysql::attach: connect: localhost:3306 starting...
  INFO root [2018-06-24 12:28:58,830] - ThreadPool::createThreadPool: successfully(5), newThreadCount=5, normalMaxThreadCount=5, maxThreadCount=5
 DEBUG root [2018-06-24 12:28:58,831] - DBInterfaceMysql::attach: connect: localhost:3306 starting...
 DEBUG root [2018-06-24 12:28:58,831] - DBInterfaceMysql::attach: successfully! addr: localhost:3306
 DEBUG root [2018-06-24 12:28:58,831] - DBInterfaceMysql::attach: successfully! addr: localhost:3306
 DEBUG root [2018-06-24 12:28:58,832] - DBThread::onStart(): 0x4a3848!
 DEBUG root [2018-06-24 12:28:58,832] - DBThread::onStart(): 0x4a38d0!
 DEBUG root [2018-06-24 12:28:58,832] - DBInterfaceMysql::attach: successfully! addr: localhost:3306
 DEBUG root [2018-06-24 12:28:58,832] - DBInterfaceMysql::attach: successfully! addr: localhost:3306
 DEBUG root [2018-06-24 12:28:58,832] - DBThread::onStart(): 0x4a39e0!
 DEBUG root [2018-06-24 12:28:58,832] - DBThread::onStart(): 0x4a3958!
 DEBUG root [2018-06-24 12:28:58,832] - DBInterfaceMysql::attach: successfully! addr: localhost:3306
 DEBUG root [2018-06-24 12:28:58,832] - DBThread::onStart(): 0x4a3a68!
  INFO root [2018-06-24 12:28:58,933] - DBInterfaceMysql::query: successfully!
  INFO root [2018-06-24 12:28:58,934] - DBInterfaceMysql::query: successfully!
  INFO root [2018-06-24 12:28:58,934] - DBInterfaceMysql::query: successfully!
  INFO root [2018-06-24 12:28:58,934] - DBInterfaceMysql::query: successfully!
  INFO root [2018-06-24 12:28:58,935] - DBInterfaceMysql::query: successfully!
  INFO root [2018-06-24 12:28:58,935] - DBInterfaceMysql::query: successfully!
  INFO root [2018-06-24 12:28:58,935] - DBInterfaceMysql::query: successfully!
  INFO root [2018-06-24 12:28:58,935] - DBInterfaceMysql::query: successfully!
  INFO root [2018-06-24 12:28:58,935] - DBInterfaceMysql::query: successfully!
 DEBUG root [2018-06-24 12:28:58,936] - syncToDB(): Account->sm_playerName_base(varchar(255) not null DEFAULT '').
  INFO root [2018-06-24 12:28:59,014] - DBInterfaceMysql::query: successfully!
 DEBUG root [2018-06-24 12:28:59,289] - syncToDB(): Account->sm_playerID_base(smallint unsigned not null DEFAULT 0).
 DEBUG root [2018-06-24 12:28:59,557] - DBInterfaceMysql::dropEntityTableItemFromDB: tbl_Account sm_playerLevel.
  INFO root [2018-06-24 12:28:59,847] - DBInterfaceMysql::query: successfully!
 DEBUG root [2018-06-24 12:28:59,848] - DBInterfaceMysql::dropEntityTableItemFromDB: tbl_Account sm_cur_EXP.
  INFO root [2018-06-24 12:29:00,155] - DBInterfaceMysql::query: successfully!
 DEBUG root [2018-06-24 12:29:00,156] - DBInterfaceMysql::dropEntityTableItemFromDB: tbl_Account sm_iconURL.
  INFO root [2018-06-24 12:29:00,630] - DBInterfaceMysql::query: successfully!
 DEBUG root [2018-06-24 12:29:00,630] - DBInterfaceMysql::dropEntityTableItemFromDB: tbl_Account sm_playerGold.
  INFO root [2018-06-24 12:29:01,040] - DBInterfaceMysql::query: successfully!
 DEBUG root [2018-06-24 12:29:01,041] - DBInterfaceMysql::dropEntityTableItemFromDB: tbl_Account sm_playerRoomcard.
  INFO root [2018-06-24 12:29:01,390] - DBInterfaceMysql::query: successfully!
  WARN root [2018-06-24 12:29:01,391] - DBTask::process(): took 2.46 seconds
sql:(show index from tbl_Account)
 DEBUG root [2018-06-24 12:29:01,405] - DBInterfaceMysql::dropEntityTableFromDB: tbl_Account_friendsList.
  INFO root [2018-06-24 12:29:01,487] - DBInterfaceMysql::query: successfully!
 DEBUG root [2018-06-24 12:29:01,488] - DBInterfaceMysql::dropEntityTableFromDB: tbl_Account_mailList.
  INFO root [2018-06-24 12:29:01,555] - DBInterfaceMysql::query: successfully!
 DEBUG root [2018-06-24 12:29:01,556] - DBInterfaceMysql::dropEntityTableFromDB: tbl_AllPlayerPublicInfo.
  INFO root [2018-06-24 12:29:01,637] - DBInterfaceMysql::query: successfully!
 DEBUG root [2018-06-24 12:29:01,637] - DBInterfaceMysql::dropEntityTableFromDB: tbl_AllPlayerPublicInfo_allPlayers.
  INFO root [2018-06-24 12:29:01,728] - DBInterfaceMysql::query: successfully!
 DEBUG root [2018-06-24 12:29:01,728] - DBInterfaceMysql::dropEntityTableFromDB: tbl_OfflineMessage.
  INFO root [2018-06-24 12:29:01,805] - DBInterfaceMysql::query: successfully!
 DEBUG root [2018-06-24 12:29:01,806] - DBInterfaceMysql::dropEntityTableFromDB: tbl_OfflineMessage_offline_messages.
  INFO root [2018-06-24 12:29:01,887] - DBInterfaceMysql::query: successfully!
 DEBUG root [2018-06-24 12:29:01,888] - DBInterfaceMysql::dropEntityTableFromDB: tbl_OnLinePlayerManager.
  INFO root [2018-06-24 12:29:02,006] - DBInterfaceMysql::query: successfully!
  WARN root [2018-06-24 12:29:02,008] - e:\kbengine\kbe\src\server\dbmgr\dbmgr.cpp:275: Profile scriptCall took 3.51 seconds
  INFO root [2018-06-24 12:29:02,315] - ---- dbmgr is running ----
 DEBUG root [2018-06-24 12:29:02,315] - Components::process(): Request for the process of identity...
  INFO root [2018-06-24 12:29:09,433] - Components::findComponents: find logger(1)...
  INFO root [2018-06-24 12:29:09,476] - Components::findComponents: found logger, addr:192.168.0.106:50803
  INFO root [2018-06-24 12:29:09,477] - Components::addComponent: reset orderLog, uid=19624!
  INFO root [2018-06-24 12:29:09,478] - Components::addComponent[logger], uid=19624, componentID=2000, globalorderid=1, grouporderid=1, totalcount=1
  WARN root [2018-06-24 12:29:09,479] - Forwarding logs to logger[192.168.0.106:50803/0/0/0]...
 ERROR root [2018-06-24 19:24:18,888] - Components::removeComponentByChannel: loginapp : 9000, Abnormal exit! errorno=10054
 ERROR root [2018-06-24 19:24:18,904] - Components::removeComponentByChannel: cellapp : 8001, Abnormal exit! errorno=10054
 ERROR root [2018-06-24 19:24:18,921] - Components::removeComponentByChannel: baseapp : 7001, Abnormal exit! errorno=10054
 ERROR root [2018-06-24 19:24:18,936] - Components::removeComponentByChannel: cellappmgr : 6000, Abnormal exit! errorno=10054
 ERROR root [2018-06-24 19:24:18,952] - Components::removeComponentByChannel: baseappmgr : 5000, Abnormal exit! errorno=10054
