  INFO root [2018-07-01 12:50:37,876] - 
  INFO root [2018-07-01 12:50:37,906] - -----------------------------------------------------------------------------------------


  INFO root [2018-07-01 12:50:39,568] - Resmgr::initialize: KBE_ROOT=E:/kbengine/
  INFO root [2018-07-01 12:50:39,569] - Resmgr::initialize: KBE_RES_PATH=E:/kbengine/kbe/res/;E:/kbengine/assets/;E:/kbengine/assets/scripts/;E:/kbengine/assets/res/
  INFO root [2018-07-01 12:50:39,569] - Resmgr::initialize: KBE_BIN_PATH=E:/kbengine/kbe/bin/server/
  INFO root [2018-07-01 12:50:39,973] - NetworkInterface::initialize(INTERNAL): bound to all interfaces with default route interface on 192.168.0.106 ( 192.168.0.106:50586 )
  INFO root [2018-07-01 12:50:39,973] - NetworkInterface::initialize(INTERNAL): address 192.168.0.106:50586, SOMAXCONN=5.
  INFO root [2018-07-01 12:50:40,130] - server-configs:
  INFO root [2018-07-01 12:50:40,131] - 	internalAddr : 192.168.0.106:50586
  INFO root [2018-07-01 12:50:40,131] - 	componentID : 4000
  INFO root [2018-07-01 12:50:40,595] - ---- dbmgr Version: 2.0.0. ScriptVersion: 0.1.0. Protocol: F28F1C37BCC70CD27B77841D4A30E3D7. Config: Debug X86. Built: 15:52:44 Apr 29 2018. AppID: 4000. UID: 32762. PID: 10652 ----
  INFO root [2018-07-01 12:50:40,596] - Server : Intel(R) Xeon(R) CPU E3-1230 v3 @ 3.30GHz with 4194303kB RAM
  INFO root [2018-07-01 12:50:40,645] - ThreadPool::createThreadPool: creating  threadpool...
  INFO root [2018-07-01 12:50:40,662] - ThreadPool::createThreadPool: successfully(2), newThreadCount=1, normalMaxThreadCount=2, maxThreadCount=8
 DEBUG root [2018-07-01 12:50:42,932] - Script::install_py_dlls(): PyInit_pyexpat
 DEBUG root [2018-07-01 12:50:43,025] - Script::install_py_dlls(): PyInit__socket
 DEBUG root [2018-07-01 12:50:43,058] - Script::install_py_dlls(): PyInit__ssl
 DEBUG root [2018-07-01 12:50:43,400] - Script::install_py_dlls(): PyInit__hashlib
 DEBUG root [2018-07-01 12:50:43,548] - Script::install_py_dlls(): PyInit_select
 DEBUG root [2018-07-01 12:50:43,594] - Script::install_py_dlls(): PyInit__ctypes
 DEBUG root [2018-07-01 12:50:43,612] - Script::install_py_dlls(): PyInit__elementtree
 DEBUG root [2018-07-01 12:50:44,086] - Script::install_py_dlls(): PyInit_unicodedata
  INFO root [2018-07-01 12:50:44,865] - Script::install(): is successfully, Python=(3.4.2 (default, Apr 29 2018, 15:52:37) [MSC v.1913 32 bit (Intel)])!
  INFO root [2018-07-01 12:50:44,865] - Script::install(): KBExtra is successfully!
  INFO root [2018-07-01 12:50:45,739] - Dbmgr::initializeEnd: digest(70D8F67BBC844A4B952DAFCF7FE7AA54)
S_INFO root [2018-07-01 12:50:45,739] - onDBMgrReady: bootstrapGroupIndex=0, bootstrapGlobalIndex=0
  INFO root [2018-07-01 12:50:45,775] - TelnetServer server is running on port 32000
  INFO root [2018-07-01 12:50:45,819] - Dbmgr::initInterfacesHandler: interfaces addr(127.0.0.1:30099), accountType:(interfaces), chargeType:(interfaces).
  WARN root [2018-07-01 12:50:46,235] - DBUtil::initialize: db(default) password is not encrypted!
please use password(rsa):
93734A8AC3FD44A659A46FA41AD34ACADB7214108D422A8E9CE122A815269114D27BB0A55FDADB2111BB8E8CFFE81795B6F4BCE7545BA9FB79E4FD429CE6E936652AE4F39CFEEFAE59EC4461BD528092E0815561377C370B8EF56F57724EBA4D9CD493CFD5B45A602E54CEBD76E09D4AE13B95BC505EE1D8BAFABD7F778C7F84
 DEBUG root [2018-07-01 12:50:49,035] - DBInterfaceMysql::attach: connect: localhost:3306 starting...
 ERROR root [2018-07-01 12:50:51,135] - DBInterfaceMysql::attach: mysql_errno=2003, mysql_error=Can't connect to MySQL server on 'localhost' (10061)
 ERROR root [2018-07-01 12:50:51,137] - DBUtil::createInterface: attach to database failed!
	dbinterface=0x18f4a0
	args=interface=default, dbtype=mysql, ip=localhost, port=3306, currdatabase=kbe, username=kbe, connected=no.

 ERROR root [2018-07-01 12:50:51,138] - Dbmgr::initDB(): can't create dbInterface!
  WARN root [2018-07-01 12:50:51,169] - e:\kbengine\kbe\src\server\dbmgr\dbmgr.cpp:275: Profile scriptCall took 5.40 seconds
 ERROR root [2018-07-01 12:50:51,170] - app::initialize(): initialization failed!
 DEBUG root [2018-07-01 12:50:51,171] - ThreadPool::destroy(): starting size 0.
 DEBUG root [2018-07-01 12:50:51,571] - ThreadPool::destroy(): successfully!
 DEBUG root [2018-07-01 12:50:51,571] - Script::uninstall_py_dlls(): PyInit_pyexpat
 DEBUG root [2018-07-01 12:50:51,571] - Script::uninstall_py_dlls(): PyInit__socket
 DEBUG root [2018-07-01 12:50:51,572] - Script::uninstall_py_dlls(): PyInit__ssl
 DEBUG root [2018-07-01 12:50:51,572] - Script::uninstall_py_dlls(): PyInit__hashlib
 DEBUG root [2018-07-01 12:50:51,572] - Script::uninstall_py_dlls(): PyInit_select
 DEBUG root [2018-07-01 12:50:51,572] - Script::uninstall_py_dlls(): PyInit__ctypes
 DEBUG root [2018-07-01 12:50:51,572] - Script::uninstall_py_dlls(): PyInit__elementtree
 DEBUG root [2018-07-01 12:50:51,573] - Script::uninstall_py_dlls(): PyInit_unicodedata
  INFO root [2018-07-01 12:50:51,589] - Script::uninstall(): is successfully!
 DEBUG root [2018-07-01 12:50:51,590] - ThreadPool::destroy(): starting size 2.
  WARN root [2018-07-01 12:50:51,890] - ThreadPool::destroy(): waiting for thread(2)[0x5deb50,0x5deae8,], try=1
 DEBUG root [2018-07-01 12:50:52,290] - TPThread::~TPThread(): 0x5deb50
 DEBUG root [2018-07-01 12:50:52,291] - TPThread::~TPThread(): 0x5deae8
 DEBUG root [2018-07-01 12:50:52,291] - ThreadPool::destroy(): successfully!
 DEBUG root [2018-07-01 12:50:52,292] - Bundle::destroyObjPool(): size 14.
 DEBUG root [2018-07-01 12:50:52,292] - Channel::destroyObjPool(): size 15.
 DEBUG root [2018-07-01 12:50:52,293] - TCPPacket::destroyObjPool(): size 0.
 DEBUG root [2018-07-01 12:50:52,293] - UDPPacket::destroyObjPool(): size 14.
 DEBUG root [2018-07-01 12:50:52,294] - EndPoint::destroyObjPool(): size 15.
 DEBUG root [2018-07-01 12:50:52,294] - Address::destroyObjPool(): size 0.
 DEBUG root [2018-07-01 12:50:52,294] - TCPPacketReceiver::destroyObjPool(): size 0.
 DEBUG root [2018-07-01 12:50:52,294] - UDPPacketReceiver::destroyObjPool(): size 0.
  INFO root [2018-07-01 12:50:59,126] - EventDispatcher()::~EventDispatcher: Num timers = 1
  INFO root [2018-07-01 12:53:14,359] - 
  INFO root [2018-07-01 12:53:14,360] - -----------------------------------------------------------------------------------------


  INFO root [2018-07-01 12:53:14,361] - Resmgr::initialize: KBE_ROOT=E:/kbengine/
  INFO root [2018-07-01 12:53:14,361] - Resmgr::initialize: KBE_RES_PATH=E:/kbengine/kbe/res/;E:/kbengine/assets/;E:/kbengine/assets/scripts/;E:/kbengine/assets/res/
  INFO root [2018-07-01 12:53:14,361] - Resmgr::initialize: KBE_BIN_PATH=E:/kbengine/kbe/bin/server/
  INFO root [2018-07-01 12:53:14,366] - NetworkInterface::initialize(INTERNAL): bound to all interfaces with default route interface on 192.168.0.106 ( 192.168.0.106:50614 )
  INFO root [2018-07-01 12:53:14,366] - NetworkInterface::initialize(INTERNAL): address 192.168.0.106:50614, SOMAXCONN=5.
  INFO root [2018-07-01 12:53:14,366] - server-configs:
  INFO root [2018-07-01 12:53:14,366] - 	internalAddr : 192.168.0.106:50614
  INFO root [2018-07-01 12:53:14,366] - 	componentID : 4000
  INFO root [2018-07-01 12:53:15,873] - ---- dbmgr Version: 2.0.0. ScriptVersion: 0.1.0. Protocol: F28F1C37BCC70CD27B77841D4A30E3D7. Config: Debug X86. Built: 15:52:44 Apr 29 2018. AppID: 4000. UID: 559. PID: 8460 ----
  INFO root [2018-07-01 12:53:15,873] - Server : Intel(R) Xeon(R) CPU E3-1230 v3 @ 3.30GHz with 4194303kB RAM
  INFO root [2018-07-01 12:53:15,874] - ThreadPool::createThreadPool: creating  threadpool...
  INFO root [2018-07-01 12:53:15,874] - ThreadPool::createThreadPool: successfully(2), newThreadCount=1, normalMaxThreadCount=2, maxThreadCount=8
 DEBUG root [2018-07-01 12:53:16,009] - Script::install_py_dlls(): PyInit_pyexpat
 DEBUG root [2018-07-01 12:53:16,010] - Script::install_py_dlls(): PyInit__socket
 DEBUG root [2018-07-01 12:53:16,010] - Script::install_py_dlls(): PyInit__ssl
 DEBUG root [2018-07-01 12:53:16,013] - Script::install_py_dlls(): PyInit__hashlib
 DEBUG root [2018-07-01 12:53:16,013] - Script::install_py_dlls(): PyInit_select
 DEBUG root [2018-07-01 12:53:16,013] - Script::install_py_dlls(): PyInit__ctypes
 DEBUG root [2018-07-01 12:53:16,014] - Script::install_py_dlls(): PyInit__elementtree
 DEBUG root [2018-07-01 12:53:16,045] - Script::install_py_dlls(): PyInit_unicodedata
  INFO root [2018-07-01 12:53:16,075] - Script::install(): is successfully, Python=(3.4.2 (default, Apr 29 2018, 15:52:37) [MSC v.1913 32 bit (Intel)])!
  INFO root [2018-07-01 12:53:16,075] - Script::install(): KBExtra is successfully!
  INFO root [2018-07-01 12:53:16,087] - Dbmgr::initializeEnd: digest(70D8F67BBC844A4B952DAFCF7FE7AA54)
S_INFO root [2018-07-01 12:53:16,087] - onDBMgrReady: bootstrapGroupIndex=0, bootstrapGlobalIndex=0
  INFO root [2018-07-01 12:53:16,087] - TelnetServer server is running on port 32000
  INFO root [2018-07-01 12:53:16,087] - Dbmgr::initInterfacesHandler: interfaces addr(127.0.0.1:30099), accountType:(interfaces), chargeType:(interfaces).
  WARN root [2018-07-01 12:53:16,438] - DBUtil::initialize: db(default) password is not encrypted!
please use password(rsa):
0FCD9C481D3ADC2B3C86A8E6D50C8D13C0CA49171515512F7FB22A1E687F993BEA4D45C73DB192845B0656DF202E1C756E0358AF520378EEFCD2E4FE34C7D4C4AFD4F82F1BD8F865D334C2B066F6CC580AF4341B6E48D7FF53FAD8668628996BF9AD708573E87ED17F5BF2A7AC8E1F52F3A3B71E5125642EB619B20E6CB31800
 DEBUG root [2018-07-01 12:53:16,439] - DBInterfaceMysql::attach: connect: localhost:3306 starting...
 DEBUG root [2018-07-01 12:53:16,579] - DBInterfaceMysql::attach: successfully! addr: localhost:3306
  INFO root [2018-07-01 12:53:16,579] - DBUtil::createInterface[0x36f1ec]: interface=default, dbtype=mysql, ip=localhost, port=3306, currdatabase=kbe, username=kbe, connected=yes.

  INFO root [2018-07-01 12:53:16,598] - ThreadPool::createThreadPool: creating  threadpool...
 DEBUG root [2018-07-01 12:53:16,598] - DBInterfaceMysql::attach: connect: localhost:3306 starting...
 DEBUG root [2018-07-01 12:53:16,599] - DBInterfaceMysql::attach: connect: localhost:3306 starting...
  INFO root [2018-07-01 12:53:16,599] - ThreadPool::createThreadPool: successfully(5), newThreadCount=5, normalMaxThreadCount=5, maxThreadCount=5
 DEBUG root [2018-07-01 12:53:16,599] - DBInterfaceMysql::attach: connect: localhost:3306 starting...
 DEBUG root [2018-07-01 12:53:16,599] - DBInterfaceMysql::attach: connect: localhost:3306 starting...
 DEBUG root [2018-07-01 12:53:16,599] - DBInterfaceMysql::attach: connect: localhost:3306 starting...
 DEBUG root [2018-07-01 12:53:16,601] - DBInterfaceMysql::attach: successfully! addr: localhost:3306
 DEBUG root [2018-07-01 12:53:16,601] - DBThread::onStart(): 0x7d39d8!
 DEBUG root [2018-07-01 12:53:16,601] - DBInterfaceMysql::attach: successfully! addr: localhost:3306
 DEBUG root [2018-07-01 12:53:16,601] - DBThread::onStart(): 0x7d3950!
 DEBUG root [2018-07-01 12:53:16,602] - DBInterfaceMysql::attach: successfully! addr: localhost:3306
 DEBUG root [2018-07-01 12:53:16,602] - DBThread::onStart(): 0x7d3b70!
 DEBUG root [2018-07-01 12:53:16,602] - DBInterfaceMysql::attach: successfully! addr: localhost:3306
 DEBUG root [2018-07-01 12:53:16,602] - DBThread::onStart(): 0x7d3a60!
 DEBUG root [2018-07-01 12:53:16,602] - DBInterfaceMysql::attach: successfully! addr: localhost:3306
 DEBUG root [2018-07-01 12:53:16,602] - DBThread::onStart(): 0x7d3ae8!
  INFO root [2018-07-01 12:53:16,743] - DBInterfaceMysql::query: successfully!
  INFO root [2018-07-01 12:53:16,744] - DBInterfaceMysql::query: successfully!
  INFO root [2018-07-01 12:53:16,827] - DBInterfaceMysql::query: successfully!
  INFO root [2018-07-01 12:53:16,942] - DBInterfaceMysql::query: successfully!
  INFO root [2018-07-01 12:53:16,953] - DBInterfaceMysql::query: successfully!
  INFO root [2018-07-01 12:53:17,010] - DBInterfaceMysql::query: successfully!
  INFO root [2018-07-01 12:53:17,010] - DBInterfaceMysql::query: successfully!
  INFO root [2018-07-01 12:53:17,010] - DBInterfaceMysql::query: successfully!
  INFO root [2018-07-01 12:53:17,010] - DBInterfaceMysql::query: successfully!
  WARN root [2018-07-01 12:53:17,038] - DBTask::process(): took 0.29 seconds
sql:(insert into kbe_serverlog (heartbeatTime, logger) values(1530420796,4000) ON DUPLICATE KEY UPDATE heartbeatTime=1530420796)
  WARN root [2018-07-01 12:53:17,038] - DBTask::process(): took 0.27 seconds
sql:(delete from kbe_email_verification where logtime<1530417197 and type=3)
  WARN root [2018-07-01 12:53:17,039] - DBTask::process(): took 0.27 seconds
sql:(CREATE TABLE IF NOT EXISTS kbe_accountinfos (`accountName` varchar(128) not null, PRIMARY KEY idKey (`accountName`),`password` varchar(255),`bindata` blob,`email` varchar(191) not null, UNIQUE KEY `email` (`email`),`entityDBID` bigint(20) unsigned not null DEFAULT 0, UNIQUE KEY `entityDBID` (`entityDBID`),`flags` int unsigned not null DEFAULT 0,`deadline` bigint(20) not null DEFAULT 0,`regtime` bigint(20) not null DEFAULT 0,`lasttime` bigint(20) not null DEFAULT 0,`numlogin` int unsigned not null DEFAULT 0)ENGINE=InnoDB)
  INFO root [2018-07-01 12:53:17,069] - DBInterfaceMysql::query: successfully!
  WARN root [2018-07-01 12:53:17,069] - DBTask::process(): took 0.32 seconds
sql:(delete from kbe_entitylog where logger in (4000))
  WARN root [2018-07-01 12:53:17,137] - DBTask::process(): took 0.28 seconds
sql:(show index from tbl_Account)
  WARN root [2018-07-01 12:53:17,239] - DBTask::process(): took 0.20 seconds
sql:(show index from tbl_Halls)
  WARN root [2018-07-01 12:53:17,240] - DBTask::process(): took 0.20 seconds
sql:(show index from tbl_Room)
  WARN root [2018-07-01 12:53:17,254] - e:\kbengine\kbe\src\server\dbmgr\dbmgr.cpp:275: Profile scriptCall took 1.17 seconds
  INFO root [2018-07-01 12:53:17,567] - ---- dbmgr is running ----
 DEBUG root [2018-07-01 12:53:17,567] - Components::process(): Request for the process of identity...
  INFO root [2018-07-01 12:53:24,665] - Components::findComponents: find logger(1)...
  INFO root [2018-07-01 12:53:24,710] - Components::findComponents: found logger, addr:192.168.0.106:50619
  INFO root [2018-07-01 12:53:24,711] - Components::addComponent: reset orderLog, uid=559!
  INFO root [2018-07-01 12:53:24,711] - Components::addComponent[logger], uid=559, componentID=2000, globalorderid=1, grouporderid=1, totalcount=1
  WARN root [2018-07-01 12:53:24,735] - Forwarding logs to logger[192.168.0.106:50619/0/0/0]...
 ERROR root [2018-07-01 12:55:23,892] - Components::removeComponentByChannel: logger : 2000, Abnormal exit! errorno=10054
  INFO root [2018-07-01 12:55:23,899] - The following logs sent to logger failed:
  WARN root [2018-07-01 12:55:23,900] - ==> [2018-07-01 12:55:23 891] TCPPacketReceiver::processPendingEvents(192.168.0.106:50619): Throwing REASON_GENERAL_NETWORK - WSAECONNRESET
 ERROR root [2018-07-01 12:55:23,900] - ==> [2018-07-01 12:55:23 892] Components::removeComponentByChannel: logger : 2000, Abnormal exit! errorno=10054
  INFO root [2018-07-01 12:55:25,094] - 
  INFO root [2018-07-01 12:55:25,095] - -----------------------------------------------------------------------------------------


  INFO root [2018-07-01 12:55:25,095] - Resmgr::initialize: KBE_ROOT=E:/kbengine/
  INFO root [2018-07-01 12:55:25,095] - Resmgr::initialize: KBE_RES_PATH=E:/kbengine/kbe/res/;E:/kbengine/assets/;E:/kbengine/assets/scripts/;E:/kbengine/assets/res/
  INFO root [2018-07-01 12:55:25,095] - Resmgr::initialize: KBE_BIN_PATH=E:/kbengine/kbe/bin/server/
  INFO root [2018-07-01 12:55:25,098] - NetworkInterface::initialize(INTERNAL): bound to all interfaces with default route interface on 192.168.0.106 ( 192.168.0.106:50661 )
  INFO root [2018-07-01 12:55:25,098] - NetworkInterface::initialize(INTERNAL): address 192.168.0.106:50661, SOMAXCONN=5.
  INFO root [2018-07-01 12:55:25,098] - server-configs:
  INFO root [2018-07-01 12:55:25,098] - 	internalAddr : 192.168.0.106:50661
  INFO root [2018-07-01 12:55:25,099] - 	componentID : 4000
  INFO root [2018-07-01 12:55:26,611] - ---- dbmgr Version: 2.0.0. ScriptVersion: 0.1.0. Protocol: F28F1C37BCC70CD27B77841D4A30E3D7. Config: Debug X86. Built: 15:52:44 Apr 29 2018. AppID: 4000. UID: 984. PID: 10080 ----
  INFO root [2018-07-01 12:55:26,612] - Server : Intel(R) Xeon(R) CPU E3-1230 v3 @ 3.30GHz with 4194303kB RAM
  INFO root [2018-07-01 12:55:26,613] - ThreadPool::createThreadPool: creating  threadpool...
  INFO root [2018-07-01 12:55:26,614] - ThreadPool::createThreadPool: successfully(2), newThreadCount=1, normalMaxThreadCount=2, maxThreadCount=8
 DEBUG root [2018-07-01 12:55:26,759] - Script::install_py_dlls(): PyInit_pyexpat
 DEBUG root [2018-07-01 12:55:26,760] - Script::install_py_dlls(): PyInit__socket
 DEBUG root [2018-07-01 12:55:26,760] - Script::install_py_dlls(): PyInit__ssl
 DEBUG root [2018-07-01 12:55:26,763] - Script::install_py_dlls(): PyInit__hashlib
 DEBUG root [2018-07-01 12:55:26,764] - Script::install_py_dlls(): PyInit_select
 DEBUG root [2018-07-01 12:55:26,764] - Script::install_py_dlls(): PyInit__ctypes
 DEBUG root [2018-07-01 12:55:26,764] - Script::install_py_dlls(): PyInit__elementtree
 DEBUG root [2018-07-01 12:55:26,792] - Script::install_py_dlls(): PyInit_unicodedata
  INFO root [2018-07-01 12:55:26,823] - Script::install(): is successfully, Python=(3.4.2 (default, Apr 29 2018, 15:52:37) [MSC v.1913 32 bit (Intel)])!
  INFO root [2018-07-01 12:55:26,824] - Script::install(): KBExtra is successfully!
  INFO root [2018-07-01 12:55:26,836] - Dbmgr::initializeEnd: digest(70D8F67BBC844A4B952DAFCF7FE7AA54)
S_INFO root [2018-07-01 12:55:26,836] - onDBMgrReady: bootstrapGroupIndex=0, bootstrapGlobalIndex=0
  INFO root [2018-07-01 12:55:26,836] - TelnetServer server is running on port 32000
  INFO root [2018-07-01 12:55:26,837] - Dbmgr::initInterfacesHandler: interfaces addr(127.0.0.1:30099), accountType:(interfaces), chargeType:(interfaces).
  WARN root [2018-07-01 12:55:27,184] - DBUtil::initialize: db(default) password is not encrypted!
please use password(rsa):
4EAB26ADFFD5CF24887F5684F5F5AF71554517A98B499B53C83A1053754B8328C9C21472C94021DEA0A5A018FA610CF7E630E7E0BAFE0348FD839E60C2B40B8711BAA59496725C4FCA1B2B3FD963336C311A299770A0D81D2B5B27613E673B12857EC86C159B6E428648913EF01F2AEC06F5137C2556A33C705F77C5EE11C4EA
 DEBUG root [2018-07-01 12:55:27,185] - DBInterfaceMysql::attach: connect: localhost:3306 starting...
 DEBUG root [2018-07-01 12:55:27,187] - DBInterfaceMysql::attach: successfully! addr: localhost:3306
  INFO root [2018-07-01 12:55:27,187] - DBUtil::createInterface[0x2bf4ec]: interface=default, dbtype=mysql, ip=localhost, port=3306, currdatabase=kbe, username=kbe, connected=yes.

  INFO root [2018-07-01 12:55:27,188] - ThreadPool::createThreadPool: creating  threadpool...
 DEBUG root [2018-07-01 12:55:27,188] - DBInterfaceMysql::attach: connect: localhost:3306 starting...
 DEBUG root [2018-07-01 12:55:27,188] - DBInterfaceMysql::attach: connect: localhost:3306 starting...
 DEBUG root [2018-07-01 12:55:27,188] - DBInterfaceMysql::attach: connect: localhost:3306 starting...
  INFO root [2018-07-01 12:55:27,188] - ThreadPool::createThreadPool: successfully(5), newThreadCount=5, normalMaxThreadCount=5, maxThreadCount=5
 DEBUG root [2018-07-01 12:55:27,189] - DBInterfaceMysql::attach: connect: localhost:3306 starting...
 DEBUG root [2018-07-01 12:55:27,189] - DBInterfaceMysql::attach: connect: localhost:3306 starting...
 DEBUG root [2018-07-01 12:55:27,190] - DBInterfaceMysql::attach: successfully! addr: localhost:3306
 DEBUG root [2018-07-01 12:55:27,190] - DBInterfaceMysql::attach: successfully! addr: localhost:3306
 DEBUG root [2018-07-01 12:55:27,190] - DBThread::onStart(): 0x7a3950!
 DEBUG root [2018-07-01 12:55:27,190] - DBInterfaceMysql::attach: successfully! addr: localhost:3306
 DEBUG root [2018-07-01 12:55:27,190] - DBThread::onStart(): 0x7a39d8!
 DEBUG root [2018-07-01 12:55:27,190] - DBInterfaceMysql::attach: successfully! addr: localhost:3306
 DEBUG root [2018-07-01 12:55:27,191] - DBThread::onStart(): 0x7a3a60!
 DEBUG root [2018-07-01 12:55:27,191] - DBInterfaceMysql::attach: successfully! addr: localhost:3306
 DEBUG root [2018-07-01 12:55:27,191] - DBThread::onStart(): 0x7a3ae8!
 DEBUG root [2018-07-01 12:55:27,191] - DBThread::onStart(): 0x7a3b70!
  INFO root [2018-07-01 12:55:27,290] - DBInterfaceMysql::query: successfully!
  INFO root [2018-07-01 12:55:27,292] - DBInterfaceMysql::query: successfully!
  INFO root [2018-07-01 12:55:27,292] - DBInterfaceMysql::query: successfully!
  INFO root [2018-07-01 12:55:27,292] - DBInterfaceMysql::query: successfully!
  INFO root [2018-07-01 12:55:27,292] - DBInterfaceMysql::query: successfully!
  INFO root [2018-07-01 12:55:27,292] - DBInterfaceMysql::query: successfully!
  INFO root [2018-07-01 12:55:27,293] - DBInterfaceMysql::query: successfully!
  INFO root [2018-07-01 12:55:27,293] - DBInterfaceMysql::query: successfully!
  INFO root [2018-07-01 12:55:27,293] - DBInterfaceMysql::query: successfully!
  INFO root [2018-07-01 12:55:27,338] - DBInterfaceMysql::query: successfully!
  WARN root [2018-07-01 12:55:27,382] - e:\kbengine\kbe\src\server\dbmgr\dbmgr.cpp:275: Profile scriptCall took 0.55 seconds
  INFO root [2018-07-01 12:55:27,678] - ---- dbmgr is running ----
 DEBUG root [2018-07-01 12:55:27,679] - Components::process(): Request for the process of identity...
  INFO root [2018-07-01 12:55:34,776] - Components::findComponents: find logger(1)...
  INFO root [2018-07-01 12:55:34,873] - Components::findComponents: found logger, addr:192.168.0.106:50658
  INFO root [2018-07-01 12:55:34,873] - Components::addComponent: reset orderLog, uid=984!
  INFO root [2018-07-01 12:55:34,873] - Components::addComponent[logger], uid=984, componentID=2000, globalorderid=1, grouporderid=1, totalcount=1
  WARN root [2018-07-01 12:55:34,875] - Forwarding logs to logger[192.168.0.106:50658/0/0/0]...
 ERROR root [2018-07-01 13:00:49,508] - Components::removeComponentByChannel: logger : 2000, Abnormal exit! errorno=10054
  INFO root [2018-07-01 13:00:49,511] - The following logs sent to logger failed:
  WARN root [2018-07-01 13:00:49,511] - ==> [2018-07-01 13:00:49 507] TCPPacketReceiver::processPendingEvents(192.168.0.106:50658): Throwing REASON_GENERAL_NETWORK - WSAECONNRESET
 ERROR root [2018-07-01 13:00:49,512] - ==> [2018-07-01 13:00:49 508] Components::removeComponentByChannel: logger : 2000, Abnormal exit! errorno=10054
  INFO root [2018-07-01 13:00:50,695] - 
  INFO root [2018-07-01 13:00:50,696] - -----------------------------------------------------------------------------------------


  INFO root [2018-07-01 13:00:50,697] - Resmgr::initialize: KBE_ROOT=E:/kbengine/
  INFO root [2018-07-01 13:00:50,697] - Resmgr::initialize: KBE_RES_PATH=E:/kbengine/kbe/res/;E:/kbengine/assets/;E:/kbengine/assets/scripts/;E:/kbengine/assets/res/
  INFO root [2018-07-01 13:00:50,697] - Resmgr::initialize: KBE_BIN_PATH=E:/kbengine/kbe/bin/server/
  INFO root [2018-07-01 13:00:50,704] - NetworkInterface::initialize(INTERNAL): bound to all interfaces with default route interface on 192.168.0.106 ( 192.168.0.106:50725 )
  INFO root [2018-07-01 13:00:50,705] - NetworkInterface::initialize(INTERNAL): address 192.168.0.106:50725, SOMAXCONN=5.
  INFO root [2018-07-01 13:00:50,705] - server-configs:
  INFO root [2018-07-01 13:00:50,705] - 	internalAddr : 192.168.0.106:50725
  INFO root [2018-07-01 13:00:50,705] - 	componentID : 4000
  WARN root [2018-07-01 13:00:51,023] - BundleBroadcast::BundleBroadcast: Cannot bind to port 20451, errorno=10048
  INFO root [2018-07-01 13:00:51,027] - ---- dbmgr Version: 2.0.0. ScriptVersion: 0.1.0. Protocol: F28F1C37BCC70CD27B77841D4A30E3D7. Config: Debug X86. Built: 15:52:44 Apr 29 2018. AppID: 4000. UID: 2048. PID: 11220 ----
  INFO root [2018-07-01 13:00:51,027] - Server : Intel(R) Xeon(R) CPU E3-1230 v3 @ 3.30GHz with 4194303kB RAM
  INFO root [2018-07-01 13:00:51,027] - ThreadPool::createThreadPool: creating  threadpool...
  INFO root [2018-07-01 13:00:51,028] - ThreadPool::createThreadPool: successfully(2), newThreadCount=1, normalMaxThreadCount=2, maxThreadCount=8
 DEBUG root [2018-07-01 13:00:51,154] - Script::install_py_dlls(): PyInit_pyexpat
 DEBUG root [2018-07-01 13:00:51,154] - Script::install_py_dlls(): PyInit__socket
 DEBUG root [2018-07-01 13:00:51,155] - Script::install_py_dlls(): PyInit__ssl
 DEBUG root [2018-07-01 13:00:51,158] - Script::install_py_dlls(): PyInit__hashlib
 DEBUG root [2018-07-01 13:00:51,158] - Script::install_py_dlls(): PyInit_select
 DEBUG root [2018-07-01 13:00:51,158] - Script::install_py_dlls(): PyInit__ctypes
 DEBUG root [2018-07-01 13:00:51,159] - Script::install_py_dlls(): PyInit__elementtree
 DEBUG root [2018-07-01 13:00:51,186] - Script::install_py_dlls(): PyInit_unicodedata
  INFO root [2018-07-01 13:00:51,215] - Script::install(): is successfully, Python=(3.4.2 (default, Apr 29 2018, 15:52:37) [MSC v.1913 32 bit (Intel)])!
  INFO root [2018-07-01 13:00:51,215] - Script::install(): KBExtra is successfully!
  INFO root [2018-07-01 13:00:51,232] - Dbmgr::initializeEnd: digest(70D8F67BBC844A4B952DAFCF7FE7AA54)
S_INFO root [2018-07-01 13:00:51,232] - onDBMgrReady: bootstrapGroupIndex=0, bootstrapGlobalIndex=0
  INFO root [2018-07-01 13:00:51,232] - TelnetServer server is running on port 32000
  INFO root [2018-07-01 13:00:51,232] - Dbmgr::initInterfacesHandler: interfaces addr(127.0.0.1:30099), accountType:(interfaces), chargeType:(interfaces).
  WARN root [2018-07-01 13:00:51,526] - DBUtil::initialize: db(default) password is not encrypted!
please use password(rsa):
07BCB5305FD2AECCA97535E1D1ED3D2A5CE8017A44657DD3B59967E52A8DF631F7D4E4034261D5F5303FBC788306C1FE93F8D61FFBC64A126F31E6F691BF00808C0CDFD33186421D5BB53F8A2C83AB5257E15B23613D464EC225C8BC4F65E788344386FAB08FC8EDBD534D4602B496D4AF51C08A0DEE8FCF3A381D41B5A7B021
 DEBUG root [2018-07-01 13:00:51,528] - DBInterfaceMysql::attach: connect: localhost:3306 starting...
 DEBUG root [2018-07-01 13:00:51,529] - DBInterfaceMysql::attach: successfully! addr: localhost:3306
  INFO root [2018-07-01 13:00:51,530] - DBUtil::createInterface[0x34f008]: interface=default, dbtype=mysql, ip=localhost, port=3306, currdatabase=kbe, username=kbe, connected=yes.

  INFO root [2018-07-01 13:00:51,530] - ThreadPool::createThreadPool: creating  threadpool...
 DEBUG root [2018-07-01 13:00:51,530] - DBInterfaceMysql::attach: connect: localhost:3306 starting...
 DEBUG root [2018-07-01 13:00:51,530] - DBInterfaceMysql::attach: connect: localhost:3306 starting...
  INFO root [2018-07-01 13:00:51,530] - ThreadPool::createThreadPool: successfully(5), newThreadCount=5, normalMaxThreadCount=5, maxThreadCount=5
 DEBUG root [2018-07-01 13:00:51,530] - DBInterfaceMysql::attach: connect: localhost:3306 starting...
 DEBUG root [2018-07-01 13:00:51,531] - DBInterfaceMysql::attach: connect: localhost:3306 starting...
 DEBUG root [2018-07-01 13:00:51,531] - DBInterfaceMysql::attach: connect: localhost:3306 starting...
 DEBUG root [2018-07-01 13:00:51,531] - DBInterfaceMysql::attach: successfully! addr: localhost:3306
 DEBUG root [2018-07-01 13:00:51,532] - DBThread::onStart(): 0x6b3950!
 DEBUG root [2018-07-01 13:00:51,532] - DBInterfaceMysql::attach: successfully! addr: localhost:3306
 DEBUG root [2018-07-01 13:00:51,532] - DBInterfaceMysql::attach: successfully! addr: localhost:3306
 DEBUG root [2018-07-01 13:00:51,532] - DBThread::onStart(): 0x6b39d8!
 DEBUG root [2018-07-01 13:00:51,532] - DBThread::onStart(): 0x6b3ae8!
 DEBUG root [2018-07-01 13:00:51,532] - DBInterfaceMysql::attach: successfully! addr: localhost:3306
 DEBUG root [2018-07-01 13:00:51,532] - DBThread::onStart(): 0x6b3a60!
 DEBUG root [2018-07-01 13:00:51,533] - DBInterfaceMysql::attach: successfully! addr: localhost:3306
 DEBUG root [2018-07-01 13:00:51,533] - DBThread::onStart(): 0x6b3b70!
  INFO root [2018-07-01 13:00:51,631] - DBInterfaceMysql::query: successfully!
  INFO root [2018-07-01 13:00:51,632] - DBInterfaceMysql::query: successfully!
  INFO root [2018-07-01 13:00:51,633] - DBInterfaceMysql::query: successfully!
  INFO root [2018-07-01 13:00:51,633] - DBInterfaceMysql::query: successfully!
  INFO root [2018-07-01 13:00:51,634] - DBInterfaceMysql::query: successfully!
  INFO root [2018-07-01 13:00:51,634] - DBInterfaceMysql::query: successfully!
  INFO root [2018-07-01 13:00:51,634] - DBInterfaceMysql::query: successfully!
  INFO root [2018-07-01 13:00:51,634] - DBInterfaceMysql::query: successfully!
  INFO root [2018-07-01 13:00:51,634] - DBInterfaceMysql::query: successfully!
  INFO root [2018-07-01 13:00:51,701] - DBInterfaceMysql::query: successfully!
  WARN root [2018-07-01 13:00:51,713] - e:\kbengine\kbe\src\server\dbmgr\dbmgr.cpp:275: Profile scriptCall took 0.48 seconds
  INFO root [2018-07-01 13:00:52,071] - ---- dbmgr is running ----
 DEBUG root [2018-07-01 13:00:52,072] - Components::process(): Request for the process of identity...
  INFO root [2018-07-01 13:00:59,153] - Components::findComponents: find logger(1)...
  INFO root [2018-07-01 13:00:59,164] - Components::findComponents: found logger, addr:192.168.0.106:50722
  INFO root [2018-07-01 13:00:59,165] - Components::addComponent: reset orderLog, uid=2048!
  INFO root [2018-07-01 13:00:59,165] - Components::addComponent[logger], uid=2048, componentID=2000, globalorderid=1, grouporderid=1, totalcount=1
  INFO root [2018-07-01 13:00:59,173] - Components::process(): Found all the components!
  WARN root [2018-07-01 13:00:59,203] - Forwarding logs to logger[192.168.0.106:50722/0/0/0]...
 ERROR root [2018-07-01 13:03:49,153] - Components::removeComponentByChannel: logger : 2000, Abnormal exit! errorno=10054
  INFO root [2018-07-01 13:03:49,158] - The following logs sent to logger failed:
  WARN root [2018-07-01 13:03:49,158] - ==> [2018-07-01 13:03:49 153] TCPPacketReceiver::processPendingEvents(192.168.0.106:50722): Throwing REASON_GENERAL_NETWORK - WSAECONNRESET
 ERROR root [2018-07-01 13:03:49,158] - ==> [2018-07-01 13:03:49 153] Components::removeComponentByChannel: logger : 2000, Abnormal exit! errorno=10054
  INFO root [2018-07-01 13:03:50,344] - 
  INFO root [2018-07-01 13:03:50,348] - -----------------------------------------------------------------------------------------


  INFO root [2018-07-01 13:03:50,349] - Resmgr::initialize: KBE_ROOT=E:/kbengine/
  INFO root [2018-07-01 13:03:50,349] - Resmgr::initialize: KBE_RES_PATH=E:/kbengine/kbe/res/;E:/kbengine/assets/;E:/kbengine/assets/scripts/;E:/kbengine/assets/res/
  INFO root [2018-07-01 13:03:50,349] - Resmgr::initialize: KBE_BIN_PATH=E:/kbengine/kbe/bin/server/
  INFO root [2018-07-01 13:03:50,355] - NetworkInterface::initialize(INTERNAL): bound to all interfaces with default route interface on 192.168.0.106 ( 192.168.0.106:50789 )
  INFO root [2018-07-01 13:03:50,355] - NetworkInterface::initialize(INTERNAL): address 192.168.0.106:50789, SOMAXCONN=5.
  INFO root [2018-07-01 13:03:50,355] - server-configs:
  INFO root [2018-07-01 13:03:50,355] - 	internalAddr : 192.168.0.106:50789
  INFO root [2018-07-01 13:03:50,356] - 	componentID : 4000
  WARN root [2018-07-01 13:03:50,667] - BundleBroadcast::BundleBroadcast: Cannot bind to port 20060, errorno=10048
  INFO root [2018-07-01 13:03:50,671] - ---- dbmgr Version: 2.0.0. ScriptVersion: 0.1.0. Protocol: F28F1C37BCC70CD27B77841D4A30E3D7. Config: Debug X86. Built: 15:52:44 Apr 29 2018. AppID: 4000. UID: 2636. PID: 11828 ----
  INFO root [2018-07-01 13:03:50,671] - Server : Intel(R) Xeon(R) CPU E3-1230 v3 @ 3.30GHz with 4194303kB RAM
  INFO root [2018-07-01 13:03:50,671] - ThreadPool::createThreadPool: creating  threadpool...
  INFO root [2018-07-01 13:03:50,671] - ThreadPool::createThreadPool: successfully(2), newThreadCount=1, normalMaxThreadCount=2, maxThreadCount=8
 DEBUG root [2018-07-01 13:03:50,797] - Script::install_py_dlls(): PyInit_pyexpat
 DEBUG root [2018-07-01 13:03:50,797] - Script::install_py_dlls(): PyInit__socket
 DEBUG root [2018-07-01 13:03:50,798] - Script::install_py_dlls(): PyInit__ssl
 DEBUG root [2018-07-01 13:03:50,801] - Script::install_py_dlls(): PyInit__hashlib
 DEBUG root [2018-07-01 13:03:50,801] - Script::install_py_dlls(): PyInit_select
 DEBUG root [2018-07-01 13:03:50,801] - Script::install_py_dlls(): PyInit__ctypes
 DEBUG root [2018-07-01 13:03:50,801] - Script::install_py_dlls(): PyInit__elementtree
 DEBUG root [2018-07-01 13:03:50,828] - Script::install_py_dlls(): PyInit_unicodedata
  INFO root [2018-07-01 13:03:50,857] - Script::install(): is successfully, Python=(3.4.2 (default, Apr 29 2018, 15:52:37) [MSC v.1913 32 bit (Intel)])!
  INFO root [2018-07-01 13:03:50,857] - Script::install(): KBExtra is successfully!
  INFO root [2018-07-01 13:03:50,869] - Dbmgr::initializeEnd: digest(70D8F67BBC844A4B952DAFCF7FE7AA54)
S_INFO root [2018-07-01 13:03:50,869] - onDBMgrReady: bootstrapGroupIndex=0, bootstrapGlobalIndex=0
  INFO root [2018-07-01 13:03:50,869] - TelnetServer server is running on port 32000
  INFO root [2018-07-01 13:03:50,869] - Dbmgr::initInterfacesHandler: interfaces addr(127.0.0.1:30099), accountType:(interfaces), chargeType:(interfaces).
  WARN root [2018-07-01 13:03:51,167] - DBUtil::initialize: db(default) password is not encrypted!
please use password(rsa):
8DE9371DAA8E1F45245E4833075F3D7F52DCB6A0B73211E99BB909AE825CF771EF17E07B0990B555FF62430963F9920E052D2F5AD0BA33EB7BF8BA5A48BED39A994F0F67E84DD209DD7C56FDD70E48522D04EDDE6AA0B609EA175E44D23458C152D90858A5CCF5499BBDA736349FD8DCF107A44B97C97A124A35D58F591B3F62
 DEBUG root [2018-07-01 13:03:51,169] - DBInterfaceMysql::attach: connect: localhost:3306 starting...
 DEBUG root [2018-07-01 13:03:51,170] - DBInterfaceMysql::attach: successfully! addr: localhost:3306
  INFO root [2018-07-01 13:03:51,171] - DBUtil::createInterface[0x44ee84]: interface=default, dbtype=mysql, ip=localhost, port=3306, currdatabase=kbe, username=kbe, connected=yes.

  INFO root [2018-07-01 13:03:51,171] - ThreadPool::createThreadPool: creating  threadpool...
 DEBUG root [2018-07-01 13:03:51,171] - DBInterfaceMysql::attach: connect: localhost:3306 starting...
  INFO root [2018-07-01 13:03:51,171] - ThreadPool::createThreadPool: successfully(5), newThreadCount=5, normalMaxThreadCount=5, maxThreadCount=5
 DEBUG root [2018-07-01 13:03:51,171] - DBInterfaceMysql::attach: connect: localhost:3306 starting...
 DEBUG root [2018-07-01 13:03:51,172] - DBInterfaceMysql::attach: connect: localhost:3306 starting...
 DEBUG root [2018-07-01 13:03:51,172] - DBInterfaceMysql::attach: connect: localhost:3306 starting...
 DEBUG root [2018-07-01 13:03:51,172] - DBInterfaceMysql::attach: connect: localhost:3306 starting...
 DEBUG root [2018-07-01 13:03:51,173] - DBInterfaceMysql::attach: successfully! addr: localhost:3306
 DEBUG root [2018-07-01 13:03:51,173] - DBThread::onStart(): 0x263a60!
 DEBUG root [2018-07-01 13:03:51,173] - DBInterfaceMysql::attach: successfully! addr: localhost:3306
 DEBUG root [2018-07-01 13:03:51,173] - DBThread::onStart(): 0x2639d8!
 DEBUG root [2018-07-01 13:03:51,173] - DBInterfaceMysql::attach: successfully! addr: localhost:3306
 DEBUG root [2018-07-01 13:03:51,173] - DBThread::onStart(): 0x263950!
 DEBUG root [2018-07-01 13:03:51,174] - DBInterfaceMysql::attach: successfully! addr: localhost:3306
 DEBUG root [2018-07-01 13:03:51,174] - DBThread::onStart(): 0x263ae8!
 DEBUG root [2018-07-01 13:03:51,174] - DBInterfaceMysql::attach: successfully! addr: localhost:3306
 DEBUG root [2018-07-01 13:03:51,174] - DBThread::onStart(): 0x263b70!
  INFO root [2018-07-01 13:03:51,272] - DBInterfaceMysql::query: successfully!
  INFO root [2018-07-01 13:03:51,273] - DBInterfaceMysql::query: successfully!
  INFO root [2018-07-01 13:03:51,274] - DBInterfaceMysql::query: successfully!
  INFO root [2018-07-01 13:03:51,274] - DBInterfaceMysql::query: successfully!
  INFO root [2018-07-01 13:03:51,274] - DBInterfaceMysql::query: successfully!
  INFO root [2018-07-01 13:03:51,274] - DBInterfaceMysql::query: successfully!
  INFO root [2018-07-01 13:03:51,274] - DBInterfaceMysql::query: successfully!
  INFO root [2018-07-01 13:03:51,275] - DBInterfaceMysql::query: successfully!
  INFO root [2018-07-01 13:03:51,275] - DBInterfaceMysql::query: successfully!
  INFO root [2018-07-01 13:03:51,326] - DBInterfaceMysql::query: successfully!
  WARN root [2018-07-01 13:03:51,373] - e:\kbengine\kbe\src\server\dbmgr\dbmgr.cpp:275: Profile scriptCall took 0.50 seconds
  INFO root [2018-07-01 13:03:51,664] - ---- dbmgr is running ----
 DEBUG root [2018-07-01 13:03:51,664] - Components::process(): Request for the process of identity...
  INFO root [2018-07-01 13:03:58,749] - Components::findComponents: find logger(1)...
  INFO root [2018-07-01 13:03:58,818] - Components::findComponents: found logger, addr:192.168.0.106:50785
  INFO root [2018-07-01 13:03:58,818] - Components::addComponent: reset orderLog, uid=2636!
  INFO root [2018-07-01 13:03:58,819] - Components::addComponent[logger], uid=2636, componentID=2000, globalorderid=1, grouporderid=1, totalcount=1
  WARN root [2018-07-01 13:03:58,819] - Forwarding logs to logger[192.168.0.106:50785/0/0/0]...
 ERROR root [2018-07-01 13:07:55,394] - Components::removeComponentByChannel: logger : 2000, Abnormal exit! errorno=10054
  INFO root [2018-07-01 13:07:55,401] - The following logs sent to logger failed:
  WARN root [2018-07-01 13:07:55,401] - ==> [2018-07-01 13:07:55 393] TCPPacketReceiver::processPendingEvents(192.168.0.106:50785): Throwing REASON_GENERAL_NETWORK - WSAECONNRESET
 ERROR root [2018-07-01 13:07:55,401] - ==> [2018-07-01 13:07:55 394] Components::removeComponentByChannel: logger : 2000, Abnormal exit! errorno=10054
  INFO root [2018-07-01 13:07:56,586] - 
  INFO root [2018-07-01 13:07:56,587] - -----------------------------------------------------------------------------------------


  INFO root [2018-07-01 13:07:56,587] - Resmgr::initialize: KBE_ROOT=E:/kbengine/
  INFO root [2018-07-01 13:07:56,588] - Resmgr::initialize: KBE_RES_PATH=E:/kbengine/kbe/res/;E:/kbengine/assets/;E:/kbengine/assets/scripts/;E:/kbengine/assets/res/
  INFO root [2018-07-01 13:07:56,588] - Resmgr::initialize: KBE_BIN_PATH=E:/kbengine/kbe/bin/server/
  INFO root [2018-07-01 13:07:56,591] - NetworkInterface::initialize(INTERNAL): bound to all interfaces with default route interface on 192.168.0.106 ( 192.168.0.106:50842 )
  INFO root [2018-07-01 13:07:56,592] - NetworkInterface::initialize(INTERNAL): address 192.168.0.106:50842, SOMAXCONN=5.
  INFO root [2018-07-01 13:07:56,592] - server-configs:
  INFO root [2018-07-01 13:07:56,592] - 	internalAddr : 192.168.0.106:50842
  INFO root [2018-07-01 13:07:56,592] - 	componentID : 4000
  WARN root [2018-07-01 13:07:56,903] - BundleBroadcast::BundleBroadcast: Cannot bind to port 20950, errorno=10048
  INFO root [2018-07-01 13:07:56,906] - ---- dbmgr Version: 2.0.0. ScriptVersion: 0.1.0. Protocol: F28F1C37BCC70CD27B77841D4A30E3D7. Config: Debug X86. Built: 15:52:44 Apr 29 2018. AppID: 4000. UID: 3439. PID: 1164 ----
  INFO root [2018-07-01 13:07:56,907] - Server : Intel(R) Xeon(R) CPU E3-1230 v3 @ 3.30GHz with 4194303kB RAM
  INFO root [2018-07-01 13:07:56,907] - ThreadPool::createThreadPool: creating  threadpool...
  INFO root [2018-07-01 13:07:56,907] - ThreadPool::createThreadPool: successfully(2), newThreadCount=1, normalMaxThreadCount=2, maxThreadCount=8
 DEBUG root [2018-07-01 13:07:57,034] - Script::install_py_dlls(): PyInit_pyexpat
 DEBUG root [2018-07-01 13:07:57,034] - Script::install_py_dlls(): PyInit__socket
 DEBUG root [2018-07-01 13:07:57,035] - Script::install_py_dlls(): PyInit__ssl
 DEBUG root [2018-07-01 13:07:57,038] - Script::install_py_dlls(): PyInit__hashlib
 DEBUG root [2018-07-01 13:07:57,038] - Script::install_py_dlls(): PyInit_select
 DEBUG root [2018-07-01 13:07:57,038] - Script::install_py_dlls(): PyInit__ctypes
 DEBUG root [2018-07-01 13:07:57,039] - Script::install_py_dlls(): PyInit__elementtree
 DEBUG root [2018-07-01 13:07:57,066] - Script::install_py_dlls(): PyInit_unicodedata
  INFO root [2018-07-01 13:07:57,096] - Script::install(): is successfully, Python=(3.4.2 (default, Apr 29 2018, 15:52:37) [MSC v.1913 32 bit (Intel)])!
  INFO root [2018-07-01 13:07:57,096] - Script::install(): KBExtra is successfully!
  INFO root [2018-07-01 13:07:57,109] - Dbmgr::initializeEnd: digest(9D86A399DC6EBA6BB59A5E18F6705617)
S_INFO root [2018-07-01 13:07:57,109] - onDBMgrReady: bootstrapGroupIndex=0, bootstrapGlobalIndex=0
  INFO root [2018-07-01 13:07:57,109] - TelnetServer server is running on port 32000
  INFO root [2018-07-01 13:07:57,110] - Dbmgr::initInterfacesHandler: interfaces addr(127.0.0.1:30099), accountType:(interfaces), chargeType:(interfaces).
  WARN root [2018-07-01 13:07:57,401] - DBUtil::initialize: db(default) password is not encrypted!
please use password(rsa):
BC2A8F46996B75BD8ED9D964D0A905CF4ADB14034B360D59E0434E68108F3ED4EE1806A818D6AC72353D5902D5C1552482402F81ACE97A39A0680879698FFCBBFBA66493364FEED3FA74ECE751A10A1AD4897CEA7058BF2AF949288C0E8AE875158F40923E7B8909C3DCB57BD066F3319FBB424D867336752A5B9A41262178D5
 DEBUG root [2018-07-01 13:07:57,403] - DBInterfaceMysql::attach: connect: localhost:3306 starting...
 DEBUG root [2018-07-01 13:07:57,405] - DBInterfaceMysql::attach: successfully! addr: localhost:3306
  INFO root [2018-07-01 13:07:57,405] - DBUtil::createInterface[0x14f268]: interface=default, dbtype=mysql, ip=localhost, port=3306, currdatabase=kbe, username=kbe, connected=yes.

  INFO root [2018-07-01 13:07:57,405] - ThreadPool::createThreadPool: creating  threadpool...
 DEBUG root [2018-07-01 13:07:57,405] - DBInterfaceMysql::attach: connect: localhost:3306 starting...
 DEBUG root [2018-07-01 13:07:57,405] - DBInterfaceMysql::attach: connect: localhost:3306 starting...
 DEBUG root [2018-07-01 13:07:57,406] - DBInterfaceMysql::attach: connect: localhost:3306 starting...
  INFO root [2018-07-01 13:07:57,406] - ThreadPool::createThreadPool: successfully(5), newThreadCount=5, normalMaxThreadCount=5, maxThreadCount=5
 DEBUG root [2018-07-01 13:07:57,406] - DBInterfaceMysql::attach: connect: localhost:3306 starting...
 DEBUG root [2018-07-01 13:07:57,406] - DBInterfaceMysql::attach: connect: localhost:3306 starting...
 DEBUG root [2018-07-01 13:07:57,407] - DBInterfaceMysql::attach: successfully! addr: localhost:3306
 DEBUG root [2018-07-01 13:07:57,407] - DBThread::onStart(): 0x653950!
 DEBUG root [2018-07-01 13:07:57,407] - DBInterfaceMysql::attach: successfully! addr: localhost:3306
 DEBUG root [2018-07-01 13:07:57,407] - DBThread::onStart(): 0x653a60!
 DEBUG root [2018-07-01 13:07:57,407] - DBInterfaceMysql::attach: successfully! addr: localhost:3306
 DEBUG root [2018-07-01 13:07:57,407] - DBInterfaceMysql::attach: successfully! addr: localhost:3306
 DEBUG root [2018-07-01 13:07:57,407] - DBThread::onStart(): 0x6539d8!
 DEBUG root [2018-07-01 13:07:57,407] - DBThread::onStart(): 0x653ae8!
 DEBUG root [2018-07-01 13:07:57,408] - DBInterfaceMysql::attach: successfully! addr: localhost:3306
 DEBUG root [2018-07-01 13:07:57,408] - DBThread::onStart(): 0x653b70!
  INFO root [2018-07-01 13:07:57,511] - DBInterfaceMysql::query: successfully!
  INFO root [2018-07-01 13:07:57,516] - DBInterfaceMysql::query: successfully!
  INFO root [2018-07-01 13:07:57,518] - DBInterfaceMysql::query: successfully!
  INFO root [2018-07-01 13:07:57,518] - DBInterfaceMysql::query: successfully!
  INFO root [2018-07-01 13:07:57,518] - DBInterfaceMysql::query: successfully!
  INFO root [2018-07-01 13:07:57,518] - DBInterfaceMysql::query: successfully!
  INFO root [2018-07-01 13:07:57,519] - DBInterfaceMysql::query: successfully!
  INFO root [2018-07-01 13:07:57,519] - DBInterfaceMysql::query: successfully!
  INFO root [2018-07-01 13:07:57,519] - DBInterfaceMysql::query: successfully!
  INFO root [2018-07-01 13:07:57,594] - DBInterfaceMysql::query: successfully!
  WARN root [2018-07-01 13:07:57,607] - e:\kbengine\kbe\src\server\dbmgr\dbmgr.cpp:275: Profile scriptCall took 0.50 seconds
  INFO root [2018-07-01 13:07:57,943] - ---- dbmgr is running ----
 DEBUG root [2018-07-01 13:07:57,943] - Components::process(): Request for the process of identity...
  INFO root [2018-07-01 13:08:05,049] - Components::findComponents: find logger(1)...
  INFO root [2018-07-01 13:08:05,067] - Components::findComponents: found logger, addr:192.168.0.106:50839
  INFO root [2018-07-01 13:08:05,068] - Components::addComponent: reset orderLog, uid=3439!
  INFO root [2018-07-01 13:08:05,068] - Components::addComponent[logger], uid=3439, componentID=2000, globalorderid=1, grouporderid=1, totalcount=1
  WARN root [2018-07-01 13:08:05,089] - Forwarding logs to logger[192.168.0.106:50839/0/0/0]...
