  INFO root [2018-04-29 15:56:12,245] - 
  INFO root [2018-04-29 15:56:12,268] - -----------------------------------------------------------------------------------------


  INFO root [2018-04-29 15:56:12,293] - Resmgr::initialize: KBE_ROOT=E:/kbengine/
  INFO root [2018-04-29 15:56:12,294] - Resmgr::initialize: KBE_RES_PATH=E:/kbengine/kbe/res/;E:/kbengine/assets/;E:/kbengine/assets/scripts/;E:/kbengine/assets/res/
  INFO root [2018-04-29 15:56:12,294] - Resmgr::initialize: KBE_BIN_PATH=E:/kbengine/kbe/bin/server/
  INFO root [2018-04-29 15:56:12,303] - NetworkInterface::initialize(INTERNAL): bound to all interfaces with default route interface on 192.168.0.106 ( 192.168.0.106:30099 )
  INFO root [2018-04-29 15:56:12,304] - NetworkInterface::initialize(INTERNAL): address 192.168.0.106:30099, SOMAXCONN=5.
  INFO root [2018-04-29 15:56:12,372] - ---- interfaces Version: 2.0.0. ScriptVersion: 0.1.0. Protocol: A3D4913C83C4082A29723B2DA267A5B0. Config: Debug X86. Built: 15:52:41 Apr 29 2018. AppID: 3000. UID: 21461. PID: 21192 ----
  INFO root [2018-04-29 15:56:12,373] - Server : Intel(R) Xeon(R) CPU E3-1230 v3 @ 3.30GHz with 4194303kB RAM
  INFO root [2018-04-29 15:56:12,374] - ThreadPool::createThreadPool: creating  threadpool...
  INFO root [2018-04-29 15:56:12,375] - ThreadPool::createThreadPool: successfully(2), newThreadCount=1, normalMaxThreadCount=2, maxThreadCount=8
 DEBUG root [2018-04-29 15:56:12,703] - Script::install_py_dlls(): PyInit_pyexpat
 DEBUG root [2018-04-29 15:56:12,703] - Script::install_py_dlls(): PyInit__socket
 DEBUG root [2018-04-29 15:56:12,704] - Script::install_py_dlls(): PyInit__ssl
 DEBUG root [2018-04-29 15:56:12,707] - Script::install_py_dlls(): PyInit__hashlib
 DEBUG root [2018-04-29 15:56:12,707] - Script::install_py_dlls(): PyInit_select
 DEBUG root [2018-04-29 15:56:12,707] - Script::install_py_dlls(): PyInit__ctypes
 DEBUG root [2018-04-29 15:56:12,708] - Script::install_py_dlls(): PyInit__elementtree
 DEBUG root [2018-04-29 15:56:13,141] - Script::install_py_dlls(): PyInit_unicodedata
  INFO root [2018-04-29 15:56:13,467] - Script::install(): is successfully, Python=(3.4.2 (default, Apr 29 2018, 15:52:37) [MSC v.1913 32 bit (Intel)])!
  INFO root [2018-04-29 15:56:13,467] - Script::install(): KBExtra is successfully!
S_INFO root [2018-04-29 15:56:13,561] - onInterfaceAppReady: bootstrapGroupIndex=0, bootstrapGlobalIndex=0
  INFO root [2018-04-29 15:56:13,605] - TelnetServer server is running on port 33000
  INFO root [2018-04-29 15:56:13,876] - ---- interfaces is running ----
 DEBUG root [2018-04-29 15:56:13,877] - Components::process(): Request for the process of identity...
  INFO root [2018-04-29 15:56:21,062] - Components::process(): Found all the components!
  WARN root [2018-04-29 15:56:34,399] - TCPPacketReceiver::processPendingEvents(127.0.0.1:51801): Throwing REASON_GENERAL_NETWORK - WSAECONNRESET
