S_INFO root [2018-11-19 01:06:18,781] - onRequestAccountLogin: registerName=1
S_INFO root [2018-11-19 01:06:33,381] - onRequestAccountLogin: registerName=1
S_INFO root [2018-11-19 01:07:29,081] - onRequestAccountLogin: registerName=1
S_INFO root [2018-11-19 01:08:09,882] - onRequestAccountLogin: registerName=2
S_INFO root [2018-11-19 01:08:53,482] - onRequestAccountLogin: registerName=w
S_INFO root [2018-11-19 01:09:48,382] - onRequestAccountLogin: registerName=q
S_INFO root [2018-11-19 01:10:25,182] - onRequestAccountLogin: registerName=w
  WARN root [2018-11-19 01:28:59,596] - TCPPacketReceiver::processPendingEvents(127.0.0.1:49855): Throwing REASON_GENERAL_NETWORK - WSAECONNRESET
  INFO root [2018-11-19 09:31:36,114] - 
  INFO root [2018-11-19 09:31:36,189] - -----------------------------------------------------------------------------------------


  INFO root [2018-11-19 09:31:38,198] - Resmgr::initialize: KBE_ROOT=E:/kbengine/
  INFO root [2018-11-19 09:31:38,199] - Resmgr::initialize: KBE_RES_PATH=E:/kbengine/kbe/res/;E:/kbengine/assets/;E:/kbengine/assets/scripts/;E:/kbengine/assets/res/
  INFO root [2018-11-19 09:31:38,200] - Resmgr::initialize: KBE_BIN_PATH=E:/kbengine/kbe/bin/server/
  INFO root [2018-11-19 09:31:39,179] - NetworkInterface::initialize(INTERNAL): bound to all interfaces with default route interface on 192.168.0.107 ( 192.168.0.107:30099 )
  INFO root [2018-11-19 09:31:39,275] - NetworkInterface::initialize(INTERNAL): address 192.168.0.107:30099, SOMAXCONN=5.
  INFO root [2018-11-19 09:31:40,058] - ---- interfaces Version: 2.0.0. ScriptVersion: 0.1.0. Protocol: A3D4913C83C4082A29723B2DA267A5B0. Config: Debug X86. Built: 15:52:41 Apr 29 2018. AppID: 3000. UID: 28786. PID: 7140 ----
  INFO root [2018-11-19 09:31:40,059] - Server : Intel(R) Xeon(R) CPU E3-1230 v3 @ 3.30GHz with 4194303kB RAM
  INFO root [2018-11-19 09:31:40,268] - ThreadPool::createThreadPool: creating  threadpool...
  INFO root [2018-11-19 09:31:40,269] - ThreadPool::createThreadPool: successfully(2), newThreadCount=1, normalMaxThreadCount=2, maxThreadCount=8
 DEBUG root [2018-11-19 09:31:46,924] - Script::install_py_dlls(): PyInit_pyexpat
 DEBUG root [2018-11-19 09:31:47,153] - Script::install_py_dlls(): PyInit__socket
 DEBUG root [2018-11-19 09:31:47,234] - Script::install_py_dlls(): PyInit__ssl
 DEBUG root [2018-11-19 09:31:48,512] - Script::install_py_dlls(): PyInit__hashlib
 DEBUG root [2018-11-19 09:31:48,570] - Script::install_py_dlls(): PyInit_select
 DEBUG root [2018-11-19 09:31:48,682] - Script::install_py_dlls(): PyInit__ctypes
 DEBUG root [2018-11-19 09:31:49,043] - Script::install_py_dlls(): PyInit__elementtree
 DEBUG root [2018-11-19 09:31:50,159] - Script::install_py_dlls(): PyInit_unicodedata
  INFO root [2018-11-19 09:31:51,641] - Script::install(): is successfully, Python=(3.4.2 (default, Apr 29 2018, 15:52:37) [MSC v.1913 32 bit (Intel)])!
  INFO root [2018-11-19 09:31:51,642] - Script::install(): KBExtra is successfully!
S_INFO root [2018-11-19 09:31:51,919] - onInterfaceAppReady: bootstrapGroupIndex=0, bootstrapGlobalIndex=0
  INFO root [2018-11-19 09:31:52,116] - TelnetServer server is running on port 33000
  WARN root [2018-11-19 09:31:52,117] - e:\kbengine\kbe\src\server\tools\interfaces\interfaces.cpp:146: Profile scriptCall took 0.20 seconds
  INFO root [2018-11-19 09:31:52,724] - ---- interfaces is running ----
 DEBUG root [2018-11-19 09:31:52,812] - Components::process(): Request for the process of identity...
  WARN root [2018-11-19 09:31:59,226] - e:\kbengine\kbe\src\lib\network\event_dispatcher.cpp:153: Profile callSystemTimers took 0.10 seconds
  INFO root [2018-11-19 09:32:00,375] - Components::process(): Found all the components!
S_INFO root [2018-11-19 09:32:34,050] - onRequestAccountLogin: registerName=1
S_INFO root [2018-11-19 09:32:48,719] - onRequestAccountLogin: registerName=1
S_INFO root [2018-11-19 09:33:04,820] - onRequestAccountLogin: registerName=2
S_INFO root [2018-11-19 09:33:21,620] - onRequestAccountLogin: registerName=1
S_INFO root [2018-11-19 09:39:37,723] - onRequestAccountLogin: registerName=1
S_INFO root [2018-11-19 09:39:53,423] - onRequestAccountLogin: registerName=1
S_INFO root [2018-11-19 09:40:58,723] - onRequestAccountLogin: registerName=1
S_INFO root [2018-11-19 09:42:46,224] - onRequestAccountLogin: registerName=1
S_INFO root [2018-11-19 11:17:56,163] - onRequestAccountLogin: registerName=1
S_INFO root [2018-11-19 11:19:05,763] - onRequestAccountLogin: registerName=1
S_INFO root [2018-11-19 11:20:07,068] - onRequestAccountLogin: registerName=1
S_INFO root [2018-11-19 11:20:23,264] - onRequestAccountLogin: registerName=1
S_INFO root [2018-11-19 11:38:38,371] - onRequestAccountLogin: registerName=1
S_INFO root [2018-11-19 13:35:49,419] - onRequestAccountLogin: registerName=1
S_INFO root [2018-11-19 13:36:01,319] - onRequestAccountLogin: registerName=1
S_INFO root [2018-11-19 13:57:00,628] - onRequestAccountLogin: registerName=1
S_INFO root [2018-11-19 14:02:58,031] - onRequestAccountLogin: registerName=1
S_INFO root [2018-11-19 14:03:06,730] - onRequestAccountLogin: registerName=1
S_INFO root [2018-11-19 14:08:42,232] - onRequestAccountLogin: registerName=1
S_INFO root [2018-11-19 14:09:11,033] - onRequestAccountLogin: registerName=1
S_INFO root [2018-11-19 14:09:23,633] - onRequestAccountLogin: registerName=1
S_INFO root [2018-11-19 14:11:53,034] - onRequestAccountLogin: registerName=1
S_INFO root [2018-11-19 14:12:09,534] - onRequestAccountLogin: registerName=1
S_INFO root [2018-11-19 14:12:44,734] - onRequestAccountLogin: registerName=1
S_INFO root [2018-11-19 14:12:56,635] - onRequestAccountLogin: registerName=1
S_INFO root [2018-11-19 14:14:36,135] - onRequestAccountLogin: registerName=1
S_INFO root [2018-11-19 14:14:41,035] - onRequestAccountLogin: registerName=1
S_INFO root [2018-11-19 14:14:54,636] - onRequestAccountLogin: registerName=1
S_INFO root [2018-11-19 14:17:58,436] - onRequestAccountLogin: registerName=1
S_INFO root [2018-11-19 14:18:10,937] - onRequestAccountLogin: registerName=1
S_INFO root [2018-11-19 14:18:21,436] - onRequestAccountLogin: registerName=1
S_INFO root [2018-11-19 14:18:31,437] - onRequestAccountLogin: registerName=1
S_INFO root [2018-11-19 14:18:42,137] - onRequestAccountLogin: registerName=1
S_INFO root [2018-11-19 14:18:53,937] - onRequestAccountLogin: registerName=1
S_INFO root [2018-11-19 14:19:15,037] - onRequestAccountLogin: registerName=1
S_INFO root [2018-11-19 14:24:05,539] - onRequestAccountLogin: registerName=1
S_INFO root [2018-11-19 14:24:55,939] - onRequestAccountLogin: registerName=1
S_INFO root [2018-11-19 14:25:18,839] - onRequestAccountLogin: registerName=1
S_INFO root [2018-11-19 14:25:34,240] - onRequestAccountLogin: registerName=1
S_INFO root [2018-11-19 14:26:09,840] - onRequestAccountLogin: registerName=1
S_INFO root [2018-11-19 14:28:07,941] - onRequestAccountLogin: registerName=1
S_INFO root [2018-11-19 14:28:20,541] - onRequestAccountLogin: registerName=1
S_INFO root [2018-11-19 14:28:44,041] - onRequestAccountLogin: registerName=1
S_INFO root [2018-11-19 14:29:02,141] - onRequestAccountLogin: registerName=1
S_INFO root [2018-11-19 14:29:15,241] - onRequestAccountLogin: registerName=1
S_INFO root [2018-11-19 14:30:22,042] - onRequestAccountLogin: registerName=1
S_INFO root [2018-11-19 14:30:37,241] - onRequestAccountLogin: registerName=1
S_INFO root [2018-11-19 14:30:55,942] - onRequestAccountLogin: registerName=1
S_INFO root [2018-11-19 14:31:10,542] - onRequestAccountLogin: registerName=1
S_INFO root [2018-11-19 14:31:24,842] - onRequestAccountLogin: registerName=1
S_INFO root [2018-11-19 14:33:28,843] - onRequestAccountLogin: registerName=1
S_INFO root [2018-11-19 14:41:43,947] - onRequestAccountLogin: registerName=1
S_INFO root [2018-11-19 14:42:54,847] - onRequestAccountLogin: registerName=1
S_INFO root [2018-11-19 14:43:16,147] - onRequestAccountLogin: registerName=1
S_INFO root [2018-11-19 14:43:31,347] - onRequestAccountLogin: registerName=1
S_INFO root [2018-11-19 14:45:13,848] - onRequestAccountLogin: registerName=1
S_INFO root [2018-11-19 14:45:43,448] - onRequestAccountLogin: registerName=2
