  INFO root [2018-05-27 11:29:34,073] - 
  INFO root [2018-05-27 11:29:34,241] - -----------------------------------------------------------------------------------------


  INFO root [2018-05-27 11:29:36,716] - Resmgr::initialize: KBE_ROOT=E:/kbengine/
  INFO root [2018-05-27 11:29:36,717] - Resmgr::initialize: KBE_RES_PATH=E:/kbengine/kbe/res/;E:/kbengine/assets/;E:/kbengine/assets/scripts/;E:/kbengine/assets/res/
  INFO root [2018-05-27 11:29:36,718] - Resmgr::initialize: KBE_BIN_PATH=E:/kbengine/kbe/bin/server/
  INFO root [2018-05-27 11:29:37,372] - NetworkInterface::initialize(INTERNAL): bound to all interfaces with default route interface on 192.168.0.104 ( 192.168.0.104:30099 )
  INFO root [2018-05-27 11:29:37,509] - NetworkInterface::initialize(INTERNAL): address 192.168.0.104:30099, SOMAXCONN=5.
  INFO root [2018-05-27 11:29:37,945] - ---- interfaces Version: 2.0.0. ScriptVersion: 0.1.0. Protocol: A3D4913C83C4082A29723B2DA267A5B0. Config: Debug X86. Built: 15:52:41 Apr 29 2018. AppID: 3000. UID: 4945. PID: 11764 ----
  INFO root [2018-05-27 11:29:37,945] - Server : Intel(R) Xeon(R) CPU E3-1230 v3 @ 3.30GHz with 4194303kB RAM
  INFO root [2018-05-27 11:29:38,277] - ThreadPool::createThreadPool: creating  threadpool...
  INFO root [2018-05-27 11:29:38,279] - ThreadPool::createThreadPool: successfully(2), newThreadCount=1, normalMaxThreadCount=2, maxThreadCount=8
 DEBUG root [2018-05-27 11:29:45,525] - Script::install_py_dlls(): PyInit_pyexpat
 DEBUG root [2018-05-27 11:29:45,722] - Script::install_py_dlls(): PyInit__socket
 DEBUG root [2018-05-27 11:29:45,785] - Script::install_py_dlls(): PyInit__ssl
 DEBUG root [2018-05-27 11:29:46,589] - Script::install_py_dlls(): PyInit__hashlib
 DEBUG root [2018-05-27 11:29:46,713] - Script::install_py_dlls(): PyInit_select
 DEBUG root [2018-05-27 11:29:46,741] - Script::install_py_dlls(): PyInit__ctypes
 DEBUG root [2018-05-27 11:29:46,837] - Script::install_py_dlls(): PyInit__elementtree
 DEBUG root [2018-05-27 11:29:47,602] - Script::install_py_dlls(): PyInit_unicodedata
  INFO root [2018-05-27 11:29:49,860] - Script::install(): is successfully, Python=(3.4.2 (default, Apr 29 2018, 15:52:37) [MSC v.1913 32 bit (Intel)])!
  INFO root [2018-05-27 11:29:49,861] - Script::install(): KBExtra is successfully!
S_INFO root [2018-05-27 11:29:50,413] - onInterfaceAppReady: bootstrapGroupIndex=0, bootstrapGlobalIndex=0
  INFO root [2018-05-27 11:29:50,867] - TelnetServer server is running on port 33000
  WARN root [2018-05-27 11:29:50,868] - e:\kbengine\kbe\src\server\tools\interfaces\interfaces.cpp:146: Profile scriptCall took 0.46 seconds
  INFO root [2018-05-27 11:29:51,942] - ---- interfaces is running ----
 DEBUG root [2018-05-27 11:29:52,230] - Components::process(): Request for the process of identity...
  INFO root [2018-05-27 11:29:59,713] - Components::process(): Found all the components!
  INFO root [2018-05-27 11:30:04,648] - 
  INFO root [2018-05-27 11:30:04,655] - -----------------------------------------------------------------------------------------


  INFO root [2018-05-27 11:30:04,655] - Resmgr::initialize: KBE_ROOT=E:/kbengine/
  INFO root [2018-05-27 11:30:04,655] - Resmgr::initialize: KBE_RES_PATH=E:/kbengine/kbe/res/;E:/kbengine/assets/;E:/kbengine/assets/scripts/;E:/kbengine/assets/res/
  INFO root [2018-05-27 11:30:04,656] - Resmgr::initialize: KBE_BIN_PATH=E:/kbengine/kbe/bin/server/
  INFO root [2018-05-27 11:30:04,664] - NetworkInterface::initialize(INTERNAL): bound to all interfaces with default route interface on 192.168.0.104 ( 192.168.0.104:30099 )
  INFO root [2018-05-27 11:30:04,664] - NetworkInterface::initialize(INTERNAL): address 192.168.0.104:30099, SOMAXCONN=5.
  INFO root [2018-05-27 11:30:04,671] - ---- interfaces Version: 2.0.0. ScriptVersion: 0.1.0. Protocol: A3D4913C83C4082A29723B2DA267A5B0. Config: Debug X86. Built: 15:52:41 Apr 29 2018. AppID: 3000. UID: 5088. PID: 11884 ----
  INFO root [2018-05-27 11:30:04,675] - Server : Intel(R) Xeon(R) CPU E3-1230 v3 @ 3.30GHz with 4194303kB RAM
  INFO root [2018-05-27 11:30:04,676] - ThreadPool::createThreadPool: creating  threadpool...
  INFO root [2018-05-27 11:30:04,676] - ThreadPool::createThreadPool: successfully(2), newThreadCount=1, normalMaxThreadCount=2, maxThreadCount=8
 DEBUG root [2018-05-27 11:30:04,812] - Script::install_py_dlls(): PyInit_pyexpat
 DEBUG root [2018-05-27 11:30:04,812] - Script::install_py_dlls(): PyInit__socket
 DEBUG root [2018-05-27 11:30:04,813] - Script::install_py_dlls(): PyInit__ssl
 DEBUG root [2018-05-27 11:30:04,816] - Script::install_py_dlls(): PyInit__hashlib
 DEBUG root [2018-05-27 11:30:04,816] - Script::install_py_dlls(): PyInit_select
 DEBUG root [2018-05-27 11:30:04,816] - Script::install_py_dlls(): PyInit__ctypes
 DEBUG root [2018-05-27 11:30:04,816] - Script::install_py_dlls(): PyInit__elementtree
 DEBUG root [2018-05-27 11:30:04,849] - Script::install_py_dlls(): PyInit_unicodedata
  INFO root [2018-05-27 11:30:04,881] - Script::install(): is successfully, Python=(3.4.2 (default, Apr 29 2018, 15:52:37) [MSC v.1913 32 bit (Intel)])!
  INFO root [2018-05-27 11:30:04,881] - Script::install(): KBExtra is successfully!
S_INFO root [2018-05-27 11:30:04,888] - onInterfaceAppReady: bootstrapGroupIndex=0, bootstrapGlobalIndex=0
  INFO root [2018-05-27 11:30:04,895] - TelnetServer server is running on port 33000
  INFO root [2018-05-27 11:30:05,180] - ---- interfaces is running ----
 DEBUG root [2018-05-27 11:30:05,181] - Components::process(): Request for the process of identity...
  INFO root [2018-05-27 11:30:12,361] - Components::process(): Found all the components!
  INFO root [2018-05-27 11:30:26,043] - 
  INFO root [2018-05-27 11:30:26,059] - -----------------------------------------------------------------------------------------


  INFO root [2018-05-27 11:30:26,060] - Resmgr::initialize: KBE_ROOT=E:/kbengine/
  INFO root [2018-05-27 11:30:26,060] - Resmgr::initialize: KBE_RES_PATH=E:/kbengine/kbe/res/;E:/kbengine/assets/;E:/kbengine/assets/scripts/;E:/kbengine/assets/res/
  INFO root [2018-05-27 11:30:26,060] - Resmgr::initialize: KBE_BIN_PATH=E:/kbengine/kbe/bin/server/
  INFO root [2018-05-27 11:30:26,072] - NetworkInterface::initialize(INTERNAL): bound to all interfaces with default route interface on 192.168.0.104 ( 192.168.0.104:30099 )
  INFO root [2018-05-27 11:30:26,072] - NetworkInterface::initialize(INTERNAL): address 192.168.0.104:30099, SOMAXCONN=5.
  INFO root [2018-05-27 11:30:26,078] - ---- interfaces Version: 2.0.0. ScriptVersion: 0.1.0. Protocol: A3D4913C83C4082A29723B2DA267A5B0. Config: Debug X86. Built: 15:52:41 Apr 29 2018. AppID: 3000. UID: 5157. PID: 12688 ----
  INFO root [2018-05-27 11:30:26,078] - Server : Intel(R) Xeon(R) CPU E3-1230 v3 @ 3.30GHz with 4194303kB RAM
  INFO root [2018-05-27 11:30:26,078] - ThreadPool::createThreadPool: creating  threadpool...
  INFO root [2018-05-27 11:30:26,079] - ThreadPool::createThreadPool: successfully(2), newThreadCount=1, normalMaxThreadCount=2, maxThreadCount=8
 DEBUG root [2018-05-27 11:30:26,209] - Script::install_py_dlls(): PyInit_pyexpat
 DEBUG root [2018-05-27 11:30:26,209] - Script::install_py_dlls(): PyInit__socket
 DEBUG root [2018-05-27 11:30:26,209] - Script::install_py_dlls(): PyInit__ssl
 DEBUG root [2018-05-27 11:30:26,212] - Script::install_py_dlls(): PyInit__hashlib
 DEBUG root [2018-05-27 11:30:26,213] - Script::install_py_dlls(): PyInit_select
 DEBUG root [2018-05-27 11:30:26,213] - Script::install_py_dlls(): PyInit__ctypes
 DEBUG root [2018-05-27 11:30:26,213] - Script::install_py_dlls(): PyInit__elementtree
 DEBUG root [2018-05-27 11:30:26,242] - Script::install_py_dlls(): PyInit_unicodedata
  INFO root [2018-05-27 11:30:26,276] - Script::install(): is successfully, Python=(3.4.2 (default, Apr 29 2018, 15:52:37) [MSC v.1913 32 bit (Intel)])!
  INFO root [2018-05-27 11:30:26,276] - Script::install(): KBExtra is successfully!
S_INFO root [2018-05-27 11:30:26,284] - onInterfaceAppReady: bootstrapGroupIndex=0, bootstrapGlobalIndex=0
  INFO root [2018-05-27 11:30:26,290] - TelnetServer server is running on port 33000
  INFO root [2018-05-27 11:30:26,579] - ---- interfaces is running ----
 DEBUG root [2018-05-27 11:30:26,579] - Components::process(): Request for the process of identity...
  INFO root [2018-05-27 11:30:33,764] - Components::process(): Found all the components!
  INFO root [2018-05-27 11:31:11,837] - 
  INFO root [2018-05-27 11:31:11,838] - -----------------------------------------------------------------------------------------


  INFO root [2018-05-27 11:31:11,839] - Resmgr::initialize: KBE_ROOT=E:/kbengine/
  INFO root [2018-05-27 11:31:11,839] - Resmgr::initialize: KBE_RES_PATH=E:/kbengine/kbe/res/;E:/kbengine/assets/;E:/kbengine/assets/scripts/;E:/kbengine/assets/res/
  INFO root [2018-05-27 11:31:11,839] - Resmgr::initialize: KBE_BIN_PATH=E:/kbengine/kbe/bin/server/
  INFO root [2018-05-27 11:31:11,860] - NetworkInterface::initialize(INTERNAL): bound to all interfaces with default route interface on 192.168.0.104 ( 192.168.0.104:30099 )
  INFO root [2018-05-27 11:31:11,860] - NetworkInterface::initialize(INTERNAL): address 192.168.0.104:30099, SOMAXCONN=5.
  INFO root [2018-05-27 11:31:11,864] - ---- interfaces Version: 2.0.0. ScriptVersion: 0.1.0. Protocol: A3D4913C83C4082A29723B2DA267A5B0. Config: Debug X86. Built: 15:52:41 Apr 29 2018. AppID: 3000. UID: 5307. PID: 12556 ----
  INFO root [2018-05-27 11:31:11,865] - Server : Intel(R) Xeon(R) CPU E3-1230 v3 @ 3.30GHz with 4194303kB RAM
  INFO root [2018-05-27 11:31:11,866] - ThreadPool::createThreadPool: creating  threadpool...
  INFO root [2018-05-27 11:31:11,867] - ThreadPool::createThreadPool: successfully(2), newThreadCount=1, normalMaxThreadCount=2, maxThreadCount=8
 DEBUG root [2018-05-27 11:31:12,002] - Script::install_py_dlls(): PyInit_pyexpat
 DEBUG root [2018-05-27 11:31:12,003] - Script::install_py_dlls(): PyInit__socket
 DEBUG root [2018-05-27 11:31:12,003] - Script::install_py_dlls(): PyInit__ssl
 DEBUG root [2018-05-27 11:31:12,006] - Script::install_py_dlls(): PyInit__hashlib
 DEBUG root [2018-05-27 11:31:12,007] - Script::install_py_dlls(): PyInit_select
 DEBUG root [2018-05-27 11:31:12,007] - Script::install_py_dlls(): PyInit__ctypes
 DEBUG root [2018-05-27 11:31:12,008] - Script::install_py_dlls(): PyInit__elementtree
 DEBUG root [2018-05-27 11:31:12,040] - Script::install_py_dlls(): PyInit_unicodedata
  INFO root [2018-05-27 11:31:12,073] - Script::install(): is successfully, Python=(3.4.2 (default, Apr 29 2018, 15:52:37) [MSC v.1913 32 bit (Intel)])!
  INFO root [2018-05-27 11:31:12,074] - Script::install(): KBExtra is successfully!
S_INFO root [2018-05-27 11:31:12,082] - onInterfaceAppReady: bootstrapGroupIndex=0, bootstrapGlobalIndex=0
  INFO root [2018-05-27 11:31:12,088] - TelnetServer server is running on port 33000
  INFO root [2018-05-27 11:31:12,358] - ---- interfaces is running ----
 DEBUG root [2018-05-27 11:31:12,358] - Components::process(): Request for the process of identity...
  INFO root [2018-05-27 11:31:19,484] - Components::process(): Found all the components!
  WARN root [2018-05-27 11:32:36,421] - TCPPacketReceiver::processPendingEvents(127.0.0.1:50698): Throwing REASON_GENERAL_NETWORK - WSAECONNRESET
  INFO root [2018-05-27 11:32:37,636] - 
  INFO root [2018-05-27 11:32:37,636] - -----------------------------------------------------------------------------------------


  INFO root [2018-05-27 11:32:37,637] - Resmgr::initialize: KBE_ROOT=E:/kbengine/
  INFO root [2018-05-27 11:32:37,637] - Resmgr::initialize: KBE_RES_PATH=E:/kbengine/kbe/res/;E:/kbengine/assets/;E:/kbengine/assets/scripts/;E:/kbengine/assets/res/
  INFO root [2018-05-27 11:32:37,637] - Resmgr::initialize: KBE_BIN_PATH=E:/kbengine/kbe/bin/server/
  INFO root [2018-05-27 11:32:37,652] - NetworkInterface::initialize(INTERNAL): bound to all interfaces with default route interface on 192.168.0.104 ( 192.168.0.104:30099 )
  INFO root [2018-05-27 11:32:37,652] - NetworkInterface::initialize(INTERNAL): address 192.168.0.104:30099, SOMAXCONN=5.
  INFO root [2018-05-27 11:32:37,655] - ---- interfaces Version: 2.0.0. ScriptVersion: 0.1.0. Protocol: A3D4913C83C4082A29723B2DA267A5B0. Config: Debug X86. Built: 15:52:41 Apr 29 2018. AppID: 3000. UID: 5588. PID: 12560 ----
  INFO root [2018-05-27 11:32:37,661] - Server : Intel(R) Xeon(R) CPU E3-1230 v3 @ 3.30GHz with 4194303kB RAM
  INFO root [2018-05-27 11:32:37,663] - ThreadPool::createThreadPool: creating  threadpool...
  INFO root [2018-05-27 11:32:37,664] - ThreadPool::createThreadPool: successfully(2), newThreadCount=1, normalMaxThreadCount=2, maxThreadCount=8
 DEBUG root [2018-05-27 11:32:37,804] - Script::install_py_dlls(): PyInit_pyexpat
 DEBUG root [2018-05-27 11:32:37,804] - Script::install_py_dlls(): PyInit__socket
 DEBUG root [2018-05-27 11:32:37,805] - Script::install_py_dlls(): PyInit__ssl
 DEBUG root [2018-05-27 11:32:37,809] - Script::install_py_dlls(): PyInit__hashlib
 DEBUG root [2018-05-27 11:32:37,810] - Script::install_py_dlls(): PyInit_select
 DEBUG root [2018-05-27 11:32:37,810] - Script::install_py_dlls(): PyInit__ctypes
 DEBUG root [2018-05-27 11:32:37,811] - Script::install_py_dlls(): PyInit__elementtree
 DEBUG root [2018-05-27 11:32:37,846] - Script::install_py_dlls(): PyInit_unicodedata
  INFO root [2018-05-27 11:32:37,881] - Script::install(): is successfully, Python=(3.4.2 (default, Apr 29 2018, 15:52:37) [MSC v.1913 32 bit (Intel)])!
  INFO root [2018-05-27 11:32:37,881] - Script::install(): KBExtra is successfully!
S_INFO root [2018-05-27 11:32:37,889] - onInterfaceAppReady: bootstrapGroupIndex=0, bootstrapGlobalIndex=0
  INFO root [2018-05-27 11:32:37,895] - TelnetServer server is running on port 33000
  INFO root [2018-05-27 11:32:38,174] - ---- interfaces is running ----
 DEBUG root [2018-05-27 11:32:38,174] - Components::process(): Request for the process of identity...
  INFO root [2018-05-27 11:32:45,341] - Components::process(): Found all the components!
S_INFO root [2018-05-27 11:33:38,817] - onRequestAccountLogin: registerName=1
  WARN root [2018-05-27 11:34:43,165] - TCPPacketReceiver::processPendingEvents(127.0.0.1:50749): Throwing REASON_GENERAL_NETWORK - WSAECONNRESET
  INFO root [2018-05-27 11:34:44,338] - 
  INFO root [2018-05-27 11:34:44,338] - -----------------------------------------------------------------------------------------


  INFO root [2018-05-27 11:34:44,339] - Resmgr::initialize: KBE_ROOT=E:/kbengine/
  INFO root [2018-05-27 11:34:44,339] - Resmgr::initialize: KBE_RES_PATH=E:/kbengine/kbe/res/;E:/kbengine/assets/;E:/kbengine/assets/scripts/;E:/kbengine/assets/res/
  INFO root [2018-05-27 11:34:44,339] - Resmgr::initialize: KBE_BIN_PATH=E:/kbengine/kbe/bin/server/
  INFO root [2018-05-27 11:34:44,344] - NetworkInterface::initialize(INTERNAL): bound to all interfaces with default route interface on 192.168.0.104 ( 192.168.0.104:30099 )
  INFO root [2018-05-27 11:34:44,344] - NetworkInterface::initialize(INTERNAL): address 192.168.0.104:30099, SOMAXCONN=5.
  INFO root [2018-05-27 11:34:44,348] - ---- interfaces Version: 2.0.0. ScriptVersion: 0.1.0. Protocol: A3D4913C83C4082A29723B2DA267A5B0. Config: Debug X86. Built: 15:52:41 Apr 29 2018. AppID: 3000. UID: 5999. PID: 13068 ----
  INFO root [2018-05-27 11:34:44,349] - Server : Intel(R) Xeon(R) CPU E3-1230 v3 @ 3.30GHz with 4194303kB RAM
  INFO root [2018-05-27 11:34:44,350] - ThreadPool::createThreadPool: creating  threadpool...
  INFO root [2018-05-27 11:34:44,350] - ThreadPool::createThreadPool: successfully(2), newThreadCount=1, normalMaxThreadCount=2, maxThreadCount=8
 DEBUG root [2018-05-27 11:34:44,476] - Script::install_py_dlls(): PyInit_pyexpat
 DEBUG root [2018-05-27 11:34:44,477] - Script::install_py_dlls(): PyInit__socket
 DEBUG root [2018-05-27 11:34:44,477] - Script::install_py_dlls(): PyInit__ssl
 DEBUG root [2018-05-27 11:34:44,480] - Script::install_py_dlls(): PyInit__hashlib
 DEBUG root [2018-05-27 11:34:44,481] - Script::install_py_dlls(): PyInit_select
 DEBUG root [2018-05-27 11:34:44,481] - Script::install_py_dlls(): PyInit__ctypes
 DEBUG root [2018-05-27 11:34:44,481] - Script::install_py_dlls(): PyInit__elementtree
 DEBUG root [2018-05-27 11:34:44,511] - Script::install_py_dlls(): PyInit_unicodedata
  INFO root [2018-05-27 11:34:44,542] - Script::install(): is successfully, Python=(3.4.2 (default, Apr 29 2018, 15:52:37) [MSC v.1913 32 bit (Intel)])!
  INFO root [2018-05-27 11:34:44,543] - Script::install(): KBExtra is successfully!
S_INFO root [2018-05-27 11:34:44,551] - onInterfaceAppReady: bootstrapGroupIndex=0, bootstrapGlobalIndex=0
  INFO root [2018-05-27 11:34:44,557] - TelnetServer server is running on port 33000
  INFO root [2018-05-27 11:34:44,846] - ---- interfaces is running ----
 DEBUG root [2018-05-27 11:34:44,846] - Components::process(): Request for the process of identity...
  INFO root [2018-05-27 11:34:51,951] - Components::process(): Found all the components!
S_INFO root [2018-05-27 11:35:17,051] - onRequestAccountLogin: registerName=1
  WARN root [2018-05-27 11:54:57,639] - TCPPacketReceiver::processPendingEvents(127.0.0.1:50817): Throwing REASON_GENERAL_NETWORK - WSAECONNRESET
  INFO root [2018-05-27 11:55:00,423] - 
  INFO root [2018-05-27 11:55:00,423] - -----------------------------------------------------------------------------------------


  INFO root [2018-05-27 11:55:00,424] - Resmgr::initialize: KBE_ROOT=E:/kbengine/
  INFO root [2018-05-27 11:55:00,424] - Resmgr::initialize: KBE_RES_PATH=E:/kbengine/kbe/res/;E:/kbengine/assets/;E:/kbengine/assets/scripts/;E:/kbengine/assets/res/
  INFO root [2018-05-27 11:55:00,424] - Resmgr::initialize: KBE_BIN_PATH=E:/kbengine/kbe/bin/server/
  INFO root [2018-05-27 11:55:00,440] - NetworkInterface::initialize(INTERNAL): bound to all interfaces with default route interface on 192.168.0.104 ( 192.168.0.104:30099 )
  INFO root [2018-05-27 11:55:00,441] - NetworkInterface::initialize(INTERNAL): address 192.168.0.104:30099, SOMAXCONN=5.
  INFO root [2018-05-27 11:55:00,446] - ---- interfaces Version: 2.0.0. ScriptVersion: 0.1.0. Protocol: A3D4913C83C4082A29723B2DA267A5B0. Config: Debug X86. Built: 15:52:41 Apr 29 2018. AppID: 3000. UID: 9974. PID: 11780 ----
  INFO root [2018-05-27 11:55:00,449] - Server : Intel(R) Xeon(R) CPU E3-1230 v3 @ 3.30GHz with 4194303kB RAM
  INFO root [2018-05-27 11:55:00,452] - ThreadPool::createThreadPool: creating  threadpool...
  INFO root [2018-05-27 11:55:00,453] - ThreadPool::createThreadPool: successfully(2), newThreadCount=1, normalMaxThreadCount=2, maxThreadCount=8
 DEBUG root [2018-05-27 11:55:00,584] - Script::install_py_dlls(): PyInit_pyexpat
 DEBUG root [2018-05-27 11:55:00,584] - Script::install_py_dlls(): PyInit__socket
 DEBUG root [2018-05-27 11:55:00,585] - Script::install_py_dlls(): PyInit__ssl
 DEBUG root [2018-05-27 11:55:00,588] - Script::install_py_dlls(): PyInit__hashlib
 DEBUG root [2018-05-27 11:55:00,588] - Script::install_py_dlls(): PyInit_select
 DEBUG root [2018-05-27 11:55:00,588] - Script::install_py_dlls(): PyInit__ctypes
 DEBUG root [2018-05-27 11:55:00,588] - Script::install_py_dlls(): PyInit__elementtree
 DEBUG root [2018-05-27 11:55:00,618] - Script::install_py_dlls(): PyInit_unicodedata
  INFO root [2018-05-27 11:55:00,650] - Script::install(): is successfully, Python=(3.4.2 (default, Apr 29 2018, 15:52:37) [MSC v.1913 32 bit (Intel)])!
  INFO root [2018-05-27 11:55:00,651] - Script::install(): KBExtra is successfully!
S_INFO root [2018-05-27 11:55:00,660] - onInterfaceAppReady: bootstrapGroupIndex=0, bootstrapGlobalIndex=0
  INFO root [2018-05-27 11:55:00,668] - TelnetServer server is running on port 33000
  INFO root [2018-05-27 11:55:00,962] - ---- interfaces is running ----
 DEBUG root [2018-05-27 11:55:00,962] - Components::process(): Request for the process of identity...
  INFO root [2018-05-27 11:55:08,161] - Components::process(): Found all the components!
S_INFO root [2018-05-27 11:55:34,661] - onRequestAccountLogin: registerName=1
  WARN root [2018-05-27 11:57:18,955] - TCPPacketReceiver::processPendingEvents(127.0.0.1:50967): Throwing REASON_GENERAL_NETWORK - WSAECONNRESET
  INFO root [2018-05-27 11:57:20,172] - 
  INFO root [2018-05-27 11:57:20,172] - -----------------------------------------------------------------------------------------


  INFO root [2018-05-27 11:57:20,173] - Resmgr::initialize: KBE_ROOT=E:/kbengine/
  INFO root [2018-05-27 11:57:20,173] - Resmgr::initialize: KBE_RES_PATH=E:/kbengine/kbe/res/;E:/kbengine/assets/;E:/kbengine/assets/scripts/;E:/kbengine/assets/res/
  INFO root [2018-05-27 11:57:20,173] - Resmgr::initialize: KBE_BIN_PATH=E:/kbengine/kbe/bin/server/
  INFO root [2018-05-27 11:57:20,176] - NetworkInterface::initialize(INTERNAL): bound to all interfaces with default route interface on 192.168.0.104 ( 192.168.0.104:30099 )
  INFO root [2018-05-27 11:57:20,176] - NetworkInterface::initialize(INTERNAL): address 192.168.0.104:30099, SOMAXCONN=5.
  INFO root [2018-05-27 11:57:20,180] - ---- interfaces Version: 2.0.0. ScriptVersion: 0.1.0. Protocol: A3D4913C83C4082A29723B2DA267A5B0. Config: Debug X86. Built: 15:52:41 Apr 29 2018. AppID: 3000. UID: 10428. PID: 14144 ----
  INFO root [2018-05-27 11:57:20,180] - Server : Intel(R) Xeon(R) CPU E3-1230 v3 @ 3.30GHz with 4194303kB RAM
  INFO root [2018-05-27 11:57:20,180] - ThreadPool::createThreadPool: creating  threadpool...
  INFO root [2018-05-27 11:57:20,180] - ThreadPool::createThreadPool: successfully(2), newThreadCount=1, normalMaxThreadCount=2, maxThreadCount=8
 DEBUG root [2018-05-27 11:57:20,319] - Script::install_py_dlls(): PyInit_pyexpat
 DEBUG root [2018-05-27 11:57:20,319] - Script::install_py_dlls(): PyInit__socket
 DEBUG root [2018-05-27 11:57:20,320] - Script::install_py_dlls(): PyInit__ssl
 DEBUG root [2018-05-27 11:57:20,324] - Script::install_py_dlls(): PyInit__hashlib
 DEBUG root [2018-05-27 11:57:20,325] - Script::install_py_dlls(): PyInit_select
 DEBUG root [2018-05-27 11:57:20,325] - Script::install_py_dlls(): PyInit__ctypes
 DEBUG root [2018-05-27 11:57:20,326] - Script::install_py_dlls(): PyInit__elementtree
 DEBUG root [2018-05-27 11:57:20,360] - Script::install_py_dlls(): PyInit_unicodedata
  INFO root [2018-05-27 11:57:20,389] - Script::install(): is successfully, Python=(3.4.2 (default, Apr 29 2018, 15:52:37) [MSC v.1913 32 bit (Intel)])!
  INFO root [2018-05-27 11:57:20,389] - Script::install(): KBExtra is successfully!
S_INFO root [2018-05-27 11:57:20,397] - onInterfaceAppReady: bootstrapGroupIndex=0, bootstrapGlobalIndex=0
  INFO root [2018-05-27 11:57:20,403] - TelnetServer server is running on port 33000
  INFO root [2018-05-27 11:57:20,754] - ---- interfaces is running ----
 DEBUG root [2018-05-27 11:57:20,754] - Components::process(): Request for the process of identity...
  INFO root [2018-05-27 11:57:27,898] - Components::process(): Found all the components!
S_INFO root [2018-05-27 11:57:54,398] - onRequestAccountLogin: registerName=1
  WARN root [2018-05-27 12:00:37,717] - TCPPacketReceiver::processPendingEvents(127.0.0.1:51066): Throwing REASON_GENERAL_NETWORK - WSAECONNRESET
  INFO root [2018-05-27 12:00:38,932] - 
  INFO root [2018-05-27 12:00:38,933] - -----------------------------------------------------------------------------------------


  INFO root [2018-05-27 12:00:38,933] - Resmgr::initialize: KBE_ROOT=E:/kbengine/
  INFO root [2018-05-27 12:00:38,934] - Resmgr::initialize: KBE_RES_PATH=E:/kbengine/kbe/res/;E:/kbengine/assets/;E:/kbengine/assets/scripts/;E:/kbengine/assets/res/
  INFO root [2018-05-27 12:00:38,934] - Resmgr::initialize: KBE_BIN_PATH=E:/kbengine/kbe/bin/server/
  INFO root [2018-05-27 12:00:38,939] - NetworkInterface::initialize(INTERNAL): bound to all interfaces with default route interface on 192.168.0.104 ( 192.168.0.104:30099 )
  INFO root [2018-05-27 12:00:38,939] - NetworkInterface::initialize(INTERNAL): address 192.168.0.104:30099, SOMAXCONN=5.
  INFO root [2018-05-27 12:00:38,943] - ---- interfaces Version: 2.0.0. ScriptVersion: 0.1.0. Protocol: A3D4913C83C4082A29723B2DA267A5B0. Config: Debug X86. Built: 15:52:41 Apr 29 2018. AppID: 3000. UID: 11077. PID: 14244 ----
  INFO root [2018-05-27 12:00:38,944] - Server : Intel(R) Xeon(R) CPU E3-1230 v3 @ 3.30GHz with 4194303kB RAM
  INFO root [2018-05-27 12:00:38,944] - ThreadPool::createThreadPool: creating  threadpool...
  INFO root [2018-05-27 12:00:38,945] - ThreadPool::createThreadPool: successfully(2), newThreadCount=1, normalMaxThreadCount=2, maxThreadCount=8
 DEBUG root [2018-05-27 12:00:39,079] - Script::install_py_dlls(): PyInit_pyexpat
 DEBUG root [2018-05-27 12:00:39,080] - Script::install_py_dlls(): PyInit__socket
 DEBUG root [2018-05-27 12:00:39,081] - Script::install_py_dlls(): PyInit__ssl
 DEBUG root [2018-05-27 12:00:39,085] - Script::install_py_dlls(): PyInit__hashlib
 DEBUG root [2018-05-27 12:00:39,085] - Script::install_py_dlls(): PyInit_select
 DEBUG root [2018-05-27 12:00:39,085] - Script::install_py_dlls(): PyInit__ctypes
 DEBUG root [2018-05-27 12:00:39,086] - Script::install_py_dlls(): PyInit__elementtree
 DEBUG root [2018-05-27 12:00:39,119] - Script::install_py_dlls(): PyInit_unicodedata
  INFO root [2018-05-27 12:00:39,153] - Script::install(): is successfully, Python=(3.4.2 (default, Apr 29 2018, 15:52:37) [MSC v.1913 32 bit (Intel)])!
  INFO root [2018-05-27 12:00:39,153] - Script::install(): KBExtra is successfully!
S_INFO root [2018-05-27 12:00:39,164] - onInterfaceAppReady: bootstrapGroupIndex=0, bootstrapGlobalIndex=0
  INFO root [2018-05-27 12:00:39,174] - TelnetServer server is running on port 33000
  INFO root [2018-05-27 12:00:39,471] - ---- interfaces is running ----
 DEBUG root [2018-05-27 12:00:39,473] - Components::process(): Request for the process of identity...
  INFO root [2018-05-27 12:00:46,636] - Components::process(): Found all the components!
  WARN root [2018-05-27 12:02:02,771] - TCPPacketReceiver::processPendingEvents(127.0.0.1:51155): Throwing REASON_GENERAL_NETWORK - WSAECONNRESET
  INFO root [2018-05-27 12:02:06,991] - 
  INFO root [2018-05-27 12:02:07,007] - -----------------------------------------------------------------------------------------


  INFO root [2018-05-27 12:02:07,007] - Resmgr::initialize: KBE_ROOT=E:/kbengine/
  INFO root [2018-05-27 12:02:07,008] - Resmgr::initialize: KBE_RES_PATH=E:/kbengine/kbe/res/;E:/kbengine/assets/;E:/kbengine/assets/scripts/;E:/kbengine/assets/res/
  INFO root [2018-05-27 12:02:07,008] - Resmgr::initialize: KBE_BIN_PATH=E:/kbengine/kbe/bin/server/
  INFO root [2018-05-27 12:02:07,010] - NetworkInterface::initialize(INTERNAL): bound to all interfaces with default route interface on 192.168.0.104 ( 192.168.0.104:30099 )
  INFO root [2018-05-27 12:02:07,010] - NetworkInterface::initialize(INTERNAL): address 192.168.0.104:30099, SOMAXCONN=5.
  INFO root [2018-05-27 12:02:07,014] - ---- interfaces Version: 2.0.0. ScriptVersion: 0.1.0. Protocol: A3D4913C83C4082A29723B2DA267A5B0. Config: Debug X86. Built: 15:52:41 Apr 29 2018. AppID: 3000. UID: 11365. PID: 3032 ----
  INFO root [2018-05-27 12:02:07,015] - Server : Intel(R) Xeon(R) CPU E3-1230 v3 @ 3.30GHz with 4194303kB RAM
  INFO root [2018-05-27 12:02:07,015] - ThreadPool::createThreadPool: creating  threadpool...
  INFO root [2018-05-27 12:02:07,016] - ThreadPool::createThreadPool: successfully(2), newThreadCount=1, normalMaxThreadCount=2, maxThreadCount=8
 DEBUG root [2018-05-27 12:02:07,146] - Script::install_py_dlls(): PyInit_pyexpat
 DEBUG root [2018-05-27 12:02:07,147] - Script::install_py_dlls(): PyInit__socket
 DEBUG root [2018-05-27 12:02:07,147] - Script::install_py_dlls(): PyInit__ssl
 DEBUG root [2018-05-27 12:02:07,151] - Script::install_py_dlls(): PyInit__hashlib
 DEBUG root [2018-05-27 12:02:07,151] - Script::install_py_dlls(): PyInit_select
 DEBUG root [2018-05-27 12:02:07,151] - Script::install_py_dlls(): PyInit__ctypes
 DEBUG root [2018-05-27 12:02:07,152] - Script::install_py_dlls(): PyInit__elementtree
 DEBUG root [2018-05-27 12:02:07,190] - Script::install_py_dlls(): PyInit_unicodedata
  INFO root [2018-05-27 12:02:07,226] - Script::install(): is successfully, Python=(3.4.2 (default, Apr 29 2018, 15:52:37) [MSC v.1913 32 bit (Intel)])!
  INFO root [2018-05-27 12:02:07,226] - Script::install(): KBExtra is successfully!
S_INFO root [2018-05-27 12:02:07,237] - onInterfaceAppReady: bootstrapGroupIndex=0, bootstrapGlobalIndex=0
  INFO root [2018-05-27 12:02:07,245] - TelnetServer server is running on port 33000
  INFO root [2018-05-27 12:02:07,551] - ---- interfaces is running ----
 DEBUG root [2018-05-27 12:02:07,552] - Components::process(): Request for the process of identity...
  INFO root [2018-05-27 12:02:14,738] - Components::process(): Found all the components!
  WARN root [2018-05-27 12:02:56,162] - TCPPacketReceiver::processPendingEvents(127.0.0.1:51228): Throwing REASON_GENERAL_NETWORK - WSAECONNRESET
  INFO root [2018-05-27 12:02:57,360] - 
  INFO root [2018-05-27 12:02:57,360] - -----------------------------------------------------------------------------------------


  INFO root [2018-05-27 12:02:57,361] - Resmgr::initialize: KBE_ROOT=E:/kbengine/
  INFO root [2018-05-27 12:02:57,361] - Resmgr::initialize: KBE_RES_PATH=E:/kbengine/kbe/res/;E:/kbengine/assets/;E:/kbengine/assets/scripts/;E:/kbengine/assets/res/
  INFO root [2018-05-27 12:02:57,361] - Resmgr::initialize: KBE_BIN_PATH=E:/kbengine/kbe/bin/server/
  INFO root [2018-05-27 12:02:57,376] - NetworkInterface::initialize(INTERNAL): bound to all interfaces with default route interface on 192.168.0.104 ( 192.168.0.104:30099 )
  INFO root [2018-05-27 12:02:57,376] - NetworkInterface::initialize(INTERNAL): address 192.168.0.104:30099, SOMAXCONN=5.
  INFO root [2018-05-27 12:02:57,380] - ---- interfaces Version: 2.0.0. ScriptVersion: 0.1.0. Protocol: A3D4913C83C4082A29723B2DA267A5B0. Config: Debug X86. Built: 15:52:41 Apr 29 2018. AppID: 3000. UID: 11528. PID: 5576 ----
  INFO root [2018-05-27 12:02:57,380] - Server : Intel(R) Xeon(R) CPU E3-1230 v3 @ 3.30GHz with 4194303kB RAM
  INFO root [2018-05-27 12:02:57,380] - ThreadPool::createThreadPool: creating  threadpool...
  INFO root [2018-05-27 12:02:57,380] - ThreadPool::createThreadPool: successfully(2), newThreadCount=1, normalMaxThreadCount=2, maxThreadCount=8
 DEBUG root [2018-05-27 12:02:57,517] - Script::install_py_dlls(): PyInit_pyexpat
 DEBUG root [2018-05-27 12:02:57,517] - Script::install_py_dlls(): PyInit__socket
 DEBUG root [2018-05-27 12:02:57,518] - Script::install_py_dlls(): PyInit__ssl
 DEBUG root [2018-05-27 12:02:57,521] - Script::install_py_dlls(): PyInit__hashlib
 DEBUG root [2018-05-27 12:02:57,522] - Script::install_py_dlls(): PyInit_select
 DEBUG root [2018-05-27 12:02:57,522] - Script::install_py_dlls(): PyInit__ctypes
 DEBUG root [2018-05-27 12:02:57,522] - Script::install_py_dlls(): PyInit__elementtree
 DEBUG root [2018-05-27 12:02:57,559] - Script::install_py_dlls(): PyInit_unicodedata
  INFO root [2018-05-27 12:02:57,593] - Script::install(): is successfully, Python=(3.4.2 (default, Apr 29 2018, 15:52:37) [MSC v.1913 32 bit (Intel)])!
  INFO root [2018-05-27 12:02:57,594] - Script::install(): KBExtra is successfully!
S_INFO root [2018-05-27 12:02:57,602] - onInterfaceAppReady: bootstrapGroupIndex=0, bootstrapGlobalIndex=0
  INFO root [2018-05-27 12:02:57,610] - TelnetServer server is running on port 33000
  INFO root [2018-05-27 12:02:57,908] - ---- interfaces is running ----
 DEBUG root [2018-05-27 12:02:57,908] - Components::process(): Request for the process of identity...
  INFO root [2018-05-27 12:03:02,104] - 
  INFO root [2018-05-27 12:03:02,105] - -----------------------------------------------------------------------------------------


  INFO root [2018-05-27 12:03:02,105] - Resmgr::initialize: KBE_ROOT=E:/kbengine/
  INFO root [2018-05-27 12:03:02,105] - Resmgr::initialize: KBE_RES_PATH=E:/kbengine/kbe/res/;E:/kbengine/assets/;E:/kbengine/assets/scripts/;E:/kbengine/assets/res/
  INFO root [2018-05-27 12:03:02,106] - Resmgr::initialize: KBE_BIN_PATH=E:/kbengine/kbe/bin/server/
  INFO root [2018-05-27 12:03:02,112] - NetworkInterface::initialize(INTERNAL): bound to all interfaces with default route interface on 192.168.0.104 ( 192.168.0.104:30099 )
  INFO root [2018-05-27 12:03:02,112] - NetworkInterface::initialize(INTERNAL): address 192.168.0.104:30099, SOMAXCONN=5.
  INFO root [2018-05-27 12:03:02,115] - ---- interfaces Version: 2.0.0. ScriptVersion: 0.1.0. Protocol: A3D4913C83C4082A29723B2DA267A5B0. Config: Debug X86. Built: 15:52:41 Apr 29 2018. AppID: 3000. UID: 11544. PID: 14840 ----
  INFO root [2018-05-27 12:03:02,116] - Server : Intel(R) Xeon(R) CPU E3-1230 v3 @ 3.30GHz with 4194303kB RAM
  INFO root [2018-05-27 12:03:02,116] - ThreadPool::createThreadPool: creating  threadpool...
  INFO root [2018-05-27 12:03:02,116] - ThreadPool::createThreadPool: successfully(2), newThreadCount=1, normalMaxThreadCount=2, maxThreadCount=8
 DEBUG root [2018-05-27 12:03:02,254] - Script::install_py_dlls(): PyInit_pyexpat
 DEBUG root [2018-05-27 12:03:02,255] - Script::install_py_dlls(): PyInit__socket
 DEBUG root [2018-05-27 12:03:02,255] - Script::install_py_dlls(): PyInit__ssl
 DEBUG root [2018-05-27 12:03:02,260] - Script::install_py_dlls(): PyInit__hashlib
 DEBUG root [2018-05-27 12:03:02,260] - Script::install_py_dlls(): PyInit_select
 DEBUG root [2018-05-27 12:03:02,260] - Script::install_py_dlls(): PyInit__ctypes
 DEBUG root [2018-05-27 12:03:02,261] - Script::install_py_dlls(): PyInit__elementtree
 DEBUG root [2018-05-27 12:03:02,297] - Script::install_py_dlls(): PyInit_unicodedata
  INFO root [2018-05-27 12:03:02,328] - Script::install(): is successfully, Python=(3.4.2 (default, Apr 29 2018, 15:52:37) [MSC v.1913 32 bit (Intel)])!
  INFO root [2018-05-27 12:03:02,328] - Script::install(): KBExtra is successfully!
S_INFO root [2018-05-27 12:03:02,335] - onInterfaceAppReady: bootstrapGroupIndex=0, bootstrapGlobalIndex=0
  INFO root [2018-05-27 12:03:02,341] - TelnetServer server is running on port 33000
  INFO root [2018-05-27 12:03:02,676] - ---- interfaces is running ----
 DEBUG root [2018-05-27 12:03:02,677] - Components::process(): Request for the process of identity...
  INFO root [2018-05-27 12:03:09,835] - Components::process(): Found all the components!
  WARN root [2018-05-27 12:03:31,282] - TCPPacketReceiver::processPendingEvents(127.0.0.1:51279): Throwing REASON_GENERAL_NETWORK - WSAECONNRESET
  INFO root [2018-05-27 12:03:32,475] - 
  INFO root [2018-05-27 12:03:32,477] - -----------------------------------------------------------------------------------------


  INFO root [2018-05-27 12:03:32,478] - Resmgr::initialize: KBE_ROOT=E:/kbengine/
  INFO root [2018-05-27 12:03:32,478] - Resmgr::initialize: KBE_RES_PATH=E:/kbengine/kbe/res/;E:/kbengine/assets/;E:/kbengine/assets/scripts/;E:/kbengine/assets/res/
  INFO root [2018-05-27 12:03:32,478] - Resmgr::initialize: KBE_BIN_PATH=E:/kbengine/kbe/bin/server/
  INFO root [2018-05-27 12:03:32,484] - NetworkInterface::initialize(INTERNAL): bound to all interfaces with default route interface on 192.168.0.104 ( 192.168.0.104:30099 )
  INFO root [2018-05-27 12:03:32,484] - NetworkInterface::initialize(INTERNAL): address 192.168.0.104:30099, SOMAXCONN=5.
  INFO root [2018-05-27 12:03:32,488] - ---- interfaces Version: 2.0.0. ScriptVersion: 0.1.0. Protocol: A3D4913C83C4082A29723B2DA267A5B0. Config: Debug X86. Built: 15:52:41 Apr 29 2018. AppID: 3000. UID: 11646. PID: 13696 ----
  INFO root [2018-05-27 12:03:32,489] - Server : Intel(R) Xeon(R) CPU E3-1230 v3 @ 3.30GHz with 4194303kB RAM
  INFO root [2018-05-27 12:03:32,490] - ThreadPool::createThreadPool: creating  threadpool...
  INFO root [2018-05-27 12:03:32,490] - ThreadPool::createThreadPool: successfully(2), newThreadCount=1, normalMaxThreadCount=2, maxThreadCount=8
 DEBUG root [2018-05-27 12:03:32,618] - Script::install_py_dlls(): PyInit_pyexpat
 DEBUG root [2018-05-27 12:03:32,619] - Script::install_py_dlls(): PyInit__socket
 DEBUG root [2018-05-27 12:03:32,620] - Script::install_py_dlls(): PyInit__ssl
 DEBUG root [2018-05-27 12:03:32,624] - Script::install_py_dlls(): PyInit__hashlib
 DEBUG root [2018-05-27 12:03:32,624] - Script::install_py_dlls(): PyInit_select
 DEBUG root [2018-05-27 12:03:32,624] - Script::install_py_dlls(): PyInit__ctypes
 DEBUG root [2018-05-27 12:03:32,625] - Script::install_py_dlls(): PyInit__elementtree
 DEBUG root [2018-05-27 12:03:32,662] - Script::install_py_dlls(): PyInit_unicodedata
  INFO root [2018-05-27 12:03:32,701] - Script::install(): is successfully, Python=(3.4.2 (default, Apr 29 2018, 15:52:37) [MSC v.1913 32 bit (Intel)])!
  INFO root [2018-05-27 12:03:32,701] - Script::install(): KBExtra is successfully!
S_INFO root [2018-05-27 12:03:32,708] - onInterfaceAppReady: bootstrapGroupIndex=0, bootstrapGlobalIndex=0
  INFO root [2018-05-27 12:03:32,715] - TelnetServer server is running on port 33000
  INFO root [2018-05-27 12:03:33,019] - ---- interfaces is running ----
 DEBUG root [2018-05-27 12:03:33,019] - Components::process(): Request for the process of identity...
  INFO root [2018-05-27 12:03:40,210] - Components::process(): Found all the components!
S_INFO root [2018-05-27 12:08:07,913] - onRequestAccountLogin: registerName=1
  WARN root [2018-05-27 12:16:31,482] - TCPPacketReceiver::processPendingEvents(127.0.0.1:51317): Throwing REASON_GENERAL_NETWORK - WSAECONNRESET
  INFO root [2018-05-27 12:16:32,667] - 
  INFO root [2018-05-27 12:16:32,667] - -----------------------------------------------------------------------------------------


  INFO root [2018-05-27 12:16:32,668] - Resmgr::initialize: KBE_ROOT=E:/kbengine/
  INFO root [2018-05-27 12:16:32,668] - Resmgr::initialize: KBE_RES_PATH=E:/kbengine/kbe/res/;E:/kbengine/assets/;E:/kbengine/assets/scripts/;E:/kbengine/assets/res/
  INFO root [2018-05-27 12:16:32,668] - Resmgr::initialize: KBE_BIN_PATH=E:/kbengine/kbe/bin/server/
  INFO root [2018-05-27 12:16:32,674] - NetworkInterface::initialize(INTERNAL): bound to all interfaces with default route interface on 192.168.0.104 ( 192.168.0.104:30099 )
  INFO root [2018-05-27 12:16:32,674] - NetworkInterface::initialize(INTERNAL): address 192.168.0.104:30099, SOMAXCONN=5.
  INFO root [2018-05-27 12:16:32,681] - ---- interfaces Version: 2.0.0. ScriptVersion: 0.1.0. Protocol: A3D4913C83C4082A29723B2DA267A5B0. Config: Debug X86. Built: 15:52:41 Apr 29 2018. AppID: 3000. UID: 14193. PID: 11016 ----
  INFO root [2018-05-27 12:16:32,683] - Server : Intel(R) Xeon(R) CPU E3-1230 v3 @ 3.30GHz with 4194303kB RAM
  INFO root [2018-05-27 12:16:32,684] - ThreadPool::createThreadPool: creating  threadpool...
  INFO root [2018-05-27 12:16:32,684] - ThreadPool::createThreadPool: successfully(2), newThreadCount=1, normalMaxThreadCount=2, maxThreadCount=8
 DEBUG root [2018-05-27 12:16:32,811] - Script::install_py_dlls(): PyInit_pyexpat
 DEBUG root [2018-05-27 12:16:32,811] - Script::install_py_dlls(): PyInit__socket
 DEBUG root [2018-05-27 12:16:32,811] - Script::install_py_dlls(): PyInit__ssl
 DEBUG root [2018-05-27 12:16:32,815] - Script::install_py_dlls(): PyInit__hashlib
 DEBUG root [2018-05-27 12:16:32,815] - Script::install_py_dlls(): PyInit_select
 DEBUG root [2018-05-27 12:16:32,815] - Script::install_py_dlls(): PyInit__ctypes
 DEBUG root [2018-05-27 12:16:32,816] - Script::install_py_dlls(): PyInit__elementtree
 DEBUG root [2018-05-27 12:16:32,848] - Script::install_py_dlls(): PyInit_unicodedata
  INFO root [2018-05-27 12:16:32,884] - Script::install(): is successfully, Python=(3.4.2 (default, Apr 29 2018, 15:52:37) [MSC v.1913 32 bit (Intel)])!
  INFO root [2018-05-27 12:16:32,884] - Script::install(): KBExtra is successfully!
S_INFO root [2018-05-27 12:16:32,895] - onInterfaceAppReady: bootstrapGroupIndex=0, bootstrapGlobalIndex=0
  INFO root [2018-05-27 12:16:32,906] - TelnetServer server is running on port 33000
  INFO root [2018-05-27 12:16:33,227] - ---- interfaces is running ----
 DEBUG root [2018-05-27 12:16:33,227] - Components::process(): Request for the process of identity...
  INFO root [2018-05-27 12:16:40,395] - Components::process(): Found all the components!
S_INFO root [2018-05-27 12:17:07,596] - onRequestAccountLogin: registerName=1
S_INFO root [2018-05-27 12:21:10,899] - onRequestAccountLogin: registerName=1
S_INFO root [2018-05-27 12:21:30,000] - onRequestAccountLogin: registerName=1
S_INFO root [2018-05-27 12:23:39,201] - onRequestAccountLogin: registerName=2
S_INFO root [2018-05-27 12:40:58,215] - onRequestAccountLogin: registerName=1
S_INFO root [2018-05-27 12:41:30,316] - onRequestAccountLogin: registerName=2
  WARN root [2018-05-27 12:42:17,850] - TCPPacketReceiver::processPendingEvents(127.0.0.1:51489): Throwing REASON_GENERAL_NETWORK - WSAECONNRESET
  INFO root [2018-05-27 12:42:19,048] - 
  INFO root [2018-05-27 12:42:19,053] - -----------------------------------------------------------------------------------------


  INFO root [2018-05-27 12:42:19,053] - Resmgr::initialize: KBE_ROOT=E:/kbengine/
  INFO root [2018-05-27 12:42:19,054] - Resmgr::initialize: KBE_RES_PATH=E:/kbengine/kbe/res/;E:/kbengine/assets/;E:/kbengine/assets/scripts/;E:/kbengine/assets/res/
  INFO root [2018-05-27 12:42:19,054] - Resmgr::initialize: KBE_BIN_PATH=E:/kbengine/kbe/bin/server/
  INFO root [2018-05-27 12:42:19,070] - NetworkInterface::initialize(INTERNAL): bound to all interfaces with default route interface on 192.168.0.104 ( 192.168.0.104:30099 )
  INFO root [2018-05-27 12:42:19,070] - NetworkInterface::initialize(INTERNAL): address 192.168.0.104:30099, SOMAXCONN=5.
  INFO root [2018-05-27 12:42:19,075] - ---- interfaces Version: 2.0.0. ScriptVersion: 0.1.0. Protocol: A3D4913C83C4082A29723B2DA267A5B0. Config: Debug X86. Built: 15:52:41 Apr 29 2018. AppID: 3000. UID: 19241. PID: 13864 ----
  INFO root [2018-05-27 12:42:19,076] - Server : Intel(R) Xeon(R) CPU E3-1230 v3 @ 3.30GHz with 4194303kB RAM
  INFO root [2018-05-27 12:42:19,081] - ThreadPool::createThreadPool: creating  threadpool...
  INFO root [2018-05-27 12:42:19,082] - ThreadPool::createThreadPool: successfully(2), newThreadCount=1, normalMaxThreadCount=2, maxThreadCount=8
 DEBUG root [2018-05-27 12:42:19,212] - Script::install_py_dlls(): PyInit_pyexpat
 DEBUG root [2018-05-27 12:42:19,212] - Script::install_py_dlls(): PyInit__socket
 DEBUG root [2018-05-27 12:42:19,213] - Script::install_py_dlls(): PyInit__ssl
 DEBUG root [2018-05-27 12:42:19,217] - Script::install_py_dlls(): PyInit__hashlib
 DEBUG root [2018-05-27 12:42:19,217] - Script::install_py_dlls(): PyInit_select
 DEBUG root [2018-05-27 12:42:19,217] - Script::install_py_dlls(): PyInit__ctypes
 DEBUG root [2018-05-27 12:42:19,218] - Script::install_py_dlls(): PyInit__elementtree
 DEBUG root [2018-05-27 12:42:19,257] - Script::install_py_dlls(): PyInit_unicodedata
  INFO root [2018-05-27 12:42:19,296] - Script::install(): is successfully, Python=(3.4.2 (default, Apr 29 2018, 15:52:37) [MSC v.1913 32 bit (Intel)])!
  INFO root [2018-05-27 12:42:19,296] - Script::install(): KBExtra is successfully!
S_INFO root [2018-05-27 12:42:19,304] - onInterfaceAppReady: bootstrapGroupIndex=0, bootstrapGlobalIndex=0
  INFO root [2018-05-27 12:42:19,312] - TelnetServer server is running on port 33000
  INFO root [2018-05-27 12:42:19,602] - ---- interfaces is running ----
 DEBUG root [2018-05-27 12:42:19,602] - Components::process(): Request for the process of identity...
  INFO root [2018-05-27 12:42:26,755] - Components::process(): Found all the components!
S_INFO root [2018-05-27 12:42:53,105] - onRequestAccountLogin: registerName=1
S_INFO root [2018-05-27 12:43:16,106] - onRequestAccountLogin: registerName=2
S_INFO root [2018-05-27 12:43:31,106] - onRequestAccountLogin: registerName=3
  WARN root [2018-05-27 12:47:28,259] - TCPPacketReceiver::processPendingEvents(127.0.0.1:51764): Throwing REASON_GENERAL_NETWORK - WSAECONNRESET
  INFO root [2018-05-27 12:47:29,474] - 
  INFO root [2018-05-27 12:47:29,476] - -----------------------------------------------------------------------------------------


  INFO root [2018-05-27 12:47:29,476] - Resmgr::initialize: KBE_ROOT=E:/kbengine/
  INFO root [2018-05-27 12:47:29,476] - Resmgr::initialize: KBE_RES_PATH=E:/kbengine/kbe/res/;E:/kbengine/assets/;E:/kbengine/assets/scripts/;E:/kbengine/assets/res/
  INFO root [2018-05-27 12:47:29,477] - Resmgr::initialize: KBE_BIN_PATH=E:/kbengine/kbe/bin/server/
  INFO root [2018-05-27 12:47:29,487] - NetworkInterface::initialize(INTERNAL): bound to all interfaces with default route interface on 192.168.0.104 ( 192.168.0.104:30099 )
  INFO root [2018-05-27 12:47:29,487] - NetworkInterface::initialize(INTERNAL): address 192.168.0.104:30099, SOMAXCONN=5.
  INFO root [2018-05-27 12:47:29,493] - ---- interfaces Version: 2.0.0. ScriptVersion: 0.1.0. Protocol: A3D4913C83C4082A29723B2DA267A5B0. Config: Debug X86. Built: 15:52:41 Apr 29 2018. AppID: 3000. UID: 20257. PID: 15700 ----
  INFO root [2018-05-27 12:47:29,496] - Server : Intel(R) Xeon(R) CPU E3-1230 v3 @ 3.30GHz with 4194303kB RAM
  INFO root [2018-05-27 12:47:29,496] - ThreadPool::createThreadPool: creating  threadpool...
  INFO root [2018-05-27 12:47:29,497] - ThreadPool::createThreadPool: successfully(2), newThreadCount=1, normalMaxThreadCount=2, maxThreadCount=8
 DEBUG root [2018-05-27 12:47:29,629] - Script::install_py_dlls(): PyInit_pyexpat
 DEBUG root [2018-05-27 12:47:29,630] - Script::install_py_dlls(): PyInit__socket
 DEBUG root [2018-05-27 12:47:29,630] - Script::install_py_dlls(): PyInit__ssl
 DEBUG root [2018-05-27 12:47:29,634] - Script::install_py_dlls(): PyInit__hashlib
 DEBUG root [2018-05-27 12:47:29,635] - Script::install_py_dlls(): PyInit_select
 DEBUG root [2018-05-27 12:47:29,635] - Script::install_py_dlls(): PyInit__ctypes
 DEBUG root [2018-05-27 12:47:29,636] - Script::install_py_dlls(): PyInit__elementtree
 DEBUG root [2018-05-27 12:47:29,676] - Script::install_py_dlls(): PyInit_unicodedata
  INFO root [2018-05-27 12:47:29,717] - Script::install(): is successfully, Python=(3.4.2 (default, Apr 29 2018, 15:52:37) [MSC v.1913 32 bit (Intel)])!
  INFO root [2018-05-27 12:47:29,717] - Script::install(): KBExtra is successfully!
S_INFO root [2018-05-27 12:47:29,727] - onInterfaceAppReady: bootstrapGroupIndex=0, bootstrapGlobalIndex=0
  INFO root [2018-05-27 12:47:29,734] - TelnetServer server is running on port 33000
  INFO root [2018-05-27 12:47:30,050] - ---- interfaces is running ----
 DEBUG root [2018-05-27 12:47:30,051] - Components::process(): Request for the process of identity...
  INFO root [2018-05-27 12:47:37,185] - Components::process(): Found all the components!
S_INFO root [2018-05-27 12:48:17,028] - onRequestAccountLogin: registerName=1
S_INFO root [2018-05-27 12:48:41,628] - onRequestAccountLogin: registerName=2
  WARN root [2018-05-27 12:52:43,277] - TCPPacketReceiver::processPendingEvents(127.0.0.1:51851): Throwing REASON_GENERAL_NETWORK - WSAECONNRESET
  INFO root [2018-05-27 12:52:44,510] - 
  INFO root [2018-05-27 12:52:44,510] - -----------------------------------------------------------------------------------------


  INFO root [2018-05-27 12:52:44,511] - Resmgr::initialize: KBE_ROOT=E:/kbengine/
  INFO root [2018-05-27 12:52:44,511] - Resmgr::initialize: KBE_RES_PATH=E:/kbengine/kbe/res/;E:/kbengine/assets/;E:/kbengine/assets/scripts/;E:/kbengine/assets/res/
  INFO root [2018-05-27 12:52:44,511] - Resmgr::initialize: KBE_BIN_PATH=E:/kbengine/kbe/bin/server/
  INFO root [2018-05-27 12:52:44,518] - NetworkInterface::initialize(INTERNAL): bound to all interfaces with default route interface on 192.168.0.104 ( 192.168.0.104:30099 )
  INFO root [2018-05-27 12:52:44,518] - NetworkInterface::initialize(INTERNAL): address 192.168.0.104:30099, SOMAXCONN=5.
  INFO root [2018-05-27 12:52:44,522] - ---- interfaces Version: 2.0.0. ScriptVersion: 0.1.0. Protocol: A3D4913C83C4082A29723B2DA267A5B0. Config: Debug X86. Built: 15:52:41 Apr 29 2018. AppID: 3000. UID: 21286. PID: 4576 ----
  INFO root [2018-05-27 12:52:44,523] - Server : Intel(R) Xeon(R) CPU E3-1230 v3 @ 3.30GHz with 4194303kB RAM
  INFO root [2018-05-27 12:52:44,524] - ThreadPool::createThreadPool: creating  threadpool...
  INFO root [2018-05-27 12:52:44,524] - ThreadPool::createThreadPool: successfully(2), newThreadCount=1, normalMaxThreadCount=2, maxThreadCount=8
 DEBUG root [2018-05-27 12:52:44,655] - Script::install_py_dlls(): PyInit_pyexpat
 DEBUG root [2018-05-27 12:52:44,656] - Script::install_py_dlls(): PyInit__socket
 DEBUG root [2018-05-27 12:52:44,656] - Script::install_py_dlls(): PyInit__ssl
 DEBUG root [2018-05-27 12:52:44,660] - Script::install_py_dlls(): PyInit__hashlib
 DEBUG root [2018-05-27 12:52:44,660] - Script::install_py_dlls(): PyInit_select
 DEBUG root [2018-05-27 12:52:44,660] - Script::install_py_dlls(): PyInit__ctypes
 DEBUG root [2018-05-27 12:52:44,661] - Script::install_py_dlls(): PyInit__elementtree
 DEBUG root [2018-05-27 12:52:44,694] - Script::install_py_dlls(): PyInit_unicodedata
  INFO root [2018-05-27 12:52:44,725] - Script::install(): is successfully, Python=(3.4.2 (default, Apr 29 2018, 15:52:37) [MSC v.1913 32 bit (Intel)])!
  INFO root [2018-05-27 12:52:44,726] - Script::install(): KBExtra is successfully!
S_INFO root [2018-05-27 12:52:44,737] - onInterfaceAppReady: bootstrapGroupIndex=0, bootstrapGlobalIndex=0
  INFO root [2018-05-27 12:52:44,746] - TelnetServer server is running on port 33000
  INFO root [2018-05-27 12:52:45,075] - ---- interfaces is running ----
 DEBUG root [2018-05-27 12:52:45,075] - Components::process(): Request for the process of identity...
  INFO root [2018-05-27 12:52:52,217] - Components::process(): Found all the components!
S_INFO root [2018-05-27 12:53:24,239] - onRequestAccountLogin: registerName=1
S_INFO root [2018-05-27 12:53:50,238] - onRequestAccountLogin: registerName=2
  WARN root [2018-05-27 13:02:37,525] - TCPPacketReceiver::processPendingEvents(127.0.0.1:51911): Throwing REASON_GENERAL_NETWORK - WSAECONNRESET
  INFO root [2018-05-27 13:02:38,773] - 
  INFO root [2018-05-27 13:02:38,773] - -----------------------------------------------------------------------------------------


  INFO root [2018-05-27 13:02:38,774] - Resmgr::initialize: KBE_ROOT=E:/kbengine/
  INFO root [2018-05-27 13:02:38,774] - Resmgr::initialize: KBE_RES_PATH=E:/kbengine/kbe/res/;E:/kbengine/assets/;E:/kbengine/assets/scripts/;E:/kbengine/assets/res/
  INFO root [2018-05-27 13:02:38,774] - Resmgr::initialize: KBE_BIN_PATH=E:/kbengine/kbe/bin/server/
  INFO root [2018-05-27 13:02:38,776] - NetworkInterface::initialize(INTERNAL): bound to all interfaces with default route interface on 192.168.0.104 ( 192.168.0.104:30099 )
  INFO root [2018-05-27 13:02:38,776] - NetworkInterface::initialize(INTERNAL): address 192.168.0.104:30099, SOMAXCONN=5.
  INFO root [2018-05-27 13:02:38,782] - ---- interfaces Version: 2.0.0. ScriptVersion: 0.1.0. Protocol: A3D4913C83C4082A29723B2DA267A5B0. Config: Debug X86. Built: 15:52:41 Apr 29 2018. AppID: 3000. UID: 23225. PID: 8684 ----
  INFO root [2018-05-27 13:02:38,782] - Server : Intel(R) Xeon(R) CPU E3-1230 v3 @ 3.30GHz with 4194303kB RAM
  INFO root [2018-05-27 13:02:38,782] - ThreadPool::createThreadPool: creating  threadpool...
  INFO root [2018-05-27 13:02:38,782] - ThreadPool::createThreadPool: successfully(2), newThreadCount=1, normalMaxThreadCount=2, maxThreadCount=8
 DEBUG root [2018-05-27 13:02:38,908] - Script::install_py_dlls(): PyInit_pyexpat
 DEBUG root [2018-05-27 13:02:38,909] - Script::install_py_dlls(): PyInit__socket
 DEBUG root [2018-05-27 13:02:38,909] - Script::install_py_dlls(): PyInit__ssl
 DEBUG root [2018-05-27 13:02:38,912] - Script::install_py_dlls(): PyInit__hashlib
 DEBUG root [2018-05-27 13:02:38,912] - Script::install_py_dlls(): PyInit_select
 DEBUG root [2018-05-27 13:02:38,912] - Script::install_py_dlls(): PyInit__ctypes
 DEBUG root [2018-05-27 13:02:38,913] - Script::install_py_dlls(): PyInit__elementtree
 DEBUG root [2018-05-27 13:02:38,944] - Script::install_py_dlls(): PyInit_unicodedata
  INFO root [2018-05-27 13:02:38,976] - Script::install(): is successfully, Python=(3.4.2 (default, Apr 29 2018, 15:52:37) [MSC v.1913 32 bit (Intel)])!
  INFO root [2018-05-27 13:02:38,976] - Script::install(): KBExtra is successfully!
S_INFO root [2018-05-27 13:02:38,985] - onInterfaceAppReady: bootstrapGroupIndex=0, bootstrapGlobalIndex=0
  INFO root [2018-05-27 13:02:38,995] - TelnetServer server is running on port 33000
  INFO root [2018-05-27 13:02:39,284] - ---- interfaces is running ----
 DEBUG root [2018-05-27 13:02:39,284] - Components::process(): Request for the process of identity...
  INFO root [2018-05-27 13:02:46,387] - Components::process(): Found all the components!
S_INFO root [2018-05-27 13:03:18,987] - onRequestAccountLogin: registerName=1
S_INFO root [2018-05-27 13:03:38,587] - onRequestAccountLogin: registerName=2
  WARN root [2018-05-27 13:08:32,970] - TCPPacketReceiver::processPendingEvents(127.0.0.1:52030): Throwing REASON_GENERAL_NETWORK - WSAECONNRESET
  INFO root [2018-05-27 13:08:34,217] - 
  INFO root [2018-05-27 13:08:34,218] - -----------------------------------------------------------------------------------------


  INFO root [2018-05-27 13:08:34,219] - Resmgr::initialize: KBE_ROOT=E:/kbengine/
  INFO root [2018-05-27 13:08:34,219] - Resmgr::initialize: KBE_RES_PATH=E:/kbengine/kbe/res/;E:/kbengine/assets/;E:/kbengine/assets/scripts/;E:/kbengine/assets/res/
  INFO root [2018-05-27 13:08:34,219] - Resmgr::initialize: KBE_BIN_PATH=E:/kbengine/kbe/bin/server/
  INFO root [2018-05-27 13:08:34,227] - NetworkInterface::initialize(INTERNAL): bound to all interfaces with default route interface on 192.168.0.104 ( 192.168.0.104:30099 )
  INFO root [2018-05-27 13:08:34,228] - NetworkInterface::initialize(INTERNAL): address 192.168.0.104:30099, SOMAXCONN=5.
  INFO root [2018-05-27 13:08:34,232] - ---- interfaces Version: 2.0.0. ScriptVersion: 0.1.0. Protocol: A3D4913C83C4082A29723B2DA267A5B0. Config: Debug X86. Built: 15:52:41 Apr 29 2018. AppID: 3000. UID: 24385. PID: 3264 ----
  INFO root [2018-05-27 13:08:34,232] - Server : Intel(R) Xeon(R) CPU E3-1230 v3 @ 3.30GHz with 4194303kB RAM
  INFO root [2018-05-27 13:08:34,232] - ThreadPool::createThreadPool: creating  threadpool...
  INFO root [2018-05-27 13:08:34,233] - ThreadPool::createThreadPool: successfully(2), newThreadCount=1, normalMaxThreadCount=2, maxThreadCount=8
 DEBUG root [2018-05-27 13:08:34,362] - Script::install_py_dlls(): PyInit_pyexpat
 DEBUG root [2018-05-27 13:08:34,362] - Script::install_py_dlls(): PyInit__socket
 DEBUG root [2018-05-27 13:08:34,362] - Script::install_py_dlls(): PyInit__ssl
 DEBUG root [2018-05-27 13:08:34,365] - Script::install_py_dlls(): PyInit__hashlib
 DEBUG root [2018-05-27 13:08:34,365] - Script::install_py_dlls(): PyInit_select
 DEBUG root [2018-05-27 13:08:34,366] - Script::install_py_dlls(): PyInit__ctypes
 DEBUG root [2018-05-27 13:08:34,366] - Script::install_py_dlls(): PyInit__elementtree
 DEBUG root [2018-05-27 13:08:34,406] - Script::install_py_dlls(): PyInit_unicodedata
  INFO root [2018-05-27 13:08:34,439] - Script::install(): is successfully, Python=(3.4.2 (default, Apr 29 2018, 15:52:37) [MSC v.1913 32 bit (Intel)])!
  INFO root [2018-05-27 13:08:34,439] - Script::install(): KBExtra is successfully!
S_INFO root [2018-05-27 13:08:34,449] - onInterfaceAppReady: bootstrapGroupIndex=0, bootstrapGlobalIndex=0
  INFO root [2018-05-27 13:08:34,459] - TelnetServer server is running on port 33000
  INFO root [2018-05-27 13:08:34,755] - ---- interfaces is running ----
 DEBUG root [2018-05-27 13:08:34,756] - Components::process(): Request for the process of identity...
  INFO root [2018-05-27 13:08:41,923] - Components::process(): Found all the components!
S_INFO root [2018-05-27 13:09:07,450] - onRequestAccountLogin: registerName=1
S_INFO root [2018-05-27 13:09:17,950] - onRequestAccountLogin: registerName=2
  WARN root [2018-05-27 13:10:34,941] - TCPPacketReceiver::processPendingEvents(127.0.0.1:52293): Throwing REASON_GENERAL_NETWORK - WSAECONNRESET
  INFO root [2018-05-27 13:10:36,174] - 
  INFO root [2018-05-27 13:10:36,175] - -----------------------------------------------------------------------------------------


  INFO root [2018-05-27 13:10:36,175] - Resmgr::initialize: KBE_ROOT=E:/kbengine/
  INFO root [2018-05-27 13:10:36,175] - Resmgr::initialize: KBE_RES_PATH=E:/kbengine/kbe/res/;E:/kbengine/assets/;E:/kbengine/assets/scripts/;E:/kbengine/assets/res/
  INFO root [2018-05-27 13:10:36,176] - Resmgr::initialize: KBE_BIN_PATH=E:/kbengine/kbe/bin/server/
  INFO root [2018-05-27 13:10:36,183] - NetworkInterface::initialize(INTERNAL): bound to all interfaces with default route interface on 192.168.0.104 ( 192.168.0.104:30099 )
  INFO root [2018-05-27 13:10:36,183] - NetworkInterface::initialize(INTERNAL): address 192.168.0.104:30099, SOMAXCONN=5.
  INFO root [2018-05-27 13:10:36,188] - ---- interfaces Version: 2.0.0. ScriptVersion: 0.1.0. Protocol: A3D4913C83C4082A29723B2DA267A5B0. Config: Debug X86. Built: 15:52:41 Apr 29 2018. AppID: 3000. UID: 24783. PID: 11596 ----
  INFO root [2018-05-27 13:10:36,188] - Server : Intel(R) Xeon(R) CPU E3-1230 v3 @ 3.30GHz with 4194303kB RAM
  INFO root [2018-05-27 13:10:36,190] - ThreadPool::createThreadPool: creating  threadpool...
  INFO root [2018-05-27 13:10:36,193] - ThreadPool::createThreadPool: successfully(2), newThreadCount=1, normalMaxThreadCount=2, maxThreadCount=8
 DEBUG root [2018-05-27 13:10:36,326] - Script::install_py_dlls(): PyInit_pyexpat
 DEBUG root [2018-05-27 13:10:36,327] - Script::install_py_dlls(): PyInit__socket
 DEBUG root [2018-05-27 13:10:36,327] - Script::install_py_dlls(): PyInit__ssl
 DEBUG root [2018-05-27 13:10:36,330] - Script::install_py_dlls(): PyInit__hashlib
 DEBUG root [2018-05-27 13:10:36,330] - Script::install_py_dlls(): PyInit_select
 DEBUG root [2018-05-27 13:10:36,330] - Script::install_py_dlls(): PyInit__ctypes
 DEBUG root [2018-05-27 13:10:36,331] - Script::install_py_dlls(): PyInit__elementtree
 DEBUG root [2018-05-27 13:10:36,368] - Script::install_py_dlls(): PyInit_unicodedata
  INFO root [2018-05-27 13:10:36,403] - Script::install(): is successfully, Python=(3.4.2 (default, Apr 29 2018, 15:52:37) [MSC v.1913 32 bit (Intel)])!
  INFO root [2018-05-27 13:10:36,404] - Script::install(): KBExtra is successfully!
S_INFO root [2018-05-27 13:10:36,411] - onInterfaceAppReady: bootstrapGroupIndex=0, bootstrapGlobalIndex=0
  INFO root [2018-05-27 13:10:36,417] - TelnetServer server is running on port 33000
  INFO root [2018-05-27 13:10:36,691] - ---- interfaces is running ----
 DEBUG root [2018-05-27 13:10:36,691] - Components::process(): Request for the process of identity...
  INFO root [2018-05-27 13:10:43,878] - Components::process(): Found all the components!
S_INFO root [2018-05-27 13:10:59,112] - onRequestAccountLogin: registerName=1
S_INFO root [2018-05-27 13:11:07,312] - onRequestAccountLogin: registerName=2
  WARN root [2018-05-27 13:13:45,585] - TCPPacketReceiver::processPendingEvents(127.0.0.1:52346): Throwing REASON_GENERAL_NETWORK - WSAECONNRESET
  INFO root [2018-05-27 13:13:46,829] - 
  INFO root [2018-05-27 13:13:46,830] - -----------------------------------------------------------------------------------------


  INFO root [2018-05-27 13:13:46,831] - Resmgr::initialize: KBE_ROOT=E:/kbengine/
  INFO root [2018-05-27 13:13:46,831] - Resmgr::initialize: KBE_RES_PATH=E:/kbengine/kbe/res/;E:/kbengine/assets/;E:/kbengine/assets/scripts/;E:/kbengine/assets/res/
  INFO root [2018-05-27 13:13:46,831] - Resmgr::initialize: KBE_BIN_PATH=E:/kbengine/kbe/bin/server/
  INFO root [2018-05-27 13:13:46,836] - NetworkInterface::initialize(INTERNAL): bound to all interfaces with default route interface on 192.168.0.104 ( 192.168.0.104:30099 )
  INFO root [2018-05-27 13:13:46,836] - NetworkInterface::initialize(INTERNAL): address 192.168.0.104:30099, SOMAXCONN=5.
  INFO root [2018-05-27 13:13:46,840] - ---- interfaces Version: 2.0.0. ScriptVersion: 0.1.0. Protocol: A3D4913C83C4082A29723B2DA267A5B0. Config: Debug X86. Built: 15:52:41 Apr 29 2018. AppID: 3000. UID: 25407. PID: 10132 ----
  INFO root [2018-05-27 13:13:46,841] - Server : Intel(R) Xeon(R) CPU E3-1230 v3 @ 3.30GHz with 4194303kB RAM
  INFO root [2018-05-27 13:13:46,841] - ThreadPool::createThreadPool: creating  threadpool...
  INFO root [2018-05-27 13:13:46,842] - ThreadPool::createThreadPool: successfully(2), newThreadCount=1, normalMaxThreadCount=2, maxThreadCount=8
 DEBUG root [2018-05-27 13:13:46,982] - Script::install_py_dlls(): PyInit_pyexpat
 DEBUG root [2018-05-27 13:13:46,982] - Script::install_py_dlls(): PyInit__socket
 DEBUG root [2018-05-27 13:13:46,983] - Script::install_py_dlls(): PyInit__ssl
 DEBUG root [2018-05-27 13:13:46,987] - Script::install_py_dlls(): PyInit__hashlib
 DEBUG root [2018-05-27 13:13:46,988] - Script::install_py_dlls(): PyInit_select
 DEBUG root [2018-05-27 13:13:46,988] - Script::install_py_dlls(): PyInit__ctypes
 DEBUG root [2018-05-27 13:13:46,989] - Script::install_py_dlls(): PyInit__elementtree
 DEBUG root [2018-05-27 13:13:47,018] - Script::install_py_dlls(): PyInit_unicodedata
  INFO root [2018-05-27 13:13:47,048] - Script::install(): is successfully, Python=(3.4.2 (default, Apr 29 2018, 15:52:37) [MSC v.1913 32 bit (Intel)])!
  INFO root [2018-05-27 13:13:47,048] - Script::install(): KBExtra is successfully!
S_INFO root [2018-05-27 13:13:47,057] - onInterfaceAppReady: bootstrapGroupIndex=0, bootstrapGlobalIndex=0
  INFO root [2018-05-27 13:13:47,063] - TelnetServer server is running on port 33000
  INFO root [2018-05-27 13:13:47,342] - ---- interfaces is running ----
 DEBUG root [2018-05-27 13:13:47,342] - Components::process(): Request for the process of identity...
  INFO root [2018-05-27 13:13:54,458] - Components::process(): Found all the components!
S_INFO root [2018-05-27 13:14:18,058] - onRequestAccountLogin: registerName=1
S_INFO root [2018-05-27 13:14:28,659] - onRequestAccountLogin: registerName=2
  WARN root [2018-05-27 13:20:01,020] - TCPPacketReceiver::processPendingEvents(127.0.0.1:52402): Throwing REASON_GENERAL_NETWORK - WSAECONNRESET
  INFO root [2018-05-27 13:20:02,250] - 
  INFO root [2018-05-27 13:20:02,253] - -----------------------------------------------------------------------------------------


  INFO root [2018-05-27 13:20:02,253] - Resmgr::initialize: KBE_ROOT=E:/kbengine/
  INFO root [2018-05-27 13:20:02,253] - Resmgr::initialize: KBE_RES_PATH=E:/kbengine/kbe/res/;E:/kbengine/assets/;E:/kbengine/assets/scripts/;E:/kbengine/assets/res/
  INFO root [2018-05-27 13:20:02,253] - Resmgr::initialize: KBE_BIN_PATH=E:/kbengine/kbe/bin/server/
  INFO root [2018-05-27 13:20:02,259] - NetworkInterface::initialize(INTERNAL): bound to all interfaces with default route interface on 192.168.0.104 ( 192.168.0.104:30099 )
  INFO root [2018-05-27 13:20:02,259] - NetworkInterface::initialize(INTERNAL): address 192.168.0.104:30099, SOMAXCONN=5.
  INFO root [2018-05-27 13:20:02,263] - ---- interfaces Version: 2.0.0. ScriptVersion: 0.1.0. Protocol: A3D4913C83C4082A29723B2DA267A5B0. Config: Debug X86. Built: 15:52:41 Apr 29 2018. AppID: 3000. UID: 26631. PID: 15872 ----
  INFO root [2018-05-27 13:20:02,264] - Server : Intel(R) Xeon(R) CPU E3-1230 v3 @ 3.30GHz with 4194303kB RAM
  INFO root [2018-05-27 13:20:02,267] - ThreadPool::createThreadPool: creating  threadpool...
  INFO root [2018-05-27 13:20:02,267] - ThreadPool::createThreadPool: successfully(2), newThreadCount=1, normalMaxThreadCount=2, maxThreadCount=8
 DEBUG root [2018-05-27 13:20:02,395] - Script::install_py_dlls(): PyInit_pyexpat
 DEBUG root [2018-05-27 13:20:02,396] - Script::install_py_dlls(): PyInit__socket
 DEBUG root [2018-05-27 13:20:02,396] - Script::install_py_dlls(): PyInit__ssl
 DEBUG root [2018-05-27 13:20:02,399] - Script::install_py_dlls(): PyInit__hashlib
 DEBUG root [2018-05-27 13:20:02,399] - Script::install_py_dlls(): PyInit_select
 DEBUG root [2018-05-27 13:20:02,399] - Script::install_py_dlls(): PyInit__ctypes
 DEBUG root [2018-05-27 13:20:02,400] - Script::install_py_dlls(): PyInit__elementtree
 DEBUG root [2018-05-27 13:20:02,432] - Script::install_py_dlls(): PyInit_unicodedata
  INFO root [2018-05-27 13:20:02,465] - Script::install(): is successfully, Python=(3.4.2 (default, Apr 29 2018, 15:52:37) [MSC v.1913 32 bit (Intel)])!
  INFO root [2018-05-27 13:20:02,465] - Script::install(): KBExtra is successfully!
S_INFO root [2018-05-27 13:20:02,476] - onInterfaceAppReady: bootstrapGroupIndex=0, bootstrapGlobalIndex=0
  INFO root [2018-05-27 13:20:02,486] - TelnetServer server is running on port 33000
  INFO root [2018-05-27 13:20:02,776] - ---- interfaces is running ----
 DEBUG root [2018-05-27 13:20:02,776] - Components::process(): Request for the process of identity...
  INFO root [2018-05-27 13:20:09,876] - Components::process(): Found all the components!
S_INFO root [2018-05-27 13:20:25,276] - onRequestAccountLogin: registerName=1
S_INFO root [2018-05-27 13:20:41,076] - onRequestAccountLogin: registerName=2
S_INFO root [2018-05-27 13:21:11,477] - onRequestAccountLogin: registerName=3
S_INFO root [2018-05-27 13:21:44,778] - onRequestAccountLogin: registerName=4
  WARN root [2018-05-27 17:44:00,163] - TCPPacketReceiver::processPendingEvents(127.0.0.1:52487): Throwing REASON_GENERAL_NETWORK - WSAECONNRESET
