  WARN root [2018-11-01 00:02:29,356] - TCPPacketReceiver::processPendingEvents(127.0.0.1:50013): Throwing REASON_GENERAL_NETWORK - WSAECONNRESET
  INFO root [2018-11-01 00:02:30,644] - 
  INFO root [2018-11-01 00:02:30,646] - -----------------------------------------------------------------------------------------


  INFO root [2018-11-01 00:02:30,646] - Resmgr::initialize: KBE_ROOT=E:/kbengine/
  INFO root [2018-11-01 00:02:30,647] - Resmgr::initialize: KBE_RES_PATH=E:/kbengine/kbe/res/;E:/kbengine/assets/;E:/kbengine/assets/scripts/;E:/kbengine/assets/res/
  INFO root [2018-11-01 00:02:30,647] - Resmgr::initialize: KBE_BIN_PATH=E:/kbengine/kbe/bin/server/
  INFO root [2018-11-01 00:02:30,653] - NetworkInterface::initialize(INTERNAL): bound to all interfaces with default route interface on 192.168.0.107 ( 192.168.0.107:30099 )
  INFO root [2018-11-01 00:02:30,653] - NetworkInterface::initialize(INTERNAL): address 192.168.0.107:30099, SOMAXCONN=5.
  INFO root [2018-11-01 00:02:30,657] - ---- interfaces Version: 2.0.0. ScriptVersion: 0.1.0. Protocol: A3D4913C83C4082A29723B2DA267A5B0. Config: Debug X86. Built: 15:52:41 Apr 29 2018. AppID: 3000. UID: 16037. PID: 9144 ----
  INFO root [2018-11-01 00:02:30,657] - Server : Intel(R) Xeon(R) CPU E3-1230 v3 @ 3.30GHz with 4194303kB RAM
  INFO root [2018-11-01 00:02:30,657] - ThreadPool::createThreadPool: creating  threadpool...
  INFO root [2018-11-01 00:02:30,658] - ThreadPool::createThreadPool: successfully(2), newThreadCount=1, normalMaxThreadCount=2, maxThreadCount=8
 DEBUG root [2018-11-01 00:02:30,783] - Script::install_py_dlls(): PyInit_pyexpat
 DEBUG root [2018-11-01 00:02:30,784] - Script::install_py_dlls(): PyInit__socket
 DEBUG root [2018-11-01 00:02:30,784] - Script::install_py_dlls(): PyInit__ssl
 DEBUG root [2018-11-01 00:02:30,787] - Script::install_py_dlls(): PyInit__hashlib
 DEBUG root [2018-11-01 00:02:30,787] - Script::install_py_dlls(): PyInit_select
 DEBUG root [2018-11-01 00:02:30,787] - Script::install_py_dlls(): PyInit__ctypes
 DEBUG root [2018-11-01 00:02:30,788] - Script::install_py_dlls(): PyInit__elementtree
 DEBUG root [2018-11-01 00:02:30,825] - Script::install_py_dlls(): PyInit_unicodedata
  INFO root [2018-11-01 00:02:30,858] - Script::install(): is successfully, Python=(3.4.2 (default, Apr 29 2018, 15:52:37) [MSC v.1913 32 bit (Intel)])!
  INFO root [2018-11-01 00:02:30,858] - Script::install(): KBExtra is successfully!
S_INFO root [2018-11-01 00:02:30,866] - onInterfaceAppReady: bootstrapGroupIndex=0, bootstrapGlobalIndex=0
  INFO root [2018-11-01 00:02:30,873] - TelnetServer server is running on port 33000
  INFO root [2018-11-01 00:02:31,156] - ---- interfaces is running ----
 DEBUG root [2018-11-01 00:02:31,156] - Components::process(): Request for the process of identity...
  INFO root [2018-11-01 00:02:38,267] - Components::process(): Found all the components!
S_INFO root [2018-11-01 00:02:56,067] - onRequestAccountLogin: registerName=1
S_INFO root [2018-11-01 00:03:15,767] - onRequestAccountLogin: registerName=2
S_INFO root [2018-11-01 00:25:06,280] - onRequestAccountLogin: registerName=1
S_INFO root [2018-11-01 00:25:17,780] - onRequestAccountLogin: registerName=1
  WARN root [2018-11-01 00:25:35,311] - TCPPacketReceiver::processPendingEvents(127.0.0.1:49670): Throwing REASON_GENERAL_NETWORK - WSAECONNRESET
  INFO root [2018-11-01 22:35:44,710] - 
  INFO root [2018-11-01 22:35:45,053] - -----------------------------------------------------------------------------------------


  INFO root [2018-11-01 22:35:48,203] - Resmgr::initialize: KBE_ROOT=E:/kbengine/
  INFO root [2018-11-01 22:35:48,203] - Resmgr::initialize: KBE_RES_PATH=E:/kbengine/kbe/res/;E:/kbengine/assets/;E:/kbengine/assets/scripts/;E:/kbengine/assets/res/
  INFO root [2018-11-01 22:35:48,203] - Resmgr::initialize: KBE_BIN_PATH=E:/kbengine/kbe/bin/server/
  INFO root [2018-11-01 22:35:49,176] - NetworkInterface::initialize(INTERNAL): bound to all interfaces with default route interface on 192.168.0.107 ( 192.168.0.107:30099 )
  INFO root [2018-11-01 22:35:49,313] - NetworkInterface::initialize(INTERNAL): address 192.168.0.107:30099, SOMAXCONN=5.
  INFO root [2018-11-01 22:35:49,547] - ---- interfaces Version: 2.0.0. ScriptVersion: 0.1.0. Protocol: A3D4913C83C4082A29723B2DA267A5B0. Config: Debug X86. Built: 15:52:41 Apr 29 2018. AppID: 3000. UID: 18977. PID: 8304 ----
  INFO root [2018-11-01 22:35:49,547] - Server : Intel(R) Xeon(R) CPU E3-1230 v3 @ 3.30GHz with 4194303kB RAM
  INFO root [2018-11-01 22:35:49,772] - ThreadPool::createThreadPool: creating  threadpool...
  INFO root [2018-11-01 22:35:49,773] - ThreadPool::createThreadPool: successfully(2), newThreadCount=1, normalMaxThreadCount=2, maxThreadCount=8
 DEBUG root [2018-11-01 22:35:59,312] - Script::install_py_dlls(): PyInit_pyexpat
 DEBUG root [2018-11-01 22:35:59,734] - Script::install_py_dlls(): PyInit__socket
 DEBUG root [2018-11-01 22:35:59,823] - Script::install_py_dlls(): PyInit__ssl
 DEBUG root [2018-11-01 22:36:01,092] - Script::install_py_dlls(): PyInit__hashlib
 DEBUG root [2018-11-01 22:36:01,408] - Script::install_py_dlls(): PyInit_select
 DEBUG root [2018-11-01 22:36:01,428] - Script::install_py_dlls(): PyInit__ctypes
 DEBUG root [2018-11-01 22:36:01,923] - Script::install_py_dlls(): PyInit__elementtree
 DEBUG root [2018-11-01 22:36:03,356] - Script::install_py_dlls(): PyInit_unicodedata
  INFO root [2018-11-01 22:36:05,097] - Script::install(): is successfully, Python=(3.4.2 (default, Apr 29 2018, 15:52:37) [MSC v.1913 32 bit (Intel)])!
  INFO root [2018-11-01 22:36:05,098] - Script::install(): KBExtra is successfully!
S_INFO root [2018-11-01 22:36:05,307] - onInterfaceAppReady: bootstrapGroupIndex=0, bootstrapGlobalIndex=0
  INFO root [2018-11-01 22:36:05,654] - TelnetServer server is running on port 33000
  WARN root [2018-11-01 22:36:05,655] - e:\kbengine\kbe\src\server\tools\interfaces\interfaces.cpp:146: Profile scriptCall took 0.35 seconds
  INFO root [2018-11-01 22:36:06,137] - ---- interfaces is running ----
 DEBUG root [2018-11-01 22:36:06,267] - Components::process(): Request for the process of identity...
  INFO root [2018-11-01 22:36:13,809] - Components::process(): Found all the components!
S_INFO root [2018-11-01 23:09:46,830] - onRequestAccountLogin: registerName=1
S_INFO root [2018-11-01 23:10:49,515] - onRequestAccountLogin: registerName=1
S_INFO root [2018-11-01 23:19:34,717] - onRequestAccountLogin: registerName=1
S_INFO root [2018-11-01 23:24:23,519] - onRequestAccountLogin: registerName=1
S_INFO root [2018-11-01 23:34:11,420] - onRequestAccountLogin: registerName=1
S_INFO root [2018-11-01 23:56:19,525] - onRequestAccountLogin: registerName=1
S_INFO root [2018-11-01 23:57:06,726] - onRequestAccountLogin: registerName=1
