  WARN root [2018-11-04 01:09:12,045] - TCPPacketReceiver::processPendingEvents(127.0.0.1:55146): Throwing REASON_GENERAL_NETWORK - WSAECONNRESET
  INFO root [2018-11-04 16:23:59,970] - 
  INFO root [2018-11-04 16:24:00,111] - -----------------------------------------------------------------------------------------


  INFO root [2018-11-04 16:24:03,062] - Resmgr::initialize: KBE_ROOT=E:/kbengine/
  INFO root [2018-11-04 16:24:03,063] - Resmgr::initialize: KBE_RES_PATH=E:/kbengine/kbe/res/;E:/kbengine/assets/;E:/kbengine/assets/scripts/;E:/kbengine/assets/res/
  INFO root [2018-11-04 16:24:03,063] - Resmgr::initialize: KBE_BIN_PATH=E:/kbengine/kbe/bin/server/
  INFO root [2018-11-04 16:24:04,102] - NetworkInterface::initialize(INTERNAL): bound to all interfaces with default route interface on 192.168.0.107 ( 192.168.0.107:30099 )
  INFO root [2018-11-04 16:24:04,189] - NetworkInterface::initialize(INTERNAL): address 192.168.0.107:30099, SOMAXCONN=5.
  INFO root [2018-11-04 16:24:04,438] - ---- interfaces Version: 2.0.0. ScriptVersion: 0.1.0. Protocol: A3D4913C83C4082A29723B2DA267A5B0. Config: Debug X86. Built: 15:52:41 Apr 29 2018. AppID: 3000. UID: 6164. PID: 4236 ----
  INFO root [2018-11-04 16:24:04,439] - Server : Intel(R) Xeon(R) CPU E3-1230 v3 @ 3.30GHz with 4194303kB RAM
  INFO root [2018-11-04 16:24:04,948] - ThreadPool::createThreadPool: creating  threadpool...
  INFO root [2018-11-04 16:24:04,948] - ThreadPool::createThreadPool: successfully(2), newThreadCount=1, normalMaxThreadCount=2, maxThreadCount=8
 DEBUG root [2018-11-04 16:24:11,880] - Script::install_py_dlls(): PyInit_pyexpat
 DEBUG root [2018-11-04 16:24:11,976] - Script::install_py_dlls(): PyInit__socket
 DEBUG root [2018-11-04 16:24:12,032] - Script::install_py_dlls(): PyInit__ssl
 DEBUG root [2018-11-04 16:24:12,695] - Script::install_py_dlls(): PyInit__hashlib
 DEBUG root [2018-11-04 16:24:12,850] - Script::install_py_dlls(): PyInit_select
 DEBUG root [2018-11-04 16:24:12,879] - Script::install_py_dlls(): PyInit__ctypes
 DEBUG root [2018-11-04 16:24:13,024] - Script::install_py_dlls(): PyInit__elementtree
 DEBUG root [2018-11-04 16:24:13,589] - Script::install_py_dlls(): PyInit_unicodedata
  INFO root [2018-11-04 16:24:16,406] - Script::install(): is successfully, Python=(3.4.2 (default, Apr 29 2018, 15:52:37) [MSC v.1913 32 bit (Intel)])!
  INFO root [2018-11-04 16:24:16,407] - Script::install(): KBExtra is successfully!
S_INFO root [2018-11-04 16:24:16,666] - onInterfaceAppReady: bootstrapGroupIndex=0, bootstrapGlobalIndex=0
  INFO root [2018-11-04 16:24:16,888] - TelnetServer server is running on port 33000
  WARN root [2018-11-04 16:24:16,889] - e:\kbengine\kbe\src\server\tools\interfaces\interfaces.cpp:146: Profile scriptCall took 0.22 seconds
  INFO root [2018-11-04 16:24:17,508] - ---- interfaces is running ----
 DEBUG root [2018-11-04 16:24:17,709] - Components::process(): Request for the process of identity...
  WARN root [2018-11-04 16:24:24,109] - e:\kbengine\kbe\src\lib\network\event_dispatcher.cpp:153: Profile callSystemTimers took 0.11 seconds
  INFO root [2018-11-04 16:24:25,167] - Components::process(): Found all the components!
S_INFO root [2018-11-04 16:24:57,688] - onRequestAccountLogin: registerName=1
S_INFO root [2018-11-04 16:28:27,270] - onRequestAccountLogin: registerName=1
S_INFO root [2018-11-04 16:28:38,171] - onRequestAccountLogin: registerName=1
S_INFO root [2018-11-04 16:30:16,572] - onRequestAccountLogin: registerName=1
S_INFO root [2018-11-04 16:32:07,873] - onRequestAccountLogin: registerName=1
S_INFO root [2018-11-04 16:32:14,673] - onRequestAccountLogin: registerName=1
S_INFO root [2018-11-04 16:32:52,774] - onRequestAccountLogin: registerName=1
S_INFO root [2018-11-04 16:34:35,975] - onRequestAccountLogin: registerName=1
S_INFO root [2018-11-04 16:34:44,875] - onRequestAccountLogin: registerName=1
S_INFO root [2018-11-04 18:55:53,885] - onRequestAccountLogin: registerName=1
S_INFO root [2018-11-04 18:58:06,691] - onRequestAccountLogin: registerName=1
S_INFO root [2018-11-04 18:58:13,387] - onRequestAccountLogin: registerName=1
S_INFO root [2018-11-04 18:58:19,388] - onRequestAccountLogin: registerName=1
S_INFO root [2018-11-04 19:09:21,197] - onRequestAccountLogin: registerName=1
S_INFO root [2018-11-04 19:09:32,096] - onRequestAccountLogin: registerName=1
S_INFO root [2018-11-04 19:10:44,197] - onRequestAccountLogin: registerName=1
S_INFO root [2018-11-04 19:10:47,897] - onRequestAccountLogin: registerName=1
S_INFO root [2018-11-04 19:10:52,798] - onRequestAccountLogin: registerName=1
S_INFO root [2018-11-04 19:11:14,498] - onRequestAccountLogin: registerName=1
S_INFO root [2018-11-04 19:14:13,400] - onRequestAccountLogin: registerName=1
S_INFO root [2018-11-04 19:33:48,815] - onRequestAccountLogin: registerName=1
S_INFO root [2018-11-04 19:33:52,616] - onRequestAccountLogin: registerName=1
S_INFO root [2018-11-04 19:33:56,615] - onRequestAccountLogin: registerName=1
