  WARN root [2018-11-20 00:46:14,716] - TCPPacketReceiver::processPendingEvents(127.0.0.1:50044): Throwing REASON_GENERAL_NETWORK - WSAECONNRESET
  INFO root [2018-11-20 13:48:48,458] - 
  INFO root [2018-11-20 13:48:48,483] - -----------------------------------------------------------------------------------------


  INFO root [2018-11-20 13:48:51,209] - Resmgr::initialize: KBE_ROOT=E:/kbengine/
  INFO root [2018-11-20 13:48:51,210] - Resmgr::initialize: KBE_RES_PATH=E:/kbengine/kbe/res/;E:/kbengine/assets/;E:/kbengine/assets/scripts/;E:/kbengine/assets/res/
  INFO root [2018-11-20 13:48:51,211] - Resmgr::initialize: KBE_BIN_PATH=E:/kbengine/kbe/bin/server/
  INFO root [2018-11-20 13:48:52,548] - NetworkInterface::initialize(INTERNAL): bound to all interfaces with default route interface on 192.168.0.107 ( 192.168.0.107:30099 )
  INFO root [2018-11-20 13:48:52,727] - NetworkInterface::initialize(INTERNAL): address 192.168.0.107:30099, SOMAXCONN=5.
  INFO root [2018-11-20 13:48:53,038] - ---- interfaces Version: 2.0.0. ScriptVersion: 0.1.0. Protocol: A3D4913C83C4082A29723B2DA267A5B0. Config: Debug X86. Built: 15:52:41 Apr 29 2018. AppID: 3000. UID: 882. PID: 7504 ----
  INFO root [2018-11-20 13:48:53,039] - Server : Intel(R) Xeon(R) CPU E3-1230 v3 @ 3.30GHz with 4194303kB RAM
  INFO root [2018-11-20 13:48:53,219] - ThreadPool::createThreadPool: creating  threadpool...
  INFO root [2018-11-20 13:48:53,221] - ThreadPool::createThreadPool: successfully(2), newThreadCount=1, normalMaxThreadCount=2, maxThreadCount=8
 DEBUG root [2018-11-20 13:48:58,901] - Script::install_py_dlls(): PyInit_pyexpat
 DEBUG root [2018-11-20 13:48:59,172] - Script::install_py_dlls(): PyInit__socket
 DEBUG root [2018-11-20 13:48:59,378] - Script::install_py_dlls(): PyInit__ssl
 DEBUG root [2018-11-20 13:49:00,472] - Script::install_py_dlls(): PyInit__hashlib
 DEBUG root [2018-11-20 13:49:00,596] - Script::install_py_dlls(): PyInit_select
 DEBUG root [2018-11-20 13:49:00,641] - Script::install_py_dlls(): PyInit__ctypes
 DEBUG root [2018-11-20 13:49:00,753] - Script::install_py_dlls(): PyInit__elementtree
 DEBUG root [2018-11-20 13:49:02,060] - Script::install_py_dlls(): PyInit_unicodedata
  INFO root [2018-11-20 13:49:04,277] - Script::install(): is successfully, Python=(3.4.2 (default, Apr 29 2018, 15:52:37) [MSC v.1913 32 bit (Intel)])!
  INFO root [2018-11-20 13:49:04,277] - Script::install(): KBExtra is successfully!
S_INFO root [2018-11-20 13:49:04,580] - onInterfaceAppReady: bootstrapGroupIndex=0, bootstrapGlobalIndex=0
  INFO root [2018-11-20 13:49:04,827] - TelnetServer server is running on port 33000
  WARN root [2018-11-20 13:49:04,827] - e:\kbengine\kbe\src\server\tools\interfaces\interfaces.cpp:146: Profile scriptCall took 0.25 seconds
  INFO root [2018-11-20 13:49:05,588] - ---- interfaces is running ----
 DEBUG root [2018-11-20 13:49:05,723] - Components::process(): Request for the process of identity...
  INFO root [2018-11-20 13:49:13,380] - Components::process(): Found all the components!
S_INFO root [2018-11-20 13:56:08,400] - onRequestAccountLogin: registerName=1
S_INFO root [2018-11-20 13:56:37,684] - onRequestAccountLogin: registerName=2
S_INFO root [2018-11-20 13:58:32,684] - onRequestAccountLogin: registerName=1
S_INFO root [2018-11-20 13:58:47,385] - onRequestAccountLogin: registerName=2
S_INFO root [2018-11-20 14:09:06,488] - onRequestAccountLogin: registerName=1
S_INFO root [2018-11-20 14:13:29,790] - onRequestAccountLogin: registerName=1
S_INFO root [2018-11-20 14:18:05,792] - onRequestAccountLogin: registerName=1
S_INFO root [2018-11-20 14:21:00,293] - onRequestAccountLogin: registerName=1
S_INFO root [2018-11-20 14:26:46,196] - onRequestAccountLogin: registerName=2
S_INFO root [2018-11-20 14:26:59,896] - onRequestAccountLogin: registerName=1
S_INFO root [2018-11-20 14:29:39,801] - onRequestAccountLogin: registerName=22
S_INFO root [2018-11-20 14:29:44,997] - onRequestAccountLogin: registerName=11
  WARN root [2018-11-20 14:34:39,999] - TCPPacketReceiver::processPendingEvents(127.0.0.1:52700): Throwing REASON_GENERAL_NETWORK - WSAECONNRESET
