  WARN root [2018-11-12 00:49:15,098] - TCPPacketReceiver::processPendingEvents(127.0.0.1:50723): Throwing REASON_GENERAL_NETWORK - WSAECONNRESET
  INFO root [2018-11-12 13:52:28,068] - 
  INFO root [2018-11-12 13:52:28,097] - -----------------------------------------------------------------------------------------


  INFO root [2018-11-12 13:52:30,723] - Resmgr::initialize: KBE_ROOT=E:/kbengine/
  INFO root [2018-11-12 13:52:30,723] - Resmgr::initialize: KBE_RES_PATH=E:/kbengine/kbe/res/;E:/kbengine/assets/;E:/kbengine/assets/scripts/;E:/kbengine/assets/res/
  INFO root [2018-11-12 13:52:30,723] - Resmgr::initialize: KBE_BIN_PATH=E:/kbengine/kbe/bin/server/
  INFO root [2018-11-12 13:52:31,337] - NetworkInterface::initialize(INTERNAL): bound to all interfaces with default route interface on 192.168.0.107 ( 192.168.0.107:30099 )
  INFO root [2018-11-12 13:52:31,374] - NetworkInterface::initialize(INTERNAL): address 192.168.0.107:30099, SOMAXCONN=5.
  INFO root [2018-11-12 13:52:31,851] - ---- interfaces Version: 2.0.0. ScriptVersion: 0.1.0. Protocol: A3D4913C83C4082A29723B2DA267A5B0. Config: Debug X86. Built: 15:52:41 Apr 29 2018. AppID: 3000. UID: 5424. PID: 5384 ----
  INFO root [2018-11-12 13:52:31,852] - Server : Intel(R) Xeon(R) CPU E3-1230 v3 @ 3.30GHz with 4194303kB RAM
  INFO root [2018-11-12 13:52:32,083] - ThreadPool::createThreadPool: creating  threadpool...
  INFO root [2018-11-12 13:52:32,084] - ThreadPool::createThreadPool: successfully(2), newThreadCount=1, normalMaxThreadCount=2, maxThreadCount=8
 DEBUG root [2018-11-12 13:52:38,731] - Script::install_py_dlls(): PyInit_pyexpat
 DEBUG root [2018-11-12 13:52:38,877] - Script::install_py_dlls(): PyInit__socket
 DEBUG root [2018-11-12 13:52:38,941] - Script::install_py_dlls(): PyInit__ssl
 DEBUG root [2018-11-12 13:52:40,163] - Script::install_py_dlls(): PyInit__hashlib
 DEBUG root [2018-11-12 13:52:40,452] - Script::install_py_dlls(): PyInit_select
 DEBUG root [2018-11-12 13:52:40,539] - Script::install_py_dlls(): PyInit__ctypes
 DEBUG root [2018-11-12 13:52:40,709] - Script::install_py_dlls(): PyInit__elementtree
 DEBUG root [2018-11-12 13:52:42,407] - Script::install_py_dlls(): PyInit_unicodedata
  INFO root [2018-11-12 13:52:43,582] - Script::install(): is successfully, Python=(3.4.2 (default, Apr 29 2018, 15:52:37) [MSC v.1913 32 bit (Intel)])!
  INFO root [2018-11-12 13:52:43,583] - Script::install(): KBExtra is successfully!
S_INFO root [2018-11-12 13:52:43,919] - onInterfaceAppReady: bootstrapGroupIndex=0, bootstrapGlobalIndex=0
  INFO root [2018-11-12 13:52:45,141] - TelnetServer server is running on port 33000
  WARN root [2018-11-12 13:52:45,142] - e:\kbengine\kbe\src\server\tools\interfaces\interfaces.cpp:146: Profile scriptCall took 1.22 seconds
  INFO root [2018-11-12 13:52:46,285] - ---- interfaces is running ----
 DEBUG root [2018-11-12 13:52:46,379] - Components::process(): Request for the process of identity...
  INFO root [2018-11-12 13:52:53,719] - Components::process(): Found all the components!
S_INFO root [2018-11-12 14:21:49,558] - onRequestAccountLogin: registerName=1
S_INFO root [2018-11-12 14:23:55,544] - onRequestAccountLogin: registerName=1
S_INFO root [2018-11-12 14:24:38,144] - onRequestAccountLogin: registerName=2
S_INFO root [2018-11-12 21:51:07,093] - onRequestAccountLogin: registerName=1
