  INFO root [2018-08-22 15:09:48,528] - 
  INFO root [2018-08-22 15:09:48,572] - -----------------------------------------------------------------------------------------


  INFO root [2018-08-22 15:09:51,848] - Resmgr::initialize: KBE_ROOT=E:/kbengine/
  INFO root [2018-08-22 15:09:51,849] - Resmgr::initialize: KBE_RES_PATH=E:/kbengine/kbe/res/;E:/kbengine/assets/;E:/kbengine/assets/scripts/;E:/kbengine/assets/res/
  INFO root [2018-08-22 15:09:51,849] - Resmgr::initialize: KBE_BIN_PATH=E:/kbengine/kbe/bin/server/
  INFO root [2018-08-22 15:09:52,679] - NetworkInterface::initialize(INTERNAL): bound to all interfaces with default route interface on 192.168.0.106 ( 192.168.0.106:30099 )
  INFO root [2018-08-22 15:09:52,774] - NetworkInterface::initialize(INTERNAL): address 192.168.0.106:30099, SOMAXCONN=5.
  INFO root [2018-08-22 15:09:53,464] - ---- interfaces Version: 2.0.0. ScriptVersion: 0.1.0. Protocol: A3D4913C83C4082A29723B2DA267A5B0. Config: Debug X86. Built: 15:52:41 Apr 29 2018. AppID: 3000. UID: 18805. PID: 12096 ----
  INFO root [2018-08-22 15:09:53,465] - Server : Intel(R) Xeon(R) CPU E3-1230 v3 @ 3.30GHz with 4194303kB RAM
  INFO root [2018-08-22 15:09:53,617] - ThreadPool::createThreadPool: creating  threadpool...
  INFO root [2018-08-22 15:09:53,618] - ThreadPool::createThreadPool: successfully(2), newThreadCount=1, normalMaxThreadCount=2, maxThreadCount=8
 DEBUG root [2018-08-22 15:10:00,281] - Script::install_py_dlls(): PyInit_pyexpat
 DEBUG root [2018-08-22 15:10:00,427] - Script::install_py_dlls(): PyInit__socket
 DEBUG root [2018-08-22 15:10:00,692] - Script::install_py_dlls(): PyInit__ssl
 DEBUG root [2018-08-22 15:10:01,644] - Script::install_py_dlls(): PyInit__hashlib
 DEBUG root [2018-08-22 15:10:01,735] - Script::install_py_dlls(): PyInit_select
 DEBUG root [2018-08-22 15:10:01,990] - Script::install_py_dlls(): PyInit__ctypes
 DEBUG root [2018-08-22 15:10:02,159] - Script::install_py_dlls(): PyInit__elementtree
 DEBUG root [2018-08-22 15:10:03,066] - Script::install_py_dlls(): PyInit_unicodedata
  INFO root [2018-08-22 15:10:04,358] - Script::install(): is successfully, Python=(3.4.2 (default, Apr 29 2018, 15:52:37) [MSC v.1913 32 bit (Intel)])!
  INFO root [2018-08-22 15:10:04,358] - Script::install(): KBExtra is successfully!
S_INFO root [2018-08-22 15:10:04,527] - onInterfaceAppReady: bootstrapGroupIndex=0, bootstrapGlobalIndex=0
  INFO root [2018-08-22 15:10:04,799] - TelnetServer server is running on port 33000
  WARN root [2018-08-22 15:10:04,799] - e:\kbengine\kbe\src\server\tools\interfaces\interfaces.cpp:146: Profile scriptCall took 0.27 seconds
  INFO root [2018-08-22 15:10:05,856] - ---- interfaces is running ----
 DEBUG root [2018-08-22 15:10:06,612] - Components::process(): Request for the process of identity...
  INFO root [2018-08-22 15:10:14,099] - Components::process(): Found all the components!
  INFO root [2018-08-22 15:10:32,177] - 
  INFO root [2018-08-22 15:10:32,178] - -----------------------------------------------------------------------------------------


  INFO root [2018-08-22 15:10:32,178] - Resmgr::initialize: KBE_ROOT=E:/kbengine/
  INFO root [2018-08-22 15:10:32,178] - Resmgr::initialize: KBE_RES_PATH=E:/kbengine/kbe/res/;E:/kbengine/assets/;E:/kbengine/assets/scripts/;E:/kbengine/assets/res/
  INFO root [2018-08-22 15:10:32,178] - Resmgr::initialize: KBE_BIN_PATH=E:/kbengine/kbe/bin/server/
  INFO root [2018-08-22 15:10:32,192] - NetworkInterface::initialize(INTERNAL): bound to all interfaces with default route interface on 192.168.0.106 ( 192.168.0.106:30099 )
  INFO root [2018-08-22 15:10:32,192] - NetworkInterface::initialize(INTERNAL): address 192.168.0.106:30099, SOMAXCONN=5.
  INFO root [2018-08-22 15:10:32,196] - ---- interfaces Version: 2.0.0. ScriptVersion: 0.1.0. Protocol: A3D4913C83C4082A29723B2DA267A5B0. Config: Debug X86. Built: 15:52:41 Apr 29 2018. AppID: 3000. UID: 18988. PID: 14268 ----
  INFO root [2018-08-22 15:10:32,197] - Server : Intel(R) Xeon(R) CPU E3-1230 v3 @ 3.30GHz with 4194303kB RAM
  INFO root [2018-08-22 15:10:32,208] - ThreadPool::createThreadPool: creating  threadpool...
  INFO root [2018-08-22 15:10:32,209] - ThreadPool::createThreadPool: successfully(2), newThreadCount=1, normalMaxThreadCount=2, maxThreadCount=8
 DEBUG root [2018-08-22 15:10:32,342] - Script::install_py_dlls(): PyInit_pyexpat
 DEBUG root [2018-08-22 15:10:32,343] - Script::install_py_dlls(): PyInit__socket
 DEBUG root [2018-08-22 15:10:32,343] - Script::install_py_dlls(): PyInit__ssl
 DEBUG root [2018-08-22 15:10:32,346] - Script::install_py_dlls(): PyInit__hashlib
 DEBUG root [2018-08-22 15:10:32,346] - Script::install_py_dlls(): PyInit_select
 DEBUG root [2018-08-22 15:10:32,346] - Script::install_py_dlls(): PyInit__ctypes
 DEBUG root [2018-08-22 15:10:32,347] - Script::install_py_dlls(): PyInit__elementtree
 DEBUG root [2018-08-22 15:10:32,373] - Script::install_py_dlls(): PyInit_unicodedata
  INFO root [2018-08-22 15:10:32,405] - Script::install(): is successfully, Python=(3.4.2 (default, Apr 29 2018, 15:52:37) [MSC v.1913 32 bit (Intel)])!
  INFO root [2018-08-22 15:10:32,405] - Script::install(): KBExtra is successfully!
S_INFO root [2018-08-22 15:10:32,414] - onInterfaceAppReady: bootstrapGroupIndex=0, bootstrapGlobalIndex=0
  INFO root [2018-08-22 15:10:32,424] - TelnetServer server is running on port 33000
  INFO root [2018-08-22 15:10:32,701] - ---- interfaces is running ----
 DEBUG root [2018-08-22 15:10:32,701] - Components::process(): Request for the process of identity...
  INFO root [2018-08-22 15:10:39,882] - Components::process(): Found all the components!
  INFO root [2018-08-22 15:12:12,627] - 
  INFO root [2018-08-22 15:12:12,627] - -----------------------------------------------------------------------------------------


  INFO root [2018-08-22 15:12:12,628] - Resmgr::initialize: KBE_ROOT=E:/kbengine/
  INFO root [2018-08-22 15:12:12,629] - Resmgr::initialize: KBE_RES_PATH=E:/kbengine/kbe/res/;E:/kbengine/assets/;E:/kbengine/assets/scripts/;E:/kbengine/assets/res/
  INFO root [2018-08-22 15:12:12,629] - Resmgr::initialize: KBE_BIN_PATH=E:/kbengine/kbe/bin/server/
  INFO root [2018-08-22 15:12:12,647] - NetworkInterface::initialize(INTERNAL): bound to all interfaces with default route interface on 192.168.0.106 ( 192.168.0.106:30099 )
  INFO root [2018-08-22 15:12:12,647] - NetworkInterface::initialize(INTERNAL): address 192.168.0.106:30099, SOMAXCONN=5.
  INFO root [2018-08-22 15:12:12,653] - ---- interfaces Version: 2.0.0. ScriptVersion: 0.1.0. Protocol: A3D4913C83C4082A29723B2DA267A5B0. Config: Debug X86. Built: 15:52:41 Apr 29 2018. AppID: 3000. UID: 19318. PID: 14000 ----
  INFO root [2018-08-22 15:12:12,653] - Server : Intel(R) Xeon(R) CPU E3-1230 v3 @ 3.30GHz with 4194303kB RAM
  INFO root [2018-08-22 15:12:12,653] - ThreadPool::createThreadPool: creating  threadpool...
  INFO root [2018-08-22 15:12:12,654] - ThreadPool::createThreadPool: successfully(2), newThreadCount=1, normalMaxThreadCount=2, maxThreadCount=8
 DEBUG root [2018-08-22 15:12:12,788] - Script::install_py_dlls(): PyInit_pyexpat
 DEBUG root [2018-08-22 15:12:12,789] - Script::install_py_dlls(): PyInit__socket
 DEBUG root [2018-08-22 15:12:12,790] - Script::install_py_dlls(): PyInit__ssl
 DEBUG root [2018-08-22 15:12:12,794] - Script::install_py_dlls(): PyInit__hashlib
 DEBUG root [2018-08-22 15:12:12,794] - Script::install_py_dlls(): PyInit_select
 DEBUG root [2018-08-22 15:12:12,794] - Script::install_py_dlls(): PyInit__ctypes
 DEBUG root [2018-08-22 15:12:12,795] - Script::install_py_dlls(): PyInit__elementtree
 DEBUG root [2018-08-22 15:12:12,824] - Script::install_py_dlls(): PyInit_unicodedata
  INFO root [2018-08-22 15:12:12,855] - Script::install(): is successfully, Python=(3.4.2 (default, Apr 29 2018, 15:52:37) [MSC v.1913 32 bit (Intel)])!
  INFO root [2018-08-22 15:12:12,855] - Script::install(): KBExtra is successfully!
S_INFO root [2018-08-22 15:12:12,863] - onInterfaceAppReady: bootstrapGroupIndex=0, bootstrapGlobalIndex=0
  INFO root [2018-08-22 15:12:12,869] - TelnetServer server is running on port 33000
  INFO root [2018-08-22 15:12:13,151] - ---- interfaces is running ----
 DEBUG root [2018-08-22 15:12:13,151] - Components::process(): Request for the process of identity...
  INFO root [2018-08-22 15:12:20,263] - Components::process(): Found all the components!
  WARN root [2018-08-22 15:12:55,133] - TCPPacketReceiver::processPendingEvents(127.0.0.1:60652): Throwing REASON_GENERAL_NETWORK - WSAECONNRESET
  INFO root [2018-08-22 15:13:51,293] - 
  INFO root [2018-08-22 15:13:51,295] - -----------------------------------------------------------------------------------------


  INFO root [2018-08-22 15:13:51,295] - Resmgr::initialize: KBE_ROOT=E:/kbengine/
  INFO root [2018-08-22 15:13:51,295] - Resmgr::initialize: KBE_RES_PATH=E:/kbengine/kbe/res/;E:/kbengine/assets/;E:/kbengine/assets/scripts/;E:/kbengine/assets/res/
  INFO root [2018-08-22 15:13:51,295] - Resmgr::initialize: KBE_BIN_PATH=E:/kbengine/kbe/bin/server/
  INFO root [2018-08-22 15:13:51,304] - NetworkInterface::initialize(INTERNAL): bound to all interfaces with default route interface on 192.168.0.106 ( 192.168.0.106:30099 )
  INFO root [2018-08-22 15:13:51,305] - NetworkInterface::initialize(INTERNAL): address 192.168.0.106:30099, SOMAXCONN=5.
  INFO root [2018-08-22 15:13:51,308] - ---- interfaces Version: 2.0.0. ScriptVersion: 0.1.0. Protocol: A3D4913C83C4082A29723B2DA267A5B0. Config: Debug X86. Built: 15:52:41 Apr 29 2018. AppID: 3000. UID: 19638. PID: 13572 ----
  INFO root [2018-08-22 15:13:51,308] - Server : Intel(R) Xeon(R) CPU E3-1230 v3 @ 3.30GHz with 4194303kB RAM
  INFO root [2018-08-22 15:13:51,308] - ThreadPool::createThreadPool: creating  threadpool...
  INFO root [2018-08-22 15:13:51,309] - ThreadPool::createThreadPool: successfully(2), newThreadCount=1, normalMaxThreadCount=2, maxThreadCount=8
 DEBUG root [2018-08-22 15:13:51,436] - Script::install_py_dlls(): PyInit_pyexpat
 DEBUG root [2018-08-22 15:13:51,437] - Script::install_py_dlls(): PyInit__socket
 DEBUG root [2018-08-22 15:13:51,437] - Script::install_py_dlls(): PyInit__ssl
 DEBUG root [2018-08-22 15:13:51,440] - Script::install_py_dlls(): PyInit__hashlib
 DEBUG root [2018-08-22 15:13:51,440] - Script::install_py_dlls(): PyInit_select
 DEBUG root [2018-08-22 15:13:51,440] - Script::install_py_dlls(): PyInit__ctypes
 DEBUG root [2018-08-22 15:13:51,441] - Script::install_py_dlls(): PyInit__elementtree
 DEBUG root [2018-08-22 15:13:51,476] - Script::install_py_dlls(): PyInit_unicodedata
  INFO root [2018-08-22 15:13:51,514] - Script::install(): is successfully, Python=(3.4.2 (default, Apr 29 2018, 15:52:37) [MSC v.1913 32 bit (Intel)])!
  INFO root [2018-08-22 15:13:51,514] - Script::install(): KBExtra is successfully!
S_INFO root [2018-08-22 15:13:51,525] - onInterfaceAppReady: bootstrapGroupIndex=0, bootstrapGlobalIndex=0
  INFO root [2018-08-22 15:13:51,533] - TelnetServer server is running on port 33000
  INFO root [2018-08-22 15:13:51,820] - ---- interfaces is running ----
 DEBUG root [2018-08-22 15:13:51,820] - Components::process(): Request for the process of identity...
  INFO root [2018-08-22 15:13:58,925] - Components::process(): Found all the components!
  WARN root [2018-08-22 15:14:18,843] - TCPPacketReceiver::processPendingEvents(127.0.0.1:60692): Throwing REASON_GENERAL_NETWORK - WSAECONNRESET
  INFO root [2018-08-22 15:16:29,013] - 
  INFO root [2018-08-22 15:16:29,014] - -----------------------------------------------------------------------------------------


  INFO root [2018-08-22 15:16:29,015] - Resmgr::initialize: KBE_ROOT=E:/kbengine/
  INFO root [2018-08-22 15:16:29,015] - Resmgr::initialize: KBE_RES_PATH=E:/kbengine/kbe/res/;E:/kbengine/assets/;E:/kbengine/assets/scripts/;E:/kbengine/assets/res/
  INFO root [2018-08-22 15:16:29,015] - Resmgr::initialize: KBE_BIN_PATH=E:/kbengine/kbe/bin/server/
  INFO root [2018-08-22 15:16:29,023] - NetworkInterface::initialize(INTERNAL): bound to all interfaces with default route interface on 192.168.0.106 ( 192.168.0.106:30099 )
  INFO root [2018-08-22 15:16:29,023] - NetworkInterface::initialize(INTERNAL): address 192.168.0.106:30099, SOMAXCONN=5.
  INFO root [2018-08-22 15:16:29,027] - ---- interfaces Version: 2.0.0. ScriptVersion: 0.1.0. Protocol: A3D4913C83C4082A29723B2DA267A5B0. Config: Debug X86. Built: 15:52:41 Apr 29 2018. AppID: 3000. UID: 20154. PID: 14828 ----
  INFO root [2018-08-22 15:16:29,027] - Server : Intel(R) Xeon(R) CPU E3-1230 v3 @ 3.30GHz with 4194303kB RAM
  INFO root [2018-08-22 15:16:29,028] - ThreadPool::createThreadPool: creating  threadpool...
  INFO root [2018-08-22 15:16:29,028] - ThreadPool::createThreadPool: successfully(2), newThreadCount=1, normalMaxThreadCount=2, maxThreadCount=8
 DEBUG root [2018-08-22 15:16:29,160] - Script::install_py_dlls(): PyInit_pyexpat
 DEBUG root [2018-08-22 15:16:29,160] - Script::install_py_dlls(): PyInit__socket
 DEBUG root [2018-08-22 15:16:29,160] - Script::install_py_dlls(): PyInit__ssl
 DEBUG root [2018-08-22 15:16:29,164] - Script::install_py_dlls(): PyInit__hashlib
 DEBUG root [2018-08-22 15:16:29,164] - Script::install_py_dlls(): PyInit_select
 DEBUG root [2018-08-22 15:16:29,164] - Script::install_py_dlls(): PyInit__ctypes
 DEBUG root [2018-08-22 15:16:29,165] - Script::install_py_dlls(): PyInit__elementtree
 DEBUG root [2018-08-22 15:16:29,200] - Script::install_py_dlls(): PyInit_unicodedata
  INFO root [2018-08-22 15:16:29,236] - Script::install(): is successfully, Python=(3.4.2 (default, Apr 29 2018, 15:52:37) [MSC v.1913 32 bit (Intel)])!
  INFO root [2018-08-22 15:16:29,236] - Script::install(): KBExtra is successfully!
S_INFO root [2018-08-22 15:16:29,244] - onInterfaceAppReady: bootstrapGroupIndex=0, bootstrapGlobalIndex=0
  INFO root [2018-08-22 15:16:29,250] - TelnetServer server is running on port 33000
  INFO root [2018-08-22 15:16:29,534] - ---- interfaces is running ----
 DEBUG root [2018-08-22 15:16:29,534] - Components::process(): Request for the process of identity...
  INFO root [2018-08-22 15:16:36,718] - Components::process(): Found all the components!
S_INFO root [2018-08-22 15:16:58,872] - onRequestAccountLogin: registerName=1
S_INFO root [2018-08-22 15:17:12,844] - onRequestAccountLogin: registerName=2
S_INFO root [2018-08-22 15:17:37,345] - onRequestAccountLogin: registerName=1
S_INFO root [2018-08-22 15:17:47,145] - onRequestAccountLogin: registerName=1
  WARN root [2018-08-22 15:28:43,623] - TCPPacketReceiver::processPendingEvents(127.0.0.1:60768): Throwing REASON_GENERAL_NETWORK - WSAECONNRESET
  INFO root [2018-08-22 15:28:44,938] - 
  INFO root [2018-08-22 15:28:44,939] - -----------------------------------------------------------------------------------------


  INFO root [2018-08-22 15:28:44,939] - Resmgr::initialize: KBE_ROOT=E:/kbengine/
  INFO root [2018-08-22 15:28:44,939] - Resmgr::initialize: KBE_RES_PATH=E:/kbengine/kbe/res/;E:/kbengine/assets/;E:/kbengine/assets/scripts/;E:/kbengine/assets/res/
  INFO root [2018-08-22 15:28:44,939] - Resmgr::initialize: KBE_BIN_PATH=E:/kbengine/kbe/bin/server/
  INFO root [2018-08-22 15:28:44,943] - NetworkInterface::initialize(INTERNAL): bound to all interfaces with default route interface on 192.168.0.106 ( 192.168.0.106:30099 )
  INFO root [2018-08-22 15:28:44,943] - NetworkInterface::initialize(INTERNAL): address 192.168.0.106:30099, SOMAXCONN=5.
  INFO root [2018-08-22 15:28:44,948] - ---- interfaces Version: 2.0.0. ScriptVersion: 0.1.0. Protocol: A3D4913C83C4082A29723B2DA267A5B0. Config: Debug X86. Built: 15:52:41 Apr 29 2018. AppID: 3000. UID: 22557. PID: 16144 ----
  INFO root [2018-08-22 15:28:44,949] - Server : Intel(R) Xeon(R) CPU E3-1230 v3 @ 3.30GHz with 4194303kB RAM
  INFO root [2018-08-22 15:28:44,949] - ThreadPool::createThreadPool: creating  threadpool...
  INFO root [2018-08-22 15:28:44,950] - ThreadPool::createThreadPool: successfully(2), newThreadCount=1, normalMaxThreadCount=2, maxThreadCount=8
 DEBUG root [2018-08-22 15:28:45,083] - Script::install_py_dlls(): PyInit_pyexpat
 DEBUG root [2018-08-22 15:28:45,084] - Script::install_py_dlls(): PyInit__socket
 DEBUG root [2018-08-22 15:28:45,084] - Script::install_py_dlls(): PyInit__ssl
 DEBUG root [2018-08-22 15:28:45,087] - Script::install_py_dlls(): PyInit__hashlib
 DEBUG root [2018-08-22 15:28:45,087] - Script::install_py_dlls(): PyInit_select
 DEBUG root [2018-08-22 15:28:45,087] - Script::install_py_dlls(): PyInit__ctypes
 DEBUG root [2018-08-22 15:28:45,088] - Script::install_py_dlls(): PyInit__elementtree
 DEBUG root [2018-08-22 15:28:45,121] - Script::install_py_dlls(): PyInit_unicodedata
  INFO root [2018-08-22 15:28:45,148] - Script::install(): is successfully, Python=(3.4.2 (default, Apr 29 2018, 15:52:37) [MSC v.1913 32 bit (Intel)])!
  INFO root [2018-08-22 15:28:45,148] - Script::install(): KBExtra is successfully!
S_INFO root [2018-08-22 15:28:45,155] - onInterfaceAppReady: bootstrapGroupIndex=0, bootstrapGlobalIndex=0
  INFO root [2018-08-22 15:28:45,162] - TelnetServer server is running on port 33000
  INFO root [2018-08-22 15:28:45,459] - ---- interfaces is running ----
 DEBUG root [2018-08-22 15:28:45,459] - Components::process(): Request for the process of identity...
  INFO root [2018-08-22 15:28:52,656] - Components::process(): Found all the components!
S_INFO root [2018-08-22 15:29:15,556] - onRequestAccountLogin: registerName=1
S_INFO root [2018-08-22 15:29:26,256] - onRequestAccountLogin: registerName=2
S_INFO root [2018-08-22 15:29:46,356] - onRequestAccountLogin: registerName=2
  WARN root [2018-08-22 15:31:43,360] - TCPPacketReceiver::processPendingEvents(127.0.0.1:60903): Throwing REASON_GENERAL_NETWORK - WSAECONNRESET
  INFO root [2018-08-22 15:31:44,642] - 
  INFO root [2018-08-22 15:31:44,644] - -----------------------------------------------------------------------------------------


  INFO root [2018-08-22 15:31:44,645] - Resmgr::initialize: KBE_ROOT=E:/kbengine/
  INFO root [2018-08-22 15:31:44,645] - Resmgr::initialize: KBE_RES_PATH=E:/kbengine/kbe/res/;E:/kbengine/assets/;E:/kbengine/assets/scripts/;E:/kbengine/assets/res/
  INFO root [2018-08-22 15:31:44,645] - Resmgr::initialize: KBE_BIN_PATH=E:/kbengine/kbe/bin/server/
  INFO root [2018-08-22 15:31:44,656] - NetworkInterface::initialize(INTERNAL): bound to all interfaces with default route interface on 192.168.0.106 ( 192.168.0.106:30099 )
  INFO root [2018-08-22 15:31:44,656] - NetworkInterface::initialize(INTERNAL): address 192.168.0.106:30099, SOMAXCONN=5.
  INFO root [2018-08-22 15:31:44,660] - ---- interfaces Version: 2.0.0. ScriptVersion: 0.1.0. Protocol: A3D4913C83C4082A29723B2DA267A5B0. Config: Debug X86. Built: 15:52:41 Apr 29 2018. AppID: 3000. UID: 23145. PID: 15788 ----
  INFO root [2018-08-22 15:31:44,661] - Server : Intel(R) Xeon(R) CPU E3-1230 v3 @ 3.30GHz with 4194303kB RAM
  INFO root [2018-08-22 15:31:44,662] - ThreadPool::createThreadPool: creating  threadpool...
  INFO root [2018-08-22 15:31:44,663] - ThreadPool::createThreadPool: successfully(2), newThreadCount=1, normalMaxThreadCount=2, maxThreadCount=8
 DEBUG root [2018-08-22 15:31:44,792] - Script::install_py_dlls(): PyInit_pyexpat
 DEBUG root [2018-08-22 15:31:44,792] - Script::install_py_dlls(): PyInit__socket
 DEBUG root [2018-08-22 15:31:44,793] - Script::install_py_dlls(): PyInit__ssl
 DEBUG root [2018-08-22 15:31:44,795] - Script::install_py_dlls(): PyInit__hashlib
 DEBUG root [2018-08-22 15:31:44,796] - Script::install_py_dlls(): PyInit_select
 DEBUG root [2018-08-22 15:31:44,796] - Script::install_py_dlls(): PyInit__ctypes
 DEBUG root [2018-08-22 15:31:44,796] - Script::install_py_dlls(): PyInit__elementtree
 DEBUG root [2018-08-22 15:31:44,830] - Script::install_py_dlls(): PyInit_unicodedata
  INFO root [2018-08-22 15:31:44,859] - Script::install(): is successfully, Python=(3.4.2 (default, Apr 29 2018, 15:52:37) [MSC v.1913 32 bit (Intel)])!
  INFO root [2018-08-22 15:31:44,859] - Script::install(): KBExtra is successfully!
S_INFO root [2018-08-22 15:31:44,866] - onInterfaceAppReady: bootstrapGroupIndex=0, bootstrapGlobalIndex=0
  INFO root [2018-08-22 15:31:44,874] - TelnetServer server is running on port 33000
  INFO root [2018-08-22 15:31:45,176] - ---- interfaces is running ----
 DEBUG root [2018-08-22 15:31:45,176] - Components::process(): Request for the process of identity...
  INFO root [2018-08-22 15:31:52,350] - Components::process(): Found all the components!
S_INFO root [2018-08-22 15:32:26,367] - onRequestAccountLogin: registerName=1
S_INFO root [2018-08-22 15:32:38,968] - onRequestAccountLogin: registerName=2
S_INFO root [2018-08-22 15:32:57,868] - onRequestAccountLogin: registerName=2
S_INFO root [2018-08-22 15:33:29,968] - onRequestAccountLogin: registerName=1
S_INFO root [2018-08-22 15:34:02,768] - onRequestAccountLogin: registerName=2
S_INFO root [2018-08-22 15:45:28,673] - onRequestAccountLogin: registerName=2
  WARN root [2018-08-22 15:52:19,824] - TCPPacketReceiver::processPendingEvents(127.0.0.1:60958): Throwing REASON_GENERAL_NETWORK - WSAECONNRESET
  INFO root [2018-08-22 15:52:21,162] - 
  INFO root [2018-08-22 15:52:21,163] - -----------------------------------------------------------------------------------------


  INFO root [2018-08-22 15:52:21,164] - Resmgr::initialize: KBE_ROOT=E:/kbengine/
  INFO root [2018-08-22 15:52:21,164] - Resmgr::initialize: KBE_RES_PATH=E:/kbengine/kbe/res/;E:/kbengine/assets/;E:/kbengine/assets/scripts/;E:/kbengine/assets/res/
  INFO root [2018-08-22 15:52:21,164] - Resmgr::initialize: KBE_BIN_PATH=E:/kbengine/kbe/bin/server/
  INFO root [2018-08-22 15:52:21,169] - NetworkInterface::initialize(INTERNAL): bound to all interfaces with default route interface on 192.168.0.106 ( 192.168.0.106:30099 )
  INFO root [2018-08-22 15:52:21,169] - NetworkInterface::initialize(INTERNAL): address 192.168.0.106:30099, SOMAXCONN=5.
  INFO root [2018-08-22 15:52:21,173] - ---- interfaces Version: 2.0.0. ScriptVersion: 0.1.0. Protocol: A3D4913C83C4082A29723B2DA267A5B0. Config: Debug X86. Built: 15:52:41 Apr 29 2018. AppID: 3000. UID: 27181. PID: 14476 ----
  INFO root [2018-08-22 15:52:21,173] - Server : Intel(R) Xeon(R) CPU E3-1230 v3 @ 3.30GHz with 4194303kB RAM
  INFO root [2018-08-22 15:52:21,173] - ThreadPool::createThreadPool: creating  threadpool...
  INFO root [2018-08-22 15:52:21,174] - ThreadPool::createThreadPool: successfully(2), newThreadCount=1, normalMaxThreadCount=2, maxThreadCount=8
 DEBUG root [2018-08-22 15:52:21,307] - Script::install_py_dlls(): PyInit_pyexpat
 DEBUG root [2018-08-22 15:52:21,308] - Script::install_py_dlls(): PyInit__socket
 DEBUG root [2018-08-22 15:52:21,308] - Script::install_py_dlls(): PyInit__ssl
 DEBUG root [2018-08-22 15:52:21,313] - Script::install_py_dlls(): PyInit__hashlib
 DEBUG root [2018-08-22 15:52:21,313] - Script::install_py_dlls(): PyInit_select
 DEBUG root [2018-08-22 15:52:21,313] - Script::install_py_dlls(): PyInit__ctypes
 DEBUG root [2018-08-22 15:52:21,314] - Script::install_py_dlls(): PyInit__elementtree
 DEBUG root [2018-08-22 15:52:21,354] - Script::install_py_dlls(): PyInit_unicodedata
  INFO root [2018-08-22 15:52:21,382] - Script::install(): is successfully, Python=(3.4.2 (default, Apr 29 2018, 15:52:37) [MSC v.1913 32 bit (Intel)])!
  INFO root [2018-08-22 15:52:21,382] - Script::install(): KBExtra is successfully!
S_INFO root [2018-08-22 15:52:21,391] - onInterfaceAppReady: bootstrapGroupIndex=0, bootstrapGlobalIndex=0
  INFO root [2018-08-22 15:52:21,398] - TelnetServer server is running on port 33000
  INFO root [2018-08-22 15:52:21,675] - ---- interfaces is running ----
 DEBUG root [2018-08-22 15:52:21,675] - Components::process(): Request for the process of identity...
  INFO root [2018-08-22 15:52:28,867] - Components::process(): Found all the components!
S_INFO root [2018-08-22 15:52:49,291] - onRequestAccountLogin: registerName=1
S_INFO root [2018-08-22 15:52:59,792] - onRequestAccountLogin: registerName=2
S_INFO root [2018-08-22 15:53:09,091] - onRequestAccountLogin: registerName=2
  WARN root [2018-08-22 15:54:05,598] - TCPPacketReceiver::processPendingEvents(127.0.0.1:61158): Throwing REASON_GENERAL_NETWORK - WSAECONNRESET
  INFO root [2018-08-22 15:54:06,915] - 
  INFO root [2018-08-22 15:54:06,915] - -----------------------------------------------------------------------------------------


  INFO root [2018-08-22 15:54:06,916] - Resmgr::initialize: KBE_ROOT=E:/kbengine/
  INFO root [2018-08-22 15:54:06,916] - Resmgr::initialize: KBE_RES_PATH=E:/kbengine/kbe/res/;E:/kbengine/assets/;E:/kbengine/assets/scripts/;E:/kbengine/assets/res/
  INFO root [2018-08-22 15:54:06,916] - Resmgr::initialize: KBE_BIN_PATH=E:/kbengine/kbe/bin/server/
  INFO root [2018-08-22 15:54:06,928] - NetworkInterface::initialize(INTERNAL): bound to all interfaces with default route interface on 192.168.0.106 ( 192.168.0.106:30099 )
  INFO root [2018-08-22 15:54:06,928] - NetworkInterface::initialize(INTERNAL): address 192.168.0.106:30099, SOMAXCONN=5.
  INFO root [2018-08-22 15:54:06,934] - ---- interfaces Version: 2.0.0. ScriptVersion: 0.1.0. Protocol: A3D4913C83C4082A29723B2DA267A5B0. Config: Debug X86. Built: 15:52:41 Apr 29 2018. AppID: 3000. UID: 27528. PID: 15784 ----
  INFO root [2018-08-22 15:54:06,935] - Server : Intel(R) Xeon(R) CPU E3-1230 v3 @ 3.30GHz with 4194303kB RAM
  INFO root [2018-08-22 15:54:06,935] - ThreadPool::createThreadPool: creating  threadpool...
  INFO root [2018-08-22 15:54:06,936] - ThreadPool::createThreadPool: successfully(2), newThreadCount=1, normalMaxThreadCount=2, maxThreadCount=8
 DEBUG root [2018-08-22 15:54:07,068] - Script::install_py_dlls(): PyInit_pyexpat
 DEBUG root [2018-08-22 15:54:07,069] - Script::install_py_dlls(): PyInit__socket
 DEBUG root [2018-08-22 15:54:07,070] - Script::install_py_dlls(): PyInit__ssl
 DEBUG root [2018-08-22 15:54:07,074] - Script::install_py_dlls(): PyInit__hashlib
 DEBUG root [2018-08-22 15:54:07,074] - Script::install_py_dlls(): PyInit_select
 DEBUG root [2018-08-22 15:54:07,074] - Script::install_py_dlls(): PyInit__ctypes
 DEBUG root [2018-08-22 15:54:07,075] - Script::install_py_dlls(): PyInit__elementtree
 DEBUG root [2018-08-22 15:54:07,112] - Script::install_py_dlls(): PyInit_unicodedata
  INFO root [2018-08-22 15:54:07,146] - Script::install(): is successfully, Python=(3.4.2 (default, Apr 29 2018, 15:52:37) [MSC v.1913 32 bit (Intel)])!
  INFO root [2018-08-22 15:54:07,146] - Script::install(): KBExtra is successfully!
S_INFO root [2018-08-22 15:54:07,153] - onInterfaceAppReady: bootstrapGroupIndex=0, bootstrapGlobalIndex=0
  INFO root [2018-08-22 15:54:07,159] - TelnetServer server is running on port 33000
  INFO root [2018-08-22 15:54:07,462] - ---- interfaces is running ----
 DEBUG root [2018-08-22 15:54:07,463] - Components::process(): Request for the process of identity...
  WARN root [2018-08-22 15:54:07,773] - BundleBroadcast::BundleBroadcast: Cannot bind to port 20121, errorno=10048
  INFO root [2018-08-22 15:54:14,954] - Components::process(): Found all the components!
S_INFO root [2018-08-22 15:54:48,154] - onRequestAccountLogin: registerName=1
S_INFO root [2018-08-22 15:55:05,254] - onRequestAccountLogin: registerName=2
S_INFO root [2018-08-22 15:55:19,654] - onRequestAccountLogin: registerName=2
  WARN root [2018-08-22 16:00:25,619] - TCPPacketReceiver::processPendingEvents(127.0.0.1:61231): Throwing REASON_GENERAL_NETWORK - WSAECONNRESET
  INFO root [2018-08-22 16:00:26,910] - 
  INFO root [2018-08-22 16:00:26,914] - -----------------------------------------------------------------------------------------


  INFO root [2018-08-22 16:00:26,915] - Resmgr::initialize: KBE_ROOT=E:/kbengine/
  INFO root [2018-08-22 16:00:26,915] - Resmgr::initialize: KBE_RES_PATH=E:/kbengine/kbe/res/;E:/kbengine/assets/;E:/kbengine/assets/scripts/;E:/kbengine/assets/res/
  INFO root [2018-08-22 16:00:26,915] - Resmgr::initialize: KBE_BIN_PATH=E:/kbengine/kbe/bin/server/
  INFO root [2018-08-22 16:00:26,925] - NetworkInterface::initialize(INTERNAL): bound to all interfaces with default route interface on 192.168.0.106 ( 192.168.0.106:30099 )
  INFO root [2018-08-22 16:00:26,925] - NetworkInterface::initialize(INTERNAL): address 192.168.0.106:30099, SOMAXCONN=5.
  INFO root [2018-08-22 16:00:26,931] - ---- interfaces Version: 2.0.0. ScriptVersion: 0.1.0. Protocol: A3D4913C83C4082A29723B2DA267A5B0. Config: Debug X86. Built: 15:52:41 Apr 29 2018. AppID: 3000. UID: 28768. PID: 14676 ----
  INFO root [2018-08-22 16:00:26,934] - Server : Intel(R) Xeon(R) CPU E3-1230 v3 @ 3.30GHz with 4194303kB RAM
  INFO root [2018-08-22 16:00:26,936] - ThreadPool::createThreadPool: creating  threadpool...
  INFO root [2018-08-22 16:00:26,936] - ThreadPool::createThreadPool: successfully(2), newThreadCount=1, normalMaxThreadCount=2, maxThreadCount=8
 DEBUG root [2018-08-22 16:00:27,063] - Script::install_py_dlls(): PyInit_pyexpat
 DEBUG root [2018-08-22 16:00:27,064] - Script::install_py_dlls(): PyInit__socket
 DEBUG root [2018-08-22 16:00:27,064] - Script::install_py_dlls(): PyInit__ssl
 DEBUG root [2018-08-22 16:00:27,067] - Script::install_py_dlls(): PyInit__hashlib
 DEBUG root [2018-08-22 16:00:27,067] - Script::install_py_dlls(): PyInit_select
 DEBUG root [2018-08-22 16:00:27,067] - Script::install_py_dlls(): PyInit__ctypes
 DEBUG root [2018-08-22 16:00:27,068] - Script::install_py_dlls(): PyInit__elementtree
 DEBUG root [2018-08-22 16:00:27,100] - Script::install_py_dlls(): PyInit_unicodedata
  INFO root [2018-08-22 16:00:27,139] - Script::install(): is successfully, Python=(3.4.2 (default, Apr 29 2018, 15:52:37) [MSC v.1913 32 bit (Intel)])!
  INFO root [2018-08-22 16:00:27,139] - Script::install(): KBExtra is successfully!
S_INFO root [2018-08-22 16:00:27,147] - onInterfaceAppReady: bootstrapGroupIndex=0, bootstrapGlobalIndex=0
  INFO root [2018-08-22 16:00:27,154] - TelnetServer server is running on port 33000
  INFO root [2018-08-22 16:00:27,423] - ---- interfaces is running ----
 DEBUG root [2018-08-22 16:00:27,423] - Components::process(): Request for the process of identity...
  INFO root [2018-08-22 16:00:34,548] - Components::process(): Found all the components!
S_INFO root [2018-08-22 16:00:52,348] - onRequestAccountLogin: registerName=1
S_INFO root [2018-08-22 16:01:04,748] - onRequestAccountLogin: registerName=2
S_INFO root [2018-08-22 16:01:15,548] - onRequestAccountLogin: registerName=2
  WARN root [2018-08-22 16:09:48,508] - TCPPacketReceiver::processPendingEvents(127.0.0.1:61315): Throwing REASON_GENERAL_NETWORK - WSAECONNRESET
  INFO root [2018-08-22 16:09:49,836] - 
  INFO root [2018-08-22 16:09:49,836] - -----------------------------------------------------------------------------------------


  INFO root [2018-08-22 16:09:49,837] - Resmgr::initialize: KBE_ROOT=E:/kbengine/
  INFO root [2018-08-22 16:09:49,837] - Resmgr::initialize: KBE_RES_PATH=E:/kbengine/kbe/res/;E:/kbengine/assets/;E:/kbengine/assets/scripts/;E:/kbengine/assets/res/
  INFO root [2018-08-22 16:09:49,837] - Resmgr::initialize: KBE_BIN_PATH=E:/kbengine/kbe/bin/server/
  INFO root [2018-08-22 16:09:49,844] - NetworkInterface::initialize(INTERNAL): bound to all interfaces with default route interface on 192.168.0.106 ( 192.168.0.106:30099 )
  INFO root [2018-08-22 16:09:49,844] - NetworkInterface::initialize(INTERNAL): address 192.168.0.106:30099, SOMAXCONN=5.
  INFO root [2018-08-22 16:09:49,848] - ---- interfaces Version: 2.0.0. ScriptVersion: 0.1.0. Protocol: A3D4913C83C4082A29723B2DA267A5B0. Config: Debug X86. Built: 15:52:41 Apr 29 2018. AppID: 3000. UID: 30607. PID: 8528 ----
  INFO root [2018-08-22 16:09:49,848] - Server : Intel(R) Xeon(R) CPU E3-1230 v3 @ 3.30GHz with 4194303kB RAM
  INFO root [2018-08-22 16:09:49,849] - ThreadPool::createThreadPool: creating  threadpool...
  INFO root [2018-08-22 16:09:49,849] - ThreadPool::createThreadPool: successfully(2), newThreadCount=1, normalMaxThreadCount=2, maxThreadCount=8
 DEBUG root [2018-08-22 16:09:49,981] - Script::install_py_dlls(): PyInit_pyexpat
 DEBUG root [2018-08-22 16:09:49,981] - Script::install_py_dlls(): PyInit__socket
 DEBUG root [2018-08-22 16:09:49,982] - Script::install_py_dlls(): PyInit__ssl
 DEBUG root [2018-08-22 16:09:49,984] - Script::install_py_dlls(): PyInit__hashlib
 DEBUG root [2018-08-22 16:09:49,985] - Script::install_py_dlls(): PyInit_select
 DEBUG root [2018-08-22 16:09:49,985] - Script::install_py_dlls(): PyInit__ctypes
 DEBUG root [2018-08-22 16:09:49,985] - Script::install_py_dlls(): PyInit__elementtree
 DEBUG root [2018-08-22 16:09:50,021] - Script::install_py_dlls(): PyInit_unicodedata
  INFO root [2018-08-22 16:09:50,061] - Script::install(): is successfully, Python=(3.4.2 (default, Apr 29 2018, 15:52:37) [MSC v.1913 32 bit (Intel)])!
  INFO root [2018-08-22 16:09:50,061] - Script::install(): KBExtra is successfully!
S_INFO root [2018-08-22 16:09:50,072] - onInterfaceAppReady: bootstrapGroupIndex=0, bootstrapGlobalIndex=0
  INFO root [2018-08-22 16:09:50,078] - TelnetServer server is running on port 33000
  INFO root [2018-08-22 16:09:50,394] - ---- interfaces is running ----
 DEBUG root [2018-08-22 16:09:50,394] - Components::process(): Request for the process of identity...
  INFO root [2018-08-22 16:09:57,572] - Components::process(): Found all the components!
S_INFO root [2018-08-22 16:10:16,772] - onRequestAccountLogin: registerName=1
S_INFO root [2018-08-22 16:10:26,473] - onRequestAccountLogin: registerName=2
S_INFO root [2018-08-22 16:10:36,972] - onRequestAccountLogin: registerName=2
  WARN root [2018-08-22 16:12:16,198] - TCPPacketReceiver::processPendingEvents(127.0.0.1:64641): Throwing REASON_GENERAL_NETWORK - WSAECONNRESET
  INFO root [2018-08-22 16:12:17,535] - 
  INFO root [2018-08-22 16:12:17,535] - -----------------------------------------------------------------------------------------


  INFO root [2018-08-22 16:12:17,536] - Resmgr::initialize: KBE_ROOT=E:/kbengine/
  INFO root [2018-08-22 16:12:17,536] - Resmgr::initialize: KBE_RES_PATH=E:/kbengine/kbe/res/;E:/kbengine/assets/;E:/kbengine/assets/scripts/;E:/kbengine/assets/res/
  INFO root [2018-08-22 16:12:17,536] - Resmgr::initialize: KBE_BIN_PATH=E:/kbengine/kbe/bin/server/
  INFO root [2018-08-22 16:12:17,543] - NetworkInterface::initialize(INTERNAL): bound to all interfaces with default route interface on 192.168.0.106 ( 192.168.0.106:30099 )
  INFO root [2018-08-22 16:12:17,543] - NetworkInterface::initialize(INTERNAL): address 192.168.0.106:30099, SOMAXCONN=5.
  INFO root [2018-08-22 16:12:17,548] - ---- interfaces Version: 2.0.0. ScriptVersion: 0.1.0. Protocol: A3D4913C83C4082A29723B2DA267A5B0. Config: Debug X86. Built: 15:52:41 Apr 29 2018. AppID: 3000. UID: 31087. PID: 16700 ----
  INFO root [2018-08-22 16:12:17,549] - Server : Intel(R) Xeon(R) CPU E3-1230 v3 @ 3.30GHz with 4194303kB RAM
  INFO root [2018-08-22 16:12:17,550] - ThreadPool::createThreadPool: creating  threadpool...
  INFO root [2018-08-22 16:12:17,550] - ThreadPool::createThreadPool: successfully(2), newThreadCount=1, normalMaxThreadCount=2, maxThreadCount=8
 DEBUG root [2018-08-22 16:12:17,679] - Script::install_py_dlls(): PyInit_pyexpat
 DEBUG root [2018-08-22 16:12:17,679] - Script::install_py_dlls(): PyInit__socket
 DEBUG root [2018-08-22 16:12:17,679] - Script::install_py_dlls(): PyInit__ssl
 DEBUG root [2018-08-22 16:12:17,682] - Script::install_py_dlls(): PyInit__hashlib
 DEBUG root [2018-08-22 16:12:17,683] - Script::install_py_dlls(): PyInit_select
 DEBUG root [2018-08-22 16:12:17,683] - Script::install_py_dlls(): PyInit__ctypes
 DEBUG root [2018-08-22 16:12:17,683] - Script::install_py_dlls(): PyInit__elementtree
 DEBUG root [2018-08-22 16:12:17,715] - Script::install_py_dlls(): PyInit_unicodedata
  INFO root [2018-08-22 16:12:17,754] - Script::install(): is successfully, Python=(3.4.2 (default, Apr 29 2018, 15:52:37) [MSC v.1913 32 bit (Intel)])!
  INFO root [2018-08-22 16:12:17,754] - Script::install(): KBExtra is successfully!
S_INFO root [2018-08-22 16:12:17,762] - onInterfaceAppReady: bootstrapGroupIndex=0, bootstrapGlobalIndex=0
  INFO root [2018-08-22 16:12:17,768] - TelnetServer server is running on port 33000
  INFO root [2018-08-22 16:12:18,056] - ---- interfaces is running ----
 DEBUG root [2018-08-22 16:12:18,056] - Components::process(): Request for the process of identity...
  INFO root [2018-08-22 16:12:25,239] - Components::process(): Found all the components!
S_INFO root [2018-08-22 16:12:50,863] - onRequestAccountLogin: registerName=1
S_INFO root [2018-08-22 16:13:02,164] - onRequestAccountLogin: registerName=2
S_INFO root [2018-08-22 16:13:18,064] - onRequestAccountLogin: registerName=2
  WARN root [2018-08-22 16:16:33,624] - TCPPacketReceiver::processPendingEvents(127.0.0.1:64701): Throwing REASON_GENERAL_NETWORK - WSAECONNRESET
  INFO root [2018-08-22 16:16:34,943] - 
  INFO root [2018-08-22 16:16:34,944] - -----------------------------------------------------------------------------------------


  INFO root [2018-08-22 16:16:34,945] - Resmgr::initialize: KBE_ROOT=E:/kbengine/
  INFO root [2018-08-22 16:16:34,945] - Resmgr::initialize: KBE_RES_PATH=E:/kbengine/kbe/res/;E:/kbengine/assets/;E:/kbengine/assets/scripts/;E:/kbengine/assets/res/
  INFO root [2018-08-22 16:16:34,945] - Resmgr::initialize: KBE_BIN_PATH=E:/kbengine/kbe/bin/server/
  INFO root [2018-08-22 16:16:34,949] - NetworkInterface::initialize(INTERNAL): bound to all interfaces with default route interface on 192.168.0.106 ( 192.168.0.106:30099 )
  INFO root [2018-08-22 16:16:34,949] - NetworkInterface::initialize(INTERNAL): address 192.168.0.106:30099, SOMAXCONN=5.
  INFO root [2018-08-22 16:16:34,952] - ---- interfaces Version: 2.0.0. ScriptVersion: 0.1.0. Protocol: A3D4913C83C4082A29723B2DA267A5B0. Config: Debug X86. Built: 15:52:41 Apr 29 2018. AppID: 3000. UID: 31930. PID: 15376 ----
  INFO root [2018-08-22 16:16:34,953] - Server : Intel(R) Xeon(R) CPU E3-1230 v3 @ 3.30GHz with 4194303kB RAM
  INFO root [2018-08-22 16:16:34,954] - ThreadPool::createThreadPool: creating  threadpool...
  INFO root [2018-08-22 16:16:34,954] - ThreadPool::createThreadPool: successfully(2), newThreadCount=1, normalMaxThreadCount=2, maxThreadCount=8
 DEBUG root [2018-08-22 16:16:35,083] - Script::install_py_dlls(): PyInit_pyexpat
 DEBUG root [2018-08-22 16:16:35,083] - Script::install_py_dlls(): PyInit__socket
 DEBUG root [2018-08-22 16:16:35,084] - Script::install_py_dlls(): PyInit__ssl
 DEBUG root [2018-08-22 16:16:35,086] - Script::install_py_dlls(): PyInit__hashlib
 DEBUG root [2018-08-22 16:16:35,087] - Script::install_py_dlls(): PyInit_select
 DEBUG root [2018-08-22 16:16:35,087] - Script::install_py_dlls(): PyInit__ctypes
 DEBUG root [2018-08-22 16:16:35,087] - Script::install_py_dlls(): PyInit__elementtree
 DEBUG root [2018-08-22 16:16:35,124] - Script::install_py_dlls(): PyInit_unicodedata
  INFO root [2018-08-22 16:16:35,158] - Script::install(): is successfully, Python=(3.4.2 (default, Apr 29 2018, 15:52:37) [MSC v.1913 32 bit (Intel)])!
  INFO root [2018-08-22 16:16:35,158] - Script::install(): KBExtra is successfully!
S_INFO root [2018-08-22 16:16:35,167] - onInterfaceAppReady: bootstrapGroupIndex=0, bootstrapGlobalIndex=0
  INFO root [2018-08-22 16:16:35,174] - TelnetServer server is running on port 33000
  INFO root [2018-08-22 16:16:35,462] - ---- interfaces is running ----
 DEBUG root [2018-08-22 16:16:35,463] - Components::process(): Request for the process of identity...
  INFO root [2018-08-22 16:16:42,647] - Components::process(): Found all the components!
S_INFO root [2018-08-22 16:16:58,168] - onRequestAccountLogin: registerName=1
S_INFO root [2018-08-22 16:17:10,268] - onRequestAccountLogin: registerName=2
S_INFO root [2018-08-22 16:17:20,969] - onRequestAccountLogin: registerName=2
  WARN root [2018-08-22 16:18:51,693] - TCPPacketReceiver::processPendingEvents(127.0.0.1:64788): Throwing REASON_GENERAL_NETWORK - WSAECONNRESET
  INFO root [2018-08-22 16:18:53,001] - 
  INFO root [2018-08-22 16:18:53,002] - -----------------------------------------------------------------------------------------


  INFO root [2018-08-22 16:18:53,003] - Resmgr::initialize: KBE_ROOT=E:/kbengine/
  INFO root [2018-08-22 16:18:53,003] - Resmgr::initialize: KBE_RES_PATH=E:/kbengine/kbe/res/;E:/kbengine/assets/;E:/kbengine/assets/scripts/;E:/kbengine/assets/res/
  INFO root [2018-08-22 16:18:53,003] - Resmgr::initialize: KBE_BIN_PATH=E:/kbengine/kbe/bin/server/
  INFO root [2018-08-22 16:18:53,020] - NetworkInterface::initialize(INTERNAL): bound to all interfaces with default route interface on 192.168.0.106 ( 192.168.0.106:30099 )
  INFO root [2018-08-22 16:18:53,020] - NetworkInterface::initialize(INTERNAL): address 192.168.0.106:30099, SOMAXCONN=5.
  INFO root [2018-08-22 16:18:53,024] - ---- interfaces Version: 2.0.0. ScriptVersion: 0.1.0. Protocol: A3D4913C83C4082A29723B2DA267A5B0. Config: Debug X86. Built: 15:52:41 Apr 29 2018. AppID: 3000. UID: 32380. PID: 14696 ----
  INFO root [2018-08-22 16:18:53,026] - Server : Intel(R) Xeon(R) CPU E3-1230 v3 @ 3.30GHz with 4194303kB RAM
  INFO root [2018-08-22 16:18:53,028] - ThreadPool::createThreadPool: creating  threadpool...
  INFO root [2018-08-22 16:18:53,028] - ThreadPool::createThreadPool: successfully(2), newThreadCount=1, normalMaxThreadCount=2, maxThreadCount=8
 DEBUG root [2018-08-22 16:18:53,155] - Script::install_py_dlls(): PyInit_pyexpat
 DEBUG root [2018-08-22 16:18:53,156] - Script::install_py_dlls(): PyInit__socket
 DEBUG root [2018-08-22 16:18:53,156] - Script::install_py_dlls(): PyInit__ssl
 DEBUG root [2018-08-22 16:18:53,159] - Script::install_py_dlls(): PyInit__hashlib
 DEBUG root [2018-08-22 16:18:53,160] - Script::install_py_dlls(): PyInit_select
 DEBUG root [2018-08-22 16:18:53,160] - Script::install_py_dlls(): PyInit__ctypes
 DEBUG root [2018-08-22 16:18:53,160] - Script::install_py_dlls(): PyInit__elementtree
 DEBUG root [2018-08-22 16:18:53,194] - Script::install_py_dlls(): PyInit_unicodedata
  INFO root [2018-08-22 16:18:53,227] - Script::install(): is successfully, Python=(3.4.2 (default, Apr 29 2018, 15:52:37) [MSC v.1913 32 bit (Intel)])!
  INFO root [2018-08-22 16:18:53,228] - Script::install(): KBExtra is successfully!
S_INFO root [2018-08-22 16:18:53,238] - onInterfaceAppReady: bootstrapGroupIndex=0, bootstrapGlobalIndex=0
  INFO root [2018-08-22 16:18:53,244] - TelnetServer server is running on port 33000
  INFO root [2018-08-22 16:18:53,532] - ---- interfaces is running ----
 DEBUG root [2018-08-22 16:18:53,532] - Components::process(): Request for the process of identity...
  INFO root [2018-08-22 16:19:00,718] - Components::process(): Found all the components!
S_INFO root [2018-08-22 16:19:31,739] - onRequestAccountLogin: registerName=1
S_INFO root [2018-08-22 16:19:42,939] - onRequestAccountLogin: registerName=2
S_INFO root [2018-08-22 16:20:41,439] - onRequestAccountLogin: registerName=2
S_INFO root [2018-08-22 16:21:50,040] - onRequestAccountLogin: registerName=1
S_INFO root [2018-08-22 16:23:14,241] - onRequestAccountLogin: registerName=2
S_INFO root [2018-08-22 16:24:16,540] - onRequestAccountLogin: registerName=1
  WARN root [2018-08-22 16:32:09,329] - TCPPacketReceiver::processPendingEvents(127.0.0.1:64862): Throwing REASON_GENERAL_NETWORK - WSAECONNRESET
  INFO root [2018-08-22 16:32:10,666] - 
  INFO root [2018-08-22 16:32:10,666] - -----------------------------------------------------------------------------------------


  INFO root [2018-08-22 16:32:10,667] - Resmgr::initialize: KBE_ROOT=E:/kbengine/
  INFO root [2018-08-22 16:32:10,667] - Resmgr::initialize: KBE_RES_PATH=E:/kbengine/kbe/res/;E:/kbengine/assets/;E:/kbengine/assets/scripts/;E:/kbengine/assets/res/
  INFO root [2018-08-22 16:32:10,667] - Resmgr::initialize: KBE_BIN_PATH=E:/kbengine/kbe/bin/server/
  INFO root [2018-08-22 16:32:10,671] - NetworkInterface::initialize(INTERNAL): bound to all interfaces with default route interface on 192.168.0.106 ( 192.168.0.106:30099 )
  INFO root [2018-08-22 16:32:10,671] - NetworkInterface::initialize(INTERNAL): address 192.168.0.106:30099, SOMAXCONN=5.
  INFO root [2018-08-22 16:32:10,675] - ---- interfaces Version: 2.0.0. ScriptVersion: 0.1.0. Protocol: A3D4913C83C4082A29723B2DA267A5B0. Config: Debug X86. Built: 15:52:41 Apr 29 2018. AppID: 3000. UID: 2218. PID: 12788 ----
  INFO root [2018-08-22 16:32:10,675] - Server : Intel(R) Xeon(R) CPU E3-1230 v3 @ 3.30GHz with 4194303kB RAM
  INFO root [2018-08-22 16:32:10,676] - ThreadPool::createThreadPool: creating  threadpool...
  INFO root [2018-08-22 16:32:10,676] - ThreadPool::createThreadPool: successfully(2), newThreadCount=1, normalMaxThreadCount=2, maxThreadCount=8
 DEBUG root [2018-08-22 16:32:10,804] - Script::install_py_dlls(): PyInit_pyexpat
 DEBUG root [2018-08-22 16:32:10,804] - Script::install_py_dlls(): PyInit__socket
 DEBUG root [2018-08-22 16:32:10,805] - Script::install_py_dlls(): PyInit__ssl
 DEBUG root [2018-08-22 16:32:10,808] - Script::install_py_dlls(): PyInit__hashlib
 DEBUG root [2018-08-22 16:32:10,808] - Script::install_py_dlls(): PyInit_select
 DEBUG root [2018-08-22 16:32:10,808] - Script::install_py_dlls(): PyInit__ctypes
 DEBUG root [2018-08-22 16:32:10,809] - Script::install_py_dlls(): PyInit__elementtree
 DEBUG root [2018-08-22 16:32:10,844] - Script::install_py_dlls(): PyInit_unicodedata
  INFO root [2018-08-22 16:32:10,880] - Script::install(): is successfully, Python=(3.4.2 (default, Apr 29 2018, 15:52:37) [MSC v.1913 32 bit (Intel)])!
  INFO root [2018-08-22 16:32:10,880] - Script::install(): KBExtra is successfully!
S_INFO root [2018-08-22 16:32:10,890] - onInterfaceAppReady: bootstrapGroupIndex=0, bootstrapGlobalIndex=0
  INFO root [2018-08-22 16:32:10,897] - TelnetServer server is running on port 33000
  INFO root [2018-08-22 16:32:11,183] - ---- interfaces is running ----
 DEBUG root [2018-08-22 16:32:11,184] - Components::process(): Request for the process of identity...
  INFO root [2018-08-22 16:32:18,391] - Components::process(): Found all the components!
S_INFO root [2018-08-22 16:32:34,692] - onRequestAccountLogin: registerName=1
S_INFO root [2018-08-22 16:33:39,692] - onRequestAccountLogin: registerName=1
S_INFO root [2018-08-22 16:33:49,192] - onRequestAccountLogin: registerName=2
S_INFO root [2018-08-22 16:33:58,992] - onRequestAccountLogin: registerName=2
  WARN root [2018-08-22 16:34:53,402] - TCPPacketReceiver::processPendingEvents(127.0.0.1:65000): Throwing REASON_GENERAL_NETWORK - WSAECONNRESET
  INFO root [2018-08-22 16:34:54,772] - 
  INFO root [2018-08-22 16:34:54,773] - -----------------------------------------------------------------------------------------


  INFO root [2018-08-22 16:34:54,774] - Resmgr::initialize: KBE_ROOT=E:/kbengine/
  INFO root [2018-08-22 16:34:54,774] - Resmgr::initialize: KBE_RES_PATH=E:/kbengine/kbe/res/;E:/kbengine/assets/;E:/kbengine/assets/scripts/;E:/kbengine/assets/res/
  INFO root [2018-08-22 16:34:54,774] - Resmgr::initialize: KBE_BIN_PATH=E:/kbengine/kbe/bin/server/
  INFO root [2018-08-22 16:34:54,779] - NetworkInterface::initialize(INTERNAL): bound to all interfaces with default route interface on 192.168.0.106 ( 192.168.0.106:30099 )
  INFO root [2018-08-22 16:34:54,779] - NetworkInterface::initialize(INTERNAL): address 192.168.0.106:30099, SOMAXCONN=5.
  INFO root [2018-08-22 16:34:54,785] - ---- interfaces Version: 2.0.0. ScriptVersion: 0.1.0. Protocol: A3D4913C83C4082A29723B2DA267A5B0. Config: Debug X86. Built: 15:52:41 Apr 29 2018. AppID: 3000. UID: 2754. PID: 13724 ----
  INFO root [2018-08-22 16:34:54,786] - Server : Intel(R) Xeon(R) CPU E3-1230 v3 @ 3.30GHz with 4194303kB RAM
  INFO root [2018-08-22 16:34:54,786] - ThreadPool::createThreadPool: creating  threadpool...
  INFO root [2018-08-22 16:34:54,787] - ThreadPool::createThreadPool: successfully(2), newThreadCount=1, normalMaxThreadCount=2, maxThreadCount=8
 DEBUG root [2018-08-22 16:34:54,917] - Script::install_py_dlls(): PyInit_pyexpat
 DEBUG root [2018-08-22 16:34:54,917] - Script::install_py_dlls(): PyInit__socket
 DEBUG root [2018-08-22 16:34:54,917] - Script::install_py_dlls(): PyInit__ssl
 DEBUG root [2018-08-22 16:34:54,921] - Script::install_py_dlls(): PyInit__hashlib
 DEBUG root [2018-08-22 16:34:54,922] - Script::install_py_dlls(): PyInit_select
 DEBUG root [2018-08-22 16:34:54,922] - Script::install_py_dlls(): PyInit__ctypes
 DEBUG root [2018-08-22 16:34:54,922] - Script::install_py_dlls(): PyInit__elementtree
 DEBUG root [2018-08-22 16:34:54,954] - Script::install_py_dlls(): PyInit_unicodedata
  INFO root [2018-08-22 16:34:54,986] - Script::install(): is successfully, Python=(3.4.2 (default, Apr 29 2018, 15:52:37) [MSC v.1913 32 bit (Intel)])!
  INFO root [2018-08-22 16:34:54,986] - Script::install(): KBExtra is successfully!
S_INFO root [2018-08-22 16:34:54,993] - onInterfaceAppReady: bootstrapGroupIndex=0, bootstrapGlobalIndex=0
  INFO root [2018-08-22 16:34:55,000] - TelnetServer server is running on port 33000
  INFO root [2018-08-22 16:34:55,319] - ---- interfaces is running ----
 DEBUG root [2018-08-22 16:34:55,320] - Components::process(): Request for the process of identity...
  WARN root [2018-08-22 16:34:58,666] - BundleBroadcast::BundleBroadcast: Cannot bind to port 20520, errorno=10048
  INFO root [2018-08-22 16:35:02,793] - Components::process(): Found all the components!
S_INFO root [2018-08-22 16:35:17,994] - onRequestAccountLogin: registerName=1
S_INFO root [2018-08-22 16:35:31,094] - onRequestAccountLogin: registerName=2
S_INFO root [2018-08-22 16:36:01,595] - onRequestAccountLogin: registerName=2
  WARN root [2018-08-22 16:45:36,274] - TCPPacketReceiver::processPendingEvents(127.0.0.1:65092): Throwing REASON_GENERAL_NETWORK - WSAECONNRESET
  INFO root [2018-08-22 16:45:37,666] - 
  INFO root [2018-08-22 16:45:37,667] - -----------------------------------------------------------------------------------------


  INFO root [2018-08-22 16:45:37,667] - Resmgr::initialize: KBE_ROOT=E:/kbengine/
  INFO root [2018-08-22 16:45:37,667] - Resmgr::initialize: KBE_RES_PATH=E:/kbengine/kbe/res/;E:/kbengine/assets/;E:/kbengine/assets/scripts/;E:/kbengine/assets/res/
  INFO root [2018-08-22 16:45:37,668] - Resmgr::initialize: KBE_BIN_PATH=E:/kbengine/kbe/bin/server/
  INFO root [2018-08-22 16:45:37,677] - NetworkInterface::initialize(INTERNAL): bound to all interfaces with default route interface on 192.168.0.106 ( 192.168.0.106:30099 )
  INFO root [2018-08-22 16:45:37,678] - NetworkInterface::initialize(INTERNAL): address 192.168.0.106:30099, SOMAXCONN=5.
  INFO root [2018-08-22 16:45:37,682] - ---- interfaces Version: 2.0.0. ScriptVersion: 0.1.0. Protocol: A3D4913C83C4082A29723B2DA267A5B0. Config: Debug X86. Built: 15:52:41 Apr 29 2018. AppID: 3000. UID: 4853. PID: 18144 ----
  INFO root [2018-08-22 16:45:37,683] - Server : Intel(R) Xeon(R) CPU E3-1230 v3 @ 3.30GHz with 4194303kB RAM
  INFO root [2018-08-22 16:45:37,684] - ThreadPool::createThreadPool: creating  threadpool...
  INFO root [2018-08-22 16:45:37,684] - ThreadPool::createThreadPool: successfully(2), newThreadCount=1, normalMaxThreadCount=2, maxThreadCount=8
 DEBUG root [2018-08-22 16:45:37,818] - Script::install_py_dlls(): PyInit_pyexpat
 DEBUG root [2018-08-22 16:45:37,819] - Script::install_py_dlls(): PyInit__socket
 DEBUG root [2018-08-22 16:45:37,820] - Script::install_py_dlls(): PyInit__ssl
 DEBUG root [2018-08-22 16:45:37,825] - Script::install_py_dlls(): PyInit__hashlib
 DEBUG root [2018-08-22 16:45:37,825] - Script::install_py_dlls(): PyInit_select
 DEBUG root [2018-08-22 16:45:37,825] - Script::install_py_dlls(): PyInit__ctypes
 DEBUG root [2018-08-22 16:45:37,826] - Script::install_py_dlls(): PyInit__elementtree
 DEBUG root [2018-08-22 16:45:37,867] - Script::install_py_dlls(): PyInit_unicodedata
  INFO root [2018-08-22 16:45:37,897] - Script::install(): is successfully, Python=(3.4.2 (default, Apr 29 2018, 15:52:37) [MSC v.1913 32 bit (Intel)])!
  INFO root [2018-08-22 16:45:37,898] - Script::install(): KBExtra is successfully!
S_INFO root [2018-08-22 16:45:37,905] - onInterfaceAppReady: bootstrapGroupIndex=0, bootstrapGlobalIndex=0
  INFO root [2018-08-22 16:45:37,913] - TelnetServer server is running on port 33000
  INFO root [2018-08-22 16:45:38,190] - ---- interfaces is running ----
 DEBUG root [2018-08-22 16:45:38,191] - Components::process(): Request for the process of identity...
  INFO root [2018-08-22 16:45:45,306] - Components::process(): Found all the components!
S_INFO root [2018-08-22 16:46:09,006] - onRequestAccountLogin: registerName=1
S_INFO root [2018-08-22 16:46:17,506] - onRequestAccountLogin: registerName=1
S_INFO root [2018-08-22 16:46:25,306] - onRequestAccountLogin: registerName=2
S_INFO root [2018-08-22 16:46:39,306] - onRequestAccountLogin: registerName=2
S_INFO root [2018-08-22 16:46:47,007] - onRequestAccountLogin: registerName=2
S_INFO root [2018-08-22 16:47:08,307] - onRequestAccountLogin: registerName=2
S_INFO root [2018-08-22 16:47:23,607] - onRequestAccountLogin: registerName=1
S_INFO root [2018-08-22 21:05:11,911] - onRequestAccountLogin: registerName=1
S_INFO root [2018-08-22 21:05:39,812] - onRequestAccountLogin: registerName=2
S_INFO root [2018-08-22 21:06:10,013] - onRequestAccountLogin: registerName=1
  WARN root [2018-08-22 21:07:47,168] - TCPPacketReceiver::processPendingEvents(127.0.0.1:65193): Throwing REASON_GENERAL_NETWORK - WSAECONNRESET
  INFO root [2018-08-22 21:07:48,669] - 
  INFO root [2018-08-22 21:07:48,670] - -----------------------------------------------------------------------------------------


  INFO root [2018-08-22 21:07:48,670] - Resmgr::initialize: KBE_ROOT=E:/kbengine/
  INFO root [2018-08-22 21:07:48,670] - Resmgr::initialize: KBE_RES_PATH=E:/kbengine/kbe/res/;E:/kbengine/assets/;E:/kbengine/assets/scripts/;E:/kbengine/assets/res/
  INFO root [2018-08-22 21:07:48,670] - Resmgr::initialize: KBE_BIN_PATH=E:/kbengine/kbe/bin/server/
  INFO root [2018-08-22 21:07:48,674] - NetworkInterface::initialize(INTERNAL): bound to all interfaces with default route interface on 192.168.0.106 ( 192.168.0.106:30099 )
  INFO root [2018-08-22 21:07:48,674] - NetworkInterface::initialize(INTERNAL): address 192.168.0.106:30099, SOMAXCONN=5.
  INFO root [2018-08-22 21:07:48,678] - ---- interfaces Version: 2.0.0. ScriptVersion: 0.1.0. Protocol: A3D4913C83C4082A29723B2DA267A5B0. Config: Debug X86. Built: 15:52:41 Apr 29 2018. AppID: 3000. UID: 23453. PID: 13236 ----
  INFO root [2018-08-22 21:07:48,679] - Server : Intel(R) Xeon(R) CPU E3-1230 v3 @ 3.30GHz with 4194303kB RAM
  INFO root [2018-08-22 21:07:48,679] - ThreadPool::createThreadPool: creating  threadpool...
  INFO root [2018-08-22 21:07:48,679] - ThreadPool::createThreadPool: successfully(2), newThreadCount=1, normalMaxThreadCount=2, maxThreadCount=8
 DEBUG root [2018-08-22 21:07:48,807] - Script::install_py_dlls(): PyInit_pyexpat
 DEBUG root [2018-08-22 21:07:48,807] - Script::install_py_dlls(): PyInit__socket
 DEBUG root [2018-08-22 21:07:48,808] - Script::install_py_dlls(): PyInit__ssl
 DEBUG root [2018-08-22 21:07:48,811] - Script::install_py_dlls(): PyInit__hashlib
 DEBUG root [2018-08-22 21:07:48,811] - Script::install_py_dlls(): PyInit_select
 DEBUG root [2018-08-22 21:07:48,811] - Script::install_py_dlls(): PyInit__ctypes
 DEBUG root [2018-08-22 21:07:48,812] - Script::install_py_dlls(): PyInit__elementtree
 DEBUG root [2018-08-22 21:07:48,846] - Script::install_py_dlls(): PyInit_unicodedata
  INFO root [2018-08-22 21:07:48,881] - Script::install(): is successfully, Python=(3.4.2 (default, Apr 29 2018, 15:52:37) [MSC v.1913 32 bit (Intel)])!
  INFO root [2018-08-22 21:07:48,882] - Script::install(): KBExtra is successfully!
S_INFO root [2018-08-22 21:07:48,893] - onInterfaceAppReady: bootstrapGroupIndex=0, bootstrapGlobalIndex=0
  INFO root [2018-08-22 21:07:48,902] - TelnetServer server is running on port 33000
  INFO root [2018-08-22 21:07:49,180] - ---- interfaces is running ----
 DEBUG root [2018-08-22 21:07:49,180] - Components::process(): Request for the process of identity...
  INFO root [2018-08-22 21:07:56,294] - Components::process(): Found all the components!
S_INFO root [2018-08-22 21:08:19,194] - onRequestAccountLogin: registerName=1
S_INFO root [2018-08-22 21:08:32,194] - onRequestAccountLogin: registerName=2
S_INFO root [2018-08-22 21:08:47,195] - onRequestAccountLogin: registerName=2
S_INFO root [2018-08-22 21:09:20,895] - onRequestAccountLogin: registerName=2
  WARN root [2018-08-22 21:12:20,725] - TCPPacketReceiver::processPendingEvents(127.0.0.1:61902): Throwing REASON_GENERAL_NETWORK - WSAECONNRESET
  INFO root [2018-08-22 21:12:22,178] - 
  INFO root [2018-08-22 21:12:22,179] - -----------------------------------------------------------------------------------------


  INFO root [2018-08-22 21:12:22,180] - Resmgr::initialize: KBE_ROOT=E:/kbengine/
  INFO root [2018-08-22 21:12:22,180] - Resmgr::initialize: KBE_RES_PATH=E:/kbengine/kbe/res/;E:/kbengine/assets/;E:/kbengine/assets/scripts/;E:/kbengine/assets/res/
  INFO root [2018-08-22 21:12:22,180] - Resmgr::initialize: KBE_BIN_PATH=E:/kbengine/kbe/bin/server/
  INFO root [2018-08-22 21:12:22,188] - NetworkInterface::initialize(INTERNAL): bound to all interfaces with default route interface on 192.168.0.106 ( 192.168.0.106:30099 )
  INFO root [2018-08-22 21:12:22,188] - NetworkInterface::initialize(INTERNAL): address 192.168.0.106:30099, SOMAXCONN=5.
  INFO root [2018-08-22 21:12:22,202] - ---- interfaces Version: 2.0.0. ScriptVersion: 0.1.0. Protocol: A3D4913C83C4082A29723B2DA267A5B0. Config: Debug X86. Built: 15:52:41 Apr 29 2018. AppID: 3000. UID: 24348. PID: 19388 ----
  INFO root [2018-08-22 21:12:22,204] - Server : Intel(R) Xeon(R) CPU E3-1230 v3 @ 3.30GHz with 4194303kB RAM
  INFO root [2018-08-22 21:12:22,205] - ThreadPool::createThreadPool: creating  threadpool...
  INFO root [2018-08-22 21:12:22,205] - ThreadPool::createThreadPool: successfully(2), newThreadCount=1, normalMaxThreadCount=2, maxThreadCount=8
 DEBUG root [2018-08-22 21:12:22,345] - Script::install_py_dlls(): PyInit_pyexpat
 DEBUG root [2018-08-22 21:12:22,345] - Script::install_py_dlls(): PyInit__socket
 DEBUG root [2018-08-22 21:12:22,345] - Script::install_py_dlls(): PyInit__ssl
 DEBUG root [2018-08-22 21:12:22,349] - Script::install_py_dlls(): PyInit__hashlib
 DEBUG root [2018-08-22 21:12:22,349] - Script::install_py_dlls(): PyInit_select
 DEBUG root [2018-08-22 21:12:22,349] - Script::install_py_dlls(): PyInit__ctypes
 DEBUG root [2018-08-22 21:12:22,349] - Script::install_py_dlls(): PyInit__elementtree
 DEBUG root [2018-08-22 21:12:22,385] - Script::install_py_dlls(): PyInit_unicodedata
  INFO root [2018-08-22 21:12:22,421] - Script::install(): is successfully, Python=(3.4.2 (default, Apr 29 2018, 15:52:37) [MSC v.1913 32 bit (Intel)])!
  INFO root [2018-08-22 21:12:22,421] - Script::install(): KBExtra is successfully!
S_INFO root [2018-08-22 21:12:22,433] - onInterfaceAppReady: bootstrapGroupIndex=0, bootstrapGlobalIndex=0
  INFO root [2018-08-22 21:12:22,443] - TelnetServer server is running on port 33000
  INFO root [2018-08-22 21:12:22,757] - ---- interfaces is running ----
 DEBUG root [2018-08-22 21:12:22,757] - Components::process(): Request for the process of identity...
  INFO root [2018-08-22 21:12:29,933] - Components::process(): Found all the components!
S_INFO root [2018-08-22 21:12:53,934] - onRequestAccountLogin: registerName=1
S_INFO root [2018-08-22 21:13:03,733] - onRequestAccountLogin: registerName=2
S_INFO root [2018-08-22 21:13:15,334] - onRequestAccountLogin: registerName=2
S_INFO root [2018-08-22 21:13:39,334] - onRequestAccountLogin: registerName=2
S_INFO root [2018-08-22 21:13:53,434] - onRequestAccountLogin: registerName=1
  WARN root [2018-08-22 21:22:06,167] - TCPPacketReceiver::processPendingEvents(127.0.0.1:61970): Throwing REASON_GENERAL_NETWORK - WSAECONNRESET
  INFO root [2018-08-22 21:22:07,675] - 
  INFO root [2018-08-22 21:22:07,676] - -----------------------------------------------------------------------------------------


  INFO root [2018-08-22 21:22:07,677] - Resmgr::initialize: KBE_ROOT=E:/kbengine/
  INFO root [2018-08-22 21:22:07,677] - Resmgr::initialize: KBE_RES_PATH=E:/kbengine/kbe/res/;E:/kbengine/assets/;E:/kbengine/assets/scripts/;E:/kbengine/assets/res/
  INFO root [2018-08-22 21:22:07,677] - Resmgr::initialize: KBE_BIN_PATH=E:/kbengine/kbe/bin/server/
  INFO root [2018-08-22 21:22:07,684] - NetworkInterface::initialize(INTERNAL): bound to all interfaces with default route interface on 192.168.0.106 ( 192.168.0.106:30099 )
  INFO root [2018-08-22 21:22:07,685] - NetworkInterface::initialize(INTERNAL): address 192.168.0.106:30099, SOMAXCONN=5.
  INFO root [2018-08-22 21:22:07,688] - ---- interfaces Version: 2.0.0. ScriptVersion: 0.1.0. Protocol: A3D4913C83C4082A29723B2DA267A5B0. Config: Debug X86. Built: 15:52:41 Apr 29 2018. AppID: 3000. UID: 26258. PID: 11300 ----
  INFO root [2018-08-22 21:22:07,690] - Server : Intel(R) Xeon(R) CPU E3-1230 v3 @ 3.30GHz with 4194303kB RAM
  INFO root [2018-08-22 21:22:07,690] - ThreadPool::createThreadPool: creating  threadpool...
  INFO root [2018-08-22 21:22:07,691] - ThreadPool::createThreadPool: successfully(2), newThreadCount=1, normalMaxThreadCount=2, maxThreadCount=8
 DEBUG root [2018-08-22 21:22:07,819] - Script::install_py_dlls(): PyInit_pyexpat
 DEBUG root [2018-08-22 21:22:07,819] - Script::install_py_dlls(): PyInit__socket
 DEBUG root [2018-08-22 21:22:07,819] - Script::install_py_dlls(): PyInit__ssl
 DEBUG root [2018-08-22 21:22:07,823] - Script::install_py_dlls(): PyInit__hashlib
 DEBUG root [2018-08-22 21:22:07,823] - Script::install_py_dlls(): PyInit_select
 DEBUG root [2018-08-22 21:22:07,823] - Script::install_py_dlls(): PyInit__ctypes
 DEBUG root [2018-08-22 21:22:07,824] - Script::install_py_dlls(): PyInit__elementtree
 DEBUG root [2018-08-22 21:22:07,858] - Script::install_py_dlls(): PyInit_unicodedata
  INFO root [2018-08-22 21:22:07,894] - Script::install(): is successfully, Python=(3.4.2 (default, Apr 29 2018, 15:52:37) [MSC v.1913 32 bit (Intel)])!
  INFO root [2018-08-22 21:22:07,894] - Script::install(): KBExtra is successfully!
S_INFO root [2018-08-22 21:22:07,901] - onInterfaceAppReady: bootstrapGroupIndex=0, bootstrapGlobalIndex=0
  INFO root [2018-08-22 21:22:07,908] - TelnetServer server is running on port 33000
  INFO root [2018-08-22 21:22:08,244] - ---- interfaces is running ----
 DEBUG root [2018-08-22 21:22:08,245] - Components::process(): Request for the process of identity...
  INFO root [2018-08-22 21:22:15,403] - Components::process(): Found all the components!
S_INFO root [2018-08-22 21:23:27,103] - onRequestAccountLogin: registerName=1
S_INFO root [2018-08-22 21:23:38,204] - onRequestAccountLogin: registerName=2
S_INFO root [2018-08-22 21:23:51,603] - onRequestAccountLogin: registerName=2
S_INFO root [2018-08-22 21:24:35,904] - onRequestAccountLogin: registerName=1
S_INFO root [2018-08-22 21:25:06,704] - onRequestAccountLogin: registerName=1
S_INFO root [2018-08-22 21:25:24,804] - onRequestAccountLogin: registerName=2
S_INFO root [2018-08-22 21:26:35,405] - onRequestAccountLogin: registerName=1
S_INFO root [2018-08-22 21:27:16,605] - onRequestAccountLogin: registerName=2
S_INFO root [2018-08-22 21:33:33,508] - onRequestAccountLogin: registerName=1
S_INFO root [2018-08-22 21:44:26,312] - onRequestAccountLogin: registerName=2
S_INFO root [2018-08-22 21:47:29,515] - onRequestAccountLogin: registerName=2
S_INFO root [2018-08-22 21:49:50,114] - onRequestAccountLogin: registerName=2
  WARN root [2018-08-22 21:53:10,308] - TCPPacketReceiver::processPendingEvents(127.0.0.1:62086): Throwing REASON_GENERAL_NETWORK - WSAECONNRESET
  INFO root [2018-08-22 21:53:11,872] - 
  INFO root [2018-08-22 21:53:11,875] - -----------------------------------------------------------------------------------------


  INFO root [2018-08-22 21:53:11,876] - Resmgr::initialize: KBE_ROOT=E:/kbengine/
  INFO root [2018-08-22 21:53:11,876] - Resmgr::initialize: KBE_RES_PATH=E:/kbengine/kbe/res/;E:/kbengine/assets/;E:/kbengine/assets/scripts/;E:/kbengine/assets/res/
  INFO root [2018-08-22 21:53:11,876] - Resmgr::initialize: KBE_BIN_PATH=E:/kbengine/kbe/bin/server/
  INFO root [2018-08-22 21:53:11,886] - NetworkInterface::initialize(INTERNAL): bound to all interfaces with default route interface on 192.168.0.106 ( 192.168.0.106:30099 )
  INFO root [2018-08-22 21:53:11,886] - NetworkInterface::initialize(INTERNAL): address 192.168.0.106:30099, SOMAXCONN=5.
  INFO root [2018-08-22 21:53:11,892] - ---- interfaces Version: 2.0.0. ScriptVersion: 0.1.0. Protocol: A3D4913C83C4082A29723B2DA267A5B0. Config: Debug X86. Built: 15:52:41 Apr 29 2018. AppID: 3000. UID: 32348. PID: 19124 ----
  INFO root [2018-08-22 21:53:11,893] - Server : Intel(R) Xeon(R) CPU E3-1230 v3 @ 3.30GHz with 4194303kB RAM
  INFO root [2018-08-22 21:53:11,893] - ThreadPool::createThreadPool: creating  threadpool...
  INFO root [2018-08-22 21:53:11,894] - ThreadPool::createThreadPool: successfully(2), newThreadCount=1, normalMaxThreadCount=2, maxThreadCount=8
 DEBUG root [2018-08-22 21:53:12,039] - Script::install_py_dlls(): PyInit_pyexpat
 DEBUG root [2018-08-22 21:53:12,039] - Script::install_py_dlls(): PyInit__socket
 DEBUG root [2018-08-22 21:53:12,040] - Script::install_py_dlls(): PyInit__ssl
 DEBUG root [2018-08-22 21:53:12,045] - Script::install_py_dlls(): PyInit__hashlib
 DEBUG root [2018-08-22 21:53:12,045] - Script::install_py_dlls(): PyInit_select
 DEBUG root [2018-08-22 21:53:12,045] - Script::install_py_dlls(): PyInit__ctypes
 DEBUG root [2018-08-22 21:53:12,046] - Script::install_py_dlls(): PyInit__elementtree
 DEBUG root [2018-08-22 21:53:12,089] - Script::install_py_dlls(): PyInit_unicodedata
  INFO root [2018-08-22 21:53:12,119] - Script::install(): is successfully, Python=(3.4.2 (default, Apr 29 2018, 15:52:37) [MSC v.1913 32 bit (Intel)])!
  INFO root [2018-08-22 21:53:12,119] - Script::install(): KBExtra is successfully!
S_INFO root [2018-08-22 21:53:12,128] - onInterfaceAppReady: bootstrapGroupIndex=0, bootstrapGlobalIndex=0
  INFO root [2018-08-22 21:53:12,138] - TelnetServer server is running on port 33000
  INFO root [2018-08-22 21:53:12,491] - ---- interfaces is running ----
 DEBUG root [2018-08-22 21:53:12,491] - Components::process(): Request for the process of identity...
  INFO root [2018-08-22 21:53:19,682] - Components::process(): Found all the components!
S_INFO root [2018-08-22 21:53:42,130] - onRequestAccountLogin: registerName=1
S_INFO root [2018-08-22 21:53:53,729] - onRequestAccountLogin: registerName=2
S_INFO root [2018-08-22 21:54:06,829] - onRequestAccountLogin: registerName=2
S_INFO root [2018-08-22 21:54:28,729] - onRequestAccountLogin: registerName=1
S_INFO root [2018-08-22 21:54:53,730] - onRequestAccountLogin: registerName=2
S_INFO root [2018-08-22 21:55:26,531] - onRequestAccountLogin: registerName=1
S_INFO root [2018-08-22 21:55:52,430] - onRequestAccountLogin: registerName=1
S_INFO root [2018-08-22 21:58:07,731] - onRequestAccountLogin: registerName=1
  WARN root [2018-08-22 22:07:54,260] - TCPPacketReceiver::processPendingEvents(127.0.0.1:62369): Throwing REASON_GENERAL_NETWORK - WSAECONNRESET
  INFO root [2018-08-22 22:07:55,870] - 
  INFO root [2018-08-22 22:07:55,871] - -----------------------------------------------------------------------------------------


  INFO root [2018-08-22 22:07:55,872] - Resmgr::initialize: KBE_ROOT=E:/kbengine/
  INFO root [2018-08-22 22:07:55,872] - Resmgr::initialize: KBE_RES_PATH=E:/kbengine/kbe/res/;E:/kbengine/assets/;E:/kbengine/assets/scripts/;E:/kbengine/assets/res/
  INFO root [2018-08-22 22:07:55,872] - Resmgr::initialize: KBE_BIN_PATH=E:/kbengine/kbe/bin/server/
  INFO root [2018-08-22 22:07:55,880] - NetworkInterface::initialize(INTERNAL): bound to all interfaces with default route interface on 192.168.0.106 ( 192.168.0.106:30099 )
  INFO root [2018-08-22 22:07:55,881] - NetworkInterface::initialize(INTERNAL): address 192.168.0.106:30099, SOMAXCONN=5.
  INFO root [2018-08-22 22:07:55,885] - ---- interfaces Version: 2.0.0. ScriptVersion: 0.1.0. Protocol: A3D4913C83C4082A29723B2DA267A5B0. Config: Debug X86. Built: 15:52:41 Apr 29 2018. AppID: 3000. UID: 2464. PID: 18080 ----
  INFO root [2018-08-22 22:07:55,890] - Server : Intel(R) Xeon(R) CPU E3-1230 v3 @ 3.30GHz with 4194303kB RAM
  INFO root [2018-08-22 22:07:55,891] - ThreadPool::createThreadPool: creating  threadpool...
  INFO root [2018-08-22 22:07:55,891] - ThreadPool::createThreadPool: successfully(2), newThreadCount=1, normalMaxThreadCount=2, maxThreadCount=8
 DEBUG root [2018-08-22 22:07:56,023] - Script::install_py_dlls(): PyInit_pyexpat
 DEBUG root [2018-08-22 22:07:56,024] - Script::install_py_dlls(): PyInit__socket
 DEBUG root [2018-08-22 22:07:56,024] - Script::install_py_dlls(): PyInit__ssl
 DEBUG root [2018-08-22 22:07:56,027] - Script::install_py_dlls(): PyInit__hashlib
 DEBUG root [2018-08-22 22:07:56,027] - Script::install_py_dlls(): PyInit_select
 DEBUG root [2018-08-22 22:07:56,028] - Script::install_py_dlls(): PyInit__ctypes
 DEBUG root [2018-08-22 22:07:56,028] - Script::install_py_dlls(): PyInit__elementtree
 DEBUG root [2018-08-22 22:07:56,073] - Script::install_py_dlls(): PyInit_unicodedata
  INFO root [2018-08-22 22:07:56,106] - Script::install(): is successfully, Python=(3.4.2 (default, Apr 29 2018, 15:52:37) [MSC v.1913 32 bit (Intel)])!
  INFO root [2018-08-22 22:07:56,106] - Script::install(): KBExtra is successfully!
S_INFO root [2018-08-22 22:07:56,113] - onInterfaceAppReady: bootstrapGroupIndex=0, bootstrapGlobalIndex=0
  INFO root [2018-08-22 22:07:56,120] - TelnetServer server is running on port 33000
  INFO root [2018-08-22 22:07:56,454] - ---- interfaces is running ----
 DEBUG root [2018-08-22 22:07:56,454] - Components::process(): Request for the process of identity...
  INFO root [2018-08-22 22:08:03,614] - Components::process(): Found all the components!
S_INFO root [2018-08-22 22:08:25,314] - onRequestAccountLogin: registerName=1
S_INFO root [2018-08-22 22:08:35,814] - onRequestAccountLogin: registerName=2
S_INFO root [2018-08-22 22:08:45,915] - onRequestAccountLogin: registerName=2
S_INFO root [2018-08-22 22:09:25,615] - onRequestAccountLogin: registerName=1
S_INFO root [2018-08-22 22:10:09,615] - onRequestAccountLogin: registerName=2
S_INFO root [2018-08-22 22:10:31,115] - onRequestAccountLogin: registerName=1
S_INFO root [2018-08-22 22:11:02,715] - onRequestAccountLogin: registerName=2
S_INFO root [2018-08-22 22:12:01,216] - onRequestAccountLogin: registerName=2
S_INFO root [2018-08-22 22:12:20,316] - onRequestAccountLogin: registerName=1
S_INFO root [2018-08-22 22:13:47,117] - onRequestAccountLogin: registerName=2
S_INFO root [2018-08-22 22:14:01,818] - onRequestAccountLogin: registerName=1
S_INFO root [2018-08-22 22:14:20,417] - onRequestAccountLogin: registerName=2
S_INFO root [2018-08-22 22:14:36,117] - onRequestAccountLogin: registerName=1
S_INFO root [2018-08-22 22:14:54,217] - onRequestAccountLogin: registerName=2
S_INFO root [2018-08-22 22:15:12,117] - onRequestAccountLogin: registerName=1
S_INFO root [2018-08-22 22:15:35,517] - onRequestAccountLogin: registerName=2
S_INFO root [2018-08-22 22:15:51,017] - onRequestAccountLogin: registerName=1
S_INFO root [2018-08-22 22:16:09,217] - onRequestAccountLogin: registerName=1
S_INFO root [2018-08-22 22:16:16,717] - onRequestAccountLogin: registerName=2
S_INFO root [2018-08-22 22:17:05,118] - onRequestAccountLogin: registerName=2
S_INFO root [2018-08-22 22:18:10,918] - onRequestAccountLogin: registerName=1
S_INFO root [2018-08-22 22:18:32,518] - onRequestAccountLogin: registerName=2
S_INFO root [2018-08-22 22:18:49,418] - onRequestAccountLogin: registerName=1
S_INFO root [2018-08-22 22:19:02,719] - onRequestAccountLogin: registerName=2
S_INFO root [2018-08-22 22:19:18,019] - onRequestAccountLogin: registerName=1
S_INFO root [2018-08-22 22:19:30,618] - onRequestAccountLogin: registerName=2
S_INFO root [2018-08-22 22:19:46,818] - onRequestAccountLogin: registerName=1
S_INFO root [2018-08-22 22:20:00,919] - onRequestAccountLogin: registerName=2
S_INFO root [2018-08-22 22:20:18,819] - onRequestAccountLogin: registerName=1
  WARN root [2018-08-22 22:40:26,739] - TCPPacketReceiver::processPendingEvents(127.0.0.1:62531): Throwing REASON_GENERAL_NETWORK - WSAECONNRESET
