  INFO root [2018-10-22 23:54:05,773] - 
  INFO root [2018-10-22 23:54:05,808] - -----------------------------------------------------------------------------------------


  INFO root [2018-10-22 23:54:08,716] - Resmgr::initialize: KBE_ROOT=E:/kbengine/
  INFO root [2018-10-22 23:54:08,717] - Resmgr::initialize: KBE_RES_PATH=E:/kbengine/kbe/res/;E:/kbengine/assets/;E:/kbengine/assets/scripts/;E:/kbengine/assets/res/
  INFO root [2018-10-22 23:54:08,717] - Resmgr::initialize: KBE_BIN_PATH=E:/kbengine/kbe/bin/server/
  INFO root [2018-10-22 23:54:09,173] - NetworkInterface::initialize(INTERNAL): bound to all interfaces with default route interface on 192.168.0.107 ( 192.168.0.107:30099 )
  INFO root [2018-10-22 23:54:09,235] - NetworkInterface::initialize(INTERNAL): address 192.168.0.107:30099, SOMAXCONN=5.
  INFO root [2018-10-22 23:54:09,631] - ---- interfaces Version: 2.0.0. ScriptVersion: 0.1.0. Protocol: A3D4913C83C4082A29723B2DA267A5B0. Config: Debug X86. Built: 15:52:41 Apr 29 2018. AppID: 3000. UID: 30952. PID: 8536 ----
  INFO root [2018-10-22 23:54:09,632] - Server : Intel(R) Xeon(R) CPU E3-1230 v3 @ 3.30GHz with 4194303kB RAM
  INFO root [2018-10-22 23:54:09,711] - ThreadPool::createThreadPool: creating  threadpool...
  INFO root [2018-10-22 23:54:09,712] - ThreadPool::createThreadPool: successfully(2), newThreadCount=1, normalMaxThreadCount=2, maxThreadCount=8
 DEBUG root [2018-10-22 23:54:14,276] - Script::install_py_dlls(): PyInit_pyexpat
 DEBUG root [2018-10-22 23:54:14,439] - Script::install_py_dlls(): PyInit__socket
 DEBUG root [2018-10-22 23:54:14,521] - Script::install_py_dlls(): PyInit__ssl
 DEBUG root [2018-10-22 23:54:15,113] - Script::install_py_dlls(): PyInit__hashlib
 DEBUG root [2018-10-22 23:54:15,181] - Script::install_py_dlls(): PyInit_select
 DEBUG root [2018-10-22 23:54:15,201] - Script::install_py_dlls(): PyInit__ctypes
 DEBUG root [2018-10-22 23:54:15,329] - Script::install_py_dlls(): PyInit__elementtree
 DEBUG root [2018-10-22 23:54:15,970] - Script::install_py_dlls(): PyInit_unicodedata
  INFO root [2018-10-22 23:54:17,252] - Script::install(): is successfully, Python=(3.4.2 (default, Apr 29 2018, 15:52:37) [MSC v.1913 32 bit (Intel)])!
  INFO root [2018-10-22 23:54:17,253] - Script::install(): KBExtra is successfully!
S_INFO root [2018-10-22 23:54:17,488] - onInterfaceAppReady: bootstrapGroupIndex=0, bootstrapGlobalIndex=0
  INFO root [2018-10-22 23:54:17,685] - TelnetServer server is running on port 33000
  WARN root [2018-10-22 23:54:17,685] - e:\kbengine\kbe\src\server\tools\interfaces\interfaces.cpp:146: Profile scriptCall took 0.20 seconds
  INFO root [2018-10-22 23:54:18,227] - ---- interfaces is running ----
 DEBUG root [2018-10-22 23:54:18,331] - Components::process(): Request for the process of identity...
  INFO root [2018-10-22 23:54:25,688] - Components::process(): Found all the components!
  WARN root [2018-10-22 23:54:53,409] - TCPPacketReceiver::processPendingEvents(127.0.0.1:57618): Throwing REASON_GENERAL_NETWORK - WSAECONNRESET
  INFO root [2018-10-22 23:54:54,527] - 
  INFO root [2018-10-22 23:54:54,528] - -----------------------------------------------------------------------------------------


  INFO root [2018-10-22 23:54:54,529] - Resmgr::initialize: KBE_ROOT=E:/kbengine/
  INFO root [2018-10-22 23:54:54,529] - Resmgr::initialize: KBE_RES_PATH=E:/kbengine/kbe/res/;E:/kbengine/assets/;E:/kbengine/assets/scripts/;E:/kbengine/assets/res/
  INFO root [2018-10-22 23:54:54,529] - Resmgr::initialize: KBE_BIN_PATH=E:/kbengine/kbe/bin/server/
  INFO root [2018-10-22 23:54:54,541] - NetworkInterface::initialize(INTERNAL): bound to all interfaces with default route interface on 192.168.0.107 ( 192.168.0.107:30099 )
  INFO root [2018-10-22 23:54:54,541] - NetworkInterface::initialize(INTERNAL): address 192.168.0.107:30099, SOMAXCONN=5.
  INFO root [2018-10-22 23:54:54,547] - ---- interfaces Version: 2.0.0. ScriptVersion: 0.1.0. Protocol: A3D4913C83C4082A29723B2DA267A5B0. Config: Debug X86. Built: 15:52:41 Apr 29 2018. AppID: 3000. UID: 31138. PID: 3916 ----
  INFO root [2018-10-22 23:54:54,550] - Server : Intel(R) Xeon(R) CPU E3-1230 v3 @ 3.30GHz with 4194303kB RAM
  INFO root [2018-10-22 23:54:54,553] - ThreadPool::createThreadPool: creating  threadpool...
  INFO root [2018-10-22 23:54:54,554] - ThreadPool::createThreadPool: successfully(2), newThreadCount=1, normalMaxThreadCount=2, maxThreadCount=8
 DEBUG root [2018-10-22 23:54:54,685] - Script::install_py_dlls(): PyInit_pyexpat
 DEBUG root [2018-10-22 23:54:54,686] - Script::install_py_dlls(): PyInit__socket
 DEBUG root [2018-10-22 23:54:54,686] - Script::install_py_dlls(): PyInit__ssl
 DEBUG root [2018-10-22 23:54:54,690] - Script::install_py_dlls(): PyInit__hashlib
 DEBUG root [2018-10-22 23:54:54,690] - Script::install_py_dlls(): PyInit_select
 DEBUG root [2018-10-22 23:54:54,690] - Script::install_py_dlls(): PyInit__ctypes
 DEBUG root [2018-10-22 23:54:54,691] - Script::install_py_dlls(): PyInit__elementtree
 DEBUG root [2018-10-22 23:54:54,726] - Script::install_py_dlls(): PyInit_unicodedata
  INFO root [2018-10-22 23:54:54,758] - Script::install(): is successfully, Python=(3.4.2 (default, Apr 29 2018, 15:52:37) [MSC v.1913 32 bit (Intel)])!
  INFO root [2018-10-22 23:54:54,758] - Script::install(): KBExtra is successfully!
S_INFO root [2018-10-22 23:54:54,767] - onInterfaceAppReady: bootstrapGroupIndex=0, bootstrapGlobalIndex=0
  INFO root [2018-10-22 23:54:54,774] - TelnetServer server is running on port 33000
  INFO root [2018-10-22 23:54:55,056] - ---- interfaces is running ----
 DEBUG root [2018-10-22 23:54:55,057] - Components::process(): Request for the process of identity...
  INFO root [2018-10-22 23:55:02,267] - Components::process(): Found all the components!
  WARN root [2018-10-22 23:59:49,978] - TCPPacketReceiver::processPendingEvents(127.0.0.1:57652): Throwing REASON_GENERAL_NETWORK - WSAECONNRESET
  INFO root [2018-10-22 23:59:51,143] - 
  INFO root [2018-10-22 23:59:51,144] - -----------------------------------------------------------------------------------------


  INFO root [2018-10-22 23:59:51,145] - Resmgr::initialize: KBE_ROOT=E:/kbengine/
  INFO root [2018-10-22 23:59:51,145] - Resmgr::initialize: KBE_RES_PATH=E:/kbengine/kbe/res/;E:/kbengine/assets/;E:/kbengine/assets/scripts/;E:/kbengine/assets/res/
  INFO root [2018-10-22 23:59:51,145] - Resmgr::initialize: KBE_BIN_PATH=E:/kbengine/kbe/bin/server/
  INFO root [2018-10-22 23:59:51,150] - NetworkInterface::initialize(INTERNAL): bound to all interfaces with default route interface on 192.168.0.107 ( 192.168.0.107:30099 )
  INFO root [2018-10-22 23:59:51,150] - NetworkInterface::initialize(INTERNAL): address 192.168.0.107:30099, SOMAXCONN=5.
  INFO root [2018-10-22 23:59:51,154] - ---- interfaces Version: 2.0.0. ScriptVersion: 0.1.0. Protocol: A3D4913C83C4082A29723B2DA267A5B0. Config: Debug X86. Built: 15:52:41 Apr 29 2018. AppID: 3000. UID: 32104. PID: 9428 ----
  INFO root [2018-10-22 23:59:51,154] - Server : Intel(R) Xeon(R) CPU E3-1230 v3 @ 3.30GHz with 4194303kB RAM
  INFO root [2018-10-22 23:59:51,155] - ThreadPool::createThreadPool: creating  threadpool...
  INFO root [2018-10-22 23:59:51,155] - ThreadPool::createThreadPool: successfully(2), newThreadCount=1, normalMaxThreadCount=2, maxThreadCount=8
 DEBUG root [2018-10-22 23:59:51,291] - Script::install_py_dlls(): PyInit_pyexpat
 DEBUG root [2018-10-22 23:59:51,292] - Script::install_py_dlls(): PyInit__socket
 DEBUG root [2018-10-22 23:59:51,293] - Script::install_py_dlls(): PyInit__ssl
 DEBUG root [2018-10-22 23:59:51,297] - Script::install_py_dlls(): PyInit__hashlib
 DEBUG root [2018-10-22 23:59:51,297] - Script::install_py_dlls(): PyInit_select
 DEBUG root [2018-10-22 23:59:51,298] - Script::install_py_dlls(): PyInit__ctypes
 DEBUG root [2018-10-22 23:59:51,298] - Script::install_py_dlls(): PyInit__elementtree
 DEBUG root [2018-10-22 23:59:51,332] - Script::install_py_dlls(): PyInit_unicodedata
  INFO root [2018-10-22 23:59:51,365] - Script::install(): is successfully, Python=(3.4.2 (default, Apr 29 2018, 15:52:37) [MSC v.1913 32 bit (Intel)])!
  INFO root [2018-10-22 23:59:51,365] - Script::install(): KBExtra is successfully!
S_INFO root [2018-10-22 23:59:51,372] - onInterfaceAppReady: bootstrapGroupIndex=0, bootstrapGlobalIndex=0
  INFO root [2018-10-22 23:59:51,379] - TelnetServer server is running on port 33000
  INFO root [2018-10-22 23:59:51,675] - ---- interfaces is running ----
 DEBUG root [2018-10-22 23:59:51,675] - Components::process(): Request for the process of identity...
  INFO root [2018-10-22 23:59:58,846] - Components::process(): Found all the components!
