  INFO root [2018-07-08 11:25:34,891] - 
  INFO root [2018-07-08 11:25:34,974] - -----------------------------------------------------------------------------------------


  INFO root [2018-07-08 11:25:37,117] - Resmgr::initialize: KBE_ROOT=E:/kbengine/
  INFO root [2018-07-08 11:25:37,118] - Resmgr::initialize: KBE_RES_PATH=E:/kbengine/kbe/res/;E:/kbengine/assets/;E:/kbengine/assets/scripts/;E:/kbengine/assets/res/
  INFO root [2018-07-08 11:25:37,118] - Resmgr::initialize: KBE_BIN_PATH=E:/kbengine/kbe/bin/server/
  INFO root [2018-07-08 11:25:37,906] - NetworkInterface::initialize(INTERNAL): bound to all interfaces with default route interface on 192.168.0.106 ( 192.168.0.106:30099 )
  INFO root [2018-07-08 11:25:38,052] - NetworkInterface::initialize(INTERNAL): address 192.168.0.106:30099, SOMAXCONN=5.
  INFO root [2018-07-08 11:25:38,327] - ---- interfaces Version: 2.0.0. ScriptVersion: 0.1.0. Protocol: A3D4913C83C4082A29723B2DA267A5B0. Config: Debug X86. Built: 15:52:41 Apr 29 2018. AppID: 3000. UID: 25037. PID: 6992 ----
  INFO root [2018-07-08 11:25:38,328] - Server : Intel(R) Xeon(R) CPU E3-1230 v3 @ 3.30GHz with 4194303kB RAM
  INFO root [2018-07-08 11:25:38,536] - ThreadPool::createThreadPool: creating  threadpool...
  INFO root [2018-07-08 11:25:38,537] - ThreadPool::createThreadPool: successfully(2), newThreadCount=1, normalMaxThreadCount=2, maxThreadCount=8
 DEBUG root [2018-07-08 11:25:47,968] - Script::install_py_dlls(): PyInit_pyexpat
 DEBUG root [2018-07-08 11:25:48,481] - Script::install_py_dlls(): PyInit__socket
 DEBUG root [2018-07-08 11:25:48,720] - Script::install_py_dlls(): PyInit__ssl
 DEBUG root [2018-07-08 11:25:49,625] - Script::install_py_dlls(): PyInit__hashlib
 DEBUG root [2018-07-08 11:25:49,797] - Script::install_py_dlls(): PyInit_select
 DEBUG root [2018-07-08 11:25:49,817] - Script::install_py_dlls(): PyInit__ctypes
 DEBUG root [2018-07-08 11:25:50,153] - Script::install_py_dlls(): PyInit__elementtree
 DEBUG root [2018-07-08 11:25:51,544] - Script::install_py_dlls(): PyInit_unicodedata
  INFO root [2018-07-08 11:25:53,535] - Script::install(): is successfully, Python=(3.4.2 (default, Apr 29 2018, 15:52:37) [MSC v.1913 32 bit (Intel)])!
  INFO root [2018-07-08 11:25:53,535] - Script::install(): KBExtra is successfully!
S_INFO root [2018-07-08 11:25:53,796] - onInterfaceAppReady: bootstrapGroupIndex=0, bootstrapGlobalIndex=0
  INFO root [2018-07-08 11:25:54,643] - TelnetServer server is running on port 33000
  WARN root [2018-07-08 11:25:54,644] - e:\kbengine\kbe\src\server\tools\interfaces\interfaces.cpp:146: Profile scriptCall took 0.85 seconds
  INFO root [2018-07-08 11:25:55,572] - ---- interfaces is running ----
 DEBUG root [2018-07-08 11:25:55,605] - Components::process(): Request for the process of identity...
  WARN root [2018-07-08 11:26:02,395] - e:\kbengine\kbe\src\lib\network\event_dispatcher.cpp:153: Profile callSystemTimers took 0.18 seconds
  INFO root [2018-07-08 11:26:03,497] - Components::process(): Found all the components!
S_INFO root [2018-07-08 11:29:10,717] - onRequestAccountLogin: registerName=1
S_INFO root [2018-07-08 11:29:28,797] - onRequestAccountLogin: registerName=2
S_INFO root [2018-07-08 12:03:40,405] - onRequestAccountLogin: registerName=1
S_INFO root [2018-07-08 12:06:07,605] - onRequestAccountLogin: registerName=1
S_INFO root [2018-07-08 12:06:15,205] - onRequestAccountLogin: registerName=2
S_INFO root [2018-07-08 12:06:29,805] - onRequestAccountLogin: registerName=1
  WARN root [2018-07-08 13:28:01,199] - TCPPacketReceiver::processPendingEvents(127.0.0.1:50044): Throwing REASON_GENERAL_NETWORK - WSAECONNRESET
  INFO root [2018-07-08 13:28:05,541] - 
  INFO root [2018-07-08 13:28:05,541] - -----------------------------------------------------------------------------------------


  INFO root [2018-07-08 13:28:05,542] - Resmgr::initialize: KBE_ROOT=E:/kbengine/
  INFO root [2018-07-08 13:28:05,542] - Resmgr::initialize: KBE_RES_PATH=E:/kbengine/kbe/res/;E:/kbengine/assets/;E:/kbengine/assets/scripts/;E:/kbengine/assets/res/
  INFO root [2018-07-08 13:28:05,542] - Resmgr::initialize: KBE_BIN_PATH=E:/kbengine/kbe/bin/server/
  INFO root [2018-07-08 13:28:05,545] - NetworkInterface::initialize(INTERNAL): bound to all interfaces with default route interface on 192.168.0.106 ( 192.168.0.106:30099 )
  INFO root [2018-07-08 13:28:05,545] - NetworkInterface::initialize(INTERNAL): address 192.168.0.106:30099, SOMAXCONN=5.
  INFO root [2018-07-08 13:28:05,549] - ---- interfaces Version: 2.0.0. ScriptVersion: 0.1.0. Protocol: A3D4913C83C4082A29723B2DA267A5B0. Config: Debug X86. Built: 15:52:41 Apr 29 2018. AppID: 3000. UID: 16330. PID: 7072 ----
  INFO root [2018-07-08 13:28:05,550] - Server : Intel(R) Xeon(R) CPU E3-1230 v3 @ 3.30GHz with 4194303kB RAM
  INFO root [2018-07-08 13:28:05,550] - ThreadPool::createThreadPool: creating  threadpool...
  INFO root [2018-07-08 13:28:05,550] - ThreadPool::createThreadPool: successfully(2), newThreadCount=1, normalMaxThreadCount=2, maxThreadCount=8
 DEBUG root [2018-07-08 13:28:05,678] - Script::install_py_dlls(): PyInit_pyexpat
 DEBUG root [2018-07-08 13:28:05,678] - Script::install_py_dlls(): PyInit__socket
 DEBUG root [2018-07-08 13:28:05,679] - Script::install_py_dlls(): PyInit__ssl
 DEBUG root [2018-07-08 13:28:05,682] - Script::install_py_dlls(): PyInit__hashlib
 DEBUG root [2018-07-08 13:28:05,682] - Script::install_py_dlls(): PyInit_select
 DEBUG root [2018-07-08 13:28:05,682] - Script::install_py_dlls(): PyInit__ctypes
 DEBUG root [2018-07-08 13:28:05,683] - Script::install_py_dlls(): PyInit__elementtree
 DEBUG root [2018-07-08 13:28:05,725] - Script::install_py_dlls(): PyInit_unicodedata
  INFO root [2018-07-08 13:28:05,755] - Script::install(): is successfully, Python=(3.4.2 (default, Apr 29 2018, 15:52:37) [MSC v.1913 32 bit (Intel)])!
  INFO root [2018-07-08 13:28:05,756] - Script::install(): KBExtra is successfully!
S_INFO root [2018-07-08 13:28:05,763] - onInterfaceAppReady: bootstrapGroupIndex=0, bootstrapGlobalIndex=0
  INFO root [2018-07-08 13:28:05,770] - TelnetServer server is running on port 33000
  INFO root [2018-07-08 13:28:06,076] - ---- interfaces is running ----
 DEBUG root [2018-07-08 13:28:06,076] - Components::process(): Request for the process of identity...
  INFO root [2018-07-08 13:28:13,264] - Components::process(): Found all the components!
  WARN root [2018-07-08 13:28:23,168] - TCPPacketReceiver::processPendingEvents(127.0.0.1:51170): Throwing REASON_GENERAL_NETWORK - WSAECONNRESET
  INFO root [2018-07-08 13:28:24,357] - 
  INFO root [2018-07-08 13:28:24,357] - -----------------------------------------------------------------------------------------


  INFO root [2018-07-08 13:28:24,358] - Resmgr::initialize: KBE_ROOT=E:/kbengine/
  INFO root [2018-07-08 13:28:24,358] - Resmgr::initialize: KBE_RES_PATH=E:/kbengine/kbe/res/;E:/kbengine/assets/;E:/kbengine/assets/scripts/;E:/kbengine/assets/res/
  INFO root [2018-07-08 13:28:24,358] - Resmgr::initialize: KBE_BIN_PATH=E:/kbengine/kbe/bin/server/
  INFO root [2018-07-08 13:28:24,363] - NetworkInterface::initialize(INTERNAL): bound to all interfaces with default route interface on 192.168.0.106 ( 192.168.0.106:30099 )
  INFO root [2018-07-08 13:28:24,363] - NetworkInterface::initialize(INTERNAL): address 192.168.0.106:30099, SOMAXCONN=5.
  INFO root [2018-07-08 13:28:24,367] - ---- interfaces Version: 2.0.0. ScriptVersion: 0.1.0. Protocol: A3D4913C83C4082A29723B2DA267A5B0. Config: Debug X86. Built: 15:52:41 Apr 29 2018. AppID: 3000. UID: 16389. PID: 7068 ----
  INFO root [2018-07-08 13:28:24,367] - Server : Intel(R) Xeon(R) CPU E3-1230 v3 @ 3.30GHz with 4194303kB RAM
  INFO root [2018-07-08 13:28:24,368] - ThreadPool::createThreadPool: creating  threadpool...
  INFO root [2018-07-08 13:28:24,368] - ThreadPool::createThreadPool: successfully(2), newThreadCount=1, normalMaxThreadCount=2, maxThreadCount=8
 DEBUG root [2018-07-08 13:28:24,498] - Script::install_py_dlls(): PyInit_pyexpat
 DEBUG root [2018-07-08 13:28:24,499] - Script::install_py_dlls(): PyInit__socket
 DEBUG root [2018-07-08 13:28:24,499] - Script::install_py_dlls(): PyInit__ssl
 DEBUG root [2018-07-08 13:28:24,504] - Script::install_py_dlls(): PyInit__hashlib
 DEBUG root [2018-07-08 13:28:24,504] - Script::install_py_dlls(): PyInit_select
 DEBUG root [2018-07-08 13:28:24,504] - Script::install_py_dlls(): PyInit__ctypes
 DEBUG root [2018-07-08 13:28:24,505] - Script::install_py_dlls(): PyInit__elementtree
 DEBUG root [2018-07-08 13:28:24,542] - Script::install_py_dlls(): PyInit_unicodedata
  INFO root [2018-07-08 13:28:24,579] - Script::install(): is successfully, Python=(3.4.2 (default, Apr 29 2018, 15:52:37) [MSC v.1913 32 bit (Intel)])!
  INFO root [2018-07-08 13:28:24,579] - Script::install(): KBExtra is successfully!
S_INFO root [2018-07-08 13:28:24,587] - onInterfaceAppReady: bootstrapGroupIndex=0, bootstrapGlobalIndex=0
  INFO root [2018-07-08 13:28:24,595] - TelnetServer server is running on port 33000
  INFO root [2018-07-08 13:28:24,873] - ---- interfaces is running ----
 DEBUG root [2018-07-08 13:28:24,873] - Components::process(): Request for the process of identity...
  INFO root [2018-07-08 13:28:32,060] - Components::process(): Found all the components!
S_INFO root [2018-07-08 13:29:00,888] - onRequestAccountLogin: registerName=1
S_INFO root [2018-07-08 13:30:09,488] - onRequestAccountLogin: registerName=1
  WARN root [2018-07-08 13:32:28,128] - TCPPacketReceiver::processPendingEvents(127.0.0.1:51208): Throwing REASON_GENERAL_NETWORK - WSAECONNRESET
  INFO root [2018-07-08 13:32:29,282] - 
  INFO root [2018-07-08 13:32:29,282] - -----------------------------------------------------------------------------------------


  INFO root [2018-07-08 13:32:29,283] - Resmgr::initialize: KBE_ROOT=E:/kbengine/
  INFO root [2018-07-08 13:32:29,283] - Resmgr::initialize: KBE_RES_PATH=E:/kbengine/kbe/res/;E:/kbengine/assets/;E:/kbengine/assets/scripts/;E:/kbengine/assets/res/
  INFO root [2018-07-08 13:32:29,283] - Resmgr::initialize: KBE_BIN_PATH=E:/kbengine/kbe/bin/server/
  INFO root [2018-07-08 13:32:29,299] - NetworkInterface::initialize(INTERNAL): bound to all interfaces with default route interface on 192.168.0.106 ( 192.168.0.106:30099 )
  INFO root [2018-07-08 13:32:29,299] - NetworkInterface::initialize(INTERNAL): address 192.168.0.106:30099, SOMAXCONN=5.
  INFO root [2018-07-08 13:32:29,304] - ---- interfaces Version: 2.0.0. ScriptVersion: 0.1.0. Protocol: A3D4913C83C4082A29723B2DA267A5B0. Config: Debug X86. Built: 15:52:41 Apr 29 2018. AppID: 3000. UID: 17189. PID: 11312 ----
  INFO root [2018-07-08 13:32:29,305] - Server : Intel(R) Xeon(R) CPU E3-1230 v3 @ 3.30GHz with 4194303kB RAM
  INFO root [2018-07-08 13:32:29,305] - ThreadPool::createThreadPool: creating  threadpool...
  INFO root [2018-07-08 13:32:29,305] - ThreadPool::createThreadPool: successfully(2), newThreadCount=1, normalMaxThreadCount=2, maxThreadCount=8
 DEBUG root [2018-07-08 13:32:29,430] - Script::install_py_dlls(): PyInit_pyexpat
 DEBUG root [2018-07-08 13:32:29,431] - Script::install_py_dlls(): PyInit__socket
 DEBUG root [2018-07-08 13:32:29,431] - Script::install_py_dlls(): PyInit__ssl
 DEBUG root [2018-07-08 13:32:29,434] - Script::install_py_dlls(): PyInit__hashlib
 DEBUG root [2018-07-08 13:32:29,435] - Script::install_py_dlls(): PyInit_select
 DEBUG root [2018-07-08 13:32:29,435] - Script::install_py_dlls(): PyInit__ctypes
 DEBUG root [2018-07-08 13:32:29,435] - Script::install_py_dlls(): PyInit__elementtree
 DEBUG root [2018-07-08 13:32:29,463] - Script::install_py_dlls(): PyInit_unicodedata
  INFO root [2018-07-08 13:32:29,501] - Script::install(): is successfully, Python=(3.4.2 (default, Apr 29 2018, 15:52:37) [MSC v.1913 32 bit (Intel)])!
  INFO root [2018-07-08 13:32:29,501] - Script::install(): KBExtra is successfully!
S_INFO root [2018-07-08 13:32:29,510] - onInterfaceAppReady: bootstrapGroupIndex=0, bootstrapGlobalIndex=0
  INFO root [2018-07-08 13:32:29,517] - TelnetServer server is running on port 33000
  INFO root [2018-07-08 13:32:29,807] - ---- interfaces is running ----
 DEBUG root [2018-07-08 13:32:29,807] - Components::process(): Request for the process of identity...
  INFO root [2018-07-08 13:32:36,986] - Components::process(): Found all the components!
S_INFO root [2018-07-08 13:33:02,111] - onRequestAccountLogin: registerName=1
  WARN root [2018-07-08 13:34:51,689] - TCPPacketReceiver::processPendingEvents(127.0.0.1:51266): Throwing REASON_GENERAL_NETWORK - WSAECONNRESET
  INFO root [2018-07-08 13:34:52,896] - 
  INFO root [2018-07-08 13:34:52,896] - -----------------------------------------------------------------------------------------


  INFO root [2018-07-08 13:34:52,897] - Resmgr::initialize: KBE_ROOT=E:/kbengine/
  INFO root [2018-07-08 13:34:52,897] - Resmgr::initialize: KBE_RES_PATH=E:/kbengine/kbe/res/;E:/kbengine/assets/;E:/kbengine/assets/scripts/;E:/kbengine/assets/res/
  INFO root [2018-07-08 13:34:52,897] - Resmgr::initialize: KBE_BIN_PATH=E:/kbengine/kbe/bin/server/
  INFO root [2018-07-08 13:34:52,899] - NetworkInterface::initialize(INTERNAL): bound to all interfaces with default route interface on 192.168.0.106 ( 192.168.0.106:30099 )
  INFO root [2018-07-08 13:34:52,900] - NetworkInterface::initialize(INTERNAL): address 192.168.0.106:30099, SOMAXCONN=5.
  INFO root [2018-07-08 13:34:52,906] - ---- interfaces Version: 2.0.0. ScriptVersion: 0.1.0. Protocol: A3D4913C83C4082A29723B2DA267A5B0. Config: Debug X86. Built: 15:52:41 Apr 29 2018. AppID: 3000. UID: 17659. PID: 13832 ----
  INFO root [2018-07-08 13:34:52,906] - Server : Intel(R) Xeon(R) CPU E3-1230 v3 @ 3.30GHz with 4194303kB RAM
  INFO root [2018-07-08 13:34:52,906] - ThreadPool::createThreadPool: creating  threadpool...
  INFO root [2018-07-08 13:34:52,907] - ThreadPool::createThreadPool: successfully(2), newThreadCount=1, normalMaxThreadCount=2, maxThreadCount=8
 DEBUG root [2018-07-08 13:34:53,042] - Script::install_py_dlls(): PyInit_pyexpat
 DEBUG root [2018-07-08 13:34:53,042] - Script::install_py_dlls(): PyInit__socket
 DEBUG root [2018-07-08 13:34:53,042] - Script::install_py_dlls(): PyInit__ssl
 DEBUG root [2018-07-08 13:34:53,047] - Script::install_py_dlls(): PyInit__hashlib
 DEBUG root [2018-07-08 13:34:53,047] - Script::install_py_dlls(): PyInit_select
 DEBUG root [2018-07-08 13:34:53,047] - Script::install_py_dlls(): PyInit__ctypes
 DEBUG root [2018-07-08 13:34:53,048] - Script::install_py_dlls(): PyInit__elementtree
 DEBUG root [2018-07-08 13:34:53,089] - Script::install_py_dlls(): PyInit_unicodedata
  INFO root [2018-07-08 13:34:53,124] - Script::install(): is successfully, Python=(3.4.2 (default, Apr 29 2018, 15:52:37) [MSC v.1913 32 bit (Intel)])!
  INFO root [2018-07-08 13:34:53,124] - Script::install(): KBExtra is successfully!
S_INFO root [2018-07-08 13:34:53,132] - onInterfaceAppReady: bootstrapGroupIndex=0, bootstrapGlobalIndex=0
  INFO root [2018-07-08 13:34:53,140] - TelnetServer server is running on port 33000
  INFO root [2018-07-08 13:34:53,452] - ---- interfaces is running ----
 DEBUG root [2018-07-08 13:34:53,453] - Components::process(): Request for the process of identity...
  INFO root [2018-07-08 13:35:00,598] - Components::process(): Found all the components!
S_INFO root [2018-07-08 13:35:23,432] - onRequestAccountLogin: registerName=1
S_INFO root [2018-07-08 13:37:47,034] - onRequestAccountLogin: registerName=1
S_INFO root [2018-07-08 13:40:59,135] - onRequestAccountLogin: registerName=1
S_INFO root [2018-07-08 13:42:10,235] - onRequestAccountLogin: registerName=1
S_INFO root [2018-07-08 13:43:21,935] - onRequestAccountLogin: registerName=1
S_INFO root [2018-07-08 13:44:04,835] - onRequestAccountLogin: registerName=1
S_INFO root [2018-07-08 13:44:10,034] - onRequestAccountLogin: registerName=2
