  INFO root [2018-10-31 22:24:47,452] - 
  INFO root [2018-10-31 22:24:47,590] - -----------------------------------------------------------------------------------------


  INFO root [2018-10-31 22:24:49,965] - Resmgr::initialize: KBE_ROOT=E:/kbengine/
  INFO root [2018-10-31 22:24:49,967] - Resmgr::initialize: KBE_RES_PATH=E:/kbengine/kbe/res/;E:/kbengine/assets/;E:/kbengine/assets/scripts/;E:/kbengine/assets/res/
  INFO root [2018-10-31 22:24:49,967] - Resmgr::initialize: KBE_BIN_PATH=E:/kbengine/kbe/bin/server/
  INFO root [2018-10-31 22:24:50,863] - NetworkInterface::initialize(INTERNAL): bound to all interfaces with default route interface on 192.168.0.107 ( 192.168.0.107:30099 )
  INFO root [2018-10-31 22:24:50,917] - NetworkInterface::initialize(INTERNAL): address 192.168.0.107:30099, SOMAXCONN=5.
  INFO root [2018-10-31 22:24:51,361] - ---- interfaces Version: 2.0.0. ScriptVersion: 0.1.0. Protocol: A3D4913C83C4082A29723B2DA267A5B0. Config: Debug X86. Built: 15:52:41 Apr 29 2018. AppID: 3000. UID: 29613. PID: 5528 ----
  INFO root [2018-10-31 22:24:51,362] - Server : Intel(R) Xeon(R) CPU E3-1230 v3 @ 3.30GHz with 4194303kB RAM
  INFO root [2018-10-31 22:24:51,501] - ThreadPool::createThreadPool: creating  threadpool...
  INFO root [2018-10-31 22:24:51,502] - ThreadPool::createThreadPool: successfully(2), newThreadCount=1, normalMaxThreadCount=2, maxThreadCount=8
 DEBUG root [2018-10-31 22:24:57,382] - Script::install_py_dlls(): PyInit_pyexpat
 DEBUG root [2018-10-31 22:24:58,020] - Script::install_py_dlls(): PyInit__socket
 DEBUG root [2018-10-31 22:24:58,393] - Script::install_py_dlls(): PyInit__ssl
 DEBUG root [2018-10-31 22:24:59,681] - Script::install_py_dlls(): PyInit__hashlib
 DEBUG root [2018-10-31 22:25:00,003] - Script::install_py_dlls(): PyInit_select
 DEBUG root [2018-10-31 22:25:00,031] - Script::install_py_dlls(): PyInit__ctypes
 DEBUG root [2018-10-31 22:25:00,127] - Script::install_py_dlls(): PyInit__elementtree
 DEBUG root [2018-10-31 22:25:01,159] - Script::install_py_dlls(): PyInit_unicodedata
  INFO root [2018-10-31 22:25:04,626] - Script::install(): is successfully, Python=(3.4.2 (default, Apr 29 2018, 15:52:37) [MSC v.1913 32 bit (Intel)])!
  INFO root [2018-10-31 22:25:04,627] - Script::install(): KBExtra is successfully!
S_INFO root [2018-10-31 22:25:05,687] - onInterfaceAppReady: bootstrapGroupIndex=0, bootstrapGlobalIndex=0
  INFO root [2018-10-31 22:25:05,975] - TelnetServer server is running on port 33000
  WARN root [2018-10-31 22:25:05,976] - e:\kbengine\kbe\src\server\tools\interfaces\interfaces.cpp:146: Profile scriptCall took 0.29 seconds
  INFO root [2018-10-31 22:25:06,891] - ---- interfaces is running ----
 DEBUG root [2018-10-31 22:25:07,005] - Components::process(): Request for the process of identity...
  WARN root [2018-10-31 22:25:14,008] - e:\kbengine\kbe\src\lib\network\event_dispatcher.cpp:153: Profile callSystemTimers took 0.33 seconds
  INFO root [2018-10-31 22:25:15,224] - Components::process(): Found all the components!
  WARN root [2018-10-31 22:30:03,281] - TCPPacketReceiver::processPendingEvents(127.0.0.1:65295): Throwing REASON_GENERAL_NETWORK - WSAECONNRESET
  INFO root [2018-10-31 22:30:04,543] - 
  INFO root [2018-10-31 22:30:04,543] - -----------------------------------------------------------------------------------------


  INFO root [2018-10-31 22:30:04,544] - Resmgr::initialize: KBE_ROOT=E:/kbengine/
  INFO root [2018-10-31 22:30:04,544] - Resmgr::initialize: KBE_RES_PATH=E:/kbengine/kbe/res/;E:/kbengine/assets/;E:/kbengine/assets/scripts/;E:/kbengine/assets/res/
  INFO root [2018-10-31 22:30:04,544] - Resmgr::initialize: KBE_BIN_PATH=E:/kbengine/kbe/bin/server/
  INFO root [2018-10-31 22:30:04,548] - NetworkInterface::initialize(INTERNAL): bound to all interfaces with default route interface on 192.168.0.107 ( 192.168.0.107:30099 )
  INFO root [2018-10-31 22:30:04,549] - NetworkInterface::initialize(INTERNAL): address 192.168.0.107:30099, SOMAXCONN=5.
  INFO root [2018-10-31 22:30:04,552] - ---- interfaces Version: 2.0.0. ScriptVersion: 0.1.0. Protocol: A3D4913C83C4082A29723B2DA267A5B0. Config: Debug X86. Built: 15:52:41 Apr 29 2018. AppID: 3000. UID: 30694. PID: 11064 ----
  INFO root [2018-10-31 22:30:04,553] - Server : Intel(R) Xeon(R) CPU E3-1230 v3 @ 3.30GHz with 4194303kB RAM
  INFO root [2018-10-31 22:30:04,554] - ThreadPool::createThreadPool: creating  threadpool...
  INFO root [2018-10-31 22:30:04,554] - ThreadPool::createThreadPool: successfully(2), newThreadCount=1, normalMaxThreadCount=2, maxThreadCount=8
 DEBUG root [2018-10-31 22:30:04,684] - Script::install_py_dlls(): PyInit_pyexpat
 DEBUG root [2018-10-31 22:30:04,685] - Script::install_py_dlls(): PyInit__socket
 DEBUG root [2018-10-31 22:30:04,685] - Script::install_py_dlls(): PyInit__ssl
 DEBUG root [2018-10-31 22:30:04,688] - Script::install_py_dlls(): PyInit__hashlib
 DEBUG root [2018-10-31 22:30:04,689] - Script::install_py_dlls(): PyInit_select
 DEBUG root [2018-10-31 22:30:04,689] - Script::install_py_dlls(): PyInit__ctypes
 DEBUG root [2018-10-31 22:30:04,689] - Script::install_py_dlls(): PyInit__elementtree
 DEBUG root [2018-10-31 22:30:04,729] - Script::install_py_dlls(): PyInit_unicodedata
  INFO root [2018-10-31 22:30:04,768] - Script::install(): is successfully, Python=(3.4.2 (default, Apr 29 2018, 15:52:37) [MSC v.1913 32 bit (Intel)])!
  INFO root [2018-10-31 22:30:04,768] - Script::install(): KBExtra is successfully!
S_INFO root [2018-10-31 22:30:04,776] - onInterfaceAppReady: bootstrapGroupIndex=0, bootstrapGlobalIndex=0
  INFO root [2018-10-31 22:30:04,782] - TelnetServer server is running on port 33000
  INFO root [2018-10-31 22:30:05,075] - ---- interfaces is running ----
 DEBUG root [2018-10-31 22:30:05,076] - Components::process(): Request for the process of identity...
  INFO root [2018-10-31 22:30:12,276] - Components::process(): Found all the components!
  WARN root [2018-10-31 22:33:32,782] - TCPPacketReceiver::processPendingEvents(127.0.0.1:65435): Throwing REASON_GENERAL_NETWORK - WSAECONNRESET
  INFO root [2018-10-31 22:33:33,988] - 
  INFO root [2018-10-31 22:33:33,991] - -----------------------------------------------------------------------------------------


  INFO root [2018-10-31 22:33:33,991] - Resmgr::initialize: KBE_ROOT=E:/kbengine/
  INFO root [2018-10-31 22:33:33,991] - Resmgr::initialize: KBE_RES_PATH=E:/kbengine/kbe/res/;E:/kbengine/assets/;E:/kbengine/assets/scripts/;E:/kbengine/assets/res/
  INFO root [2018-10-31 22:33:33,991] - Resmgr::initialize: KBE_BIN_PATH=E:/kbengine/kbe/bin/server/
  INFO root [2018-10-31 22:33:33,996] - NetworkInterface::initialize(INTERNAL): bound to all interfaces with default route interface on 192.168.0.107 ( 192.168.0.107:30099 )
  INFO root [2018-10-31 22:33:33,996] - NetworkInterface::initialize(INTERNAL): address 192.168.0.107:30099, SOMAXCONN=5.
  INFO root [2018-10-31 22:33:34,000] - ---- interfaces Version: 2.0.0. ScriptVersion: 0.1.0. Protocol: A3D4913C83C4082A29723B2DA267A5B0. Config: Debug X86. Built: 15:52:41 Apr 29 2018. AppID: 3000. UID: 31377. PID: 5212 ----
  INFO root [2018-10-31 22:33:34,000] - Server : Intel(R) Xeon(R) CPU E3-1230 v3 @ 3.30GHz with 4194303kB RAM
  INFO root [2018-10-31 22:33:34,001] - ThreadPool::createThreadPool: creating  threadpool...
  INFO root [2018-10-31 22:33:34,001] - ThreadPool::createThreadPool: successfully(2), newThreadCount=1, normalMaxThreadCount=2, maxThreadCount=8
 DEBUG root [2018-10-31 22:33:34,127] - Script::install_py_dlls(): PyInit_pyexpat
 DEBUG root [2018-10-31 22:33:34,128] - Script::install_py_dlls(): PyInit__socket
 DEBUG root [2018-10-31 22:33:34,128] - Script::install_py_dlls(): PyInit__ssl
 DEBUG root [2018-10-31 22:33:34,131] - Script::install_py_dlls(): PyInit__hashlib
 DEBUG root [2018-10-31 22:33:34,131] - Script::install_py_dlls(): PyInit_select
 DEBUG root [2018-10-31 22:33:34,131] - Script::install_py_dlls(): PyInit__ctypes
 DEBUG root [2018-10-31 22:33:34,132] - Script::install_py_dlls(): PyInit__elementtree
 DEBUG root [2018-10-31 22:33:34,166] - Script::install_py_dlls(): PyInit_unicodedata
  INFO root [2018-10-31 22:33:34,200] - Script::install(): is successfully, Python=(3.4.2 (default, Apr 29 2018, 15:52:37) [MSC v.1913 32 bit (Intel)])!
  INFO root [2018-10-31 22:33:34,201] - Script::install(): KBExtra is successfully!
S_INFO root [2018-10-31 22:33:34,212] - onInterfaceAppReady: bootstrapGroupIndex=0, bootstrapGlobalIndex=0
  INFO root [2018-10-31 22:33:34,219] - TelnetServer server is running on port 33000
  INFO root [2018-10-31 22:33:34,518] - ---- interfaces is running ----
 DEBUG root [2018-10-31 22:33:34,518] - Components::process(): Request for the process of identity...
  INFO root [2018-10-31 22:33:41,693] - Components::process(): Found all the components!
S_INFO root [2018-10-31 22:34:02,639] - onRequestAccountLogin: registerName=1
S_INFO root [2018-10-31 22:44:09,319] - onRequestAccountLogin: registerName=1
S_INFO root [2018-10-31 22:44:21,219] - onRequestAccountLogin: registerName=1
  WARN root [2018-10-31 22:58:35,916] - TCPPacketReceiver::processPendingEvents(127.0.0.1:49179): Throwing REASON_GENERAL_NETWORK - WSAECONNRESET
  INFO root [2018-10-31 23:03:36,329] - 
  INFO root [2018-10-31 23:03:36,330] - -----------------------------------------------------------------------------------------


  INFO root [2018-10-31 23:03:36,331] - Resmgr::initialize: KBE_ROOT=E:/kbengine/
  INFO root [2018-10-31 23:03:36,331] - Resmgr::initialize: KBE_RES_PATH=E:/kbengine/kbe/res/;E:/kbengine/assets/;E:/kbengine/assets/scripts/;E:/kbengine/assets/res/
  INFO root [2018-10-31 23:03:36,331] - Resmgr::initialize: KBE_BIN_PATH=E:/kbengine/kbe/bin/server/
  INFO root [2018-10-31 23:03:36,336] - NetworkInterface::initialize(INTERNAL): bound to all interfaces with default route interface on 192.168.0.107 ( 192.168.0.107:30099 )
  INFO root [2018-10-31 23:03:36,336] - NetworkInterface::initialize(INTERNAL): address 192.168.0.107:30099, SOMAXCONN=5.
  INFO root [2018-10-31 23:03:36,340] - ---- interfaces Version: 2.0.0. ScriptVersion: 0.1.0. Protocol: A3D4913C83C4082A29723B2DA267A5B0. Config: Debug X86. Built: 15:52:41 Apr 29 2018. AppID: 3000. UID: 4493. PID: 5544 ----
  INFO root [2018-10-31 23:03:36,343] - Server : Intel(R) Xeon(R) CPU E3-1230 v3 @ 3.30GHz with 4194303kB RAM
  INFO root [2018-10-31 23:03:36,344] - ThreadPool::createThreadPool: creating  threadpool...
  INFO root [2018-10-31 23:03:36,346] - ThreadPool::createThreadPool: successfully(2), newThreadCount=1, normalMaxThreadCount=2, maxThreadCount=8
 DEBUG root [2018-10-31 23:03:36,476] - Script::install_py_dlls(): PyInit_pyexpat
 DEBUG root [2018-10-31 23:03:36,477] - Script::install_py_dlls(): PyInit__socket
 DEBUG root [2018-10-31 23:03:36,477] - Script::install_py_dlls(): PyInit__ssl
 DEBUG root [2018-10-31 23:03:36,481] - Script::install_py_dlls(): PyInit__hashlib
 DEBUG root [2018-10-31 23:03:36,482] - Script::install_py_dlls(): PyInit_select
 DEBUG root [2018-10-31 23:03:36,482] - Script::install_py_dlls(): PyInit__ctypes
 DEBUG root [2018-10-31 23:03:36,483] - Script::install_py_dlls(): PyInit__elementtree
 DEBUG root [2018-10-31 23:03:36,518] - Script::install_py_dlls(): PyInit_unicodedata
  INFO root [2018-10-31 23:03:36,557] - Script::install(): is successfully, Python=(3.4.2 (default, Apr 29 2018, 15:52:37) [MSC v.1913 32 bit (Intel)])!
  INFO root [2018-10-31 23:03:36,558] - Script::install(): KBExtra is successfully!
S_INFO root [2018-10-31 23:03:36,568] - onInterfaceAppReady: bootstrapGroupIndex=0, bootstrapGlobalIndex=0
  INFO root [2018-10-31 23:03:36,575] - TelnetServer server is running on port 33000
  INFO root [2018-10-31 23:03:36,903] - ---- interfaces is running ----
 DEBUG root [2018-10-31 23:03:36,904] - Components::process(): Request for the process of identity...
  INFO root [2018-10-31 23:03:44,068] - Components::process(): Found all the components!
