S_INFO root [2018-11-17 00:10:31,575] - onRequestAccountLogin: registerName=1
S_INFO root [2018-11-17 00:17:13,981] - onRequestAccountLogin: registerName=1
S_INFO root [2018-11-17 00:17:45,981] - onRequestAccountLogin: registerName=1
S_INFO root [2018-11-17 00:25:04,691] - onRequestAccountLogin: registerName=1
S_INFO root [2018-11-17 00:25:19,187] - onRequestAccountLogin: registerName=1
S_INFO root [2018-11-17 00:28:01,290] - onRequestAccountLogin: registerName=1
S_INFO root [2018-11-17 00:29:26,090] - onRequestAccountLogin: registerName=1
S_INFO root [2018-11-17 00:31:09,492] - onRequestAccountLogin: registerName=1
S_INFO root [2018-11-17 00:33:36,794] - onRequestAccountLogin: registerName=1
S_INFO root [2018-11-17 00:33:45,994] - onRequestAccountLogin: registerName=1
S_INFO root [2018-11-17 00:37:57,198] - onRequestAccountLogin: registerName=1
  WARN root [2018-11-17 00:39:10,145] - TCPPacketReceiver::processPendingEvents(127.0.0.1:51795): Throwing REASON_GENERAL_NETWORK - WSAECONNRESET
  INFO root [2018-11-17 13:25:50,915] - 
  INFO root [2018-11-17 13:25:51,023] - -----------------------------------------------------------------------------------------


  INFO root [2018-11-17 13:25:54,524] - Resmgr::initialize: KBE_ROOT=E:/kbengine/
  INFO root [2018-11-17 13:25:54,525] - Resmgr::initialize: KBE_RES_PATH=E:/kbengine/kbe/res/;E:/kbengine/assets/;E:/kbengine/assets/scripts/;E:/kbengine/assets/res/
  INFO root [2018-11-17 13:25:54,525] - Resmgr::initialize: KBE_BIN_PATH=E:/kbengine/kbe/bin/server/
  INFO root [2018-11-17 13:25:55,822] - NetworkInterface::initialize(INTERNAL): bound to all interfaces with default route interface on 192.168.0.107 ( 192.168.0.107:30099 )
  INFO root [2018-11-17 13:25:55,876] - NetworkInterface::initialize(INTERNAL): address 192.168.0.107:30099, SOMAXCONN=5.
  INFO root [2018-11-17 13:25:56,102] - ---- interfaces Version: 2.0.0. ScriptVersion: 0.1.0. Protocol: A3D4913C83C4082A29723B2DA267A5B0. Config: Debug X86. Built: 15:52:41 Apr 29 2018. AppID: 3000. UID: 1905. PID: 8100 ----
  INFO root [2018-11-17 13:25:56,103] - Server : Intel(R) Xeon(R) CPU E3-1230 v3 @ 3.30GHz with 4194303kB RAM
  INFO root [2018-11-17 13:25:56,251] - ThreadPool::createThreadPool: creating  threadpool...
  INFO root [2018-11-17 13:25:56,252] - ThreadPool::createThreadPool: successfully(2), newThreadCount=1, normalMaxThreadCount=2, maxThreadCount=8
 DEBUG root [2018-11-17 13:26:04,125] - Script::install_py_dlls(): PyInit_pyexpat
 DEBUG root [2018-11-17 13:26:04,579] - Script::install_py_dlls(): PyInit__socket
 DEBUG root [2018-11-17 13:26:04,952] - Script::install_py_dlls(): PyInit__ssl
 DEBUG root [2018-11-17 13:26:05,790] - Script::install_py_dlls(): PyInit__hashlib
 DEBUG root [2018-11-17 13:26:05,879] - Script::install_py_dlls(): PyInit_select
 DEBUG root [2018-11-17 13:26:05,933] - Script::install_py_dlls(): PyInit__ctypes
 DEBUG root [2018-11-17 13:26:06,019] - Script::install_py_dlls(): PyInit__elementtree
 DEBUG root [2018-11-17 13:26:06,843] - Script::install_py_dlls(): PyInit_unicodedata
  INFO root [2018-11-17 13:26:08,926] - Script::install(): is successfully, Python=(3.4.2 (default, Apr 29 2018, 15:52:37) [MSC v.1913 32 bit (Intel)])!
  INFO root [2018-11-17 13:26:08,927] - Script::install(): KBExtra is successfully!
S_INFO root [2018-11-17 13:26:09,687] - onInterfaceAppReady: bootstrapGroupIndex=0, bootstrapGlobalIndex=0
  INFO root [2018-11-17 13:26:10,317] - TelnetServer server is running on port 33000
  WARN root [2018-11-17 13:26:10,318] - e:\kbengine\kbe\src\server\tools\interfaces\interfaces.cpp:146: Profile scriptCall took 0.63 seconds
  INFO root [2018-11-17 13:26:11,094] - ---- interfaces is running ----
 DEBUG root [2018-11-17 13:26:11,163] - Components::process(): Request for the process of identity...
  INFO root [2018-11-17 13:26:18,687] - Components::process(): Found all the components!
S_INFO root [2018-11-17 13:26:46,209] - onRequestAccountLogin: registerName=1
S_INFO root [2018-11-17 13:30:59,388] - onRequestAccountLogin: registerName=1
S_INFO root [2018-11-17 13:31:34,188] - onRequestAccountLogin: registerName=2
S_INFO root [2018-11-17 13:33:41,889] - onRequestAccountLogin: registerName=1
S_INFO root [2018-11-17 13:35:12,390] - onRequestAccountLogin: registerName=1
S_INFO root [2018-11-17 13:40:36,990] - onRequestAccountLogin: registerName=1
S_INFO root [2018-11-17 13:40:47,291] - onRequestAccountLogin: registerName=1
S_INFO root [2018-11-17 13:43:23,591] - onRequestAccountLogin: registerName=1
S_INFO root [2018-11-17 13:45:37,992] - onRequestAccountLogin: registerName=1
S_INFO root [2018-11-17 13:52:28,393] - onRequestAccountLogin: registerName=1
S_INFO root [2018-11-17 14:48:41,409] - onRequestAccountLogin: registerName=1
S_INFO root [2018-11-17 14:50:25,506] - onRequestAccountLogin: registerName=1
S_INFO root [2018-11-17 14:51:18,506] - onRequestAccountLogin: registerName=1
S_INFO root [2018-11-17 14:57:17,308] - onRequestAccountLogin: registerName=1
S_INFO root [2018-11-17 15:02:10,308] - onRequestAccountLogin: registerName=2
S_INFO root [2018-11-17 15:02:29,608] - onRequestAccountLogin: registerName=1
  WARN root [2018-11-17 16:00:35,694] - TCPPacketReceiver::processPendingEvents(127.0.0.1:51257): Throwing REASON_GENERAL_NETWORK - WSAECONNRESET
