  INFO root [2018-07-22 11:06:19,959] - 
  INFO root [2018-07-22 11:06:20,159] - -----------------------------------------------------------------------------------------


  INFO root [2018-07-22 11:06:25,277] - Resmgr::initialize: KBE_ROOT=E:/kbengine/
  INFO root [2018-07-22 11:06:25,279] - Resmgr::initialize: KBE_RES_PATH=E:/kbengine/kbe/res/;E:/kbengine/assets/;E:/kbengine/assets/scripts/;E:/kbengine/assets/res/
  INFO root [2018-07-22 11:06:25,279] - Resmgr::initialize: KBE_BIN_PATH=E:/kbengine/kbe/bin/server/
  INFO root [2018-07-22 11:06:26,184] - NetworkInterface::initialize(INTERNAL): bound to all interfaces with default route interface on 192.168.0.106 ( 192.168.0.106:30099 )
  INFO root [2018-07-22 11:06:26,246] - NetworkInterface::initialize(INTERNAL): address 192.168.0.106:30099, SOMAXCONN=5.
  INFO root [2018-07-22 11:06:26,764] - ---- interfaces Version: 2.0.0. ScriptVersion: 0.1.0. Protocol: A3D4913C83C4082A29723B2DA267A5B0. Config: Debug X86. Built: 15:52:41 Apr 29 2018. AppID: 3000. UID: 6362. PID: 1928 ----
  INFO root [2018-07-22 11:06:26,765] - Server : Intel(R) Xeon(R) CPU E3-1230 v3 @ 3.30GHz with 4194303kB RAM
  INFO root [2018-07-22 11:06:26,888] - ThreadPool::createThreadPool: creating  threadpool...
  INFO root [2018-07-22 11:06:26,889] - ThreadPool::createThreadPool: successfully(2), newThreadCount=1, normalMaxThreadCount=2, maxThreadCount=8
 DEBUG root [2018-07-22 11:06:32,269] - Script::install_py_dlls(): PyInit_pyexpat
 DEBUG root [2018-07-22 11:06:33,015] - Script::install_py_dlls(): PyInit__socket
 DEBUG root [2018-07-22 11:06:33,396] - Script::install_py_dlls(): PyInit__ssl
 DEBUG root [2018-07-22 11:06:35,393] - Script::install_py_dlls(): PyInit__hashlib
 DEBUG root [2018-07-22 11:06:36,148] - Script::install_py_dlls(): PyInit_select
 DEBUG root [2018-07-22 11:06:36,269] - Script::install_py_dlls(): PyInit__ctypes
 DEBUG root [2018-07-22 11:06:37,255] - Script::install_py_dlls(): PyInit__elementtree
 DEBUG root [2018-07-22 11:06:38,179] - Script::install_py_dlls(): PyInit_unicodedata
  INFO root [2018-07-22 11:06:41,096] - Script::install(): is successfully, Python=(3.4.2 (default, Apr 29 2018, 15:52:37) [MSC v.1913 32 bit (Intel)])!
  INFO root [2018-07-22 11:06:41,097] - Script::install(): KBExtra is successfully!
S_INFO root [2018-07-22 11:06:41,641] - onInterfaceAppReady: bootstrapGroupIndex=0, bootstrapGlobalIndex=0
  INFO root [2018-07-22 11:06:42,228] - TelnetServer server is running on port 33000
  WARN root [2018-07-22 11:06:42,229] - e:\kbengine\kbe\src\server\tools\interfaces\interfaces.cpp:146: Profile scriptCall took 0.59 seconds
  INFO root [2018-07-22 11:06:42,786] - ---- interfaces is running ----
 DEBUG root [2018-07-22 11:06:42,900] - Components::process(): Request for the process of identity...
  INFO root [2018-07-22 11:06:50,541] - Components::process(): Found all the components!
S_INFO root [2018-07-22 11:07:47,269] - onRequestAccountLogin: registerName=1
  WARN root [2018-07-22 11:09:12,354] - TCPPacketReceiver::processPendingEvents(127.0.0.1:50084): Throwing REASON_GENERAL_NETWORK - WSAECONNRESET
  INFO root [2018-07-22 11:09:13,501] - 
  INFO root [2018-07-22 11:09:13,501] - -----------------------------------------------------------------------------------------


  INFO root [2018-07-22 11:09:13,502] - Resmgr::initialize: KBE_ROOT=E:/kbengine/
  INFO root [2018-07-22 11:09:13,502] - Resmgr::initialize: KBE_RES_PATH=E:/kbengine/kbe/res/;E:/kbengine/assets/;E:/kbengine/assets/scripts/;E:/kbengine/assets/res/
  INFO root [2018-07-22 11:09:13,502] - Resmgr::initialize: KBE_BIN_PATH=E:/kbengine/kbe/bin/server/
  INFO root [2018-07-22 11:09:13,513] - NetworkInterface::initialize(INTERNAL): bound to all interfaces with default route interface on 192.168.0.106 ( 192.168.0.106:30099 )
  INFO root [2018-07-22 11:09:13,513] - NetworkInterface::initialize(INTERNAL): address 192.168.0.106:30099, SOMAXCONN=5.
  INFO root [2018-07-22 11:09:13,517] - ---- interfaces Version: 2.0.0. ScriptVersion: 0.1.0. Protocol: A3D4913C83C4082A29723B2DA267A5B0. Config: Debug X86. Built: 15:52:41 Apr 29 2018. AppID: 3000. UID: 7006. PID: 7304 ----
  INFO root [2018-07-22 11:09:13,518] - Server : Intel(R) Xeon(R) CPU E3-1230 v3 @ 3.30GHz with 4194303kB RAM
  INFO root [2018-07-22 11:09:13,518] - ThreadPool::createThreadPool: creating  threadpool...
  INFO root [2018-07-22 11:09:13,519] - ThreadPool::createThreadPool: successfully(2), newThreadCount=1, normalMaxThreadCount=2, maxThreadCount=8
 DEBUG root [2018-07-22 11:09:13,653] - Script::install_py_dlls(): PyInit_pyexpat
 DEBUG root [2018-07-22 11:09:13,653] - Script::install_py_dlls(): PyInit__socket
 DEBUG root [2018-07-22 11:09:13,654] - Script::install_py_dlls(): PyInit__ssl
 DEBUG root [2018-07-22 11:09:13,658] - Script::install_py_dlls(): PyInit__hashlib
 DEBUG root [2018-07-22 11:09:13,658] - Script::install_py_dlls(): PyInit_select
 DEBUG root [2018-07-22 11:09:13,658] - Script::install_py_dlls(): PyInit__ctypes
 DEBUG root [2018-07-22 11:09:13,659] - Script::install_py_dlls(): PyInit__elementtree
 DEBUG root [2018-07-22 11:09:13,692] - Script::install_py_dlls(): PyInit_unicodedata
  INFO root [2018-07-22 11:09:13,721] - Script::install(): is successfully, Python=(3.4.2 (default, Apr 29 2018, 15:52:37) [MSC v.1913 32 bit (Intel)])!
  INFO root [2018-07-22 11:09:13,721] - Script::install(): KBExtra is successfully!
S_INFO root [2018-07-22 11:09:13,728] - onInterfaceAppReady: bootstrapGroupIndex=0, bootstrapGlobalIndex=0
  INFO root [2018-07-22 11:09:13,734] - TelnetServer server is running on port 33000
  INFO root [2018-07-22 11:09:14,006] - ---- interfaces is running ----
 DEBUG root [2018-07-22 11:09:14,006] - Components::process(): Request for the process of identity...
  INFO root [2018-07-22 11:09:21,206] - Components::process(): Found all the components!
S_INFO root [2018-07-22 11:09:53,230] - onRequestAccountLogin: registerName=1
S_INFO root [2018-07-22 11:10:27,131] - onRequestAccountLogin: registerName=2
S_INFO root [2018-07-22 11:11:46,532] - onRequestAccountLogin: registerName=2
  WARN root [2018-07-22 11:16:52,707] - TCPPacketReceiver::processPendingEvents(127.0.0.1:50127): Throwing REASON_GENERAL_NETWORK - WSAECONNRESET
  INFO root [2018-07-22 11:16:53,823] - 
  INFO root [2018-07-22 11:16:53,824] - -----------------------------------------------------------------------------------------


  INFO root [2018-07-22 11:16:53,824] - Resmgr::initialize: KBE_ROOT=E:/kbengine/
  INFO root [2018-07-22 11:16:53,824] - Resmgr::initialize: KBE_RES_PATH=E:/kbengine/kbe/res/;E:/kbengine/assets/;E:/kbengine/assets/scripts/;E:/kbengine/assets/res/
  INFO root [2018-07-22 11:16:53,825] - Resmgr::initialize: KBE_BIN_PATH=E:/kbengine/kbe/bin/server/
  INFO root [2018-07-22 11:16:53,829] - NetworkInterface::initialize(INTERNAL): bound to all interfaces with default route interface on 192.168.0.106 ( 192.168.0.106:30099 )
  INFO root [2018-07-22 11:16:53,829] - NetworkInterface::initialize(INTERNAL): address 192.168.0.106:30099, SOMAXCONN=5.
  INFO root [2018-07-22 11:16:53,833] - ---- interfaces Version: 2.0.0. ScriptVersion: 0.1.0. Protocol: A3D4913C83C4082A29723B2DA267A5B0. Config: Debug X86. Built: 15:52:41 Apr 29 2018. AppID: 3000. UID: 8508. PID: 10132 ----
  INFO root [2018-07-22 11:16:53,833] - Server : Intel(R) Xeon(R) CPU E3-1230 v3 @ 3.30GHz with 4194303kB RAM
  INFO root [2018-07-22 11:16:53,834] - ThreadPool::createThreadPool: creating  threadpool...
  INFO root [2018-07-22 11:16:53,834] - ThreadPool::createThreadPool: successfully(2), newThreadCount=1, normalMaxThreadCount=2, maxThreadCount=8
 DEBUG root [2018-07-22 11:16:53,968] - Script::install_py_dlls(): PyInit_pyexpat
 DEBUG root [2018-07-22 11:16:53,968] - Script::install_py_dlls(): PyInit__socket
 DEBUG root [2018-07-22 11:16:53,969] - Script::install_py_dlls(): PyInit__ssl
 DEBUG root [2018-07-22 11:16:53,972] - Script::install_py_dlls(): PyInit__hashlib
 DEBUG root [2018-07-22 11:16:53,972] - Script::install_py_dlls(): PyInit_select
 DEBUG root [2018-07-22 11:16:53,972] - Script::install_py_dlls(): PyInit__ctypes
 DEBUG root [2018-07-22 11:16:53,973] - Script::install_py_dlls(): PyInit__elementtree
 DEBUG root [2018-07-22 11:16:54,007] - Script::install_py_dlls(): PyInit_unicodedata
  INFO root [2018-07-22 11:16:54,036] - Script::install(): is successfully, Python=(3.4.2 (default, Apr 29 2018, 15:52:37) [MSC v.1913 32 bit (Intel)])!
  INFO root [2018-07-22 11:16:54,037] - Script::install(): KBExtra is successfully!
S_INFO root [2018-07-22 11:16:54,044] - onInterfaceAppReady: bootstrapGroupIndex=0, bootstrapGlobalIndex=0
  INFO root [2018-07-22 11:16:54,050] - TelnetServer server is running on port 33000
  INFO root [2018-07-22 11:16:54,331] - ---- interfaces is running ----
 DEBUG root [2018-07-22 11:16:54,332] - Components::process(): Request for the process of identity...
  INFO root [2018-07-22 11:17:01,527] - Components::process(): Found all the components!
S_INFO root [2018-07-22 11:17:30,046] - onRequestAccountLogin: registerName=1
S_INFO root [2018-07-22 11:17:40,745] - onRequestAccountLogin: registerName=2
  WARN root [2018-07-22 11:27:41,883] - TCPPacketReceiver::processPendingEvents(127.0.0.1:50236): Throwing REASON_GENERAL_NETWORK - WSAECONNRESET
  INFO root [2018-07-22 11:27:42,955] - 
  INFO root [2018-07-22 11:27:42,955] - -----------------------------------------------------------------------------------------


  INFO root [2018-07-22 11:27:42,955] - Resmgr::initialize: KBE_ROOT=E:/kbengine/
  INFO root [2018-07-22 11:27:42,956] - Resmgr::initialize: KBE_RES_PATH=E:/kbengine/kbe/res/;E:/kbengine/assets/;E:/kbengine/assets/scripts/;E:/kbengine/assets/res/
  INFO root [2018-07-22 11:27:42,956] - Resmgr::initialize: KBE_BIN_PATH=E:/kbengine/kbe/bin/server/
  INFO root [2018-07-22 11:27:42,974] - NetworkInterface::initialize(INTERNAL): bound to all interfaces with default route interface on 192.168.0.106 ( 192.168.0.106:30099 )
  INFO root [2018-07-22 11:27:42,974] - NetworkInterface::initialize(INTERNAL): address 192.168.0.106:30099, SOMAXCONN=5.
  INFO root [2018-07-22 11:27:42,980] - ---- interfaces Version: 2.0.0. ScriptVersion: 0.1.0. Protocol: A3D4913C83C4082A29723B2DA267A5B0. Config: Debug X86. Built: 15:52:41 Apr 29 2018. AppID: 3000. UID: 10627. PID: 5312 ----
  INFO root [2018-07-22 11:27:42,985] - Server : Intel(R) Xeon(R) CPU E3-1230 v3 @ 3.30GHz with 4194303kB RAM
  INFO root [2018-07-22 11:27:42,986] - ThreadPool::createThreadPool: creating  threadpool...
  INFO root [2018-07-22 11:27:42,986] - ThreadPool::createThreadPool: successfully(2), newThreadCount=1, normalMaxThreadCount=2, maxThreadCount=8
 DEBUG root [2018-07-22 11:27:43,120] - Script::install_py_dlls(): PyInit_pyexpat
 DEBUG root [2018-07-22 11:27:43,120] - Script::install_py_dlls(): PyInit__socket
 DEBUG root [2018-07-22 11:27:43,121] - Script::install_py_dlls(): PyInit__ssl
 DEBUG root [2018-07-22 11:27:43,125] - Script::install_py_dlls(): PyInit__hashlib
 DEBUG root [2018-07-22 11:27:43,125] - Script::install_py_dlls(): PyInit_select
 DEBUG root [2018-07-22 11:27:43,125] - Script::install_py_dlls(): PyInit__ctypes
 DEBUG root [2018-07-22 11:27:43,126] - Script::install_py_dlls(): PyInit__elementtree
 DEBUG root [2018-07-22 11:27:43,163] - Script::install_py_dlls(): PyInit_unicodedata
  INFO root [2018-07-22 11:27:43,192] - Script::install(): is successfully, Python=(3.4.2 (default, Apr 29 2018, 15:52:37) [MSC v.1913 32 bit (Intel)])!
  INFO root [2018-07-22 11:27:43,192] - Script::install(): KBExtra is successfully!
S_INFO root [2018-07-22 11:27:43,200] - onInterfaceAppReady: bootstrapGroupIndex=0, bootstrapGlobalIndex=0
  INFO root [2018-07-22 11:27:43,210] - TelnetServer server is running on port 33000
  INFO root [2018-07-22 11:27:43,493] - ---- interfaces is running ----
 DEBUG root [2018-07-22 11:27:43,494] - Components::process(): Request for the process of identity...
  INFO root [2018-07-22 11:27:50,656] - Components::process(): Found all the components!
S_INFO root [2018-07-22 11:28:14,801] - onRequestAccountLogin: registerName=1
S_INFO root [2018-07-22 11:28:25,701] - onRequestAccountLogin: registerName=2
S_INFO root [2018-07-22 12:29:56,160] - onRequestAccountLogin: registerName=1
S_INFO root [2018-07-22 12:30:53,562] - onRequestAccountLogin: registerName=1
S_INFO root [2018-07-22 12:32:07,663] - onRequestAccountLogin: registerName=1
S_INFO root [2018-07-22 12:32:45,964] - onRequestAccountLogin: registerName=2
  WARN root [2018-07-22 12:54:48,473] - TCPPacketReceiver::processPendingEvents(127.0.0.1:50344): Throwing REASON_GENERAL_NETWORK - WSAECONNRESET
