  INFO root [2018-11-03 13:43:48,941] - 
  INFO root [2018-11-03 13:43:49,087] - -----------------------------------------------------------------------------------------


  INFO root [2018-11-03 13:43:51,731] - Resmgr::initialize: KBE_ROOT=E:/kbengine/
  INFO root [2018-11-03 13:43:51,732] - Resmgr::initialize: KBE_RES_PATH=E:/kbengine/kbe/res/;E:/kbengine/assets/;E:/kbengine/assets/scripts/;E:/kbengine/assets/res/
  INFO root [2018-11-03 13:43:51,732] - Resmgr::initialize: KBE_BIN_PATH=E:/kbengine/kbe/bin/server/
  INFO root [2018-11-03 13:43:52,587] - NetworkInterface::initialize(INTERNAL): bound to all interfaces with default route interface on 192.168.0.107 ( 192.168.0.107:30099 )
  INFO root [2018-11-03 13:43:52,691] - NetworkInterface::initialize(INTERNAL): address 192.168.0.107:30099, SOMAXCONN=5.
  INFO root [2018-11-03 13:43:53,014] - ---- interfaces Version: 2.0.0. ScriptVersion: 0.1.0. Protocol: A3D4913C83C4082A29723B2DA267A5B0. Config: Debug X86. Built: 15:52:41 Apr 29 2018. AppID: 3000. UID: 20302. PID: 7652 ----
  INFO root [2018-11-03 13:43:53,015] - Server : Intel(R) Xeon(R) CPU E3-1230 v3 @ 3.30GHz with 4194303kB RAM
  INFO root [2018-11-03 13:43:53,066] - ThreadPool::createThreadPool: creating  threadpool...
  INFO root [2018-11-03 13:43:53,066] - ThreadPool::createThreadPool: successfully(2), newThreadCount=1, normalMaxThreadCount=2, maxThreadCount=8
 DEBUG root [2018-11-03 13:44:01,814] - Script::install_py_dlls(): PyInit_pyexpat
 DEBUG root [2018-11-03 13:44:01,944] - Script::install_py_dlls(): PyInit__socket
 DEBUG root [2018-11-03 13:44:02,025] - Script::install_py_dlls(): PyInit__ssl
 DEBUG root [2018-11-03 13:44:03,030] - Script::install_py_dlls(): PyInit__hashlib
 DEBUG root [2018-11-03 13:44:03,185] - Script::install_py_dlls(): PyInit_select
 DEBUG root [2018-11-03 13:44:03,397] - Script::install_py_dlls(): PyInit__ctypes
 DEBUG root [2018-11-03 13:44:03,467] - Script::install_py_dlls(): PyInit__elementtree
 DEBUG root [2018-11-03 13:44:04,391] - Script::install_py_dlls(): PyInit_unicodedata
  INFO root [2018-11-03 13:44:07,183] - Script::install(): is successfully, Python=(3.4.2 (default, Apr 29 2018, 15:52:37) [MSC v.1913 32 bit (Intel)])!
  INFO root [2018-11-03 13:44:07,184] - Script::install(): KBExtra is successfully!
S_INFO root [2018-11-03 13:44:07,468] - onInterfaceAppReady: bootstrapGroupIndex=0, bootstrapGlobalIndex=0
  INFO root [2018-11-03 13:44:07,640] - TelnetServer server is running on port 33000
  WARN root [2018-11-03 13:44:07,641] - e:\kbengine\kbe\src\server\tools\interfaces\interfaces.cpp:146: Profile scriptCall took 0.17 seconds
  INFO root [2018-11-03 13:44:08,231] - ---- interfaces is running ----
 DEBUG root [2018-11-03 13:44:08,519] - Components::process(): Request for the process of identity...
  INFO root [2018-11-03 13:44:16,073] - Components::process(): Found all the components!
  WARN root [2018-11-03 13:46:20,417] - TCPPacketReceiver::processPendingEvents(127.0.0.1:54388): Throwing REASON_GENERAL_NETWORK - WSAECONNRESET
  INFO root [2018-11-03 13:46:21,861] - 
  INFO root [2018-11-03 13:46:21,861] - -----------------------------------------------------------------------------------------


  INFO root [2018-11-03 13:46:21,862] - Resmgr::initialize: KBE_ROOT=E:/kbengine/
  INFO root [2018-11-03 13:46:21,862] - Resmgr::initialize: KBE_RES_PATH=E:/kbengine/kbe/res/;E:/kbengine/assets/;E:/kbengine/assets/scripts/;E:/kbengine/assets/res/
  INFO root [2018-11-03 13:46:21,862] - Resmgr::initialize: KBE_BIN_PATH=E:/kbengine/kbe/bin/server/
  INFO root [2018-11-03 13:46:21,869] - NetworkInterface::initialize(INTERNAL): bound to all interfaces with default route interface on 192.168.0.107 ( 192.168.0.107:30099 )
  INFO root [2018-11-03 13:46:21,869] - NetworkInterface::initialize(INTERNAL): address 192.168.0.107:30099, SOMAXCONN=5.
  INFO root [2018-11-03 13:46:21,874] - ---- interfaces Version: 2.0.0. ScriptVersion: 0.1.0. Protocol: A3D4913C83C4082A29723B2DA267A5B0. Config: Debug X86. Built: 15:52:41 Apr 29 2018. AppID: 3000. UID: 20854. PID: 2872 ----
  INFO root [2018-11-03 13:46:21,875] - Server : Intel(R) Xeon(R) CPU E3-1230 v3 @ 3.30GHz with 4194303kB RAM
  INFO root [2018-11-03 13:46:21,877] - ThreadPool::createThreadPool: creating  threadpool...
  INFO root [2018-11-03 13:46:21,877] - ThreadPool::createThreadPool: successfully(2), newThreadCount=1, normalMaxThreadCount=2, maxThreadCount=8
 DEBUG root [2018-11-03 13:46:22,004] - Script::install_py_dlls(): PyInit_pyexpat
 DEBUG root [2018-11-03 13:46:22,004] - Script::install_py_dlls(): PyInit__socket
 DEBUG root [2018-11-03 13:46:22,005] - Script::install_py_dlls(): PyInit__ssl
 DEBUG root [2018-11-03 13:46:22,008] - Script::install_py_dlls(): PyInit__hashlib
 DEBUG root [2018-11-03 13:46:22,008] - Script::install_py_dlls(): PyInit_select
 DEBUG root [2018-11-03 13:46:22,008] - Script::install_py_dlls(): PyInit__ctypes
 DEBUG root [2018-11-03 13:46:22,009] - Script::install_py_dlls(): PyInit__elementtree
 DEBUG root [2018-11-03 13:46:22,036] - Script::install_py_dlls(): PyInit_unicodedata
  INFO root [2018-11-03 13:46:22,071] - Script::install(): is successfully, Python=(3.4.2 (default, Apr 29 2018, 15:52:37) [MSC v.1913 32 bit (Intel)])!
  INFO root [2018-11-03 13:46:22,071] - Script::install(): KBExtra is successfully!
S_INFO root [2018-11-03 13:46:22,080] - onInterfaceAppReady: bootstrapGroupIndex=0, bootstrapGlobalIndex=0
  INFO root [2018-11-03 13:46:22,087] - TelnetServer server is running on port 33000
  INFO root [2018-11-03 13:46:22,378] - ---- interfaces is running ----
 DEBUG root [2018-11-03 13:46:22,379] - Components::process(): Request for the process of identity...
  INFO root [2018-11-03 13:46:29,567] - Components::process(): Found all the components!
  WARN root [2018-11-03 14:09:52,854] - TCPPacketReceiver::processPendingEvents(127.0.0.1:54453): Throwing REASON_GENERAL_NETWORK - WSAECONNRESET
  INFO root [2018-11-03 14:09:54,141] - 
  INFO root [2018-11-03 14:09:54,142] - -----------------------------------------------------------------------------------------


  INFO root [2018-11-03 14:09:54,142] - Resmgr::initialize: KBE_ROOT=E:/kbengine/
  INFO root [2018-11-03 14:09:54,142] - Resmgr::initialize: KBE_RES_PATH=E:/kbengine/kbe/res/;E:/kbengine/assets/;E:/kbengine/assets/scripts/;E:/kbengine/assets/res/
  INFO root [2018-11-03 14:09:54,142] - Resmgr::initialize: KBE_BIN_PATH=E:/kbengine/kbe/bin/server/
  INFO root [2018-11-03 14:09:54,162] - NetworkInterface::initialize(INTERNAL): bound to all interfaces with default route interface on 192.168.0.107 ( 192.168.0.107:30099 )
  INFO root [2018-11-03 14:09:54,162] - NetworkInterface::initialize(INTERNAL): address 192.168.0.107:30099, SOMAXCONN=5.
  INFO root [2018-11-03 14:09:54,167] - ---- interfaces Version: 2.0.0. ScriptVersion: 0.1.0. Protocol: A3D4913C83C4082A29723B2DA267A5B0. Config: Debug X86. Built: 15:52:41 Apr 29 2018. AppID: 3000. UID: 25465. PID: 6820 ----
  INFO root [2018-11-03 14:09:54,168] - Server : Intel(R) Xeon(R) CPU E3-1230 v3 @ 3.30GHz with 4194303kB RAM
  INFO root [2018-11-03 14:09:54,168] - ThreadPool::createThreadPool: creating  threadpool...
  INFO root [2018-11-03 14:09:54,168] - ThreadPool::createThreadPool: successfully(2), newThreadCount=1, normalMaxThreadCount=2, maxThreadCount=8
 DEBUG root [2018-11-03 14:09:54,296] - Script::install_py_dlls(): PyInit_pyexpat
 DEBUG root [2018-11-03 14:09:54,296] - Script::install_py_dlls(): PyInit__socket
 DEBUG root [2018-11-03 14:09:54,297] - Script::install_py_dlls(): PyInit__ssl
 DEBUG root [2018-11-03 14:09:54,301] - Script::install_py_dlls(): PyInit__hashlib
 DEBUG root [2018-11-03 14:09:54,301] - Script::install_py_dlls(): PyInit_select
 DEBUG root [2018-11-03 14:09:54,301] - Script::install_py_dlls(): PyInit__ctypes
 DEBUG root [2018-11-03 14:09:54,302] - Script::install_py_dlls(): PyInit__elementtree
 DEBUG root [2018-11-03 14:09:54,348] - Script::install_py_dlls(): PyInit_unicodedata
  INFO root [2018-11-03 14:09:54,387] - Script::install(): is successfully, Python=(3.4.2 (default, Apr 29 2018, 15:52:37) [MSC v.1913 32 bit (Intel)])!
  INFO root [2018-11-03 14:09:54,387] - Script::install(): KBExtra is successfully!
S_INFO root [2018-11-03 14:09:54,396] - onInterfaceAppReady: bootstrapGroupIndex=0, bootstrapGlobalIndex=0
  INFO root [2018-11-03 14:09:54,402] - TelnetServer server is running on port 33000
  INFO root [2018-11-03 14:09:54,690] - ---- interfaces is running ----
 DEBUG root [2018-11-03 14:09:54,690] - Components::process(): Request for the process of identity...
  INFO root [2018-11-03 14:10:01,848] - Components::process(): Found all the components!
  WARN root [2018-11-03 14:11:38,102] - TCPPacketReceiver::processPendingEvents(127.0.0.1:54990): Throwing REASON_GENERAL_NETWORK - WSAECONNRESET
  INFO root [2018-11-03 14:11:39,401] - 
  INFO root [2018-11-03 14:11:39,403] - -----------------------------------------------------------------------------------------


  INFO root [2018-11-03 14:11:39,403] - Resmgr::initialize: KBE_ROOT=E:/kbengine/
  INFO root [2018-11-03 14:11:39,403] - Resmgr::initialize: KBE_RES_PATH=E:/kbengine/kbe/res/;E:/kbengine/assets/;E:/kbengine/assets/scripts/;E:/kbengine/assets/res/
  INFO root [2018-11-03 14:11:39,404] - Resmgr::initialize: KBE_BIN_PATH=E:/kbengine/kbe/bin/server/
  INFO root [2018-11-03 14:11:39,421] - NetworkInterface::initialize(INTERNAL): bound to all interfaces with default route interface on 192.168.0.107 ( 192.168.0.107:30099 )
  INFO root [2018-11-03 14:11:39,421] - NetworkInterface::initialize(INTERNAL): address 192.168.0.107:30099, SOMAXCONN=5.
  INFO root [2018-11-03 14:11:39,436] - ---- interfaces Version: 2.0.0. ScriptVersion: 0.1.0. Protocol: A3D4913C83C4082A29723B2DA267A5B0. Config: Debug X86. Built: 15:52:41 Apr 29 2018. AppID: 3000. UID: 25808. PID: 8312 ----
  INFO root [2018-11-03 14:11:39,442] - Server : Intel(R) Xeon(R) CPU E3-1230 v3 @ 3.30GHz with 4194303kB RAM
  INFO root [2018-11-03 14:11:39,442] - ThreadPool::createThreadPool: creating  threadpool...
  INFO root [2018-11-03 14:11:39,442] - ThreadPool::createThreadPool: successfully(2), newThreadCount=1, normalMaxThreadCount=2, maxThreadCount=8
 DEBUG root [2018-11-03 14:11:39,577] - Script::install_py_dlls(): PyInit_pyexpat
 DEBUG root [2018-11-03 14:11:39,577] - Script::install_py_dlls(): PyInit__socket
 DEBUG root [2018-11-03 14:11:39,578] - Script::install_py_dlls(): PyInit__ssl
 DEBUG root [2018-11-03 14:11:39,581] - Script::install_py_dlls(): PyInit__hashlib
 DEBUG root [2018-11-03 14:11:39,582] - Script::install_py_dlls(): PyInit_select
 DEBUG root [2018-11-03 14:11:39,582] - Script::install_py_dlls(): PyInit__ctypes
 DEBUG root [2018-11-03 14:11:39,583] - Script::install_py_dlls(): PyInit__elementtree
 DEBUG root [2018-11-03 14:11:39,621] - Script::install_py_dlls(): PyInit_unicodedata
  INFO root [2018-11-03 14:11:39,650] - Script::install(): is successfully, Python=(3.4.2 (default, Apr 29 2018, 15:52:37) [MSC v.1913 32 bit (Intel)])!
  INFO root [2018-11-03 14:11:39,651] - Script::install(): KBExtra is successfully!
S_INFO root [2018-11-03 14:11:39,661] - onInterfaceAppReady: bootstrapGroupIndex=0, bootstrapGlobalIndex=0
  INFO root [2018-11-03 14:11:39,671] - TelnetServer server is running on port 33000
  INFO root [2018-11-03 14:11:39,977] - ---- interfaces is running ----
 DEBUG root [2018-11-03 14:11:39,978] - Components::process(): Request for the process of identity...
  INFO root [2018-11-03 14:11:47,161] - Components::process(): Found all the components!
  WARN root [2018-11-03 14:13:23,594] - TCPPacketReceiver::processPendingEvents(127.0.0.1:55055): Throwing REASON_GENERAL_NETWORK - WSAECONNRESET
  INFO root [2018-11-03 14:14:16,779] - 
  INFO root [2018-11-03 14:14:16,782] - -----------------------------------------------------------------------------------------


  INFO root [2018-11-03 14:14:16,783] - Resmgr::initialize: KBE_ROOT=E:/kbengine/
  INFO root [2018-11-03 14:14:16,783] - Resmgr::initialize: KBE_RES_PATH=E:/kbengine/kbe/res/;E:/kbengine/assets/;E:/kbengine/assets/scripts/;E:/kbengine/assets/res/
  INFO root [2018-11-03 14:14:16,783] - Resmgr::initialize: KBE_BIN_PATH=E:/kbengine/kbe/bin/server/
  INFO root [2018-11-03 14:14:16,790] - NetworkInterface::initialize(INTERNAL): bound to all interfaces with default route interface on 192.168.0.107 ( 192.168.0.107:30099 )
  INFO root [2018-11-03 14:14:16,790] - NetworkInterface::initialize(INTERNAL): address 192.168.0.107:30099, SOMAXCONN=5.
  INFO root [2018-11-03 14:14:16,794] - ---- interfaces Version: 2.0.0. ScriptVersion: 0.1.0. Protocol: A3D4913C83C4082A29723B2DA267A5B0. Config: Debug X86. Built: 15:52:41 Apr 29 2018. AppID: 3000. UID: 26324. PID: 9464 ----
  INFO root [2018-11-03 14:14:16,794] - Server : Intel(R) Xeon(R) CPU E3-1230 v3 @ 3.30GHz with 4194303kB RAM
  INFO root [2018-11-03 14:14:16,795] - ThreadPool::createThreadPool: creating  threadpool...
  INFO root [2018-11-03 14:14:16,795] - ThreadPool::createThreadPool: successfully(2), newThreadCount=1, normalMaxThreadCount=2, maxThreadCount=8
 DEBUG root [2018-11-03 14:14:16,925] - Script::install_py_dlls(): PyInit_pyexpat
 DEBUG root [2018-11-03 14:14:16,925] - Script::install_py_dlls(): PyInit__socket
 DEBUG root [2018-11-03 14:14:16,926] - Script::install_py_dlls(): PyInit__ssl
 DEBUG root [2018-11-03 14:14:16,930] - Script::install_py_dlls(): PyInit__hashlib
 DEBUG root [2018-11-03 14:14:16,930] - Script::install_py_dlls(): PyInit_select
 DEBUG root [2018-11-03 14:14:16,930] - Script::install_py_dlls(): PyInit__ctypes
 DEBUG root [2018-11-03 14:14:16,931] - Script::install_py_dlls(): PyInit__elementtree
 DEBUG root [2018-11-03 14:14:16,965] - Script::install_py_dlls(): PyInit_unicodedata
  INFO root [2018-11-03 14:14:17,001] - Script::install(): is successfully, Python=(3.4.2 (default, Apr 29 2018, 15:52:37) [MSC v.1913 32 bit (Intel)])!
  INFO root [2018-11-03 14:14:17,002] - Script::install(): KBExtra is successfully!
S_INFO root [2018-11-03 14:14:17,013] - onInterfaceAppReady: bootstrapGroupIndex=0, bootstrapGlobalIndex=0
  INFO root [2018-11-03 14:14:17,019] - TelnetServer server is running on port 33000
  INFO root [2018-11-03 14:14:17,315] - ---- interfaces is running ----
 DEBUG root [2018-11-03 14:14:17,316] - Components::process(): Request for the process of identity...
  INFO root [2018-11-03 14:14:24,484] - Components::process(): Found all the components!
  WARN root [2018-11-03 14:15:00,383] - TCPPacketReceiver::processPendingEvents(127.0.0.1:55129): Throwing REASON_GENERAL_NETWORK - WSAECONNRESET
  INFO root [2018-11-03 14:15:01,726] - 
  INFO root [2018-11-03 14:15:01,727] - -----------------------------------------------------------------------------------------


  INFO root [2018-11-03 14:15:01,727] - Resmgr::initialize: KBE_ROOT=E:/kbengine/
  INFO root [2018-11-03 14:15:01,727] - Resmgr::initialize: KBE_RES_PATH=E:/kbengine/kbe/res/;E:/kbengine/assets/;E:/kbengine/assets/scripts/;E:/kbengine/assets/res/
  INFO root [2018-11-03 14:15:01,727] - Resmgr::initialize: KBE_BIN_PATH=E:/kbengine/kbe/bin/server/
  INFO root [2018-11-03 14:15:01,730] - NetworkInterface::initialize(INTERNAL): bound to all interfaces with default route interface on 192.168.0.107 ( 192.168.0.107:30099 )
  INFO root [2018-11-03 14:15:01,730] - NetworkInterface::initialize(INTERNAL): address 192.168.0.107:30099, SOMAXCONN=5.
  INFO root [2018-11-03 14:15:01,733] - ---- interfaces Version: 2.0.0. ScriptVersion: 0.1.0. Protocol: A3D4913C83C4082A29723B2DA267A5B0. Config: Debug X86. Built: 15:52:41 Apr 29 2018. AppID: 3000. UID: 26471. PID: 7736 ----
  INFO root [2018-11-03 14:15:01,734] - Server : Intel(R) Xeon(R) CPU E3-1230 v3 @ 3.30GHz with 4194303kB RAM
  INFO root [2018-11-03 14:15:01,735] - ThreadPool::createThreadPool: creating  threadpool...
  INFO root [2018-11-03 14:15:01,735] - ThreadPool::createThreadPool: successfully(2), newThreadCount=1, normalMaxThreadCount=2, maxThreadCount=8
 DEBUG root [2018-11-03 14:15:01,863] - Script::install_py_dlls(): PyInit_pyexpat
 DEBUG root [2018-11-03 14:15:01,863] - Script::install_py_dlls(): PyInit__socket
 DEBUG root [2018-11-03 14:15:01,863] - Script::install_py_dlls(): PyInit__ssl
 DEBUG root [2018-11-03 14:15:01,866] - Script::install_py_dlls(): PyInit__hashlib
 DEBUG root [2018-11-03 14:15:01,866] - Script::install_py_dlls(): PyInit_select
 DEBUG root [2018-11-03 14:15:01,867] - Script::install_py_dlls(): PyInit__ctypes
 DEBUG root [2018-11-03 14:15:01,867] - Script::install_py_dlls(): PyInit__elementtree
 DEBUG root [2018-11-03 14:15:01,897] - Script::install_py_dlls(): PyInit_unicodedata
  INFO root [2018-11-03 14:15:01,940] - Script::install(): is successfully, Python=(3.4.2 (default, Apr 29 2018, 15:52:37) [MSC v.1913 32 bit (Intel)])!
  INFO root [2018-11-03 14:15:01,941] - Script::install(): KBExtra is successfully!
S_INFO root [2018-11-03 14:15:01,953] - onInterfaceAppReady: bootstrapGroupIndex=0, bootstrapGlobalIndex=0
  INFO root [2018-11-03 14:15:01,961] - TelnetServer server is running on port 33000
  INFO root [2018-11-03 14:15:02,254] - ---- interfaces is running ----
 DEBUG root [2018-11-03 14:15:02,255] - Components::process(): Request for the process of identity...
  INFO root [2018-11-03 14:15:09,453] - Components::process(): Found all the components!
S_INFO root [2018-11-03 14:18:15,683] - onRequestAccountLogin: registerName=1
S_INFO root [2018-11-03 14:19:03,555] - onRequestAccountLogin: registerName=1
S_INFO root [2018-11-03 14:20:26,156] - onRequestAccountLogin: registerName=1
S_INFO root [2018-11-03 22:07:43,347] - onRequestAccountLogin: registerName=1
S_INFO root [2018-11-03 22:20:41,152] - onRequestAccountLogin: registerName=1
S_INFO root [2018-11-03 22:33:08,757] - onRequestAccountLogin: registerName=1
S_INFO root [2018-11-03 22:43:30,462] - onRequestAccountLogin: registerName=1
S_INFO root [2018-11-03 22:43:39,761] - onRequestAccountLogin: registerName=1
