  INFO root [2018-07-01 12:50:33,305] - 
  INFO root [2018-07-01 12:50:33,325] - -----------------------------------------------------------------------------------------


  INFO root [2018-07-01 12:50:35,642] - Resmgr::initialize: KBE_ROOT=E:/kbengine/
  INFO root [2018-07-01 12:50:35,643] - Resmgr::initialize: KBE_RES_PATH=E:/kbengine/kbe/res/;E:/kbengine/assets/;E:/kbengine/assets/scripts/;E:/kbengine/assets/res/
  INFO root [2018-07-01 12:50:35,644] - Resmgr::initialize: KBE_BIN_PATH=E:/kbengine/kbe/bin/server/
  INFO root [2018-07-01 12:50:36,373] - NetworkInterface::initialize(INTERNAL): bound to all interfaces with default route interface on 192.168.0.106 ( 192.168.0.106:30099 )
  INFO root [2018-07-01 12:50:36,402] - NetworkInterface::initialize(INTERNAL): address 192.168.0.106:30099, SOMAXCONN=5.
  INFO root [2018-07-01 12:50:36,975] - ---- interfaces Version: 2.0.0. ScriptVersion: 0.1.0. Protocol: A3D4913C83C4082A29723B2DA267A5B0. Config: Debug X86. Built: 15:52:41 Apr 29 2018. AppID: 3000. UID: 32762. PID: 11088 ----
  INFO root [2018-07-01 12:50:36,976] - Server : Intel(R) Xeon(R) CPU E3-1230 v3 @ 3.30GHz with 4194303kB RAM
  INFO root [2018-07-01 12:50:37,128] - ThreadPool::createThreadPool: creating  threadpool...
  INFO root [2018-07-01 12:50:37,129] - ThreadPool::createThreadPool: successfully(2), newThreadCount=1, normalMaxThreadCount=2, maxThreadCount=8
 DEBUG root [2018-07-01 12:50:43,459] - Script::install_py_dlls(): PyInit_pyexpat
 DEBUG root [2018-07-01 12:50:43,622] - Script::install_py_dlls(): PyInit__socket
 DEBUG root [2018-07-01 12:50:43,720] - Script::install_py_dlls(): PyInit__ssl
 DEBUG root [2018-07-01 12:50:45,014] - Script::install_py_dlls(): PyInit__hashlib
 DEBUG root [2018-07-01 12:50:45,081] - Script::install_py_dlls(): PyInit_select
 DEBUG root [2018-07-01 12:50:45,118] - Script::install_py_dlls(): PyInit__ctypes
 DEBUG root [2018-07-01 12:50:45,179] - Script::install_py_dlls(): PyInit__elementtree
 DEBUG root [2018-07-01 12:50:46,010] - Script::install_py_dlls(): PyInit_unicodedata
  INFO root [2018-07-01 12:50:47,169] - Script::install(): is successfully, Python=(3.4.2 (default, Apr 29 2018, 15:52:37) [MSC v.1913 32 bit (Intel)])!
  INFO root [2018-07-01 12:50:47,169] - Script::install(): KBExtra is successfully!
S_INFO root [2018-07-01 12:50:47,405] - onInterfaceAppReady: bootstrapGroupIndex=0, bootstrapGlobalIndex=0
  INFO root [2018-07-01 12:50:47,585] - TelnetServer server is running on port 33000
  WARN root [2018-07-01 12:50:47,586] - e:\kbengine\kbe\src\server\tools\interfaces\interfaces.cpp:146: Profile scriptCall took 0.18 seconds
  INFO root [2018-07-01 12:50:48,034] - ---- interfaces is running ----
 DEBUG root [2018-07-01 12:50:48,123] - Components::process(): Request for the process of identity...
  INFO root [2018-07-01 12:50:55,526] - Components::process(): Found all the components!
  INFO root [2018-07-01 12:53:14,360] - 
  INFO root [2018-07-01 12:53:14,360] - -----------------------------------------------------------------------------------------


  INFO root [2018-07-01 12:53:14,361] - Resmgr::initialize: KBE_ROOT=E:/kbengine/
  INFO root [2018-07-01 12:53:14,361] - Resmgr::initialize: KBE_RES_PATH=E:/kbengine/kbe/res/;E:/kbengine/assets/;E:/kbengine/assets/scripts/;E:/kbengine/assets/res/
  INFO root [2018-07-01 12:53:14,361] - Resmgr::initialize: KBE_BIN_PATH=E:/kbengine/kbe/bin/server/
  INFO root [2018-07-01 12:53:14,365] - NetworkInterface::initialize(INTERNAL): bound to all interfaces with default route interface on 192.168.0.106 ( 192.168.0.106:30099 )
  INFO root [2018-07-01 12:53:14,365] - NetworkInterface::initialize(INTERNAL): address 192.168.0.106:30099, SOMAXCONN=5.
  INFO root [2018-07-01 12:53:14,369] - ---- interfaces Version: 2.0.0. ScriptVersion: 0.1.0. Protocol: A3D4913C83C4082A29723B2DA267A5B0. Config: Debug X86. Built: 15:52:41 Apr 29 2018. AppID: 3000. UID: 559. PID: 10156 ----
  INFO root [2018-07-01 12:53:14,371] - Server : Intel(R) Xeon(R) CPU E3-1230 v3 @ 3.30GHz with 4194303kB RAM
  INFO root [2018-07-01 12:53:14,371] - ThreadPool::createThreadPool: creating  threadpool...
  INFO root [2018-07-01 12:53:14,371] - ThreadPool::createThreadPool: successfully(2), newThreadCount=1, normalMaxThreadCount=2, maxThreadCount=8
 DEBUG root [2018-07-01 12:53:14,501] - Script::install_py_dlls(): PyInit_pyexpat
 DEBUG root [2018-07-01 12:53:14,501] - Script::install_py_dlls(): PyInit__socket
 DEBUG root [2018-07-01 12:53:14,502] - Script::install_py_dlls(): PyInit__ssl
 DEBUG root [2018-07-01 12:53:14,505] - Script::install_py_dlls(): PyInit__hashlib
 DEBUG root [2018-07-01 12:53:14,505] - Script::install_py_dlls(): PyInit_select
 DEBUG root [2018-07-01 12:53:14,505] - Script::install_py_dlls(): PyInit__ctypes
 DEBUG root [2018-07-01 12:53:14,506] - Script::install_py_dlls(): PyInit__elementtree
 DEBUG root [2018-07-01 12:53:14,541] - Script::install_py_dlls(): PyInit_unicodedata
  INFO root [2018-07-01 12:53:14,576] - Script::install(): is successfully, Python=(3.4.2 (default, Apr 29 2018, 15:52:37) [MSC v.1913 32 bit (Intel)])!
  INFO root [2018-07-01 12:53:14,576] - Script::install(): KBExtra is successfully!
S_INFO root [2018-07-01 12:53:14,586] - onInterfaceAppReady: bootstrapGroupIndex=0, bootstrapGlobalIndex=0
  INFO root [2018-07-01 12:53:14,593] - TelnetServer server is running on port 33000
  INFO root [2018-07-01 12:53:14,893] - ---- interfaces is running ----
 DEBUG root [2018-07-01 12:53:14,893] - Components::process(): Request for the process of identity...
  INFO root [2018-07-01 12:53:21,987] - Components::process(): Found all the components!
S_INFO root [2018-07-01 12:54:08,201] - onRequestAccountLogin: registerName=1
  WARN root [2018-07-01 12:55:23,946] - TCPPacketReceiver::processPendingEvents(127.0.0.1:50623): Throwing REASON_GENERAL_NETWORK - WSAECONNRESET
  INFO root [2018-07-01 12:55:25,070] - 
  INFO root [2018-07-01 12:55:25,073] - -----------------------------------------------------------------------------------------


  INFO root [2018-07-01 12:55:25,073] - Resmgr::initialize: KBE_ROOT=E:/kbengine/
  INFO root [2018-07-01 12:55:25,074] - Resmgr::initialize: KBE_RES_PATH=E:/kbengine/kbe/res/;E:/kbengine/assets/;E:/kbengine/assets/scripts/;E:/kbengine/assets/res/
  INFO root [2018-07-01 12:55:25,074] - Resmgr::initialize: KBE_BIN_PATH=E:/kbengine/kbe/bin/server/
  INFO root [2018-07-01 12:55:25,083] - NetworkInterface::initialize(INTERNAL): bound to all interfaces with default route interface on 192.168.0.106 ( 192.168.0.106:30099 )
  INFO root [2018-07-01 12:55:25,083] - NetworkInterface::initialize(INTERNAL): address 192.168.0.106:30099, SOMAXCONN=5.
  INFO root [2018-07-01 12:55:25,086] - ---- interfaces Version: 2.0.0. ScriptVersion: 0.1.0. Protocol: A3D4913C83C4082A29723B2DA267A5B0. Config: Debug X86. Built: 15:52:41 Apr 29 2018. AppID: 3000. UID: 984. PID: 10380 ----
  INFO root [2018-07-01 12:55:25,088] - Server : Intel(R) Xeon(R) CPU E3-1230 v3 @ 3.30GHz with 4194303kB RAM
  INFO root [2018-07-01 12:55:25,089] - ThreadPool::createThreadPool: creating  threadpool...
  INFO root [2018-07-01 12:55:25,089] - ThreadPool::createThreadPool: successfully(2), newThreadCount=1, normalMaxThreadCount=2, maxThreadCount=8
 DEBUG root [2018-07-01 12:55:25,225] - Script::install_py_dlls(): PyInit_pyexpat
 DEBUG root [2018-07-01 12:55:25,225] - Script::install_py_dlls(): PyInit__socket
 DEBUG root [2018-07-01 12:55:25,226] - Script::install_py_dlls(): PyInit__ssl
 DEBUG root [2018-07-01 12:55:25,230] - Script::install_py_dlls(): PyInit__hashlib
 DEBUG root [2018-07-01 12:55:25,230] - Script::install_py_dlls(): PyInit_select
 DEBUG root [2018-07-01 12:55:25,230] - Script::install_py_dlls(): PyInit__ctypes
 DEBUG root [2018-07-01 12:55:25,231] - Script::install_py_dlls(): PyInit__elementtree
 DEBUG root [2018-07-01 12:55:25,263] - Script::install_py_dlls(): PyInit_unicodedata
  INFO root [2018-07-01 12:55:25,296] - Script::install(): is successfully, Python=(3.4.2 (default, Apr 29 2018, 15:52:37) [MSC v.1913 32 bit (Intel)])!
  INFO root [2018-07-01 12:55:25,296] - Script::install(): KBExtra is successfully!
S_INFO root [2018-07-01 12:55:25,304] - onInterfaceAppReady: bootstrapGroupIndex=0, bootstrapGlobalIndex=0
  INFO root [2018-07-01 12:55:25,310] - TelnetServer server is running on port 33000
  INFO root [2018-07-01 12:55:25,600] - ---- interfaces is running ----
 DEBUG root [2018-07-01 12:55:25,600] - Components::process(): Request for the process of identity...
  INFO root [2018-07-01 12:55:32,805] - Components::process(): Found all the components!
S_INFO root [2018-07-01 12:55:56,804] - onRequestAccountLogin: registerName=1
S_INFO root [2018-07-01 12:56:23,205] - onRequestAccountLogin: registerName=2
S_INFO root [2018-07-01 12:58:18,305] - onRequestAccountLogin: registerName=2
  WARN root [2018-07-01 13:00:49,561] - TCPPacketReceiver::processPendingEvents(127.0.0.1:50665): Throwing REASON_GENERAL_NETWORK - WSAECONNRESET
  INFO root [2018-07-01 13:00:50,662] - 
  INFO root [2018-07-01 13:00:50,663] - -----------------------------------------------------------------------------------------


  INFO root [2018-07-01 13:00:50,663] - Resmgr::initialize: KBE_ROOT=E:/kbengine/
  INFO root [2018-07-01 13:00:50,663] - Resmgr::initialize: KBE_RES_PATH=E:/kbengine/kbe/res/;E:/kbengine/assets/;E:/kbengine/assets/scripts/;E:/kbengine/assets/res/
  INFO root [2018-07-01 13:00:50,664] - Resmgr::initialize: KBE_BIN_PATH=E:/kbengine/kbe/bin/server/
  INFO root [2018-07-01 13:00:50,669] - NetworkInterface::initialize(INTERNAL): bound to all interfaces with default route interface on 192.168.0.106 ( 192.168.0.106:30099 )
  INFO root [2018-07-01 13:00:50,669] - NetworkInterface::initialize(INTERNAL): address 192.168.0.106:30099, SOMAXCONN=5.
  INFO root [2018-07-01 13:00:50,673] - ---- interfaces Version: 2.0.0. ScriptVersion: 0.1.0. Protocol: A3D4913C83C4082A29723B2DA267A5B0. Config: Debug X86. Built: 15:52:41 Apr 29 2018. AppID: 3000. UID: 2048. PID: 8576 ----
  INFO root [2018-07-01 13:00:50,673] - Server : Intel(R) Xeon(R) CPU E3-1230 v3 @ 3.30GHz with 4194303kB RAM
  INFO root [2018-07-01 13:00:50,673] - ThreadPool::createThreadPool: creating  threadpool...
  INFO root [2018-07-01 13:00:50,673] - ThreadPool::createThreadPool: successfully(2), newThreadCount=1, normalMaxThreadCount=2, maxThreadCount=8
 DEBUG root [2018-07-01 13:00:50,804] - Script::install_py_dlls(): PyInit_pyexpat
 DEBUG root [2018-07-01 13:00:50,804] - Script::install_py_dlls(): PyInit__socket
 DEBUG root [2018-07-01 13:00:50,805] - Script::install_py_dlls(): PyInit__ssl
 DEBUG root [2018-07-01 13:00:50,808] - Script::install_py_dlls(): PyInit__hashlib
 DEBUG root [2018-07-01 13:00:50,808] - Script::install_py_dlls(): PyInit_select
 DEBUG root [2018-07-01 13:00:50,808] - Script::install_py_dlls(): PyInit__ctypes
 DEBUG root [2018-07-01 13:00:50,809] - Script::install_py_dlls(): PyInit__elementtree
 DEBUG root [2018-07-01 13:00:50,838] - Script::install_py_dlls(): PyInit_unicodedata
  INFO root [2018-07-01 13:00:50,875] - Script::install(): is successfully, Python=(3.4.2 (default, Apr 29 2018, 15:52:37) [MSC v.1913 32 bit (Intel)])!
  INFO root [2018-07-01 13:00:50,875] - Script::install(): KBExtra is successfully!
S_INFO root [2018-07-01 13:00:50,887] - onInterfaceAppReady: bootstrapGroupIndex=0, bootstrapGlobalIndex=0
  INFO root [2018-07-01 13:00:50,896] - TelnetServer server is running on port 33000
  INFO root [2018-07-01 13:00:51,197] - ---- interfaces is running ----
 DEBUG root [2018-07-01 13:00:51,197] - Components::process(): Request for the process of identity...
  INFO root [2018-07-01 13:00:58,366] - Components::process(): Found all the components!
S_INFO root [2018-07-01 13:01:29,288] - onRequestAccountLogin: registerName=2
S_INFO root [2018-07-01 13:01:58,588] - onRequestAccountLogin: registerName=3
  WARN root [2018-07-01 13:03:49,207] - TCPPacketReceiver::processPendingEvents(127.0.0.1:50730): Throwing REASON_GENERAL_NETWORK - WSAECONNRESET
  INFO root [2018-07-01 13:03:50,338] - 
  INFO root [2018-07-01 13:03:50,339] - -----------------------------------------------------------------------------------------


  INFO root [2018-07-01 13:03:50,339] - Resmgr::initialize: KBE_ROOT=E:/kbengine/
  INFO root [2018-07-01 13:03:50,339] - Resmgr::initialize: KBE_RES_PATH=E:/kbengine/kbe/res/;E:/kbengine/assets/;E:/kbengine/assets/scripts/;E:/kbengine/assets/res/
  INFO root [2018-07-01 13:03:50,340] - Resmgr::initialize: KBE_BIN_PATH=E:/kbengine/kbe/bin/server/
  INFO root [2018-07-01 13:03:50,343] - NetworkInterface::initialize(INTERNAL): bound to all interfaces with default route interface on 192.168.0.106 ( 192.168.0.106:30099 )
  INFO root [2018-07-01 13:03:50,343] - NetworkInterface::initialize(INTERNAL): address 192.168.0.106:30099, SOMAXCONN=5.
  INFO root [2018-07-01 13:03:50,348] - ---- interfaces Version: 2.0.0. ScriptVersion: 0.1.0. Protocol: A3D4913C83C4082A29723B2DA267A5B0. Config: Debug X86. Built: 15:52:41 Apr 29 2018. AppID: 3000. UID: 2636. PID: 10696 ----
  INFO root [2018-07-01 13:03:50,351] - Server : Intel(R) Xeon(R) CPU E3-1230 v3 @ 3.30GHz with 4194303kB RAM
  INFO root [2018-07-01 13:03:50,352] - ThreadPool::createThreadPool: creating  threadpool...
  INFO root [2018-07-01 13:03:50,353] - ThreadPool::createThreadPool: successfully(2), newThreadCount=1, normalMaxThreadCount=2, maxThreadCount=8
 DEBUG root [2018-07-01 13:03:50,491] - Script::install_py_dlls(): PyInit_pyexpat
 DEBUG root [2018-07-01 13:03:50,492] - Script::install_py_dlls(): PyInit__socket
 DEBUG root [2018-07-01 13:03:50,492] - Script::install_py_dlls(): PyInit__ssl
 DEBUG root [2018-07-01 13:03:50,496] - Script::install_py_dlls(): PyInit__hashlib
 DEBUG root [2018-07-01 13:03:50,497] - Script::install_py_dlls(): PyInit_select
 DEBUG root [2018-07-01 13:03:50,497] - Script::install_py_dlls(): PyInit__ctypes
 DEBUG root [2018-07-01 13:03:50,498] - Script::install_py_dlls(): PyInit__elementtree
 DEBUG root [2018-07-01 13:03:50,536] - Script::install_py_dlls(): PyInit_unicodedata
  INFO root [2018-07-01 13:03:50,575] - Script::install(): is successfully, Python=(3.4.2 (default, Apr 29 2018, 15:52:37) [MSC v.1913 32 bit (Intel)])!
  INFO root [2018-07-01 13:03:50,575] - Script::install(): KBExtra is successfully!
S_INFO root [2018-07-01 13:03:50,582] - onInterfaceAppReady: bootstrapGroupIndex=0, bootstrapGlobalIndex=0
  INFO root [2018-07-01 13:03:50,589] - TelnetServer server is running on port 33000
  INFO root [2018-07-01 13:03:50,869] - ---- interfaces is running ----
 DEBUG root [2018-07-01 13:03:50,869] - Components::process(): Request for the process of identity...
  INFO root [2018-07-01 13:03:58,043] - Components::process(): Found all the components!
S_INFO root [2018-07-01 13:04:15,283] - onRequestAccountLogin: registerName=1
  WARN root [2018-07-01 13:07:55,449] - TCPPacketReceiver::processPendingEvents(127.0.0.1:50792): Throwing REASON_GENERAL_NETWORK - WSAECONNRESET
  INFO root [2018-07-01 13:07:56,564] - 
  INFO root [2018-07-01 13:07:56,570] - -----------------------------------------------------------------------------------------


  INFO root [2018-07-01 13:07:56,571] - Resmgr::initialize: KBE_ROOT=E:/kbengine/
  INFO root [2018-07-01 13:07:56,571] - Resmgr::initialize: KBE_RES_PATH=E:/kbengine/kbe/res/;E:/kbengine/assets/;E:/kbengine/assets/scripts/;E:/kbengine/assets/res/
  INFO root [2018-07-01 13:07:56,572] - Resmgr::initialize: KBE_BIN_PATH=E:/kbengine/kbe/bin/server/
  INFO root [2018-07-01 13:07:56,578] - NetworkInterface::initialize(INTERNAL): bound to all interfaces with default route interface on 192.168.0.106 ( 192.168.0.106:30099 )
  INFO root [2018-07-01 13:07:56,578] - NetworkInterface::initialize(INTERNAL): address 192.168.0.106:30099, SOMAXCONN=5.
  INFO root [2018-07-01 13:07:56,583] - ---- interfaces Version: 2.0.0. ScriptVersion: 0.1.0. Protocol: A3D4913C83C4082A29723B2DA267A5B0. Config: Debug X86. Built: 15:52:41 Apr 29 2018. AppID: 3000. UID: 3439. PID: 10528 ----
  INFO root [2018-07-01 13:07:56,586] - Server : Intel(R) Xeon(R) CPU E3-1230 v3 @ 3.30GHz with 4194303kB RAM
  INFO root [2018-07-01 13:07:56,587] - ThreadPool::createThreadPool: creating  threadpool...
  INFO root [2018-07-01 13:07:56,588] - ThreadPool::createThreadPool: successfully(2), newThreadCount=1, normalMaxThreadCount=2, maxThreadCount=8
 DEBUG root [2018-07-01 13:07:56,714] - Script::install_py_dlls(): PyInit_pyexpat
 DEBUG root [2018-07-01 13:07:56,714] - Script::install_py_dlls(): PyInit__socket
 DEBUG root [2018-07-01 13:07:56,714] - Script::install_py_dlls(): PyInit__ssl
 DEBUG root [2018-07-01 13:07:56,717] - Script::install_py_dlls(): PyInit__hashlib
 DEBUG root [2018-07-01 13:07:56,718] - Script::install_py_dlls(): PyInit_select
 DEBUG root [2018-07-01 13:07:56,718] - Script::install_py_dlls(): PyInit__ctypes
 DEBUG root [2018-07-01 13:07:56,719] - Script::install_py_dlls(): PyInit__elementtree
 DEBUG root [2018-07-01 13:07:56,747] - Script::install_py_dlls(): PyInit_unicodedata
  INFO root [2018-07-01 13:07:56,775] - Script::install(): is successfully, Python=(3.4.2 (default, Apr 29 2018, 15:52:37) [MSC v.1913 32 bit (Intel)])!
  INFO root [2018-07-01 13:07:56,776] - Script::install(): KBExtra is successfully!
S_INFO root [2018-07-01 13:07:56,783] - onInterfaceAppReady: bootstrapGroupIndex=0, bootstrapGlobalIndex=0
  INFO root [2018-07-01 13:07:56,790] - TelnetServer server is running on port 33000
  INFO root [2018-07-01 13:07:57,124] - ---- interfaces is running ----
 DEBUG root [2018-07-01 13:07:57,125] - Components::process(): Request for the process of identity...
  INFO root [2018-07-01 13:08:04,284] - Components::process(): Found all the components!
S_INFO root [2018-07-01 13:09:05,285] - onRequestAccountLogin: registerName=1
S_INFO root [2018-07-01 13:09:17,784] - onRequestAccountLogin: registerName=2
S_INFO root [2018-07-01 13:09:43,585] - onRequestAccountLogin: registerName=1
