  INFO root [2018-11-15 14:18:09,493] - 
  INFO root [2018-11-15 14:18:09,514] - -----------------------------------------------------------------------------------------


  INFO root [2018-11-15 14:18:12,598] - Resmgr::initialize: KBE_ROOT=E:/kbengine/
  INFO root [2018-11-15 14:18:12,599] - Resmgr::initialize: KBE_RES_PATH=E:/kbengine/kbe/res/;E:/kbengine/assets/;E:/kbengine/assets/scripts/;E:/kbengine/assets/res/
  INFO root [2018-11-15 14:18:12,600] - Resmgr::initialize: KBE_BIN_PATH=E:/kbengine/kbe/bin/server/
  INFO root [2018-11-15 14:18:13,397] - NetworkInterface::initialize(INTERNAL): bound to all interfaces with default route interface on 192.168.0.107 ( 192.168.0.107:30099 )
  INFO root [2018-11-15 14:18:13,500] - NetworkInterface::initialize(INTERNAL): address 192.168.0.107:30099, SOMAXCONN=5.
  INFO root [2018-11-15 14:18:13,824] - ---- interfaces Version: 2.0.0. ScriptVersion: 0.1.0. Protocol: A3D4913C83C4082A29723B2DA267A5B0. Config: Debug X86. Built: 15:52:41 Apr 29 2018. AppID: 3000. UID: 4926. PID: 8204 ----
  INFO root [2018-11-15 14:18:13,824] - Server : Intel(R) Xeon(R) CPU E3-1230 v3 @ 3.30GHz with 4194303kB RAM
  INFO root [2018-11-15 14:18:13,926] - ThreadPool::createThreadPool: creating  threadpool...
  INFO root [2018-11-15 14:18:13,926] - ThreadPool::createThreadPool: successfully(2), newThreadCount=1, normalMaxThreadCount=2, maxThreadCount=8
 DEBUG root [2018-11-15 14:18:20,157] - Script::install_py_dlls(): PyInit_pyexpat
 DEBUG root [2018-11-15 14:18:20,278] - Script::install_py_dlls(): PyInit__socket
 DEBUG root [2018-11-15 14:18:20,384] - Script::install_py_dlls(): PyInit__ssl
 DEBUG root [2018-11-15 14:18:22,019] - Script::install_py_dlls(): PyInit__hashlib
 DEBUG root [2018-11-15 14:18:22,236] - Script::install_py_dlls(): PyInit_select
 DEBUG root [2018-11-15 14:18:22,548] - Script::install_py_dlls(): PyInit__ctypes
 DEBUG root [2018-11-15 14:18:22,660] - Script::install_py_dlls(): PyInit__elementtree
 DEBUG root [2018-11-15 14:18:23,667] - Script::install_py_dlls(): PyInit_unicodedata
  INFO root [2018-11-15 14:18:25,391] - Script::install(): is successfully, Python=(3.4.2 (default, Apr 29 2018, 15:52:37) [MSC v.1913 32 bit (Intel)])!
  INFO root [2018-11-15 14:18:25,392] - Script::install(): KBExtra is successfully!
S_INFO root [2018-11-15 14:18:25,709] - onInterfaceAppReady: bootstrapGroupIndex=0, bootstrapGlobalIndex=0
  INFO root [2018-11-15 14:18:25,974] - TelnetServer server is running on port 33000
  WARN root [2018-11-15 14:18:25,975] - e:\kbengine\kbe\src\server\tools\interfaces\interfaces.cpp:146: Profile scriptCall took 0.27 seconds
  INFO root [2018-11-15 14:18:26,736] - ---- interfaces is running ----
 DEBUG root [2018-11-15 14:18:26,812] - Components::process(): Request for the process of identity...
  WARN root [2018-11-15 14:18:33,406] - e:\kbengine\kbe\src\lib\network\event_dispatcher.cpp:153: Profile callSystemTimers took 0.12 seconds
  INFO root [2018-11-15 14:18:34,511] - Components::process(): Found all the components!
S_INFO root [2018-11-15 14:35:48,136] - onRequestAccountLogin: registerName=1
S_INFO root [2018-11-15 14:36:00,221] - onRequestAccountLogin: registerName=2
S_INFO root [2018-11-15 14:41:13,624] - onRequestAccountLogin: registerName=2
S_INFO root [2018-11-15 14:44:00,926] - onRequestAccountLogin: registerName=1
S_INFO root [2018-11-15 14:44:09,726] - onRequestAccountLogin: registerName=2
S_INFO root [2018-11-15 17:56:14,140] - onRequestAccountLogin: registerName=1
S_INFO root [2018-11-15 17:56:26,741] - onRequestAccountLogin: registerName=1
S_INFO root [2018-11-15 17:56:55,540] - onRequestAccountLogin: registerName=Q
