  INFO root [2018-10-30 00:38:51,627] - 
  INFO root [2018-10-30 00:38:51,845] - -----------------------------------------------------------------------------------------


  INFO root [2018-10-30 00:38:56,780] - Resmgr::initialize: KBE_ROOT=E:/kbengine/
  INFO root [2018-10-30 00:38:56,781] - Resmgr::initialize: KBE_RES_PATH=E:/kbengine/kbe/res/;E:/kbengine/assets/;E:/kbengine/assets/scripts/;E:/kbengine/assets/res/
  INFO root [2018-10-30 00:38:56,782] - Resmgr::initialize: KBE_BIN_PATH=E:/kbengine/kbe/bin/server/
  INFO root [2018-10-30 00:38:59,387] - NetworkInterface::initialize(INTERNAL): bound to all interfaces with default route interface on 192.168.0.107 ( 192.168.0.107:30099 )
  INFO root [2018-10-30 00:38:59,440] - NetworkInterface::initialize(INTERNAL): address 192.168.0.107:30099, SOMAXCONN=5.
  INFO root [2018-10-30 00:39:00,074] - ---- interfaces Version: 2.0.0. ScriptVersion: 0.1.0. Protocol: A3D4913C83C4082A29723B2DA267A5B0. Config: Debug X86. Built: 15:52:41 Apr 29 2018. AppID: 3000. UID: 15852. PID: 3084 ----
  INFO root [2018-10-30 00:39:00,075] - Server : Intel(R) Xeon(R) CPU E3-1230 v3 @ 3.30GHz with 4194303kB RAM
  INFO root [2018-10-30 00:39:00,257] - ThreadPool::createThreadPool: creating  threadpool...
  INFO root [2018-10-30 00:39:00,258] - ThreadPool::createThreadPool: successfully(2), newThreadCount=1, normalMaxThreadCount=2, maxThreadCount=8
 DEBUG root [2018-10-30 00:39:13,531] - Script::install_py_dlls(): PyInit_pyexpat
 DEBUG root [2018-10-30 00:39:13,652] - Script::install_py_dlls(): PyInit__socket
 DEBUG root [2018-10-30 00:39:13,767] - Script::install_py_dlls(): PyInit__ssl
 DEBUG root [2018-10-30 00:39:16,396] - Script::install_py_dlls(): PyInit__hashlib
 DEBUG root [2018-10-30 00:39:16,476] - Script::install_py_dlls(): PyInit_select
 DEBUG root [2018-10-30 00:39:16,522] - Script::install_py_dlls(): PyInit__ctypes
 DEBUG root [2018-10-30 00:39:16,667] - Script::install_py_dlls(): PyInit__elementtree
 DEBUG root [2018-10-30 00:39:21,524] - Script::install_py_dlls(): PyInit_unicodedata
  INFO root [2018-10-30 00:39:24,173] - Script::install(): is successfully, Python=(3.4.2 (default, Apr 29 2018, 15:52:37) [MSC v.1913 32 bit (Intel)])!
  INFO root [2018-10-30 00:39:24,174] - Script::install(): KBExtra is successfully!
S_INFO root [2018-10-30 00:39:24,792] - onInterfaceAppReady: bootstrapGroupIndex=0, bootstrapGlobalIndex=0
  INFO root [2018-10-30 00:39:27,256] - TelnetServer server is running on port 33000
  WARN root [2018-10-30 00:39:27,257] - e:\kbengine\kbe\src\server\tools\interfaces\interfaces.cpp:146: Profile scriptCall took 2.46 seconds
  INFO root [2018-10-30 00:39:28,934] - ---- interfaces is running ----
 DEBUG root [2018-10-30 00:39:29,052] - Components::process(): Request for the process of identity...
  INFO root [2018-10-30 00:39:36,631] - Components::process(): Found all the components!
  INFO root [2018-10-30 00:41:01,642] - 
  INFO root [2018-10-30 00:41:01,643] - -----------------------------------------------------------------------------------------


  INFO root [2018-10-30 00:41:01,643] - Resmgr::initialize: KBE_ROOT=E:/kbengine/
  INFO root [2018-10-30 00:41:01,644] - Resmgr::initialize: KBE_RES_PATH=E:/kbengine/kbe/res/;E:/kbengine/assets/;E:/kbengine/assets/scripts/;E:/kbengine/assets/res/
  INFO root [2018-10-30 00:41:01,644] - Resmgr::initialize: KBE_BIN_PATH=E:/kbengine/kbe/bin/server/
  INFO root [2018-10-30 00:41:01,658] - NetworkInterface::initialize(INTERNAL): bound to all interfaces with default route interface on 192.168.0.107 ( 192.168.0.107:30099 )
  INFO root [2018-10-30 00:41:01,658] - NetworkInterface::initialize(INTERNAL): address 192.168.0.107:30099, SOMAXCONN=5.
  INFO root [2018-10-30 00:41:01,661] - ---- interfaces Version: 2.0.0. ScriptVersion: 0.1.0. Protocol: A3D4913C83C4082A29723B2DA267A5B0. Config: Debug X86. Built: 15:52:41 Apr 29 2018. AppID: 3000. UID: 16348. PID: 5252 ----
  INFO root [2018-10-30 00:41:01,662] - Server : Intel(R) Xeon(R) CPU E3-1230 v3 @ 3.30GHz with 4194303kB RAM
  INFO root [2018-10-30 00:41:01,662] - ThreadPool::createThreadPool: creating  threadpool...
  INFO root [2018-10-30 00:41:01,662] - ThreadPool::createThreadPool: successfully(2), newThreadCount=1, normalMaxThreadCount=2, maxThreadCount=8
 DEBUG root [2018-10-30 00:41:01,790] - Script::install_py_dlls(): PyInit_pyexpat
 DEBUG root [2018-10-30 00:41:01,790] - Script::install_py_dlls(): PyInit__socket
 DEBUG root [2018-10-30 00:41:01,791] - Script::install_py_dlls(): PyInit__ssl
 DEBUG root [2018-10-30 00:41:01,794] - Script::install_py_dlls(): PyInit__hashlib
 DEBUG root [2018-10-30 00:41:01,794] - Script::install_py_dlls(): PyInit_select
 DEBUG root [2018-10-30 00:41:01,794] - Script::install_py_dlls(): PyInit__ctypes
 DEBUG root [2018-10-30 00:41:01,795] - Script::install_py_dlls(): PyInit__elementtree
 DEBUG root [2018-10-30 00:41:01,827] - Script::install_py_dlls(): PyInit_unicodedata
  INFO root [2018-10-30 00:41:01,857] - Script::install(): is successfully, Python=(3.4.2 (default, Apr 29 2018, 15:52:37) [MSC v.1913 32 bit (Intel)])!
  INFO root [2018-10-30 00:41:01,857] - Script::install(): KBExtra is successfully!
S_INFO root [2018-10-30 00:41:01,866] - onInterfaceAppReady: bootstrapGroupIndex=0, bootstrapGlobalIndex=0
  INFO root [2018-10-30 00:41:01,872] - TelnetServer server is running on port 33000
  INFO root [2018-10-30 00:41:02,146] - ---- interfaces is running ----
 DEBUG root [2018-10-30 00:41:02,146] - Components::process(): Request for the process of identity...
  INFO root [2018-10-30 00:41:09,245] - Components::process(): Found all the components!
  INFO root [2018-10-30 00:43:12,373] - 
  INFO root [2018-10-30 00:43:12,374] - -----------------------------------------------------------------------------------------


  INFO root [2018-10-30 00:43:12,374] - Resmgr::initialize: KBE_ROOT=E:/kbengine/
  INFO root [2018-10-30 00:43:12,375] - Resmgr::initialize: KBE_RES_PATH=E:/kbengine/kbe/res/;E:/kbengine/assets/;E:/kbengine/assets/scripts/;E:/kbengine/assets/res/
  INFO root [2018-10-30 00:43:12,375] - Resmgr::initialize: KBE_BIN_PATH=E:/kbengine/kbe/bin/server/
  INFO root [2018-10-30 00:43:12,386] - NetworkInterface::initialize(INTERNAL): bound to all interfaces with default route interface on 192.168.0.107 ( 192.168.0.107:30099 )
  INFO root [2018-10-30 00:43:12,386] - NetworkInterface::initialize(INTERNAL): address 192.168.0.107:30099, SOMAXCONN=5.
  INFO root [2018-10-30 00:43:12,393] - ---- interfaces Version: 2.0.0. ScriptVersion: 0.1.0. Protocol: A3D4913C83C4082A29723B2DA267A5B0. Config: Debug X86. Built: 15:52:41 Apr 29 2018. AppID: 3000. UID: 16776. PID: 6600 ----
  INFO root [2018-10-30 00:43:12,394] - Server : Intel(R) Xeon(R) CPU E3-1230 v3 @ 3.30GHz with 4194303kB RAM
  INFO root [2018-10-30 00:43:12,395] - ThreadPool::createThreadPool: creating  threadpool...
  INFO root [2018-10-30 00:43:12,395] - ThreadPool::createThreadPool: successfully(2), newThreadCount=1, normalMaxThreadCount=2, maxThreadCount=8
 DEBUG root [2018-10-30 00:43:12,542] - Script::install_py_dlls(): PyInit_pyexpat
 DEBUG root [2018-10-30 00:43:12,542] - Script::install_py_dlls(): PyInit__socket
 DEBUG root [2018-10-30 00:43:12,543] - Script::install_py_dlls(): PyInit__ssl
 DEBUG root [2018-10-30 00:43:12,547] - Script::install_py_dlls(): PyInit__hashlib
 DEBUG root [2018-10-30 00:43:12,547] - Script::install_py_dlls(): PyInit_select
 DEBUG root [2018-10-30 00:43:12,547] - Script::install_py_dlls(): PyInit__ctypes
 DEBUG root [2018-10-30 00:43:12,548] - Script::install_py_dlls(): PyInit__elementtree
 DEBUG root [2018-10-30 00:43:12,583] - Script::install_py_dlls(): PyInit_unicodedata
  INFO root [2018-10-30 00:43:12,623] - Script::install(): is successfully, Python=(3.4.2 (default, Apr 29 2018, 15:52:37) [MSC v.1913 32 bit (Intel)])!
  INFO root [2018-10-30 00:43:12,623] - Script::install(): KBExtra is successfully!
S_INFO root [2018-10-30 00:43:12,631] - onInterfaceAppReady: bootstrapGroupIndex=0, bootstrapGlobalIndex=0
  INFO root [2018-10-30 00:43:12,637] - TelnetServer server is running on port 33000
  INFO root [2018-10-30 00:43:12,912] - ---- interfaces is running ----
 DEBUG root [2018-10-30 00:43:12,912] - Components::process(): Request for the process of identity...
  INFO root [2018-10-30 00:43:20,033] - Components::process(): Found all the components!
  WARN root [2018-10-30 00:48:33,427] - TCPPacketReceiver::processPendingEvents(127.0.0.1:49661): Throwing REASON_GENERAL_NETWORK - WSAECONNRESET
  INFO root [2018-10-30 00:48:34,510] - 
  INFO root [2018-10-30 00:48:34,510] - -----------------------------------------------------------------------------------------


  INFO root [2018-10-30 00:48:34,511] - Resmgr::initialize: KBE_ROOT=E:/kbengine/
  INFO root [2018-10-30 00:48:34,511] - Resmgr::initialize: KBE_RES_PATH=E:/kbengine/kbe/res/;E:/kbengine/assets/;E:/kbengine/assets/scripts/;E:/kbengine/assets/res/
  INFO root [2018-10-30 00:48:34,511] - Resmgr::initialize: KBE_BIN_PATH=E:/kbengine/kbe/bin/server/
  INFO root [2018-10-30 00:48:34,517] - NetworkInterface::initialize(INTERNAL): bound to all interfaces with default route interface on 192.168.0.107 ( 192.168.0.107:30099 )
  INFO root [2018-10-30 00:48:34,517] - NetworkInterface::initialize(INTERNAL): address 192.168.0.107:30099, SOMAXCONN=5.
  INFO root [2018-10-30 00:48:34,521] - ---- interfaces Version: 2.0.0. ScriptVersion: 0.1.0. Protocol: A3D4913C83C4082A29723B2DA267A5B0. Config: Debug X86. Built: 15:52:41 Apr 29 2018. AppID: 3000. UID: 17827. PID: 6796 ----
  INFO root [2018-10-30 00:48:34,521] - Server : Intel(R) Xeon(R) CPU E3-1230 v3 @ 3.30GHz with 4194303kB RAM
  INFO root [2018-10-30 00:48:34,521] - ThreadPool::createThreadPool: creating  threadpool...
  INFO root [2018-10-30 00:48:34,521] - ThreadPool::createThreadPool: successfully(2), newThreadCount=1, normalMaxThreadCount=2, maxThreadCount=8
 DEBUG root [2018-10-30 00:48:34,650] - Script::install_py_dlls(): PyInit_pyexpat
 DEBUG root [2018-10-30 00:48:34,650] - Script::install_py_dlls(): PyInit__socket
 DEBUG root [2018-10-30 00:48:34,651] - Script::install_py_dlls(): PyInit__ssl
 DEBUG root [2018-10-30 00:48:34,653] - Script::install_py_dlls(): PyInit__hashlib
 DEBUG root [2018-10-30 00:48:34,654] - Script::install_py_dlls(): PyInit_select
 DEBUG root [2018-10-30 00:48:34,654] - Script::install_py_dlls(): PyInit__ctypes
 DEBUG root [2018-10-30 00:48:34,654] - Script::install_py_dlls(): PyInit__elementtree
 DEBUG root [2018-10-30 00:48:34,683] - Script::install_py_dlls(): PyInit_unicodedata
  INFO root [2018-10-30 00:48:34,710] - Script::install(): is successfully, Python=(3.4.2 (default, Apr 29 2018, 15:52:37) [MSC v.1913 32 bit (Intel)])!
  INFO root [2018-10-30 00:48:34,710] - Script::install(): KBExtra is successfully!
S_INFO root [2018-10-30 00:48:34,717] - onInterfaceAppReady: bootstrapGroupIndex=0, bootstrapGlobalIndex=0
  INFO root [2018-10-30 00:48:34,726] - TelnetServer server is running on port 33000
  INFO root [2018-10-30 00:48:35,008] - ---- interfaces is running ----
 DEBUG root [2018-10-30 00:48:35,008] - Components::process(): Request for the process of identity...
  INFO root [2018-10-30 00:48:42,118] - Components::process(): Found all the components!
  WARN root [2018-10-30 00:56:17,028] - TCPPacketReceiver::processPendingEvents(127.0.0.1:49762): Throwing REASON_GENERAL_NETWORK - WSAECONNRESET
  INFO root [2018-10-30 00:56:18,072] - 
  INFO root [2018-10-30 00:56:18,072] - -----------------------------------------------------------------------------------------


  INFO root [2018-10-30 00:56:18,073] - Resmgr::initialize: KBE_ROOT=E:/kbengine/
  INFO root [2018-10-30 00:56:18,073] - Resmgr::initialize: KBE_RES_PATH=E:/kbengine/kbe/res/;E:/kbengine/assets/;E:/kbengine/assets/scripts/;E:/kbengine/assets/res/
  INFO root [2018-10-30 00:56:18,073] - Resmgr::initialize: KBE_BIN_PATH=E:/kbengine/kbe/bin/server/
  INFO root [2018-10-30 00:56:18,083] - NetworkInterface::initialize(INTERNAL): bound to all interfaces with default route interface on 192.168.0.107 ( 192.168.0.107:30099 )
  INFO root [2018-10-30 00:56:18,084] - NetworkInterface::initialize(INTERNAL): address 192.168.0.107:30099, SOMAXCONN=5.
  INFO root [2018-10-30 00:56:18,091] - ---- interfaces Version: 2.0.0. ScriptVersion: 0.1.0. Protocol: A3D4913C83C4082A29723B2DA267A5B0. Config: Debug X86. Built: 15:52:41 Apr 29 2018. AppID: 3000. UID: 19339. PID: 7284 ----
  INFO root [2018-10-30 00:56:18,091] - Server : Intel(R) Xeon(R) CPU E3-1230 v3 @ 3.30GHz with 4194303kB RAM
  INFO root [2018-10-30 00:56:18,091] - ThreadPool::createThreadPool: creating  threadpool...
  INFO root [2018-10-30 00:56:18,092] - ThreadPool::createThreadPool: successfully(2), newThreadCount=1, normalMaxThreadCount=2, maxThreadCount=8
 DEBUG root [2018-10-30 00:56:18,223] - Script::install_py_dlls(): PyInit_pyexpat
 DEBUG root [2018-10-30 00:56:18,224] - Script::install_py_dlls(): PyInit__socket
 DEBUG root [2018-10-30 00:56:18,224] - Script::install_py_dlls(): PyInit__ssl
 DEBUG root [2018-10-30 00:56:18,227] - Script::install_py_dlls(): PyInit__hashlib
 DEBUG root [2018-10-30 00:56:18,227] - Script::install_py_dlls(): PyInit_select
 DEBUG root [2018-10-30 00:56:18,227] - Script::install_py_dlls(): PyInit__ctypes
 DEBUG root [2018-10-30 00:56:18,228] - Script::install_py_dlls(): PyInit__elementtree
 DEBUG root [2018-10-30 00:56:18,256] - Script::install_py_dlls(): PyInit_unicodedata
  INFO root [2018-10-30 00:56:18,292] - Script::install(): is successfully, Python=(3.4.2 (default, Apr 29 2018, 15:52:37) [MSC v.1913 32 bit (Intel)])!
  INFO root [2018-10-30 00:56:18,292] - Script::install(): KBExtra is successfully!
S_INFO root [2018-10-30 00:56:18,300] - onInterfaceAppReady: bootstrapGroupIndex=0, bootstrapGlobalIndex=0
  INFO root [2018-10-30 00:56:18,307] - TelnetServer server is running on port 33000
  INFO root [2018-10-30 00:56:18,575] - ---- interfaces is running ----
 DEBUG root [2018-10-30 00:56:18,575] - Components::process(): Request for the process of identity...
  INFO root [2018-10-30 00:56:25,775] - Components::process(): Found all the components!
  WARN root [2018-10-30 01:01:04,120] - TCPPacketReceiver::processPendingEvents(127.0.0.1:49830): Throwing REASON_GENERAL_NETWORK - WSAECONNRESET
  INFO root [2018-10-30 01:01:05,223] - 
  INFO root [2018-10-30 01:01:05,224] - -----------------------------------------------------------------------------------------


  INFO root [2018-10-30 01:01:05,225] - Resmgr::initialize: KBE_ROOT=E:/kbengine/
  INFO root [2018-10-30 01:01:05,225] - Resmgr::initialize: KBE_RES_PATH=E:/kbengine/kbe/res/;E:/kbengine/assets/;E:/kbengine/assets/scripts/;E:/kbengine/assets/res/
  INFO root [2018-10-30 01:01:05,225] - Resmgr::initialize: KBE_BIN_PATH=E:/kbengine/kbe/bin/server/
  INFO root [2018-10-30 01:01:05,230] - NetworkInterface::initialize(INTERNAL): bound to all interfaces with default route interface on 192.168.0.107 ( 192.168.0.107:30099 )
  INFO root [2018-10-30 01:01:05,230] - NetworkInterface::initialize(INTERNAL): address 192.168.0.107:30099, SOMAXCONN=5.
  INFO root [2018-10-30 01:01:05,237] - ---- interfaces Version: 2.0.0. ScriptVersion: 0.1.0. Protocol: A3D4913C83C4082A29723B2DA267A5B0. Config: Debug X86. Built: 15:52:41 Apr 29 2018. AppID: 3000. UID: 20276. PID: 7232 ----
  INFO root [2018-10-30 01:01:05,237] - Server : Intel(R) Xeon(R) CPU E3-1230 v3 @ 3.30GHz with 4194303kB RAM
  INFO root [2018-10-30 01:01:05,237] - ThreadPool::createThreadPool: creating  threadpool...
  INFO root [2018-10-30 01:01:05,238] - ThreadPool::createThreadPool: successfully(2), newThreadCount=1, normalMaxThreadCount=2, maxThreadCount=8
 DEBUG root [2018-10-30 01:01:05,373] - Script::install_py_dlls(): PyInit_pyexpat
 DEBUG root [2018-10-30 01:01:05,373] - Script::install_py_dlls(): PyInit__socket
 DEBUG root [2018-10-30 01:01:05,373] - Script::install_py_dlls(): PyInit__ssl
 DEBUG root [2018-10-30 01:01:05,376] - Script::install_py_dlls(): PyInit__hashlib
 DEBUG root [2018-10-30 01:01:05,376] - Script::install_py_dlls(): PyInit_select
 DEBUG root [2018-10-30 01:01:05,377] - Script::install_py_dlls(): PyInit__ctypes
 DEBUG root [2018-10-30 01:01:05,377] - Script::install_py_dlls(): PyInit__elementtree
 DEBUG root [2018-10-30 01:01:05,404] - Script::install_py_dlls(): PyInit_unicodedata
  INFO root [2018-10-30 01:01:05,442] - Script::install(): is successfully, Python=(3.4.2 (default, Apr 29 2018, 15:52:37) [MSC v.1913 32 bit (Intel)])!
  INFO root [2018-10-30 01:01:05,442] - Script::install(): KBExtra is successfully!
S_INFO root [2018-10-30 01:01:05,449] - onInterfaceAppReady: bootstrapGroupIndex=0, bootstrapGlobalIndex=0
  INFO root [2018-10-30 01:01:05,455] - TelnetServer server is running on port 33000
  INFO root [2018-10-30 01:01:05,722] - ---- interfaces is running ----
 DEBUG root [2018-10-30 01:01:05,723] - Components::process(): Request for the process of identity...
  INFO root [2018-10-30 01:01:12,850] - Components::process(): Found all the components!
  WARN root [2018-10-30 01:04:06,360] - TCPPacketReceiver::processPendingEvents(127.0.0.1:50280): Throwing REASON_GENERAL_NETWORK - WSAECONNRESET
  INFO root [2018-10-30 01:04:07,432] - 
  INFO root [2018-10-30 01:04:07,433] - -----------------------------------------------------------------------------------------


  INFO root [2018-10-30 01:04:07,433] - Resmgr::initialize: KBE_ROOT=E:/kbengine/
  INFO root [2018-10-30 01:04:07,433] - Resmgr::initialize: KBE_RES_PATH=E:/kbengine/kbe/res/;E:/kbengine/assets/;E:/kbengine/assets/scripts/;E:/kbengine/assets/res/
  INFO root [2018-10-30 01:04:07,433] - Resmgr::initialize: KBE_BIN_PATH=E:/kbengine/kbe/bin/server/
  INFO root [2018-10-30 01:04:07,445] - NetworkInterface::initialize(INTERNAL): bound to all interfaces with default route interface on 192.168.0.107 ( 192.168.0.107:30099 )
  INFO root [2018-10-30 01:04:07,446] - NetworkInterface::initialize(INTERNAL): address 192.168.0.107:30099, SOMAXCONN=5.
  INFO root [2018-10-30 01:04:07,450] - ---- interfaces Version: 2.0.0. ScriptVersion: 0.1.0. Protocol: A3D4913C83C4082A29723B2DA267A5B0. Config: Debug X86. Built: 15:52:41 Apr 29 2018. AppID: 3000. UID: 20874. PID: 9852 ----
  INFO root [2018-10-30 01:04:07,450] - Server : Intel(R) Xeon(R) CPU E3-1230 v3 @ 3.30GHz with 4194303kB RAM
  INFO root [2018-10-30 01:04:07,452] - ThreadPool::createThreadPool: creating  threadpool...
  INFO root [2018-10-30 01:04:07,453] - ThreadPool::createThreadPool: successfully(2), newThreadCount=1, normalMaxThreadCount=2, maxThreadCount=8
 DEBUG root [2018-10-30 01:04:07,585] - Script::install_py_dlls(): PyInit_pyexpat
 DEBUG root [2018-10-30 01:04:07,586] - Script::install_py_dlls(): PyInit__socket
 DEBUG root [2018-10-30 01:04:07,586] - Script::install_py_dlls(): PyInit__ssl
 DEBUG root [2018-10-30 01:04:07,589] - Script::install_py_dlls(): PyInit__hashlib
 DEBUG root [2018-10-30 01:04:07,589] - Script::install_py_dlls(): PyInit_select
 DEBUG root [2018-10-30 01:04:07,589] - Script::install_py_dlls(): PyInit__ctypes
 DEBUG root [2018-10-30 01:04:07,590] - Script::install_py_dlls(): PyInit__elementtree
 DEBUG root [2018-10-30 01:04:07,620] - Script::install_py_dlls(): PyInit_unicodedata
  INFO root [2018-10-30 01:04:07,653] - Script::install(): is successfully, Python=(3.4.2 (default, Apr 29 2018, 15:52:37) [MSC v.1913 32 bit (Intel)])!
  INFO root [2018-10-30 01:04:07,654] - Script::install(): KBExtra is successfully!
S_INFO root [2018-10-30 01:04:07,662] - onInterfaceAppReady: bootstrapGroupIndex=0, bootstrapGlobalIndex=0
  INFO root [2018-10-30 01:04:07,668] - TelnetServer server is running on port 33000
  INFO root [2018-10-30 01:04:07,961] - ---- interfaces is running ----
 DEBUG root [2018-10-30 01:04:07,962] - Components::process(): Request for the process of identity...
  INFO root [2018-10-30 01:04:15,163] - Components::process(): Found all the components!
  WARN root [2018-10-30 01:06:59,877] - TCPPacketReceiver::processPendingEvents(127.0.0.1:50333): Throwing REASON_GENERAL_NETWORK - WSAECONNRESET
  INFO root [2018-10-30 01:07:00,931] - 
  INFO root [2018-10-30 01:07:00,934] - -----------------------------------------------------------------------------------------


  INFO root [2018-10-30 01:07:00,934] - Resmgr::initialize: KBE_ROOT=E:/kbengine/
  INFO root [2018-10-30 01:07:00,934] - Resmgr::initialize: KBE_RES_PATH=E:/kbengine/kbe/res/;E:/kbengine/assets/;E:/kbengine/assets/scripts/;E:/kbengine/assets/res/
  INFO root [2018-10-30 01:07:00,934] - Resmgr::initialize: KBE_BIN_PATH=E:/kbengine/kbe/bin/server/
  INFO root [2018-10-30 01:07:00,947] - NetworkInterface::initialize(INTERNAL): bound to all interfaces with default route interface on 192.168.0.107 ( 192.168.0.107:30099 )
  INFO root [2018-10-30 01:07:00,947] - NetworkInterface::initialize(INTERNAL): address 192.168.0.107:30099, SOMAXCONN=5.
  INFO root [2018-10-30 01:07:00,954] - ---- interfaces Version: 2.0.0. ScriptVersion: 0.1.0. Protocol: A3D4913C83C4082A29723B2DA267A5B0. Config: Debug X86. Built: 15:52:41 Apr 29 2018. AppID: 3000. UID: 21439. PID: 5492 ----
  INFO root [2018-10-30 01:07:00,954] - Server : Intel(R) Xeon(R) CPU E3-1230 v3 @ 3.30GHz with 4194303kB RAM
  INFO root [2018-10-30 01:07:00,954] - ThreadPool::createThreadPool: creating  threadpool...
  INFO root [2018-10-30 01:07:00,955] - ThreadPool::createThreadPool: successfully(2), newThreadCount=1, normalMaxThreadCount=2, maxThreadCount=8
 DEBUG root [2018-10-30 01:07:01,084] - Script::install_py_dlls(): PyInit_pyexpat
 DEBUG root [2018-10-30 01:07:01,085] - Script::install_py_dlls(): PyInit__socket
 DEBUG root [2018-10-30 01:07:01,085] - Script::install_py_dlls(): PyInit__ssl
 DEBUG root [2018-10-30 01:07:01,089] - Script::install_py_dlls(): PyInit__hashlib
 DEBUG root [2018-10-30 01:07:01,089] - Script::install_py_dlls(): PyInit_select
 DEBUG root [2018-10-30 01:07:01,089] - Script::install_py_dlls(): PyInit__ctypes
 DEBUG root [2018-10-30 01:07:01,090] - Script::install_py_dlls(): PyInit__elementtree
 DEBUG root [2018-10-30 01:07:01,121] - Script::install_py_dlls(): PyInit_unicodedata
  INFO root [2018-10-30 01:07:01,152] - Script::install(): is successfully, Python=(3.4.2 (default, Apr 29 2018, 15:52:37) [MSC v.1913 32 bit (Intel)])!
  INFO root [2018-10-30 01:07:01,152] - Script::install(): KBExtra is successfully!
S_INFO root [2018-10-30 01:07:01,161] - onInterfaceAppReady: bootstrapGroupIndex=0, bootstrapGlobalIndex=0
  INFO root [2018-10-30 01:07:01,167] - TelnetServer server is running on port 33000
  INFO root [2018-10-30 01:07:01,440] - ---- interfaces is running ----
 DEBUG root [2018-10-30 01:07:01,441] - Components::process(): Request for the process of identity...
  INFO root [2018-10-30 01:07:08,637] - Components::process(): Found all the components!
  WARN root [2018-10-30 01:07:38,193] - TCPPacketReceiver::processPendingEvents(127.0.0.1:50411): Throwing REASON_GENERAL_NETWORK - WSAECONNRESET
  INFO root [2018-10-30 01:07:39,256] - 
  INFO root [2018-10-30 01:07:39,256] - -----------------------------------------------------------------------------------------


  INFO root [2018-10-30 01:07:39,257] - Resmgr::initialize: KBE_ROOT=E:/kbengine/
  INFO root [2018-10-30 01:07:39,257] - Resmgr::initialize: KBE_RES_PATH=E:/kbengine/kbe/res/;E:/kbengine/assets/;E:/kbengine/assets/scripts/;E:/kbengine/assets/res/
  INFO root [2018-10-30 01:07:39,257] - Resmgr::initialize: KBE_BIN_PATH=E:/kbengine/kbe/bin/server/
  INFO root [2018-10-30 01:07:39,270] - NetworkInterface::initialize(INTERNAL): bound to all interfaces with default route interface on 192.168.0.107 ( 192.168.0.107:30099 )
  INFO root [2018-10-30 01:07:39,271] - NetworkInterface::initialize(INTERNAL): address 192.168.0.107:30099, SOMAXCONN=5.
  INFO root [2018-10-30 01:07:39,278] - ---- interfaces Version: 2.0.0. ScriptVersion: 0.1.0. Protocol: A3D4913C83C4082A29723B2DA267A5B0. Config: Debug X86. Built: 15:52:41 Apr 29 2018. AppID: 3000. UID: 21566. PID: 9544 ----
  INFO root [2018-10-30 01:07:39,278] - Server : Intel(R) Xeon(R) CPU E3-1230 v3 @ 3.30GHz with 4194303kB RAM
  INFO root [2018-10-30 01:07:39,279] - ThreadPool::createThreadPool: creating  threadpool...
  INFO root [2018-10-30 01:07:39,279] - ThreadPool::createThreadPool: successfully(2), newThreadCount=1, normalMaxThreadCount=2, maxThreadCount=8
 DEBUG root [2018-10-30 01:07:39,405] - Script::install_py_dlls(): PyInit_pyexpat
 DEBUG root [2018-10-30 01:07:39,405] - Script::install_py_dlls(): PyInit__socket
 DEBUG root [2018-10-30 01:07:39,405] - Script::install_py_dlls(): PyInit__ssl
 DEBUG root [2018-10-30 01:07:39,408] - Script::install_py_dlls(): PyInit__hashlib
 DEBUG root [2018-10-30 01:07:39,408] - Script::install_py_dlls(): PyInit_select
 DEBUG root [2018-10-30 01:07:39,409] - Script::install_py_dlls(): PyInit__ctypes
 DEBUG root [2018-10-30 01:07:39,409] - Script::install_py_dlls(): PyInit__elementtree
 DEBUG root [2018-10-30 01:07:39,436] - Script::install_py_dlls(): PyInit_unicodedata
  INFO root [2018-10-30 01:07:39,467] - Script::install(): is successfully, Python=(3.4.2 (default, Apr 29 2018, 15:52:37) [MSC v.1913 32 bit (Intel)])!
  INFO root [2018-10-30 01:07:39,467] - Script::install(): KBExtra is successfully!
S_INFO root [2018-10-30 01:07:39,474] - onInterfaceAppReady: bootstrapGroupIndex=0, bootstrapGlobalIndex=0
  INFO root [2018-10-30 01:07:39,483] - TelnetServer server is running on port 33000
  INFO root [2018-10-30 01:07:39,766] - ---- interfaces is running ----
 DEBUG root [2018-10-30 01:07:39,766] - Components::process(): Request for the process of identity...
  INFO root [2018-10-30 01:07:46,959] - Components::process(): Found all the components!
  WARN root [2018-10-30 01:07:50,111] - TCPPacketReceiver::processPendingEvents(127.0.0.1:50449): Throwing REASON_GENERAL_NETWORK - WSAECONNRESET
  INFO root [2018-10-30 01:08:12,816] - 
  INFO root [2018-10-30 01:08:12,816] - -----------------------------------------------------------------------------------------


  INFO root [2018-10-30 01:08:12,817] - Resmgr::initialize: KBE_ROOT=E:/kbengine/
  INFO root [2018-10-30 01:08:12,817] - Resmgr::initialize: KBE_RES_PATH=E:/kbengine/kbe/res/;E:/kbengine/assets/;E:/kbengine/assets/scripts/;E:/kbengine/assets/res/
  INFO root [2018-10-30 01:08:12,817] - Resmgr::initialize: KBE_BIN_PATH=E:/kbengine/kbe/bin/server/
  INFO root [2018-10-30 01:08:12,831] - NetworkInterface::initialize(INTERNAL): bound to all interfaces with default route interface on 192.168.0.107 ( 192.168.0.107:30099 )
  INFO root [2018-10-30 01:08:12,831] - NetworkInterface::initialize(INTERNAL): address 192.168.0.107:30099, SOMAXCONN=5.
  INFO root [2018-10-30 01:08:12,835] - ---- interfaces Version: 2.0.0. ScriptVersion: 0.1.0. Protocol: A3D4913C83C4082A29723B2DA267A5B0. Config: Debug X86. Built: 15:52:41 Apr 29 2018. AppID: 3000. UID: 21674. PID: 4524 ----
  INFO root [2018-10-30 01:08:12,835] - Server : Intel(R) Xeon(R) CPU E3-1230 v3 @ 3.30GHz with 4194303kB RAM
  INFO root [2018-10-30 01:08:12,835] - ThreadPool::createThreadPool: creating  threadpool...
  INFO root [2018-10-30 01:08:12,836] - ThreadPool::createThreadPool: successfully(2), newThreadCount=1, normalMaxThreadCount=2, maxThreadCount=8
 DEBUG root [2018-10-30 01:08:12,962] - Script::install_py_dlls(): PyInit_pyexpat
 DEBUG root [2018-10-30 01:08:12,963] - Script::install_py_dlls(): PyInit__socket
 DEBUG root [2018-10-30 01:08:12,963] - Script::install_py_dlls(): PyInit__ssl
 DEBUG root [2018-10-30 01:08:12,966] - Script::install_py_dlls(): PyInit__hashlib
 DEBUG root [2018-10-30 01:08:12,966] - Script::install_py_dlls(): PyInit_select
 DEBUG root [2018-10-30 01:08:12,966] - Script::install_py_dlls(): PyInit__ctypes
 DEBUG root [2018-10-30 01:08:12,967] - Script::install_py_dlls(): PyInit__elementtree
 DEBUG root [2018-10-30 01:08:12,998] - Script::install_py_dlls(): PyInit_unicodedata
  INFO root [2018-10-30 01:08:13,030] - Script::install(): is successfully, Python=(3.4.2 (default, Apr 29 2018, 15:52:37) [MSC v.1913 32 bit (Intel)])!
  INFO root [2018-10-30 01:08:13,030] - Script::install(): KBExtra is successfully!
S_INFO root [2018-10-30 01:08:13,040] - onInterfaceAppReady: bootstrapGroupIndex=0, bootstrapGlobalIndex=0
  INFO root [2018-10-30 01:08:13,046] - TelnetServer server is running on port 33000
  INFO root [2018-10-30 01:08:13,319] - ---- interfaces is running ----
 DEBUG root [2018-10-30 01:08:13,320] - Components::process(): Request for the process of identity...
  INFO root [2018-10-30 01:08:20,441] - Components::process(): Found all the components!
  WARN root [2018-10-30 01:08:21,186] - TCPPacketReceiver::processPendingEvents(127.0.0.1:50469): Throwing REASON_GENERAL_NETWORK - WSAECONNRESET
  INFO root [2018-10-30 01:16:40,646] - 
  INFO root [2018-10-30 01:16:40,646] - -----------------------------------------------------------------------------------------


  INFO root [2018-10-30 01:16:40,647] - Resmgr::initialize: KBE_ROOT=E:/kbengine/
  INFO root [2018-10-30 01:16:40,647] - Resmgr::initialize: KBE_RES_PATH=E:/kbengine/kbe/res/;E:/kbengine/assets/;E:/kbengine/assets/scripts/;E:/kbengine/assets/res/
  INFO root [2018-10-30 01:16:40,647] - Resmgr::initialize: KBE_BIN_PATH=E:/kbengine/kbe/bin/server/
  INFO root [2018-10-30 01:16:40,665] - NetworkInterface::initialize(INTERNAL): bound to all interfaces with default route interface on 192.168.0.107 ( 192.168.0.107:30099 )
  INFO root [2018-10-30 01:16:40,666] - NetworkInterface::initialize(INTERNAL): address 192.168.0.107:30099, SOMAXCONN=5.
  INFO root [2018-10-30 01:16:40,674] - ---- interfaces Version: 2.0.0. ScriptVersion: 0.1.0. Protocol: A3D4913C83C4082A29723B2DA267A5B0. Config: Debug X86. Built: 15:52:41 Apr 29 2018. AppID: 3000. UID: 23333. PID: 9380 ----
  INFO root [2018-10-30 01:16:40,674] - Server : Intel(R) Xeon(R) CPU E3-1230 v3 @ 3.30GHz with 4194303kB RAM
  INFO root [2018-10-30 01:16:40,674] - ThreadPool::createThreadPool: creating  threadpool...
  INFO root [2018-10-30 01:16:40,674] - ThreadPool::createThreadPool: successfully(2), newThreadCount=1, normalMaxThreadCount=2, maxThreadCount=8
 DEBUG root [2018-10-30 01:16:40,801] - Script::install_py_dlls(): PyInit_pyexpat
 DEBUG root [2018-10-30 01:16:40,801] - Script::install_py_dlls(): PyInit__socket
 DEBUG root [2018-10-30 01:16:40,802] - Script::install_py_dlls(): PyInit__ssl
 DEBUG root [2018-10-30 01:16:40,805] - Script::install_py_dlls(): PyInit__hashlib
 DEBUG root [2018-10-30 01:16:40,806] - Script::install_py_dlls(): PyInit_select
 DEBUG root [2018-10-30 01:16:40,806] - Script::install_py_dlls(): PyInit__ctypes
 DEBUG root [2018-10-30 01:16:40,807] - Script::install_py_dlls(): PyInit__elementtree
 DEBUG root [2018-10-30 01:16:40,839] - Script::install_py_dlls(): PyInit_unicodedata
  INFO root [2018-10-30 01:16:40,873] - Script::install(): is successfully, Python=(3.4.2 (default, Apr 29 2018, 15:52:37) [MSC v.1913 32 bit (Intel)])!
  INFO root [2018-10-30 01:16:40,873] - Script::install(): KBExtra is successfully!
S_INFO root [2018-10-30 01:16:40,881] - onInterfaceAppReady: bootstrapGroupIndex=0, bootstrapGlobalIndex=0
  INFO root [2018-10-30 01:16:40,889] - TelnetServer server is running on port 33000
  INFO root [2018-10-30 01:16:41,182] - ---- interfaces is running ----
 DEBUG root [2018-10-30 01:16:41,182] - Components::process(): Request for the process of identity...
  INFO root [2018-10-30 01:16:48,350] - Components::process(): Found all the components!
  WARN root [2018-10-30 01:17:55,084] - TCPPacketReceiver::processPendingEvents(127.0.0.1:52664): Throwing REASON_GENERAL_NETWORK - WSAECONNRESET
  INFO root [2018-10-30 01:17:56,174] - 
  INFO root [2018-10-30 01:17:56,178] - -----------------------------------------------------------------------------------------


  INFO root [2018-10-30 01:17:56,178] - Resmgr::initialize: KBE_ROOT=E:/kbengine/
  INFO root [2018-10-30 01:17:56,179] - Resmgr::initialize: KBE_RES_PATH=E:/kbengine/kbe/res/;E:/kbengine/assets/;E:/kbengine/assets/scripts/;E:/kbengine/assets/res/
  INFO root [2018-10-30 01:17:56,179] - Resmgr::initialize: KBE_BIN_PATH=E:/kbengine/kbe/bin/server/
  INFO root [2018-10-30 01:17:56,190] - NetworkInterface::initialize(INTERNAL): bound to all interfaces with default route interface on 192.168.0.107 ( 192.168.0.107:30099 )
  INFO root [2018-10-30 01:17:56,190] - NetworkInterface::initialize(INTERNAL): address 192.168.0.107:30099, SOMAXCONN=5.
  INFO root [2018-10-30 01:17:56,193] - ---- interfaces Version: 2.0.0. ScriptVersion: 0.1.0. Protocol: A3D4913C83C4082A29723B2DA267A5B0. Config: Debug X86. Built: 15:52:41 Apr 29 2018. AppID: 3000. UID: 23578. PID: 11180 ----
  INFO root [2018-10-30 01:17:56,198] - Server : Intel(R) Xeon(R) CPU E3-1230 v3 @ 3.30GHz with 4194303kB RAM
  INFO root [2018-10-30 01:17:56,198] - ThreadPool::createThreadPool: creating  threadpool...
  INFO root [2018-10-30 01:17:56,199] - ThreadPool::createThreadPool: successfully(2), newThreadCount=1, normalMaxThreadCount=2, maxThreadCount=8
 DEBUG root [2018-10-30 01:17:56,332] - Script::install_py_dlls(): PyInit_pyexpat
 DEBUG root [2018-10-30 01:17:56,332] - Script::install_py_dlls(): PyInit__socket
 DEBUG root [2018-10-30 01:17:56,333] - Script::install_py_dlls(): PyInit__ssl
 DEBUG root [2018-10-30 01:17:56,336] - Script::install_py_dlls(): PyInit__hashlib
 DEBUG root [2018-10-30 01:17:56,336] - Script::install_py_dlls(): PyInit_select
 DEBUG root [2018-10-30 01:17:56,336] - Script::install_py_dlls(): PyInit__ctypes
 DEBUG root [2018-10-30 01:17:56,336] - Script::install_py_dlls(): PyInit__elementtree
 DEBUG root [2018-10-30 01:17:56,365] - Script::install_py_dlls(): PyInit_unicodedata
  INFO root [2018-10-30 01:17:56,393] - Script::install(): is successfully, Python=(3.4.2 (default, Apr 29 2018, 15:52:37) [MSC v.1913 32 bit (Intel)])!
  INFO root [2018-10-30 01:17:56,394] - Script::install(): KBExtra is successfully!
S_INFO root [2018-10-30 01:17:56,401] - onInterfaceAppReady: bootstrapGroupIndex=0, bootstrapGlobalIndex=0
  INFO root [2018-10-30 01:17:56,407] - TelnetServer server is running on port 33000
  INFO root [2018-10-30 01:17:56,699] - ---- interfaces is running ----
 DEBUG root [2018-10-30 01:17:56,699] - Components::process(): Request for the process of identity...
  INFO root [2018-10-30 01:18:03,780] - Components::process(): Found all the components!
  WARN root [2018-10-30 01:18:27,778] - TCPPacketReceiver::processPendingEvents(127.0.0.1:52711): Throwing REASON_GENERAL_NETWORK - WSAECONNRESET
  INFO root [2018-10-30 01:18:28,878] - 
  INFO root [2018-10-30 01:18:28,879] - -----------------------------------------------------------------------------------------


  INFO root [2018-10-30 01:18:28,880] - Resmgr::initialize: KBE_ROOT=E:/kbengine/
  INFO root [2018-10-30 01:18:28,880] - Resmgr::initialize: KBE_RES_PATH=E:/kbengine/kbe/res/;E:/kbengine/assets/;E:/kbengine/assets/scripts/;E:/kbengine/assets/res/
  INFO root [2018-10-30 01:18:28,880] - Resmgr::initialize: KBE_BIN_PATH=E:/kbengine/kbe/bin/server/
  INFO root [2018-10-30 01:18:28,885] - NetworkInterface::initialize(INTERNAL): bound to all interfaces with default route interface on 192.168.0.107 ( 192.168.0.107:30099 )
  INFO root [2018-10-30 01:18:28,885] - NetworkInterface::initialize(INTERNAL): address 192.168.0.107:30099, SOMAXCONN=5.
  INFO root [2018-10-30 01:18:28,890] - ---- interfaces Version: 2.0.0. ScriptVersion: 0.1.0. Protocol: A3D4913C83C4082A29723B2DA267A5B0. Config: Debug X86. Built: 15:52:41 Apr 29 2018. AppID: 3000. UID: 23686. PID: 10840 ----
  INFO root [2018-10-30 01:18:28,890] - Server : Intel(R) Xeon(R) CPU E3-1230 v3 @ 3.30GHz with 4194303kB RAM
  INFO root [2018-10-30 01:18:28,890] - ThreadPool::createThreadPool: creating  threadpool...
  INFO root [2018-10-30 01:18:28,890] - ThreadPool::createThreadPool: successfully(2), newThreadCount=1, normalMaxThreadCount=2, maxThreadCount=8
 DEBUG root [2018-10-30 01:18:29,021] - Script::install_py_dlls(): PyInit_pyexpat
 DEBUG root [2018-10-30 01:18:29,021] - Script::install_py_dlls(): PyInit__socket
 DEBUG root [2018-10-30 01:18:29,022] - Script::install_py_dlls(): PyInit__ssl
 DEBUG root [2018-10-30 01:18:29,025] - Script::install_py_dlls(): PyInit__hashlib
 DEBUG root [2018-10-30 01:18:29,025] - Script::install_py_dlls(): PyInit_select
 DEBUG root [2018-10-30 01:18:29,025] - Script::install_py_dlls(): PyInit__ctypes
 DEBUG root [2018-10-30 01:18:29,026] - Script::install_py_dlls(): PyInit__elementtree
 DEBUG root [2018-10-30 01:18:29,058] - Script::install_py_dlls(): PyInit_unicodedata
  INFO root [2018-10-30 01:18:29,094] - Script::install(): is successfully, Python=(3.4.2 (default, Apr 29 2018, 15:52:37) [MSC v.1913 32 bit (Intel)])!
  INFO root [2018-10-30 01:18:29,094] - Script::install(): KBExtra is successfully!
S_INFO root [2018-10-30 01:18:29,102] - onInterfaceAppReady: bootstrapGroupIndex=0, bootstrapGlobalIndex=0
  INFO root [2018-10-30 01:18:29,108] - TelnetServer server is running on port 33000
  INFO root [2018-10-30 01:18:29,414] - ---- interfaces is running ----
 DEBUG root [2018-10-30 01:18:29,415] - Components::process(): Request for the process of identity...
  INFO root [2018-10-30 01:18:36,603] - Components::process(): Found all the components!
  WARN root [2018-10-30 01:18:56,464] - TCPPacketReceiver::processPendingEvents(127.0.0.1:52751): Throwing REASON_GENERAL_NETWORK - WSAECONNRESET
