  INFO root [2018-05-01 12:12:04,549] - 
  INFO root [2018-05-01 12:12:04,744] - -----------------------------------------------------------------------------------------


  INFO root [2018-05-01 12:12:08,161] - Resmgr::initialize: KBE_ROOT=E:/kbengine/
  INFO root [2018-05-01 12:12:08,161] - Resmgr::initialize: KBE_RES_PATH=E:/kbengine/kbe/res/;E:/kbengine/assets/;E:/kbengine/assets/scripts/;E:/kbengine/assets/res/
  INFO root [2018-05-01 12:12:08,161] - Resmgr::initialize: KBE_BIN_PATH=E:/kbengine/kbe/bin/server/
  INFO root [2018-05-01 12:12:08,934] - NetworkInterface::initialize(INTERNAL): bound to all interfaces with default route interface on 192.168.0.106 ( 192.168.0.106:30099 )
  INFO root [2018-05-01 12:12:08,988] - NetworkInterface::initialize(INTERNAL): address 192.168.0.106:30099, SOMAXCONN=5.
  INFO root [2018-05-01 12:12:09,403] - ---- interfaces Version: 2.0.0. ScriptVersion: 0.1.0. Protocol: A3D4913C83C4082A29723B2DA267A5B0. Config: Debug X86. Built: 15:52:41 Apr 29 2018. AppID: 3000. UID: 17503. PID: 7116 ----
  INFO root [2018-05-01 12:12:09,404] - Server : Intel(R) Xeon(R) CPU E3-1230 v3 @ 3.30GHz with 4194303kB RAM
  INFO root [2018-05-01 12:12:09,596] - ThreadPool::createThreadPool: creating  threadpool...
  INFO root [2018-05-01 12:12:09,597] - ThreadPool::createThreadPool: successfully(2), newThreadCount=1, normalMaxThreadCount=2, maxThreadCount=8
 DEBUG root [2018-05-01 12:12:19,569] - Script::install_py_dlls(): PyInit_pyexpat
 DEBUG root [2018-05-01 12:12:19,732] - Script::install_py_dlls(): PyInit__socket
 DEBUG root [2018-05-01 12:12:20,004] - Script::install_py_dlls(): PyInit__ssl
 DEBUG root [2018-05-01 12:12:20,918] - Script::install_py_dlls(): PyInit__hashlib
 DEBUG root [2018-05-01 12:12:21,140] - Script::install_py_dlls(): PyInit_select
 DEBUG root [2018-05-01 12:12:21,202] - Script::install_py_dlls(): PyInit__ctypes
 DEBUG root [2018-05-01 12:12:21,272] - Script::install_py_dlls(): PyInit__elementtree
 DEBUG root [2018-05-01 12:12:22,889] - Script::install_py_dlls(): PyInit_unicodedata
  INFO root [2018-05-01 12:12:29,771] - Script::install(): is successfully, Python=(3.4.2 (default, Apr 29 2018, 15:52:37) [MSC v.1913 32 bit (Intel)])!
  INFO root [2018-05-01 12:12:29,771] - Script::install(): KBExtra is successfully!
S_INFO root [2018-05-01 12:12:30,341] - onInterfaceAppReady: bootstrapGroupIndex=0, bootstrapGlobalIndex=0
  INFO root [2018-05-01 12:12:30,562] - TelnetServer server is running on port 33000
  WARN root [2018-05-01 12:12:30,562] - e:\kbengine\kbe\src\server\tools\interfaces\interfaces.cpp:146: Profile scriptCall took 0.22 seconds
  INFO root [2018-05-01 12:12:31,124] - ---- interfaces is running ----
 DEBUG root [2018-05-01 12:12:31,291] - Components::process(): Request for the process of identity...
  INFO root [2018-05-01 12:12:38,745] - Components::process(): Found all the components!
S_INFO root [2018-05-01 12:14:16,261] - onRequestAccountLogin: registerName=1
S_INFO root [2018-05-01 12:15:38,544] - onRequestAccountLogin: registerName=1
S_INFO root [2018-05-01 12:19:25,448] - onRequestAccountLogin: registerName=1
  WARN root [2018-05-01 12:57:57,076] - TCPPacketReceiver::processPendingEvents(127.0.0.1:50735): Throwing REASON_GENERAL_NETWORK - WSAECONNRESET
  INFO root [2018-05-01 12:57:58,262] - 
  INFO root [2018-05-01 12:57:58,263] - -----------------------------------------------------------------------------------------


  INFO root [2018-05-01 12:57:58,263] - Resmgr::initialize: KBE_ROOT=E:/kbengine/
  INFO root [2018-05-01 12:57:58,263] - Resmgr::initialize: KBE_RES_PATH=E:/kbengine/kbe/res/;E:/kbengine/assets/;E:/kbengine/assets/scripts/;E:/kbengine/assets/res/
  INFO root [2018-05-01 12:57:58,264] - Resmgr::initialize: KBE_BIN_PATH=E:/kbengine/kbe/bin/server/
  INFO root [2018-05-01 12:57:58,270] - NetworkInterface::initialize(INTERNAL): bound to all interfaces with default route interface on 192.168.0.106 ( 192.168.0.106:30099 )
  INFO root [2018-05-01 12:57:58,270] - NetworkInterface::initialize(INTERNAL): address 192.168.0.106:30099, SOMAXCONN=5.
  INFO root [2018-05-01 12:57:58,286] - ---- interfaces Version: 2.0.0. ScriptVersion: 0.1.0. Protocol: A3D4913C83C4082A29723B2DA267A5B0. Config: Debug X86. Built: 15:52:41 Apr 29 2018. AppID: 3000. UID: 26543. PID: 4944 ----
  INFO root [2018-05-01 12:57:58,292] - Server : Intel(R) Xeon(R) CPU E3-1230 v3 @ 3.30GHz with 4194303kB RAM
  INFO root [2018-05-01 12:57:58,293] - ThreadPool::createThreadPool: creating  threadpool...
  INFO root [2018-05-01 12:57:58,293] - ThreadPool::createThreadPool: successfully(2), newThreadCount=1, normalMaxThreadCount=2, maxThreadCount=8
 DEBUG root [2018-05-01 12:57:58,420] - Script::install_py_dlls(): PyInit_pyexpat
 DEBUG root [2018-05-01 12:57:58,420] - Script::install_py_dlls(): PyInit__socket
 DEBUG root [2018-05-01 12:57:58,421] - Script::install_py_dlls(): PyInit__ssl
 DEBUG root [2018-05-01 12:57:58,424] - Script::install_py_dlls(): PyInit__hashlib
 DEBUG root [2018-05-01 12:57:58,424] - Script::install_py_dlls(): PyInit_select
 DEBUG root [2018-05-01 12:57:58,424] - Script::install_py_dlls(): PyInit__ctypes
 DEBUG root [2018-05-01 12:57:58,425] - Script::install_py_dlls(): PyInit__elementtree
 DEBUG root [2018-05-01 12:57:58,458] - Script::install_py_dlls(): PyInit_unicodedata
  INFO root [2018-05-01 12:57:58,494] - Script::install(): is successfully, Python=(3.4.2 (default, Apr 29 2018, 15:52:37) [MSC v.1913 32 bit (Intel)])!
  INFO root [2018-05-01 12:57:58,494] - Script::install(): KBExtra is successfully!
S_INFO root [2018-05-01 12:57:58,503] - onInterfaceAppReady: bootstrapGroupIndex=0, bootstrapGlobalIndex=0
  INFO root [2018-05-01 12:57:58,510] - TelnetServer server is running on port 33000
  INFO root [2018-05-01 12:57:58,793] - ---- interfaces is running ----
 DEBUG root [2018-05-01 12:57:58,805] - Components::process(): Request for the process of identity...
  INFO root [2018-05-01 12:58:06,004] - Components::process(): Found all the components!
S_INFO root [2018-05-01 12:58:32,505] - onRequestAccountLogin: registerName=1
S_INFO root [2018-05-01 13:00:33,107] - onRequestAccountLogin: registerName=1
