  INFO root [2018-08-23 10:58:57,941] - 
  INFO root [2018-08-23 10:58:58,049] - -----------------------------------------------------------------------------------------


  INFO root [2018-08-23 10:59:00,926] - Resmgr::initialize: KBE_ROOT=E:/kbengine/
  INFO root [2018-08-23 10:59:00,927] - Resmgr::initialize: KBE_RES_PATH=E:/kbengine/kbe/res/;E:/kbengine/assets/;E:/kbengine/assets/scripts/;E:/kbengine/assets/res/
  INFO root [2018-08-23 10:59:00,928] - Resmgr::initialize: KBE_BIN_PATH=E:/kbengine/kbe/bin/server/
  INFO root [2018-08-23 10:59:01,966] - NetworkInterface::initialize(INTERNAL): bound to all interfaces with default route interface on 192.168.0.106 ( 192.168.0.106:30099 )
  INFO root [2018-08-23 10:59:02,028] - NetworkInterface::initialize(INTERNAL): address 192.168.0.106:30099, SOMAXCONN=5.
  INFO root [2018-08-23 10:59:03,089] - ---- interfaces Version: 2.0.0. ScriptVersion: 0.1.0. Protocol: A3D4913C83C4082A29723B2DA267A5B0. Config: Debug X86. Built: 15:52:41 Apr 29 2018. AppID: 3000. UID: 22428. PID: 7652 ----
  INFO root [2018-08-23 10:59:03,091] - Server : Intel(R) Xeon(R) CPU E3-1230 v3 @ 3.30GHz with 4194303kB RAM
  INFO root [2018-08-23 10:59:03,287] - ThreadPool::createThreadPool: creating  threadpool...
  INFO root [2018-08-23 10:59:03,288] - ThreadPool::createThreadPool: successfully(2), newThreadCount=1, normalMaxThreadCount=2, maxThreadCount=8
 DEBUG root [2018-08-23 10:59:11,101] - Script::install_py_dlls(): PyInit_pyexpat
 DEBUG root [2018-08-23 10:59:11,256] - Script::install_py_dlls(): PyInit__socket
 DEBUG root [2018-08-23 10:59:11,328] - Script::install_py_dlls(): PyInit__ssl
 DEBUG root [2018-08-23 10:59:12,913] - Script::install_py_dlls(): PyInit__hashlib
 DEBUG root [2018-08-23 10:59:12,980] - Script::install_py_dlls(): PyInit_select
 DEBUG root [2018-08-23 10:59:13,209] - Script::install_py_dlls(): PyInit__ctypes
 DEBUG root [2018-08-23 10:59:13,312] - Script::install_py_dlls(): PyInit__elementtree
 DEBUG root [2018-08-23 10:59:14,328] - Script::install_py_dlls(): PyInit_unicodedata
  INFO root [2018-08-23 10:59:17,519] - Script::install(): is successfully, Python=(3.4.2 (default, Apr 29 2018, 15:52:37) [MSC v.1913 32 bit (Intel)])!
  INFO root [2018-08-23 10:59:17,520] - Script::install(): KBExtra is successfully!
S_INFO root [2018-08-23 10:59:17,947] - onInterfaceAppReady: bootstrapGroupIndex=0, bootstrapGlobalIndex=0
  INFO root [2018-08-23 10:59:18,269] - TelnetServer server is running on port 33000
  WARN root [2018-08-23 10:59:18,270] - e:\kbengine\kbe\src\server\tools\interfaces\interfaces.cpp:146: Profile scriptCall took 0.32 seconds
  INFO root [2018-08-23 10:59:18,876] - ---- interfaces is running ----
 DEBUG root [2018-08-23 10:59:19,232] - Components::process(): Request for the process of identity...
  INFO root [2018-08-23 10:59:26,947] - Components::process(): Found all the components!
S_INFO root [2018-08-23 11:00:06,460] - onRequestAccountLogin: registerName=1
S_INFO root [2018-08-23 11:00:54,548] - onRequestAccountLogin: registerName=1
S_INFO root [2018-08-23 11:01:05,648] - onRequestAccountLogin: registerName=2
S_INFO root [2018-08-23 11:01:16,948] - onRequestAccountLogin: registerName=2
S_INFO root [2018-08-23 11:01:59,649] - onRequestAccountLogin: registerName=1
S_INFO root [2018-08-23 11:02:37,549] - onRequestAccountLogin: registerName=1
S_INFO root [2018-08-23 11:03:02,549] - onRequestAccountLogin: registerName=2
S_INFO root [2018-08-23 11:03:23,849] - onRequestAccountLogin: registerName=1
S_INFO root [2018-08-23 11:04:06,549] - onRequestAccountLogin: registerName=2
S_INFO root [2018-08-23 11:04:22,850] - onRequestAccountLogin: registerName=2
S_INFO root [2018-08-23 11:04:34,651] - onRequestAccountLogin: registerName=1
S_INFO root [2018-08-23 11:05:22,450] - onRequestAccountLogin: registerName=2
S_INFO root [2018-08-23 11:14:10,454] - onRequestAccountLogin: registerName=2
S_INFO root [2018-08-23 11:18:27,555] - onRequestAccountLogin: registerName=2
  WARN root [2018-08-23 11:21:07,083] - TCPPacketReceiver::processPendingEvents(127.0.0.1:50038): Throwing REASON_GENERAL_NETWORK - WSAECONNRESET
  INFO root [2018-08-23 11:21:08,242] - 
  INFO root [2018-08-23 11:21:08,247] - -----------------------------------------------------------------------------------------


  INFO root [2018-08-23 11:21:08,248] - Resmgr::initialize: KBE_ROOT=E:/kbengine/
  INFO root [2018-08-23 11:21:08,248] - Resmgr::initialize: KBE_RES_PATH=E:/kbengine/kbe/res/;E:/kbengine/assets/;E:/kbengine/assets/scripts/;E:/kbengine/assets/res/
  INFO root [2018-08-23 11:21:08,248] - Resmgr::initialize: KBE_BIN_PATH=E:/kbengine/kbe/bin/server/
  INFO root [2018-08-23 11:21:08,257] - NetworkInterface::initialize(INTERNAL): bound to all interfaces with default route interface on 192.168.0.106 ( 192.168.0.106:30099 )
  INFO root [2018-08-23 11:21:08,257] - NetworkInterface::initialize(INTERNAL): address 192.168.0.106:30099, SOMAXCONN=5.
  INFO root [2018-08-23 11:21:08,262] - ---- interfaces Version: 2.0.0. ScriptVersion: 0.1.0. Protocol: A3D4913C83C4082A29723B2DA267A5B0. Config: Debug X86. Built: 15:52:41 Apr 29 2018. AppID: 3000. UID: 26811. PID: 6580 ----
  INFO root [2018-08-23 11:21:08,266] - Server : Intel(R) Xeon(R) CPU E3-1230 v3 @ 3.30GHz with 4194303kB RAM
  INFO root [2018-08-23 11:21:08,268] - ThreadPool::createThreadPool: creating  threadpool...
  INFO root [2018-08-23 11:21:08,268] - ThreadPool::createThreadPool: successfully(2), newThreadCount=1, normalMaxThreadCount=2, maxThreadCount=8
 DEBUG root [2018-08-23 11:21:08,402] - Script::install_py_dlls(): PyInit_pyexpat
 DEBUG root [2018-08-23 11:21:08,403] - Script::install_py_dlls(): PyInit__socket
 DEBUG root [2018-08-23 11:21:08,403] - Script::install_py_dlls(): PyInit__ssl
 DEBUG root [2018-08-23 11:21:08,406] - Script::install_py_dlls(): PyInit__hashlib
 DEBUG root [2018-08-23 11:21:08,406] - Script::install_py_dlls(): PyInit_select
 DEBUG root [2018-08-23 11:21:08,406] - Script::install_py_dlls(): PyInit__ctypes
 DEBUG root [2018-08-23 11:21:08,407] - Script::install_py_dlls(): PyInit__elementtree
 DEBUG root [2018-08-23 11:21:08,445] - Script::install_py_dlls(): PyInit_unicodedata
  INFO root [2018-08-23 11:21:08,474] - Script::install(): is successfully, Python=(3.4.2 (default, Apr 29 2018, 15:52:37) [MSC v.1913 32 bit (Intel)])!
  INFO root [2018-08-23 11:21:08,474] - Script::install(): KBExtra is successfully!
S_INFO root [2018-08-23 11:21:08,483] - onInterfaceAppReady: bootstrapGroupIndex=0, bootstrapGlobalIndex=0
  INFO root [2018-08-23 11:21:08,493] - TelnetServer server is running on port 33000
  INFO root [2018-08-23 11:21:08,778] - ---- interfaces is running ----
 DEBUG root [2018-08-23 11:21:08,779] - Components::process(): Request for the process of identity...
  WARN root [2018-08-23 11:21:12,131] - BundleBroadcast::BundleBroadcast: Cannot bind to port 20310, errorno=10048
  INFO root [2018-08-23 11:21:16,285] - Components::process(): Found all the components!
S_INFO root [2018-08-23 11:21:37,185] - onRequestAccountLogin: registerName=1
S_INFO root [2018-08-23 11:21:46,785] - onRequestAccountLogin: registerName=2
S_INFO root [2018-08-23 11:21:55,785] - onRequestAccountLogin: registerName=2
S_INFO root [2018-08-23 11:22:14,285] - onRequestAccountLogin: registerName=1
S_INFO root [2018-08-23 11:22:40,586] - onRequestAccountLogin: registerName=2
S_INFO root [2018-08-23 11:23:07,685] - onRequestAccountLogin: registerName=1
S_INFO root [2018-08-23 11:23:42,985] - onRequestAccountLogin: registerName=1
S_INFO root [2018-08-23 11:24:32,286] - onRequestAccountLogin: registerName=2
S_INFO root [2018-08-23 11:25:33,887] - onRequestAccountLogin: registerName=1
S_INFO root [2018-08-23 11:25:51,887] - onRequestAccountLogin: registerName=2
S_INFO root [2018-08-23 11:26:28,488] - onRequestAccountLogin: registerName=1
S_INFO root [2018-08-23 11:26:52,687] - onRequestAccountLogin: registerName=2
S_INFO root [2018-08-23 11:27:28,387] - onRequestAccountLogin: registerName=1
S_INFO root [2018-08-23 11:27:52,388] - onRequestAccountLogin: registerName=2
S_INFO root [2018-08-23 11:28:55,588] - onRequestAccountLogin: registerName=1
  WARN root [2018-08-23 11:35:16,808] - TCPPacketReceiver::processPendingEvents(127.0.0.1:50304): Throwing REASON_GENERAL_NETWORK - WSAECONNRESET
  INFO root [2018-08-23 11:35:17,959] - 
  INFO root [2018-08-23 11:35:17,960] - -----------------------------------------------------------------------------------------


  INFO root [2018-08-23 11:35:17,961] - Resmgr::initialize: KBE_ROOT=E:/kbengine/
  INFO root [2018-08-23 11:35:17,961] - Resmgr::initialize: KBE_RES_PATH=E:/kbengine/kbe/res/;E:/kbengine/assets/;E:/kbengine/assets/scripts/;E:/kbengine/assets/res/
  INFO root [2018-08-23 11:35:17,961] - Resmgr::initialize: KBE_BIN_PATH=E:/kbengine/kbe/bin/server/
  INFO root [2018-08-23 11:35:17,969] - NetworkInterface::initialize(INTERNAL): bound to all interfaces with default route interface on 192.168.0.106 ( 192.168.0.106:30099 )
  INFO root [2018-08-23 11:35:17,969] - NetworkInterface::initialize(INTERNAL): address 192.168.0.106:30099, SOMAXCONN=5.
  INFO root [2018-08-23 11:35:17,973] - ---- interfaces Version: 2.0.0. ScriptVersion: 0.1.0. Protocol: A3D4913C83C4082A29723B2DA267A5B0. Config: Debug X86. Built: 15:52:41 Apr 29 2018. AppID: 3000. UID: 29586. PID: 11528 ----
  INFO root [2018-08-23 11:35:17,973] - Server : Intel(R) Xeon(R) CPU E3-1230 v3 @ 3.30GHz with 4194303kB RAM
  INFO root [2018-08-23 11:35:17,973] - ThreadPool::createThreadPool: creating  threadpool...
  INFO root [2018-08-23 11:35:17,974] - ThreadPool::createThreadPool: successfully(2), newThreadCount=1, normalMaxThreadCount=2, maxThreadCount=8
 DEBUG root [2018-08-23 11:35:18,107] - Script::install_py_dlls(): PyInit_pyexpat
 DEBUG root [2018-08-23 11:35:18,108] - Script::install_py_dlls(): PyInit__socket
 DEBUG root [2018-08-23 11:35:18,108] - Script::install_py_dlls(): PyInit__ssl
 DEBUG root [2018-08-23 11:35:18,113] - Script::install_py_dlls(): PyInit__hashlib
 DEBUG root [2018-08-23 11:35:18,113] - Script::install_py_dlls(): PyInit_select
 DEBUG root [2018-08-23 11:35:18,113] - Script::install_py_dlls(): PyInit__ctypes
 DEBUG root [2018-08-23 11:35:18,114] - Script::install_py_dlls(): PyInit__elementtree
 DEBUG root [2018-08-23 11:35:18,151] - Script::install_py_dlls(): PyInit_unicodedata
  INFO root [2018-08-23 11:35:18,181] - Script::install(): is successfully, Python=(3.4.2 (default, Apr 29 2018, 15:52:37) [MSC v.1913 32 bit (Intel)])!
  INFO root [2018-08-23 11:35:18,181] - Script::install(): KBExtra is successfully!
S_INFO root [2018-08-23 11:35:18,189] - onInterfaceAppReady: bootstrapGroupIndex=0, bootstrapGlobalIndex=0
  INFO root [2018-08-23 11:35:18,198] - TelnetServer server is running on port 33000
  INFO root [2018-08-23 11:35:18,505] - ---- interfaces is running ----
 DEBUG root [2018-08-23 11:35:18,505] - Components::process(): Request for the process of identity...
  INFO root [2018-08-23 11:35:25,690] - Components::process(): Found all the components!
S_INFO root [2018-08-23 11:35:40,490] - onRequestAccountLogin: registerName=1
S_INFO root [2018-08-23 11:35:50,790] - onRequestAccountLogin: registerName=2
S_INFO root [2018-08-23 11:36:00,790] - onRequestAccountLogin: registerName=2
S_INFO root [2018-08-23 11:36:19,891] - onRequestAccountLogin: registerName=1
S_INFO root [2018-08-23 11:36:54,391] - onRequestAccountLogin: registerName=2
S_INFO root [2018-08-23 11:37:10,490] - onRequestAccountLogin: registerName=1
S_INFO root [2018-08-23 11:37:30,591] - onRequestAccountLogin: registerName=2
S_INFO root [2018-08-23 11:37:46,692] - onRequestAccountLogin: registerName=1
S_INFO root [2018-08-23 11:38:22,692] - onRequestAccountLogin: registerName=2
S_INFO root [2018-08-23 11:38:49,291] - onRequestAccountLogin: registerName=1
S_INFO root [2018-08-23 11:39:31,793] - onRequestAccountLogin: registerName=2
S_INFO root [2018-08-23 11:40:05,092] - onRequestAccountLogin: registerName=1
S_INFO root [2018-08-23 11:46:28,294] - onRequestAccountLogin: registerName=2
S_INFO root [2018-08-23 11:46:45,894] - onRequestAccountLogin: registerName=1
S_INFO root [2018-08-23 11:47:26,495] - onRequestAccountLogin: registerName=1
S_INFO root [2018-08-23 11:47:44,495] - onRequestAccountLogin: registerName=2
S_INFO root [2018-08-23 11:48:16,596] - onRequestAccountLogin: registerName=1
S_INFO root [2018-08-23 11:48:35,696] - onRequestAccountLogin: registerName=2
  WARN root [2018-08-23 11:52:27,208] - TCPPacketReceiver::processPendingEvents(127.0.0.1:50478): Throwing REASON_GENERAL_NETWORK - WSAECONNRESET
  INFO root [2018-08-23 11:52:28,334] - 
  INFO root [2018-08-23 11:52:28,339] - -----------------------------------------------------------------------------------------


  INFO root [2018-08-23 11:52:28,339] - Resmgr::initialize: KBE_ROOT=E:/kbengine/
  INFO root [2018-08-23 11:52:28,340] - Resmgr::initialize: KBE_RES_PATH=E:/kbengine/kbe/res/;E:/kbengine/assets/;E:/kbengine/assets/scripts/;E:/kbengine/assets/res/
  INFO root [2018-08-23 11:52:28,340] - Resmgr::initialize: KBE_BIN_PATH=E:/kbengine/kbe/bin/server/
  INFO root [2018-08-23 11:52:28,343] - NetworkInterface::initialize(INTERNAL): bound to all interfaces with default route interface on 192.168.0.106 ( 192.168.0.106:30099 )
  INFO root [2018-08-23 11:52:28,343] - NetworkInterface::initialize(INTERNAL): address 192.168.0.106:30099, SOMAXCONN=5.
  INFO root [2018-08-23 11:52:28,349] - ---- interfaces Version: 2.0.0. ScriptVersion: 0.1.0. Protocol: A3D4913C83C4082A29723B2DA267A5B0. Config: Debug X86. Built: 15:52:41 Apr 29 2018. AppID: 3000. UID: 185. PID: 12980 ----
  INFO root [2018-08-23 11:52:28,353] - Server : Intel(R) Xeon(R) CPU E3-1230 v3 @ 3.30GHz with 4194303kB RAM
  INFO root [2018-08-23 11:52:28,353] - ThreadPool::createThreadPool: creating  threadpool...
  INFO root [2018-08-23 11:52:28,353] - ThreadPool::createThreadPool: successfully(2), newThreadCount=1, normalMaxThreadCount=2, maxThreadCount=8
 DEBUG root [2018-08-23 11:52:28,483] - Script::install_py_dlls(): PyInit_pyexpat
 DEBUG root [2018-08-23 11:52:28,484] - Script::install_py_dlls(): PyInit__socket
 DEBUG root [2018-08-23 11:52:28,484] - Script::install_py_dlls(): PyInit__ssl
 DEBUG root [2018-08-23 11:52:28,488] - Script::install_py_dlls(): PyInit__hashlib
 DEBUG root [2018-08-23 11:52:28,488] - Script::install_py_dlls(): PyInit_select
 DEBUG root [2018-08-23 11:52:28,488] - Script::install_py_dlls(): PyInit__ctypes
 DEBUG root [2018-08-23 11:52:28,488] - Script::install_py_dlls(): PyInit__elementtree
 DEBUG root [2018-08-23 11:52:28,516] - Script::install_py_dlls(): PyInit_unicodedata
  INFO root [2018-08-23 11:52:28,543] - Script::install(): is successfully, Python=(3.4.2 (default, Apr 29 2018, 15:52:37) [MSC v.1913 32 bit (Intel)])!
  INFO root [2018-08-23 11:52:28,543] - Script::install(): KBExtra is successfully!
S_INFO root [2018-08-23 11:52:28,552] - onInterfaceAppReady: bootstrapGroupIndex=0, bootstrapGlobalIndex=0
  INFO root [2018-08-23 11:52:28,559] - TelnetServer server is running on port 33000
  INFO root [2018-08-23 11:52:28,827] - ---- interfaces is running ----
 DEBUG root [2018-08-23 11:52:28,827] - Components::process(): Request for the process of identity...
  INFO root [2018-08-23 11:52:36,042] - Components::process(): Found all the components!
S_INFO root [2018-08-23 11:53:03,753] - onRequestAccountLogin: registerName=1
S_INFO root [2018-08-23 11:53:15,253] - onRequestAccountLogin: registerName=2
S_INFO root [2018-08-23 11:53:27,353] - onRequestAccountLogin: registerName=1
S_INFO root [2018-08-23 11:53:51,754] - onRequestAccountLogin: registerName=2
S_INFO root [2018-08-23 11:54:08,454] - onRequestAccountLogin: registerName=2
S_INFO root [2018-08-23 11:54:40,954] - onRequestAccountLogin: registerName=1
S_INFO root [2018-08-23 11:55:01,254] - onRequestAccountLogin: registerName=2
S_INFO root [2018-08-23 11:55:21,554] - onRequestAccountLogin: registerName=1
S_INFO root [2018-08-23 11:55:46,354] - onRequestAccountLogin: registerName=2
S_INFO root [2018-08-23 11:56:02,054] - onRequestAccountLogin: registerName=1
S_INFO root [2018-08-23 11:56:17,655] - onRequestAccountLogin: registerName=2
S_INFO root [2018-08-23 11:56:37,654] - onRequestAccountLogin: registerName=1
S_INFO root [2018-08-23 11:56:56,454] - onRequestAccountLogin: registerName=2
S_INFO root [2018-08-23 11:57:14,654] - onRequestAccountLogin: registerName=1
  WARN root [2018-08-23 11:58:23,550] - TCPPacketReceiver::processPendingEvents(127.0.0.1:50700): Throwing REASON_GENERAL_NETWORK - WSAECONNRESET
  INFO root [2018-08-23 11:58:24,657] - 
  INFO root [2018-08-23 11:58:24,657] - -----------------------------------------------------------------------------------------


  INFO root [2018-08-23 11:58:24,658] - Resmgr::initialize: KBE_ROOT=E:/kbengine/
  INFO root [2018-08-23 11:58:24,658] - Resmgr::initialize: KBE_RES_PATH=E:/kbengine/kbe/res/;E:/kbengine/assets/;E:/kbengine/assets/scripts/;E:/kbengine/assets/res/
  INFO root [2018-08-23 11:58:24,658] - Resmgr::initialize: KBE_BIN_PATH=E:/kbengine/kbe/bin/server/
  INFO root [2018-08-23 11:58:24,669] - NetworkInterface::initialize(INTERNAL): bound to all interfaces with default route interface on 192.168.0.106 ( 192.168.0.106:30099 )
  INFO root [2018-08-23 11:58:24,669] - NetworkInterface::initialize(INTERNAL): address 192.168.0.106:30099, SOMAXCONN=5.
  INFO root [2018-08-23 11:58:24,676] - ---- interfaces Version: 2.0.0. ScriptVersion: 0.1.0. Protocol: A3D4913C83C4082A29723B2DA267A5B0. Config: Debug X86. Built: 15:52:41 Apr 29 2018. AppID: 3000. UID: 1348. PID: 9468 ----
  INFO root [2018-08-23 11:58:24,676] - Server : Intel(R) Xeon(R) CPU E3-1230 v3 @ 3.30GHz with 4194303kB RAM
  INFO root [2018-08-23 11:58:24,676] - ThreadPool::createThreadPool: creating  threadpool...
  INFO root [2018-08-23 11:58:24,676] - ThreadPool::createThreadPool: successfully(2), newThreadCount=1, normalMaxThreadCount=2, maxThreadCount=8
 DEBUG root [2018-08-23 11:58:24,808] - Script::install_py_dlls(): PyInit_pyexpat
 DEBUG root [2018-08-23 11:58:24,808] - Script::install_py_dlls(): PyInit__socket
 DEBUG root [2018-08-23 11:58:24,808] - Script::install_py_dlls(): PyInit__ssl
 DEBUG root [2018-08-23 11:58:24,811] - Script::install_py_dlls(): PyInit__hashlib
 DEBUG root [2018-08-23 11:58:24,812] - Script::install_py_dlls(): PyInit_select
 DEBUG root [2018-08-23 11:58:24,812] - Script::install_py_dlls(): PyInit__ctypes
 DEBUG root [2018-08-23 11:58:24,812] - Script::install_py_dlls(): PyInit__elementtree
 DEBUG root [2018-08-23 11:58:24,843] - Script::install_py_dlls(): PyInit_unicodedata
  INFO root [2018-08-23 11:58:24,875] - Script::install(): is successfully, Python=(3.4.2 (default, Apr 29 2018, 15:52:37) [MSC v.1913 32 bit (Intel)])!
  INFO root [2018-08-23 11:58:24,875] - Script::install(): KBExtra is successfully!
S_INFO root [2018-08-23 11:58:24,887] - onInterfaceAppReady: bootstrapGroupIndex=0, bootstrapGlobalIndex=0
  INFO root [2018-08-23 11:58:24,897] - TelnetServer server is running on port 33000
  INFO root [2018-08-23 11:58:25,183] - ---- interfaces is running ----
 DEBUG root [2018-08-23 11:58:25,183] - Components::process(): Request for the process of identity...
  INFO root [2018-08-23 11:58:32,360] - Components::process(): Found all the components!
S_INFO root [2018-08-23 11:59:01,488] - onRequestAccountLogin: registerName=1
S_INFO root [2018-08-23 11:59:11,389] - onRequestAccountLogin: registerName=2
S_INFO root [2018-08-23 11:59:23,189] - onRequestAccountLogin: registerName=1
S_INFO root [2018-08-23 11:59:45,089] - onRequestAccountLogin: registerName=2
S_INFO root [2018-08-23 12:00:05,589] - onRequestAccountLogin: registerName=1
S_INFO root [2018-08-23 12:00:34,190] - onRequestAccountLogin: registerName=2
S_INFO root [2018-08-23 12:00:58,289] - onRequestAccountLogin: registerName=1
S_INFO root [2018-08-23 12:01:26,990] - onRequestAccountLogin: registerName=2
S_INFO root [2018-08-23 12:01:48,190] - onRequestAccountLogin: registerName=1
S_INFO root [2018-08-23 12:02:07,090] - onRequestAccountLogin: registerName=2
S_INFO root [2018-08-23 12:02:15,092] - onRequestAccountLogin: registerName=1
S_INFO root [2018-08-23 12:02:37,090] - onRequestAccountLogin: registerName=2
S_INFO root [2018-08-23 12:03:35,690] - onRequestAccountLogin: registerName=1
  WARN root [2018-08-23 12:04:45,769] - TCPPacketReceiver::processPendingEvents(127.0.0.1:50832): Throwing REASON_GENERAL_NETWORK - WSAECONNRESET
  INFO root [2018-08-23 12:04:46,883] - 
  INFO root [2018-08-23 12:04:46,889] - -----------------------------------------------------------------------------------------


  INFO root [2018-08-23 12:04:46,889] - Resmgr::initialize: KBE_ROOT=E:/kbengine/
  INFO root [2018-08-23 12:04:46,890] - Resmgr::initialize: KBE_RES_PATH=E:/kbengine/kbe/res/;E:/kbengine/assets/;E:/kbengine/assets/scripts/;E:/kbengine/assets/res/
  INFO root [2018-08-23 12:04:46,890] - Resmgr::initialize: KBE_BIN_PATH=E:/kbengine/kbe/bin/server/
  INFO root [2018-08-23 12:04:46,895] - NetworkInterface::initialize(INTERNAL): bound to all interfaces with default route interface on 192.168.0.106 ( 192.168.0.106:30099 )
  INFO root [2018-08-23 12:04:46,895] - NetworkInterface::initialize(INTERNAL): address 192.168.0.106:30099, SOMAXCONN=5.
  INFO root [2018-08-23 12:04:46,901] - ---- interfaces Version: 2.0.0. ScriptVersion: 0.1.0. Protocol: A3D4913C83C4082A29723B2DA267A5B0. Config: Debug X86. Built: 15:52:41 Apr 29 2018. AppID: 3000. UID: 2595. PID: 8348 ----
  INFO root [2018-08-23 12:04:46,902] - Server : Intel(R) Xeon(R) CPU E3-1230 v3 @ 3.30GHz with 4194303kB RAM
  INFO root [2018-08-23 12:04:46,903] - ThreadPool::createThreadPool: creating  threadpool...
  INFO root [2018-08-23 12:04:46,903] - ThreadPool::createThreadPool: successfully(2), newThreadCount=1, normalMaxThreadCount=2, maxThreadCount=8
 DEBUG root [2018-08-23 12:04:47,032] - Script::install_py_dlls(): PyInit_pyexpat
 DEBUG root [2018-08-23 12:04:47,033] - Script::install_py_dlls(): PyInit__socket
 DEBUG root [2018-08-23 12:04:47,034] - Script::install_py_dlls(): PyInit__ssl
 DEBUG root [2018-08-23 12:04:47,038] - Script::install_py_dlls(): PyInit__hashlib
 DEBUG root [2018-08-23 12:04:47,038] - Script::install_py_dlls(): PyInit_select
 DEBUG root [2018-08-23 12:04:47,039] - Script::install_py_dlls(): PyInit__ctypes
 DEBUG root [2018-08-23 12:04:47,039] - Script::install_py_dlls(): PyInit__elementtree
 DEBUG root [2018-08-23 12:04:47,075] - Script::install_py_dlls(): PyInit_unicodedata
  INFO root [2018-08-23 12:04:47,104] - Script::install(): is successfully, Python=(3.4.2 (default, Apr 29 2018, 15:52:37) [MSC v.1913 32 bit (Intel)])!
  INFO root [2018-08-23 12:04:47,104] - Script::install(): KBExtra is successfully!
S_INFO root [2018-08-23 12:04:47,112] - onInterfaceAppReady: bootstrapGroupIndex=0, bootstrapGlobalIndex=0
  INFO root [2018-08-23 12:04:47,118] - TelnetServer server is running on port 33000
  INFO root [2018-08-23 12:04:47,394] - ---- interfaces is running ----
 DEBUG root [2018-08-23 12:04:47,394] - Components::process(): Request for the process of identity...
  INFO root [2018-08-23 12:04:54,514] - Components::process(): Found all the components!
S_INFO root [2018-08-23 12:05:08,413] - onRequestAccountLogin: registerName=1
S_INFO root [2018-08-23 12:05:19,013] - onRequestAccountLogin: registerName=2
S_INFO root [2018-08-23 12:05:28,514] - onRequestAccountLogin: registerName=1
S_INFO root [2018-08-23 12:05:52,514] - onRequestAccountLogin: registerName=2
S_INFO root [2018-08-23 12:06:29,014] - onRequestAccountLogin: registerName=1
S_INFO root [2018-08-23 12:06:58,214] - onRequestAccountLogin: registerName=2
S_INFO root [2018-08-23 12:07:15,315] - onRequestAccountLogin: registerName=1
S_INFO root [2018-08-23 12:07:33,915] - onRequestAccountLogin: registerName=2
S_INFO root [2018-08-23 12:07:58,114] - onRequestAccountLogin: registerName=1
S_INFO root [2018-08-23 12:08:32,215] - onRequestAccountLogin: registerName=2
S_INFO root [2018-08-23 12:09:00,616] - onRequestAccountLogin: registerName=1
S_INFO root [2018-08-23 12:09:33,616] - onRequestAccountLogin: registerName=1
S_INFO root [2018-08-23 12:09:40,815] - onRequestAccountLogin: registerName=2
S_INFO root [2018-08-23 12:09:59,815] - onRequestAccountLogin: registerName=1
S_INFO root [2018-08-23 12:10:31,616] - onRequestAccountLogin: registerName=1
S_INFO root [2018-08-23 15:16:36,992] - onRequestAccountLogin: registerName=1
S_INFO root [2018-08-23 15:17:42,392] - onRequestAccountLogin: registerName=1
S_INFO root [2018-08-23 15:17:59,492] - onRequestAccountLogin: registerName=1
S_INFO root [2018-08-23 15:18:05,993] - onRequestAccountLogin: registerName=1
S_INFO root [2018-08-23 15:18:13,392] - onRequestAccountLogin: registerName=1
S_INFO root [2018-08-23 15:18:19,992] - onRequestAccountLogin: registerName=2
  WARN root [2018-08-23 15:18:30,629] - TCPPacketReceiver::processPendingEvents(127.0.0.1:50937): Throwing REASON_GENERAL_NETWORK - WSAECONNRESET
  INFO root [2018-08-23 15:18:31,902] - 
  INFO root [2018-08-23 15:18:31,903] - -----------------------------------------------------------------------------------------


  INFO root [2018-08-23 15:18:31,903] - Resmgr::initialize: KBE_ROOT=E:/kbengine/
  INFO root [2018-08-23 15:18:31,903] - Resmgr::initialize: KBE_RES_PATH=E:/kbengine/kbe/res/;E:/kbengine/assets/;E:/kbengine/assets/scripts/;E:/kbengine/assets/res/
  INFO root [2018-08-23 15:18:31,903] - Resmgr::initialize: KBE_BIN_PATH=E:/kbengine/kbe/bin/server/
  INFO root [2018-08-23 15:18:31,914] - NetworkInterface::initialize(INTERNAL): bound to all interfaces with default route interface on 192.168.0.106 ( 192.168.0.106:30099 )
  INFO root [2018-08-23 15:18:31,915] - NetworkInterface::initialize(INTERNAL): address 192.168.0.106:30099, SOMAXCONN=5.
  INFO root [2018-08-23 15:18:31,919] - ---- interfaces Version: 2.0.0. ScriptVersion: 0.1.0. Protocol: A3D4913C83C4082A29723B2DA267A5B0. Config: Debug X86. Built: 15:52:41 Apr 29 2018. AppID: 3000. UID: 7790. PID: 9948 ----
  INFO root [2018-08-23 15:18:31,919] - Server : Intel(R) Xeon(R) CPU E3-1230 v3 @ 3.30GHz with 4194303kB RAM
  INFO root [2018-08-23 15:18:31,919] - ThreadPool::createThreadPool: creating  threadpool...
  INFO root [2018-08-23 15:18:31,919] - ThreadPool::createThreadPool: successfully(2), newThreadCount=1, normalMaxThreadCount=2, maxThreadCount=8
 DEBUG root [2018-08-23 15:18:32,047] - Script::install_py_dlls(): PyInit_pyexpat
 DEBUG root [2018-08-23 15:18:32,047] - Script::install_py_dlls(): PyInit__socket
 DEBUG root [2018-08-23 15:18:32,048] - Script::install_py_dlls(): PyInit__ssl
 DEBUG root [2018-08-23 15:18:32,051] - Script::install_py_dlls(): PyInit__hashlib
 DEBUG root [2018-08-23 15:18:32,051] - Script::install_py_dlls(): PyInit_select
 DEBUG root [2018-08-23 15:18:32,051] - Script::install_py_dlls(): PyInit__ctypes
 DEBUG root [2018-08-23 15:18:32,052] - Script::install_py_dlls(): PyInit__elementtree
 DEBUG root [2018-08-23 15:18:32,082] - Script::install_py_dlls(): PyInit_unicodedata
  INFO root [2018-08-23 15:18:32,116] - Script::install(): is successfully, Python=(3.4.2 (default, Apr 29 2018, 15:52:37) [MSC v.1913 32 bit (Intel)])!
  INFO root [2018-08-23 15:18:32,116] - Script::install(): KBExtra is successfully!
S_INFO root [2018-08-23 15:18:32,127] - onInterfaceAppReady: bootstrapGroupIndex=0, bootstrapGlobalIndex=0
  INFO root [2018-08-23 15:18:32,138] - TelnetServer server is running on port 33000
  INFO root [2018-08-23 15:18:32,436] - ---- interfaces is running ----
 DEBUG root [2018-08-23 15:18:32,436] - Components::process(): Request for the process of identity...
  INFO root [2018-08-23 15:18:39,613] - Components::process(): Found all the components!
S_INFO root [2018-08-23 15:19:34,428] - onRequestAccountLogin: registerName=1
S_INFO root [2018-08-23 15:23:33,829] - onRequestAccountLogin: registerName=1
S_INFO root [2018-08-23 15:23:57,930] - onRequestAccountLogin: registerName=1
S_INFO root [2018-08-23 15:29:33,232] - onRequestAccountLogin: registerName=1
S_INFO root [2018-08-23 15:29:44,233] - onRequestAccountLogin: registerName=1
S_INFO root [2018-08-23 15:30:35,133] - onRequestAccountLogin: registerName=1
S_INFO root [2018-08-23 15:30:44,533] - onRequestAccountLogin: registerName=1
S_INFO root [2018-08-23 16:10:11,248] - onRequestAccountLogin: registerName=1
S_INFO root [2018-08-23 16:11:54,249] - onRequestAccountLogin: registerName=1
  WARN root [2018-08-23 16:12:56,042] - TCPPacketReceiver::processPendingEvents(127.0.0.1:55513): Throwing REASON_GENERAL_NETWORK - WSAECONNRESET
  INFO root [2018-08-23 16:12:57,318] - 
  INFO root [2018-08-23 16:12:57,323] - -----------------------------------------------------------------------------------------


  INFO root [2018-08-23 16:12:57,323] - Resmgr::initialize: KBE_ROOT=E:/kbengine/
  INFO root [2018-08-23 16:12:57,324] - Resmgr::initialize: KBE_RES_PATH=E:/kbengine/kbe/res/;E:/kbengine/assets/;E:/kbengine/assets/scripts/;E:/kbengine/assets/res/
  INFO root [2018-08-23 16:12:57,324] - Resmgr::initialize: KBE_BIN_PATH=E:/kbengine/kbe/bin/server/
  INFO root [2018-08-23 16:12:57,330] - NetworkInterface::initialize(INTERNAL): bound to all interfaces with default route interface on 192.168.0.106 ( 192.168.0.106:30099 )
  INFO root [2018-08-23 16:12:57,330] - NetworkInterface::initialize(INTERNAL): address 192.168.0.106:30099, SOMAXCONN=5.
  INFO root [2018-08-23 16:12:57,334] - ---- interfaces Version: 2.0.0. ScriptVersion: 0.1.0. Protocol: A3D4913C83C4082A29723B2DA267A5B0. Config: Debug X86. Built: 15:52:41 Apr 29 2018. AppID: 3000. UID: 18452. PID: 11364 ----
  INFO root [2018-08-23 16:12:57,337] - Server : Intel(R) Xeon(R) CPU E3-1230 v3 @ 3.30GHz with 4194303kB RAM
  INFO root [2018-08-23 16:12:57,338] - ThreadPool::createThreadPool: creating  threadpool...
  INFO root [2018-08-23 16:12:57,338] - ThreadPool::createThreadPool: successfully(2), newThreadCount=1, normalMaxThreadCount=2, maxThreadCount=8
 DEBUG root [2018-08-23 16:12:57,464] - Script::install_py_dlls(): PyInit_pyexpat
 DEBUG root [2018-08-23 16:12:57,465] - Script::install_py_dlls(): PyInit__socket
 DEBUG root [2018-08-23 16:12:57,465] - Script::install_py_dlls(): PyInit__ssl
 DEBUG root [2018-08-23 16:12:57,468] - Script::install_py_dlls(): PyInit__hashlib
 DEBUG root [2018-08-23 16:12:57,468] - Script::install_py_dlls(): PyInit_select
 DEBUG root [2018-08-23 16:12:57,468] - Script::install_py_dlls(): PyInit__ctypes
 DEBUG root [2018-08-23 16:12:57,469] - Script::install_py_dlls(): PyInit__elementtree
 DEBUG root [2018-08-23 16:12:57,503] - Script::install_py_dlls(): PyInit_unicodedata
  INFO root [2018-08-23 16:12:57,539] - Script::install(): is successfully, Python=(3.4.2 (default, Apr 29 2018, 15:52:37) [MSC v.1913 32 bit (Intel)])!
  INFO root [2018-08-23 16:12:57,539] - Script::install(): KBExtra is successfully!
S_INFO root [2018-08-23 16:12:57,549] - onInterfaceAppReady: bootstrapGroupIndex=0, bootstrapGlobalIndex=0
  INFO root [2018-08-23 16:12:57,556] - TelnetServer server is running on port 33000
  INFO root [2018-08-23 16:12:57,837] - ---- interfaces is running ----
 DEBUG root [2018-08-23 16:12:57,837] - Components::process(): Request for the process of identity...
  INFO root [2018-08-23 16:13:04,950] - Components::process(): Found all the components!
S_INFO root [2018-08-23 16:13:19,150] - onRequestAccountLogin: registerName=1
  WARN root [2018-08-23 16:14:07,352] - TCPPacketReceiver::processPendingEvents(127.0.0.1:56184): Throwing REASON_GENERAL_NETWORK - WSAECONNRESET
  INFO root [2018-08-23 16:14:08,629] - 
  INFO root [2018-08-23 16:14:08,630] - -----------------------------------------------------------------------------------------


  INFO root [2018-08-23 16:14:08,631] - Resmgr::initialize: KBE_ROOT=E:/kbengine/
  INFO root [2018-08-23 16:14:08,631] - Resmgr::initialize: KBE_RES_PATH=E:/kbengine/kbe/res/;E:/kbengine/assets/;E:/kbengine/assets/scripts/;E:/kbengine/assets/res/
  INFO root [2018-08-23 16:14:08,631] - Resmgr::initialize: KBE_BIN_PATH=E:/kbengine/kbe/bin/server/
  INFO root [2018-08-23 16:14:08,636] - NetworkInterface::initialize(INTERNAL): bound to all interfaces with default route interface on 192.168.0.106 ( 192.168.0.106:30099 )
  INFO root [2018-08-23 16:14:08,636] - NetworkInterface::initialize(INTERNAL): address 192.168.0.106:30099, SOMAXCONN=5.
  INFO root [2018-08-23 16:14:08,640] - ---- interfaces Version: 2.0.0. ScriptVersion: 0.1.0. Protocol: A3D4913C83C4082A29723B2DA267A5B0. Config: Debug X86. Built: 15:52:41 Apr 29 2018. AppID: 3000. UID: 18687. PID: 16784 ----
  INFO root [2018-08-23 16:14:08,642] - Server : Intel(R) Xeon(R) CPU E3-1230 v3 @ 3.30GHz with 4194303kB RAM
  INFO root [2018-08-23 16:14:08,642] - ThreadPool::createThreadPool: creating  threadpool...
  INFO root [2018-08-23 16:14:08,644] - ThreadPool::createThreadPool: successfully(2), newThreadCount=1, normalMaxThreadCount=2, maxThreadCount=8
 DEBUG root [2018-08-23 16:14:08,770] - Script::install_py_dlls(): PyInit_pyexpat
 DEBUG root [2018-08-23 16:14:08,770] - Script::install_py_dlls(): PyInit__socket
 DEBUG root [2018-08-23 16:14:08,771] - Script::install_py_dlls(): PyInit__ssl
 DEBUG root [2018-08-23 16:14:08,775] - Script::install_py_dlls(): PyInit__hashlib
 DEBUG root [2018-08-23 16:14:08,775] - Script::install_py_dlls(): PyInit_select
 DEBUG root [2018-08-23 16:14:08,775] - Script::install_py_dlls(): PyInit__ctypes
 DEBUG root [2018-08-23 16:14:08,776] - Script::install_py_dlls(): PyInit__elementtree
 DEBUG root [2018-08-23 16:14:08,811] - Script::install_py_dlls(): PyInit_unicodedata
  INFO root [2018-08-23 16:14:08,842] - Script::install(): is successfully, Python=(3.4.2 (default, Apr 29 2018, 15:52:37) [MSC v.1913 32 bit (Intel)])!
  INFO root [2018-08-23 16:14:08,842] - Script::install(): KBExtra is successfully!
S_INFO root [2018-08-23 16:14:08,851] - onInterfaceAppReady: bootstrapGroupIndex=0, bootstrapGlobalIndex=0
  INFO root [2018-08-23 16:14:08,858] - TelnetServer server is running on port 33000
  INFO root [2018-08-23 16:14:09,140] - ---- interfaces is running ----
 DEBUG root [2018-08-23 16:14:09,140] - Components::process(): Request for the process of identity...
  INFO root [2018-08-23 16:14:16,251] - Components::process(): Found all the components!
S_INFO root [2018-08-23 16:14:43,952] - onRequestAccountLogin: registerName=1
S_INFO root [2018-08-23 16:15:04,152] - onRequestAccountLogin: registerName=1
S_INFO root [2018-08-23 16:16:52,953] - onRequestAccountLogin: registerName=2
  WARN root [2018-08-23 16:18:16,647] - TCPPacketReceiver::processPendingEvents(127.0.0.1:56227): Throwing REASON_GENERAL_NETWORK - WSAECONNRESET
  INFO root [2018-08-23 16:18:17,926] - 
  INFO root [2018-08-23 16:18:17,926] - -----------------------------------------------------------------------------------------


  INFO root [2018-08-23 16:18:17,927] - Resmgr::initialize: KBE_ROOT=E:/kbengine/
  INFO root [2018-08-23 16:18:17,927] - Resmgr::initialize: KBE_RES_PATH=E:/kbengine/kbe/res/;E:/kbengine/assets/;E:/kbengine/assets/scripts/;E:/kbengine/assets/res/
  INFO root [2018-08-23 16:18:17,927] - Resmgr::initialize: KBE_BIN_PATH=E:/kbengine/kbe/bin/server/
  INFO root [2018-08-23 16:18:17,936] - NetworkInterface::initialize(INTERNAL): bound to all interfaces with default route interface on 192.168.0.106 ( 192.168.0.106:30099 )
  INFO root [2018-08-23 16:18:17,936] - NetworkInterface::initialize(INTERNAL): address 192.168.0.106:30099, SOMAXCONN=5.
  INFO root [2018-08-23 16:18:17,939] - ---- interfaces Version: 2.0.0. ScriptVersion: 0.1.0. Protocol: A3D4913C83C4082A29723B2DA267A5B0. Config: Debug X86. Built: 15:52:41 Apr 29 2018. AppID: 3000. UID: 19500. PID: 8060 ----
  INFO root [2018-08-23 16:18:17,942] - Server : Intel(R) Xeon(R) CPU E3-1230 v3 @ 3.30GHz with 4194303kB RAM
  INFO root [2018-08-23 16:18:17,943] - ThreadPool::createThreadPool: creating  threadpool...
  INFO root [2018-08-23 16:18:17,943] - ThreadPool::createThreadPool: successfully(2), newThreadCount=1, normalMaxThreadCount=2, maxThreadCount=8
 DEBUG root [2018-08-23 16:18:18,073] - Script::install_py_dlls(): PyInit_pyexpat
 DEBUG root [2018-08-23 16:18:18,073] - Script::install_py_dlls(): PyInit__socket
 DEBUG root [2018-08-23 16:18:18,074] - Script::install_py_dlls(): PyInit__ssl
 DEBUG root [2018-08-23 16:18:18,077] - Script::install_py_dlls(): PyInit__hashlib
 DEBUG root [2018-08-23 16:18:18,078] - Script::install_py_dlls(): PyInit_select
 DEBUG root [2018-08-23 16:18:18,078] - Script::install_py_dlls(): PyInit__ctypes
 DEBUG root [2018-08-23 16:18:18,079] - Script::install_py_dlls(): PyInit__elementtree
 DEBUG root [2018-08-23 16:18:18,116] - Script::install_py_dlls(): PyInit_unicodedata
  INFO root [2018-08-23 16:18:18,149] - Script::install(): is successfully, Python=(3.4.2 (default, Apr 29 2018, 15:52:37) [MSC v.1913 32 bit (Intel)])!
  INFO root [2018-08-23 16:18:18,149] - Script::install(): KBExtra is successfully!
S_INFO root [2018-08-23 16:18:18,157] - onInterfaceAppReady: bootstrapGroupIndex=0, bootstrapGlobalIndex=0
  INFO root [2018-08-23 16:18:18,164] - TelnetServer server is running on port 33000
  INFO root [2018-08-23 16:18:18,438] - ---- interfaces is running ----
 DEBUG root [2018-08-23 16:18:18,438] - Components::process(): Request for the process of identity...
  INFO root [2018-08-23 16:18:25,559] - Components::process(): Found all the components!
S_INFO root [2018-08-23 16:18:51,758] - onRequestAccountLogin: registerName=1
S_INFO root [2018-08-23 16:19:49,458] - onRequestAccountLogin: registerName=2
S_INFO root [2018-08-23 16:20:14,259] - onRequestAccountLogin: registerName=1
  WARN root [2018-08-23 16:21:56,381] - TCPPacketReceiver::processPendingEvents(127.0.0.1:56304): Throwing REASON_GENERAL_NETWORK - WSAECONNRESET
  INFO root [2018-08-23 16:21:57,651] - 
  INFO root [2018-08-23 16:21:57,652] - -----------------------------------------------------------------------------------------


  INFO root [2018-08-23 16:21:57,653] - Resmgr::initialize: KBE_ROOT=E:/kbengine/
  INFO root [2018-08-23 16:21:57,653] - Resmgr::initialize: KBE_RES_PATH=E:/kbengine/kbe/res/;E:/kbengine/assets/;E:/kbengine/assets/scripts/;E:/kbengine/assets/res/
  INFO root [2018-08-23 16:21:57,653] - Resmgr::initialize: KBE_BIN_PATH=E:/kbengine/kbe/bin/server/
  INFO root [2018-08-23 16:21:57,666] - NetworkInterface::initialize(INTERNAL): bound to all interfaces with default route interface on 192.168.0.106 ( 192.168.0.106:30099 )
  INFO root [2018-08-23 16:21:57,666] - NetworkInterface::initialize(INTERNAL): address 192.168.0.106:30099, SOMAXCONN=5.
  INFO root [2018-08-23 16:21:57,670] - ---- interfaces Version: 2.0.0. ScriptVersion: 0.1.0. Protocol: A3D4913C83C4082A29723B2DA267A5B0. Config: Debug X86. Built: 15:52:41 Apr 29 2018. AppID: 3000. UID: 20218. PID: 17992 ----
  INFO root [2018-08-23 16:21:57,672] - Server : Intel(R) Xeon(R) CPU E3-1230 v3 @ 3.30GHz with 4194303kB RAM
  INFO root [2018-08-23 16:21:57,673] - ThreadPool::createThreadPool: creating  threadpool...
  INFO root [2018-08-23 16:21:57,673] - ThreadPool::createThreadPool: successfully(2), newThreadCount=1, normalMaxThreadCount=2, maxThreadCount=8
 DEBUG root [2018-08-23 16:21:57,805] - Script::install_py_dlls(): PyInit_pyexpat
 DEBUG root [2018-08-23 16:21:57,805] - Script::install_py_dlls(): PyInit__socket
 DEBUG root [2018-08-23 16:21:57,806] - Script::install_py_dlls(): PyInit__ssl
 DEBUG root [2018-08-23 16:21:57,810] - Script::install_py_dlls(): PyInit__hashlib
 DEBUG root [2018-08-23 16:21:57,811] - Script::install_py_dlls(): PyInit_select
 DEBUG root [2018-08-23 16:21:57,811] - Script::install_py_dlls(): PyInit__ctypes
 DEBUG root [2018-08-23 16:21:57,812] - Script::install_py_dlls(): PyInit__elementtree
 DEBUG root [2018-08-23 16:21:57,853] - Script::install_py_dlls(): PyInit_unicodedata
  INFO root [2018-08-23 16:21:57,902] - Script::install(): is successfully, Python=(3.4.2 (default, Apr 29 2018, 15:52:37) [MSC v.1913 32 bit (Intel)])!
  INFO root [2018-08-23 16:21:57,903] - Script::install(): KBExtra is successfully!
S_INFO root [2018-08-23 16:21:57,915] - onInterfaceAppReady: bootstrapGroupIndex=0, bootstrapGlobalIndex=0
  INFO root [2018-08-23 16:21:57,922] - TelnetServer server is running on port 33000
  INFO root [2018-08-23 16:21:58,229] - ---- interfaces is running ----
 DEBUG root [2018-08-23 16:21:58,229] - Components::process(): Request for the process of identity...
  INFO root [2018-08-23 16:22:05,415] - Components::process(): Found all the components!
S_INFO root [2018-08-23 16:22:21,415] - onRequestAccountLogin: registerName=1
S_INFO root [2018-08-23 16:22:33,416] - onRequestAccountLogin: registerName=2
S_INFO root [2018-08-23 16:22:53,516] - onRequestAccountLogin: registerName=2
S_INFO root [2018-08-23 16:30:36,819] - onRequestAccountLogin: registerName=1
S_INFO root [2018-08-23 16:31:47,220] - onRequestAccountLogin: registerName=2
S_INFO root [2018-08-23 16:32:55,419] - onRequestAccountLogin: registerName=2
S_INFO root [2018-08-23 16:33:36,720] - onRequestAccountLogin: registerName=2
  WARN root [2018-08-23 16:37:35,349] - TCPPacketReceiver::processPendingEvents(127.0.0.1:56364): Throwing REASON_GENERAL_NETWORK - WSAECONNRESET
  INFO root [2018-08-23 16:37:36,666] - 
  INFO root [2018-08-23 16:37:36,666] - -----------------------------------------------------------------------------------------


  INFO root [2018-08-23 16:37:36,667] - Resmgr::initialize: KBE_ROOT=E:/kbengine/
  INFO root [2018-08-23 16:37:36,667] - Resmgr::initialize: KBE_RES_PATH=E:/kbengine/kbe/res/;E:/kbengine/assets/;E:/kbengine/assets/scripts/;E:/kbengine/assets/res/
  INFO root [2018-08-23 16:37:36,667] - Resmgr::initialize: KBE_BIN_PATH=E:/kbengine/kbe/bin/server/
  INFO root [2018-08-23 16:37:36,686] - NetworkInterface::initialize(INTERNAL): bound to all interfaces with default route interface on 192.168.0.106 ( 192.168.0.106:30099 )
  INFO root [2018-08-23 16:37:36,686] - NetworkInterface::initialize(INTERNAL): address 192.168.0.106:30099, SOMAXCONN=5.
  INFO root [2018-08-23 16:37:36,693] - ---- interfaces Version: 2.0.0. ScriptVersion: 0.1.0. Protocol: A3D4913C83C4082A29723B2DA267A5B0. Config: Debug X86. Built: 15:52:41 Apr 29 2018. AppID: 3000. UID: 23285. PID: 3484 ----
  INFO root [2018-08-23 16:37:36,693] - Server : Intel(R) Xeon(R) CPU E3-1230 v3 @ 3.30GHz with 4194303kB RAM
  INFO root [2018-08-23 16:37:36,698] - ThreadPool::createThreadPool: creating  threadpool...
  INFO root [2018-08-23 16:37:36,698] - ThreadPool::createThreadPool: successfully(2), newThreadCount=1, normalMaxThreadCount=2, maxThreadCount=8
 DEBUG root [2018-08-23 16:37:36,832] - Script::install_py_dlls(): PyInit_pyexpat
 DEBUG root [2018-08-23 16:37:36,833] - Script::install_py_dlls(): PyInit__socket
 DEBUG root [2018-08-23 16:37:36,833] - Script::install_py_dlls(): PyInit__ssl
 DEBUG root [2018-08-23 16:37:36,838] - Script::install_py_dlls(): PyInit__hashlib
 DEBUG root [2018-08-23 16:37:36,839] - Script::install_py_dlls(): PyInit_select
 DEBUG root [2018-08-23 16:37:36,839] - Script::install_py_dlls(): PyInit__ctypes
 DEBUG root [2018-08-23 16:37:36,840] - Script::install_py_dlls(): PyInit__elementtree
 DEBUG root [2018-08-23 16:37:36,878] - Script::install_py_dlls(): PyInit_unicodedata
  INFO root [2018-08-23 16:37:36,914] - Script::install(): is successfully, Python=(3.4.2 (default, Apr 29 2018, 15:52:37) [MSC v.1913 32 bit (Intel)])!
  INFO root [2018-08-23 16:37:36,914] - Script::install(): KBExtra is successfully!
S_INFO root [2018-08-23 16:37:36,924] - onInterfaceAppReady: bootstrapGroupIndex=0, bootstrapGlobalIndex=0
  INFO root [2018-08-23 16:37:36,932] - TelnetServer server is running on port 33000
  INFO root [2018-08-23 16:37:37,251] - ---- interfaces is running ----
 DEBUG root [2018-08-23 16:37:37,251] - Components::process(): Request for the process of identity...
  INFO root [2018-08-23 16:37:44,424] - Components::process(): Found all the components!
S_INFO root [2018-08-23 16:38:06,624] - onRequestAccountLogin: registerName=1
S_INFO root [2018-08-23 16:38:28,324] - onRequestAccountLogin: registerName=2
S_INFO root [2018-08-23 16:42:54,626] - onRequestAccountLogin: registerName=1
S_INFO root [2018-08-23 16:43:15,226] - onRequestAccountLogin: registerName=2
S_INFO root [2018-08-23 16:44:26,227] - onRequestAccountLogin: registerName=1
S_INFO root [2018-08-23 16:45:20,727] - onRequestAccountLogin: registerName=2
S_INFO root [2018-08-23 16:46:10,927] - onRequestAccountLogin: registerName=1
S_INFO root [2018-08-23 16:47:30,729] - onRequestAccountLogin: registerName=2
  WARN root [2018-08-23 17:33:50,904] - TCPPacketReceiver::processPendingEvents(127.0.0.1:60634): Throwing REASON_GENERAL_NETWORK - WSAECONNRESET
  INFO root [2018-08-23 17:33:52,223] - 
  INFO root [2018-08-23 17:33:52,223] - -----------------------------------------------------------------------------------------


  INFO root [2018-08-23 17:33:52,224] - Resmgr::initialize: KBE_ROOT=E:/kbengine/
  INFO root [2018-08-23 17:33:52,224] - Resmgr::initialize: KBE_RES_PATH=E:/kbengine/kbe/res/;E:/kbengine/assets/;E:/kbengine/assets/scripts/;E:/kbengine/assets/res/
  INFO root [2018-08-23 17:33:52,224] - Resmgr::initialize: KBE_BIN_PATH=E:/kbengine/kbe/bin/server/
  INFO root [2018-08-23 17:33:52,249] - NetworkInterface::initialize(INTERNAL): bound to all interfaces with default route interface on 192.168.0.106 ( 192.168.0.106:30099 )
  INFO root [2018-08-23 17:33:52,250] - NetworkInterface::initialize(INTERNAL): address 192.168.0.106:30099, SOMAXCONN=5.
  INFO root [2018-08-23 17:33:52,253] - ---- interfaces Version: 2.0.0. ScriptVersion: 0.1.0. Protocol: A3D4913C83C4082A29723B2DA267A5B0. Config: Debug X86. Built: 15:52:41 Apr 29 2018. AppID: 3000. UID: 1538. PID: 5880 ----
  INFO root [2018-08-23 17:33:52,254] - Server : Intel(R) Xeon(R) CPU E3-1230 v3 @ 3.30GHz with 4194303kB RAM
  INFO root [2018-08-23 17:33:52,258] - ThreadPool::createThreadPool: creating  threadpool...
  INFO root [2018-08-23 17:33:52,259] - ThreadPool::createThreadPool: successfully(2), newThreadCount=1, normalMaxThreadCount=2, maxThreadCount=8
 DEBUG root [2018-08-23 17:33:52,386] - Script::install_py_dlls(): PyInit_pyexpat
 DEBUG root [2018-08-23 17:33:52,387] - Script::install_py_dlls(): PyInit__socket
 DEBUG root [2018-08-23 17:33:52,387] - Script::install_py_dlls(): PyInit__ssl
 DEBUG root [2018-08-23 17:33:52,390] - Script::install_py_dlls(): PyInit__hashlib
 DEBUG root [2018-08-23 17:33:52,390] - Script::install_py_dlls(): PyInit_select
 DEBUG root [2018-08-23 17:33:52,391] - Script::install_py_dlls(): PyInit__ctypes
 DEBUG root [2018-08-23 17:33:52,391] - Script::install_py_dlls(): PyInit__elementtree
 DEBUG root [2018-08-23 17:33:52,421] - Script::install_py_dlls(): PyInit_unicodedata
  INFO root [2018-08-23 17:33:52,451] - Script::install(): is successfully, Python=(3.4.2 (default, Apr 29 2018, 15:52:37) [MSC v.1913 32 bit (Intel)])!
  INFO root [2018-08-23 17:33:52,451] - Script::install(): KBExtra is successfully!
S_INFO root [2018-08-23 17:33:52,462] - onInterfaceAppReady: bootstrapGroupIndex=0, bootstrapGlobalIndex=0
  INFO root [2018-08-23 17:33:52,471] - TelnetServer server is running on port 33000
  INFO root [2018-08-23 17:33:52,773] - ---- interfaces is running ----
 DEBUG root [2018-08-23 17:33:52,773] - Components::process(): Request for the process of identity...
  INFO root [2018-08-23 17:33:59,962] - Components::process(): Found all the components!
S_INFO root [2018-08-23 17:37:20,764] - onRequestAccountLogin: registerName=1
S_INFO root [2018-08-23 17:37:40,064] - onRequestAccountLogin: registerName=2
S_INFO root [2018-08-23 17:37:54,764] - onRequestAccountLogin: registerName=2
S_INFO root [2018-08-23 17:38:33,165] - onRequestAccountLogin: registerName=1
S_INFO root [2018-08-23 17:38:56,465] - onRequestAccountLogin: registerName=2
S_INFO root [2018-08-23 17:39:23,665] - onRequestAccountLogin: registerName=1
S_INFO root [2018-08-23 17:39:43,965] - onRequestAccountLogin: registerName=2
  WARN root [2018-08-23 17:43:09,429] - TCPPacketReceiver::processPendingEvents(127.0.0.1:63997): Throwing REASON_GENERAL_NETWORK - WSAECONNRESET
  INFO root [2018-08-23 17:43:10,818] - 
  INFO root [2018-08-23 17:43:10,818] - -----------------------------------------------------------------------------------------


  INFO root [2018-08-23 17:43:10,818] - Resmgr::initialize: KBE_ROOT=E:/kbengine/
  INFO root [2018-08-23 17:43:10,819] - Resmgr::initialize: KBE_RES_PATH=E:/kbengine/kbe/res/;E:/kbengine/assets/;E:/kbengine/assets/scripts/;E:/kbengine/assets/res/
  INFO root [2018-08-23 17:43:10,819] - Resmgr::initialize: KBE_BIN_PATH=E:/kbengine/kbe/bin/server/
  INFO root [2018-08-23 17:43:10,823] - NetworkInterface::initialize(INTERNAL): bound to all interfaces with default route interface on 192.168.0.106 ( 192.168.0.106:30099 )
  INFO root [2018-08-23 17:43:10,824] - NetworkInterface::initialize(INTERNAL): address 192.168.0.106:30099, SOMAXCONN=5.
  INFO root [2018-08-23 17:43:10,827] - ---- interfaces Version: 2.0.0. ScriptVersion: 0.1.0. Protocol: A3D4913C83C4082A29723B2DA267A5B0. Config: Debug X86. Built: 15:52:41 Apr 29 2018. AppID: 3000. UID: 3364. PID: 13192 ----
  INFO root [2018-08-23 17:43:10,829] - Server : Intel(R) Xeon(R) CPU E3-1230 v3 @ 3.30GHz with 4194303kB RAM
  INFO root [2018-08-23 17:43:10,829] - ThreadPool::createThreadPool: creating  threadpool...
  INFO root [2018-08-23 17:43:10,830] - ThreadPool::createThreadPool: successfully(2), newThreadCount=1, normalMaxThreadCount=2, maxThreadCount=8
 DEBUG root [2018-08-23 17:43:10,964] - Script::install_py_dlls(): PyInit_pyexpat
 DEBUG root [2018-08-23 17:43:10,965] - Script::install_py_dlls(): PyInit__socket
 DEBUG root [2018-08-23 17:43:10,965] - Script::install_py_dlls(): PyInit__ssl
 DEBUG root [2018-08-23 17:43:10,969] - Script::install_py_dlls(): PyInit__hashlib
 DEBUG root [2018-08-23 17:43:10,969] - Script::install_py_dlls(): PyInit_select
 DEBUG root [2018-08-23 17:43:10,969] - Script::install_py_dlls(): PyInit__ctypes
 DEBUG root [2018-08-23 17:43:10,970] - Script::install_py_dlls(): PyInit__elementtree
 DEBUG root [2018-08-23 17:43:11,008] - Script::install_py_dlls(): PyInit_unicodedata
  INFO root [2018-08-23 17:43:11,039] - Script::install(): is successfully, Python=(3.4.2 (default, Apr 29 2018, 15:52:37) [MSC v.1913 32 bit (Intel)])!
  INFO root [2018-08-23 17:43:11,039] - Script::install(): KBExtra is successfully!
S_INFO root [2018-08-23 17:43:11,046] - onInterfaceAppReady: bootstrapGroupIndex=0, bootstrapGlobalIndex=0
  INFO root [2018-08-23 17:43:11,053] - TelnetServer server is running on port 33000
  INFO root [2018-08-23 17:43:11,341] - ---- interfaces is running ----
 DEBUG root [2018-08-23 17:43:11,341] - Components::process(): Request for the process of identity...
  INFO root [2018-08-23 17:43:18,521] - Components::process(): Found all the components!
S_INFO root [2018-08-23 17:43:33,746] - onRequestAccountLogin: registerName=1
S_INFO root [2018-08-23 17:43:45,547] - onRequestAccountLogin: registerName=2
S_INFO root [2018-08-23 17:44:02,246] - onRequestAccountLogin: registerName=2
S_INFO root [2018-08-23 17:44:32,747] - onRequestAccountLogin: registerName=1
  WARN root [2018-08-23 17:45:28,195] - TCPPacketReceiver::processPendingEvents(127.0.0.1:64126): Throwing REASON_GENERAL_NETWORK - WSAECONNRESET
  INFO root [2018-08-23 17:45:29,530] - 
  INFO root [2018-08-23 17:45:29,530] - -----------------------------------------------------------------------------------------


  INFO root [2018-08-23 17:45:29,531] - Resmgr::initialize: KBE_ROOT=E:/kbengine/
  INFO root [2018-08-23 17:45:29,531] - Resmgr::initialize: KBE_RES_PATH=E:/kbengine/kbe/res/;E:/kbengine/assets/;E:/kbengine/assets/scripts/;E:/kbengine/assets/res/
  INFO root [2018-08-23 17:45:29,531] - Resmgr::initialize: KBE_BIN_PATH=E:/kbengine/kbe/bin/server/
  INFO root [2018-08-23 17:45:29,538] - NetworkInterface::initialize(INTERNAL): bound to all interfaces with default route interface on 192.168.0.106 ( 192.168.0.106:30099 )
  INFO root [2018-08-23 17:45:29,539] - NetworkInterface::initialize(INTERNAL): address 192.168.0.106:30099, SOMAXCONN=5.
  INFO root [2018-08-23 17:45:29,543] - ---- interfaces Version: 2.0.0. ScriptVersion: 0.1.0. Protocol: A3D4913C83C4082A29723B2DA267A5B0. Config: Debug X86. Built: 15:52:41 Apr 29 2018. AppID: 3000. UID: 3814. PID: 6456 ----
  INFO root [2018-08-23 17:45:29,543] - Server : Intel(R) Xeon(R) CPU E3-1230 v3 @ 3.30GHz with 4194303kB RAM
  INFO root [2018-08-23 17:45:29,543] - ThreadPool::createThreadPool: creating  threadpool...
  INFO root [2018-08-23 17:45:29,544] - ThreadPool::createThreadPool: successfully(2), newThreadCount=1, normalMaxThreadCount=2, maxThreadCount=8
 DEBUG root [2018-08-23 17:45:29,673] - Script::install_py_dlls(): PyInit_pyexpat
 DEBUG root [2018-08-23 17:45:29,674] - Script::install_py_dlls(): PyInit__socket
 DEBUG root [2018-08-23 17:45:29,674] - Script::install_py_dlls(): PyInit__ssl
 DEBUG root [2018-08-23 17:45:29,677] - Script::install_py_dlls(): PyInit__hashlib
 DEBUG root [2018-08-23 17:45:29,677] - Script::install_py_dlls(): PyInit_select
 DEBUG root [2018-08-23 17:45:29,677] - Script::install_py_dlls(): PyInit__ctypes
 DEBUG root [2018-08-23 17:45:29,678] - Script::install_py_dlls(): PyInit__elementtree
 DEBUG root [2018-08-23 17:45:29,709] - Script::install_py_dlls(): PyInit_unicodedata
  INFO root [2018-08-23 17:45:29,741] - Script::install(): is successfully, Python=(3.4.2 (default, Apr 29 2018, 15:52:37) [MSC v.1913 32 bit (Intel)])!
  INFO root [2018-08-23 17:45:29,742] - Script::install(): KBExtra is successfully!
S_INFO root [2018-08-23 17:45:29,750] - onInterfaceAppReady: bootstrapGroupIndex=0, bootstrapGlobalIndex=0
  INFO root [2018-08-23 17:45:29,758] - TelnetServer server is running on port 33000
  INFO root [2018-08-23 17:45:30,067] - ---- interfaces is running ----
 DEBUG root [2018-08-23 17:45:30,067] - Components::process(): Request for the process of identity...
  INFO root [2018-08-23 17:45:37,251] - Components::process(): Found all the components!
S_INFO root [2018-08-23 17:46:05,052] - onRequestAccountLogin: registerName=1
S_INFO root [2018-08-23 17:46:13,451] - onRequestAccountLogin: registerName=2
S_INFO root [2018-08-23 17:46:24,751] - onRequestAccountLogin: registerName=1
S_INFO root [2018-08-23 17:46:32,651] - onRequestAccountLogin: registerName=2
S_INFO root [2018-08-23 17:46:58,252] - onRequestAccountLogin: registerName=1
S_INFO root [2018-08-23 17:47:23,451] - onRequestAccountLogin: registerName=2
S_INFO root [2018-08-23 17:47:52,752] - onRequestAccountLogin: registerName=1
S_INFO root [2018-08-23 17:48:09,452] - onRequestAccountLogin: registerName=2
S_INFO root [2018-08-23 17:48:44,267] - onRequestAccountLogin: registerName=1
S_INFO root [2018-08-23 17:49:01,152] - onRequestAccountLogin: registerName=2
S_INFO root [2018-08-23 17:49:41,353] - onRequestAccountLogin: registerName=1
S_INFO root [2018-08-23 17:49:56,552] - onRequestAccountLogin: registerName=2
S_INFO root [2018-08-23 17:50:18,252] - onRequestAccountLogin: registerName=1
S_INFO root [2018-08-23 17:50:41,052] - onRequestAccountLogin: registerName=2
  WARN root [2018-08-23 23:05:43,447] - TCPPacketReceiver::processPendingEvents(127.0.0.1:64196): Throwing REASON_GENERAL_NETWORK - WSAECONNRESET
