S_INFO root [2018-10-23 00:03:27,390] - onRequestAccountLogin: registerName=1
  WARN root [2018-10-23 00:07:16,897] - TCPPacketReceiver::processPendingEvents(127.0.0.1:57712): Throwing REASON_GENERAL_NETWORK - WSAECONNRESET
  INFO root [2018-10-23 00:07:18,008] - 
  INFO root [2018-10-23 00:07:18,008] - -----------------------------------------------------------------------------------------


  INFO root [2018-10-23 00:07:18,009] - Resmgr::initialize: KBE_ROOT=E:/kbengine/
  INFO root [2018-10-23 00:07:18,009] - Resmgr::initialize: KBE_RES_PATH=E:/kbengine/kbe/res/;E:/kbengine/assets/;E:/kbengine/assets/scripts/;E:/kbengine/assets/res/
  INFO root [2018-10-23 00:07:18,009] - Resmgr::initialize: KBE_BIN_PATH=E:/kbengine/kbe/bin/server/
  INFO root [2018-10-23 00:07:18,028] - NetworkInterface::initialize(INTERNAL): bound to all interfaces with default route interface on 192.168.0.107 ( 192.168.0.107:30099 )
  INFO root [2018-10-23 00:07:18,028] - NetworkInterface::initialize(INTERNAL): address 192.168.0.107:30099, SOMAXCONN=5.
  INFO root [2018-10-23 00:07:18,034] - ---- interfaces Version: 2.0.0. ScriptVersion: 0.1.0. Protocol: A3D4913C83C4082A29723B2DA267A5B0. Config: Debug X86. Built: 15:52:41 Apr 29 2018. AppID: 3000. UID: 796. PID: 6344 ----
  INFO root [2018-10-23 00:07:18,035] - Server : Intel(R) Xeon(R) CPU E3-1230 v3 @ 3.30GHz with 4194303kB RAM
  INFO root [2018-10-23 00:07:18,035] - ThreadPool::createThreadPool: creating  threadpool...
  INFO root [2018-10-23 00:07:18,036] - ThreadPool::createThreadPool: successfully(2), newThreadCount=1, normalMaxThreadCount=2, maxThreadCount=8
 DEBUG root [2018-10-23 00:07:18,170] - Script::install_py_dlls(): PyInit_pyexpat
 DEBUG root [2018-10-23 00:07:18,170] - Script::install_py_dlls(): PyInit__socket
 DEBUG root [2018-10-23 00:07:18,171] - Script::install_py_dlls(): PyInit__ssl
 DEBUG root [2018-10-23 00:07:18,174] - Script::install_py_dlls(): PyInit__hashlib
 DEBUG root [2018-10-23 00:07:18,174] - Script::install_py_dlls(): PyInit_select
 DEBUG root [2018-10-23 00:07:18,174] - Script::install_py_dlls(): PyInit__ctypes
 DEBUG root [2018-10-23 00:07:18,175] - Script::install_py_dlls(): PyInit__elementtree
 DEBUG root [2018-10-23 00:07:18,211] - Script::install_py_dlls(): PyInit_unicodedata
  INFO root [2018-10-23 00:07:18,242] - Script::install(): is successfully, Python=(3.4.2 (default, Apr 29 2018, 15:52:37) [MSC v.1913 32 bit (Intel)])!
  INFO root [2018-10-23 00:07:18,242] - Script::install(): KBExtra is successfully!
S_INFO root [2018-10-23 00:07:18,250] - onInterfaceAppReady: bootstrapGroupIndex=0, bootstrapGlobalIndex=0
  INFO root [2018-10-23 00:07:18,259] - TelnetServer server is running on port 33000
  INFO root [2018-10-23 00:07:18,545] - ---- interfaces is running ----
 DEBUG root [2018-10-23 00:07:18,545] - Components::process(): Request for the process of identity...
  INFO root [2018-10-23 00:07:25,712] - Components::process(): Found all the components!
S_INFO root [2018-10-23 00:07:39,052] - onRequestAccountLogin: registerName=1
  WARN root [2018-10-23 00:10:19,792] - TCPPacketReceiver::processPendingEvents(127.0.0.1:57838): Throwing REASON_GENERAL_NETWORK - WSAECONNRESET
  INFO root [2018-10-23 00:10:20,946] - 
  INFO root [2018-10-23 00:10:20,948] - -----------------------------------------------------------------------------------------


  INFO root [2018-10-23 00:10:20,948] - Resmgr::initialize: KBE_ROOT=E:/kbengine/
  INFO root [2018-10-23 00:10:20,948] - Resmgr::initialize: KBE_RES_PATH=E:/kbengine/kbe/res/;E:/kbengine/assets/;E:/kbengine/assets/scripts/;E:/kbengine/assets/res/
  INFO root [2018-10-23 00:10:20,949] - Resmgr::initialize: KBE_BIN_PATH=E:/kbengine/kbe/bin/server/
  INFO root [2018-10-23 00:10:20,959] - NetworkInterface::initialize(INTERNAL): bound to all interfaces with default route interface on 192.168.0.107 ( 192.168.0.107:30099 )
  INFO root [2018-10-23 00:10:20,959] - NetworkInterface::initialize(INTERNAL): address 192.168.0.107:30099, SOMAXCONN=5.
  INFO root [2018-10-23 00:10:20,965] - ---- interfaces Version: 2.0.0. ScriptVersion: 0.1.0. Protocol: A3D4913C83C4082A29723B2DA267A5B0. Config: Debug X86. Built: 15:52:41 Apr 29 2018. AppID: 3000. UID: 1394. PID: 4556 ----
  INFO root [2018-10-23 00:10:20,966] - Server : Intel(R) Xeon(R) CPU E3-1230 v3 @ 3.30GHz with 4194303kB RAM
  INFO root [2018-10-23 00:10:20,966] - ThreadPool::createThreadPool: creating  threadpool...
  INFO root [2018-10-23 00:10:20,967] - ThreadPool::createThreadPool: successfully(2), newThreadCount=1, normalMaxThreadCount=2, maxThreadCount=8
 DEBUG root [2018-10-23 00:10:21,103] - Script::install_py_dlls(): PyInit_pyexpat
 DEBUG root [2018-10-23 00:10:21,104] - Script::install_py_dlls(): PyInit__socket
 DEBUG root [2018-10-23 00:10:21,105] - Script::install_py_dlls(): PyInit__ssl
 DEBUG root [2018-10-23 00:10:21,109] - Script::install_py_dlls(): PyInit__hashlib
 DEBUG root [2018-10-23 00:10:21,110] - Script::install_py_dlls(): PyInit_select
 DEBUG root [2018-10-23 00:10:21,110] - Script::install_py_dlls(): PyInit__ctypes
 DEBUG root [2018-10-23 00:10:21,111] - Script::install_py_dlls(): PyInit__elementtree
 DEBUG root [2018-10-23 00:10:21,147] - Script::install_py_dlls(): PyInit_unicodedata
  INFO root [2018-10-23 00:10:21,181] - Script::install(): is successfully, Python=(3.4.2 (default, Apr 29 2018, 15:52:37) [MSC v.1913 32 bit (Intel)])!
  INFO root [2018-10-23 00:10:21,182] - Script::install(): KBExtra is successfully!
S_INFO root [2018-10-23 00:10:21,190] - onInterfaceAppReady: bootstrapGroupIndex=0, bootstrapGlobalIndex=0
  INFO root [2018-10-23 00:10:21,197] - TelnetServer server is running on port 33000
  INFO root [2018-10-23 00:10:21,490] - ---- interfaces is running ----
 DEBUG root [2018-10-23 00:10:21,490] - Components::process(): Request for the process of identity...
  INFO root [2018-10-23 00:10:28,656] - Components::process(): Found all the components!
S_INFO root [2018-10-23 00:10:48,990] - onRequestAccountLogin: registerName=1
  WARN root [2018-10-23 00:40:03,738] - TCPPacketReceiver::processPendingEvents(127.0.0.1:57913): Throwing REASON_GENERAL_NETWORK - WSAECONNRESET
