S_INFO root [2018-11-14 00:03:45,997] - onRequestAccountLogin: registerName=1
S_INFO root [2018-11-14 00:04:09,897] - onRequestAccountLogin: registerName=1
S_INFO root [2018-11-14 00:04:49,497] - onRequestAccountLogin: registerName=2
S_INFO root [2018-11-14 00:12:48,704] - onRequestAccountLogin: registerName=Q
S_INFO root [2018-11-14 00:13:00,401] - onRequestAccountLogin: registerName=Q
S_INFO root [2018-11-14 00:14:37,302] - onRequestAccountLogin: registerName=Q
S_INFO root [2018-11-14 00:16:16,602] - onRequestAccountLogin: registerName=Q
S_INFO root [2018-11-14 00:16:28,202] - onRequestAccountLogin: registerName=Q
S_INFO root [2018-11-14 00:23:56,806] - onRequestAccountLogin: registerName=Q
S_INFO root [2018-11-14 00:37:08,711] - onRequestAccountLogin: registerName=Q
  WARN root [2018-11-14 00:58:08,786] - TCPPacketReceiver::processPendingEvents(127.0.0.1:49771): Throwing REASON_GENERAL_NETWORK - WSAECONNRESET
  INFO root [2018-11-14 13:47:37,456] - 
  INFO root [2018-11-14 13:47:37,489] - -----------------------------------------------------------------------------------------


  INFO root [2018-11-14 13:47:39,465] - Resmgr::initialize: KBE_ROOT=E:/kbengine/
  INFO root [2018-11-14 13:47:39,466] - Resmgr::initialize: KBE_RES_PATH=E:/kbengine/kbe/res/;E:/kbengine/assets/;E:/kbengine/assets/scripts/;E:/kbengine/assets/res/
  INFO root [2018-11-14 13:47:39,466] - Resmgr::initialize: KBE_BIN_PATH=E:/kbengine/kbe/bin/server/
  INFO root [2018-11-14 13:47:39,996] - NetworkInterface::initialize(INTERNAL): bound to all interfaces with default route interface on 192.168.0.107 ( 192.168.0.107:30099 )
  INFO root [2018-11-14 13:47:40,016] - NetworkInterface::initialize(INTERNAL): address 192.168.0.107:30099, SOMAXCONN=5.
  INFO root [2018-11-14 13:47:40,413] - ---- interfaces Version: 2.0.0. ScriptVersion: 0.1.0. Protocol: A3D4913C83C4082A29723B2DA267A5B0. Config: Debug X86. Built: 15:52:41 Apr 29 2018. AppID: 3000. UID: 11700. PID: 9984 ----
  INFO root [2018-11-14 13:47:40,414] - Server : Intel(R) Xeon(R) CPU E3-1230 v3 @ 3.30GHz with 4194303kB RAM
  INFO root [2018-11-14 13:47:40,533] - ThreadPool::createThreadPool: creating  threadpool...
  INFO root [2018-11-14 13:47:40,535] - ThreadPool::createThreadPool: successfully(2), newThreadCount=1, normalMaxThreadCount=2, maxThreadCount=8
 DEBUG root [2018-11-14 13:47:47,881] - Script::install_py_dlls(): PyInit_pyexpat
 DEBUG root [2018-11-14 13:47:48,319] - Script::install_py_dlls(): PyInit__socket
 DEBUG root [2018-11-14 13:47:48,450] - Script::install_py_dlls(): PyInit__ssl
 DEBUG root [2018-11-14 13:47:49,386] - Script::install_py_dlls(): PyInit__hashlib
 DEBUG root [2018-11-14 13:47:49,469] - Script::install_py_dlls(): PyInit_select
 DEBUG root [2018-11-14 13:47:49,514] - Script::install_py_dlls(): PyInit__ctypes
 DEBUG root [2018-11-14 13:47:49,659] - Script::install_py_dlls(): PyInit__elementtree
 DEBUG root [2018-11-14 13:47:50,416] - Script::install_py_dlls(): PyInit_unicodedata
  INFO root [2018-11-14 13:47:52,258] - Script::install(): is successfully, Python=(3.4.2 (default, Apr 29 2018, 15:52:37) [MSC v.1913 32 bit (Intel)])!
  INFO root [2018-11-14 13:47:52,259] - Script::install(): KBExtra is successfully!
S_INFO root [2018-11-14 13:47:53,069] - onInterfaceAppReady: bootstrapGroupIndex=0, bootstrapGlobalIndex=0
  INFO root [2018-11-14 13:47:53,349] - TelnetServer server is running on port 33000
  WARN root [2018-11-14 13:47:53,350] - e:\kbengine\kbe\src\server\tools\interfaces\interfaces.cpp:146: Profile scriptCall took 0.28 seconds
  INFO root [2018-11-14 13:47:53,866] - ---- interfaces is running ----
 DEBUG root [2018-11-14 13:47:53,978] - Components::process(): Request for the process of identity...
  WARN root [2018-11-14 13:48:00,465] - e:\kbengine\kbe\src\lib\network\event_dispatcher.cpp:153: Profile callSystemTimers took 0.12 seconds
  INFO root [2018-11-14 13:48:01,569] - Components::process(): Found all the components!
S_INFO root [2018-11-14 13:48:27,499] - onRequestAccountLogin: registerName=1
S_INFO root [2018-11-14 13:48:34,469] - onRequestAccountLogin: registerName=2
S_INFO root [2018-11-14 13:57:21,871] - onRequestAccountLogin: registerName=2
S_INFO root [2018-11-14 13:57:58,471] - onRequestAccountLogin: registerName=1
S_INFO root [2018-11-14 14:01:36,173] - onRequestAccountLogin: registerName=2
S_INFO root [2018-11-14 14:19:18,576] - onRequestAccountLogin: registerName=1
S_INFO root [2018-11-14 14:19:23,576] - onRequestAccountLogin: registerName=2
S_INFO root [2018-11-14 14:20:43,776] - onRequestAccountLogin: registerName=Q
S_INFO root [2018-11-14 14:20:48,877] - onRequestAccountLogin: registerName=w
  WARN root [2018-11-14 14:57:12,063] - TCPPacketReceiver::processPendingEvents(127.0.0.1:51865): Throwing REASON_GENERAL_NETWORK - WSAECONNRESET
