  INFO root [2018-11-11 00:18:05,044] - 
  INFO root [2018-11-11 00:18:05,068] - -----------------------------------------------------------------------------------------


  INFO root [2018-11-11 00:18:07,644] - Resmgr::initialize: KBE_ROOT=E:/kbengine/
  INFO root [2018-11-11 00:18:07,646] - Resmgr::initialize: KBE_RES_PATH=E:/kbengine/kbe/res/;E:/kbengine/assets/;E:/kbengine/assets/scripts/;E:/kbengine/assets/res/
  INFO root [2018-11-11 00:18:07,646] - Resmgr::initialize: KBE_BIN_PATH=E:/kbengine/kbe/bin/server/
  INFO root [2018-11-11 00:18:08,384] - NetworkInterface::initialize(INTERNAL): bound to all interfaces with default route interface on 192.168.0.107 ( 192.168.0.107:30099 )
  INFO root [2018-11-11 00:18:08,462] - NetworkInterface::initialize(INTERNAL): address 192.168.0.107:30099, SOMAXCONN=5.
  INFO root [2018-11-11 00:18:08,898] - ---- interfaces Version: 2.0.0. ScriptVersion: 0.1.0. Protocol: A3D4913C83C4082A29723B2DA267A5B0. Config: Debug X86. Built: 15:52:41 Apr 29 2018. AppID: 3000. UID: 22461. PID: 7480 ----
  INFO root [2018-11-11 00:18:08,899] - Server : Intel(R) Xeon(R) CPU E3-1230 v3 @ 3.30GHz with 4194303kB RAM
  INFO root [2018-11-11 00:18:09,029] - ThreadPool::createThreadPool: creating  threadpool...
  INFO root [2018-11-11 00:18:09,031] - ThreadPool::createThreadPool: successfully(2), newThreadCount=1, normalMaxThreadCount=2, maxThreadCount=8
 DEBUG root [2018-11-11 00:18:16,745] - Script::install_py_dlls(): PyInit_pyexpat
 DEBUG root [2018-11-11 00:18:17,016] - Script::install_py_dlls(): PyInit__socket
 DEBUG root [2018-11-11 00:18:17,072] - Script::install_py_dlls(): PyInit__ssl
 DEBUG root [2018-11-11 00:18:17,518] - Script::install_py_dlls(): PyInit__hashlib
 DEBUG root [2018-11-11 00:18:17,616] - Script::install_py_dlls(): PyInit_select
 DEBUG root [2018-11-11 00:18:17,728] - Script::install_py_dlls(): PyInit__ctypes
 DEBUG root [2018-11-11 00:18:18,014] - Script::install_py_dlls(): PyInit__elementtree
 DEBUG root [2018-11-11 00:18:19,280] - Script::install_py_dlls(): PyInit_unicodedata
  INFO root [2018-11-11 00:18:20,596] - Script::install(): is successfully, Python=(3.4.2 (default, Apr 29 2018, 15:52:37) [MSC v.1913 32 bit (Intel)])!
  INFO root [2018-11-11 00:18:20,597] - Script::install(): KBExtra is successfully!
S_INFO root [2018-11-11 00:18:20,949] - onInterfaceAppReady: bootstrapGroupIndex=0, bootstrapGlobalIndex=0
  INFO root [2018-11-11 00:18:21,170] - TelnetServer server is running on port 33000
  WARN root [2018-11-11 00:18:21,172] - e:\kbengine\kbe\src\server\tools\interfaces\interfaces.cpp:146: Profile scriptCall took 0.22 seconds
  INFO root [2018-11-11 00:18:22,070] - ---- interfaces is running ----
 DEBUG root [2018-11-11 00:18:22,400] - Components::process(): Request for the process of identity...
  WARN root [2018-11-11 00:18:29,114] - e:\kbengine\kbe\src\lib\network\event_dispatcher.cpp:153: Profile callSystemTimers took 0.21 seconds
  INFO root [2018-11-11 00:18:30,220] - Components::process(): Found all the components!
S_INFO root [2018-11-11 16:55:09,587] - onRequestAccountLogin: registerName=1
S_INFO root [2018-11-11 16:55:30,371] - onRequestAccountLogin: registerName=1
S_INFO root [2018-11-11 19:51:47,710] - onRequestAccountLogin: registerName=1
S_INFO root [2018-11-11 19:51:50,410] - onRequestAccountLogin: registerName=2
S_INFO root [2018-11-11 19:58:12,111] - onRequestAccountLogin: registerName=1
S_INFO root [2018-11-11 19:59:20,411] - onRequestAccountLogin: registerName=1
S_INFO root [2018-11-11 20:00:36,711] - onRequestAccountLogin: registerName=1
S_INFO root [2018-11-11 20:03:02,212] - onRequestAccountLogin: registerName=1
S_INFO root [2018-11-11 20:05:19,113] - onRequestAccountLogin: registerName=2
S_INFO root [2018-11-11 20:08:34,313] - onRequestAccountLogin: registerName=1
S_INFO root [2018-11-11 20:09:36,217] - onRequestAccountLogin: registerName=1
S_INFO root [2018-11-11 20:10:10,614] - onRequestAccountLogin: registerName=2
S_INFO root [2018-11-11 20:18:06,915] - onRequestAccountLogin: registerName=2
S_INFO root [2018-11-11 20:18:20,916] - onRequestAccountLogin: registerName=2
S_INFO root [2018-11-11 20:19:05,216] - onRequestAccountLogin: registerName=1
S_INFO root [2018-11-11 20:25:40,617] - onRequestAccountLogin: registerName=2
S_INFO root [2018-11-11 20:25:51,917] - onRequestAccountLogin: registerName=2
S_INFO root [2018-11-11 20:47:30,822] - onRequestAccountLogin: registerName=1
S_INFO root [2018-11-11 22:24:05,743] - onRequestAccountLogin: registerName=2
S_INFO root [2018-11-11 22:24:17,943] - onRequestAccountLogin: registerName=2
S_INFO root [2018-11-11 22:33:06,045] - onRequestAccountLogin: registerName=1
S_INFO root [2018-11-11 22:34:36,545] - onRequestAccountLogin: registerName=1
S_INFO root [2018-11-11 22:36:42,846] - onRequestAccountLogin: registerName=1
S_INFO root [2018-11-11 22:37:28,046] - onRequestAccountLogin: registerName=2
S_INFO root [2018-11-11 22:39:56,246] - onRequestAccountLogin: registerName=1
S_INFO root [2018-11-11 22:43:54,448] - onRequestAccountLogin: registerName=2
S_INFO root [2018-11-11 22:45:01,648] - onRequestAccountLogin: registerName=1
S_INFO root [2018-11-11 22:50:32,749] - onRequestAccountLogin: registerName=2
S_INFO root [2018-11-11 22:51:39,550] - onRequestAccountLogin: registerName=2
S_INFO root [2018-11-11 22:52:28,149] - onRequestAccountLogin: registerName=1
S_INFO root [2018-11-11 23:03:21,252] - onRequestAccountLogin: registerName=2
S_INFO root [2018-11-11 23:03:30,352] - onRequestAccountLogin: registerName=1
S_INFO root [2018-11-11 23:10:54,753] - onRequestAccountLogin: registerName=1
S_INFO root [2018-11-11 23:14:57,454] - onRequestAccountLogin: registerName=2
S_INFO root [2018-11-11 23:15:22,954] - onRequestAccountLogin: registerName=1
S_INFO root [2018-11-11 23:18:46,856] - onRequestAccountLogin: registerName=2
S_INFO root [2018-11-11 23:22:39,256] - onRequestAccountLogin: registerName=11
S_INFO root [2018-11-11 23:23:02,856] - onRequestAccountLogin: registerName=22
S_INFO root [2018-11-11 23:23:41,657] - onRequestAccountLogin: registerName=11
S_INFO root [2018-11-11 23:28:55,757] - onRequestAccountLogin: registerName=2
S_INFO root [2018-11-11 23:29:10,858] - onRequestAccountLogin: registerName=22
S_INFO root [2018-11-11 23:49:46,162] - onRequestAccountLogin: registerName=222
S_INFO root [2018-11-11 23:49:51,162] - onRequestAccountLogin: registerName=111
S_INFO root [2018-11-11 23:50:05,962] - onRequestAccountLogin: registerName=222
S_INFO root [2018-11-11 23:54:19,163] - onRequestAccountLogin: registerName=111
S_INFO root [2018-11-11 23:57:02,664] - onRequestAccountLogin: registerName=111
S_INFO root [2018-11-11 23:57:42,364] - onRequestAccountLogin: registerName=111
