  INFO root [2018-11-07 23:31:33,851] - 
  INFO root [2018-11-07 23:31:33,889] - -----------------------------------------------------------------------------------------


  INFO root [2018-11-07 23:31:36,223] - Resmgr::initialize: KBE_ROOT=E:/kbengine/
  INFO root [2018-11-07 23:31:36,224] - Resmgr::initialize: KBE_RES_PATH=E:/kbengine/kbe/res/;E:/kbengine/assets/;E:/kbengine/assets/scripts/;E:/kbengine/assets/res/
  INFO root [2018-11-07 23:31:36,224] - Resmgr::initialize: KBE_BIN_PATH=E:/kbengine/kbe/bin/server/
  INFO root [2018-11-07 23:31:36,805] - NetworkInterface::initialize(INTERNAL): bound to all interfaces with default route interface on 192.168.0.107 ( 192.168.0.107:30099 )
  INFO root [2018-11-07 23:31:36,892] - NetworkInterface::initialize(INTERNAL): address 192.168.0.107:30099, SOMAXCONN=5.
  INFO root [2018-11-07 23:31:37,269] - ---- interfaces Version: 2.0.0. ScriptVersion: 0.1.0. Protocol: A3D4913C83C4082A29723B2DA267A5B0. Config: Debug X86. Built: 15:52:41 Apr 29 2018. AppID: 3000. UID: 18863. PID: 13980 ----
  INFO root [2018-11-07 23:31:37,270] - Server : Intel(R) Xeon(R) CPU E3-1230 v3 @ 3.30GHz with 4194303kB RAM
  INFO root [2018-11-07 23:31:37,342] - ThreadPool::createThreadPool: creating  threadpool...
  INFO root [2018-11-07 23:31:37,343] - ThreadPool::createThreadPool: successfully(2), newThreadCount=1, normalMaxThreadCount=2, maxThreadCount=8
 DEBUG root [2018-11-07 23:31:45,440] - Script::install_py_dlls(): PyInit_pyexpat
 DEBUG root [2018-11-07 23:31:45,578] - Script::install_py_dlls(): PyInit__socket
 DEBUG root [2018-11-07 23:31:45,625] - Script::install_py_dlls(): PyInit__ssl
 DEBUG root [2018-11-07 23:31:46,444] - Script::install_py_dlls(): PyInit__hashlib
 DEBUG root [2018-11-07 23:31:46,511] - Script::install_py_dlls(): PyInit_select
 DEBUG root [2018-11-07 23:31:46,548] - Script::install_py_dlls(): PyInit__ctypes
 DEBUG root [2018-11-07 23:31:47,276] - Script::install_py_dlls(): PyInit__elementtree
 DEBUG root [2018-11-07 23:31:48,335] - Script::install_py_dlls(): PyInit_unicodedata
  INFO root [2018-11-07 23:31:50,876] - Script::install(): is successfully, Python=(3.4.2 (default, Apr 29 2018, 15:52:37) [MSC v.1913 32 bit (Intel)])!
  INFO root [2018-11-07 23:31:50,877] - Script::install(): KBExtra is successfully!
S_INFO root [2018-11-07 23:31:51,245] - onInterfaceAppReady: bootstrapGroupIndex=0, bootstrapGlobalIndex=0
  INFO root [2018-11-07 23:31:51,491] - TelnetServer server is running on port 33000
  WARN root [2018-11-07 23:31:51,492] - e:\kbengine\kbe\src\server\tools\interfaces\interfaces.cpp:146: Profile scriptCall took 0.25 seconds
  INFO root [2018-11-07 23:31:52,025] - ---- interfaces is running ----
 DEBUG root [2018-11-07 23:31:52,112] - Components::process(): Request for the process of identity...
  INFO root [2018-11-07 23:31:59,445] - Components::process(): Found all the components!
S_INFO root [2018-11-07 23:51:50,977] - onRequestAccountLogin: registerName=1
S_INFO root [2018-11-07 23:59:17,962] - onRequestAccountLogin: registerName=1
