  INFO root [2018-05-06 13:45:14,147] - 
  INFO root [2018-05-06 13:45:14,192] - -----------------------------------------------------------------------------------------


  INFO root [2018-05-06 13:45:15,926] - Resmgr::initialize: KBE_ROOT=E:/kbengine/
  INFO root [2018-05-06 13:45:15,927] - Resmgr::initialize: KBE_RES_PATH=E:/kbengine/kbe/res/;E:/kbengine/assets/;E:/kbengine/assets/scripts/;E:/kbengine/assets/res/
  INFO root [2018-05-06 13:45:15,927] - Resmgr::initialize: KBE_BIN_PATH=E:/kbengine/kbe/bin/server/
  INFO root [2018-05-06 13:45:16,316] - NetworkInterface::initialize(INTERNAL): bound to all interfaces with default route interface on 192.168.0.106 ( 192.168.0.106:30099 )
  INFO root [2018-05-06 13:45:16,386] - NetworkInterface::initialize(INTERNAL): address 192.168.0.106:30099, SOMAXCONN=5.
  INFO root [2018-05-06 13:45:17,004] - ---- interfaces Version: 2.0.0. ScriptVersion: 0.1.0. Protocol: A3D4913C83C4082A29723B2DA267A5B0. Config: Debug X86. Built: 15:52:41 Apr 29 2018. AppID: 3000. UID: 4706. PID: 10692 ----
  INFO root [2018-05-06 13:45:17,006] - Server : Intel(R) Xeon(R) CPU E3-1230 v3 @ 3.30GHz with 4194303kB RAM
  INFO root [2018-05-06 13:45:17,453] - ThreadPool::createThreadPool: creating  threadpool...
  INFO root [2018-05-06 13:45:17,454] - ThreadPool::createThreadPool: successfully(2), newThreadCount=1, normalMaxThreadCount=2, maxThreadCount=8
 DEBUG root [2018-05-06 13:45:23,819] - Script::install_py_dlls(): PyInit_pyexpat
 DEBUG root [2018-05-06 13:45:23,915] - Script::install_py_dlls(): PyInit__socket
 DEBUG root [2018-05-06 13:45:24,004] - Script::install_py_dlls(): PyInit__ssl
 DEBUG root [2018-05-06 13:45:25,059] - Script::install_py_dlls(): PyInit__hashlib
 DEBUG root [2018-05-06 13:45:25,131] - Script::install_py_dlls(): PyInit_select
 DEBUG root [2018-05-06 13:45:25,193] - Script::install_py_dlls(): PyInit__ctypes
 DEBUG root [2018-05-06 13:45:25,272] - Script::install_py_dlls(): PyInit__elementtree
 DEBUG root [2018-05-06 13:45:26,244] - Script::install_py_dlls(): PyInit_unicodedata
  INFO root [2018-05-06 13:45:27,587] - Script::install(): is successfully, Python=(3.4.2 (default, Apr 29 2018, 15:52:37) [MSC v.1913 32 bit (Intel)])!
  INFO root [2018-05-06 13:45:27,588] - Script::install(): KBExtra is successfully!
S_INFO root [2018-05-06 13:45:27,939] - onInterfaceAppReady: bootstrapGroupIndex=0, bootstrapGlobalIndex=0
  INFO root [2018-05-06 13:45:28,202] - TelnetServer server is running on port 33000
  WARN root [2018-05-06 13:45:28,203] - e:\kbengine\kbe\src\server\tools\interfaces\interfaces.cpp:146: Profile scriptCall took 0.26 seconds
  INFO root [2018-05-06 13:45:28,905] - ---- interfaces is running ----
 DEBUG root [2018-05-06 13:45:29,023] - Components::process(): Request for the process of identity...
  WARN root [2018-05-06 13:45:35,594] - e:\kbengine\kbe\src\lib\network\event_dispatcher.cpp:153: Profile callSystemTimers took 0.19 seconds
  INFO root [2018-05-06 13:45:36,678] - Components::process(): Found all the components!
  WARN root [2018-05-06 13:46:05,916] - TCPPacketReceiver::processPendingEvents(127.0.0.1:50281): Throwing REASON_GENERAL_NETWORK - WSAECONNRESET
  INFO root [2018-05-06 13:46:07,110] - 
  INFO root [2018-05-06 13:46:07,112] - -----------------------------------------------------------------------------------------


  INFO root [2018-05-06 13:46:07,112] - Resmgr::initialize: KBE_ROOT=E:/kbengine/
  INFO root [2018-05-06 13:46:07,113] - Resmgr::initialize: KBE_RES_PATH=E:/kbengine/kbe/res/;E:/kbengine/assets/;E:/kbengine/assets/scripts/;E:/kbengine/assets/res/
  INFO root [2018-05-06 13:46:07,113] - Resmgr::initialize: KBE_BIN_PATH=E:/kbengine/kbe/bin/server/
  INFO root [2018-05-06 13:46:07,122] - NetworkInterface::initialize(INTERNAL): bound to all interfaces with default route interface on 192.168.0.106 ( 192.168.0.106:30099 )
  INFO root [2018-05-06 13:46:07,122] - NetworkInterface::initialize(INTERNAL): address 192.168.0.106:30099, SOMAXCONN=5.
  INFO root [2018-05-06 13:46:07,126] - ---- interfaces Version: 2.0.0. ScriptVersion: 0.1.0. Protocol: A3D4913C83C4082A29723B2DA267A5B0. Config: Debug X86. Built: 15:52:41 Apr 29 2018. AppID: 3000. UID: 4915. PID: 2248 ----
  INFO root [2018-05-06 13:46:07,127] - Server : Intel(R) Xeon(R) CPU E3-1230 v3 @ 3.30GHz with 4194303kB RAM
  INFO root [2018-05-06 13:46:07,127] - ThreadPool::createThreadPool: creating  threadpool...
  INFO root [2018-05-06 13:46:07,127] - ThreadPool::createThreadPool: successfully(2), newThreadCount=1, normalMaxThreadCount=2, maxThreadCount=8
 DEBUG root [2018-05-06 13:46:07,260] - Script::install_py_dlls(): PyInit_pyexpat
 DEBUG root [2018-05-06 13:46:07,260] - Script::install_py_dlls(): PyInit__socket
 DEBUG root [2018-05-06 13:46:07,260] - Script::install_py_dlls(): PyInit__ssl
 DEBUG root [2018-05-06 13:46:07,264] - Script::install_py_dlls(): PyInit__hashlib
 DEBUG root [2018-05-06 13:46:07,264] - Script::install_py_dlls(): PyInit_select
 DEBUG root [2018-05-06 13:46:07,264] - Script::install_py_dlls(): PyInit__ctypes
 DEBUG root [2018-05-06 13:46:07,265] - Script::install_py_dlls(): PyInit__elementtree
 DEBUG root [2018-05-06 13:46:07,300] - Script::install_py_dlls(): PyInit_unicodedata
  INFO root [2018-05-06 13:46:07,330] - Script::install(): is successfully, Python=(3.4.2 (default, Apr 29 2018, 15:52:37) [MSC v.1913 32 bit (Intel)])!
  INFO root [2018-05-06 13:46:07,330] - Script::install(): KBExtra is successfully!
S_INFO root [2018-05-06 13:46:07,339] - onInterfaceAppReady: bootstrapGroupIndex=0, bootstrapGlobalIndex=0
  INFO root [2018-05-06 13:46:07,346] - TelnetServer server is running on port 33000
  INFO root [2018-05-06 13:46:07,669] - ---- interfaces is running ----
 DEBUG root [2018-05-06 13:46:07,669] - Components::process(): Request for the process of identity...
  WARN root [2018-05-06 13:46:07,979] - BundleBroadcast::BundleBroadcast: Cannot bind to port 20058, errorno=10048
  WARN root [2018-05-06 13:46:08,299] - BundleBroadcast::BundleBroadcast: Cannot bind to port 20076, errorno=10048
  INFO root [2018-05-06 13:46:15,440] - Components::process(): Found all the components!
S_INFO root [2018-05-06 13:46:49,661] - onRequestAccountLogin: registerName=qq
  WARN root [2018-05-06 13:51:35,004] - TCPPacketReceiver::processPendingEvents(127.0.0.1:50317): Throwing REASON_GENERAL_NETWORK - WSAECONNRESET
  INFO root [2018-05-06 13:51:36,071] - 
  INFO root [2018-05-06 13:51:36,071] - -----------------------------------------------------------------------------------------


  INFO root [2018-05-06 13:51:36,072] - Resmgr::initialize: KBE_ROOT=E:/kbengine/
  INFO root [2018-05-06 13:51:36,072] - Resmgr::initialize: KBE_RES_PATH=E:/kbengine/kbe/res/;E:/kbengine/assets/;E:/kbengine/assets/scripts/;E:/kbengine/assets/res/
  INFO root [2018-05-06 13:51:36,072] - Resmgr::initialize: KBE_BIN_PATH=E:/kbengine/kbe/bin/server/
  INFO root [2018-05-06 13:51:36,079] - NetworkInterface::initialize(INTERNAL): bound to all interfaces with default route interface on 192.168.0.106 ( 192.168.0.106:30099 )
  INFO root [2018-05-06 13:51:36,079] - NetworkInterface::initialize(INTERNAL): address 192.168.0.106:30099, SOMAXCONN=5.
  INFO root [2018-05-06 13:51:36,083] - ---- interfaces Version: 2.0.0. ScriptVersion: 0.1.0. Protocol: A3D4913C83C4082A29723B2DA267A5B0. Config: Debug X86. Built: 15:52:41 Apr 29 2018. AppID: 3000. UID: 5989. PID: 10656 ----
  INFO root [2018-05-06 13:51:36,083] - Server : Intel(R) Xeon(R) CPU E3-1230 v3 @ 3.30GHz with 4194303kB RAM
  INFO root [2018-05-06 13:51:36,083] - ThreadPool::createThreadPool: creating  threadpool...
  INFO root [2018-05-06 13:51:36,084] - ThreadPool::createThreadPool: successfully(2), newThreadCount=1, normalMaxThreadCount=2, maxThreadCount=8
 DEBUG root [2018-05-06 13:51:36,211] - Script::install_py_dlls(): PyInit_pyexpat
 DEBUG root [2018-05-06 13:51:36,211] - Script::install_py_dlls(): PyInit__socket
 DEBUG root [2018-05-06 13:51:36,212] - Script::install_py_dlls(): PyInit__ssl
 DEBUG root [2018-05-06 13:51:36,215] - Script::install_py_dlls(): PyInit__hashlib
 DEBUG root [2018-05-06 13:51:36,215] - Script::install_py_dlls(): PyInit_select
 DEBUG root [2018-05-06 13:51:36,215] - Script::install_py_dlls(): PyInit__ctypes
 DEBUG root [2018-05-06 13:51:36,215] - Script::install_py_dlls(): PyInit__elementtree
 DEBUG root [2018-05-06 13:51:36,246] - Script::install_py_dlls(): PyInit_unicodedata
  INFO root [2018-05-06 13:51:36,283] - Script::install(): is successfully, Python=(3.4.2 (default, Apr 29 2018, 15:52:37) [MSC v.1913 32 bit (Intel)])!
  INFO root [2018-05-06 13:51:36,283] - Script::install(): KBExtra is successfully!
S_INFO root [2018-05-06 13:51:36,291] - onInterfaceAppReady: bootstrapGroupIndex=0, bootstrapGlobalIndex=0
  INFO root [2018-05-06 13:51:36,299] - TelnetServer server is running on port 33000
  INFO root [2018-05-06 13:51:36,575] - ---- interfaces is running ----
 DEBUG root [2018-05-06 13:51:36,576] - Components::process(): Request for the process of identity...
  INFO root [2018-05-06 13:51:43,692] - Components::process(): Found all the components!
  INFO root [2018-05-06 13:51:51,528] - 
  INFO root [2018-05-06 13:51:51,528] - -----------------------------------------------------------------------------------------


  INFO root [2018-05-06 13:51:51,529] - Resmgr::initialize: KBE_ROOT=E:/kbengine/
  INFO root [2018-05-06 13:51:51,529] - Resmgr::initialize: KBE_RES_PATH=E:/kbengine/kbe/res/;E:/kbengine/assets/;E:/kbengine/assets/scripts/;E:/kbengine/assets/res/
  INFO root [2018-05-06 13:51:51,529] - Resmgr::initialize: KBE_BIN_PATH=E:/kbengine/kbe/bin/server/
  INFO root [2018-05-06 13:51:51,532] - NetworkInterface::initialize(INTERNAL): bound to all interfaces with default route interface on 192.168.0.106 ( 192.168.0.106:30099 )
  INFO root [2018-05-06 13:51:51,532] - NetworkInterface::initialize(INTERNAL): address 192.168.0.106:30099, SOMAXCONN=5.
  INFO root [2018-05-06 13:51:51,536] - ---- interfaces Version: 2.0.0. ScriptVersion: 0.1.0. Protocol: A3D4913C83C4082A29723B2DA267A5B0. Config: Debug X86. Built: 15:52:41 Apr 29 2018. AppID: 3000. UID: 6042. PID: 7356 ----
  INFO root [2018-05-06 13:51:51,536] - Server : Intel(R) Xeon(R) CPU E3-1230 v3 @ 3.30GHz with 4194303kB RAM
  INFO root [2018-05-06 13:51:51,536] - ThreadPool::createThreadPool: creating  threadpool...
  INFO root [2018-05-06 13:51:51,537] - ThreadPool::createThreadPool: successfully(2), newThreadCount=1, normalMaxThreadCount=2, maxThreadCount=8
 DEBUG root [2018-05-06 13:51:51,669] - Script::install_py_dlls(): PyInit_pyexpat
 DEBUG root [2018-05-06 13:51:51,669] - Script::install_py_dlls(): PyInit__socket
 DEBUG root [2018-05-06 13:51:51,669] - Script::install_py_dlls(): PyInit__ssl
 DEBUG root [2018-05-06 13:51:51,672] - Script::install_py_dlls(): PyInit__hashlib
 DEBUG root [2018-05-06 13:51:51,672] - Script::install_py_dlls(): PyInit_select
 DEBUG root [2018-05-06 13:51:51,673] - Script::install_py_dlls(): PyInit__ctypes
 DEBUG root [2018-05-06 13:51:51,673] - Script::install_py_dlls(): PyInit__elementtree
 DEBUG root [2018-05-06 13:51:51,703] - Script::install_py_dlls(): PyInit_unicodedata
  INFO root [2018-05-06 13:51:51,735] - Script::install(): is successfully, Python=(3.4.2 (default, Apr 29 2018, 15:52:37) [MSC v.1913 32 bit (Intel)])!
  INFO root [2018-05-06 13:51:51,735] - Script::install(): KBExtra is successfully!
S_INFO root [2018-05-06 13:51:51,743] - onInterfaceAppReady: bootstrapGroupIndex=0, bootstrapGlobalIndex=0
  INFO root [2018-05-06 13:51:51,749] - TelnetServer server is running on port 33000
  INFO root [2018-05-06 13:51:52,027] - ---- interfaces is running ----
 DEBUG root [2018-05-06 13:51:52,027] - Components::process(): Request for the process of identity...
  INFO root [2018-05-06 13:51:59,143] - Components::process(): Found all the components!
  INFO root [2018-05-06 13:52:05,652] - 
  INFO root [2018-05-06 13:52:05,652] - -----------------------------------------------------------------------------------------


  INFO root [2018-05-06 13:52:05,653] - Resmgr::initialize: KBE_ROOT=E:/kbengine/
  INFO root [2018-05-06 13:52:05,653] - Resmgr::initialize: KBE_RES_PATH=E:/kbengine/kbe/res/;E:/kbengine/assets/;E:/kbengine/assets/scripts/;E:/kbengine/assets/res/
  INFO root [2018-05-06 13:52:05,653] - Resmgr::initialize: KBE_BIN_PATH=E:/kbengine/kbe/bin/server/
  INFO root [2018-05-06 13:52:05,656] - NetworkInterface::initialize(INTERNAL): bound to all interfaces with default route interface on 192.168.0.106 ( 192.168.0.106:30099 )
  INFO root [2018-05-06 13:52:05,656] - NetworkInterface::initialize(INTERNAL): address 192.168.0.106:30099, SOMAXCONN=5.
  INFO root [2018-05-06 13:52:05,659] - ---- interfaces Version: 2.0.0. ScriptVersion: 0.1.0. Protocol: A3D4913C83C4082A29723B2DA267A5B0. Config: Debug X86. Built: 15:52:41 Apr 29 2018. AppID: 3000. UID: 6087. PID: 4848 ----
  INFO root [2018-05-06 13:52:05,660] - Server : Intel(R) Xeon(R) CPU E3-1230 v3 @ 3.30GHz with 4194303kB RAM
  INFO root [2018-05-06 13:52:05,660] - ThreadPool::createThreadPool: creating  threadpool...
  INFO root [2018-05-06 13:52:05,660] - ThreadPool::createThreadPool: successfully(2), newThreadCount=1, normalMaxThreadCount=2, maxThreadCount=8
 DEBUG root [2018-05-06 13:52:05,793] - Script::install_py_dlls(): PyInit_pyexpat
 DEBUG root [2018-05-06 13:52:05,793] - Script::install_py_dlls(): PyInit__socket
 DEBUG root [2018-05-06 13:52:05,794] - Script::install_py_dlls(): PyInit__ssl
 DEBUG root [2018-05-06 13:52:05,798] - Script::install_py_dlls(): PyInit__hashlib
 DEBUG root [2018-05-06 13:52:05,798] - Script::install_py_dlls(): PyInit_select
 DEBUG root [2018-05-06 13:52:05,799] - Script::install_py_dlls(): PyInit__ctypes
 DEBUG root [2018-05-06 13:52:05,799] - Script::install_py_dlls(): PyInit__elementtree
 DEBUG root [2018-05-06 13:52:05,833] - Script::install_py_dlls(): PyInit_unicodedata
  INFO root [2018-05-06 13:52:05,862] - Script::install(): is successfully, Python=(3.4.2 (default, Apr 29 2018, 15:52:37) [MSC v.1913 32 bit (Intel)])!
  INFO root [2018-05-06 13:52:05,862] - Script::install(): KBExtra is successfully!
S_INFO root [2018-05-06 13:52:05,871] - onInterfaceAppReady: bootstrapGroupIndex=0, bootstrapGlobalIndex=0
  INFO root [2018-05-06 13:52:05,877] - TelnetServer server is running on port 33000
  INFO root [2018-05-06 13:52:06,169] - ---- interfaces is running ----
 DEBUG root [2018-05-06 13:52:06,170] - Components::process(): Request for the process of identity...
  INFO root [2018-05-06 13:52:13,271] - Components::process(): Found all the components!
  INFO root [2018-05-06 13:53:15,818] - 
  INFO root [2018-05-06 13:53:15,818] - -----------------------------------------------------------------------------------------


  INFO root [2018-05-06 13:53:15,819] - Resmgr::initialize: KBE_ROOT=E:/kbengine/
  INFO root [2018-05-06 13:53:15,819] - Resmgr::initialize: KBE_RES_PATH=E:/kbengine/kbe/res/;E:/kbengine/assets/;E:/kbengine/assets/scripts/;E:/kbengine/assets/res/
  INFO root [2018-05-06 13:53:15,819] - Resmgr::initialize: KBE_BIN_PATH=E:/kbengine/kbe/bin/server/
  INFO root [2018-05-06 13:53:15,821] - NetworkInterface::initialize(INTERNAL): bound to all interfaces with default route interface on 192.168.0.106 ( 192.168.0.106:30099 )
  INFO root [2018-05-06 13:53:15,821] - NetworkInterface::initialize(INTERNAL): address 192.168.0.106:30099, SOMAXCONN=5.
  INFO root [2018-05-06 13:53:15,828] - ---- interfaces Version: 2.0.0. ScriptVersion: 0.1.0. Protocol: A3D4913C83C4082A29723B2DA267A5B0. Config: Debug X86. Built: 15:52:41 Apr 29 2018. AppID: 3000. UID: 6316. PID: 6176 ----
  INFO root [2018-05-06 13:53:15,829] - Server : Intel(R) Xeon(R) CPU E3-1230 v3 @ 3.30GHz with 4194303kB RAM
  INFO root [2018-05-06 13:53:15,829] - ThreadPool::createThreadPool: creating  threadpool...
  INFO root [2018-05-06 13:53:15,830] - ThreadPool::createThreadPool: successfully(2), newThreadCount=1, normalMaxThreadCount=2, maxThreadCount=8
 DEBUG root [2018-05-06 13:53:15,957] - Script::install_py_dlls(): PyInit_pyexpat
 DEBUG root [2018-05-06 13:53:15,957] - Script::install_py_dlls(): PyInit__socket
 DEBUG root [2018-05-06 13:53:15,958] - Script::install_py_dlls(): PyInit__ssl
 DEBUG root [2018-05-06 13:53:15,962] - Script::install_py_dlls(): PyInit__hashlib
 DEBUG root [2018-05-06 13:53:15,962] - Script::install_py_dlls(): PyInit_select
 DEBUG root [2018-05-06 13:53:15,962] - Script::install_py_dlls(): PyInit__ctypes
 DEBUG root [2018-05-06 13:53:15,963] - Script::install_py_dlls(): PyInit__elementtree
 DEBUG root [2018-05-06 13:53:15,999] - Script::install_py_dlls(): PyInit_unicodedata
  INFO root [2018-05-06 13:53:16,033] - Script::install(): is successfully, Python=(3.4.2 (default, Apr 29 2018, 15:52:37) [MSC v.1913 32 bit (Intel)])!
  INFO root [2018-05-06 13:53:16,033] - Script::install(): KBExtra is successfully!
S_INFO root [2018-05-06 13:53:16,040] - onInterfaceAppReady: bootstrapGroupIndex=0, bootstrapGlobalIndex=0
  INFO root [2018-05-06 13:53:16,046] - TelnetServer server is running on port 33000
  INFO root [2018-05-06 13:53:16,343] - ---- interfaces is running ----
 DEBUG root [2018-05-06 13:53:16,343] - Components::process(): Request for the process of identity...
  INFO root [2018-05-06 13:53:23,440] - Components::process(): Found all the components!
  INFO root [2018-05-06 13:56:01,748] - 
  INFO root [2018-05-06 13:56:01,748] - -----------------------------------------------------------------------------------------


  INFO root [2018-05-06 13:56:01,748] - Resmgr::initialize: KBE_ROOT=E:/kbengine/
  INFO root [2018-05-06 13:56:01,748] - Resmgr::initialize: KBE_RES_PATH=E:/kbengine/kbe/res/;E:/kbengine/assets/;E:/kbengine/assets/scripts/;E:/kbengine/assets/res/
  INFO root [2018-05-06 13:56:01,749] - Resmgr::initialize: KBE_BIN_PATH=E:/kbengine/kbe/bin/server/
  INFO root [2018-05-06 13:56:01,751] - NetworkInterface::initialize(INTERNAL): bound to all interfaces with default route interface on 192.168.0.106 ( 192.168.0.106:30099 )
  INFO root [2018-05-06 13:56:01,751] - NetworkInterface::initialize(INTERNAL): address 192.168.0.106:30099, SOMAXCONN=5.
  INFO root [2018-05-06 13:56:01,757] - ---- interfaces Version: 2.0.0. ScriptVersion: 0.1.0. Protocol: A3D4913C83C4082A29723B2DA267A5B0. Config: Debug X86. Built: 15:52:41 Apr 29 2018. AppID: 3000. UID: 6858. PID: 10528 ----
  INFO root [2018-05-06 13:56:01,759] - Server : Intel(R) Xeon(R) CPU E3-1230 v3 @ 3.30GHz with 4194303kB RAM
  INFO root [2018-05-06 13:56:01,759] - ThreadPool::createThreadPool: creating  threadpool...
  INFO root [2018-05-06 13:56:01,759] - ThreadPool::createThreadPool: successfully(2), newThreadCount=1, normalMaxThreadCount=2, maxThreadCount=8
 DEBUG root [2018-05-06 13:56:01,890] - Script::install_py_dlls(): PyInit_pyexpat
 DEBUG root [2018-05-06 13:56:01,891] - Script::install_py_dlls(): PyInit__socket
 DEBUG root [2018-05-06 13:56:01,891] - Script::install_py_dlls(): PyInit__ssl
 DEBUG root [2018-05-06 13:56:01,894] - Script::install_py_dlls(): PyInit__hashlib
 DEBUG root [2018-05-06 13:56:01,894] - Script::install_py_dlls(): PyInit_select
 DEBUG root [2018-05-06 13:56:01,894] - Script::install_py_dlls(): PyInit__ctypes
 DEBUG root [2018-05-06 13:56:01,895] - Script::install_py_dlls(): PyInit__elementtree
 DEBUG root [2018-05-06 13:56:01,925] - Script::install_py_dlls(): PyInit_unicodedata
  INFO root [2018-05-06 13:56:01,964] - Script::install(): is successfully, Python=(3.4.2 (default, Apr 29 2018, 15:52:37) [MSC v.1913 32 bit (Intel)])!
  INFO root [2018-05-06 13:56:01,964] - Script::install(): KBExtra is successfully!
S_INFO root [2018-05-06 13:56:01,976] - onInterfaceAppReady: bootstrapGroupIndex=0, bootstrapGlobalIndex=0
  INFO root [2018-05-06 13:56:01,984] - TelnetServer server is running on port 33000
  INFO root [2018-05-06 13:56:02,302] - ---- interfaces is running ----
 DEBUG root [2018-05-06 13:56:02,302] - Components::process(): Request for the process of identity...
  INFO root [2018-05-06 13:56:09,550] - Components::process(): Found all the components!
  WARN root [2018-05-06 13:56:42,838] - TCPPacketReceiver::processPendingEvents(127.0.0.1:50592): Throwing REASON_GENERAL_NETWORK - WSAECONNRESET
  INFO root [2018-05-06 13:56:43,976] - 
  INFO root [2018-05-06 13:56:43,977] - -----------------------------------------------------------------------------------------


  INFO root [2018-05-06 13:56:43,977] - Resmgr::initialize: KBE_ROOT=E:/kbengine/
  INFO root [2018-05-06 13:56:43,977] - Resmgr::initialize: KBE_RES_PATH=E:/kbengine/kbe/res/;E:/kbengine/assets/;E:/kbengine/assets/scripts/;E:/kbengine/assets/res/
  INFO root [2018-05-06 13:56:43,978] - Resmgr::initialize: KBE_BIN_PATH=E:/kbengine/kbe/bin/server/
  INFO root [2018-05-06 13:56:43,992] - NetworkInterface::initialize(INTERNAL): bound to all interfaces with default route interface on 192.168.0.106 ( 192.168.0.106:30099 )
  INFO root [2018-05-06 13:56:43,992] - NetworkInterface::initialize(INTERNAL): address 192.168.0.106:30099, SOMAXCONN=5.
  INFO root [2018-05-06 13:56:43,999] - ---- interfaces Version: 2.0.0. ScriptVersion: 0.1.0. Protocol: A3D4913C83C4082A29723B2DA267A5B0. Config: Debug X86. Built: 15:52:41 Apr 29 2018. AppID: 3000. UID: 6995. PID: 11636 ----
  INFO root [2018-05-06 13:56:43,999] - Server : Intel(R) Xeon(R) CPU E3-1230 v3 @ 3.30GHz with 4194303kB RAM
  INFO root [2018-05-06 13:56:43,999] - ThreadPool::createThreadPool: creating  threadpool...
  INFO root [2018-05-06 13:56:44,000] - ThreadPool::createThreadPool: successfully(2), newThreadCount=1, normalMaxThreadCount=2, maxThreadCount=8
 DEBUG root [2018-05-06 13:56:44,137] - Script::install_py_dlls(): PyInit_pyexpat
 DEBUG root [2018-05-06 13:56:44,137] - Script::install_py_dlls(): PyInit__socket
 DEBUG root [2018-05-06 13:56:44,138] - Script::install_py_dlls(): PyInit__ssl
 DEBUG root [2018-05-06 13:56:44,142] - Script::install_py_dlls(): PyInit__hashlib
 DEBUG root [2018-05-06 13:56:44,143] - Script::install_py_dlls(): PyInit_select
 DEBUG root [2018-05-06 13:56:44,143] - Script::install_py_dlls(): PyInit__ctypes
 DEBUG root [2018-05-06 13:56:44,144] - Script::install_py_dlls(): PyInit__elementtree
 DEBUG root [2018-05-06 13:56:44,181] - Script::install_py_dlls(): PyInit_unicodedata
  INFO root [2018-05-06 13:56:44,216] - Script::install(): is successfully, Python=(3.4.2 (default, Apr 29 2018, 15:52:37) [MSC v.1913 32 bit (Intel)])!
  INFO root [2018-05-06 13:56:44,216] - Script::install(): KBExtra is successfully!
S_INFO root [2018-05-06 13:56:44,225] - onInterfaceAppReady: bootstrapGroupIndex=0, bootstrapGlobalIndex=0
  INFO root [2018-05-06 13:56:44,235] - TelnetServer server is running on port 33000
  INFO root [2018-05-06 13:56:44,516] - ---- interfaces is running ----
 DEBUG root [2018-05-06 13:56:44,517] - Components::process(): Request for the process of identity...
  INFO root [2018-05-06 13:56:51,626] - Components::process(): Found all the components!
S_INFO root [2018-05-06 13:57:50,827] - onRequestAccountLogin: registerName=q
S_INFO root [2018-05-06 13:58:12,927] - onRequestAccountLogin: registerName=11
S_INFO root [2018-05-06 13:59:01,528] - onRequestAccountLogin: registerName=1
S_INFO root [2018-05-06 14:01:40,730] - onRequestAccountLogin: registerName=123
S_INFO root [2018-05-06 14:05:00,432] - onRequestAccountLogin: registerName=123
S_INFO root [2018-05-06 14:05:37,133] - onRequestAccountLogin: registerName=123
S_INFO root [2018-05-06 14:06:00,234] - onRequestAccountLogin: registerName=111
  WARN root [2018-05-06 14:06:40,608] - TCPPacketReceiver::processPendingEvents(127.0.0.1:50631): Throwing REASON_GENERAL_NETWORK - WSAECONNRESET
  INFO root [2018-05-06 14:06:41,756] - 
  INFO root [2018-05-06 14:06:41,756] - -----------------------------------------------------------------------------------------


  INFO root [2018-05-06 14:06:41,757] - Resmgr::initialize: KBE_ROOT=E:/kbengine/
  INFO root [2018-05-06 14:06:41,757] - Resmgr::initialize: KBE_RES_PATH=E:/kbengine/kbe/res/;E:/kbengine/assets/;E:/kbengine/assets/scripts/;E:/kbengine/assets/res/
  INFO root [2018-05-06 14:06:41,757] - Resmgr::initialize: KBE_BIN_PATH=E:/kbengine/kbe/bin/server/
  INFO root [2018-05-06 14:06:41,760] - NetworkInterface::initialize(INTERNAL): bound to all interfaces with default route interface on 192.168.0.106 ( 192.168.0.106:30099 )
  INFO root [2018-05-06 14:06:41,760] - NetworkInterface::initialize(INTERNAL): address 192.168.0.106:30099, SOMAXCONN=5.
  INFO root [2018-05-06 14:06:41,764] - ---- interfaces Version: 2.0.0. ScriptVersion: 0.1.0. Protocol: A3D4913C83C4082A29723B2DA267A5B0. Config: Debug X86. Built: 15:52:41 Apr 29 2018. AppID: 3000. UID: 8948. PID: 10932 ----
  INFO root [2018-05-06 14:06:41,765] - Server : Intel(R) Xeon(R) CPU E3-1230 v3 @ 3.30GHz with 4194303kB RAM
  INFO root [2018-05-06 14:06:41,765] - ThreadPool::createThreadPool: creating  threadpool...
  INFO root [2018-05-06 14:06:41,765] - ThreadPool::createThreadPool: successfully(2), newThreadCount=1, normalMaxThreadCount=2, maxThreadCount=8
 DEBUG root [2018-05-06 14:06:41,903] - Script::install_py_dlls(): PyInit_pyexpat
 DEBUG root [2018-05-06 14:06:41,904] - Script::install_py_dlls(): PyInit__socket
 DEBUG root [2018-05-06 14:06:41,904] - Script::install_py_dlls(): PyInit__ssl
 DEBUG root [2018-05-06 14:06:41,907] - Script::install_py_dlls(): PyInit__hashlib
 DEBUG root [2018-05-06 14:06:41,907] - Script::install_py_dlls(): PyInit_select
 DEBUG root [2018-05-06 14:06:41,907] - Script::install_py_dlls(): PyInit__ctypes
 DEBUG root [2018-05-06 14:06:41,908] - Script::install_py_dlls(): PyInit__elementtree
 DEBUG root [2018-05-06 14:06:41,945] - Script::install_py_dlls(): PyInit_unicodedata
  INFO root [2018-05-06 14:06:41,977] - Script::install(): is successfully, Python=(3.4.2 (default, Apr 29 2018, 15:52:37) [MSC v.1913 32 bit (Intel)])!
  INFO root [2018-05-06 14:06:41,977] - Script::install(): KBExtra is successfully!
S_INFO root [2018-05-06 14:06:41,987] - onInterfaceAppReady: bootstrapGroupIndex=0, bootstrapGlobalIndex=0
  INFO root [2018-05-06 14:06:41,994] - TelnetServer server is running on port 33000
  INFO root [2018-05-06 14:06:42,304] - ---- interfaces is running ----
 DEBUG root [2018-05-06 14:06:42,305] - Components::process(): Request for the process of identity...
  INFO root [2018-05-06 14:06:49,487] - Components::process(): Found all the components!
S_INFO root [2018-05-06 14:07:11,888] - onRequestAccountLogin: registerName=111
S_INFO root [2018-05-06 19:40:02,948] - onRequestAccountLogin: registerName=1
S_INFO root [2018-05-06 19:55:28,160] - onRequestAccountLogin: registerName=11
S_INFO root [2018-05-06 19:56:28,160] - onRequestAccountLogin: registerName=11
S_INFO root [2018-05-06 19:57:41,962] - onRequestAccountLogin: registerName=11
S_INFO root [2018-05-06 19:58:43,363] - onRequestAccountLogin: registerName=11
S_INFO root [2018-05-06 19:58:56,063] - onRequestAccountLogin: registerName=1
S_INFO root [2018-05-06 19:59:06,363] - onRequestAccountLogin: registerName=2
S_INFO root [2018-05-06 19:59:19,363] - onRequestAccountLogin: registerName=2
  WARN root [2018-05-06 20:37:05,297] - TCPPacketReceiver::processPendingEvents(127.0.0.1:50830): Throwing REASON_GENERAL_NETWORK - WSAECONNRESET
