  INFO root [2018-07-21 10:11:40,116] - 
  INFO root [2018-07-21 10:11:40,133] - -----------------------------------------------------------------------------------------


  INFO root [2018-07-21 10:11:43,092] - Resmgr::initialize: KBE_ROOT=E:/kbengine/
  INFO root [2018-07-21 10:11:43,093] - Resmgr::initialize: KBE_RES_PATH=E:/kbengine/kbe/res/;E:/kbengine/assets/;E:/kbengine/assets/scripts/;E:/kbengine/assets/res/
  INFO root [2018-07-21 10:11:43,094] - Resmgr::initialize: KBE_BIN_PATH=E:/kbengine/kbe/bin/server/
  INFO root [2018-07-21 10:11:43,981] - NetworkInterface::initialize(INTERNAL): bound to all interfaces with default route interface on 192.168.0.106 ( 192.168.0.106:30099 )
  INFO root [2018-07-21 10:11:44,085] - NetworkInterface::initialize(INTERNAL): address 192.168.0.106:30099, SOMAXCONN=5.
  INFO root [2018-07-21 10:11:44,412] - ---- interfaces Version: 2.0.0. ScriptVersion: 0.1.0. Protocol: A3D4913C83C4082A29723B2DA267A5B0. Config: Debug X86. Built: 15:52:41 Apr 29 2018. AppID: 3000. UID: 8476. PID: 6996 ----
  INFO root [2018-07-21 10:11:44,413] - Server : Intel(R) Xeon(R) CPU E3-1230 v3 @ 3.30GHz with 4194303kB RAM
  INFO root [2018-07-21 10:11:44,485] - ThreadPool::createThreadPool: creating  threadpool...
  INFO root [2018-07-21 10:11:44,486] - ThreadPool::createThreadPool: successfully(2), newThreadCount=1, normalMaxThreadCount=2, maxThreadCount=8
 DEBUG root [2018-07-21 10:11:51,258] - Script::install_py_dlls(): PyInit_pyexpat
 DEBUG root [2018-07-21 10:11:51,380] - Script::install_py_dlls(): PyInit__socket
 DEBUG root [2018-07-21 10:11:51,476] - Script::install_py_dlls(): PyInit__ssl
 DEBUG root [2018-07-21 10:11:52,688] - Script::install_py_dlls(): PyInit__hashlib
 DEBUG root [2018-07-21 10:11:52,804] - Script::install_py_dlls(): PyInit_select
 DEBUG root [2018-07-21 10:11:52,833] - Script::install_py_dlls(): PyInit__ctypes
 DEBUG root [2018-07-21 10:11:52,944] - Script::install_py_dlls(): PyInit__elementtree
 DEBUG root [2018-07-21 10:11:53,502] - Script::install_py_dlls(): PyInit_unicodedata
  INFO root [2018-07-21 10:11:54,744] - Script::install(): is successfully, Python=(3.4.2 (default, Apr 29 2018, 15:52:37) [MSC v.1913 32 bit (Intel)])!
  INFO root [2018-07-21 10:11:54,745] - Script::install(): KBExtra is successfully!
S_INFO root [2018-07-21 10:11:55,079] - onInterfaceAppReady: bootstrapGroupIndex=0, bootstrapGlobalIndex=0
  INFO root [2018-07-21 10:11:55,276] - TelnetServer server is running on port 33000
  WARN root [2018-07-21 10:11:55,277] - e:\kbengine\kbe\src\server\tools\interfaces\interfaces.cpp:146: Profile scriptCall took 0.20 seconds
  INFO root [2018-07-21 10:11:55,804] - ---- interfaces is running ----
 DEBUG root [2018-07-21 10:11:55,931] - Components::process(): Request for the process of identity...
  INFO root [2018-07-21 10:12:03,279] - Components::process(): Found all the components!
  WARN root [2018-07-21 10:12:14,045] - TCPPacketReceiver::processPendingEvents(127.0.0.1:49785): Throwing REASON_GENERAL_NETWORK - WSAECONNRESET
  INFO root [2018-07-21 10:12:15,085] - 
  INFO root [2018-07-21 10:12:15,085] - -----------------------------------------------------------------------------------------


  INFO root [2018-07-21 10:12:15,086] - Resmgr::initialize: KBE_ROOT=E:/kbengine/
  INFO root [2018-07-21 10:12:15,086] - Resmgr::initialize: KBE_RES_PATH=E:/kbengine/kbe/res/;E:/kbengine/assets/;E:/kbengine/assets/scripts/;E:/kbengine/assets/res/
  INFO root [2018-07-21 10:12:15,086] - Resmgr::initialize: KBE_BIN_PATH=E:/kbengine/kbe/bin/server/
  INFO root [2018-07-21 10:12:15,095] - NetworkInterface::initialize(INTERNAL): bound to all interfaces with default route interface on 192.168.0.106 ( 192.168.0.106:30099 )
  INFO root [2018-07-21 10:12:15,095] - NetworkInterface::initialize(INTERNAL): address 192.168.0.106:30099, SOMAXCONN=5.
  INFO root [2018-07-21 10:12:15,101] - ---- interfaces Version: 2.0.0. ScriptVersion: 0.1.0. Protocol: A3D4913C83C4082A29723B2DA267A5B0. Config: Debug X86. Built: 15:52:41 Apr 29 2018. AppID: 3000. UID: 8607. PID: 6560 ----
  INFO root [2018-07-21 10:12:15,102] - Server : Intel(R) Xeon(R) CPU E3-1230 v3 @ 3.30GHz with 4194303kB RAM
  INFO root [2018-07-21 10:12:15,103] - ThreadPool::createThreadPool: creating  threadpool...
  INFO root [2018-07-21 10:12:15,103] - ThreadPool::createThreadPool: successfully(2), newThreadCount=1, normalMaxThreadCount=2, maxThreadCount=8
 DEBUG root [2018-07-21 10:12:15,236] - Script::install_py_dlls(): PyInit_pyexpat
 DEBUG root [2018-07-21 10:12:15,236] - Script::install_py_dlls(): PyInit__socket
 DEBUG root [2018-07-21 10:12:15,237] - Script::install_py_dlls(): PyInit__ssl
 DEBUG root [2018-07-21 10:12:15,240] - Script::install_py_dlls(): PyInit__hashlib
 DEBUG root [2018-07-21 10:12:15,240] - Script::install_py_dlls(): PyInit_select
 DEBUG root [2018-07-21 10:12:15,240] - Script::install_py_dlls(): PyInit__ctypes
 DEBUG root [2018-07-21 10:12:15,241] - Script::install_py_dlls(): PyInit__elementtree
 DEBUG root [2018-07-21 10:12:15,270] - Script::install_py_dlls(): PyInit_unicodedata
  INFO root [2018-07-21 10:12:15,299] - Script::install(): is successfully, Python=(3.4.2 (default, Apr 29 2018, 15:52:37) [MSC v.1913 32 bit (Intel)])!
  INFO root [2018-07-21 10:12:15,299] - Script::install(): KBExtra is successfully!
S_INFO root [2018-07-21 10:12:15,306] - onInterfaceAppReady: bootstrapGroupIndex=0, bootstrapGlobalIndex=0
  INFO root [2018-07-21 10:12:15,315] - TelnetServer server is running on port 33000
  INFO root [2018-07-21 10:12:15,588] - ---- interfaces is running ----
 DEBUG root [2018-07-21 10:12:15,588] - Components::process(): Request for the process of identity...
  INFO root [2018-07-21 10:12:22,786] - Components::process(): Found all the components!
S_INFO root [2018-07-21 10:17:19,241] - onRequestAccountLogin: registerName=1
S_INFO root [2018-07-21 10:17:33,511] - onRequestAccountLogin: registerName=2
  WARN root [2018-07-21 10:18:36,986] - TCPPacketReceiver::processPendingEvents(127.0.0.1:49817): Throwing REASON_GENERAL_NETWORK - WSAECONNRESET
  INFO root [2018-07-21 10:18:38,048] - 
  INFO root [2018-07-21 10:18:38,057] - -----------------------------------------------------------------------------------------


  INFO root [2018-07-21 10:18:38,057] - Resmgr::initialize: KBE_ROOT=E:/kbengine/
  INFO root [2018-07-21 10:18:38,057] - Resmgr::initialize: KBE_RES_PATH=E:/kbengine/kbe/res/;E:/kbengine/assets/;E:/kbengine/assets/scripts/;E:/kbengine/assets/res/
  INFO root [2018-07-21 10:18:38,058] - Resmgr::initialize: KBE_BIN_PATH=E:/kbengine/kbe/bin/server/
  INFO root [2018-07-21 10:18:38,062] - NetworkInterface::initialize(INTERNAL): bound to all interfaces with default route interface on 192.168.0.106 ( 192.168.0.106:30099 )
  INFO root [2018-07-21 10:18:38,062] - NetworkInterface::initialize(INTERNAL): address 192.168.0.106:30099, SOMAXCONN=5.
  INFO root [2018-07-21 10:18:38,068] - ---- interfaces Version: 2.0.0. ScriptVersion: 0.1.0. Protocol: A3D4913C83C4082A29723B2DA267A5B0. Config: Debug X86. Built: 15:52:41 Apr 29 2018. AppID: 3000. UID: 9857. PID: 3640 ----
  INFO root [2018-07-21 10:18:38,071] - Server : Intel(R) Xeon(R) CPU E3-1230 v3 @ 3.30GHz with 4194303kB RAM
  INFO root [2018-07-21 10:18:38,072] - ThreadPool::createThreadPool: creating  threadpool...
  INFO root [2018-07-21 10:18:38,072] - ThreadPool::createThreadPool: successfully(2), newThreadCount=1, normalMaxThreadCount=2, maxThreadCount=8
 DEBUG root [2018-07-21 10:18:38,204] - Script::install_py_dlls(): PyInit_pyexpat
 DEBUG root [2018-07-21 10:18:38,204] - Script::install_py_dlls(): PyInit__socket
 DEBUG root [2018-07-21 10:18:38,205] - Script::install_py_dlls(): PyInit__ssl
 DEBUG root [2018-07-21 10:18:38,207] - Script::install_py_dlls(): PyInit__hashlib
 DEBUG root [2018-07-21 10:18:38,208] - Script::install_py_dlls(): PyInit_select
 DEBUG root [2018-07-21 10:18:38,208] - Script::install_py_dlls(): PyInit__ctypes
 DEBUG root [2018-07-21 10:18:38,208] - Script::install_py_dlls(): PyInit__elementtree
 DEBUG root [2018-07-21 10:18:38,240] - Script::install_py_dlls(): PyInit_unicodedata
  INFO root [2018-07-21 10:18:38,273] - Script::install(): is successfully, Python=(3.4.2 (default, Apr 29 2018, 15:52:37) [MSC v.1913 32 bit (Intel)])!
  INFO root [2018-07-21 10:18:38,274] - Script::install(): KBExtra is successfully!
S_INFO root [2018-07-21 10:18:38,282] - onInterfaceAppReady: bootstrapGroupIndex=0, bootstrapGlobalIndex=0
  INFO root [2018-07-21 10:18:38,288] - TelnetServer server is running on port 33000
  INFO root [2018-07-21 10:18:38,567] - ---- interfaces is running ----
 DEBUG root [2018-07-21 10:18:38,567] - Components::process(): Request for the process of identity...
  INFO root [2018-07-21 10:18:45,682] - Components::process(): Found all the components!
S_INFO root [2018-07-21 10:19:08,282] - onRequestAccountLogin: registerName=1
S_INFO root [2018-07-21 10:19:17,683] - onRequestAccountLogin: registerName=2
  WARN root [2018-07-21 10:21:49,960] - TCPPacketReceiver::processPendingEvents(127.0.0.1:49962): Throwing REASON_GENERAL_NETWORK - WSAECONNRESET
  INFO root [2018-07-21 10:21:51,044] - 
  INFO root [2018-07-21 10:21:51,050] - -----------------------------------------------------------------------------------------


  INFO root [2018-07-21 10:21:51,051] - Resmgr::initialize: KBE_ROOT=E:/kbengine/
  INFO root [2018-07-21 10:21:51,051] - Resmgr::initialize: KBE_RES_PATH=E:/kbengine/kbe/res/;E:/kbengine/assets/;E:/kbengine/assets/scripts/;E:/kbengine/assets/res/
  INFO root [2018-07-21 10:21:51,051] - Resmgr::initialize: KBE_BIN_PATH=E:/kbengine/kbe/bin/server/
  INFO root [2018-07-21 10:21:51,059] - NetworkInterface::initialize(INTERNAL): bound to all interfaces with default route interface on 192.168.0.106 ( 192.168.0.106:30099 )
  INFO root [2018-07-21 10:21:51,059] - NetworkInterface::initialize(INTERNAL): address 192.168.0.106:30099, SOMAXCONN=5.
  INFO root [2018-07-21 10:21:51,064] - ---- interfaces Version: 2.0.0. ScriptVersion: 0.1.0. Protocol: A3D4913C83C4082A29723B2DA267A5B0. Config: Debug X86. Built: 15:52:41 Apr 29 2018. AppID: 3000. UID: 10488. PID: 7032 ----
  INFO root [2018-07-21 10:21:51,065] - Server : Intel(R) Xeon(R) CPU E3-1230 v3 @ 3.30GHz with 4194303kB RAM
  INFO root [2018-07-21 10:21:51,065] - ThreadPool::createThreadPool: creating  threadpool...
  INFO root [2018-07-21 10:21:51,065] - ThreadPool::createThreadPool: successfully(2), newThreadCount=1, normalMaxThreadCount=2, maxThreadCount=8
 DEBUG root [2018-07-21 10:21:51,191] - Script::install_py_dlls(): PyInit_pyexpat
 DEBUG root [2018-07-21 10:21:51,191] - Script::install_py_dlls(): PyInit__socket
 DEBUG root [2018-07-21 10:21:51,192] - Script::install_py_dlls(): PyInit__ssl
 DEBUG root [2018-07-21 10:21:51,194] - Script::install_py_dlls(): PyInit__hashlib
 DEBUG root [2018-07-21 10:21:51,195] - Script::install_py_dlls(): PyInit_select
 DEBUG root [2018-07-21 10:21:51,195] - Script::install_py_dlls(): PyInit__ctypes
 DEBUG root [2018-07-21 10:21:51,195] - Script::install_py_dlls(): PyInit__elementtree
 DEBUG root [2018-07-21 10:21:51,223] - Script::install_py_dlls(): PyInit_unicodedata
  INFO root [2018-07-21 10:21:51,252] - Script::install(): is successfully, Python=(3.4.2 (default, Apr 29 2018, 15:52:37) [MSC v.1913 32 bit (Intel)])!
  INFO root [2018-07-21 10:21:51,252] - Script::install(): KBExtra is successfully!
S_INFO root [2018-07-21 10:21:51,263] - onInterfaceAppReady: bootstrapGroupIndex=0, bootstrapGlobalIndex=0
  INFO root [2018-07-21 10:21:51,269] - TelnetServer server is running on port 33000
  INFO root [2018-07-21 10:21:51,549] - ---- interfaces is running ----
 DEBUG root [2018-07-21 10:21:51,549] - Components::process(): Request for the process of identity...
  INFO root [2018-07-21 10:21:58,757] - Components::process(): Found all the components!
S_INFO root [2018-07-21 10:22:51,264] - onRequestAccountLogin: registerName=1
S_INFO root [2018-07-21 10:23:00,964] - onRequestAccountLogin: registerName=2
  WARN root [2018-07-21 10:23:53,633] - TCPPacketReceiver::processPendingEvents(127.0.0.1:50018): Throwing REASON_GENERAL_NETWORK - WSAECONNRESET
  INFO root [2018-07-21 10:23:54,684] - 
  INFO root [2018-07-21 10:23:54,684] - -----------------------------------------------------------------------------------------


  INFO root [2018-07-21 10:23:54,685] - Resmgr::initialize: KBE_ROOT=E:/kbengine/
  INFO root [2018-07-21 10:23:54,685] - Resmgr::initialize: KBE_RES_PATH=E:/kbengine/kbe/res/;E:/kbengine/assets/;E:/kbengine/assets/scripts/;E:/kbengine/assets/res/
  INFO root [2018-07-21 10:23:54,685] - Resmgr::initialize: KBE_BIN_PATH=E:/kbengine/kbe/bin/server/
  INFO root [2018-07-21 10:23:54,690] - NetworkInterface::initialize(INTERNAL): bound to all interfaces with default route interface on 192.168.0.106 ( 192.168.0.106:30099 )
  INFO root [2018-07-21 10:23:54,691] - NetworkInterface::initialize(INTERNAL): address 192.168.0.106:30099, SOMAXCONN=5.
  INFO root [2018-07-21 10:23:54,694] - ---- interfaces Version: 2.0.0. ScriptVersion: 0.1.0. Protocol: A3D4913C83C4082A29723B2DA267A5B0. Config: Debug X86. Built: 15:52:41 Apr 29 2018. AppID: 3000. UID: 10892. PID: 8420 ----
  INFO root [2018-07-21 10:23:54,694] - Server : Intel(R) Xeon(R) CPU E3-1230 v3 @ 3.30GHz with 4194303kB RAM
  INFO root [2018-07-21 10:23:54,694] - ThreadPool::createThreadPool: creating  threadpool...
  INFO root [2018-07-21 10:23:54,695] - ThreadPool::createThreadPool: successfully(2), newThreadCount=1, normalMaxThreadCount=2, maxThreadCount=8
 DEBUG root [2018-07-21 10:23:54,821] - Script::install_py_dlls(): PyInit_pyexpat
 DEBUG root [2018-07-21 10:23:54,822] - Script::install_py_dlls(): PyInit__socket
 DEBUG root [2018-07-21 10:23:54,822] - Script::install_py_dlls(): PyInit__ssl
 DEBUG root [2018-07-21 10:23:54,825] - Script::install_py_dlls(): PyInit__hashlib
 DEBUG root [2018-07-21 10:23:54,825] - Script::install_py_dlls(): PyInit_select
 DEBUG root [2018-07-21 10:23:54,826] - Script::install_py_dlls(): PyInit__ctypes
 DEBUG root [2018-07-21 10:23:54,826] - Script::install_py_dlls(): PyInit__elementtree
 DEBUG root [2018-07-21 10:23:54,861] - Script::install_py_dlls(): PyInit_unicodedata
  INFO root [2018-07-21 10:23:54,894] - Script::install(): is successfully, Python=(3.4.2 (default, Apr 29 2018, 15:52:37) [MSC v.1913 32 bit (Intel)])!
  INFO root [2018-07-21 10:23:54,894] - Script::install(): KBExtra is successfully!
S_INFO root [2018-07-21 10:23:54,904] - onInterfaceAppReady: bootstrapGroupIndex=0, bootstrapGlobalIndex=0
  INFO root [2018-07-21 10:23:54,910] - TelnetServer server is running on port 33000
  INFO root [2018-07-21 10:23:55,189] - ---- interfaces is running ----
 DEBUG root [2018-07-21 10:23:55,189] - Components::process(): Request for the process of identity...
  INFO root [2018-07-21 10:24:02,304] - Components::process(): Found all the components!
S_INFO root [2018-07-21 10:24:18,404] - onRequestAccountLogin: registerName=1
S_INFO root [2018-07-21 10:24:28,505] - onRequestAccountLogin: registerName=2
  WARN root [2018-07-21 10:27:09,292] - TCPPacketReceiver::processPendingEvents(127.0.0.1:50068): Throwing REASON_GENERAL_NETWORK - WSAECONNRESET
  INFO root [2018-07-21 10:27:10,338] - 
  INFO root [2018-07-21 10:27:10,339] - -----------------------------------------------------------------------------------------


  INFO root [2018-07-21 10:27:10,340] - Resmgr::initialize: KBE_ROOT=E:/kbengine/
  INFO root [2018-07-21 10:27:10,340] - Resmgr::initialize: KBE_RES_PATH=E:/kbengine/kbe/res/;E:/kbengine/assets/;E:/kbengine/assets/scripts/;E:/kbengine/assets/res/
  INFO root [2018-07-21 10:27:10,340] - Resmgr::initialize: KBE_BIN_PATH=E:/kbengine/kbe/bin/server/
  INFO root [2018-07-21 10:27:10,361] - NetworkInterface::initialize(INTERNAL): bound to all interfaces with default route interface on 192.168.0.106 ( 192.168.0.106:30099 )
  INFO root [2018-07-21 10:27:10,361] - NetworkInterface::initialize(INTERNAL): address 192.168.0.106:30099, SOMAXCONN=5.
  INFO root [2018-07-21 10:27:10,365] - ---- interfaces Version: 2.0.0. ScriptVersion: 0.1.0. Protocol: A3D4913C83C4082A29723B2DA267A5B0. Config: Debug X86. Built: 15:52:41 Apr 29 2018. AppID: 3000. UID: 11533. PID: 9704 ----
  INFO root [2018-07-21 10:27:10,365] - Server : Intel(R) Xeon(R) CPU E3-1230 v3 @ 3.30GHz with 4194303kB RAM
  INFO root [2018-07-21 10:27:10,367] - ThreadPool::createThreadPool: creating  threadpool...
  INFO root [2018-07-21 10:27:10,368] - ThreadPool::createThreadPool: successfully(2), newThreadCount=1, normalMaxThreadCount=2, maxThreadCount=8
 DEBUG root [2018-07-21 10:27:10,498] - Script::install_py_dlls(): PyInit_pyexpat
 DEBUG root [2018-07-21 10:27:10,498] - Script::install_py_dlls(): PyInit__socket
 DEBUG root [2018-07-21 10:27:10,499] - Script::install_py_dlls(): PyInit__ssl
 DEBUG root [2018-07-21 10:27:10,502] - Script::install_py_dlls(): PyInit__hashlib
 DEBUG root [2018-07-21 10:27:10,502] - Script::install_py_dlls(): PyInit_select
 DEBUG root [2018-07-21 10:27:10,502] - Script::install_py_dlls(): PyInit__ctypes
 DEBUG root [2018-07-21 10:27:10,503] - Script::install_py_dlls(): PyInit__elementtree
 DEBUG root [2018-07-21 10:27:10,539] - Script::install_py_dlls(): PyInit_unicodedata
  INFO root [2018-07-21 10:27:10,576] - Script::install(): is successfully, Python=(3.4.2 (default, Apr 29 2018, 15:52:37) [MSC v.1913 32 bit (Intel)])!
  INFO root [2018-07-21 10:27:10,576] - Script::install(): KBExtra is successfully!
S_INFO root [2018-07-21 10:27:10,587] - onInterfaceAppReady: bootstrapGroupIndex=0, bootstrapGlobalIndex=0
  INFO root [2018-07-21 10:27:10,595] - TelnetServer server is running on port 33000
  INFO root [2018-07-21 10:27:10,922] - ---- interfaces is running ----
 DEBUG root [2018-07-21 10:27:10,923] - Components::process(): Request for the process of identity...
  INFO root [2018-07-21 10:27:18,145] - Components::process(): Found all the components!
S_INFO root [2018-07-21 10:27:42,189] - onRequestAccountLogin: registerName=1
S_INFO root [2018-07-21 10:27:52,888] - onRequestAccountLogin: registerName=2
  WARN root [2018-07-21 10:30:37,251] - TCPPacketReceiver::processPendingEvents(127.0.0.1:50129): Throwing REASON_GENERAL_NETWORK - WSAECONNRESET
  INFO root [2018-07-21 10:30:38,320] - 
  INFO root [2018-07-21 10:30:38,321] - -----------------------------------------------------------------------------------------


  INFO root [2018-07-21 10:30:38,321] - Resmgr::initialize: KBE_ROOT=E:/kbengine/
  INFO root [2018-07-21 10:30:38,321] - Resmgr::initialize: KBE_RES_PATH=E:/kbengine/kbe/res/;E:/kbengine/assets/;E:/kbengine/assets/scripts/;E:/kbengine/assets/res/
  INFO root [2018-07-21 10:30:38,321] - Resmgr::initialize: KBE_BIN_PATH=E:/kbengine/kbe/bin/server/
  INFO root [2018-07-21 10:30:38,325] - NetworkInterface::initialize(INTERNAL): bound to all interfaces with default route interface on 192.168.0.106 ( 192.168.0.106:30099 )
  INFO root [2018-07-21 10:30:38,325] - NetworkInterface::initialize(INTERNAL): address 192.168.0.106:30099, SOMAXCONN=5.
  INFO root [2018-07-21 10:30:38,331] - ---- interfaces Version: 2.0.0. ScriptVersion: 0.1.0. Protocol: A3D4913C83C4082A29723B2DA267A5B0. Config: Debug X86. Built: 15:52:41 Apr 29 2018. AppID: 3000. UID: 12212. PID: 8076 ----
  INFO root [2018-07-21 10:30:38,332] - Server : Intel(R) Xeon(R) CPU E3-1230 v3 @ 3.30GHz with 4194303kB RAM
  INFO root [2018-07-21 10:30:38,332] - ThreadPool::createThreadPool: creating  threadpool...
  INFO root [2018-07-21 10:30:38,332] - ThreadPool::createThreadPool: successfully(2), newThreadCount=1, normalMaxThreadCount=2, maxThreadCount=8
 DEBUG root [2018-07-21 10:30:38,458] - Script::install_py_dlls(): PyInit_pyexpat
 DEBUG root [2018-07-21 10:30:38,458] - Script::install_py_dlls(): PyInit__socket
 DEBUG root [2018-07-21 10:30:38,459] - Script::install_py_dlls(): PyInit__ssl
 DEBUG root [2018-07-21 10:30:38,461] - Script::install_py_dlls(): PyInit__hashlib
 DEBUG root [2018-07-21 10:30:38,462] - Script::install_py_dlls(): PyInit_select
 DEBUG root [2018-07-21 10:30:38,462] - Script::install_py_dlls(): PyInit__ctypes
 DEBUG root [2018-07-21 10:30:38,462] - Script::install_py_dlls(): PyInit__elementtree
 DEBUG root [2018-07-21 10:30:38,494] - Script::install_py_dlls(): PyInit_unicodedata
  INFO root [2018-07-21 10:30:38,521] - Script::install(): is successfully, Python=(3.4.2 (default, Apr 29 2018, 15:52:37) [MSC v.1913 32 bit (Intel)])!
  INFO root [2018-07-21 10:30:38,521] - Script::install(): KBExtra is successfully!
S_INFO root [2018-07-21 10:30:38,530] - onInterfaceAppReady: bootstrapGroupIndex=0, bootstrapGlobalIndex=0
  INFO root [2018-07-21 10:30:38,540] - TelnetServer server is running on port 33000
  INFO root [2018-07-21 10:30:38,844] - ---- interfaces is running ----
 DEBUG root [2018-07-21 10:30:38,844] - Components::process(): Request for the process of identity...
  INFO root [2018-07-21 10:30:45,930] - Components::process(): Found all the components!
S_INFO root [2018-07-21 10:31:20,531] - onRequestAccountLogin: registerName=1
S_INFO root [2018-07-21 10:31:31,031] - onRequestAccountLogin: registerName=2
S_INFO root [2018-07-21 10:34:56,434] - onRequestAccountLogin: registerName=1
S_INFO root [2018-07-21 10:38:16,636] - onRequestAccountLogin: registerName=1
S_INFO root [2018-07-21 10:43:22,040] - onRequestAccountLogin: registerName=1
S_INFO root [2018-07-21 10:44:38,142] - onRequestAccountLogin: registerName=1
S_INFO root [2018-07-21 10:46:13,742] - onRequestAccountLogin: registerName=1
  WARN root [2018-07-21 20:51:09,754] - TCPPacketReceiver::processPendingEvents(127.0.0.1:50197): Throwing REASON_GENERAL_NETWORK - WSAECONNRESET
