  INFO root [2018-04-30 20:07:18,367] - 
  INFO root [2018-04-30 20:07:18,370] - -----------------------------------------------------------------------------------------


  INFO root [2018-04-30 20:07:18,370] - Resmgr::initialize: KBE_ROOT=E:/kbengine/
  INFO root [2018-04-30 20:07:18,370] - Resmgr::initialize: KBE_RES_PATH=E:/kbengine/kbe/res/;E:/kbengine/assets/;E:/kbengine/assets/scripts/;E:/kbengine/assets/res/
  INFO root [2018-04-30 20:07:18,371] - Resmgr::initialize: KBE_BIN_PATH=E:/kbengine/kbe/bin/server/
  INFO root [2018-04-30 20:07:18,403] - NetworkInterface::initialize(INTERNAL): bound to all interfaces with default route interface on 192.168.0.106 ( 192.168.0.106:30099 )
  INFO root [2018-04-30 20:07:18,403] - NetworkInterface::initialize(INTERNAL): address 192.168.0.106:30099, SOMAXCONN=5.
  INFO root [2018-04-30 20:07:18,407] - ---- interfaces Version: 2.0.0. ScriptVersion: 0.1.0. Protocol: A3D4913C83C4082A29723B2DA267A5B0. Config: Debug X86. Built: 15:52:41 Apr 29 2018. AppID: 3000. UID: 25126. PID: 2428 ----
  INFO root [2018-04-30 20:07:18,408] - Server : Intel(R) Xeon(R) CPU E3-1230 v3 @ 3.30GHz with 4194303kB RAM
  INFO root [2018-04-30 20:07:18,408] - ThreadPool::createThreadPool: creating  threadpool...
  INFO root [2018-04-30 20:07:18,408] - ThreadPool::createThreadPool: successfully(2), newThreadCount=1, normalMaxThreadCount=2, maxThreadCount=8
 DEBUG root [2018-04-30 20:07:18,538] - Script::install_py_dlls(): PyInit_pyexpat
 DEBUG root [2018-04-30 20:07:18,539] - Script::install_py_dlls(): PyInit__socket
 DEBUG root [2018-04-30 20:07:18,539] - Script::install_py_dlls(): PyInit__ssl
 DEBUG root [2018-04-30 20:07:18,543] - Script::install_py_dlls(): PyInit__hashlib
 DEBUG root [2018-04-30 20:07:18,543] - Script::install_py_dlls(): PyInit_select
 DEBUG root [2018-04-30 20:07:18,543] - Script::install_py_dlls(): PyInit__ctypes
 DEBUG root [2018-04-30 20:07:18,544] - Script::install_py_dlls(): PyInit__elementtree
 DEBUG root [2018-04-30 20:07:18,575] - Script::install_py_dlls(): PyInit_unicodedata
  INFO root [2018-04-30 20:07:18,605] - Script::install(): is successfully, Python=(3.4.2 (default, Apr 29 2018, 15:52:37) [MSC v.1913 32 bit (Intel)])!
  INFO root [2018-04-30 20:07:18,605] - Script::install(): KBExtra is successfully!
S_INFO root [2018-04-30 20:07:18,646] - onInterfaceAppReady: bootstrapGroupIndex=0, bootstrapGlobalIndex=0
  INFO root [2018-04-30 20:07:18,653] - TelnetServer server is running on port 33000
  INFO root [2018-04-30 20:07:18,923] - ---- interfaces is running ----
 DEBUG root [2018-04-30 20:07:18,923] - Components::process(): Request for the process of identity...
  INFO root [2018-04-30 20:07:26,047] - Components::process(): Found all the components!
S_INFO root [2018-04-30 20:11:08,449] - onRequestAccountLogin: registerName=1
  WARN root [2018-04-30 20:15:21,481] - TCPPacketReceiver::processPendingEvents(127.0.0.1:55042): Throwing REASON_GENERAL_NETWORK - WSAECONNRESET
  INFO root [2018-04-30 20:15:25,387] - 
  INFO root [2018-04-30 20:15:25,387] - -----------------------------------------------------------------------------------------


  INFO root [2018-04-30 20:15:25,388] - Resmgr::initialize: KBE_ROOT=E:/kbengine/
  INFO root [2018-04-30 20:15:25,388] - Resmgr::initialize: KBE_RES_PATH=E:/kbengine/kbe/res/;E:/kbengine/assets/;E:/kbengine/assets/scripts/;E:/kbengine/assets/res/
  INFO root [2018-04-30 20:15:25,388] - Resmgr::initialize: KBE_BIN_PATH=E:/kbengine/kbe/bin/server/
  INFO root [2018-04-30 20:15:25,394] - NetworkInterface::initialize(INTERNAL): bound to all interfaces with default route interface on 192.168.0.106 ( 192.168.0.106:30099 )
  INFO root [2018-04-30 20:15:25,394] - NetworkInterface::initialize(INTERNAL): address 192.168.0.106:30099, SOMAXCONN=5.
  INFO root [2018-04-30 20:15:25,398] - ---- interfaces Version: 2.0.0. ScriptVersion: 0.1.0. Protocol: A3D4913C83C4082A29723B2DA267A5B0. Config: Debug X86. Built: 15:52:41 Apr 29 2018. AppID: 3000. UID: 26716. PID: 5252 ----
  INFO root [2018-04-30 20:15:25,398] - Server : Intel(R) Xeon(R) CPU E3-1230 v3 @ 3.30GHz with 4194303kB RAM
  INFO root [2018-04-30 20:15:25,399] - ThreadPool::createThreadPool: creating  threadpool...
  INFO root [2018-04-30 20:15:25,399] - ThreadPool::createThreadPool: successfully(2), newThreadCount=1, normalMaxThreadCount=2, maxThreadCount=8
 DEBUG root [2018-04-30 20:15:25,530] - Script::install_py_dlls(): PyInit_pyexpat
 DEBUG root [2018-04-30 20:15:25,530] - Script::install_py_dlls(): PyInit__socket
 DEBUG root [2018-04-30 20:15:25,530] - Script::install_py_dlls(): PyInit__ssl
 DEBUG root [2018-04-30 20:15:25,535] - Script::install_py_dlls(): PyInit__hashlib
 DEBUG root [2018-04-30 20:15:25,535] - Script::install_py_dlls(): PyInit_select
 DEBUG root [2018-04-30 20:15:25,535] - Script::install_py_dlls(): PyInit__ctypes
 DEBUG root [2018-04-30 20:15:25,536] - Script::install_py_dlls(): PyInit__elementtree
 DEBUG root [2018-04-30 20:15:25,571] - Script::install_py_dlls(): PyInit_unicodedata
  INFO root [2018-04-30 20:15:25,608] - Script::install(): is successfully, Python=(3.4.2 (default, Apr 29 2018, 15:52:37) [MSC v.1913 32 bit (Intel)])!
  INFO root [2018-04-30 20:15:25,608] - Script::install(): KBExtra is successfully!
S_INFO root [2018-04-30 20:15:25,619] - onInterfaceAppReady: bootstrapGroupIndex=0, bootstrapGlobalIndex=0
  INFO root [2018-04-30 20:15:25,627] - TelnetServer server is running on port 33000
  INFO root [2018-04-30 20:15:25,930] - ---- interfaces is running ----
 DEBUG root [2018-04-30 20:15:25,931] - Components::process(): Request for the process of identity...
  INFO root [2018-04-30 20:15:33,089] - Components::process(): Found all the components!
  WARN root [2018-04-30 20:15:40,035] - TCPPacketReceiver::processPendingEvents(127.0.0.1:55192): Throwing REASON_GENERAL_NETWORK - WSAECONNRESET
  INFO root [2018-04-30 20:15:41,433] - 
  INFO root [2018-04-30 20:15:41,434] - -----------------------------------------------------------------------------------------


  INFO root [2018-04-30 20:15:41,435] - Resmgr::initialize: KBE_ROOT=E:/kbengine/
  INFO root [2018-04-30 20:15:41,435] - Resmgr::initialize: KBE_RES_PATH=E:/kbengine/kbe/res/;E:/kbengine/assets/;E:/kbengine/assets/scripts/;E:/kbengine/assets/res/
  INFO root [2018-04-30 20:15:41,435] - Resmgr::initialize: KBE_BIN_PATH=E:/kbengine/kbe/bin/server/
  INFO root [2018-04-30 20:15:41,454] - NetworkInterface::initialize(INTERNAL): bound to all interfaces with default route interface on 192.168.0.106 ( 192.168.0.106:30099 )
  INFO root [2018-04-30 20:15:41,454] - NetworkInterface::initialize(INTERNAL): address 192.168.0.106:30099, SOMAXCONN=5.
  INFO root [2018-04-30 20:15:41,458] - ---- interfaces Version: 2.0.0. ScriptVersion: 0.1.0. Protocol: A3D4913C83C4082A29723B2DA267A5B0. Config: Debug X86. Built: 15:52:41 Apr 29 2018. AppID: 3000. UID: 26768. PID: 8488 ----
  INFO root [2018-04-30 20:15:41,459] - Server : Intel(R) Xeon(R) CPU E3-1230 v3 @ 3.30GHz with 4194303kB RAM
  INFO root [2018-04-30 20:15:41,459] - ThreadPool::createThreadPool: creating  threadpool...
  INFO root [2018-04-30 20:15:41,459] - ThreadPool::createThreadPool: successfully(2), newThreadCount=1, normalMaxThreadCount=2, maxThreadCount=8
 DEBUG root [2018-04-30 20:15:41,588] - Script::install_py_dlls(): PyInit_pyexpat
 DEBUG root [2018-04-30 20:15:41,588] - Script::install_py_dlls(): PyInit__socket
 DEBUG root [2018-04-30 20:15:41,589] - Script::install_py_dlls(): PyInit__ssl
 DEBUG root [2018-04-30 20:15:41,592] - Script::install_py_dlls(): PyInit__hashlib
 DEBUG root [2018-04-30 20:15:41,593] - Script::install_py_dlls(): PyInit_select
 DEBUG root [2018-04-30 20:15:41,593] - Script::install_py_dlls(): PyInit__ctypes
 DEBUG root [2018-04-30 20:15:41,593] - Script::install_py_dlls(): PyInit__elementtree
 DEBUG root [2018-04-30 20:15:41,624] - Script::install_py_dlls(): PyInit_unicodedata
  INFO root [2018-04-30 20:15:41,653] - Script::install(): is successfully, Python=(3.4.2 (default, Apr 29 2018, 15:52:37) [MSC v.1913 32 bit (Intel)])!
  INFO root [2018-04-30 20:15:41,653] - Script::install(): KBExtra is successfully!
S_INFO root [2018-04-30 20:15:41,660] - onInterfaceAppReady: bootstrapGroupIndex=0, bootstrapGlobalIndex=0
  INFO root [2018-04-30 20:15:41,669] - TelnetServer server is running on port 33000
  INFO root [2018-04-30 20:15:41,959] - ---- interfaces is running ----
 DEBUG root [2018-04-30 20:15:41,960] - Components::process(): Request for the process of identity...
  INFO root [2018-04-30 20:15:49,061] - Components::process(): Found all the components!
  WARN root [2018-04-30 22:46:55,041] - TCPPacketReceiver::processPendingEvents(127.0.0.1:55224): Throwing REASON_GENERAL_NETWORK - WSAECONNRESET
