    INFO   loginapp-1 15852 9000  [2018-10-30 00:39:13 448] - -----------------------------------------------------------------------------------------


    INFO   loginapp-1 15852 9000  [2018-10-30 00:39:16 904] - Resmgr::initialize: KBE_ROOT=E:/kbengine/
    INFO   loginapp-1 15852 9000  [2018-10-30 00:39:16 904] - Resmgr::initialize: KBE_RES_PATH=E:/kbengine/kbe/res/;E:/kbengine/assets/;E:/kbengine/assets/scripts/;E:/kbengine/assets/res/
    INFO   loginapp-1 15852 9000  [2018-10-30 00:39:16 905] - Resmgr::initialize: KBE_BIN_PATH=E:/kbengine/kbe/bin/server/
    INFO   loginapp-1 15852 9000  [2018-10-30 00:39:21 581] - NetworkInterface::initialize(EXTERNAL): bound to all interfaces with default route interface on 192.168.0.107 ( 192.168.0.107:20013 )
    INFO   loginapp-1 15852 9000  [2018-10-30 00:39:21 634] - NetworkInterface::initialize(EXTERNAL): address 192.168.0.107:20013, SOMAXCONN=128.
    INFO   loginapp-1 15852 9000  [2018-10-30 00:39:21 639] - NetworkInterface::initialize(INTERNAL): bound to all interfaces with default route interface on 192.168.0.107 ( 192.168.0.107:49587 )
    INFO   loginapp-1 15852 9000  [2018-10-30 00:39:21 639] - NetworkInterface::initialize(INTERNAL): address 192.168.0.107:49587, SOMAXCONN=128.
    INFO   loginapp-1 15852 9000  [2018-10-30 00:39:21 640] - server-configs:
    INFO   loginapp-1 15852 9000  [2018-10-30 00:39:21 640] - 	internalAddr : 192.168.0.107:49587
    INFO   loginapp-1 15852 9000  [2018-10-30 00:39:21 641] - 	externalAddr : 192.168.0.107:20013
    INFO   loginapp-1 15852 9000  [2018-10-30 00:39:21 641] - 	externalCustomAddr : 192.168.0.107
    INFO   loginapp-1 15852 9000  [2018-10-30 00:39:21 641] - 	componentID : 9000
    INFO   loginapp-1 15852 9000  [2018-10-30 00:39:22 422] - ---- loginapp Version: 2.0.0. ScriptVersion: 0.1.0. Protocol: B20F257E332779D9E1EA7D34638E6146. Config: Debug X86. Built: 15:53:07 Apr 29 2018. AppID: 9000. UID: 15852. PID: 5004 ----
    INFO   loginapp-1 15852 9000  [2018-10-30 00:39:22 423] - Server : Intel(R) Xeon(R) CPU E3-1230 v3 @ 3.30GHz with 4194303kB RAM
    INFO   loginapp-1 15852 9000  [2018-10-30 00:39:22 423] - ThreadPool::createThreadPool: creating  threadpool...
    INFO   loginapp-1 15852 9000  [2018-10-30 00:39:22 459] - ThreadPool::createThreadPool: successfully(2), newThreadCount=1, normalMaxThreadCount=2, maxThreadCount=8
   DEBUG   loginapp-1 15852 9000  [2018-10-30 00:39:34 333] - Script::install_py_dlls(): PyInit_pyexpat
   DEBUG   loginapp-1 15852 9000  [2018-10-30 00:39:34 405] - Script::install_py_dlls(): PyInit__socket
   DEBUG   loginapp-1 15852 9000  [2018-10-30 00:39:34 499] - Script::install_py_dlls(): PyInit__ssl
   DEBUG   loginapp-1 15852 9000  [2018-10-30 00:39:36 301] - Script::install_py_dlls(): PyInit__hashlib
   DEBUG   loginapp-1 15852 9000  [2018-10-30 00:39:36 535] - Script::install_py_dlls(): PyInit_select
   DEBUG   loginapp-1 15852 9000  [2018-10-30 00:39:36 581] - Script::install_py_dlls(): PyInit__ctypes
   DEBUG   loginapp-1 15852 9000  [2018-10-30 00:39:36 625] - Script::install_py_dlls(): PyInit__elementtree
   DEBUG   loginapp-1 15852 9000  [2018-10-30 00:39:37 430] - Script::install_py_dlls(): PyInit_unicodedata
    INFO   loginapp-1 15852 9000  [2018-10-30 00:39:39 651] - Script::install(): is successfully, Python=(3.4.2 (default, Apr 29 2018, 15:53:05) [MSC v.1913 32 bit (Intel)])!
    INFO   loginapp-1 15852 9000  [2018-10-30 00:39:39 652] - Script::install(): KBExtra is successfully!
  S_INFO   loginapp-1 15852 9000  [2018-10-30 00:39:40 065] - onLoginAppReady: bootstrapGroupIndex=0, bootstrapGlobalIndex=0
    INFO   loginapp-1 15852 9000  [2018-10-30 00:39:40 066] - TelnetServer server is running on port 31000
 WARNING   loginapp-1 15852 9000  [2018-10-30 00:39:40 067] - e:\kbengine\kbe\src\server\loginapp\loginapp.cpp:153: Profile scriptCall took 0.15 seconds
    INFO   loginapp-1 15852 9000  [2018-10-30 00:39:40 756] - ---- loginapp is running ----
   DEBUG   loginapp-1 15852 9000  [2018-10-30 00:39:40 793] - Components::process(): Request for the process of identity...
 WARNING   loginapp-1 15852 9000  [2018-10-30 00:39:47 679] - e:\kbengine\kbe\src\lib\network\event_dispatcher.cpp:153: Profile callSystemTimers took 0.29 seconds
    INFO   loginapp-1 15852 9000  [2018-10-30 00:39:48 700] - Components::findComponents: find logger(1)...
    INFO   loginapp-1 15852 9000  [2018-10-30 00:39:48 731] - Components::findComponents: found logger, addr:192.168.0.107:49370
    INFO   loginapp-1 15852 9000  [2018-10-30 00:39:48 732] - Components::addComponent: reset orderLog, uid=15852!
    INFO   loginapp-1 15852 9000  [2018-10-30 00:39:48 732] - Components::addComponent[logger], uid=15852, componentID=2000, globalorderid=1, grouporderid=1, totalcount=1
    INFO   loginapp-1 15852 9000  [2018-10-30 00:39:48 764] - Components::findComponents: find dbmgr(2)...
    INFO   loginapp-1 15852 9000  [2018-10-30 00:39:50 839] - Components::findComponents: find dbmgr(3)...
    INFO   loginapp-1 15852 9000  [2018-10-30 00:39:52 858] - Components::findComponents: find dbmgr(4)...
    INFO   loginapp-1 15852 9000  [2018-10-30 00:39:54 878] - Components::findComponents: find dbmgr(5)...
    INFO   loginapp-1 15852 9000  [2018-10-30 00:39:56 898] - Components::findComponents: find dbmgr(6)...
    INFO   loginapp-1 15852 9000  [2018-10-30 00:39:58 918] - Components::findComponents: find dbmgr(7)...
    INFO   loginapp-1 15852 9000  [2018-10-30 00:40:01 022] - Components::findComponents: find dbmgr(8)...
    INFO   loginapp-1 15852 9000  [2018-10-30 00:40:03 059] - Components::findComponents: find dbmgr(9)...
    INFO   loginapp-1 15852 9000  [2018-10-30 00:40:05 179] - Components::findComponents: find dbmgr(10)...
    INFO   loginapp-1 15852 9000  [2018-10-30 00:40:07 298] - Components::findComponents: find dbmgr(11)...
    INFO   loginapp-1 15852 9000  [2018-10-30 00:40:09 418] - Components::findComponents: find dbmgr(12)...
    INFO   loginapp-1 15852 9000  [2018-10-30 00:40:11 438] - Components::findComponents: find dbmgr(13)...
    INFO   loginapp-1 15852 9000  [2018-10-30 00:40:13 458] - Components::findComponents: find dbmgr(14)...
    INFO   loginapp-1 15852 9000  [2018-10-30 00:40:15 578] - Components::findComponents: find dbmgr(15)...
    INFO   loginapp-1 15852 9000  [2018-10-30 00:40:17 598] - Components::findComponents: find dbmgr(16)...
 WARNING   loginapp-1 15852 9000  [2018-10-30 00:40:18 891] - e:\kbengine\kbe\src\lib\network\event_dispatcher.cpp:153: Profile callSystemTimers took 0.27 seconds
 WARNING   loginapp-1 15852 9000  [2018-10-30 00:40:19 618] - Components::findComponents: find dbmgr(17)...
delay time is too long, please check the dbmgr logs!
 WARNING   loginapp-1 15852 9000  [2018-10-30 00:40:21 638] - Components::findComponents: find dbmgr(18)...
delay time is too long, please check the dbmgr logs!
 WARNING   loginapp-1 15852 9000  [2018-10-30 00:40:23 658] - Components::findComponents: find dbmgr(19)...
delay time is too long, please check the dbmgr logs!
 WARNING   loginapp-1 15852 9000  [2018-10-30 00:40:24 189] - BundleBroadcast::BundleBroadcast: Cannot bind to port 20859, errorno=10048
 WARNING   loginapp-1 15852 9000  [2018-10-30 00:40:25 198] - Components::findComponents: find dbmgr(20)...
delay time is too long, please check the dbmgr logs!
 WARNING   loginapp-1 15852 9000  [2018-10-30 00:40:27 298] - Components::findComponents: find dbmgr(21)...
delay time is too long, please check the dbmgr logs!
 WARNING   loginapp-1 15852 9000  [2018-10-30 00:40:29 318] - Components::findComponents: find dbmgr(22)...
delay time is too long, please check the dbmgr logs!
 WARNING   loginapp-1 15852 9000  [2018-10-30 00:40:31 338] - Components::findComponents: find dbmgr(23)...
delay time is too long, please check the dbmgr logs!
 WARNING   loginapp-1 15852 9000  [2018-10-30 00:40:33 358] - Components::findComponents: find dbmgr(24)...
delay time is too long, please check the dbmgr logs!
 WARNING   loginapp-1 15852 9000  [2018-10-30 00:40:35 398] - Components::findComponents: find dbmgr(25)...
delay time is too long, please check the dbmgr logs!
 WARNING   loginapp-1 15852 9000  [2018-10-30 00:40:37 517] - Components::findComponents: find dbmgr(26)...
delay time is too long, please check the dbmgr logs!
 WARNING   loginapp-1 15852 9000  [2018-10-30 00:40:39 538] - Components::findComponents: find dbmgr(27)...
delay time is too long, please check the dbmgr logs!
 WARNING   loginapp-1 15852 9000  [2018-10-30 00:40:41 658] - Components::findComponents: find dbmgr(28)...
delay time is too long, please check the dbmgr logs!
 WARNING   loginapp-1 15852 9000  [2018-10-30 00:40:43 778] - Components::findComponents: find dbmgr(29)...
delay time is too long, please check the dbmgr logs!
 WARNING   loginapp-1 15852 9000  [2018-10-30 00:40:45 798] - Components::findComponents: find dbmgr(30)...
delay time is too long, please check the dbmgr logs!
 WARNING   loginapp-1 15852 9000  [2018-10-30 00:40:47 818] - Components::findComponents: find dbmgr(31)...
delay time is too long, please check the dbmgr logs!
 WARNING   loginapp-1 15852 9000  [2018-10-30 00:40:49 838] - Components::findComponents: find dbmgr(32)...
delay time is too long, please check the dbmgr logs!
 WARNING   loginapp-1 15852 9000  [2018-10-30 00:40:51 858] - Components::findComponents: find dbmgr(33)...
delay time is too long, please check the dbmgr logs!
 WARNING   loginapp-1 15852 9000  [2018-10-30 00:40:53 897] - Components::findComponents: find dbmgr(34)...
delay time is too long, please check the dbmgr logs!
 WARNING   loginapp-1 15852 9000  [2018-10-30 00:40:55 918] - Components::findComponents: find dbmgr(35)...
delay time is too long, please check the dbmgr logs!
 WARNING   loginapp-1 15852 9000  [2018-10-30 00:40:57 938] - Components::findComponents: find dbmgr(36)...
delay time is too long, please check the dbmgr logs!
    INFO   loginapp-1 16348 9000  [2018-10-30 00:41:01 657] - -----------------------------------------------------------------------------------------


    INFO   loginapp-1 16348 9000  [2018-10-30 00:41:01 657] - Resmgr::initialize: KBE_ROOT=E:/kbengine/
    INFO   loginapp-1 16348 9000  [2018-10-30 00:41:01 658] - Resmgr::initialize: KBE_RES_PATH=E:/kbengine/kbe/res/;E:/kbengine/assets/;E:/kbengine/assets/scripts/;E:/kbengine/assets/res/
    INFO   loginapp-1 16348 9000  [2018-10-30 00:41:01 658] - Resmgr::initialize: KBE_BIN_PATH=E:/kbengine/kbe/bin/server/
    INFO   loginapp-1 16348 9000  [2018-10-30 00:41:01 660] - NetworkInterface::initialize(EXTERNAL): bound to all interfaces with default route interface on 192.168.0.107 ( 192.168.0.107:20013 )
    INFO   loginapp-1 16348 9000  [2018-10-30 00:41:01 660] - NetworkInterface::initialize(EXTERNAL): address 192.168.0.107:20013, SOMAXCONN=128.
    INFO   loginapp-1 16348 9000  [2018-10-30 00:41:01 662] - NetworkInterface::initialize(INTERNAL): bound to all interfaces with default route interface on 192.168.0.107 ( 192.168.0.107:49614 )
    INFO   loginapp-1 16348 9000  [2018-10-30 00:41:01 662] - NetworkInterface::initialize(INTERNAL): address 192.168.0.107:49614, SOMAXCONN=128.
    INFO   loginapp-1 16348 9000  [2018-10-30 00:41:01 662] - server-configs:
    INFO   loginapp-1 16348 9000  [2018-10-30 00:41:01 662] - 	internalAddr : 192.168.0.107:49614
    INFO   loginapp-1 16348 9000  [2018-10-30 00:41:01 662] - 	externalAddr : 192.168.0.107:20013
    INFO   loginapp-1 16348 9000  [2018-10-30 00:41:01 662] - 	externalCustomAddr : 192.168.0.107
    INFO   loginapp-1 16348 9000  [2018-10-30 00:41:01 662] - 	componentID : 9000
    INFO   loginapp-1 16348 9000  [2018-10-30 00:41:03 350] - ---- loginapp Version: 2.0.0. ScriptVersion: 0.1.0. Protocol: B20F257E332779D9E1EA7D34638E6146. Config: Debug X86. Built: 15:53:07 Apr 29 2018. AppID: 9000. UID: 16348. PID: 6300 ----
    INFO   loginapp-1 16348 9000  [2018-10-30 00:41:03 351] - Server : Intel(R) Xeon(R) CPU E3-1230 v3 @ 3.30GHz with 4194303kB RAM
    INFO   loginapp-1 16348 9000  [2018-10-30 00:41:03 351] - ThreadPool::createThreadPool: creating  threadpool...
    INFO   loginapp-1 16348 9000  [2018-10-30 00:41:03 351] - ThreadPool::createThreadPool: successfully(2), newThreadCount=1, normalMaxThreadCount=2, maxThreadCount=8
   DEBUG   loginapp-1 16348 9000  [2018-10-30 00:41:03 473] - Script::install_py_dlls(): PyInit_pyexpat
   DEBUG   loginapp-1 16348 9000  [2018-10-30 00:41:03 474] - Script::install_py_dlls(): PyInit__socket
   DEBUG   loginapp-1 16348 9000  [2018-10-30 00:41:03 474] - Script::install_py_dlls(): PyInit__ssl
   DEBUG   loginapp-1 16348 9000  [2018-10-30 00:41:03 477] - Script::install_py_dlls(): PyInit__hashlib
   DEBUG   loginapp-1 16348 9000  [2018-10-30 00:41:03 477] - Script::install_py_dlls(): PyInit_select
   DEBUG   loginapp-1 16348 9000  [2018-10-30 00:41:03 477] - Script::install_py_dlls(): PyInit__ctypes
   DEBUG   loginapp-1 16348 9000  [2018-10-30 00:41:03 478] - Script::install_py_dlls(): PyInit__elementtree
   DEBUG   loginapp-1 16348 9000  [2018-10-30 00:41:03 504] - Script::install_py_dlls(): PyInit_unicodedata
    INFO   loginapp-1 16348 9000  [2018-10-30 00:41:03 531] - Script::install(): is successfully, Python=(3.4.2 (default, Apr 29 2018, 15:53:05) [MSC v.1913 32 bit (Intel)])!
    INFO   loginapp-1 16348 9000  [2018-10-30 00:41:03 531] - Script::install(): KBExtra is successfully!
  S_INFO   loginapp-1 16348 9000  [2018-10-30 00:41:03 533] - onLoginAppReady: bootstrapGroupIndex=0, bootstrapGlobalIndex=0
    INFO   loginapp-1 16348 9000  [2018-10-30 00:41:03 533] - TelnetServer server is running on port 31000
    INFO   loginapp-1 16348 9000  [2018-10-30 00:41:03 814] - ---- loginapp is running ----
   DEBUG   loginapp-1 16348 9000  [2018-10-30 00:41:03 815] - Components::process(): Request for the process of identity...
 WARNING   loginapp-1 16348 9000  [2018-10-30 00:41:04 125] - BundleBroadcast::BundleBroadcast: Cannot bind to port 20965, errorno=10048
    INFO   loginapp-1 16348 9000  [2018-10-30 00:41:11 254] - Components::findComponents: find logger(1)...
    INFO   loginapp-1 16348 9000  [2018-10-30 00:41:11 342] - Components::findComponents: found logger, addr:192.168.0.107:49610
    INFO   loginapp-1 16348 9000  [2018-10-30 00:41:11 342] - Components::addComponent: reset orderLog, uid=16348!
    INFO   loginapp-1 16348 9000  [2018-10-30 00:41:11 343] - Components::addComponent[logger], uid=16348, componentID=2000, globalorderid=1, grouporderid=1, totalcount=1
    INFO   loginapp-1 16348 9000  [2018-10-30 00:41:11 345] - Components::findComponents: find dbmgr(2)...
    INFO   loginapp-1 16348 9000  [2018-10-30 00:41:13 454] - Components::findComponents: find dbmgr(3)...
    INFO   loginapp-1 16348 9000  [2018-10-30 00:41:15 474] - Components::findComponents: find dbmgr(4)...
    INFO   loginapp-1 16348 9000  [2018-10-30 00:41:17 494] - Components::findComponents: find dbmgr(5)...
    INFO   loginapp-1 16348 9000  [2018-10-30 00:41:19 514] - Components::findComponents: find dbmgr(6)...
    INFO   loginapp-1 16348 9000  [2018-10-30 00:41:21 634] - Components::findComponents: find dbmgr(7)...
 WARNING   loginapp-1 16348 9000  [2018-10-30 00:41:21 944] - BundleBroadcast::BundleBroadcast: Cannot bind to port 20377, errorno=10048
    INFO   loginapp-1 16348 9000  [2018-10-30 00:41:22 954] - Components::findComponents: find dbmgr(8)...
    INFO   loginapp-1 16348 9000  [2018-10-30 00:41:25 054] - Components::findComponents: find dbmgr(9)...
    INFO   loginapp-1 16348 9000  [2018-10-30 00:41:27 073] - Components::findComponents: find dbmgr(10)...
    INFO   loginapp-1 16348 9000  [2018-10-30 00:41:29 173] - Components::findComponents: find dbmgr(11)...
    INFO   loginapp-1 16348 9000  [2018-10-30 00:41:31 194] - Components::findComponents: find dbmgr(12)...
    INFO   loginapp-1 16348 9000  [2018-10-30 00:41:33 214] - Components::findComponents: find dbmgr(13)...
    INFO   loginapp-1 16348 9000  [2018-10-30 00:41:35 234] - Components::findComponents: find dbmgr(14)...
    INFO   loginapp-1 16348 9000  [2018-10-30 00:41:37 254] - Components::findComponents: find dbmgr(15)...
    INFO   loginapp-1 16348 9000  [2018-10-30 00:41:39 293] - Components::findComponents: find dbmgr(16)...
 WARNING   loginapp-1 16348 9000  [2018-10-30 00:41:41 413] - Components::findComponents: find dbmgr(17)...
delay time is too long, please check the dbmgr logs!
 WARNING   loginapp-1 16348 9000  [2018-10-30 00:41:43 533] - Components::findComponents: find dbmgr(18)...
delay time is too long, please check the dbmgr logs!
 WARNING   loginapp-1 16348 9000  [2018-10-30 00:41:45 653] - Components::findComponents: find dbmgr(19)...
delay time is too long, please check the dbmgr logs!
 WARNING   loginapp-1 16348 9000  [2018-10-30 00:41:47 774] - Components::findComponents: find dbmgr(20)...
delay time is too long, please check the dbmgr logs!
 WARNING   loginapp-1 16348 9000  [2018-10-30 00:41:49 794] - Components::findComponents: find dbmgr(21)...
delay time is too long, please check the dbmgr logs!
 WARNING   loginapp-1 16348 9000  [2018-10-30 00:41:50 107] - BundleBroadcast::BundleBroadcast: Cannot bind to port 20025, errorno=10048
 WARNING   loginapp-1 16348 9000  [2018-10-30 00:41:51 114] - Components::findComponents: find dbmgr(22)...
delay time is too long, please check the dbmgr logs!
 WARNING   loginapp-1 16348 9000  [2018-10-30 00:41:53 214] - Components::findComponents: find dbmgr(23)...
delay time is too long, please check the dbmgr logs!
 WARNING   loginapp-1 16348 9000  [2018-10-30 00:41:55 253] - Components::findComponents: find dbmgr(24)...
delay time is too long, please check the dbmgr logs!
 WARNING   loginapp-1 16348 9000  [2018-10-30 00:41:57 359] - Components::findComponents: find dbmgr(25)...
delay time is too long, please check the dbmgr logs!
 WARNING   loginapp-1 16348 9000  [2018-10-30 00:41:59 393] - Components::findComponents: find dbmgr(26)...
delay time is too long, please check the dbmgr logs!
 WARNING   loginapp-1 16348 9000  [2018-10-30 00:42:01 413] - Components::findComponents: find dbmgr(27)...
delay time is too long, please check the dbmgr logs!
 WARNING   loginapp-1 16348 9000  [2018-10-30 00:42:03 433] - Components::findComponents: find dbmgr(28)...
delay time is too long, please check the dbmgr logs!
 WARNING   loginapp-1 16348 9000  [2018-10-30 00:42:05 454] - Components::findComponents: find dbmgr(29)...
delay time is too long, please check the dbmgr logs!
 WARNING   loginapp-1 16348 9000  [2018-10-30 00:42:07 494] - Components::findComponents: find dbmgr(30)...
delay time is too long, please check the dbmgr logs!
 WARNING   loginapp-1 16348 9000  [2018-10-30 00:42:09 613] - Components::findComponents: find dbmgr(31)...
delay time is too long, please check the dbmgr logs!
 WARNING   loginapp-1 16348 9000  [2018-10-30 00:42:11 633] - Components::findComponents: find dbmgr(32)...
delay time is too long, please check the dbmgr logs!
 WARNING   loginapp-1 16348 9000  [2018-10-30 00:42:13 659] - Components::findComponents: find dbmgr(33)...
delay time is too long, please check the dbmgr logs!
 WARNING   loginapp-1 16348 9000  [2018-10-30 00:42:15 693] - Components::findComponents: find dbmgr(34)...
delay time is too long, please check the dbmgr logs!
 WARNING   loginapp-1 16348 9000  [2018-10-30 00:42:17 813] - Components::findComponents: find dbmgr(35)...
delay time is too long, please check the dbmgr logs!
 WARNING   loginapp-1 16348 9000  [2018-10-30 00:42:19 833] - Components::findComponents: find dbmgr(36)...
delay time is too long, please check the dbmgr logs!
 WARNING   loginapp-1 16348 9000  [2018-10-30 00:42:21 853] - Components::findComponents: find dbmgr(37)...
delay time is too long, please check the dbmgr logs!
 WARNING   loginapp-1 16348 9000  [2018-10-30 00:42:23 894] - Components::findComponents: find dbmgr(38)...
delay time is too long, please check the dbmgr logs!
 WARNING   loginapp-1 16348 9000  [2018-10-30 00:42:26 013] - Components::findComponents: find dbmgr(39)...
delay time is too long, please check the dbmgr logs!
 WARNING   loginapp-1 16348 9000  [2018-10-30 00:42:28 133] - Components::findComponents: find dbmgr(40)...
delay time is too long, please check the dbmgr logs!
 WARNING   loginapp-1 16348 9000  [2018-10-30 00:42:30 153] - Components::findComponents: find dbmgr(41)...
delay time is too long, please check the dbmgr logs!
 WARNING   loginapp-1 16348 9000  [2018-10-30 00:42:32 193] - Components::findComponents: find dbmgr(42)...
delay time is too long, please check the dbmgr logs!
 WARNING   loginapp-1 16348 9000  [2018-10-30 00:42:34 313] - Components::findComponents: find dbmgr(43)...
delay time is too long, please check the dbmgr logs!
 WARNING   loginapp-1 16348 9000  [2018-10-30 00:42:34 628] - BundleBroadcast::BundleBroadcast: Cannot bind to port 20578, errorno=10048
 WARNING   loginapp-1 16348 9000  [2018-10-30 00:42:35 633] - Components::findComponents: find dbmgr(44)...
delay time is too long, please check the dbmgr logs!
 WARNING   loginapp-1 16348 9000  [2018-10-30 00:42:35 948] - BundleBroadcast::BundleBroadcast: Cannot bind to port 20856, errorno=10048
 WARNING   loginapp-1 16348 9000  [2018-10-30 00:42:36 953] - Components::findComponents: find dbmgr(45)...
delay time is too long, please check the dbmgr logs!
 WARNING   loginapp-1 16348 9000  [2018-10-30 00:42:39 058] - Components::findComponents: find dbmgr(46)...
delay time is too long, please check the dbmgr logs!
 WARNING   loginapp-1 16348 9000  [2018-10-30 00:42:41 093] - Components::findComponents: find dbmgr(47)...
delay time is too long, please check the dbmgr logs!
 WARNING   loginapp-1 16348 9000  [2018-10-30 00:42:41 408] - BundleBroadcast::BundleBroadcast: Cannot bind to port 20686, errorno=10048
 WARNING   loginapp-1 16348 9000  [2018-10-30 00:42:42 413] - Components::findComponents: find dbmgr(48)...
delay time is too long, please check the dbmgr logs!
 WARNING   loginapp-1 16348 9000  [2018-10-30 00:42:44 433] - Components::findComponents: find dbmgr(49)...
delay time is too long, please check the dbmgr logs!
 WARNING   loginapp-1 16348 9000  [2018-10-30 00:42:46 453] - Components::findComponents: find dbmgr(50)...
delay time is too long, please check the dbmgr logs!
 WARNING   loginapp-1 16348 9000  [2018-10-30 00:42:48 473] - Components::findComponents: find dbmgr(51)...
delay time is too long, please check the dbmgr logs!
 WARNING   loginapp-1 16348 9000  [2018-10-30 00:42:50 513] - Components::findComponents: find dbmgr(52)...
delay time is too long, please check the dbmgr logs!
 WARNING   loginapp-1 16348 9000  [2018-10-30 00:42:52 633] - Components::findComponents: find dbmgr(53)...
delay time is too long, please check the dbmgr logs!
 WARNING   loginapp-1 16348 9000  [2018-10-30 00:42:52 948] - BundleBroadcast::BundleBroadcast: Cannot bind to port 20616, errorno=10048
 WARNING   loginapp-1 16348 9000  [2018-10-30 00:42:53 953] - Components::findComponents: find dbmgr(54)...
delay time is too long, please check the dbmgr logs!
 WARNING   loginapp-1 16348 9000  [2018-10-30 00:42:55 973] - Components::findComponents: find dbmgr(55)...
delay time is too long, please check the dbmgr logs!
    INFO   loginapp-1 16776 9000  [2018-10-30 00:43:12 397] - -----------------------------------------------------------------------------------------


    INFO   loginapp-1 16776 9000  [2018-10-30 00:43:12 398] - Resmgr::initialize: KBE_ROOT=E:/kbengine/
    INFO   loginapp-1 16776 9000  [2018-10-30 00:43:12 398] - Resmgr::initialize: KBE_RES_PATH=E:/kbengine/kbe/res/;E:/kbengine/assets/;E:/kbengine/assets/scripts/;E:/kbengine/assets/res/
    INFO   loginapp-1 16776 9000  [2018-10-30 00:43:12 398] - Resmgr::initialize: KBE_BIN_PATH=E:/kbengine/kbe/bin/server/
    INFO   loginapp-1 16776 9000  [2018-10-30 00:43:12 403] - NetworkInterface::initialize(EXTERNAL): bound to all interfaces with default route interface on 192.168.0.107 ( 192.168.0.107:20013 )
    INFO   loginapp-1 16776 9000  [2018-10-30 00:43:12 404] - NetworkInterface::initialize(EXTERNAL): address 192.168.0.107:20013, SOMAXCONN=128.
    INFO   loginapp-1 16776 9000  [2018-10-30 00:43:12 405] - NetworkInterface::initialize(INTERNAL): bound to all interfaces with default route interface on 192.168.0.107 ( 192.168.0.107:49655 )
    INFO   loginapp-1 16776 9000  [2018-10-30 00:43:12 405] - NetworkInterface::initialize(INTERNAL): address 192.168.0.107:49655, SOMAXCONN=128.
    INFO   loginapp-1 16776 9000  [2018-10-30 00:43:12 405] - server-configs:
    INFO   loginapp-1 16776 9000  [2018-10-30 00:43:12 405] - 	internalAddr : 192.168.0.107:49655
    INFO   loginapp-1 16776 9000  [2018-10-30 00:43:12 406] - 	externalAddr : 192.168.0.107:20013
    INFO   loginapp-1 16776 9000  [2018-10-30 00:43:12 406] - 	externalCustomAddr : 192.168.0.107
    INFO   loginapp-1 16776 9000  [2018-10-30 00:43:12 406] - 	componentID : 9000
 WARNING   loginapp-1 16776 9000  [2018-10-30 00:43:12 913] - BundleBroadcast::BundleBroadcast: Cannot bind to port 20287, errorno=10048
    INFO   loginapp-1 16776 9000  [2018-10-30 00:43:12 919] - ---- loginapp Version: 2.0.0. ScriptVersion: 0.1.0. Protocol: B20F257E332779D9E1EA7D34638E6146. Config: Debug X86. Built: 15:53:07 Apr 29 2018. AppID: 9000. UID: 16776. PID: 6380 ----
    INFO   loginapp-1 16776 9000  [2018-10-30 00:43:12 919] - Server : Intel(R) Xeon(R) CPU E3-1230 v3 @ 3.30GHz with 4194303kB RAM
    INFO   loginapp-1 16776 9000  [2018-10-30 00:43:12 920] - ThreadPool::createThreadPool: creating  threadpool...
    INFO   loginapp-1 16776 9000  [2018-10-30 00:43:12 920] - ThreadPool::createThreadPool: successfully(2), newThreadCount=1, normalMaxThreadCount=2, maxThreadCount=8
   DEBUG   loginapp-1 16776 9000  [2018-10-30 00:43:13 043] - Script::install_py_dlls(): PyInit_pyexpat
   DEBUG   loginapp-1 16776 9000  [2018-10-30 00:43:13 043] - Script::install_py_dlls(): PyInit__socket
   DEBUG   loginapp-1 16776 9000  [2018-10-30 00:43:13 044] - Script::install_py_dlls(): PyInit__ssl
   DEBUG   loginapp-1 16776 9000  [2018-10-30 00:43:13 047] - Script::install_py_dlls(): PyInit__hashlib
   DEBUG   loginapp-1 16776 9000  [2018-10-30 00:43:13 047] - Script::install_py_dlls(): PyInit_select
   DEBUG   loginapp-1 16776 9000  [2018-10-30 00:43:13 047] - Script::install_py_dlls(): PyInit__ctypes
   DEBUG   loginapp-1 16776 9000  [2018-10-30 00:43:13 047] - Script::install_py_dlls(): PyInit__elementtree
   DEBUG   loginapp-1 16776 9000  [2018-10-30 00:43:13 074] - Script::install_py_dlls(): PyInit_unicodedata
    INFO   loginapp-1 16776 9000  [2018-10-30 00:43:13 102] - Script::install(): is successfully, Python=(3.4.2 (default, Apr 29 2018, 15:53:05) [MSC v.1913 32 bit (Intel)])!
    INFO   loginapp-1 16776 9000  [2018-10-30 00:43:13 103] - Script::install(): KBExtra is successfully!
  S_INFO   loginapp-1 16776 9000  [2018-10-30 00:43:13 104] - onLoginAppReady: bootstrapGroupIndex=0, bootstrapGlobalIndex=0
    INFO   loginapp-1 16776 9000  [2018-10-30 00:43:13 104] - TelnetServer server is running on port 31000
    INFO   loginapp-1 16776 9000  [2018-10-30 00:43:13 420] - ---- loginapp is running ----
   DEBUG   loginapp-1 16776 9000  [2018-10-30 00:43:13 420] - Components::process(): Request for the process of identity...
    INFO   loginapp-1 16776 9000  [2018-10-30 00:43:20 487] - Components::findComponents: find logger(1)...
    INFO   loginapp-1 16776 9000  [2018-10-30 00:43:20 516] - Components::findComponents: found logger, addr:192.168.0.107:49653
    INFO   loginapp-1 16776 9000  [2018-10-30 00:43:20 516] - Components::addComponent: reset orderLog, uid=16776!
    INFO   loginapp-1 16776 9000  [2018-10-30 00:43:20 517] - Components::addComponent[logger], uid=16776, componentID=2000, globalorderid=1, grouporderid=1, totalcount=1
    INFO   loginapp-1 16776 9000  [2018-10-30 00:43:20 519] - Components::findComponents: find dbmgr(2)...
    INFO   loginapp-1 16776 9000  [2018-10-30 00:43:20 620] - Components::findComponents: found dbmgr, addr:192.168.0.107:49658
    INFO   loginapp-1 16776 9000  [2018-10-30 00:43:20 620] - Components::addComponent: reset orderLog, uid=16776!
    INFO   loginapp-1 16776 9000  [2018-10-30 00:43:20 620] - Components::addComponent[dbmgr], uid=16776, componentID=4000, globalorderid=1, grouporderid=1, totalcount=1
    INFO   loginapp-1 16776 9000  [2018-10-30 00:43:20 621] - Components::findComponents: found dbmgr, addr:192.168.0.107:49658
    INFO   loginapp-1 16776 9000  [2018-10-30 00:43:22 625] - Components::findComponents: find baseappmgr(1)...
    INFO   loginapp-1 16776 9000  [2018-10-30 00:43:22 646] - Components::findComponents: found baseappmgr, addr:192.168.0.107:49654
    INFO   loginapp-1 16776 9000  [2018-10-30 00:43:22 646] - Components::addComponent[baseappmgr], uid=16776, componentID=5000, globalorderid=2, grouporderid=1, totalcount=1
    INFO   loginapp-1 16776 9000  [2018-10-30 00:43:22 647] - Components::findComponents: found baseappmgr, addr:192.168.0.107:49654
    INFO   loginapp-1 16776 9000  [2018-10-30 00:43:24 701] - Components::findComponents: register self to dbmgr...
    INFO   loginapp-1 16776 9000  [2018-10-30 00:43:24 705] - Components::findComponents: register self to baseappmgr...
    INFO   loginapp-1 16776 9000  [2018-10-30 00:43:24 725] - Components::process(): Found all the components!
    INFO   loginapp-1 16776 9000  [2018-10-30 00:43:31 225] - Loginapp::onDbmgrInitCompleted:startGlobalOrder=2, startGroupOrder=1, digest=7F4FC8296AD553545CD95B23EFF6238F.
    INFO   loginapp01 16776 9000  [2018-10-30 00:43:32 430] - HTTPCBHandler::bind: 192.168.0.107:21103
 WARNING   loginapp01 16776 9000  [2018-10-30 00:43:32 430] - e:\kbengine\kbe\src\lib\network\event_dispatcher.cpp:153: Profile callSystemTimers took 1.20 seconds
    INFO   loginapp01 16776 9000  [2018-10-30 00:43:33 526] - Loginapp::onBaseappInitProgress: progress=1.
    INFO   loginapp-1 17827 9000  [2018-10-30 00:48:34 543] - -----------------------------------------------------------------------------------------


    INFO   loginapp-1 17827 9000  [2018-10-30 00:48:34 543] - Resmgr::initialize: KBE_ROOT=E:/kbengine/
    INFO   loginapp-1 17827 9000  [2018-10-30 00:48:34 543] - Resmgr::initialize: KBE_RES_PATH=E:/kbengine/kbe/res/;E:/kbengine/assets/;E:/kbengine/assets/scripts/;E:/kbengine/assets/res/
    INFO   loginapp-1 17827 9000  [2018-10-30 00:48:34 543] - Resmgr::initialize: KBE_BIN_PATH=E:/kbengine/kbe/bin/server/
    INFO   loginapp-1 17827 9000  [2018-10-30 00:48:34 546] - NetworkInterface::initialize(EXTERNAL): bound to all interfaces with default route interface on 192.168.0.107 ( 192.168.0.107:20013 )
    INFO   loginapp-1 17827 9000  [2018-10-30 00:48:34 546] - NetworkInterface::initialize(EXTERNAL): address 192.168.0.107:20013, SOMAXCONN=128.
    INFO   loginapp-1 17827 9000  [2018-10-30 00:48:34 547] - NetworkInterface::initialize(INTERNAL): bound to all interfaces with default route interface on 192.168.0.107 ( 192.168.0.107:49759 )
    INFO   loginapp-1 17827 9000  [2018-10-30 00:48:34 548] - NetworkInterface::initialize(INTERNAL): address 192.168.0.107:49759, SOMAXCONN=128.
    INFO   loginapp-1 17827 9000  [2018-10-30 00:48:34 548] - server-configs:
    INFO   loginapp-1 17827 9000  [2018-10-30 00:48:34 548] - 	internalAddr : 192.168.0.107:49759
    INFO   loginapp-1 17827 9000  [2018-10-30 00:48:34 548] - 	externalAddr : 192.168.0.107:20013
    INFO   loginapp-1 17827 9000  [2018-10-30 00:48:34 548] - 	externalCustomAddr : 171.88.53.16
    INFO   loginapp-1 17827 9000  [2018-10-30 00:48:34 548] - 	componentID : 9000
 WARNING   loginapp-1 17827 9000  [2018-10-30 00:48:35 038] - BundleBroadcast::BundleBroadcast: Cannot bind to port 20643, errorno=10048
    INFO   loginapp-1 17827 9000  [2018-10-30 00:48:35 041] - ---- loginapp Version: 2.0.0. ScriptVersion: 0.1.0. Protocol: B20F257E332779D9E1EA7D34638E6146. Config: Debug X86. Built: 15:53:07 Apr 29 2018. AppID: 9000. UID: 17827. PID: 8096 ----
    INFO   loginapp-1 17827 9000  [2018-10-30 00:48:35 042] - Server : Intel(R) Xeon(R) CPU E3-1230 v3 @ 3.30GHz with 4194303kB RAM
    INFO   loginapp-1 17827 9000  [2018-10-30 00:48:35 042] - ThreadPool::createThreadPool: creating  threadpool...
    INFO   loginapp-1 17827 9000  [2018-10-30 00:48:35 042] - ThreadPool::createThreadPool: successfully(2), newThreadCount=1, normalMaxThreadCount=2, maxThreadCount=8
   DEBUG   loginapp-1 17827 9000  [2018-10-30 00:48:35 164] - Script::install_py_dlls(): PyInit_pyexpat
   DEBUG   loginapp-1 17827 9000  [2018-10-30 00:48:35 165] - Script::install_py_dlls(): PyInit__socket
   DEBUG   loginapp-1 17827 9000  [2018-10-30 00:48:35 165] - Script::install_py_dlls(): PyInit__ssl
   DEBUG   loginapp-1 17827 9000  [2018-10-30 00:48:35 168] - Script::install_py_dlls(): PyInit__hashlib
   DEBUG   loginapp-1 17827 9000  [2018-10-30 00:48:35 168] - Script::install_py_dlls(): PyInit_select
   DEBUG   loginapp-1 17827 9000  [2018-10-30 00:48:35 168] - Script::install_py_dlls(): PyInit__ctypes
   DEBUG   loginapp-1 17827 9000  [2018-10-30 00:48:35 169] - Script::install_py_dlls(): PyInit__elementtree
   DEBUG   loginapp-1 17827 9000  [2018-10-30 00:48:35 196] - Script::install_py_dlls(): PyInit_unicodedata
    INFO   loginapp-1 17827 9000  [2018-10-30 00:48:35 223] - Script::install(): is successfully, Python=(3.4.2 (default, Apr 29 2018, 15:53:05) [MSC v.1913 32 bit (Intel)])!
    INFO   loginapp-1 17827 9000  [2018-10-30 00:48:35 223] - Script::install(): KBExtra is successfully!
  S_INFO   loginapp-1 17827 9000  [2018-10-30 00:48:35 225] - onLoginAppReady: bootstrapGroupIndex=0, bootstrapGlobalIndex=0
    INFO   loginapp-1 17827 9000  [2018-10-30 00:48:35 225] - TelnetServer server is running on port 31000
    INFO   loginapp-1 17827 9000  [2018-10-30 00:48:35 493] - ---- loginapp is running ----
   DEBUG   loginapp-1 17827 9000  [2018-10-30 00:48:35 494] - Components::process(): Request for the process of identity...
    INFO   loginapp-1 17827 9000  [2018-10-30 00:48:42 586] - Components::findComponents: find logger(1)...
    INFO   loginapp-1 17827 9000  [2018-10-30 00:48:42 613] - Components::findComponents: found logger, addr:192.168.0.107:49755
    INFO   loginapp-1 17827 9000  [2018-10-30 00:48:42 614] - Components::addComponent: reset orderLog, uid=17827!
    INFO   loginapp-1 17827 9000  [2018-10-30 00:48:42 614] - Components::addComponent[logger], uid=17827, componentID=2000, globalorderid=1, grouporderid=1, totalcount=1
    INFO   loginapp-1 17827 9000  [2018-10-30 00:48:42 616] - Components::findComponents: find dbmgr(2)...
    INFO   loginapp-1 17827 9000  [2018-10-30 00:48:42 721] - Components::findComponents: found dbmgr, addr:192.168.0.107:49758
    INFO   loginapp-1 17827 9000  [2018-10-30 00:48:42 721] - Components::addComponent: reset orderLog, uid=17827!
    INFO   loginapp-1 17827 9000  [2018-10-30 00:48:42 722] - Components::addComponent[dbmgr], uid=17827, componentID=4000, globalorderid=1, grouporderid=1, totalcount=1
    INFO   loginapp-1 17827 9000  [2018-10-30 00:48:42 722] - Components::findComponents: found dbmgr, addr:192.168.0.107:49758
    INFO   loginapp-1 17827 9000  [2018-10-30 00:48:44 725] - Components::findComponents: find baseappmgr(1)...
    INFO   loginapp-1 17827 9000  [2018-10-30 00:48:44 744] - Components::findComponents: found baseappmgr, addr:192.168.0.107:49756
    INFO   loginapp-1 17827 9000  [2018-10-30 00:48:44 744] - Components::addComponent[baseappmgr], uid=17827, componentID=5000, globalorderid=2, grouporderid=1, totalcount=1
    INFO   loginapp-1 17827 9000  [2018-10-30 00:48:44 745] - Components::findComponents: found baseappmgr, addr:192.168.0.107:49756
    INFO   loginapp-1 17827 9000  [2018-10-30 00:48:46 805] - Components::findComponents: register self to dbmgr...
    INFO   loginapp-1 17827 9000  [2018-10-30 00:48:46 825] - Components::findComponents: register self to baseappmgr...
    INFO   loginapp-1 17827 9000  [2018-10-30 00:48:46 831] - Components::process(): Found all the components!
    INFO   loginapp-1 17827 9000  [2018-10-30 00:48:54 746] - Loginapp::onDbmgrInitCompleted:startGlobalOrder=1, startGroupOrder=1, digest=7F4FC8296AD553545CD95B23EFF6238F.
    INFO   loginapp01 17827 9000  [2018-10-30 00:48:55 950] - HTTPCBHandler::bind: 192.168.0.107:21103
 WARNING   loginapp01 17827 9000  [2018-10-30 00:48:55 950] - e:\kbengine\kbe\src\lib\network\event_dispatcher.cpp:153: Profile callSystemTimers took 1.20 seconds
    INFO   loginapp01 17827 9000  [2018-10-30 00:48:56 725] - Loginapp::onBaseappInitProgress: progress=1.
    INFO   loginapp-1 19339 9000  [2018-10-30 00:56:18 110] - -----------------------------------------------------------------------------------------


    INFO   loginapp-1 19339 9000  [2018-10-30 00:56:18 111] - Resmgr::initialize: KBE_ROOT=E:/kbengine/
    INFO   loginapp-1 19339 9000  [2018-10-30 00:56:18 111] - Resmgr::initialize: KBE_RES_PATH=E:/kbengine/kbe/res/;E:/kbengine/assets/;E:/kbengine/assets/scripts/;E:/kbengine/assets/res/
    INFO   loginapp-1 19339 9000  [2018-10-30 00:56:18 111] - Resmgr::initialize: KBE_BIN_PATH=E:/kbengine/kbe/bin/server/
    INFO   loginapp-1 19339 9000  [2018-10-30 00:56:18 113] - NetworkInterface::initialize(EXTERNAL): bound to all interfaces with default route interface on 192.168.0.107 ( 192.168.0.107:20013 )
    INFO   loginapp-1 19339 9000  [2018-10-30 00:56:18 113] - NetworkInterface::initialize(EXTERNAL): address 192.168.0.107:20013, SOMAXCONN=128.
    INFO   loginapp-1 19339 9000  [2018-10-30 00:56:18 114] - NetworkInterface::initialize(INTERNAL): bound to all interfaces with default route interface on 192.168.0.107 ( 192.168.0.107:49829 )
    INFO   loginapp-1 19339 9000  [2018-10-30 00:56:18 114] - NetworkInterface::initialize(INTERNAL): address 192.168.0.107:49829, SOMAXCONN=128.
    INFO   loginapp-1 19339 9000  [2018-10-30 00:56:18 114] - server-configs:
    INFO   loginapp-1 19339 9000  [2018-10-30 00:56:18 115] - 	internalAddr : 192.168.0.107:49829
    INFO   loginapp-1 19339 9000  [2018-10-30 00:56:18 115] - 	externalAddr : 192.168.0.107:20013
    INFO   loginapp-1 19339 9000  [2018-10-30 00:56:18 115] - 	externalCustomAddr : 192.168.0.107
    INFO   loginapp-1 19339 9000  [2018-10-30 00:56:18 115] - 	componentID : 9000
 WARNING   loginapp-1 19339 9000  [2018-10-30 00:56:18 605] - BundleBroadcast::BundleBroadcast: Cannot bind to port 20378, errorno=10048
    INFO   loginapp-1 19339 9000  [2018-10-30 00:56:18 608] - ---- loginapp Version: 2.0.0. ScriptVersion: 0.1.0. Protocol: B20F257E332779D9E1EA7D34638E6146. Config: Debug X86. Built: 15:53:07 Apr 29 2018. AppID: 9000. UID: 19339. PID: 5952 ----
    INFO   loginapp-1 19339 9000  [2018-10-30 00:56:18 609] - Server : Intel(R) Xeon(R) CPU E3-1230 v3 @ 3.30GHz with 4194303kB RAM
    INFO   loginapp-1 19339 9000  [2018-10-30 00:56:18 609] - ThreadPool::createThreadPool: creating  threadpool...
    INFO   loginapp-1 19339 9000  [2018-10-30 00:56:18 609] - ThreadPool::createThreadPool: successfully(2), newThreadCount=1, normalMaxThreadCount=2, maxThreadCount=8
   DEBUG   loginapp-1 19339 9000  [2018-10-30 00:56:18 731] - Script::install_py_dlls(): PyInit_pyexpat
   DEBUG   loginapp-1 19339 9000  [2018-10-30 00:56:18 732] - Script::install_py_dlls(): PyInit__socket
   DEBUG   loginapp-1 19339 9000  [2018-10-30 00:56:18 732] - Script::install_py_dlls(): PyInit__ssl
   DEBUG   loginapp-1 19339 9000  [2018-10-30 00:56:18 735] - Script::install_py_dlls(): PyInit__hashlib
   DEBUG   loginapp-1 19339 9000  [2018-10-30 00:56:18 735] - Script::install_py_dlls(): PyInit_select
   DEBUG   loginapp-1 19339 9000  [2018-10-30 00:56:18 735] - Script::install_py_dlls(): PyInit__ctypes
   DEBUG   loginapp-1 19339 9000  [2018-10-30 00:56:18 736] - Script::install_py_dlls(): PyInit__elementtree
   DEBUG   loginapp-1 19339 9000  [2018-10-30 00:56:18 762] - Script::install_py_dlls(): PyInit_unicodedata
    INFO   loginapp-1 19339 9000  [2018-10-30 00:56:18 788] - Script::install(): is successfully, Python=(3.4.2 (default, Apr 29 2018, 15:53:05) [MSC v.1913 32 bit (Intel)])!
    INFO   loginapp-1 19339 9000  [2018-10-30 00:56:18 788] - Script::install(): KBExtra is successfully!
  S_INFO   loginapp-1 19339 9000  [2018-10-30 00:56:18 790] - onLoginAppReady: bootstrapGroupIndex=0, bootstrapGlobalIndex=0
    INFO   loginapp-1 19339 9000  [2018-10-30 00:56:18 790] - TelnetServer server is running on port 31000
    INFO   loginapp-1 19339 9000  [2018-10-30 00:56:19 057] - ---- loginapp is running ----
   DEBUG   loginapp-1 19339 9000  [2018-10-30 00:56:19 057] - Components::process(): Request for the process of identity...
 WARNING   loginapp-1 19339 9000  [2018-10-30 00:56:22 398] - BundleBroadcast::BundleBroadcast: Cannot bind to port 20757, errorno=10048
    INFO   loginapp-1 19339 9000  [2018-10-30 00:56:26 492] - Components::findComponents: find logger(1)...
    INFO   loginapp-1 19339 9000  [2018-10-30 00:56:26 575] - Components::findComponents: found logger, addr:192.168.0.107:49824
    INFO   loginapp-1 19339 9000  [2018-10-30 00:56:26 575] - Components::addComponent: reset orderLog, uid=19339!
    INFO   loginapp-1 19339 9000  [2018-10-30 00:56:26 576] - Components::addComponent[logger], uid=19339, componentID=2000, globalorderid=1, grouporderid=1, totalcount=1
    INFO   loginapp-1 19339 9000  [2018-10-30 00:56:26 578] - Components::findComponents: find dbmgr(2)...
    INFO   loginapp-1 19339 9000  [2018-10-30 00:56:26 680] - Components::findComponents: found dbmgr, addr:192.168.0.107:49822
    INFO   loginapp-1 19339 9000  [2018-10-30 00:56:26 680] - Components::addComponent: reset orderLog, uid=19339!
    INFO   loginapp-1 19339 9000  [2018-10-30 00:56:26 681] - Components::addComponent[dbmgr], uid=19339, componentID=4000, globalorderid=1, grouporderid=1, totalcount=1
    INFO   loginapp-1 19339 9000  [2018-10-30 00:56:26 681] - Components::findComponents: found dbmgr, addr:192.168.0.107:49822
    INFO   loginapp-1 19339 9000  [2018-10-30 00:56:28 691] - Components::findComponents: find baseappmgr(1)...
    INFO   loginapp-1 19339 9000  [2018-10-30 00:56:28 712] - Components::findComponents: found baseappmgr, addr:192.168.0.107:49826
    INFO   loginapp-1 19339 9000  [2018-10-30 00:56:28 712] - Components::addComponent[baseappmgr], uid=19339, componentID=5000, globalorderid=2, grouporderid=1, totalcount=1
    INFO   loginapp-1 19339 9000  [2018-10-30 00:56:28 713] - Components::findComponents: found baseappmgr, addr:192.168.0.107:49826
    INFO   loginapp-1 19339 9000  [2018-10-30 00:56:30 771] - Components::findComponents: register self to dbmgr...
    INFO   loginapp-1 19339 9000  [2018-10-30 00:56:30 791] - Components::findComponents: register self to baseappmgr...
    INFO   loginapp-1 19339 9000  [2018-10-30 00:56:30 797] - Components::process(): Found all the components!
    INFO   loginapp-1 19339 9000  [2018-10-30 00:56:36 930] - Loginapp::onDbmgrInitCompleted:startGlobalOrder=3, startGroupOrder=1, digest=7F4FC8296AD553545CD95B23EFF6238F.
    INFO   loginapp01 19339 9000  [2018-10-30 00:56:38 134] - HTTPCBHandler::bind: 192.168.0.107:21103
 WARNING   loginapp01 19339 9000  [2018-10-30 00:56:38 134] - e:\kbengine\kbe\src\lib\network\event_dispatcher.cpp:153: Profile callSystemTimers took 1.20 seconds
    INFO   loginapp01 19339 9000  [2018-10-30 00:56:38 830] - Loginapp::onBaseappInitProgress: progress=1.
    INFO   loginapp-1 20276 9000  [2018-10-30 01:01:05 226] - -----------------------------------------------------------------------------------------


    INFO   loginapp-1 20276 9000  [2018-10-30 01:01:05 226] - Resmgr::initialize: KBE_ROOT=E:/kbengine/
    INFO   loginapp-1 20276 9000  [2018-10-30 01:01:05 226] - Resmgr::initialize: KBE_RES_PATH=E:/kbengine/kbe/res/;E:/kbengine/assets/;E:/kbengine/assets/scripts/;E:/kbengine/assets/res/
    INFO   loginapp-1 20276 9000  [2018-10-30 01:01:05 227] - Resmgr::initialize: KBE_BIN_PATH=E:/kbengine/kbe/bin/server/
    INFO   loginapp-1 20276 9000  [2018-10-30 01:01:05 228] - NetworkInterface::initialize(EXTERNAL): Creating on interface '192.168.0.107' (= 192.168.0.107)
    INFO   loginapp-1 20276 9000  [2018-10-30 01:01:05 229] - NetworkInterface::initialize(EXTERNAL): address 192.168.0.107:20013, SOMAXCONN=128.
    INFO   loginapp-1 20276 9000  [2018-10-30 01:01:05 231] - NetworkInterface::initialize(INTERNAL): bound to all interfaces with default route interface on 192.168.0.107 ( 192.168.0.107:50275 )
    INFO   loginapp-1 20276 9000  [2018-10-30 01:01:05 231] - NetworkInterface::initialize(INTERNAL): address 192.168.0.107:50275, SOMAXCONN=128.
    INFO   loginapp-1 20276 9000  [2018-10-30 01:01:05 231] - server-configs:
    INFO   loginapp-1 20276 9000  [2018-10-30 01:01:05 232] - 	internalAddr : 192.168.0.107:50275
    INFO   loginapp-1 20276 9000  [2018-10-30 01:01:05 232] - 	externalAddr : 192.168.0.107:20013
    INFO   loginapp-1 20276 9000  [2018-10-30 01:01:05 232] - 	externalCustomAddr : 171.88.53.16
    INFO   loginapp-1 20276 9000  [2018-10-30 01:01:05 232] - 	componentID : 9000
    INFO   loginapp-1 20276 9000  [2018-10-30 01:01:06 923] - ---- loginapp Version: 2.0.0. ScriptVersion: 0.1.0. Protocol: B20F257E332779D9E1EA7D34638E6146. Config: Debug X86. Built: 15:53:07 Apr 29 2018. AppID: 9000. UID: 20276. PID: 7980 ----
    INFO   loginapp-1 20276 9000  [2018-10-30 01:01:06 923] - Server : Intel(R) Xeon(R) CPU E3-1230 v3 @ 3.30GHz with 4194303kB RAM
    INFO   loginapp-1 20276 9000  [2018-10-30 01:01:06 923] - ThreadPool::createThreadPool: creating  threadpool...
    INFO   loginapp-1 20276 9000  [2018-10-30 01:01:06 924] - ThreadPool::createThreadPool: successfully(2), newThreadCount=1, normalMaxThreadCount=2, maxThreadCount=8
   DEBUG   loginapp-1 20276 9000  [2018-10-30 01:01:07 046] - Script::install_py_dlls(): PyInit_pyexpat
   DEBUG   loginapp-1 20276 9000  [2018-10-30 01:01:07 046] - Script::install_py_dlls(): PyInit__socket
   DEBUG   loginapp-1 20276 9000  [2018-10-30 01:01:07 047] - Script::install_py_dlls(): PyInit__ssl
   DEBUG   loginapp-1 20276 9000  [2018-10-30 01:01:07 050] - Script::install_py_dlls(): PyInit__hashlib
   DEBUG   loginapp-1 20276 9000  [2018-10-30 01:01:07 050] - Script::install_py_dlls(): PyInit_select
   DEBUG   loginapp-1 20276 9000  [2018-10-30 01:01:07 050] - Script::install_py_dlls(): PyInit__ctypes
   DEBUG   loginapp-1 20276 9000  [2018-10-30 01:01:07 050] - Script::install_py_dlls(): PyInit__elementtree
   DEBUG   loginapp-1 20276 9000  [2018-10-30 01:01:07 076] - Script::install_py_dlls(): PyInit_unicodedata
    INFO   loginapp-1 20276 9000  [2018-10-30 01:01:07 103] - Script::install(): is successfully, Python=(3.4.2 (default, Apr 29 2018, 15:53:05) [MSC v.1913 32 bit (Intel)])!
    INFO   loginapp-1 20276 9000  [2018-10-30 01:01:07 103] - Script::install(): KBExtra is successfully!
  S_INFO   loginapp-1 20276 9000  [2018-10-30 01:01:07 105] - onLoginAppReady: bootstrapGroupIndex=0, bootstrapGlobalIndex=0
    INFO   loginapp-1 20276 9000  [2018-10-30 01:01:07 105] - TelnetServer server is running on port 31000
    INFO   loginapp-1 20276 9000  [2018-10-30 01:01:07 385] - ---- loginapp is running ----
   DEBUG   loginapp-1 20276 9000  [2018-10-30 01:01:07 385] - Components::process(): Request for the process of identity...
    INFO   loginapp-1 20276 9000  [2018-10-30 01:01:14 506] - Components::findComponents: find logger(1)...
    INFO   loginapp-1 20276 9000  [2018-10-30 01:01:14 550] - Components::findComponents: found logger, addr:192.168.0.107:50276
    INFO   loginapp-1 20276 9000  [2018-10-30 01:01:14 551] - Components::addComponent: reset orderLog, uid=20276!
    INFO   loginapp-1 20276 9000  [2018-10-30 01:01:14 551] - Components::addComponent[logger], uid=20276, componentID=2000, globalorderid=1, grouporderid=1, totalcount=1
    INFO   loginapp-1 20276 9000  [2018-10-30 01:01:14 554] - Components::findComponents: find dbmgr(2)...
    INFO   loginapp-1 20276 9000  [2018-10-30 01:01:14 653] - Components::findComponents: found dbmgr, addr:192.168.0.107:50277
    INFO   loginapp-1 20276 9000  [2018-10-30 01:01:14 654] - Components::addComponent: reset orderLog, uid=20276!
    INFO   loginapp-1 20276 9000  [2018-10-30 01:01:14 654] - Components::addComponent[dbmgr], uid=20276, componentID=4000, globalorderid=1, grouporderid=1, totalcount=1
    INFO   loginapp-1 20276 9000  [2018-10-30 01:01:14 655] - Components::findComponents: found dbmgr, addr:192.168.0.107:50277
    INFO   loginapp-1 20276 9000  [2018-10-30 01:01:16 665] - Components::findComponents: find baseappmgr(1)...
    INFO   loginapp-1 20276 9000  [2018-10-30 01:01:16 683] - Components::findComponents: found baseappmgr, addr:192.168.0.107:50271
    INFO   loginapp-1 20276 9000  [2018-10-30 01:01:16 683] - Components::addComponent[baseappmgr], uid=20276, componentID=5000, globalorderid=2, grouporderid=1, totalcount=1
    INFO   loginapp-1 20276 9000  [2018-10-30 01:01:16 684] - Components::findComponents: found baseappmgr, addr:192.168.0.107:50271
    INFO   loginapp-1 20276 9000  [2018-10-30 01:01:18 725] - Components::findComponents: register self to dbmgr...
    INFO   loginapp-1 20276 9000  [2018-10-30 01:01:18 727] - Components::findComponents: register self to baseappmgr...
    INFO   loginapp-1 20276 9000  [2018-10-30 01:01:18 744] - Components::process(): Found all the components!
    INFO   loginapp-1 20276 9000  [2018-10-30 01:01:24 146] - Loginapp::onDbmgrInitCompleted:startGlobalOrder=3, startGroupOrder=1, digest=7F4FC8296AD553545CD95B23EFF6238F.
    INFO   loginapp01 20276 9000  [2018-10-30 01:01:25 350] - HTTPCBHandler::bind: 192.168.0.107:21103
 WARNING   loginapp01 20276 9000  [2018-10-30 01:01:25 350] - e:\kbengine\kbe\src\lib\network\event_dispatcher.cpp:153: Profile callSystemTimers took 1.20 seconds
    INFO   loginapp01 20276 9000  [2018-10-30 01:01:26 065] - Loginapp::onBaseappInitProgress: progress=1.
    INFO   loginapp-1 20874 9000  [2018-10-30 01:04:07 456] - -----------------------------------------------------------------------------------------


    INFO   loginapp-1 20874 9000  [2018-10-30 01:04:07 456] - Resmgr::initialize: KBE_ROOT=E:/kbengine/
    INFO   loginapp-1 20874 9000  [2018-10-30 01:04:07 456] - Resmgr::initialize: KBE_RES_PATH=E:/kbengine/kbe/res/;E:/kbengine/assets/;E:/kbengine/assets/scripts/;E:/kbengine/assets/res/
    INFO   loginapp-1 20874 9000  [2018-10-30 01:04:07 456] - Resmgr::initialize: KBE_BIN_PATH=E:/kbengine/kbe/bin/server/
    INFO   loginapp-1 20874 9000  [2018-10-30 01:04:07 457] - NetworkInterface::initialize(EXTERNAL): Creating on interface '192.168.0.107' (= 192.168.0.107)
    INFO   loginapp-1 20874 9000  [2018-10-30 01:04:07 457] - NetworkInterface::initialize(EXTERNAL): address 192.168.0.107:20013, SOMAXCONN=128.
    INFO   loginapp-1 20874 9000  [2018-10-30 01:04:07 458] - NetworkInterface::initialize(INTERNAL): bound to all interfaces with default route interface on 192.168.0.107 ( 192.168.0.107:50332 )
    INFO   loginapp-1 20874 9000  [2018-10-30 01:04:07 459] - NetworkInterface::initialize(INTERNAL): address 192.168.0.107:50332, SOMAXCONN=128.
    INFO   loginapp-1 20874 9000  [2018-10-30 01:04:07 459] - server-configs:
    INFO   loginapp-1 20874 9000  [2018-10-30 01:04:07 459] - 	internalAddr : 192.168.0.107:50332
    INFO   loginapp-1 20874 9000  [2018-10-30 01:04:07 459] - 	externalAddr : 192.168.0.107:20013
    INFO   loginapp-1 20874 9000  [2018-10-30 01:04:07 459] - 	externalCustomAddr : 192.168.0.107
    INFO   loginapp-1 20874 9000  [2018-10-30 01:04:07 459] - 	componentID : 9000
 WARNING   loginapp-1 20874 9000  [2018-10-30 01:04:07 950] - BundleBroadcast::BundleBroadcast: Cannot bind to port 20733, errorno=10048
    INFO   loginapp-1 20874 9000  [2018-10-30 01:04:07 956] - ---- loginapp Version: 2.0.0. ScriptVersion: 0.1.0. Protocol: B20F257E332779D9E1EA7D34638E6146. Config: Debug X86. Built: 15:53:07 Apr 29 2018. AppID: 9000. UID: 20874. PID: 9580 ----
    INFO   loginapp-1 20874 9000  [2018-10-30 01:04:07 957] - Server : Intel(R) Xeon(R) CPU E3-1230 v3 @ 3.30GHz with 4194303kB RAM
    INFO   loginapp-1 20874 9000  [2018-10-30 01:04:07 957] - ThreadPool::createThreadPool: creating  threadpool...
    INFO   loginapp-1 20874 9000  [2018-10-30 01:04:07 958] - ThreadPool::createThreadPool: successfully(2), newThreadCount=1, normalMaxThreadCount=2, maxThreadCount=8
   DEBUG   loginapp-1 20874 9000  [2018-10-30 01:04:08 084] - Script::install_py_dlls(): PyInit_pyexpat
   DEBUG   loginapp-1 20874 9000  [2018-10-30 01:04:08 084] - Script::install_py_dlls(): PyInit__socket
   DEBUG   loginapp-1 20874 9000  [2018-10-30 01:04:08 085] - Script::install_py_dlls(): PyInit__ssl
   DEBUG   loginapp-1 20874 9000  [2018-10-30 01:04:08 088] - Script::install_py_dlls(): PyInit__hashlib
   DEBUG   loginapp-1 20874 9000  [2018-10-30 01:04:08 088] - Script::install_py_dlls(): PyInit_select
   DEBUG   loginapp-1 20874 9000  [2018-10-30 01:04:08 088] - Script::install_py_dlls(): PyInit__ctypes
   DEBUG   loginapp-1 20874 9000  [2018-10-30 01:04:08 088] - Script::install_py_dlls(): PyInit__elementtree
   DEBUG   loginapp-1 20874 9000  [2018-10-30 01:04:08 115] - Script::install_py_dlls(): PyInit_unicodedata
    INFO   loginapp-1 20874 9000  [2018-10-30 01:04:08 143] - Script::install(): is successfully, Python=(3.4.2 (default, Apr 29 2018, 15:53:05) [MSC v.1913 32 bit (Intel)])!
    INFO   loginapp-1 20874 9000  [2018-10-30 01:04:08 143] - Script::install(): KBExtra is successfully!
  S_INFO   loginapp-1 20874 9000  [2018-10-30 01:04:08 144] - onLoginAppReady: bootstrapGroupIndex=0, bootstrapGlobalIndex=0
    INFO   loginapp-1 20874 9000  [2018-10-30 01:04:08 145] - TelnetServer server is running on port 31000
    INFO   loginapp-1 20874 9000  [2018-10-30 01:04:08 411] - ---- loginapp is running ----
   DEBUG   loginapp-1 20874 9000  [2018-10-30 01:04:08 411] - Components::process(): Request for the process of identity...
    INFO   loginapp-1 20874 9000  [2018-10-30 01:04:15 527] - Components::findComponents: find logger(1)...
    INFO   loginapp-1 20874 9000  [2018-10-30 01:04:15 544] - Components::findComponents: found logger, addr:192.168.0.107:50327
    INFO   loginapp-1 20874 9000  [2018-10-30 01:04:15 544] - Components::addComponent: reset orderLog, uid=20874!
    INFO   loginapp-1 20874 9000  [2018-10-30 01:04:15 545] - Components::addComponent[logger], uid=20874, componentID=2000, globalorderid=1, grouporderid=1, totalcount=1
    INFO   loginapp-1 20874 9000  [2018-10-30 01:04:15 547] - Components::findComponents: find dbmgr(2)...
    INFO   loginapp-1 20874 9000  [2018-10-30 01:04:15 649] - Components::findComponents: found dbmgr, addr:192.168.0.107:50331
    INFO   loginapp-1 20874 9000  [2018-10-30 01:04:15 649] - Components::addComponent: reset orderLog, uid=20874!
    INFO   loginapp-1 20874 9000  [2018-10-30 01:04:15 649] - Components::addComponent[dbmgr], uid=20874, componentID=4000, globalorderid=1, grouporderid=1, totalcount=1
    INFO   loginapp-1 20874 9000  [2018-10-30 01:04:15 649] - Components::findComponents: found dbmgr, addr:192.168.0.107:50331
    INFO   loginapp-1 20874 9000  [2018-10-30 01:04:17 658] - Components::findComponents: find baseappmgr(1)...
    INFO   loginapp-1 20874 9000  [2018-10-30 01:04:17 683] - Components::findComponents: found baseappmgr, addr:192.168.0.107:50330
    INFO   loginapp-1 20874 9000  [2018-10-30 01:04:17 684] - Components::addComponent[baseappmgr], uid=20874, componentID=5000, globalorderid=2, grouporderid=1, totalcount=1
    INFO   loginapp-1 20874 9000  [2018-10-30 01:04:17 685] - Components::findComponents: found baseappmgr, addr:192.168.0.107:50330
    INFO   loginapp-1 20874 9000  [2018-10-30 01:04:19 745] - Components::findComponents: register self to dbmgr...
    INFO   loginapp-1 20874 9000  [2018-10-30 01:04:19 758] - Components::findComponents: register self to baseappmgr...
    INFO   loginapp-1 20874 9000  [2018-10-30 01:04:19 765] - Components::process(): Found all the components!
    INFO   loginapp-1 20874 9000  [2018-10-30 01:04:22 805] - Loginapp::onDbmgrInitCompleted:startGlobalOrder=3, startGroupOrder=1, digest=7F4FC8296AD553545CD95B23EFF6238F.
    INFO   loginapp01 20874 9000  [2018-10-30 01:04:24 009] - HTTPCBHandler::bind: 192.168.0.107:21103
 WARNING   loginapp01 20874 9000  [2018-10-30 01:04:24 009] - e:\kbengine\kbe\src\lib\network\event_dispatcher.cpp:153: Profile callSystemTimers took 1.20 seconds
    INFO   loginapp01 20874 9000  [2018-10-30 01:04:29 165] - Loginapp::onBaseappInitProgress: progress=1.
    INFO   loginapp-1 21439 9000  [2018-10-30 01:07:00 970] - -----------------------------------------------------------------------------------------


    INFO   loginapp-1 21439 9000  [2018-10-30 01:07:00 971] - Resmgr::initialize: KBE_ROOT=E:/kbengine/
    INFO   loginapp-1 21439 9000  [2018-10-30 01:07:00 971] - Resmgr::initialize: KBE_RES_PATH=E:/kbengine/kbe/res/;E:/kbengine/assets/;E:/kbengine/assets/scripts/;E:/kbengine/assets/res/
    INFO   loginapp-1 21439 9000  [2018-10-30 01:07:00 971] - Resmgr::initialize: KBE_BIN_PATH=E:/kbengine/kbe/bin/server/
    INFO   loginapp-1 21439 9000  [2018-10-30 01:07:00 972] - NetworkInterface::initialize(EXTERNAL): Creating on interface '192.168.0.107' (= 192.168.0.107)
    INFO   loginapp-1 21439 9000  [2018-10-30 01:07:00 972] - NetworkInterface::initialize(EXTERNAL): address 192.168.0.107:20013, SOMAXCONN=128.
    INFO   loginapp-1 21439 9000  [2018-10-30 01:07:00 973] - NetworkInterface::initialize(INTERNAL): bound to all interfaces with default route interface on 192.168.0.107 ( 192.168.0.107:50409 )
    INFO   loginapp-1 21439 9000  [2018-10-30 01:07:00 973] - NetworkInterface::initialize(INTERNAL): address 192.168.0.107:50409, SOMAXCONN=128.
    INFO   loginapp-1 21439 9000  [2018-10-30 01:07:00 973] - server-configs:
    INFO   loginapp-1 21439 9000  [2018-10-30 01:07:00 973] - 	internalAddr : 192.168.0.107:50409
    INFO   loginapp-1 21439 9000  [2018-10-30 01:07:00 973] - 	externalAddr : 192.168.0.107:20013
    INFO   loginapp-1 21439 9000  [2018-10-30 01:07:00 974] - 	externalCustomAddr : 171.88.53.16
    INFO   loginapp-1 21439 9000  [2018-10-30 01:07:00 974] - 	componentID : 9000
    INFO   loginapp-1 21439 9000  [2018-10-30 01:07:02 659] - ---- loginapp Version: 2.0.0. ScriptVersion: 0.1.0. Protocol: B20F257E332779D9E1EA7D34638E6146. Config: Debug X86. Built: 15:53:07 Apr 29 2018. AppID: 9000. UID: 21439. PID: 10172 ----
    INFO   loginapp-1 21439 9000  [2018-10-30 01:07:02 660] - Server : Intel(R) Xeon(R) CPU E3-1230 v3 @ 3.30GHz with 4194303kB RAM
    INFO   loginapp-1 21439 9000  [2018-10-30 01:07:02 660] - ThreadPool::createThreadPool: creating  threadpool...
    INFO   loginapp-1 21439 9000  [2018-10-30 01:07:02 660] - ThreadPool::createThreadPool: successfully(2), newThreadCount=1, normalMaxThreadCount=2, maxThreadCount=8
   DEBUG   loginapp-1 21439 9000  [2018-10-30 01:07:02 782] - Script::install_py_dlls(): PyInit_pyexpat
   DEBUG   loginapp-1 21439 9000  [2018-10-30 01:07:02 782] - Script::install_py_dlls(): PyInit__socket
   DEBUG   loginapp-1 21439 9000  [2018-10-30 01:07:02 782] - Script::install_py_dlls(): PyInit__ssl
   DEBUG   loginapp-1 21439 9000  [2018-10-30 01:07:02 785] - Script::install_py_dlls(): PyInit__hashlib
   DEBUG   loginapp-1 21439 9000  [2018-10-30 01:07:02 786] - Script::install_py_dlls(): PyInit_select
   DEBUG   loginapp-1 21439 9000  [2018-10-30 01:07:02 786] - Script::install_py_dlls(): PyInit__ctypes
   DEBUG   loginapp-1 21439 9000  [2018-10-30 01:07:02 786] - Script::install_py_dlls(): PyInit__elementtree
   DEBUG   loginapp-1 21439 9000  [2018-10-30 01:07:02 813] - Script::install_py_dlls(): PyInit_unicodedata
    INFO   loginapp-1 21439 9000  [2018-10-30 01:07:02 841] - Script::install(): is successfully, Python=(3.4.2 (default, Apr 29 2018, 15:53:05) [MSC v.1913 32 bit (Intel)])!
    INFO   loginapp-1 21439 9000  [2018-10-30 01:07:02 841] - Script::install(): KBExtra is successfully!
  S_INFO   loginapp-1 21439 9000  [2018-10-30 01:07:02 843] - onLoginAppReady: bootstrapGroupIndex=0, bootstrapGlobalIndex=0
    INFO   loginapp-1 21439 9000  [2018-10-30 01:07:02 843] - TelnetServer server is running on port 31000
    INFO   loginapp-1 21439 9000  [2018-10-30 01:07:03 118] - ---- loginapp is running ----
   DEBUG   loginapp-1 21439 9000  [2018-10-30 01:07:03 119] - Components::process(): Request for the process of identity...
    INFO   loginapp-1 21439 9000  [2018-10-30 01:07:10 225] - Components::findComponents: find logger(1)...
    INFO   loginapp-1 21439 9000  [2018-10-30 01:07:10 264] - Components::findComponents: found logger, addr:192.168.0.107:50405
    INFO   loginapp-1 21439 9000  [2018-10-30 01:07:10 264] - Components::addComponent: reset orderLog, uid=21439!
    INFO   loginapp-1 21439 9000  [2018-10-30 01:07:10 265] - Components::addComponent[logger], uid=21439, componentID=2000, globalorderid=1, grouporderid=1, totalcount=1
    INFO   loginapp-1 21439 9000  [2018-10-30 01:07:10 267] - Components::findComponents: find dbmgr(2)...
    INFO   loginapp-1 21439 9000  [2018-10-30 01:07:10 368] - Components::findComponents: found dbmgr, addr:192.168.0.107:50403
    INFO   loginapp-1 21439 9000  [2018-10-30 01:07:10 369] - Components::addComponent: reset orderLog, uid=21439!
    INFO   loginapp-1 21439 9000  [2018-10-30 01:07:10 370] - Components::addComponent[dbmgr], uid=21439, componentID=4000, globalorderid=1, grouporderid=1, totalcount=1
    INFO   loginapp-1 21439 9000  [2018-10-30 01:07:10 370] - Components::findComponents: found dbmgr, addr:192.168.0.107:50403
    INFO   loginapp-1 21439 9000  [2018-10-30 01:07:12 372] - Components::findComponents: find baseappmgr(1)...
    INFO   loginapp-1 21439 9000  [2018-10-30 01:07:12 400] - Components::findComponents: found baseappmgr, addr:192.168.0.107:50406
    INFO   loginapp-1 21439 9000  [2018-10-30 01:07:12 400] - Components::addComponent[baseappmgr], uid=21439, componentID=5000, globalorderid=2, grouporderid=1, totalcount=1
    INFO   loginapp-1 21439 9000  [2018-10-30 01:07:12 401] - Components::findComponents: found baseappmgr, addr:192.168.0.107:50406
    INFO   loginapp-1 21439 9000  [2018-10-30 01:07:14 444] - Components::findComponents: register self to dbmgr...
    INFO   loginapp-1 21439 9000  [2018-10-30 01:07:14 464] - Components::findComponents: register self to baseappmgr...
    INFO   loginapp-1 21439 9000  [2018-10-30 01:07:14 471] - Components::process(): Found all the components!
    INFO   loginapp-1 21439 9000  [2018-10-30 01:07:19 884] - Loginapp::onDbmgrInitCompleted:startGlobalOrder=3, startGroupOrder=1, digest=7F4FC8296AD553545CD95B23EFF6238F.
 WARNING   loginapp01 21439 9000  [2018-10-30 01:07:20 194] - BundleBroadcast::BundleBroadcast: Cannot bind to port 20148, errorno=10048
    INFO   loginapp01 21439 9000  [2018-10-30 01:07:21 408] - HTTPCBHandler::bind: 192.168.0.107:21103
 WARNING   loginapp01 21439 9000  [2018-10-30 01:07:21 408] - e:\kbengine\kbe\src\lib\network\event_dispatcher.cpp:153: Profile callSystemTimers took 1.52 seconds
    INFO   loginapp01 21439 9000  [2018-10-30 01:07:22 163] - Loginapp::onBaseappInitProgress: progress=1.
    INFO   loginapp-1 23333 9000  [2018-10-30 01:16:40 666] - -----------------------------------------------------------------------------------------


    INFO   loginapp-1 23333 9000  [2018-10-30 01:16:40 666] - Resmgr::initialize: KBE_ROOT=E:/kbengine/
    INFO   loginapp-1 23333 9000  [2018-10-30 01:16:40 666] - Resmgr::initialize: KBE_RES_PATH=E:/kbengine/kbe/res/;E:/kbengine/assets/;E:/kbengine/assets/scripts/;E:/kbengine/assets/res/
    INFO   loginapp-1 23333 9000  [2018-10-30 01:16:40 666] - Resmgr::initialize: KBE_BIN_PATH=E:/kbengine/kbe/bin/server/
    INFO   loginapp-1 23333 9000  [2018-10-30 01:16:40 670] - NetworkInterface::initialize(EXTERNAL): Creating on interface '127.0.0.1' (= 127.0.0.1)
    INFO   loginapp-1 23333 9000  [2018-10-30 01:16:40 670] - NetworkInterface::initialize(EXTERNAL): address 127.0.0.1:20013, SOMAXCONN=128.
    INFO   loginapp-1 23333 9000  [2018-10-30 01:16:40 675] - NetworkInterface::initialize(INTERNAL): bound to all interfaces with default route interface on 192.168.0.107 ( 192.168.0.107:52661 )
    INFO   loginapp-1 23333 9000  [2018-10-30 01:16:40 675] - NetworkInterface::initialize(INTERNAL): address 192.168.0.107:52661, SOMAXCONN=128.
    INFO   loginapp-1 23333 9000  [2018-10-30 01:16:40 675] - server-configs:
    INFO   loginapp-1 23333 9000  [2018-10-30 01:16:40 675] - 	internalAddr : 192.168.0.107:52661
    INFO   loginapp-1 23333 9000  [2018-10-30 01:16:40 675] - 	externalAddr : 127.0.0.1:20013
    INFO   loginapp-1 23333 9000  [2018-10-30 01:16:40 675] - 	externalCustomAddr : 171.88.53.16
    INFO   loginapp-1 23333 9000  [2018-10-30 01:16:40 676] - 	componentID : 9000
 WARNING   loginapp-1 23333 9000  [2018-10-30 01:16:41 193] - BundleBroadcast::BundleBroadcast: Cannot bind to port 20114, errorno=10048
    INFO   loginapp-1 23333 9000  [2018-10-30 01:16:41 197] - ---- loginapp Version: 2.0.0. ScriptVersion: 0.1.0. Protocol: B20F257E332779D9E1EA7D34638E6146. Config: Debug X86. Built: 15:53:07 Apr 29 2018. AppID: 9000. UID: 23333. PID: 7644 ----
    INFO   loginapp-1 23333 9000  [2018-10-30 01:16:41 197] - Server : Intel(R) Xeon(R) CPU E3-1230 v3 @ 3.30GHz with 4194303kB RAM
    INFO   loginapp-1 23333 9000  [2018-10-30 01:16:41 197] - ThreadPool::createThreadPool: creating  threadpool...
    INFO   loginapp-1 23333 9000  [2018-10-30 01:16:41 198] - ThreadPool::createThreadPool: successfully(2), newThreadCount=1, normalMaxThreadCount=2, maxThreadCount=8
   DEBUG   loginapp-1 23333 9000  [2018-10-30 01:16:41 323] - Script::install_py_dlls(): PyInit_pyexpat
   DEBUG   loginapp-1 23333 9000  [2018-10-30 01:16:41 323] - Script::install_py_dlls(): PyInit__socket
   DEBUG   loginapp-1 23333 9000  [2018-10-30 01:16:41 323] - Script::install_py_dlls(): PyInit__ssl
   DEBUG   loginapp-1 23333 9000  [2018-10-30 01:16:41 326] - Script::install_py_dlls(): PyInit__hashlib
   DEBUG   loginapp-1 23333 9000  [2018-10-30 01:16:41 326] - Script::install_py_dlls(): PyInit_select
   DEBUG   loginapp-1 23333 9000  [2018-10-30 01:16:41 326] - Script::install_py_dlls(): PyInit__ctypes
   DEBUG   loginapp-1 23333 9000  [2018-10-30 01:16:41 327] - Script::install_py_dlls(): PyInit__elementtree
   DEBUG   loginapp-1 23333 9000  [2018-10-30 01:16:41 354] - Script::install_py_dlls(): PyInit_unicodedata
    INFO   loginapp-1 23333 9000  [2018-10-30 01:16:41 384] - Script::install(): is successfully, Python=(3.4.2 (default, Apr 29 2018, 15:53:05) [MSC v.1913 32 bit (Intel)])!
    INFO   loginapp-1 23333 9000  [2018-10-30 01:16:41 384] - Script::install(): KBExtra is successfully!
  S_INFO   loginapp-1 23333 9000  [2018-10-30 01:16:41 386] - onLoginAppReady: bootstrapGroupIndex=0, bootstrapGlobalIndex=0
    INFO   loginapp-1 23333 9000  [2018-10-30 01:16:41 386] - TelnetServer server is running on port 31000
    INFO   loginapp-1 23333 9000  [2018-10-30 01:16:41 653] - ---- loginapp is running ----
   DEBUG   loginapp-1 23333 9000  [2018-10-30 01:16:41 653] - Components::process(): Request for the process of identity...
    INFO   loginapp-1 23333 9000  [2018-10-30 01:16:48 747] - Components::findComponents: find logger(1)...
    INFO   loginapp-1 23333 9000  [2018-10-30 01:16:48 769] - Components::findComponents: found logger, addr:192.168.0.107:52658
    INFO   loginapp-1 23333 9000  [2018-10-30 01:16:48 769] - Components::addComponent: reset orderLog, uid=23333!
    INFO   loginapp-1 23333 9000  [2018-10-30 01:16:48 769] - Components::addComponent[logger], uid=23333, componentID=2000, globalorderid=1, grouporderid=1, totalcount=1
    INFO   loginapp-1 23333 9000  [2018-10-30 01:16:48 770] - Components::findComponents: find dbmgr(2)...
    INFO   loginapp-1 23333 9000  [2018-10-30 01:16:48 876] - Components::findComponents: found dbmgr, addr:192.168.0.107:52656
    INFO   loginapp-1 23333 9000  [2018-10-30 01:16:48 877] - Components::addComponent: reset orderLog, uid=23333!
    INFO   loginapp-1 23333 9000  [2018-10-30 01:16:48 877] - Components::addComponent[dbmgr], uid=23333, componentID=4000, globalorderid=1, grouporderid=1, totalcount=1
    INFO   loginapp-1 23333 9000  [2018-10-30 01:16:48 878] - Components::findComponents: found dbmgr, addr:192.168.0.107:52656
    INFO   loginapp-1 23333 9000  [2018-10-30 01:16:50 887] - Components::findComponents: find baseappmgr(1)...
    INFO   loginapp-1 23333 9000  [2018-10-30 01:16:50 902] - Components::findComponents: found baseappmgr, addr:192.168.0.107:52659
    INFO   loginapp-1 23333 9000  [2018-10-30 01:16:50 902] - Components::addComponent[baseappmgr], uid=23333, componentID=5000, globalorderid=2, grouporderid=1, totalcount=1
    INFO   loginapp-1 23333 9000  [2018-10-30 01:16:50 903] - Components::findComponents: found baseappmgr, addr:192.168.0.107:52659
    INFO   loginapp-1 23333 9000  [2018-10-30 01:16:52 947] - Components::findComponents: register self to dbmgr...
    INFO   loginapp-1 23333 9000  [2018-10-30 01:16:52 967] - Components::findComponents: register self to baseappmgr...
    INFO   loginapp-1 23333 9000  [2018-10-30 01:16:52 969] - Components::process(): Found all the components!
    INFO   loginapp-1 23333 9000  [2018-10-30 01:16:59 507] - Loginapp::onDbmgrInitCompleted:startGlobalOrder=2, startGroupOrder=1, digest=7F4FC8296AD553545CD95B23EFF6238F.
    INFO   loginapp01 23333 9000  [2018-10-30 01:17:00 711] - HTTPCBHandler::bind: 127.0.0.1:21103
 WARNING   loginapp01 23333 9000  [2018-10-30 01:17:00 711] - e:\kbengine\kbe\src\lib\network\event_dispatcher.cpp:153: Profile callSystemTimers took 1.20 seconds
    INFO   loginapp01 23333 9000  [2018-10-30 01:17:01 686] - Loginapp::onBaseappInitProgress: progress=1.
    INFO   loginapp-1 23578 9000  [2018-10-30 01:17:56 218] - -----------------------------------------------------------------------------------------


    INFO   loginapp-1 23578 9000  [2018-10-30 01:17:56 219] - Resmgr::initialize: KBE_ROOT=E:/kbengine/
    INFO   loginapp-1 23578 9000  [2018-10-30 01:17:56 219] - Resmgr::initialize: KBE_RES_PATH=E:/kbengine/kbe/res/;E:/kbengine/assets/;E:/kbengine/assets/scripts/;E:/kbengine/assets/res/
    INFO   loginapp-1 23578 9000  [2018-10-30 01:17:56 219] - Resmgr::initialize: KBE_BIN_PATH=E:/kbengine/kbe/bin/server/
    INFO   loginapp-1 23578 9000  [2018-10-30 01:17:56 221] - NetworkInterface::initialize(EXTERNAL): bound to all interfaces with default route interface on 192.168.0.107 ( 192.168.0.107:20013 )
    INFO   loginapp-1 23578 9000  [2018-10-30 01:17:56 221] - NetworkInterface::initialize(EXTERNAL): address 192.168.0.107:20013, SOMAXCONN=128.
    INFO   loginapp-1 23578 9000  [2018-10-30 01:17:56 222] - NetworkInterface::initialize(INTERNAL): bound to all interfaces with default route interface on 192.168.0.107 ( 192.168.0.107:52710 )
    INFO   loginapp-1 23578 9000  [2018-10-30 01:17:56 222] - NetworkInterface::initialize(INTERNAL): address 192.168.0.107:52710, SOMAXCONN=128.
    INFO   loginapp-1 23578 9000  [2018-10-30 01:17:56 222] - server-configs:
    INFO   loginapp-1 23578 9000  [2018-10-30 01:17:56 222] - 	internalAddr : 192.168.0.107:52710
    INFO   loginapp-1 23578 9000  [2018-10-30 01:17:56 222] - 	externalAddr : 192.168.0.107:20013
    INFO   loginapp-1 23578 9000  [2018-10-30 01:17:56 223] - 	externalCustomAddr : 192.168.0.107
    INFO   loginapp-1 23578 9000  [2018-10-30 01:17:56 223] - 	componentID : 9000
    INFO   loginapp-1 23578 9000  [2018-10-30 01:17:57 901] - ---- loginapp Version: 2.0.0. ScriptVersion: 0.1.0. Protocol: B20F257E332779D9E1EA7D34638E6146. Config: Debug X86. Built: 15:53:07 Apr 29 2018. AppID: 9000. UID: 23578. PID: 10272 ----
    INFO   loginapp-1 23578 9000  [2018-10-30 01:17:57 901] - Server : Intel(R) Xeon(R) CPU E3-1230 v3 @ 3.30GHz with 4194303kB RAM
    INFO   loginapp-1 23578 9000  [2018-10-30 01:17:57 901] - ThreadPool::createThreadPool: creating  threadpool...
    INFO   loginapp-1 23578 9000  [2018-10-30 01:17:57 902] - ThreadPool::createThreadPool: successfully(2), newThreadCount=1, normalMaxThreadCount=2, maxThreadCount=8
   DEBUG   loginapp-1 23578 9000  [2018-10-30 01:17:58 024] - Script::install_py_dlls(): PyInit_pyexpat
   DEBUG   loginapp-1 23578 9000  [2018-10-30 01:17:58 025] - Script::install_py_dlls(): PyInit__socket
   DEBUG   loginapp-1 23578 9000  [2018-10-30 01:17:58 025] - Script::install_py_dlls(): PyInit__ssl
   DEBUG   loginapp-1 23578 9000  [2018-10-30 01:17:58 028] - Script::install_py_dlls(): PyInit__hashlib
   DEBUG   loginapp-1 23578 9000  [2018-10-30 01:17:58 028] - Script::install_py_dlls(): PyInit_select
   DEBUG   loginapp-1 23578 9000  [2018-10-30 01:17:58 028] - Script::install_py_dlls(): PyInit__ctypes
   DEBUG   loginapp-1 23578 9000  [2018-10-30 01:17:58 029] - Script::install_py_dlls(): PyInit__elementtree
   DEBUG   loginapp-1 23578 9000  [2018-10-30 01:17:58 056] - Script::install_py_dlls(): PyInit_unicodedata
    INFO   loginapp-1 23578 9000  [2018-10-30 01:17:58 090] - Script::install(): is successfully, Python=(3.4.2 (default, Apr 29 2018, 15:53:05) [MSC v.1913 32 bit (Intel)])!
    INFO   loginapp-1 23578 9000  [2018-10-30 01:17:58 090] - Script::install(): KBExtra is successfully!
  S_INFO   loginapp-1 23578 9000  [2018-10-30 01:17:58 092] - onLoginAppReady: bootstrapGroupIndex=0, bootstrapGlobalIndex=0
    INFO   loginapp-1 23578 9000  [2018-10-30 01:17:58 092] - TelnetServer server is running on port 31000
    INFO   loginapp-1 23578 9000  [2018-10-30 01:17:58 435] - ---- loginapp is running ----
   DEBUG   loginapp-1 23578 9000  [2018-10-30 01:17:58 435] - Components::process(): Request for the process of identity...
    INFO   loginapp-1 23578 9000  [2018-10-30 01:18:05 553] - Components::findComponents: find logger(1)...
    INFO   loginapp-1 23578 9000  [2018-10-30 01:18:05 635] - Components::findComponents: found logger, addr:192.168.0.107:52704
    INFO   loginapp-1 23578 9000  [2018-10-30 01:18:05 636] - Components::addComponent: reset orderLog, uid=23578!
    INFO   loginapp-1 23578 9000  [2018-10-30 01:18:05 636] - Components::addComponent[logger], uid=23578, componentID=2000, globalorderid=1, grouporderid=1, totalcount=1
    INFO   loginapp-1 23578 9000  [2018-10-30 01:18:05 638] - Components::findComponents: find dbmgr(2)...
    INFO   loginapp-1 23578 9000  [2018-10-30 01:18:05 738] - Components::findComponents: found dbmgr, addr:192.168.0.107:52705
    INFO   loginapp-1 23578 9000  [2018-10-30 01:18:05 738] - Components::addComponent: reset orderLog, uid=23578!
    INFO   loginapp-1 23578 9000  [2018-10-30 01:18:05 738] - Components::addComponent[dbmgr], uid=23578, componentID=4000, globalorderid=1, grouporderid=1, totalcount=1
    INFO   loginapp-1 23578 9000  [2018-10-30 01:18:05 739] - Components::findComponents: found dbmgr, addr:192.168.0.107:52705
    INFO   loginapp-1 23578 9000  [2018-10-30 01:18:07 752] - Components::findComponents: find baseappmgr(1)...
    INFO   loginapp-1 23578 9000  [2018-10-30 01:18:07 763] - Components::findComponents: found baseappmgr, addr:192.168.0.107:52707
    INFO   loginapp-1 23578 9000  [2018-10-30 01:18:07 763] - Components::addComponent[baseappmgr], uid=23578, componentID=5000, globalorderid=2, grouporderid=1, totalcount=1
    INFO   loginapp-1 23578 9000  [2018-10-30 01:18:07 764] - Components::findComponents: found baseappmgr, addr:192.168.0.107:52707
    INFO   loginapp-1 23578 9000  [2018-10-30 01:18:09 812] - Components::findComponents: register self to dbmgr...
    INFO   loginapp-1 23578 9000  [2018-10-30 01:18:09 819] - Components::findComponents: register self to baseappmgr...
    INFO   loginapp-1 23578 9000  [2018-10-30 01:18:09 831] - Components::process(): Found all the components!
    INFO   loginapp-1 23578 9000  [2018-10-30 01:18:15 432] - Loginapp::onDbmgrInitCompleted:startGlobalOrder=3, startGroupOrder=1, digest=7F4FC8296AD553545CD95B23EFF6238F.
 WARNING   loginapp01 23578 9000  [2018-10-30 01:18:15 742] - BundleBroadcast::BundleBroadcast: Cannot bind to port 20969, errorno=10048
    INFO   loginapp01 23578 9000  [2018-10-30 01:18:16 955] - HTTPCBHandler::bind: 192.168.0.107:21103
 WARNING   loginapp01 23578 9000  [2018-10-30 01:18:16 955] - e:\kbengine\kbe\src\lib\network\event_dispatcher.cpp:153: Profile callSystemTimers took 1.52 seconds
    INFO   loginapp01 23578 9000  [2018-10-30 01:18:17 332] - Loginapp::onBaseappInitProgress: progress=1.
    INFO   loginapp-1 23686 9000  [2018-10-30 01:18:28 879] - -----------------------------------------------------------------------------------------


    INFO   loginapp-1 23686 9000  [2018-10-30 01:18:28 880] - Resmgr::initialize: KBE_ROOT=E:/kbengine/
    INFO   loginapp-1 23686 9000  [2018-10-30 01:18:28 880] - Resmgr::initialize: KBE_RES_PATH=E:/kbengine/kbe/res/;E:/kbengine/assets/;E:/kbengine/assets/scripts/;E:/kbengine/assets/res/
    INFO   loginapp-1 23686 9000  [2018-10-30 01:18:28 880] - Resmgr::initialize: KBE_BIN_PATH=E:/kbengine/kbe/bin/server/
    INFO   loginapp-1 23686 9000  [2018-10-30 01:18:28 884] - NetworkInterface::initialize(EXTERNAL): bound to all interfaces with default route interface on 192.168.0.107 ( 192.168.0.107:20013 )
    INFO   loginapp-1 23686 9000  [2018-10-30 01:18:28 884] - NetworkInterface::initialize(EXTERNAL): address 192.168.0.107:20013, SOMAXCONN=128.
    INFO   loginapp-1 23686 9000  [2018-10-30 01:18:28 885] - NetworkInterface::initialize(INTERNAL): bound to all interfaces with default route interface on 192.168.0.107 ( 192.168.0.107:52750 )
    INFO   loginapp-1 23686 9000  [2018-10-30 01:18:28 885] - NetworkInterface::initialize(INTERNAL): address 192.168.0.107:52750, SOMAXCONN=128.
    INFO   loginapp-1 23686 9000  [2018-10-30 01:18:28 885] - server-configs:
    INFO   loginapp-1 23686 9000  [2018-10-30 01:18:28 886] - 	internalAddr : 192.168.0.107:52750
    INFO   loginapp-1 23686 9000  [2018-10-30 01:18:28 886] - 	externalAddr : 192.168.0.107:20013
    INFO   loginapp-1 23686 9000  [2018-10-30 01:18:28 886] - 	componentID : 9000
 WARNING   loginapp-1 23686 9000  [2018-10-30 01:18:29 381] - BundleBroadcast::BundleBroadcast: Cannot bind to port 20727, errorno=10048
    INFO   loginapp-1 23686 9000  [2018-10-30 01:18:29 386] - ---- loginapp Version: 2.0.0. ScriptVersion: 0.1.0. Protocol: B20F257E332779D9E1EA7D34638E6146. Config: Debug X86. Built: 15:53:07 Apr 29 2018. AppID: 9000. UID: 23686. PID: 10732 ----
    INFO   loginapp-1 23686 9000  [2018-10-30 01:18:29 386] - Server : Intel(R) Xeon(R) CPU E3-1230 v3 @ 3.30GHz with 4194303kB RAM
    INFO   loginapp-1 23686 9000  [2018-10-30 01:18:29 386] - ThreadPool::createThreadPool: creating  threadpool...
    INFO   loginapp-1 23686 9000  [2018-10-30 01:18:29 387] - ThreadPool::createThreadPool: successfully(2), newThreadCount=1, normalMaxThreadCount=2, maxThreadCount=8
   DEBUG   loginapp-1 23686 9000  [2018-10-30 01:18:29 509] - Script::install_py_dlls(): PyInit_pyexpat
   DEBUG   loginapp-1 23686 9000  [2018-10-30 01:18:29 509] - Script::install_py_dlls(): PyInit__socket
   DEBUG   loginapp-1 23686 9000  [2018-10-30 01:18:29 509] - Script::install_py_dlls(): PyInit__ssl
   DEBUG   loginapp-1 23686 9000  [2018-10-30 01:18:29 512] - Script::install_py_dlls(): PyInit__hashlib
   DEBUG   loginapp-1 23686 9000  [2018-10-30 01:18:29 512] - Script::install_py_dlls(): PyInit_select
   DEBUG   loginapp-1 23686 9000  [2018-10-30 01:18:29 513] - Script::install_py_dlls(): PyInit__ctypes
   DEBUG   loginapp-1 23686 9000  [2018-10-30 01:18:29 513] - Script::install_py_dlls(): PyInit__elementtree
   DEBUG   loginapp-1 23686 9000  [2018-10-30 01:18:29 541] - Script::install_py_dlls(): PyInit_unicodedata
    INFO   loginapp-1 23686 9000  [2018-10-30 01:18:29 578] - Script::install(): is successfully, Python=(3.4.2 (default, Apr 29 2018, 15:53:05) [MSC v.1913 32 bit (Intel)])!
    INFO   loginapp-1 23686 9000  [2018-10-30 01:18:29 578] - Script::install(): KBExtra is successfully!
  S_INFO   loginapp-1 23686 9000  [2018-10-30 01:18:29 581] - onLoginAppReady: bootstrapGroupIndex=0, bootstrapGlobalIndex=0
    INFO   loginapp-1 23686 9000  [2018-10-30 01:18:29 581] - TelnetServer server is running on port 31000
    INFO   loginapp-1 23686 9000  [2018-10-30 01:18:29 851] - ---- loginapp is running ----
   DEBUG   loginapp-1 23686 9000  [2018-10-30 01:18:29 851] - Components::process(): Request for the process of identity...
    INFO   loginapp-1 23686 9000  [2018-10-30 01:18:36 963] - Components::findComponents: find logger(1)...
    INFO   loginapp-1 23686 9000  [2018-10-30 01:18:37 021] - Components::findComponents: found logger, addr:192.168.0.107:52743
    INFO   loginapp-1 23686 9000  [2018-10-30 01:18:37 021] - Components::addComponent: reset orderLog, uid=23686!
    INFO   loginapp-1 23686 9000  [2018-10-30 01:18:37 022] - Components::addComponent[logger], uid=23686, componentID=2000, globalorderid=1, grouporderid=1, totalcount=1
    INFO   loginapp-1 23686 9000  [2018-10-30 01:18:37 024] - Components::findComponents: find dbmgr(2)...
    INFO   loginapp-1 23686 9000  [2018-10-30 01:18:37 129] - Components::findComponents: found dbmgr, addr:192.168.0.107:52745
    INFO   loginapp-1 23686 9000  [2018-10-30 01:18:37 129] - Components::addComponent: reset orderLog, uid=23686!
    INFO   loginapp-1 23686 9000  [2018-10-30 01:18:37 129] - Components::addComponent[dbmgr], uid=23686, componentID=4000, globalorderid=1, grouporderid=1, totalcount=1
    INFO   loginapp-1 23686 9000  [2018-10-30 01:18:37 130] - Components::findComponents: found dbmgr, addr:192.168.0.107:52745
    INFO   loginapp-1 23686 9000  [2018-10-30 01:18:39 142] - Components::findComponents: find baseappmgr(1)...
 WARNING   loginapp-1 23686 9000  [2018-10-30 01:18:39 452] - BundleBroadcast::BundleBroadcast: Cannot bind to port 20866, errorno=10048
    INFO   loginapp-1 23686 9000  [2018-10-30 01:18:40 462] - Components::findComponents: find baseappmgr(2)...
    INFO   loginapp-1 23686 9000  [2018-10-30 01:18:40 565] - Components::findComponents: found baseappmgr, addr:192.168.0.107:52746
    INFO   loginapp-1 23686 9000  [2018-10-30 01:18:40 565] - Components::addComponent[baseappmgr], uid=23686, componentID=5000, globalorderid=2, grouporderid=1, totalcount=1
    INFO   loginapp-1 23686 9000  [2018-10-30 01:18:40 567] - Components::findComponents: found baseappmgr, addr:192.168.0.107:52746
    INFO   loginapp-1 23686 9000  [2018-10-30 01:18:42 582] - Components::findComponents: register self to dbmgr...
    INFO   loginapp-1 23686 9000  [2018-10-30 01:18:42 601] - Components::findComponents: register self to baseappmgr...
    INFO   loginapp-1 23686 9000  [2018-10-30 01:18:42 620] - Components::process(): Found all the components!
    INFO   loginapp-1 23686 9000  [2018-10-30 01:18:49 122] - Loginapp::onDbmgrInitCompleted:startGlobalOrder=3, startGroupOrder=1, digest=7F4FC8296AD553545CD95B23EFF6238F.
    INFO   loginapp01 23686 9000  [2018-10-30 01:18:50 326] - HTTPCBHandler::bind: 192.168.0.107:21103
 WARNING   loginapp01 23686 9000  [2018-10-30 01:18:50 326] - e:\kbengine\kbe\src\lib\network\event_dispatcher.cpp:153: Profile callSystemTimers took 1.20 seconds
    INFO   loginapp01 23686 9000  [2018-10-30 01:18:51 082] - Loginapp::onBaseappInitProgress: progress=1.
