    INFO    cellapp-1 8476 8001  [2018-07-21 10:11:45 968] - -----------------------------------------------------------------------------------------


    INFO    cellapp-1 8476 8001  [2018-07-21 10:11:47 553] - Resmgr::initialize: KBE_ROOT=E:/kbengine/
    INFO    cellapp-1 8476 8001  [2018-07-21 10:11:47 554] - Resmgr::initialize: KBE_RES_PATH=E:/kbengine/kbe/res/;E:/kbengine/assets/;E:/kbengine/assets/scripts/;E:/kbengine/assets/res/
    INFO    cellapp-1 8476 8001  [2018-07-21 10:11:47 554] - Resmgr::initialize: KBE_BIN_PATH=E:/kbengine/kbe/bin/server/
    INFO    cellapp-1 8476 8001  [2018-07-21 10:11:48 045] - NetworkInterface::initialize(INTERNAL): bound to all interfaces with default route interface on 192.168.0.106 ( 192.168.0.106:49781 )
    INFO    cellapp-1 8476 8001  [2018-07-21 10:11:48 057] - NetworkInterface::initialize(INTERNAL): address 192.168.0.106:49781, SOMAXCONN=5.
    INFO    cellapp-1 8476 8001  [2018-07-21 10:11:48 058] - server-configs:
    INFO    cellapp-1 8476 8001  [2018-07-21 10:11:48 058] - 	gameUpdateHertz : 10
    INFO    cellapp-1 8476 8001  [2018-07-21 10:11:48 108] - 	defaultViewRadius : 80
    INFO    cellapp-1 8476 8001  [2018-07-21 10:11:48 109] - 	defaultViewHysteresisArea : 5
    INFO    cellapp-1 8476 8001  [2018-07-21 10:11:48 109] - 	entryScriptFile : kbemain
    INFO    cellapp-1 8476 8001  [2018-07-21 10:11:48 109] - 	internalAddr : 192.168.0.106:49781
    INFO    cellapp-1 8476 8001  [2018-07-21 10:11:48 110] - 	componentID : 8001
 WARNING    cellapp-1 8476 8001  [2018-07-21 10:11:48 772] - BundleBroadcast::BundleBroadcast: Cannot bind to port 20625, errorno=10048
    INFO    cellapp-1 8476 8001  [2018-07-21 10:11:48 863] - ---- cellapp Version: 2.0.0. ScriptVersion: 0.1.0. Protocol: 85A70C5E64F896E0F1A60BF405B4EB07. Config: Debug X86. Built: 15:53:53 Apr 29 2018. AppID: 8001. UID: 8476. PID: 6536 ----
    INFO    cellapp-1 8476 8001  [2018-07-21 10:11:48 864] - Server : Intel(R) Xeon(R) CPU E3-1230 v3 @ 3.30GHz with 4194303kB RAM
    INFO    cellapp-1 8476 8001  [2018-07-21 10:11:48 941] - ThreadPool::createThreadPool: creating  threadpool...
    INFO    cellapp-1 8476 8001  [2018-07-21 10:11:48 966] - ThreadPool::createThreadPool: successfully(2), newThreadCount=1, normalMaxThreadCount=2, maxThreadCount=8
   DEBUG    cellapp-1 8476 8001  [2018-07-21 10:11:53 376] - Script::install_py_dlls(): PyInit_pyexpat
   DEBUG    cellapp-1 8476 8001  [2018-07-21 10:11:53 457] - Script::install_py_dlls(): PyInit__socket
   DEBUG    cellapp-1 8476 8001  [2018-07-21 10:11:53 596] - Script::install_py_dlls(): PyInit__ssl
   DEBUG    cellapp-1 8476 8001  [2018-07-21 10:11:54 274] - Script::install_py_dlls(): PyInit__hashlib
   DEBUG    cellapp-1 8476 8001  [2018-07-21 10:11:54 339] - Script::install_py_dlls(): PyInit_select
   DEBUG    cellapp-1 8476 8001  [2018-07-21 10:11:54 436] - Script::install_py_dlls(): PyInit__ctypes
   DEBUG    cellapp-1 8476 8001  [2018-07-21 10:11:54 494] - Script::install_py_dlls(): PyInit__elementtree
   DEBUG    cellapp-1 8476 8001  [2018-07-21 10:11:54 895] - Script::install_py_dlls(): PyInit_unicodedata
    INFO    cellapp-1 8476 8001  [2018-07-21 10:11:55 725] - Script::install(): is successfully, Python=(3.4.2 (default, Apr 29 2018, 15:53:05) [MSC v.1913 32 bit (Intel)])!
    INFO    cellapp-1 8476 8001  [2018-07-21 10:11:55 725] - Script::install(): KBExtra is successfully!
   DEBUG    cellapp-1 8476 8001  [2018-07-21 10:11:56 893] - loaded entity-script:Account(1).
   DEBUG    cellapp-1 8476 8001  [2018-07-21 10:11:57 100] - loaded entity-script:Room(4).
    INFO    cellapp-1 8476 8001  [2018-07-21 10:11:57 206] - TelnetServer server is running on port 50000
    INFO    cellapp-1 8476 8001  [2018-07-21 10:11:57 765] - ---- cellapp is running ----
   DEBUG    cellapp-1 8476 8001  [2018-07-21 10:11:57 772] - Components::process(): Request for the process of identity...
 WARNING    cellapp-1 8476 8001  [2018-07-21 10:11:58 083] - BundleBroadcast::BundleBroadcast: Cannot bind to port 20374, errorno=10048
 WARNING    cellapp-1 8476 8001  [2018-07-21 10:12:04 204] - EntityApp::checkTickPeriod: tick took 6437% (6.44 seconds)!
    INFO    cellapp-1 8476 8001  [2018-07-21 10:12:05 267] - Components::findComponents: find logger(1)...
    INFO    cellapp-1 8476 8001  [2018-07-21 10:12:05 345] - Components::findComponents: found logger, addr:192.168.0.106:49773
    INFO    cellapp-1 8476 8001  [2018-07-21 10:12:05 345] - Components::addComponent: reset orderLog, uid=8476!
    INFO    cellapp-1 8476 8001  [2018-07-21 10:12:05 346] - Components::addComponent[logger], uid=8476, componentID=2000, globalorderid=1, grouporderid=1, totalcount=1
    INFO    cellapp-1 8476 8001  [2018-07-21 10:12:05 370] - Components::findComponents: find dbmgr(2)...
    INFO    cellapp-1 8476 8001  [2018-07-21 10:12:05 448] - Components::findComponents: found dbmgr, addr:192.168.0.106:49775
    INFO    cellapp-1 8476 8001  [2018-07-21 10:12:05 448] - Components::addComponent: reset orderLog, uid=8476!
    INFO    cellapp-1 8476 8001  [2018-07-21 10:12:05 448] - Components::addComponent[dbmgr], uid=8476, componentID=4000, globalorderid=1, grouporderid=1, totalcount=1
    INFO    cellapp-1 8476 8001  [2018-07-21 10:12:05 448] - Components::findComponents: found dbmgr, addr:192.168.0.106:49775
 WARNING    cellapp-1 8476 8001  [2018-07-21 10:12:06 449] - EntityApp::checkTickPeriod: tick took 1282% (1.28 seconds)!
    INFO    cellapp-1 8476 8001  [2018-07-21 10:12:07 465] - Components::findComponents: find cellappmgr(1)...
    INFO    cellapp-1 8476 8001  [2018-07-21 10:12:07 657] - Components::findComponents: found cellappmgr, addr:192.168.0.106:49774
    INFO    cellapp-1 8476 8001  [2018-07-21 10:12:07 658] - Components::addComponent[cellappmgr], uid=8476, componentID=6000, globalorderid=2, grouporderid=1, totalcount=1
    INFO    cellapp-1 8476 8001  [2018-07-21 10:12:07 658] - Components::findComponents: found cellappmgr, addr:192.168.0.106:49774
 WARNING    cellapp-1 8476 8001  [2018-07-21 10:12:08 658] - EntityApp::checkTickPeriod: tick took 1293% (1.29 seconds)!
    INFO    cellapp-1 8476 8001  [2018-07-21 10:12:09 665] - Components::findComponents: find baseappmgr(1)...
    INFO    cellapp-1 8476 8001  [2018-07-21 10:12:09 767] - Components::findComponents: found baseappmgr, addr:192.168.0.106:49778
    INFO    cellapp-1 8476 8001  [2018-07-21 10:12:09 767] - Components::addComponent[baseappmgr], uid=8476, componentID=5000, globalorderid=3, grouporderid=1, totalcount=1
    INFO    cellapp-1 8476 8001  [2018-07-21 10:12:09 768] - Components::findComponents: found baseappmgr, addr:192.168.0.106:49778
 WARNING    cellapp-1 8476 8001  [2018-07-21 10:12:10 768] - EntityApp::checkTickPeriod: tick took 1203% (1.20 seconds)!
    INFO    cellapp-1 8476 8001  [2018-07-21 10:12:11 892] - Components::findComponents: register self to dbmgr...
    INFO    cellapp-1 8476 8001  [2018-07-21 10:12:11 965] - Components::findComponents: register self to cellappmgr...
    INFO    cellapp-1 8476 8001  [2018-07-21 10:12:11 991] - Components::findComponents: register self to baseappmgr...
    INFO    cellapp-1 8476 8001  [2018-07-21 10:12:12 065] - Components::process(): Found all the components!
    INFO    cellapp-1 8607 8001  [2018-07-21 10:12:15 117] - -----------------------------------------------------------------------------------------


    INFO    cellapp-1 8607 8001  [2018-07-21 10:12:15 118] - Resmgr::initialize: KBE_ROOT=E:/kbengine/
    INFO    cellapp-1 8607 8001  [2018-07-21 10:12:15 118] - Resmgr::initialize: KBE_RES_PATH=E:/kbengine/kbe/res/;E:/kbengine/assets/;E:/kbengine/assets/scripts/;E:/kbengine/assets/res/
    INFO    cellapp-1 8607 8001  [2018-07-21 10:12:15 118] - Resmgr::initialize: KBE_BIN_PATH=E:/kbengine/kbe/bin/server/
    INFO    cellapp-1 8607 8001  [2018-07-21 10:12:15 123] - NetworkInterface::initialize(INTERNAL): bound to all interfaces with default route interface on 192.168.0.106 ( 192.168.0.106:49814 )
    INFO    cellapp-1 8607 8001  [2018-07-21 10:12:15 123] - NetworkInterface::initialize(INTERNAL): address 192.168.0.106:49814, SOMAXCONN=5.
    INFO    cellapp-1 8607 8001  [2018-07-21 10:12:15 123] - server-configs:
    INFO    cellapp-1 8607 8001  [2018-07-21 10:12:15 123] - 	gameUpdateHertz : 10
    INFO    cellapp-1 8607 8001  [2018-07-21 10:12:15 124] - 	defaultViewRadius : 80
    INFO    cellapp-1 8607 8001  [2018-07-21 10:12:15 124] - 	defaultViewHysteresisArea : 5
    INFO    cellapp-1 8607 8001  [2018-07-21 10:12:15 124] - 	entryScriptFile : kbemain
    INFO    cellapp-1 8607 8001  [2018-07-21 10:12:15 124] - 	internalAddr : 192.168.0.106:49814
    INFO    cellapp-1 8607 8001  [2018-07-21 10:12:15 124] - 	componentID : 8001
 WARNING    cellapp-1 8607 8001  [2018-07-21 10:12:15 437] - BundleBroadcast::BundleBroadcast: Cannot bind to port 20486, errorno=10048
    INFO    cellapp-1 8607 8001  [2018-07-21 10:12:15 443] - ---- cellapp Version: 2.0.0. ScriptVersion: 0.1.0. Protocol: 85A70C5E64F896E0F1A60BF405B4EB07. Config: Debug X86. Built: 15:53:53 Apr 29 2018. AppID: 8001. UID: 8607. PID: 6872 ----
    INFO    cellapp-1 8607 8001  [2018-07-21 10:12:15 444] - Server : Intel(R) Xeon(R) CPU E3-1230 v3 @ 3.30GHz with 4194303kB RAM
    INFO    cellapp-1 8607 8001  [2018-07-21 10:12:15 444] - ThreadPool::createThreadPool: creating  threadpool...
    INFO    cellapp-1 8607 8001  [2018-07-21 10:12:15 444] - ThreadPool::createThreadPool: successfully(2), newThreadCount=1, normalMaxThreadCount=2, maxThreadCount=8
   DEBUG    cellapp-1 8607 8001  [2018-07-21 10:12:15 570] - Script::install_py_dlls(): PyInit_pyexpat
   DEBUG    cellapp-1 8607 8001  [2018-07-21 10:12:15 570] - Script::install_py_dlls(): PyInit__socket
   DEBUG    cellapp-1 8607 8001  [2018-07-21 10:12:15 571] - Script::install_py_dlls(): PyInit__ssl
   DEBUG    cellapp-1 8607 8001  [2018-07-21 10:12:15 574] - Script::install_py_dlls(): PyInit__hashlib
   DEBUG    cellapp-1 8607 8001  [2018-07-21 10:12:15 574] - Script::install_py_dlls(): PyInit_select
   DEBUG    cellapp-1 8607 8001  [2018-07-21 10:12:15 574] - Script::install_py_dlls(): PyInit__ctypes
   DEBUG    cellapp-1 8607 8001  [2018-07-21 10:12:15 574] - Script::install_py_dlls(): PyInit__elementtree
   DEBUG    cellapp-1 8607 8001  [2018-07-21 10:12:15 602] - Script::install_py_dlls(): PyInit_unicodedata
    INFO    cellapp-1 8607 8001  [2018-07-21 10:12:15 630] - Script::install(): is successfully, Python=(3.4.2 (default, Apr 29 2018, 15:53:05) [MSC v.1913 32 bit (Intel)])!
    INFO    cellapp-1 8607 8001  [2018-07-21 10:12:15 630] - Script::install(): KBExtra is successfully!
   DEBUG    cellapp-1 8607 8001  [2018-07-21 10:12:15 646] - loaded entity-script:Account(1).
   DEBUG    cellapp-1 8607 8001  [2018-07-21 10:12:15 652] - loaded entity-script:Room(4).
    INFO    cellapp-1 8607 8001  [2018-07-21 10:12:15 653] - TelnetServer server is running on port 50000
    INFO    cellapp-1 8607 8001  [2018-07-21 10:12:15 941] - ---- cellapp is running ----
   DEBUG    cellapp-1 8607 8001  [2018-07-21 10:12:15 942] - Components::process(): Request for the process of identity...
 WARNING    cellapp-1 8607 8001  [2018-07-21 10:12:22 028] - EntityApp::checkTickPeriod: tick took 6086% (6.09 seconds)!
    INFO    cellapp-1 8607 8001  [2018-07-21 10:12:23 122] - Components::findComponents: find logger(1)...
    INFO    cellapp-1 8607 8001  [2018-07-21 10:12:23 196] - Components::findComponents: found logger, addr:192.168.0.106:49812
    INFO    cellapp-1 8607 8001  [2018-07-21 10:12:23 196] - Components::addComponent: reset orderLog, uid=8607!
    INFO    cellapp-1 8607 8001  [2018-07-21 10:12:23 197] - Components::addComponent[logger], uid=8607, componentID=2000, globalorderid=1, grouporderid=1, totalcount=1
    INFO    cellapp-1 8607 8001  [2018-07-21 10:12:23 199] - Components::findComponents: find dbmgr(2)...
    INFO    cellapp-1 8607 8001  [2018-07-21 10:12:23 302] - Components::findComponents: found dbmgr, addr:192.168.0.106:49810
    INFO    cellapp-1 8607 8001  [2018-07-21 10:12:23 303] - Components::addComponent: reset orderLog, uid=8607!
    INFO    cellapp-1 8607 8001  [2018-07-21 10:12:23 303] - Components::addComponent[dbmgr], uid=8607, componentID=4000, globalorderid=1, grouporderid=1, totalcount=1
    INFO    cellapp-1 8607 8001  [2018-07-21 10:12:23 304] - Components::findComponents: found dbmgr, addr:192.168.0.106:49810
 WARNING    cellapp-1 8607 8001  [2018-07-21 10:12:24 304] - EntityApp::checkTickPeriod: tick took 1262% (1.26 seconds)!
    INFO    cellapp-1 8607 8001  [2018-07-21 10:12:25 321] - Components::findComponents: find cellappmgr(1)...
    INFO    cellapp-1 8607 8001  [2018-07-21 10:12:25 329] - Components::findComponents: found cellappmgr, addr:192.168.0.106:49813
    INFO    cellapp-1 8607 8001  [2018-07-21 10:12:25 330] - Components::addComponent[cellappmgr], uid=8607, componentID=6000, globalorderid=2, grouporderid=1, totalcount=1
    INFO    cellapp-1 8607 8001  [2018-07-21 10:12:25 331] - Components::findComponents: found cellappmgr, addr:192.168.0.106:49813
 WARNING    cellapp-1 8607 8001  [2018-07-21 10:12:26 331] - EntityApp::checkTickPeriod: tick took 1089% (1.09 seconds)!
    INFO    cellapp-1 8607 8001  [2018-07-21 10:12:27 341] - Components::findComponents: find baseappmgr(1)...
    INFO    cellapp-1 8607 8001  [2018-07-21 10:12:27 344] - Components::findComponents: found baseappmgr, addr:192.168.0.106:49809
    INFO    cellapp-1 8607 8001  [2018-07-21 10:12:27 345] - Components::addComponent[baseappmgr], uid=8607, componentID=5000, globalorderid=3, grouporderid=1, totalcount=1
    INFO    cellapp-1 8607 8001  [2018-07-21 10:12:27 346] - Components::findComponents: found baseappmgr, addr:192.168.0.106:49809
 WARNING    cellapp-1 8607 8001  [2018-07-21 10:12:28 346] - EntityApp::checkTickPeriod: tick took 1105% (1.11 seconds)!
    INFO    cellapp-1 8607 8001  [2018-07-21 10:12:29 520] - Components::findComponents: register self to dbmgr...
    INFO    cellapp-1 8607 8001  [2018-07-21 10:12:29 541] - Components::findComponents: register self to cellappmgr...
    INFO    cellapp-1 8607 8001  [2018-07-21 10:12:29 621] - Components::findComponents: register self to baseappmgr...
    INFO    cellapp-1 8607 8001  [2018-07-21 10:12:29 642] - Components::process(): Found all the components!
    INFO    cellapp-1 8607 8001  [2018-07-21 10:12:31 142] - ServerApp::onRegisterNewApp: uid:8607, username:, componentType:baseapp, componentID:7001, globalorderID=5, grouporderID=1, intaddr:192.168.0.106, intport:49815, extaddr:192.168.0.106, extport:20015,  from 192.168.0.106:49810/0/0/0.
    INFO    cellapp-1 8607 8001  [2018-07-21 10:12:31 142] - Components::addComponent[baseapp], uid=8607, componentID=7001, globalorderid=5, grouporderid=1, totalcount=1
    INFO    cellapp-1 8607 8001  [2018-07-21 10:12:34 142] - EntityApp::onDbmgrInitCompleted: entityID alloc(1-2001), startGlobalOrder=4, startGroupOrder=1, digest=15DC6C1C25165CAC6F3F6B116C6DA103.
    INFO    cellapp01 8607 8001  [2018-07-21 10:12:34 142] - IDClient::onAddRange: number of ids increased from 1 to 2001.
   S_DBG    cellapp01 8607 8001  [2018-07-21 10:12:35 347] - onInit::isReload:0
 WARNING    cellapp01 8607 8001  [2018-07-21 10:12:35 348] - e:\kbengine\kbe\src\lib\server\entity_app.h:749: Profile processRecvMessages took 1.21 seconds
 WARNING    cellapp01 8607 8001  [2018-07-21 10:12:35 348] - e:\kbengine\kbe\src\server\cellapp\cellapp.cpp:245: Profile gameTick took 1.21 seconds
 WARNING    cellapp01 8607 8001  [2018-07-21 10:12:35 348] - e:\kbengine\kbe\src\lib\network\event_dispatcher.cpp:153: Profile callSystemTimers took 1.21 seconds
 WARNING    cellapp01 8607 8001  [2018-07-21 10:12:35 349] - EntityApp::checkTickPeriod: tick took 1207% (1.21 seconds)!
   DEBUG    cellapp01 8607 8001  [2018-07-21 10:12:35 447] - InitProgressHandler::~InitProgressHandler()
   S_DBG    cellapp01 8607 8001  [2018-07-21 10:12:36 163] - onGlobalData: Halls
   DEBUG    cellapp01 8607 8001  [2018-07-21 10:17:23 185] - Spaces::createNewSpace: new space(Room) 1.
    INFO    cellapp01 8607 8001  [2018-07-21 10:17:23 210] - EntityApp::createEntity: new Room 2003
    INFO    cellapp01 8607 8001  [2018-07-21 10:17:23 252] - KBEngine::addSpaceGeometryMapping: spaceID=1, respath=spaces/mjRoom, shouldLoadOnServer=1!
 WARNING    cellapp01 8607 8001  [2018-07-21 10:17:23 286] - e:\kbengine\kbe\src\lib\server\entity_app.h:749: Profile processRecvMessages took 0.14 seconds
 WARNING    cellapp01 8607 8001  [2018-07-21 10:17:23 286] - e:\kbengine\kbe\src\server\cellapp\cellapp.cpp:245: Profile gameTick took 0.14 seconds
 WARNING    cellapp01 8607 8001  [2018-07-21 10:17:23 286] - e:\kbengine\kbe\src\lib\network\event_dispatcher.cpp:153: Profile callSystemTimers took 0.14 seconds
    INFO    cellapp01 8607 8001  [2018-07-21 10:17:23 286] - KBEngine::onLoadedSpaceGeometryMapping: spaceID=1, respath=spaces/mjRoom!
   S_DBG    cellapp01 8607 8001  [2018-07-21 10:17:23 345] - 玩家进来了---2002 座位号为 0
    INFO    cellapp01 8607 8001  [2018-07-21 10:17:23 445] - EntityApp::createEntity: new Account 2002
   S_DBG    cellapp01 8607 8001  [2018-07-21 10:17:26 345] - 2002
   S_DBG    cellapp01 8607 8001  [2018-07-21 10:17:26 345] - True
   S_DBG    cellapp01 8607 8001  [2018-07-21 10:17:26 445] - cell account
   S_DBG    cellapp01 8607 8001  [2018-07-21 10:17:26 445] - 1
   S_DBG    cellapp01 8607 8001  [2018-07-21 10:17:40 146] - 玩家进来了---2004 座位号为 1
    INFO    cellapp01 8607 8001  [2018-07-21 10:17:40 246] - EntityApp::createEntity: new Account 2004
   S_DBG    cellapp01 8607 8001  [2018-07-21 10:17:50 046] - 2004
   S_DBG    cellapp01 8607 8001  [2018-07-21 10:17:50 046] - True
   S_ERR    cellapp01 8607 8001  [2018-07-21 10:17:50 047] - Traceback (most recent call last):
  File "E:/kbengine/assets/scripts/cell\Room.py", line 96, in reqChangeReadyState
    self.begin()
   S_ERR    cellapp01 8607 8001  [2018-07-21 10:17:50 049] -   File "E:/kbengine/assets/scripts/cell\Room.py", line 102, in begin
    self.deal(self.game)
   S_ERR    cellapp01 8607 8001  [2018-07-21 10:17:50 050] -   File "E:/kbengine/assets/scripts/cell\Room.py", line 145, in deal
    seatIndex = seatIndex%self.maxPlayerCount;
   S_ERR    cellapp01 8607 8001  [2018-07-21 10:17:50 050] - AttributeError: 'Room' object has no attribute 'maxPlayerCount'
   S_ERR    cellapp01 8607 8001  [2018-07-21 10:17:50 200] - cell account
   S_ERR    cellapp01 8607 8001  [2018-07-21 10:17:50 200] - 1
    INFO    cellapp-1 9857 8001  [2018-07-21 10:18:38 077] - -----------------------------------------------------------------------------------------


    INFO    cellapp-1 9857 8001  [2018-07-21 10:18:38 077] - Resmgr::initialize: KBE_ROOT=E:/kbengine/
    INFO    cellapp-1 9857 8001  [2018-07-21 10:18:38 078] - Resmgr::initialize: KBE_RES_PATH=E:/kbengine/kbe/res/;E:/kbengine/assets/;E:/kbengine/assets/scripts/;E:/kbengine/assets/res/
    INFO    cellapp-1 9857 8001  [2018-07-21 10:18:38 078] - Resmgr::initialize: KBE_BIN_PATH=E:/kbengine/kbe/bin/server/
    INFO    cellapp-1 9857 8001  [2018-07-21 10:18:38 084] - NetworkInterface::initialize(INTERNAL): bound to all interfaces with default route interface on 192.168.0.106 ( 192.168.0.106:49958 )
    INFO    cellapp-1 9857 8001  [2018-07-21 10:18:38 085] - NetworkInterface::initialize(INTERNAL): address 192.168.0.106:49958, SOMAXCONN=5.
    INFO    cellapp-1 9857 8001  [2018-07-21 10:18:38 085] - server-configs:
    INFO    cellapp-1 9857 8001  [2018-07-21 10:18:38 085] - 	gameUpdateHertz : 10
    INFO    cellapp-1 9857 8001  [2018-07-21 10:18:38 085] - 	defaultViewRadius : 80
    INFO    cellapp-1 9857 8001  [2018-07-21 10:18:38 085] - 	defaultViewHysteresisArea : 5
    INFO    cellapp-1 9857 8001  [2018-07-21 10:18:38 085] - 	entryScriptFile : kbemain
    INFO    cellapp-1 9857 8001  [2018-07-21 10:18:38 085] - 	internalAddr : 192.168.0.106:49958
    INFO    cellapp-1 9857 8001  [2018-07-21 10:18:38 086] - 	componentID : 8001
 WARNING    cellapp-1 9857 8001  [2018-07-21 10:18:38 396] - BundleBroadcast::BundleBroadcast: Cannot bind to port 20911, errorno=10048
    INFO    cellapp-1 9857 8001  [2018-07-21 10:18:38 400] - ---- cellapp Version: 2.0.0. ScriptVersion: 0.1.0. Protocol: 85A70C5E64F896E0F1A60BF405B4EB07. Config: Debug X86. Built: 15:53:53 Apr 29 2018. AppID: 8001. UID: 9857. PID: 9164 ----
    INFO    cellapp-1 9857 8001  [2018-07-21 10:18:38 400] - Server : Intel(R) Xeon(R) CPU E3-1230 v3 @ 3.30GHz with 4194303kB RAM
    INFO    cellapp-1 9857 8001  [2018-07-21 10:18:38 400] - ThreadPool::createThreadPool: creating  threadpool...
    INFO    cellapp-1 9857 8001  [2018-07-21 10:18:38 400] - ThreadPool::createThreadPool: successfully(2), newThreadCount=1, normalMaxThreadCount=2, maxThreadCount=8
   DEBUG    cellapp-1 9857 8001  [2018-07-21 10:18:38 528] - Script::install_py_dlls(): PyInit_pyexpat
   DEBUG    cellapp-1 9857 8001  [2018-07-21 10:18:38 528] - Script::install_py_dlls(): PyInit__socket
   DEBUG    cellapp-1 9857 8001  [2018-07-21 10:18:38 529] - Script::install_py_dlls(): PyInit__ssl
   DEBUG    cellapp-1 9857 8001  [2018-07-21 10:18:38 531] - Script::install_py_dlls(): PyInit__hashlib
   DEBUG    cellapp-1 9857 8001  [2018-07-21 10:18:38 532] - Script::install_py_dlls(): PyInit_select
   DEBUG    cellapp-1 9857 8001  [2018-07-21 10:18:38 532] - Script::install_py_dlls(): PyInit__ctypes
   DEBUG    cellapp-1 9857 8001  [2018-07-21 10:18:38 532] - Script::install_py_dlls(): PyInit__elementtree
   DEBUG    cellapp-1 9857 8001  [2018-07-21 10:18:38 559] - Script::install_py_dlls(): PyInit_unicodedata
    INFO    cellapp-1 9857 8001  [2018-07-21 10:18:38 587] - Script::install(): is successfully, Python=(3.4.2 (default, Apr 29 2018, 15:53:05) [MSC v.1913 32 bit (Intel)])!
    INFO    cellapp-1 9857 8001  [2018-07-21 10:18:38 587] - Script::install(): KBExtra is successfully!
   DEBUG    cellapp-1 9857 8001  [2018-07-21 10:18:38 605] - loaded entity-script:Account(1).
   DEBUG    cellapp-1 9857 8001  [2018-07-21 10:18:38 619] - loaded entity-script:Room(4).
    INFO    cellapp-1 9857 8001  [2018-07-21 10:18:38 620] - TelnetServer server is running on port 50000
    INFO    cellapp-1 9857 8001  [2018-07-21 10:18:38 904] - ---- cellapp is running ----
   DEBUG    cellapp-1 9857 8001  [2018-07-21 10:18:38 904] - Components::process(): Request for the process of identity...
 WARNING    cellapp-1 9857 8001  [2018-07-21 10:18:44 960] - EntityApp::checkTickPeriod: tick took 6055% (6.05 seconds)!
    INFO    cellapp-1 9857 8001  [2018-07-21 10:18:46 006] - Components::findComponents: find logger(1)...
    INFO    cellapp-1 9857 8001  [2018-07-21 10:18:46 038] - Components::findComponents: found logger, addr:192.168.0.106:49961
    INFO    cellapp-1 9857 8001  [2018-07-21 10:18:46 038] - Components::addComponent: reset orderLog, uid=9857!
    INFO    cellapp-1 9857 8001  [2018-07-21 10:18:46 039] - Components::addComponent[logger], uid=9857, componentID=2000, globalorderid=1, grouporderid=1, totalcount=1
    INFO    cellapp-1 9857 8001  [2018-07-21 10:18:46 040] - Components::findComponents: find dbmgr(2)...
    INFO    cellapp-1 9857 8001  [2018-07-21 10:18:46 142] - Components::findComponents: found dbmgr, addr:192.168.0.106:49956
    INFO    cellapp-1 9857 8001  [2018-07-21 10:18:46 143] - Components::addComponent: reset orderLog, uid=9857!
    INFO    cellapp-1 9857 8001  [2018-07-21 10:18:46 143] - Components::addComponent[dbmgr], uid=9857, componentID=4000, globalorderid=1, grouporderid=1, totalcount=1
    INFO    cellapp-1 9857 8001  [2018-07-21 10:18:46 144] - Components::findComponents: found dbmgr, addr:192.168.0.106:49956
 WARNING    cellapp-1 9857 8001  [2018-07-21 10:18:47 145] - EntityApp::checkTickPeriod: tick took 1239% (1.24 seconds)!
    INFO    cellapp-1 9857 8001  [2018-07-21 10:18:48 182] - Components::findComponents: find cellappmgr(1)...
    INFO    cellapp-1 9857 8001  [2018-07-21 10:18:48 278] - Components::findComponents: found cellappmgr, addr:192.168.0.106:49960
    INFO    cellapp-1 9857 8001  [2018-07-21 10:18:48 279] - Components::addComponent[cellappmgr], uid=9857, componentID=6000, globalorderid=2, grouporderid=1, totalcount=1
    INFO    cellapp-1 9857 8001  [2018-07-21 10:18:48 280] - Components::findComponents: found cellappmgr, addr:192.168.0.106:49960
 WARNING    cellapp-1 9857 8001  [2018-07-21 10:18:49 280] - EntityApp::checkTickPeriod: tick took 1176% (1.18 seconds)!
    INFO    cellapp-1 9857 8001  [2018-07-21 10:18:50 282] - Components::findComponents: find baseappmgr(1)...
    INFO    cellapp-1 9857 8001  [2018-07-21 10:18:50 293] - Components::findComponents: found baseappmgr, addr:192.168.0.106:49954
    INFO    cellapp-1 9857 8001  [2018-07-21 10:18:50 293] - Components::addComponent[baseappmgr], uid=9857, componentID=5000, globalorderid=3, grouporderid=1, totalcount=1
    INFO    cellapp-1 9857 8001  [2018-07-21 10:18:50 294] - Components::findComponents: found baseappmgr, addr:192.168.0.106:49954
 WARNING    cellapp-1 9857 8001  [2018-07-21 10:18:51 294] - EntityApp::checkTickPeriod: tick took 1090% (1.09 seconds)!
    INFO    cellapp-1 9857 8001  [2018-07-21 10:18:52 382] - Components::findComponents: register self to dbmgr...
    INFO    cellapp-1 9857 8001  [2018-07-21 10:18:52 404] - Components::findComponents: register self to cellappmgr...
    INFO    cellapp-1 9857 8001  [2018-07-21 10:18:52 481] - Components::findComponents: register self to baseappmgr...
    INFO    cellapp-1 9857 8001  [2018-07-21 10:18:52 504] - Components::process(): Found all the components!
    INFO    cellapp-1 9857 8001  [2018-07-21 10:18:53 904] - ServerApp::onRegisterNewApp: uid:9857, username:, componentType:baseapp, componentID:7001, globalorderID=5, grouporderID=1, intaddr:192.168.0.106, intport:49957, extaddr:192.168.0.106, extport:20015,  from 192.168.0.106:49956/0/0/0.
    INFO    cellapp-1 9857 8001  [2018-07-21 10:18:53 904] - Components::addComponent[baseapp], uid=9857, componentID=7001, globalorderid=5, grouporderid=1, totalcount=1
    INFO    cellapp-1 9857 8001  [2018-07-21 10:18:56 905] - EntityApp::onDbmgrInitCompleted: entityID alloc(1-2001), startGlobalOrder=4, startGroupOrder=1, digest=15DC6C1C25165CAC6F3F6B116C6DA103.
    INFO    cellapp01 9857 8001  [2018-07-21 10:18:56 905] - IDClient::onAddRange: number of ids increased from 1 to 2001.
   S_DBG    cellapp01 9857 8001  [2018-07-21 10:18:58 110] - onInit::isReload:0
 WARNING    cellapp01 9857 8001  [2018-07-21 10:18:58 111] - e:\kbengine\kbe\src\lib\server\entity_app.h:749: Profile processRecvMessages took 1.21 seconds
 WARNING    cellapp01 9857 8001  [2018-07-21 10:18:58 111] - e:\kbengine\kbe\src\server\cellapp\cellapp.cpp:245: Profile gameTick took 1.21 seconds
 WARNING    cellapp01 9857 8001  [2018-07-21 10:18:58 111] - e:\kbengine\kbe\src\lib\network\event_dispatcher.cpp:153: Profile callSystemTimers took 1.21 seconds
 WARNING    cellapp01 9857 8001  [2018-07-21 10:18:58 112] - EntityApp::checkTickPeriod: tick took 1207% (1.21 seconds)!
   DEBUG    cellapp01 9857 8001  [2018-07-21 10:18:58 182] - InitProgressHandler::~InitProgressHandler()
   S_DBG    cellapp01 9857 8001  [2018-07-21 10:18:58 805] - onGlobalData: Halls
   DEBUG    cellapp01 9857 8001  [2018-07-21 10:19:10 304] - Spaces::createNewSpace: new space(Room) 1.
    INFO    cellapp01 9857 8001  [2018-07-21 10:19:10 304] - EntityApp::createEntity: new Room 2003
    INFO    cellapp01 9857 8001  [2018-07-21 10:19:10 305] - KBEngine::addSpaceGeometryMapping: spaceID=1, respath=spaces/mjRoom, shouldLoadOnServer=1!
    INFO    cellapp01 9857 8001  [2018-07-21 10:19:10 404] - KBEngine::onLoadedSpaceGeometryMapping: spaceID=1, respath=spaces/mjRoom!
   S_DBG    cellapp01 9857 8001  [2018-07-21 10:19:10 404] - 玩家进来了---2002 座位号为 0
    INFO    cellapp01 9857 8001  [2018-07-21 10:19:10 504] - EntityApp::createEntity: new Account 2002
   S_DBG    cellapp01 9857 8001  [2018-07-21 10:19:12 005] - 2002
   S_DBG    cellapp01 9857 8001  [2018-07-21 10:19:12 005] - True
   S_DBG    cellapp01 9857 8001  [2018-07-21 10:19:12 105] - cell account
   S_DBG    cellapp01 9857 8001  [2018-07-21 10:19:12 105] - 1
   S_DBG    cellapp01 9857 8001  [2018-07-21 10:19:20 005] - 玩家进来了---2004 座位号为 1
    INFO    cellapp01 9857 8001  [2018-07-21 10:19:20 105] - EntityApp::createEntity: new Account 2004
   S_DBG    cellapp01 9857 8001  [2018-07-21 10:19:25 105] - 2004
   S_DBG    cellapp01 9857 8001  [2018-07-21 10:19:25 105] - True
 WARNING    cellapp01 9857 8001  [2018-07-21 10:19:25 120] - MethodDescription::call: reqChangeReadyState is exposed of method, if there is a missing arguments error, try adding callerEntityID, For example: 
def func(msg): => def func(callerEntityID, msg):
   S_ERR    cellapp01 9857 8001  [2018-07-21 10:19:25 121] - Traceback (most recent call last):
  File "E:/kbengine/assets/scripts/cell\Room.py", line 96, in reqChangeReadyState
    self.begin()
   S_ERR    cellapp01 9857 8001  [2018-07-21 10:19:25 122] -   File "E:/kbengine/assets/scripts/cell\Room.py", line 106, in begin
    self.setPublicRoomInfo(self.game)
   S_ERR    cellapp01 9857 8001  [2018-07-21 10:19:25 123] - TypeError: setPublicRoomInfo() takes 1 positional argument but 2 were given
   S_ERR    cellapp01 9857 8001  [2018-07-21 10:19:25 205] - cell account
   S_ERR    cellapp01 9857 8001  [2018-07-21 10:19:25 206] - 1
    INFO    cellapp-1 10488 8001  [2018-07-21 10:21:51 039] - -----------------------------------------------------------------------------------------


    INFO    cellapp-1 10488 8001  [2018-07-21 10:21:51 039] - Resmgr::initialize: KBE_ROOT=E:/kbengine/
    INFO    cellapp-1 10488 8001  [2018-07-21 10:21:51 039] - Resmgr::initialize: KBE_RES_PATH=E:/kbengine/kbe/res/;E:/kbengine/assets/;E:/kbengine/assets/scripts/;E:/kbengine/assets/res/
    INFO    cellapp-1 10488 8001  [2018-07-21 10:21:51 039] - Resmgr::initialize: KBE_BIN_PATH=E:/kbengine/kbe/bin/server/
    INFO    cellapp-1 10488 8001  [2018-07-21 10:21:51 042] - NetworkInterface::initialize(INTERNAL): bound to all interfaces with default route interface on 192.168.0.106 ( 192.168.0.106:50012 )
    INFO    cellapp-1 10488 8001  [2018-07-21 10:21:51 043] - NetworkInterface::initialize(INTERNAL): address 192.168.0.106:50012, SOMAXCONN=5.
    INFO    cellapp-1 10488 8001  [2018-07-21 10:21:51 043] - server-configs:
    INFO    cellapp-1 10488 8001  [2018-07-21 10:21:51 043] - 	gameUpdateHertz : 10
    INFO    cellapp-1 10488 8001  [2018-07-21 10:21:51 043] - 	defaultViewRadius : 80
    INFO    cellapp-1 10488 8001  [2018-07-21 10:21:51 043] - 	defaultViewHysteresisArea : 5
    INFO    cellapp-1 10488 8001  [2018-07-21 10:21:51 043] - 	entryScriptFile : kbemain
    INFO    cellapp-1 10488 8001  [2018-07-21 10:21:51 043] - 	internalAddr : 192.168.0.106:50012
    INFO    cellapp-1 10488 8001  [2018-07-21 10:21:51 043] - 	componentID : 8001
    INFO    cellapp-1 10488 8001  [2018-07-21 10:21:52 572] - ---- cellapp Version: 2.0.0. ScriptVersion: 0.1.0. Protocol: 85A70C5E64F896E0F1A60BF405B4EB07. Config: Debug X86. Built: 15:53:53 Apr 29 2018. AppID: 8001. UID: 10488. PID: 8884 ----
    INFO    cellapp-1 10488 8001  [2018-07-21 10:21:52 572] - Server : Intel(R) Xeon(R) CPU E3-1230 v3 @ 3.30GHz with 4194303kB RAM
    INFO    cellapp-1 10488 8001  [2018-07-21 10:21:52 573] - ThreadPool::createThreadPool: creating  threadpool...
    INFO    cellapp-1 10488 8001  [2018-07-21 10:21:52 573] - ThreadPool::createThreadPool: successfully(2), newThreadCount=1, normalMaxThreadCount=2, maxThreadCount=8
   DEBUG    cellapp-1 10488 8001  [2018-07-21 10:21:52 731] - Script::install_py_dlls(): PyInit_pyexpat
   DEBUG    cellapp-1 10488 8001  [2018-07-21 10:21:52 731] - Script::install_py_dlls(): PyInit__socket
   DEBUG    cellapp-1 10488 8001  [2018-07-21 10:21:52 732] - Script::install_py_dlls(): PyInit__ssl
   DEBUG    cellapp-1 10488 8001  [2018-07-21 10:21:52 735] - Script::install_py_dlls(): PyInit__hashlib
   DEBUG    cellapp-1 10488 8001  [2018-07-21 10:21:52 735] - Script::install_py_dlls(): PyInit_select
   DEBUG    cellapp-1 10488 8001  [2018-07-21 10:21:52 735] - Script::install_py_dlls(): PyInit__ctypes
   DEBUG    cellapp-1 10488 8001  [2018-07-21 10:21:52 736] - Script::install_py_dlls(): PyInit__elementtree
   DEBUG    cellapp-1 10488 8001  [2018-07-21 10:21:52 764] - Script::install_py_dlls(): PyInit_unicodedata
    INFO    cellapp-1 10488 8001  [2018-07-21 10:21:52 792] - Script::install(): is successfully, Python=(3.4.2 (default, Apr 29 2018, 15:53:05) [MSC v.1913 32 bit (Intel)])!
    INFO    cellapp-1 10488 8001  [2018-07-21 10:21:52 792] - Script::install(): KBExtra is successfully!
   DEBUG    cellapp-1 10488 8001  [2018-07-21 10:21:52 809] - loaded entity-script:Account(1).
   DEBUG    cellapp-1 10488 8001  [2018-07-21 10:21:52 823] - loaded entity-script:Room(4).
    INFO    cellapp-1 10488 8001  [2018-07-21 10:21:52 823] - TelnetServer server is running on port 50000
    INFO    cellapp-1 10488 8001  [2018-07-21 10:21:53 127] - ---- cellapp is running ----
   DEBUG    cellapp-1 10488 8001  [2018-07-21 10:21:53 127] - Components::process(): Request for the process of identity...
 WARNING    cellapp-1 10488 8001  [2018-07-21 10:21:59 220] - EntityApp::checkTickPeriod: tick took 6092% (6.09 seconds)!
    INFO    cellapp-1 10488 8001  [2018-07-21 10:22:00 242] - Components::findComponents: find logger(1)...
    INFO    cellapp-1 10488 8001  [2018-07-21 10:22:00 323] - Components::findComponents: found logger, addr:192.168.0.106:50010
    INFO    cellapp-1 10488 8001  [2018-07-21 10:22:00 324] - Components::addComponent: reset orderLog, uid=10488!
    INFO    cellapp-1 10488 8001  [2018-07-21 10:22:00 324] - Components::addComponent[logger], uid=10488, componentID=2000, globalorderid=1, grouporderid=1, totalcount=1
    INFO    cellapp-1 10488 8001  [2018-07-21 10:22:00 327] - Components::findComponents: find dbmgr(2)...
    INFO    cellapp-1 10488 8001  [2018-07-21 10:22:00 428] - Components::findComponents: found dbmgr, addr:192.168.0.106:50011
    INFO    cellapp-1 10488 8001  [2018-07-21 10:22:00 429] - Components::addComponent: reset orderLog, uid=10488!
    INFO    cellapp-1 10488 8001  [2018-07-21 10:22:00 429] - Components::addComponent[dbmgr], uid=10488, componentID=4000, globalorderid=1, grouporderid=1, totalcount=1
    INFO    cellapp-1 10488 8001  [2018-07-21 10:22:00 430] - Components::findComponents: found dbmgr, addr:192.168.0.106:50011
 WARNING    cellapp-1 10488 8001  [2018-07-21 10:22:01 432] - EntityApp::checkTickPeriod: tick took 1205% (1.21 seconds)!
    INFO    cellapp-1 10488 8001  [2018-07-21 10:22:02 441] - Components::findComponents: find cellappmgr(1)...
    INFO    cellapp-1 10488 8001  [2018-07-21 10:22:02 461] - Components::findComponents: found cellappmgr, addr:192.168.0.106:50014
    INFO    cellapp-1 10488 8001  [2018-07-21 10:22:02 461] - Components::addComponent[cellappmgr], uid=10488, componentID=6000, globalorderid=2, grouporderid=1, totalcount=1
    INFO    cellapp-1 10488 8001  [2018-07-21 10:22:02 462] - Components::findComponents: found cellappmgr, addr:192.168.0.106:50014
 WARNING    cellapp-1 10488 8001  [2018-07-21 10:22:03 462] - EntityApp::checkTickPeriod: tick took 1035% (1.03 seconds)!
    INFO    cellapp-1 10488 8001  [2018-07-21 10:22:04 527] - Components::findComponents: find baseappmgr(1)...
    INFO    cellapp-1 10488 8001  [2018-07-21 10:22:04 571] - Components::findComponents: found baseappmgr, addr:192.168.0.106:50013
    INFO    cellapp-1 10488 8001  [2018-07-21 10:22:04 572] - Components::addComponent[baseappmgr], uid=10488, componentID=5000, globalorderid=3, grouporderid=1, totalcount=1
    INFO    cellapp-1 10488 8001  [2018-07-21 10:22:04 572] - Components::findComponents: found baseappmgr, addr:192.168.0.106:50013
 WARNING    cellapp-1 10488 8001  [2018-07-21 10:22:05 572] - EntityApp::checkTickPeriod: tick took 1145% (1.14 seconds)!
    INFO    cellapp-1 10488 8001  [2018-07-21 10:22:06 642] - Components::findComponents: register self to dbmgr...
    INFO    cellapp-1 10488 8001  [2018-07-21 10:22:06 728] - Components::findComponents: register self to cellappmgr...
    INFO    cellapp-1 10488 8001  [2018-07-21 10:22:06 741] - Components::findComponents: register self to baseappmgr...
    INFO    cellapp-1 10488 8001  [2018-07-21 10:22:06 828] - Components::process(): Found all the components!
    INFO    cellapp-1 10488 8001  [2018-07-21 10:22:07 028] - ServerApp::onRegisterNewApp: uid:10488, username:, componentType:baseapp, componentID:7001, globalorderID=5, grouporderID=1, intaddr:192.168.0.106, intport:50015, extaddr:192.168.0.106, extport:20015,  from 192.168.0.106:50011/0/0/0.
    INFO    cellapp-1 10488 8001  [2018-07-21 10:22:07 028] - Components::addComponent[baseapp], uid=10488, componentID=7001, globalorderid=5, grouporderid=1, totalcount=1
    INFO    cellapp-1 10488 8001  [2018-07-21 10:22:10 028] - EntityApp::onDbmgrInitCompleted: entityID alloc(1-2001), startGlobalOrder=4, startGroupOrder=1, digest=15DC6C1C25165CAC6F3F6B116C6DA103.
    INFO    cellapp01 10488 8001  [2018-07-21 10:22:10 028] - IDClient::onAddRange: number of ids increased from 1 to 2001.
 WARNING    cellapp01 10488 8001  [2018-07-21 10:22:10 942] - BundleBroadcast::BundleBroadcast: Cannot bind to port 20068, errorno=10048
   S_DBG    cellapp01 10488 8001  [2018-07-21 10:22:11 553] - onInit::isReload:0
 WARNING    cellapp01 10488 8001  [2018-07-21 10:22:11 554] - e:\kbengine\kbe\src\lib\server\entity_app.h:749: Profile processRecvMessages took 1.53 seconds
 WARNING    cellapp01 10488 8001  [2018-07-21 10:22:11 554] - e:\kbengine\kbe\src\server\cellapp\cellapp.cpp:245: Profile gameTick took 1.53 seconds
 WARNING    cellapp01 10488 8001  [2018-07-21 10:22:11 554] - e:\kbengine\kbe\src\lib\network\event_dispatcher.cpp:153: Profile callSystemTimers took 1.53 seconds
 WARNING    cellapp01 10488 8001  [2018-07-21 10:22:11 555] - EntityApp::checkTickPeriod: tick took 1527% (1.53 seconds)!
   DEBUG    cellapp01 10488 8001  [2018-07-21 10:22:11 628] - InitProgressHandler::~InitProgressHandler()
   S_DBG    cellapp01 10488 8001  [2018-07-21 10:22:12 429] - onGlobalData: Halls
   DEBUG    cellapp01 10488 8001  [2018-07-21 10:22:53 728] - Spaces::createNewSpace: new space(Room) 1.
    INFO    cellapp01 10488 8001  [2018-07-21 10:22:53 728] - EntityApp::createEntity: new Room 2003
    INFO    cellapp01 10488 8001  [2018-07-21 10:22:53 729] - KBEngine::addSpaceGeometryMapping: spaceID=1, respath=spaces/mjRoom, shouldLoadOnServer=1!
    INFO    cellapp01 10488 8001  [2018-07-21 10:22:53 828] - KBEngine::onLoadedSpaceGeometryMapping: spaceID=1, respath=spaces/mjRoom!
   S_DBG    cellapp01 10488 8001  [2018-07-21 10:22:53 828] - 玩家进来了---2002 座位号为 0
    INFO    cellapp01 10488 8001  [2018-07-21 10:22:53 928] - EntityApp::createEntity: new Account 2002
   S_DBG    cellapp01 10488 8001  [2018-07-21 10:22:55 528] - 2002
   S_DBG    cellapp01 10488 8001  [2018-07-21 10:22:55 528] - True
   S_DBG    cellapp01 10488 8001  [2018-07-21 10:22:55 628] - cell account
   S_DBG    cellapp01 10488 8001  [2018-07-21 10:22:55 628] - 1
   S_DBG    cellapp01 10488 8001  [2018-07-21 10:23:06 528] - 玩家进来了---2004 座位号为 1
    INFO    cellapp01 10488 8001  [2018-07-21 10:23:06 628] - EntityApp::createEntity: new Account 2004
   S_DBG    cellapp01 10488 8001  [2018-07-21 10:23:07 928] - 2004
   S_DBG    cellapp01 10488 8001  [2018-07-21 10:23:07 928] - True
   S_ERR    cellapp01 10488 8001  [2018-07-21 10:23:07 930] - Traceback (most recent call last):
  File "E:/kbengine/assets/scripts/cell\Room.py", line 96, in reqChangeReadyState
    self.begin()
   S_ERR    cellapp01 10488 8001  [2018-07-21 10:23:07 932] -   File "E:/kbengine/assets/scripts/cell\Room.py", line 106, in begin
    self.setPublicRoomInfo()
   S_ERR    cellapp01 10488 8001  [2018-07-21 10:23:07 933] -   File "E:/kbengine/assets/scripts/cell\Room.py", line 52, in setPublicRoomInfo
    "button":game.button,
   S_ERR    cellapp01 10488 8001  [2018-07-21 10:23:07 933] - NameError: name 'game' is not defined
   S_ERR    cellapp01 10488 8001  [2018-07-21 10:23:08 028] - cell account
   S_ERR    cellapp01 10488 8001  [2018-07-21 10:23:08 029] - 1
    INFO    cellapp-1 10892 8001  [2018-07-21 10:23:54 729] - -----------------------------------------------------------------------------------------


    INFO    cellapp-1 10892 8001  [2018-07-21 10:23:54 729] - Resmgr::initialize: KBE_ROOT=E:/kbengine/
    INFO    cellapp-1 10892 8001  [2018-07-21 10:23:54 729] - Resmgr::initialize: KBE_RES_PATH=E:/kbengine/kbe/res/;E:/kbengine/assets/;E:/kbengine/assets/scripts/;E:/kbengine/assets/res/
    INFO    cellapp-1 10892 8001  [2018-07-21 10:23:54 730] - Resmgr::initialize: KBE_BIN_PATH=E:/kbengine/kbe/bin/server/
    INFO    cellapp-1 10892 8001  [2018-07-21 10:23:54 735] - NetworkInterface::initialize(INTERNAL): bound to all interfaces with default route interface on 192.168.0.106 ( 192.168.0.106:50066 )
    INFO    cellapp-1 10892 8001  [2018-07-21 10:23:54 735] - NetworkInterface::initialize(INTERNAL): address 192.168.0.106:50066, SOMAXCONN=5.
    INFO    cellapp-1 10892 8001  [2018-07-21 10:23:54 735] - server-configs:
    INFO    cellapp-1 10892 8001  [2018-07-21 10:23:54 735] - 	gameUpdateHertz : 10
    INFO    cellapp-1 10892 8001  [2018-07-21 10:23:54 735] - 	defaultViewRadius : 80
    INFO    cellapp-1 10892 8001  [2018-07-21 10:23:54 735] - 	defaultViewHysteresisArea : 5
    INFO    cellapp-1 10892 8001  [2018-07-21 10:23:54 735] - 	entryScriptFile : kbemain
    INFO    cellapp-1 10892 8001  [2018-07-21 10:23:54 735] - 	internalAddr : 192.168.0.106:50066
    INFO    cellapp-1 10892 8001  [2018-07-21 10:23:54 735] - 	componentID : 8001
    INFO    cellapp-1 10892 8001  [2018-07-21 10:23:56 243] - ---- cellapp Version: 2.0.0. ScriptVersion: 0.1.0. Protocol: 85A70C5E64F896E0F1A60BF405B4EB07. Config: Debug X86. Built: 15:53:53 Apr 29 2018. AppID: 8001. UID: 10892. PID: 6612 ----
    INFO    cellapp-1 10892 8001  [2018-07-21 10:23:56 243] - Server : Intel(R) Xeon(R) CPU E3-1230 v3 @ 3.30GHz with 4194303kB RAM
    INFO    cellapp-1 10892 8001  [2018-07-21 10:23:56 244] - ThreadPool::createThreadPool: creating  threadpool...
    INFO    cellapp-1 10892 8001  [2018-07-21 10:23:56 244] - ThreadPool::createThreadPool: successfully(2), newThreadCount=1, normalMaxThreadCount=2, maxThreadCount=8
   DEBUG    cellapp-1 10892 8001  [2018-07-21 10:23:56 387] - Script::install_py_dlls(): PyInit_pyexpat
   DEBUG    cellapp-1 10892 8001  [2018-07-21 10:23:56 387] - Script::install_py_dlls(): PyInit__socket
   DEBUG    cellapp-1 10892 8001  [2018-07-21 10:23:56 388] - Script::install_py_dlls(): PyInit__ssl
   DEBUG    cellapp-1 10892 8001  [2018-07-21 10:23:56 391] - Script::install_py_dlls(): PyInit__hashlib
   DEBUG    cellapp-1 10892 8001  [2018-07-21 10:23:56 391] - Script::install_py_dlls(): PyInit_select
   DEBUG    cellapp-1 10892 8001  [2018-07-21 10:23:56 391] - Script::install_py_dlls(): PyInit__ctypes
   DEBUG    cellapp-1 10892 8001  [2018-07-21 10:23:56 392] - Script::install_py_dlls(): PyInit__elementtree
   DEBUG    cellapp-1 10892 8001  [2018-07-21 10:23:56 419] - Script::install_py_dlls(): PyInit_unicodedata
    INFO    cellapp-1 10892 8001  [2018-07-21 10:23:56 446] - Script::install(): is successfully, Python=(3.4.2 (default, Apr 29 2018, 15:53:05) [MSC v.1913 32 bit (Intel)])!
    INFO    cellapp-1 10892 8001  [2018-07-21 10:23:56 447] - Script::install(): KBExtra is successfully!
   DEBUG    cellapp-1 10892 8001  [2018-07-21 10:23:56 466] - loaded entity-script:Account(1).
   DEBUG    cellapp-1 10892 8001  [2018-07-21 10:23:56 480] - loaded entity-script:Room(4).
    INFO    cellapp-1 10892 8001  [2018-07-21 10:23:56 480] - TelnetServer server is running on port 50000
    INFO    cellapp-1 10892 8001  [2018-07-21 10:23:56 815] - ---- cellapp is running ----
   DEBUG    cellapp-1 10892 8001  [2018-07-21 10:23:56 815] - Components::process(): Request for the process of identity...
 WARNING    cellapp-1 10892 8001  [2018-07-21 10:24:02 880] - EntityApp::checkTickPeriod: tick took 6064% (6.06 seconds)!
    INFO    cellapp-1 10892 8001  [2018-07-21 10:24:03 916] - Components::findComponents: find logger(1)...
    INFO    cellapp-1 10892 8001  [2018-07-21 10:24:04 008] - Components::findComponents: found logger, addr:192.168.0.106:50062
    INFO    cellapp-1 10892 8001  [2018-07-21 10:24:04 009] - Components::addComponent: reset orderLog, uid=10892!
    INFO    cellapp-1 10892 8001  [2018-07-21 10:24:04 009] - Components::addComponent[logger], uid=10892, componentID=2000, globalorderid=1, grouporderid=1, totalcount=1
    INFO    cellapp-1 10892 8001  [2018-07-21 10:24:04 011] - Components::findComponents: find dbmgr(2)...
    INFO    cellapp-1 10892 8001  [2018-07-21 10:24:04 113] - Components::findComponents: found dbmgr, addr:192.168.0.106:50064
    INFO    cellapp-1 10892 8001  [2018-07-21 10:24:04 113] - Components::addComponent: reset orderLog, uid=10892!
    INFO    cellapp-1 10892 8001  [2018-07-21 10:24:04 114] - Components::addComponent[dbmgr], uid=10892, componentID=4000, globalorderid=1, grouporderid=1, totalcount=1
    INFO    cellapp-1 10892 8001  [2018-07-21 10:24:04 114] - Components::findComponents: found dbmgr, addr:192.168.0.106:50064
 WARNING    cellapp-1 10892 8001  [2018-07-21 10:24:05 115] - EntityApp::checkTickPeriod: tick took 1299% (1.30 seconds)!
    INFO    cellapp-1 10892 8001  [2018-07-21 10:24:06 115] - Components::findComponents: find cellappmgr(1)...
    INFO    cellapp-1 10892 8001  [2018-07-21 10:24:06 148] - Components::findComponents: found cellappmgr, addr:192.168.0.106:50059
    INFO    cellapp-1 10892 8001  [2018-07-21 10:24:06 148] - Components::addComponent[cellappmgr], uid=10892, componentID=6000, globalorderid=2, grouporderid=1, totalcount=1
    INFO    cellapp-1 10892 8001  [2018-07-21 10:24:06 149] - Components::findComponents: found cellappmgr, addr:192.168.0.106:50059
 WARNING    cellapp-1 10892 8001  [2018-07-21 10:24:07 149] - EntityApp::checkTickPeriod: tick took 1134% (1.13 seconds)!
    INFO    cellapp-1 10892 8001  [2018-07-21 10:24:08 215] - Components::findComponents: find baseappmgr(1)...
    INFO    cellapp-1 10892 8001  [2018-07-21 10:24:08 257] - Components::findComponents: found baseappmgr, addr:192.168.0.106:50065
    INFO    cellapp-1 10892 8001  [2018-07-21 10:24:08 258] - Components::addComponent[baseappmgr], uid=10892, componentID=5000, globalorderid=3, grouporderid=1, totalcount=1
    INFO    cellapp-1 10892 8001  [2018-07-21 10:24:08 258] - Components::findComponents: found baseappmgr, addr:192.168.0.106:50065
 WARNING    cellapp-1 10892 8001  [2018-07-21 10:24:09 259] - EntityApp::checkTickPeriod: tick took 1143% (1.14 seconds)!
    INFO    cellapp-1 10892 8001  [2018-07-21 10:24:10 334] - Components::findComponents: register self to dbmgr...
    INFO    cellapp-1 10892 8001  [2018-07-21 10:24:10 416] - Components::findComponents: register self to cellappmgr...
    INFO    cellapp-1 10892 8001  [2018-07-21 10:24:10 433] - Components::findComponents: register self to baseappmgr...
    INFO    cellapp-1 10892 8001  [2018-07-21 10:24:10 516] - Components::process(): Found all the components!
    INFO    cellapp-1 10892 8001  [2018-07-21 10:24:11 916] - ServerApp::onRegisterNewApp: uid:10892, username:, componentType:baseapp, componentID:7001, globalorderID=5, grouporderID=1, intaddr:192.168.0.106, intport:50067, extaddr:192.168.0.106, extport:20015,  from 192.168.0.106:50064/0/0/0.
    INFO    cellapp-1 10892 8001  [2018-07-21 10:24:11 916] - Components::addComponent[baseapp], uid=10892, componentID=7001, globalorderid=5, grouporderid=1, totalcount=1
    INFO    cellapp-1 10892 8001  [2018-07-21 10:24:14 916] - EntityApp::onDbmgrInitCompleted: entityID alloc(1-2001), startGlobalOrder=4, startGroupOrder=1, digest=15DC6C1C25165CAC6F3F6B116C6DA103.
    INFO    cellapp01 10892 8001  [2018-07-21 10:24:14 916] - IDClient::onAddRange: number of ids increased from 1 to 2001.
   S_DBG    cellapp01 10892 8001  [2018-07-21 10:24:16 117] - onInit::isReload:0
 WARNING    cellapp01 10892 8001  [2018-07-21 10:24:16 117] - e:\kbengine\kbe\src\lib\server\entity_app.h:749: Profile processRecvMessages took 1.20 seconds
 WARNING    cellapp01 10892 8001  [2018-07-21 10:24:16 117] - e:\kbengine\kbe\src\server\cellapp\cellapp.cpp:245: Profile gameTick took 1.20 seconds
 WARNING    cellapp01 10892 8001  [2018-07-21 10:24:16 117] - e:\kbengine\kbe\src\lib\network\event_dispatcher.cpp:153: Profile callSystemTimers took 1.20 seconds
 WARNING    cellapp01 10892 8001  [2018-07-21 10:24:16 118] - EntityApp::checkTickPeriod: tick took 1202% (1.20 seconds)!
   DEBUG    cellapp01 10892 8001  [2018-07-21 10:24:16 133] - InitProgressHandler::~InitProgressHandler()
   S_DBG    cellapp01 10892 8001  [2018-07-21 10:24:16 916] - onGlobalData: Halls
   DEBUG    cellapp01 10892 8001  [2018-07-21 10:24:20 715] - Spaces::createNewSpace: new space(Room) 1.
    INFO    cellapp01 10892 8001  [2018-07-21 10:24:20 715] - EntityApp::createEntity: new Room 2003
    INFO    cellapp01 10892 8001  [2018-07-21 10:24:20 716] - KBEngine::addSpaceGeometryMapping: spaceID=1, respath=spaces/mjRoom, shouldLoadOnServer=1!
    INFO    cellapp01 10892 8001  [2018-07-21 10:24:20 816] - KBEngine::onLoadedSpaceGeometryMapping: spaceID=1, respath=spaces/mjRoom!
   S_DBG    cellapp01 10892 8001  [2018-07-21 10:24:20 816] - 玩家进来了---2002 座位号为 0
    INFO    cellapp01 10892 8001  [2018-07-21 10:24:20 915] - EntityApp::createEntity: new Account 2002
   S_DBG    cellapp01 10892 8001  [2018-07-21 10:24:22 515] - 2002
   S_DBG    cellapp01 10892 8001  [2018-07-21 10:24:22 515] - True
   S_DBG    cellapp01 10892 8001  [2018-07-21 10:24:22 615] - cell account
   S_DBG    cellapp01 10892 8001  [2018-07-21 10:24:22 615] - 1
   S_DBG    cellapp01 10892 8001  [2018-07-21 10:24:35 616] - 玩家进来了---2004 座位号为 1
    INFO    cellapp01 10892 8001  [2018-07-21 10:24:35 716] - EntityApp::createEntity: new Account 2004
   S_DBG    cellapp01 10892 8001  [2018-07-21 10:24:38 716] - 2004
   S_DBG    cellapp01 10892 8001  [2018-07-21 10:24:38 716] - True
   S_DBG    cellapp01 10892 8001  [2018-07-21 10:24:38 816] - cell account
   S_DBG    cellapp01 10892 8001  [2018-07-21 10:24:38 816] - 1
    INFO    cellapp-1 11533 8001  [2018-07-21 10:27:10 389] - -----------------------------------------------------------------------------------------


    INFO    cellapp-1 11533 8001  [2018-07-21 10:27:10 390] - Resmgr::initialize: KBE_ROOT=E:/kbengine/
    INFO    cellapp-1 11533 8001  [2018-07-21 10:27:10 390] - Resmgr::initialize: KBE_RES_PATH=E:/kbengine/kbe/res/;E:/kbengine/assets/;E:/kbengine/assets/scripts/;E:/kbengine/assets/res/
    INFO    cellapp-1 11533 8001  [2018-07-21 10:27:10 390] - Resmgr::initialize: KBE_BIN_PATH=E:/kbengine/kbe/bin/server/
    INFO    cellapp-1 11533 8001  [2018-07-21 10:27:10 395] - NetworkInterface::initialize(INTERNAL): bound to all interfaces with default route interface on 192.168.0.106 ( 192.168.0.106:50125 )
    INFO    cellapp-1 11533 8001  [2018-07-21 10:27:10 396] - NetworkInterface::initialize(INTERNAL): address 192.168.0.106:50125, SOMAXCONN=5.
    INFO    cellapp-1 11533 8001  [2018-07-21 10:27:10 396] - server-configs:
    INFO    cellapp-1 11533 8001  [2018-07-21 10:27:10 396] - 	gameUpdateHertz : 10
    INFO    cellapp-1 11533 8001  [2018-07-21 10:27:10 396] - 	defaultViewRadius : 80
    INFO    cellapp-1 11533 8001  [2018-07-21 10:27:10 396] - 	defaultViewHysteresisArea : 5
    INFO    cellapp-1 11533 8001  [2018-07-21 10:27:10 396] - 	entryScriptFile : kbemain
    INFO    cellapp-1 11533 8001  [2018-07-21 10:27:10 396] - 	internalAddr : 192.168.0.106:50125
    INFO    cellapp-1 11533 8001  [2018-07-21 10:27:10 397] - 	componentID : 8001
    INFO    cellapp-1 11533 8001  [2018-07-21 10:27:11 908] - ---- cellapp Version: 2.0.0. ScriptVersion: 0.1.0. Protocol: 85A70C5E64F896E0F1A60BF405B4EB07. Config: Debug X86. Built: 15:53:53 Apr 29 2018. AppID: 8001. UID: 11533. PID: 9852 ----
    INFO    cellapp-1 11533 8001  [2018-07-21 10:27:11 909] - Server : Intel(R) Xeon(R) CPU E3-1230 v3 @ 3.30GHz with 4194303kB RAM
    INFO    cellapp-1 11533 8001  [2018-07-21 10:27:11 909] - ThreadPool::createThreadPool: creating  threadpool...
    INFO    cellapp-1 11533 8001  [2018-07-21 10:27:11 910] - ThreadPool::createThreadPool: successfully(2), newThreadCount=1, normalMaxThreadCount=2, maxThreadCount=8
   DEBUG    cellapp-1 11533 8001  [2018-07-21 10:27:12 047] - Script::install_py_dlls(): PyInit_pyexpat
   DEBUG    cellapp-1 11533 8001  [2018-07-21 10:27:12 048] - Script::install_py_dlls(): PyInit__socket
   DEBUG    cellapp-1 11533 8001  [2018-07-21 10:27:12 048] - Script::install_py_dlls(): PyInit__ssl
   DEBUG    cellapp-1 11533 8001  [2018-07-21 10:27:12 051] - Script::install_py_dlls(): PyInit__hashlib
   DEBUG    cellapp-1 11533 8001  [2018-07-21 10:27:12 051] - Script::install_py_dlls(): PyInit_select
   DEBUG    cellapp-1 11533 8001  [2018-07-21 10:27:12 051] - Script::install_py_dlls(): PyInit__ctypes
   DEBUG    cellapp-1 11533 8001  [2018-07-21 10:27:12 052] - Script::install_py_dlls(): PyInit__elementtree
   DEBUG    cellapp-1 11533 8001  [2018-07-21 10:27:12 079] - Script::install_py_dlls(): PyInit_unicodedata
    INFO    cellapp-1 11533 8001  [2018-07-21 10:27:12 107] - Script::install(): is successfully, Python=(3.4.2 (default, Apr 29 2018, 15:53:05) [MSC v.1913 32 bit (Intel)])!
    INFO    cellapp-1 11533 8001  [2018-07-21 10:27:12 107] - Script::install(): KBExtra is successfully!
   DEBUG    cellapp-1 11533 8001  [2018-07-21 10:27:12 124] - loaded entity-script:Account(1).
   DEBUG    cellapp-1 11533 8001  [2018-07-21 10:27:12 139] - loaded entity-script:Room(4).
    INFO    cellapp-1 11533 8001  [2018-07-21 10:27:12 139] - TelnetServer server is running on port 50000
    INFO    cellapp-1 11533 8001  [2018-07-21 10:27:12 450] - ---- cellapp is running ----
   DEBUG    cellapp-1 11533 8001  [2018-07-21 10:27:12 450] - Components::process(): Request for the process of identity...
 WARNING    cellapp-1 11533 8001  [2018-07-21 10:27:18 534] - EntityApp::checkTickPeriod: tick took 6082% (6.08 seconds)!
    INFO    cellapp-1 11533 8001  [2018-07-21 10:27:19 593] - Components::findComponents: find logger(1)...
    INFO    cellapp-1 11533 8001  [2018-07-21 10:27:19 698] - Components::findComponents: found logger, addr:192.168.0.106:50123
    INFO    cellapp-1 11533 8001  [2018-07-21 10:27:19 698] - Components::addComponent: reset orderLog, uid=11533!
    INFO    cellapp-1 11533 8001  [2018-07-21 10:27:19 698] - Components::addComponent[logger], uid=11533, componentID=2000, globalorderid=1, grouporderid=1, totalcount=1
    INFO    cellapp-1 11533 8001  [2018-07-21 10:27:19 699] - Components::findComponents: find dbmgr(2)...
    INFO    cellapp-1 11533 8001  [2018-07-21 10:27:19 805] - Components::findComponents: found dbmgr, addr:192.168.0.106:50126
    INFO    cellapp-1 11533 8001  [2018-07-21 10:27:19 805] - Components::addComponent: reset orderLog, uid=11533!
    INFO    cellapp-1 11533 8001  [2018-07-21 10:27:19 806] - Components::addComponent[dbmgr], uid=11533, componentID=4000, globalorderid=1, grouporderid=1, totalcount=1
    INFO    cellapp-1 11533 8001  [2018-07-21 10:27:19 807] - Components::findComponents: found dbmgr, addr:192.168.0.106:50126
 WARNING    cellapp-1 11533 8001  [2018-07-21 10:27:20 809] - EntityApp::checkTickPeriod: tick took 1259% (1.26 seconds)!
    INFO    cellapp-1 11533 8001  [2018-07-21 10:27:21 851] - Components::findComponents: find cellappmgr(1)...
    INFO    cellapp-1 11533 8001  [2018-07-21 10:27:21 935] - Components::findComponents: found cellappmgr, addr:192.168.0.106:50127
    INFO    cellapp-1 11533 8001  [2018-07-21 10:27:21 936] - Components::addComponent[cellappmgr], uid=11533, componentID=6000, globalorderid=2, grouporderid=1, totalcount=1
    INFO    cellapp-1 11533 8001  [2018-07-21 10:27:21 936] - Components::findComponents: found cellappmgr, addr:192.168.0.106:50127
 WARNING    cellapp-1 11533 8001  [2018-07-21 10:27:22 936] - EntityApp::checkTickPeriod: tick took 1185% (1.18 seconds)!
    INFO    cellapp-1 11533 8001  [2018-07-21 10:27:23 951] - Components::findComponents: find baseappmgr(1)...
    INFO    cellapp-1 11533 8001  [2018-07-21 10:27:24 046] - Components::findComponents: found baseappmgr, addr:192.168.0.106:50121
    INFO    cellapp-1 11533 8001  [2018-07-21 10:27:24 046] - Components::addComponent[baseappmgr], uid=11533, componentID=5000, globalorderid=3, grouporderid=1, totalcount=1
    INFO    cellapp-1 11533 8001  [2018-07-21 10:27:24 047] - Components::findComponents: found baseappmgr, addr:192.168.0.106:50121
 WARNING    cellapp-1 11533 8001  [2018-07-21 10:27:25 047] - EntityApp::checkTickPeriod: tick took 1196% (1.20 seconds)!
    INFO    cellapp-1 11533 8001  [2018-07-21 10:27:26 151] - Components::findComponents: register self to dbmgr...
    INFO    cellapp-1 11533 8001  [2018-07-21 10:27:26 187] - Components::findComponents: register self to cellappmgr...
    INFO    cellapp-1 11533 8001  [2018-07-21 10:27:26 192] - Components::findComponents: register self to baseappmgr...
    INFO    cellapp-1 11533 8001  [2018-07-21 10:27:26 250] - Components::process(): Found all the components!
    INFO    cellapp-1 11533 8001  [2018-07-21 10:27:26 252] - ServerApp::onRegisterNewApp: uid:11533, username:, componentType:baseapp, componentID:7001, globalorderID=5, grouporderID=1, intaddr:192.168.0.106, intport:50128, extaddr:192.168.0.106, extport:20015,  from 192.168.0.106:50126/0/0/0.
    INFO    cellapp-1 11533 8001  [2018-07-21 10:27:26 252] - Components::addComponent[baseapp], uid=11533, componentID=7001, globalorderid=5, grouporderid=1, totalcount=1
    INFO    cellapp-1 11533 8001  [2018-07-21 10:27:29 251] - EntityApp::onDbmgrInitCompleted: entityID alloc(1-2001), startGlobalOrder=4, startGroupOrder=1, digest=15DC6C1C25165CAC6F3F6B116C6DA103.
    INFO    cellapp01 11533 8001  [2018-07-21 10:27:29 251] - IDClient::onAddRange: number of ids increased from 1 to 2001.
   S_DBG    cellapp01 11533 8001  [2018-07-21 10:27:30 456] - onInit::isReload:0
 WARNING    cellapp01 11533 8001  [2018-07-21 10:27:30 457] - e:\kbengine\kbe\src\lib\server\entity_app.h:749: Profile processRecvMessages took 1.21 seconds
 WARNING    cellapp01 11533 8001  [2018-07-21 10:27:30 457] - e:\kbengine\kbe\src\server\cellapp\cellapp.cpp:245: Profile gameTick took 1.21 seconds
 WARNING    cellapp01 11533 8001  [2018-07-21 10:27:30 457] - e:\kbengine\kbe\src\lib\network\event_dispatcher.cpp:153: Profile callSystemTimers took 1.21 seconds
 WARNING    cellapp01 11533 8001  [2018-07-21 10:27:30 458] - EntityApp::checkTickPeriod: tick took 1207% (1.21 seconds)!
   DEBUG    cellapp01 11533 8001  [2018-07-21 10:27:30 492] - InitProgressHandler::~InitProgressHandler()
   S_DBG    cellapp01 11533 8001  [2018-07-21 10:27:31 152] - onGlobalData: Halls
   DEBUG    cellapp01 11533 8001  [2018-07-21 10:27:45 051] - Spaces::createNewSpace: new space(Room) 1.
    INFO    cellapp01 11533 8001  [2018-07-21 10:27:45 051] - EntityApp::createEntity: new Room 2003
    INFO    cellapp01 11533 8001  [2018-07-21 10:27:45 052] - KBEngine::addSpaceGeometryMapping: spaceID=1, respath=spaces/mjRoom, shouldLoadOnServer=1!
    INFO    cellapp01 11533 8001  [2018-07-21 10:27:45 151] - KBEngine::onLoadedSpaceGeometryMapping: spaceID=1, respath=spaces/mjRoom!
   S_DBG    cellapp01 11533 8001  [2018-07-21 10:27:45 151] - 玩家进来了---2002 座位号为 0
    INFO    cellapp01 11533 8001  [2018-07-21 10:27:45 251] - EntityApp::createEntity: new Account 2002
   S_DBG    cellapp01 11533 8001  [2018-07-21 10:27:46 651] - 2002
   S_DBG    cellapp01 11533 8001  [2018-07-21 10:27:46 651] - True
   S_DBG    cellapp01 11533 8001  [2018-07-21 10:27:46 751] - cell account
   S_DBG    cellapp01 11533 8001  [2018-07-21 10:27:46 751] - 1
   S_DBG    cellapp01 11533 8001  [2018-07-21 10:27:56 050] - 玩家进来了---2004 座位号为 1
    INFO    cellapp01 11533 8001  [2018-07-21 10:27:56 150] - EntityApp::createEntity: new Account 2004
   S_DBG    cellapp01 11533 8001  [2018-07-21 10:28:02 751] - 2004
   S_DBG    cellapp01 11533 8001  [2018-07-21 10:28:02 751] - True
   S_DBG    cellapp01 11533 8001  [2018-07-21 10:28:02 751] - 全部就位---开始处理！
   S_DBG    cellapp01 11533 8001  [2018-07-21 10:28:02 756] - 游戏开始！
   S_DBG    cellapp01 11533 8001  [2018-07-21 10:28:02 851] - cell account
   S_DBG    cellapp01 11533 8001  [2018-07-21 10:28:02 851] - 1
    INFO    cellapp-1 12212 8001  [2018-07-21 10:30:38 352] - -----------------------------------------------------------------------------------------


    INFO    cellapp-1 12212 8001  [2018-07-21 10:30:38 353] - Resmgr::initialize: KBE_ROOT=E:/kbengine/
    INFO    cellapp-1 12212 8001  [2018-07-21 10:30:38 353] - Resmgr::initialize: KBE_RES_PATH=E:/kbengine/kbe/res/;E:/kbengine/assets/;E:/kbengine/assets/scripts/;E:/kbengine/assets/res/
    INFO    cellapp-1 12212 8001  [2018-07-21 10:30:38 353] - Resmgr::initialize: KBE_BIN_PATH=E:/kbengine/kbe/bin/server/
    INFO    cellapp-1 12212 8001  [2018-07-21 10:30:38 367] - NetworkInterface::initialize(INTERNAL): bound to all interfaces with default route interface on 192.168.0.106 ( 192.168.0.106:50191 )
    INFO    cellapp-1 12212 8001  [2018-07-21 10:30:38 367] - NetworkInterface::initialize(INTERNAL): address 192.168.0.106:50191, SOMAXCONN=5.
    INFO    cellapp-1 12212 8001  [2018-07-21 10:30:38 367] - server-configs:
    INFO    cellapp-1 12212 8001  [2018-07-21 10:30:38 367] - 	gameUpdateHertz : 10
    INFO    cellapp-1 12212 8001  [2018-07-21 10:30:38 367] - 	defaultViewRadius : 80
    INFO    cellapp-1 12212 8001  [2018-07-21 10:30:38 368] - 	defaultViewHysteresisArea : 5
    INFO    cellapp-1 12212 8001  [2018-07-21 10:30:38 368] - 	entryScriptFile : kbemain
    INFO    cellapp-1 12212 8001  [2018-07-21 10:30:38 368] - 	internalAddr : 192.168.0.106:50191
    INFO    cellapp-1 12212 8001  [2018-07-21 10:30:38 368] - 	componentID : 8001
    INFO    cellapp-1 12212 8001  [2018-07-21 10:30:39 873] - ---- cellapp Version: 2.0.0. ScriptVersion: 0.1.0. Protocol: 85A70C5E64F896E0F1A60BF405B4EB07. Config: Debug X86. Built: 15:53:53 Apr 29 2018. AppID: 8001. UID: 12212. PID: 9388 ----
    INFO    cellapp-1 12212 8001  [2018-07-21 10:30:39 874] - Server : Intel(R) Xeon(R) CPU E3-1230 v3 @ 3.30GHz with 4194303kB RAM
    INFO    cellapp-1 12212 8001  [2018-07-21 10:30:39 874] - ThreadPool::createThreadPool: creating  threadpool...
    INFO    cellapp-1 12212 8001  [2018-07-21 10:30:39 874] - ThreadPool::createThreadPool: successfully(2), newThreadCount=1, normalMaxThreadCount=2, maxThreadCount=8
   DEBUG    cellapp-1 12212 8001  [2018-07-21 10:30:40 000] - Script::install_py_dlls(): PyInit_pyexpat
   DEBUG    cellapp-1 12212 8001  [2018-07-21 10:30:40 001] - Script::install_py_dlls(): PyInit__socket
   DEBUG    cellapp-1 12212 8001  [2018-07-21 10:30:40 001] - Script::install_py_dlls(): PyInit__ssl
   DEBUG    cellapp-1 12212 8001  [2018-07-21 10:30:40 004] - Script::install_py_dlls(): PyInit__hashlib
   DEBUG    cellapp-1 12212 8001  [2018-07-21 10:30:40 004] - Script::install_py_dlls(): PyInit_select
   DEBUG    cellapp-1 12212 8001  [2018-07-21 10:30:40 004] - Script::install_py_dlls(): PyInit__ctypes
   DEBUG    cellapp-1 12212 8001  [2018-07-21 10:30:40 005] - Script::install_py_dlls(): PyInit__elementtree
   DEBUG    cellapp-1 12212 8001  [2018-07-21 10:30:40 035] - Script::install_py_dlls(): PyInit_unicodedata
    INFO    cellapp-1 12212 8001  [2018-07-21 10:30:40 063] - Script::install(): is successfully, Python=(3.4.2 (default, Apr 29 2018, 15:53:05) [MSC v.1913 32 bit (Intel)])!
    INFO    cellapp-1 12212 8001  [2018-07-21 10:30:40 063] - Script::install(): KBExtra is successfully!
   DEBUG    cellapp-1 12212 8001  [2018-07-21 10:30:40 079] - loaded entity-script:Account(1).
   DEBUG    cellapp-1 12212 8001  [2018-07-21 10:30:40 087] - loaded entity-script:Room(4).
    INFO    cellapp-1 12212 8001  [2018-07-21 10:30:40 087] - TelnetServer server is running on port 50000
    INFO    cellapp-1 12212 8001  [2018-07-21 10:30:40 418] - ---- cellapp is running ----
   DEBUG    cellapp-1 12212 8001  [2018-07-21 10:30:40 418] - Components::process(): Request for the process of identity...
 WARNING    cellapp-1 12212 8001  [2018-07-21 10:30:46 486] - EntityApp::checkTickPeriod: tick took 6067% (6.07 seconds)!
    INFO    cellapp-1 12212 8001  [2018-07-21 10:30:47 518] - Components::findComponents: find logger(1)...
    INFO    cellapp-1 12212 8001  [2018-07-21 10:30:47 581] - Components::findComponents: found logger, addr:192.168.0.106:50190
    INFO    cellapp-1 12212 8001  [2018-07-21 10:30:47 582] - Components::addComponent: reset orderLog, uid=12212!
    INFO    cellapp-1 12212 8001  [2018-07-21 10:30:47 582] - Components::addComponent[logger], uid=12212, componentID=2000, globalorderid=1, grouporderid=1, totalcount=1
    INFO    cellapp-1 12212 8001  [2018-07-21 10:30:47 584] - Components::findComponents: find dbmgr(2)...
    INFO    cellapp-1 12212 8001  [2018-07-21 10:30:47 686] - Components::findComponents: found dbmgr, addr:192.168.0.106:50193
    INFO    cellapp-1 12212 8001  [2018-07-21 10:30:47 687] - Components::addComponent: reset orderLog, uid=12212!
    INFO    cellapp-1 12212 8001  [2018-07-21 10:30:47 687] - Components::addComponent[dbmgr], uid=12212, componentID=4000, globalorderid=1, grouporderid=1, totalcount=1
    INFO    cellapp-1 12212 8001  [2018-07-21 10:30:47 688] - Components::findComponents: found dbmgr, addr:192.168.0.106:50193
 WARNING    cellapp-1 12212 8001  [2018-07-21 10:30:48 689] - EntityApp::checkTickPeriod: tick took 1270% (1.27 seconds)!
    INFO    cellapp-1 12212 8001  [2018-07-21 10:30:49 718] - Components::findComponents: find cellappmgr(1)...
    INFO    cellapp-1 12212 8001  [2018-07-21 10:30:49 819] - Components::findComponents: found cellappmgr, addr:192.168.0.106:50195
    INFO    cellapp-1 12212 8001  [2018-07-21 10:30:49 819] - Components::addComponent[cellappmgr], uid=12212, componentID=6000, globalorderid=2, grouporderid=1, totalcount=1
    INFO    cellapp-1 12212 8001  [2018-07-21 10:30:49 820] - Components::findComponents: found cellappmgr, addr:192.168.0.106:50195
 WARNING    cellapp-1 12212 8001  [2018-07-21 10:30:50 820] - EntityApp::checkTickPeriod: tick took 1202% (1.20 seconds)!
    INFO    cellapp-1 12212 8001  [2018-07-21 10:30:51 864] - Components::findComponents: find baseappmgr(1)...
    INFO    cellapp-1 12212 8001  [2018-07-21 10:30:51 932] - Components::findComponents: found baseappmgr, addr:192.168.0.106:50192
    INFO    cellapp-1 12212 8001  [2018-07-21 10:30:51 932] - Components::addComponent[baseappmgr], uid=12212, componentID=5000, globalorderid=3, grouporderid=1, totalcount=1
    INFO    cellapp-1 12212 8001  [2018-07-21 10:30:51 933] - Components::findComponents: found baseappmgr, addr:192.168.0.106:50192
 WARNING    cellapp-1 12212 8001  [2018-07-21 10:30:52 933] - EntityApp::checkTickPeriod: tick took 1114% (1.11 seconds)!
    INFO    cellapp-1 12212 8001  [2018-07-21 10:30:54 064] - Components::findComponents: register self to dbmgr...
    INFO    cellapp-1 12212 8001  [2018-07-21 10:30:54 118] - Components::findComponents: register self to cellappmgr...
    INFO    cellapp-1 12212 8001  [2018-07-21 10:30:54 163] - Components::findComponents: register self to baseappmgr...
    INFO    cellapp-1 12212 8001  [2018-07-21 10:30:54 182] - Components::process(): Found all the components!
    INFO    cellapp-1 12212 8001  [2018-07-21 10:30:54 219] - ServerApp::onRegisterNewApp: uid:12212, username:, componentType:baseapp, componentID:7001, globalorderID=5, grouporderID=1, intaddr:192.168.0.106, intport:50194, extaddr:192.168.0.106, extport:20015,  from 192.168.0.106:50193/0/0/0.
    INFO    cellapp-1 12212 8001  [2018-07-21 10:30:54 219] - Components::addComponent[baseapp], uid=12212, componentID=7001, globalorderid=5, grouporderid=1, totalcount=1
    INFO    cellapp-1 12212 8001  [2018-07-21 10:30:57 219] - EntityApp::onDbmgrInitCompleted: entityID alloc(1-2001), startGlobalOrder=4, startGroupOrder=1, digest=15DC6C1C25165CAC6F3F6B116C6DA103.
    INFO    cellapp01 12212 8001  [2018-07-21 10:30:57 219] - IDClient::onAddRange: number of ids increased from 1 to 2001.
 WARNING    cellapp01 12212 8001  [2018-07-21 10:30:58 130] - BundleBroadcast::BundleBroadcast: Cannot bind to port 20709, errorno=10048
   S_DBG    cellapp01 12212 8001  [2018-07-21 10:30:58 740] - onInit::isReload:0
 WARNING    cellapp01 12212 8001  [2018-07-21 10:30:58 740] - e:\kbengine\kbe\src\lib\server\entity_app.h:749: Profile processRecvMessages took 1.52 seconds
 WARNING    cellapp01 12212 8001  [2018-07-21 10:30:58 740] - e:\kbengine\kbe\src\server\cellapp\cellapp.cpp:245: Profile gameTick took 1.52 seconds
 WARNING    cellapp01 12212 8001  [2018-07-21 10:30:58 740] - e:\kbengine\kbe\src\lib\network\event_dispatcher.cpp:153: Profile callSystemTimers took 1.52 seconds
 WARNING    cellapp01 12212 8001  [2018-07-21 10:30:58 741] - EntityApp::checkTickPeriod: tick took 1522% (1.52 seconds)!
   DEBUG    cellapp01 12212 8001  [2018-07-21 10:30:58 763] - InitProgressHandler::~InitProgressHandler()
   S_DBG    cellapp01 12212 8001  [2018-07-21 10:30:59 318] - onGlobalData: Halls
   DEBUG    cellapp01 12212 8001  [2018-07-21 10:31:23 818] - Spaces::createNewSpace: new space(Room) 1.
    INFO    cellapp01 12212 8001  [2018-07-21 10:31:23 819] - EntityApp::createEntity: new Room 2003
    INFO    cellapp01 12212 8001  [2018-07-21 10:31:23 820] - KBEngine::addSpaceGeometryMapping: spaceID=1, respath=spaces/mjRoom, shouldLoadOnServer=1!
    INFO    cellapp01 12212 8001  [2018-07-21 10:31:23 918] - KBEngine::onLoadedSpaceGeometryMapping: spaceID=1, respath=spaces/mjRoom!
   S_DBG    cellapp01 12212 8001  [2018-07-21 10:31:23 918] - 玩家进来了---2002 座位号为 0
    INFO    cellapp01 12212 8001  [2018-07-21 10:31:24 018] - EntityApp::createEntity: new Account 2002
   S_DBG    cellapp01 12212 8001  [2018-07-21 10:31:25 518] - 2002
   S_DBG    cellapp01 12212 8001  [2018-07-21 10:31:25 518] - True
   S_DBG    cellapp01 12212 8001  [2018-07-21 10:31:25 618] - cell account
   S_DBG    cellapp01 12212 8001  [2018-07-21 10:31:25 618] - 1
   S_DBG    cellapp01 12212 8001  [2018-07-21 10:31:34 519] - 玩家进来了---2004 座位号为 1
    INFO    cellapp01 12212 8001  [2018-07-21 10:31:34 619] - EntityApp::createEntity: new Account 2004
   S_DBG    cellapp01 12212 8001  [2018-07-21 10:31:37 419] - 2004
   S_DBG    cellapp01 12212 8001  [2018-07-21 10:31:37 419] - True
   S_DBG    cellapp01 12212 8001  [2018-07-21 10:31:37 420] - 全部就位---开始处理！
   S_DBG    cellapp01 12212 8001  [2018-07-21 10:31:37 424] - 游戏开始！
   S_DBG    cellapp01 12212 8001  [2018-07-21 10:31:37 519] - cell account
   S_DBG    cellapp01 12212 8001  [2018-07-21 10:31:37 519] - 1
   DEBUG    cellapp01 12212 8001  [2018-07-21 10:38:10 624] - Account::onWriteToDB(): 2004.
   DEBUG    cellapp01 12212 8001  [2018-07-21 10:40:40 626] - Account::onWriteToDB(): 2002.
   DEBUG    cellapp01 12212 8001  [2018-07-21 10:43:10 628] - Account::onWriteToDB(): 2002.
   DEBUG    cellapp01 12212 8001  [2018-07-21 10:45:40 630] - Account::onWriteToDB(): 2004.
   DEBUG    cellapp01 12212 8001  [2018-07-21 10:48:10 632] - Account::onWriteToDB(): 2004.
   DEBUG    cellapp01 12212 8001  [2018-07-21 10:50:40 634] - Account::onWriteToDB(): 2002.
   DEBUG    cellapp01 12212 8001  [2018-07-21 10:53:10 636] - Account::onWriteToDB(): 2004.
   DEBUG    cellapp01 12212 8001  [2018-07-21 10:55:40 638] - Account::onWriteToDB(): 2002.
   DEBUG    cellapp01 12212 8001  [2018-07-21 10:58:10 639] - Account::onWriteToDB(): 2004.
   DEBUG    cellapp01 12212 8001  [2018-07-21 11:00:40 642] - Account::onWriteToDB(): 2002.
   DEBUG    cellapp01 12212 8001  [2018-07-21 11:03:10 643] - Account::onWriteToDB(): 2004.
   DEBUG    cellapp01 12212 8001  [2018-07-21 11:05:40 646] - Account::onWriteToDB(): 2002.
   DEBUG    cellapp01 12212 8001  [2018-07-21 11:08:10 648] - Account::onWriteToDB(): 2002.
   DEBUG    cellapp01 12212 8001  [2018-07-21 11:10:40 649] - Account::onWriteToDB(): 2004.
   DEBUG    cellapp01 12212 8001  [2018-07-21 11:13:10 652] - Account::onWriteToDB(): 2004.
   DEBUG    cellapp01 12212 8001  [2018-07-21 11:15:40 653] - Account::onWriteToDB(): 2002.
   DEBUG    cellapp01 12212 8001  [2018-07-21 11:18:10 655] - Account::onWriteToDB(): 2004.
   DEBUG    cellapp01 12212 8001  [2018-07-21 11:20:40 657] - Account::onWriteToDB(): 2002.
   DEBUG    cellapp01 12212 8001  [2018-07-21 11:23:10 659] - Account::onWriteToDB(): 2004.
   DEBUG    cellapp01 12212 8001  [2018-07-21 11:25:40 662] - Account::onWriteToDB(): 2002.
   DEBUG    cellapp01 12212 8001  [2018-07-21 11:28:10 663] - Account::onWriteToDB(): 2002.
   DEBUG    cellapp01 12212 8001  [2018-07-21 11:30:40 665] - Account::onWriteToDB(): 2004.
   DEBUG    cellapp01 12212 8001  [2018-07-21 11:33:10 667] - Account::onWriteToDB(): 2002.
   DEBUG    cellapp01 12212 8001  [2018-07-21 11:35:40 669] - Account::onWriteToDB(): 2004.
   DEBUG    cellapp01 12212 8001  [2018-07-21 11:38:10 671] - Account::onWriteToDB(): 2004.
   DEBUG    cellapp01 12212 8001  [2018-07-21 11:40:40 673] - Account::onWriteToDB(): 2002.
   DEBUG    cellapp01 12212 8001  [2018-07-21 11:43:10 675] - Account::onWriteToDB(): 2002.
   DEBUG    cellapp01 12212 8001  [2018-07-21 11:45:40 676] - Account::onWriteToDB(): 2004.
   DEBUG    cellapp01 12212 8001  [2018-07-21 11:48:10 679] - Account::onWriteToDB(): 2004.
   DEBUG    cellapp01 12212 8001  [2018-07-21 11:50:40 680] - Account::onWriteToDB(): 2002.
   DEBUG    cellapp01 12212 8001  [2018-07-21 11:53:10 683] - Account::onWriteToDB(): 2004.
   DEBUG    cellapp01 12212 8001  [2018-07-21 11:55:40 685] - Account::onWriteToDB(): 2002.
   DEBUG    cellapp01 12212 8001  [2018-07-21 11:58:10 686] - Account::onWriteToDB(): 2004.
   DEBUG    cellapp01 12212 8001  [2018-07-21 12:00:40 689] - Account::onWriteToDB(): 2002.
   DEBUG    cellapp01 12212 8001  [2018-07-21 12:03:10 690] - Account::onWriteToDB(): 2002.
   DEBUG    cellapp01 12212 8001  [2018-07-21 12:05:40 693] - Account::onWriteToDB(): 2004.
   DEBUG    cellapp01 12212 8001  [2018-07-21 12:08:10 695] - Account::onWriteToDB(): 2004.
   DEBUG    cellapp01 12212 8001  [2018-07-21 12:10:40 696] - Account::onWriteToDB(): 2002.
   DEBUG    cellapp01 12212 8001  [2018-07-21 12:13:10 699] - Account::onWriteToDB(): 2002.
   DEBUG    cellapp01 12212 8001  [2018-07-21 12:15:40 700] - Account::onWriteToDB(): 2004.
   DEBUG    cellapp01 12212 8001  [2018-07-21 12:18:10 702] - Account::onWriteToDB(): 2004.
   DEBUG    cellapp01 12212 8001  [2018-07-21 12:20:40 704] - Account::onWriteToDB(): 2002.
   DEBUG    cellapp01 12212 8001  [2018-07-21 12:23:10 706] - Account::onWriteToDB(): 2004.
   DEBUG    cellapp01 12212 8001  [2018-07-21 12:25:40 709] - Account::onWriteToDB(): 2002.
   DEBUG    cellapp01 12212 8001  [2018-07-21 12:28:10 710] - Account::onWriteToDB(): 2004.
   DEBUG    cellapp01 12212 8001  [2018-07-21 12:30:40 712] - Account::onWriteToDB(): 2002.
   DEBUG    cellapp01 12212 8001  [2018-07-21 12:33:10 714] - Account::onWriteToDB(): 2002.
   DEBUG    cellapp01 12212 8001  [2018-07-21 12:35:40 716] - Account::onWriteToDB(): 2004.
   DEBUG    cellapp01 12212 8001  [2018-07-21 12:38:10 717] - Account::onWriteToDB(): 2002.
   DEBUG    cellapp01 12212 8001  [2018-07-21 12:40:40 720] - Account::onWriteToDB(): 2004.
   DEBUG    cellapp01 12212 8001  [2018-07-21 12:43:10 722] - Account::onWriteToDB(): 2004.
   DEBUG    cellapp01 12212 8001  [2018-07-21 12:45:40 724] - Account::onWriteToDB(): 2002.
   DEBUG    cellapp01 12212 8001  [2018-07-21 12:48:10 726] - Account::onWriteToDB(): 2002.
   DEBUG    cellapp01 12212 8001  [2018-07-21 12:50:40 727] - Account::onWriteToDB(): 2004.
   DEBUG    cellapp01 12212 8001  [2018-07-21 12:53:10 730] - Account::onWriteToDB(): 2004.
   DEBUG    cellapp01 12212 8001  [2018-07-21 12:55:40 732] - Account::onWriteToDB(): 2002.
   DEBUG    cellapp01 12212 8001  [2018-07-21 12:58:10 733] - Account::onWriteToDB(): 2002.
   DEBUG    cellapp01 12212 8001  [2018-07-21 13:00:40 736] - Account::onWriteToDB(): 2004.
   DEBUG    cellapp01 12212 8001  [2018-07-21 13:03:10 737] - Account::onWriteToDB(): 2002.
   DEBUG    cellapp01 12212 8001  [2018-07-21 13:05:40 739] - Account::onWriteToDB(): 2004.
   DEBUG    cellapp01 12212 8001  [2018-07-21 13:08:10 741] - Account::onWriteToDB(): 2004.
   DEBUG    cellapp01 12212 8001  [2018-07-21 13:10:40 743] - Account::onWriteToDB(): 2002.
   DEBUG    cellapp01 12212 8001  [2018-07-21 13:13:10 746] - Account::onWriteToDB(): 2004.
   DEBUG    cellapp01 12212 8001  [2018-07-21 13:15:40 747] - Account::onWriteToDB(): 2002.
   DEBUG    cellapp01 12212 8001  [2018-07-21 13:18:10 749] - Account::onWriteToDB(): 2002.
   DEBUG    cellapp01 12212 8001  [2018-07-21 13:20:40 751] - Account::onWriteToDB(): 2004.
   DEBUG    cellapp01 12212 8001  [2018-07-21 13:23:10 753] - Account::onWriteToDB(): 2002.
   DEBUG    cellapp01 12212 8001  [2018-07-21 13:25:40 754] - Account::onWriteToDB(): 2004.
   DEBUG    cellapp01 12212 8001  [2018-07-21 13:28:10 757] - Account::onWriteToDB(): 2004.
   DEBUG    cellapp01 12212 8001  [2018-07-21 13:30:40 759] - Account::onWriteToDB(): 2002.
   DEBUG    cellapp01 12212 8001  [2018-07-21 13:33:10 761] - Account::onWriteToDB(): 2004.
   DEBUG    cellapp01 12212 8001  [2018-07-21 13:35:40 763] - Account::onWriteToDB(): 2002.
   DEBUG    cellapp01 12212 8001  [2018-07-21 13:38:10 764] - Account::onWriteToDB(): 2004.
   DEBUG    cellapp01 12212 8001  [2018-07-21 13:40:40 767] - Account::onWriteToDB(): 2002.
   DEBUG    cellapp01 12212 8001  [2018-07-21 13:43:10 769] - Account::onWriteToDB(): 2004.
   DEBUG    cellapp01 12212 8001  [2018-07-21 13:45:40 770] - Account::onWriteToDB(): 2002.
   DEBUG    cellapp01 12212 8001  [2018-07-21 13:48:10 773] - Account::onWriteToDB(): 2004.
   DEBUG    cellapp01 12212 8001  [2018-07-21 13:50:40 774] - Account::onWriteToDB(): 2002.
   DEBUG    cellapp01 12212 8001  [2018-07-21 13:53:10 777] - Account::onWriteToDB(): 2004.
   DEBUG    cellapp01 12212 8001  [2018-07-21 13:55:40 778] - Account::onWriteToDB(): 2002.
   DEBUG    cellapp01 12212 8001  [2018-07-21 13:58:10 780] - Account::onWriteToDB(): 2002.
   DEBUG    cellapp01 12212 8001  [2018-07-21 14:00:40 783] - Account::onWriteToDB(): 2004.
   DEBUG    cellapp01 12212 8001  [2018-07-21 14:03:10 784] - Account::onWriteToDB(): 2004.
   DEBUG    cellapp01 12212 8001  [2018-07-21 14:05:40 786] - Account::onWriteToDB(): 2002.
   DEBUG    cellapp01 12212 8001  [2018-07-21 14:08:10 788] - Account::onWriteToDB(): 2004.
   DEBUG    cellapp01 12212 8001  [2018-07-21 14:10:40 790] - Account::onWriteToDB(): 2002.
   DEBUG    cellapp01 12212 8001  [2018-07-21 14:13:10 792] - Account::onWriteToDB(): 2004.
   DEBUG    cellapp01 12212 8001  [2018-07-21 14:15:40 794] - Account::onWriteToDB(): 2002.
   DEBUG    cellapp01 12212 8001  [2018-07-21 14:18:10 796] - Account::onWriteToDB(): 2004.
   DEBUG    cellapp01 12212 8001  [2018-07-21 14:20:40 798] - Account::onWriteToDB(): 2002.
   DEBUG    cellapp01 12212 8001  [2018-07-21 14:23:10 800] - Account::onWriteToDB(): 2004.
   DEBUG    cellapp01 12212 8001  [2018-07-21 14:25:40 801] - Account::onWriteToDB(): 2002.
   DEBUG    cellapp01 12212 8001  [2018-07-21 14:28:10 804] - Account::onWriteToDB(): 2002.
   DEBUG    cellapp01 12212 8001  [2018-07-21 14:30:40 806] - Account::onWriteToDB(): 2004.
   DEBUG    cellapp01 12212 8001  [2018-07-21 14:33:10 808] - Account::onWriteToDB(): 2002.
   DEBUG    cellapp01 12212 8001  [2018-07-21 14:35:40 810] - Account::onWriteToDB(): 2004.
   DEBUG    cellapp01 12212 8001  [2018-07-21 14:38:10 811] - Account::onWriteToDB(): 2004.
   DEBUG    cellapp01 12212 8001  [2018-07-21 14:40:40 814] - Account::onWriteToDB(): 2002.
   DEBUG    cellapp01 12212 8001  [2018-07-21 14:43:10 815] - Account::onWriteToDB(): 2002.
   DEBUG    cellapp01 12212 8001  [2018-07-21 14:45:40 817] - Account::onWriteToDB(): 2004.
   DEBUG    cellapp01 12212 8001  [2018-07-21 14:48:10 820] - Account::onWriteToDB(): 2004.
   DEBUG    cellapp01 12212 8001  [2018-07-21 14:50:40 821] - Account::onWriteToDB(): 2002.
   DEBUG    cellapp01 12212 8001  [2018-07-21 14:53:10 723] - Account::onWriteToDB(): 2004.
   DEBUG    cellapp01 12212 8001  [2018-07-21 14:55:40 725] - Account::onWriteToDB(): 2002.
   DEBUG    cellapp01 12212 8001  [2018-07-21 14:58:10 727] - Account::onWriteToDB(): 2002.
   DEBUG    cellapp01 12212 8001  [2018-07-21 15:00:40 729] - Account::onWriteToDB(): 2004.
   DEBUG    cellapp01 12212 8001  [2018-07-21 15:03:10 731] - Account::onWriteToDB(): 2002.
   DEBUG    cellapp01 12212 8001  [2018-07-21 15:05:40 733] - Account::onWriteToDB(): 2004.
   DEBUG    cellapp01 12212 8001  [2018-07-21 15:08:10 735] - Account::onWriteToDB(): 2002.
   DEBUG    cellapp01 12212 8001  [2018-07-21 15:10:40 737] - Account::onWriteToDB(): 2004.
   DEBUG    cellapp01 12212 8001  [2018-07-21 15:13:10 739] - Account::onWriteToDB(): 2004.
   DEBUG    cellapp01 12212 8001  [2018-07-21 15:15:40 741] - Account::onWriteToDB(): 2002.
   DEBUG    cellapp01 12212 8001  [2018-07-21 15:18:10 743] - Account::onWriteToDB(): 2004.
   DEBUG    cellapp01 12212 8001  [2018-07-21 15:20:40 745] - Account::onWriteToDB(): 2002.
   DEBUG    cellapp01 12212 8001  [2018-07-21 15:23:10 747] - Account::onWriteToDB(): 2004.
   DEBUG    cellapp01 12212 8001  [2018-07-21 15:25:40 748] - Account::onWriteToDB(): 2002.
   DEBUG    cellapp01 12212 8001  [2018-07-21 15:28:10 751] - Account::onWriteToDB(): 2004.
   DEBUG    cellapp01 12212 8001  [2018-07-21 15:30:40 752] - Account::onWriteToDB(): 2002.
   DEBUG    cellapp01 12212 8001  [2018-07-21 15:33:10 755] - Account::onWriteToDB(): 2002.
   DEBUG    cellapp01 12212 8001  [2018-07-21 15:35:40 757] - Account::onWriteToDB(): 2004.
   DEBUG    cellapp01 12212 8001  [2018-07-21 15:38:10 758] - Account::onWriteToDB(): 2002.
   DEBUG    cellapp01 12212 8001  [2018-07-21 15:40:40 761] - Account::onWriteToDB(): 2004.
   DEBUG    cellapp01 12212 8001  [2018-07-21 15:43:10 762] - Account::onWriteToDB(): 2004.
   DEBUG    cellapp01 12212 8001  [2018-07-21 15:45:40 764] - Account::onWriteToDB(): 2002.
   DEBUG    cellapp01 12212 8001  [2018-07-21 15:48:10 767] - Account::onWriteToDB(): 2002.
   DEBUG    cellapp01 12212 8001  [2018-07-21 15:50:40 768] - Account::onWriteToDB(): 2004.
   DEBUG    cellapp01 12212 8001  [2018-07-21 15:53:10 771] - Account::onWriteToDB(): 2004.
   DEBUG    cellapp01 12212 8001  [2018-07-21 15:55:40 772] - Account::onWriteToDB(): 2002.
   DEBUG    cellapp01 12212 8001  [2018-07-21 15:58:10 774] - Account::onWriteToDB(): 2002.
   DEBUG    cellapp01 12212 8001  [2018-07-21 16:00:40 776] - Account::onWriteToDB(): 2004.
   DEBUG    cellapp01 12212 8001  [2018-07-21 16:03:10 778] - Account::onWriteToDB(): 2004.
   DEBUG    cellapp01 12212 8001  [2018-07-21 16:05:40 780] - Account::onWriteToDB(): 2002.
   DEBUG    cellapp01 12212 8001  [2018-07-21 16:08:10 782] - Account::onWriteToDB(): 2002.
   DEBUG    cellapp01 12212 8001  [2018-07-21 16:10:40 784] - Account::onWriteToDB(): 2004.
   DEBUG    cellapp01 12212 8001  [2018-07-21 16:13:10 786] - Account::onWriteToDB(): 2002.
   DEBUG    cellapp01 12212 8001  [2018-07-21 16:15:40 788] - Account::onWriteToDB(): 2004.
   DEBUG    cellapp01 12212 8001  [2018-07-21 16:18:10 789] - Account::onWriteToDB(): 2004.
   DEBUG    cellapp01 12212 8001  [2018-07-21 16:20:40 792] - Account::onWriteToDB(): 2002.
   DEBUG    cellapp01 12212 8001  [2018-07-21 16:23:10 794] - Account::onWriteToDB(): 2004.
   DEBUG    cellapp01 12212 8001  [2018-07-21 16:25:40 795] - Account::onWriteToDB(): 2002.
   DEBUG    cellapp01 12212 8001  [2018-07-21 16:28:10 798] - Account::onWriteToDB(): 2002.
   DEBUG    cellapp01 12212 8001  [2018-07-21 16:30:40 799] - Account::onWriteToDB(): 2004.
   DEBUG    cellapp01 12212 8001  [2018-07-21 16:33:10 802] - Account::onWriteToDB(): 2004.
   DEBUG    cellapp01 12212 8001  [2018-07-21 16:35:40 804] - Account::onWriteToDB(): 2002.
   DEBUG    cellapp01 12212 8001  [2018-07-21 16:38:10 805] - Account::onWriteToDB(): 2004.
   DEBUG    cellapp01 12212 8001  [2018-07-21 16:40:40 808] - Account::onWriteToDB(): 2002.
   DEBUG    cellapp01 12212 8001  [2018-07-21 16:43:10 809] - Account::onWriteToDB(): 2002.
   DEBUG    cellapp01 12212 8001  [2018-07-21 16:45:40 811] - Account::onWriteToDB(): 2004.
   DEBUG    cellapp01 12212 8001  [2018-07-21 16:48:10 813] - Account::onWriteToDB(): 2004.
   DEBUG    cellapp01 12212 8001  [2018-07-21 16:50:40 815] - Account::onWriteToDB(): 2002.
   DEBUG    cellapp01 12212 8001  [2018-07-21 16:53:10 818] - Account::onWriteToDB(): 2004.
   DEBUG    cellapp01 12212 8001  [2018-07-21 16:55:40 819] - Account::onWriteToDB(): 2002.
   DEBUG    cellapp01 12212 8001  [2018-07-21 16:58:10 821] - Account::onWriteToDB(): 2002.
   DEBUG    cellapp01 12212 8001  [2018-07-21 17:00:40 823] - Account::onWriteToDB(): 2004.
   DEBUG    cellapp01 12212 8001  [2018-07-21 17:03:10 825] - Account::onWriteToDB(): 2002.
   DEBUG    cellapp01 12212 8001  [2018-07-21 17:05:40 826] - Account::onWriteToDB(): 2004.
   DEBUG    cellapp01 12212 8001  [2018-07-21 17:08:10 829] - Account::onWriteToDB(): 2004.
   DEBUG    cellapp01 12212 8001  [2018-07-21 17:10:40 831] - Account::onWriteToDB(): 2002.
   DEBUG    cellapp01 12212 8001  [2018-07-21 17:13:10 833] - Account::onWriteToDB(): 2002.
   DEBUG    cellapp01 12212 8001  [2018-07-21 17:15:40 835] - Account::onWriteToDB(): 2004.
   DEBUG    cellapp01 12212 8001  [2018-07-21 17:18:10 836] - Account::onWriteToDB(): 2004.
   DEBUG    cellapp01 12212 8001  [2018-07-21 17:20:40 839] - Account::onWriteToDB(): 2002.
   DEBUG    cellapp01 12212 8001  [2018-07-21 17:23:10 841] - Account::onWriteToDB(): 2002.
   DEBUG    cellapp01 12212 8001  [2018-07-21 17:25:40 842] - Account::onWriteToDB(): 2004.
   DEBUG    cellapp01 12212 8001  [2018-07-21 17:28:10 845] - Account::onWriteToDB(): 2002.
   DEBUG    cellapp01 12212 8001  [2018-07-21 17:30:40 846] - Account::onWriteToDB(): 2004.
   DEBUG    cellapp01 12212 8001  [2018-07-21 17:33:10 849] - Account::onWriteToDB(): 2004.
   DEBUG    cellapp01 12212 8001  [2018-07-21 17:35:40 850] - Account::onWriteToDB(): 2002.
   DEBUG    cellapp01 12212 8001  [2018-07-21 17:38:10 852] - Account::onWriteToDB(): 2004.
   DEBUG    cellapp01 12212 8001  [2018-07-21 17:40:40 855] - Account::onWriteToDB(): 2002.
   DEBUG    cellapp01 12212 8001  [2018-07-21 17:43:10 856] - Account::onWriteToDB(): 2004.
   DEBUG    cellapp01 12212 8001  [2018-07-21 17:45:40 858] - Account::onWriteToDB(): 2002.
   DEBUG    cellapp01 12212 8001  [2018-07-21 17:48:10 860] - Account::onWriteToDB(): 2004.
   DEBUG    cellapp01 12212 8001  [2018-07-21 17:50:40 862] - Account::onWriteToDB(): 2002.
   DEBUG    cellapp01 12212 8001  [2018-07-21 17:53:10 864] - Account::onWriteToDB(): 2004.
   DEBUG    cellapp01 12212 8001  [2018-07-21 17:55:40 866] - Account::onWriteToDB(): 2002.
   DEBUG    cellapp01 12212 8001  [2018-07-21 17:58:10 868] - Account::onWriteToDB(): 2004.
   DEBUG    cellapp01 12212 8001  [2018-07-21 18:00:40 870] - Account::onWriteToDB(): 2002.
   DEBUG    cellapp01 12212 8001  [2018-07-21 18:03:10 872] - Account::onWriteToDB(): 2002.
   DEBUG    cellapp01 12212 8001  [2018-07-21 18:05:40 873] - Account::onWriteToDB(): 2004.
   DEBUG    cellapp01 12212 8001  [2018-07-21 18:08:10 876] - Account::onWriteToDB(): 2004.
   DEBUG    cellapp01 12212 8001  [2018-07-21 18:10:40 878] - Account::onWriteToDB(): 2002.
   DEBUG    cellapp01 12212 8001  [2018-07-21 18:13:10 880] - Account::onWriteToDB(): 2002.
   DEBUG    cellapp01 12212 8001  [2018-07-21 18:15:40 882] - Account::onWriteToDB(): 2004.
   DEBUG    cellapp01 12212 8001  [2018-07-21 18:18:10 883] - Account::onWriteToDB(): 2004.
   DEBUG    cellapp01 12212 8001  [2018-07-21 18:20:40 886] - Account::onWriteToDB(): 2002.
   DEBUG    cellapp01 12212 8001  [2018-07-21 18:23:10 887] - Account::onWriteToDB(): 2002.
   DEBUG    cellapp01 12212 8001  [2018-07-21 18:25:40 889] - Account::onWriteToDB(): 2004.
   DEBUG    cellapp01 12212 8001  [2018-07-21 18:28:10 892] - Account::onWriteToDB(): 2004.
   DEBUG    cellapp01 12212 8001  [2018-07-21 18:30:40 893] - Account::onWriteToDB(): 2002.
   DEBUG    cellapp01 12212 8001  [2018-07-21 18:33:10 896] - Account::onWriteToDB(): 2004.
   DEBUG    cellapp01 12212 8001  [2018-07-21 18:35:40 897] - Account::onWriteToDB(): 2002.
   DEBUG    cellapp01 12212 8001  [2018-07-21 18:38:10 899] - Account::onWriteToDB(): 2004.
   DEBUG    cellapp01 12212 8001  [2018-07-21 18:40:40 902] - Account::onWriteToDB(): 2002.
   DEBUG    cellapp01 12212 8001  [2018-07-21 18:43:10 903] - Account::onWriteToDB(): 2004.
   DEBUG    cellapp01 12212 8001  [2018-07-21 18:45:40 905] - Account::onWriteToDB(): 2002.
   DEBUG    cellapp01 12212 8001  [2018-07-21 18:48:10 907] - Account::onWriteToDB(): 2002.
   DEBUG    cellapp01 12212 8001  [2018-07-21 18:50:40 909] - Account::onWriteToDB(): 2004.
   DEBUG    cellapp01 12212 8001  [2018-07-21 18:53:10 911] - Account::onWriteToDB(): 2002.
   DEBUG    cellapp01 12212 8001  [2018-07-21 18:55:40 913] - Account::onWriteToDB(): 2004.
   DEBUG    cellapp01 12212 8001  [2018-07-21 18:58:10 915] - Account::onWriteToDB(): 2004.
   DEBUG    cellapp01 12212 8001  [2018-07-21 19:00:40 917] - Account::onWriteToDB(): 2002.
   DEBUG    cellapp01 12212 8001  [2018-07-21 19:03:10 919] - Account::onWriteToDB(): 2002.
   DEBUG    cellapp01 12212 8001  [2018-07-21 19:05:40 920] - Account::onWriteToDB(): 2004.
   DEBUG    cellapp01 12212 8001  [2018-07-21 19:08:10 923] - Account::onWriteToDB(): 2004.
   DEBUG    cellapp01 12212 8001  [2018-07-21 19:10:40 924] - Account::onWriteToDB(): 2002.
   DEBUG    cellapp01 12212 8001  [2018-07-21 19:13:10 927] - Account::onWriteToDB(): 2002.
   DEBUG    cellapp01 12212 8001  [2018-07-21 19:15:40 929] - Account::onWriteToDB(): 2004.
   DEBUG    cellapp01 12212 8001  [2018-07-21 19:18:10 930] - Account::onWriteToDB(): 2002.
   DEBUG    cellapp01 12212 8001  [2018-07-21 19:20:40 833] - Account::onWriteToDB(): 2004.
   DEBUG    cellapp01 12212 8001  [2018-07-21 19:23:10 834] - Account::onWriteToDB(): 2002.
   DEBUG    cellapp01 12212 8001  [2018-07-21 19:25:40 836] - Account::onWriteToDB(): 2004.
   DEBUG    cellapp01 12212 8001  [2018-07-21 19:28:10 839] - Account::onWriteToDB(): 2004.
   DEBUG    cellapp01 12212 8001  [2018-07-21 19:30:40 840] - Account::onWriteToDB(): 2002.
   DEBUG    cellapp01 12212 8001  [2018-07-21 19:33:10 843] - Account::onWriteToDB(): 2004.
   DEBUG    cellapp01 12212 8001  [2018-07-21 19:35:40 844] - Account::onWriteToDB(): 2002.
   DEBUG    cellapp01 12212 8001  [2018-07-21 19:38:10 846] - Account::onWriteToDB(): 2002.
   DEBUG    cellapp01 12212 8001  [2018-07-21 19:40:40 848] - Account::onWriteToDB(): 2004.
   DEBUG    cellapp01 12212 8001  [2018-07-21 19:43:10 850] - Account::onWriteToDB(): 2002.
   DEBUG    cellapp01 12212 8001  [2018-07-21 19:45:40 852] - Account::onWriteToDB(): 2004.
   DEBUG    cellapp01 12212 8001  [2018-07-21 19:48:10 854] - Account::onWriteToDB(): 2004.
   DEBUG    cellapp01 12212 8001  [2018-07-21 19:50:40 856] - Account::onWriteToDB(): 2002.
   DEBUG    cellapp01 12212 8001  [2018-07-21 19:53:10 858] - Account::onWriteToDB(): 2002.
   DEBUG    cellapp01 12212 8001  [2018-07-21 19:55:40 860] - Account::onWriteToDB(): 2004.
   DEBUG    cellapp01 12212 8001  [2018-07-21 19:58:10 861] - Account::onWriteToDB(): 2002.
   DEBUG    cellapp01 12212 8001  [2018-07-21 20:00:40 864] - Account::onWriteToDB(): 2004.
   DEBUG    cellapp01 12212 8001  [2018-07-21 20:03:10 866] - Account::onWriteToDB(): 2004.
   DEBUG    cellapp01 12212 8001  [2018-07-21 20:05:40 867] - Account::onWriteToDB(): 2002.
   DEBUG    cellapp01 12212 8001  [2018-07-21 20:08:10 870] - Account::onWriteToDB(): 2002.
   DEBUG    cellapp01 12212 8001  [2018-07-21 20:10:40 871] - Account::onWriteToDB(): 2004.
   DEBUG    cellapp01 12212 8001  [2018-07-21 20:13:10 873] - Account::onWriteToDB(): 2002.
   DEBUG    cellapp01 12212 8001  [2018-07-21 20:15:40 876] - Account::onWriteToDB(): 2004.
   DEBUG    cellapp01 12212 8001  [2018-07-21 20:18:10 877] - Account::onWriteToDB(): 2004.
   DEBUG    cellapp01 12212 8001  [2018-07-21 20:20:40 880] - Account::onWriteToDB(): 2002.
   DEBUG    cellapp01 12212 8001  [2018-07-21 20:23:10 881] - Account::onWriteToDB(): 2004.
   DEBUG    cellapp01 12212 8001  [2018-07-21 20:25:40 883] - Account::onWriteToDB(): 2002.
   DEBUG    cellapp01 12212 8001  [2018-07-21 20:28:10 885] - Account::onWriteToDB(): 2002.
   DEBUG    cellapp01 12212 8001  [2018-07-21 20:30:40 887] - Account::onWriteToDB(): 2004.
   DEBUG    cellapp01 12212 8001  [2018-07-21 20:33:10 889] - Account::onWriteToDB(): 2002.
   DEBUG    cellapp01 12212 8001  [2018-07-21 20:35:40 891] - Account::onWriteToDB(): 2004.
   DEBUG    cellapp01 12212 8001  [2018-07-21 20:38:10 893] - Account::onWriteToDB(): 2002.
   DEBUG    cellapp01 12212 8001  [2018-07-21 20:40:40 895] - Account::onWriteToDB(): 2004.
   DEBUG    cellapp01 12212 8001  [2018-07-21 20:43:10 897] - Account::onWriteToDB(): 2004.
   DEBUG    cellapp01 12212 8001  [2018-07-21 20:45:40 898] - Account::onWriteToDB(): 2002.
   DEBUG    cellapp01 12212 8001  [2018-07-21 20:48:10 901] - Account::onWriteToDB(): 2004.
   DEBUG    cellapp01 12212 8001  [2018-07-21 20:50:40 903] - Account::onWriteToDB(): 2002.
