    INFO      dbmgr-1 19624 4000  [2018-06-24 12:28:56 729] - -----------------------------------------------------------------------------------------


    INFO      dbmgr-1 19624 4000  [2018-06-24 12:28:56 729] - Resmgr::initialize: KBE_ROOT=E:/kbengine/
    INFO      dbmgr-1 19624 4000  [2018-06-24 12:28:56 729] - Resmgr::initialize: KBE_RES_PATH=E:/kbengine/kbe/res/;E:/kbengine/assets/;E:/kbengine/assets/scripts/;E:/kbengine/assets/res/
    INFO      dbmgr-1 19624 4000  [2018-06-24 12:28:56 730] - Resmgr::initialize: KBE_BIN_PATH=E:/kbengine/kbe/bin/server/
    INFO      dbmgr-1 19624 4000  [2018-06-24 12:28:56 739] - NetworkInterface::initialize(INTERNAL): bound to all interfaces with default route interface on 192.168.0.106 ( 192.168.0.106:50798 )
    INFO      dbmgr-1 19624 4000  [2018-06-24 12:28:56 739] - NetworkInterface::initialize(INTERNAL): address 192.168.0.106:50798, SOMAXCONN=5.
    INFO      dbmgr-1 19624 4000  [2018-06-24 12:28:56 739] - server-configs:
    INFO      dbmgr-1 19624 4000  [2018-06-24 12:28:56 739] - 	internalAddr : 192.168.0.106:50798
    INFO      dbmgr-1 19624 4000  [2018-06-24 12:28:56 739] - 	componentID : 4000
    INFO      dbmgr-1 19624 4000  [2018-06-24 12:28:58 258] - ---- dbmgr Version: 2.0.0. ScriptVersion: 0.1.0. Protocol: F28F1C37BCC70CD27B77841D4A30E3D7. Config: Debug X86. Built: 15:52:44 Apr 29 2018. AppID: 4000. UID: 19624. PID: 4944 ----
    INFO      dbmgr-1 19624 4000  [2018-06-24 12:28:58 259] - Server : Intel(R) Xeon(R) CPU E3-1230 v3 @ 3.30GHz with 4194303kB RAM
    INFO      dbmgr-1 19624 4000  [2018-06-24 12:28:58 259] - ThreadPool::createThreadPool: creating  threadpool...
    INFO      dbmgr-1 19624 4000  [2018-06-24 12:28:58 260] - ThreadPool::createThreadPool: successfully(2), newThreadCount=1, normalMaxThreadCount=2, maxThreadCount=8
   DEBUG      dbmgr-1 19624 4000  [2018-06-24 12:28:58 422] - Script::install_py_dlls(): PyInit_pyexpat
   DEBUG      dbmgr-1 19624 4000  [2018-06-24 12:28:58 422] - Script::install_py_dlls(): PyInit__socket
   DEBUG      dbmgr-1 19624 4000  [2018-06-24 12:28:58 423] - Script::install_py_dlls(): PyInit__ssl
   DEBUG      dbmgr-1 19624 4000  [2018-06-24 12:28:58 426] - Script::install_py_dlls(): PyInit__hashlib
   DEBUG      dbmgr-1 19624 4000  [2018-06-24 12:28:58 427] - Script::install_py_dlls(): PyInit_select
   DEBUG      dbmgr-1 19624 4000  [2018-06-24 12:28:58 427] - Script::install_py_dlls(): PyInit__ctypes
   DEBUG      dbmgr-1 19624 4000  [2018-06-24 12:28:58 428] - Script::install_py_dlls(): PyInit__elementtree
   DEBUG      dbmgr-1 19624 4000  [2018-06-24 12:28:58 457] - Script::install_py_dlls(): PyInit_unicodedata
    INFO      dbmgr-1 19624 4000  [2018-06-24 12:28:58 488] - Script::install(): is successfully, Python=(3.4.2 (default, Apr 29 2018, 15:52:37) [MSC v.1913 32 bit (Intel)])!
    INFO      dbmgr-1 19624 4000  [2018-06-24 12:28:58 488] - Script::install(): KBExtra is successfully!
    INFO      dbmgr-1 19624 4000  [2018-06-24 12:28:58 500] - Dbmgr::initializeEnd: digest(72B53B125E0C7FE07C8DC50622FE08C2)
  S_INFO      dbmgr-1 19624 4000  [2018-06-24 12:28:58 500] - onDBMgrReady: bootstrapGroupIndex=0, bootstrapGlobalIndex=0
    INFO      dbmgr-1 19624 4000  [2018-06-24 12:28:58 500] - TelnetServer server is running on port 32000
    INFO      dbmgr-1 19624 4000  [2018-06-24 12:28:58 500] - Dbmgr::initInterfacesHandler: interfaces addr(127.0.0.1:30099), accountType:(interfaces), chargeType:(interfaces).
 WARNING      dbmgr-1 19624 4000  [2018-06-24 12:28:58 826] - DBUtil::initialize: db(default) password is not encrypted!
please use password(rsa):
0201CC0C7EC46A94FF37BF5CCBBCBE6F40AC7F4BF345379E4A370E918F6E42EB9D40C84D910280C8DDA0416561BEA71F7250A0682A3B0715C16FE9703010E5384FB44C649B3F543C7A786864F44F974F8160A8D0EF6ADE7B7F04AE62DF85751EB966F558DA3C1C57A04512DC488D5D14B47A5A27FAD168EDE1171463836108D9
   DEBUG      dbmgr-1 19624 4000  [2018-06-24 12:28:58 827] - DBInterfaceMysql::attach: connect: localhost:3306 starting...
   DEBUG      dbmgr-1 19624 4000  [2018-06-24 12:28:58 829] - DBInterfaceMysql::attach: successfully! addr: localhost:3306
    INFO      dbmgr-1 19624 4000  [2018-06-24 12:28:58 829] - DBUtil::createInterface[0x29edcc]: interface=default, dbtype=mysql, ip=localhost, port=3306, currdatabase=kbe, username=kbe, connected=yes.

    INFO      dbmgr-1 19624 4000  [2018-06-24 12:28:58 830] - ThreadPool::createThreadPool: creating  threadpool...
    INFO      dbmgr-1 19624 4000  [2018-06-24 12:28:58 831] - ThreadPool::createThreadPool: successfully(5), newThreadCount=5, normalMaxThreadCount=5, maxThreadCount=5
    INFO      dbmgr-1 19624 4000  [2018-06-24 12:28:58 933] - DBInterfaceMysql::query: successfully!
    INFO      dbmgr-1 19624 4000  [2018-06-24 12:28:58 934] - DBInterfaceMysql::query: successfully!
   DEBUG      dbmgr-1 19624 4000  [2018-06-24 12:29:01 405] - DBInterfaceMysql::dropEntityTableFromDB: tbl_Account_friendsList.
    INFO      dbmgr-1 19624 4000  [2018-06-24 12:29:01 488] - DBInterfaceMysql::query: successfully!
   DEBUG      dbmgr-1 19624 4000  [2018-06-24 12:29:01 488] - DBInterfaceMysql::dropEntityTableFromDB: tbl_Account_mailList.
    INFO      dbmgr-1 19624 4000  [2018-06-24 12:29:01 555] - DBInterfaceMysql::query: successfully!
   DEBUG      dbmgr-1 19624 4000  [2018-06-24 12:29:01 556] - DBInterfaceMysql::dropEntityTableFromDB: tbl_AllPlayerPublicInfo.
    INFO      dbmgr-1 19624 4000  [2018-06-24 12:29:01 637] - DBInterfaceMysql::query: successfully!
   DEBUG      dbmgr-1 19624 4000  [2018-06-24 12:29:01 637] - DBInterfaceMysql::dropEntityTableFromDB: tbl_AllPlayerPublicInfo_allPlayers.
    INFO      dbmgr-1 19624 4000  [2018-06-24 12:29:01 728] - DBInterfaceMysql::query: successfully!
   DEBUG      dbmgr-1 19624 4000  [2018-06-24 12:29:01 728] - DBInterfaceMysql::dropEntityTableFromDB: tbl_OfflineMessage.
    INFO      dbmgr-1 19624 4000  [2018-06-24 12:29:01 805] - DBInterfaceMysql::query: successfully!
   DEBUG      dbmgr-1 19624 4000  [2018-06-24 12:29:01 806] - DBInterfaceMysql::dropEntityTableFromDB: tbl_OfflineMessage_offline_messages.
    INFO      dbmgr-1 19624 4000  [2018-06-24 12:29:01 888] - DBInterfaceMysql::query: successfully!
   DEBUG      dbmgr-1 19624 4000  [2018-06-24 12:29:01 888] - DBInterfaceMysql::dropEntityTableFromDB: tbl_OnLinePlayerManager.
    INFO      dbmgr-1 19624 4000  [2018-06-24 12:29:02 007] - DBInterfaceMysql::query: successfully!
 WARNING      dbmgr-1 19624 4000  [2018-06-24 12:29:02 008] - e:\kbengine\kbe\src\server\dbmgr\dbmgr.cpp:275: Profile scriptCall took 3.51 seconds
    INFO      dbmgr-1 19624 4000  [2018-06-24 12:29:02 315] - ---- dbmgr is running ----
   DEBUG      dbmgr-1 19624 4000  [2018-06-24 12:29:02 315] - Components::process(): Request for the process of identity...
   DEBUG      dbmgr-1 19624 4000  [2018-06-24 12:28:58 830] - DBInterfaceMysql::attach: connect: localhost:3306 starting...
   DEBUG      dbmgr-1 19624 4000  [2018-06-24 12:28:58 830] - DBInterfaceMysql::attach: connect: localhost:3306 starting...
   DEBUG      dbmgr-1 19624 4000  [2018-06-24 12:28:58 830] - DBInterfaceMysql::attach: connect: localhost:3306 starting...
   DEBUG      dbmgr-1 19624 4000  [2018-06-24 12:28:58 830] - DBInterfaceMysql::attach: connect: localhost:3306 starting...
   DEBUG      dbmgr-1 19624 4000  [2018-06-24 12:28:58 831] - DBInterfaceMysql::attach: connect: localhost:3306 starting...
   DEBUG      dbmgr-1 19624 4000  [2018-06-24 12:28:58 831] - DBInterfaceMysql::attach: successfully! addr: localhost:3306
   DEBUG      dbmgr-1 19624 4000  [2018-06-24 12:28:58 832] - DBInterfaceMysql::attach: successfully! addr: localhost:3306
   DEBUG      dbmgr-1 19624 4000  [2018-06-24 12:28:58 832] - DBThread::onStart(): 0x4a3848!
   DEBUG      dbmgr-1 19624 4000  [2018-06-24 12:28:58 832] - DBThread::onStart(): 0x4a38d0!
   DEBUG      dbmgr-1 19624 4000  [2018-06-24 12:28:58 832] - DBInterfaceMysql::attach: successfully! addr: localhost:3306
   DEBUG      dbmgr-1 19624 4000  [2018-06-24 12:28:58 832] - DBInterfaceMysql::attach: successfully! addr: localhost:3306
   DEBUG      dbmgr-1 19624 4000  [2018-06-24 12:28:58 832] - DBThread::onStart(): 0x4a39e0!
   DEBUG      dbmgr-1 19624 4000  [2018-06-24 12:28:58 832] - DBThread::onStart(): 0x4a3958!
   DEBUG      dbmgr-1 19624 4000  [2018-06-24 12:28:58 832] - DBInterfaceMysql::attach: successfully! addr: localhost:3306
   DEBUG      dbmgr-1 19624 4000  [2018-06-24 12:28:58 832] - DBThread::onStart(): 0x4a3a68!
    INFO      dbmgr-1 19624 4000  [2018-06-24 12:28:58 934] - DBInterfaceMysql::query: successfully!
    INFO      dbmgr-1 19624 4000  [2018-06-24 12:28:58 935] - DBInterfaceMysql::query: successfully!
    INFO      dbmgr-1 19624 4000  [2018-06-24 12:28:58 935] - DBInterfaceMysql::query: successfully!
    INFO      dbmgr-1 19624 4000  [2018-06-24 12:28:58 935] - DBInterfaceMysql::query: successfully!
    INFO      dbmgr-1 19624 4000  [2018-06-24 12:28:58 935] - DBInterfaceMysql::query: successfully!
    INFO      dbmgr-1 19624 4000  [2018-06-24 12:28:58 935] - DBInterfaceMysql::query: successfully!
    INFO      dbmgr-1 19624 4000  [2018-06-24 12:28:58 935] - DBInterfaceMysql::query: successfully!
   DEBUG      dbmgr-1 19624 4000  [2018-06-24 12:28:58 936] - syncToDB(): Account->sm_playerName_base(varchar(255) not null DEFAULT '').
    INFO      dbmgr-1 19624 4000  [2018-06-24 12:28:59 015] - DBInterfaceMysql::query: successfully!
   DEBUG      dbmgr-1 19624 4000  [2018-06-24 12:28:59 290] - syncToDB(): Account->sm_playerID_base(smallint unsigned not null DEFAULT 0).
   DEBUG      dbmgr-1 19624 4000  [2018-06-24 12:28:59 557] - DBInterfaceMysql::dropEntityTableItemFromDB: tbl_Account sm_playerLevel.
    INFO      dbmgr-1 19624 4000  [2018-06-24 12:28:59 848] - DBInterfaceMysql::query: successfully!
   DEBUG      dbmgr-1 19624 4000  [2018-06-24 12:28:59 848] - DBInterfaceMysql::dropEntityTableItemFromDB: tbl_Account sm_cur_EXP.
    INFO      dbmgr-1 19624 4000  [2018-06-24 12:29:00 155] - DBInterfaceMysql::query: successfully!
   DEBUG      dbmgr-1 19624 4000  [2018-06-24 12:29:00 156] - DBInterfaceMysql::dropEntityTableItemFromDB: tbl_Account sm_iconURL.
    INFO      dbmgr-1 19624 4000  [2018-06-24 12:29:00 630] - DBInterfaceMysql::query: successfully!
   DEBUG      dbmgr-1 19624 4000  [2018-06-24 12:29:00 631] - DBInterfaceMysql::dropEntityTableItemFromDB: tbl_Account sm_playerGold.
    INFO      dbmgr-1 19624 4000  [2018-06-24 12:29:01 041] - DBInterfaceMysql::query: successfully!
   DEBUG      dbmgr-1 19624 4000  [2018-06-24 12:29:01 041] - DBInterfaceMysql::dropEntityTableItemFromDB: tbl_Account sm_playerRoomcard.
    INFO      dbmgr-1 19624 4000  [2018-06-24 12:29:01 390] - DBInterfaceMysql::query: successfully!
 WARNING      dbmgr-1 19624 4000  [2018-06-24 12:29:01 392] - DBTask::process(): took 2.46 seconds
sql:(show index from tbl_Account)
    INFO      dbmgr-1 19624 4000  [2018-06-24 12:29:09 434] - Components::findComponents: find logger(1)...
    INFO      dbmgr-1 19624 4000  [2018-06-24 12:29:09 477] - Components::findComponents: found logger, addr:192.168.0.106:50803
    INFO      dbmgr-1 19624 4000  [2018-06-24 12:29:09 477] - Components::addComponent: reset orderLog, uid=19624!
    INFO      dbmgr-1 19624 4000  [2018-06-24 12:29:09 478] - Components::addComponent[logger], uid=19624, componentID=2000, globalorderid=1, grouporderid=1, totalcount=1
    INFO      dbmgr-1 19624 4000  [2018-06-24 12:29:09 519] - Components::process(): Found all the components!
    INFO      dbmgr-1 19624 4000  [2018-06-24 12:29:09 900] - ServerApp::onRegisterNewApp: uid:19624, username:, componentType:baseappmgr, componentID:5000, globalorderID=-1, grouporderID=-1, intaddr:192.168.0.106, intport:50804, extaddr:nonsupport, extport:0,  from 192.168.0.106:50819/0/0/0.
    INFO      dbmgr-1 19624 4000  [2018-06-24 12:29:09 900] - Components::addComponent: reset orderLog, uid=19624!
    INFO      dbmgr-1 19624 4000  [2018-06-24 12:29:09 900] - Components::addComponent[baseappmgr], uid=19624, componentID=5000, globalorderid=1, grouporderid=1, totalcount=1
    INFO      dbmgr-1 19624 4000  [2018-06-24 12:29:10 320] - ServerApp::onRegisterNewApp: uid:19624, username:, componentType:loginapp, componentID:9000, globalorderID=-1, grouporderID=-1, intaddr:192.168.0.106, intport:50805, extaddr:192.168.0.106, extport:20013,  from 192.168.0.106:50821/0/0/0.
    INFO      dbmgr-1 19624 4000  [2018-06-24 12:29:10 320] - Components::addComponent[loginapp], uid=19624, componentID=9000, globalorderid=2, grouporderid=1, totalcount=1
    INFO      dbmgr-1 19624 4000  [2018-06-24 12:29:11 181] - ServerApp::onRegisterNewApp: uid:19624, username:, componentType:cellapp, componentID:8001, globalorderID=-1, grouporderID=-1, intaddr:192.168.0.106, intport:50801, extaddr:nonsupport, extport:0,  from 192.168.0.106:50823/0/0/0.
    INFO      dbmgr-1 19624 4000  [2018-06-24 12:29:11 181] - Components::addComponent[cellapp], uid=19624, componentID=8001, globalorderid=3, grouporderid=1, totalcount=1
    INFO      dbmgr-1 19624 4000  [2018-06-24 12:29:11 621] - ServerApp::onRegisterNewApp: uid:19624, username:, componentType:cellappmgr, componentID:6000, globalorderID=-1, grouporderID=-1, intaddr:192.168.0.106, intport:50797, extaddr:nonsupport, extport:0,  from 192.168.0.106:50826/0/0/0.
    INFO      dbmgr-1 19624 4000  [2018-06-24 12:29:11 621] - Components::addComponent[cellappmgr], uid=19624, componentID=6000, globalorderid=4, grouporderid=1, totalcount=1
    INFO      dbmgr-1 19624 4000  [2018-06-24 12:29:12 641] - ServerApp::onRegisterNewApp: uid:19624, username:, componentType:baseapp, componentID:7001, globalorderID=-1, grouporderID=-1, intaddr:192.168.0.106, intport:50800, extaddr:192.168.0.106, extport:20015,  from 192.168.0.106:50828/0/0/0.
    INFO      dbmgr-1 19624 4000  [2018-06-24 12:29:12 641] - Components::addComponent[baseapp], uid=19624, componentID=7001, globalorderid=5, grouporderid=1, totalcount=1
    INFO      dbmgr-1 19624 4000  [2018-06-24 12:29:15 660] - IDServer::allocRange: 1-2001.
    INFO      dbmgr-1 19624 4000  [2018-06-24 12:29:15 660] - IDServer::allocRange: 2001-4001.
   DEBUG      dbmgr-1 19624 4000  [2018-06-24 12:29:15 661] - SyncAppDatasHandler::~SyncAppDatasHandler()
    INFO      dbmgr-1 19624 4000  [2018-06-24 12:29:17 540] - GlobalDataServer::broadcastDataChanged: writer(baseapp, addr=192.168.0.106:50828/0/0/0), keySize=11, valSize=52, isDelete=0
   DEBUG      dbmgr-1 19624 4000  [2018-06-24 12:29:27 780] - Dbmgr::onAccountLogin:loginName=1, accountName=1, success=0, componentID=0, entityID=0, dbid=3, flags=0, deadline=0.
   DEBUG      dbmgr-1 19624 4000  [2018-06-24 12:29:28 340] - Dbmgr::queryAccount: 1, success=1, flags=0, deadline=0.
    INFO      dbmgr-1 19624 4000  [2018-06-24 12:29:32 040] - GlobalDataServer::broadcastDataChanged: writer(cellapp, addr=192.168.0.106:50823/0/0/0), keySize=12, valSize=52, isDelete=0
    INFO      dbmgr-1 19624 4000  [2018-06-24 12:29:36 380] - GlobalDataServer::broadcastDataChanged: writer(cellapp, addr=192.168.0.106:50823/0/0/0), keySize=12, valSize=52, isDelete=0
   DEBUG      dbmgr-1 19624 4000  [2018-06-24 12:33:35 878] - Dbmgr::onAccountLogin:loginName=1, accountName=1, success=10, componentID=7001, entityID=2002, dbid=3, flags=0, deadline=0.
   DEBUG      dbmgr-1 19624 4000  [2018-06-24 12:34:48 997] - Dbmgr::onAccountLogin:loginName=1, accountName=1, success=10, componentID=7001, entityID=2002, dbid=3, flags=0, deadline=0.
   DEBUG      dbmgr-1 19624 4000  [2018-06-24 12:36:28 397] - Dbmgr::onAccountLogin:loginName=1, accountName=1, success=10, componentID=7001, entityID=2002, dbid=3, flags=0, deadline=0.
   DEBUG      dbmgr-1 19624 4000  [2018-06-24 12:37:19 676] - Dbmgr::onAccountLogin:loginName=1, accountName=1, success=10, componentID=7001, entityID=2002, dbid=3, flags=0, deadline=0.
   DEBUG      dbmgr-1 19624 4000  [2018-06-24 12:38:59 155] - Dbmgr::writeEntity: Account(3).
   DEBUG      dbmgr-1 19624 4000  [2018-06-24 12:43:59 132] - Dbmgr::writeEntity: Account(3).
   DEBUG      dbmgr-1 19624 4000  [2018-06-24 12:45:38 172] - Dbmgr::onAccountLogin:loginName=1, accountName=1, success=10, componentID=7001, entityID=2002, dbid=3, flags=0, deadline=0.
   DEBUG      dbmgr-1 19624 4000  [2018-06-24 12:48:59 129] - Dbmgr::writeEntity: Account(3).
   DEBUG      dbmgr-1 19624 4000  [2018-06-24 12:53:59 128] - Dbmgr::writeEntity: Account(3).
   DEBUG      dbmgr-1 19624 4000  [2018-06-24 12:58:59 125] - Dbmgr::writeEntity: Account(3).
   DEBUG      dbmgr-1 19624 4000  [2018-06-24 13:03:59 122] - Dbmgr::writeEntity: Account(3).
   DEBUG      dbmgr-1 19624 4000  [2018-06-24 13:08:59 119] - Dbmgr::writeEntity: Account(3).
   DEBUG      dbmgr-1 19624 4000  [2018-06-24 13:13:59 117] - Dbmgr::writeEntity: Account(3).
   DEBUG      dbmgr-1 19624 4000  [2018-06-24 13:18:59 114] - Dbmgr::writeEntity: Account(3).
   DEBUG      dbmgr-1 19624 4000  [2018-06-24 13:23:59 112] - Dbmgr::writeEntity: Account(3).
   DEBUG      dbmgr-1 19624 4000  [2018-06-24 13:28:59 109] - Dbmgr::writeEntity: Account(3).
   DEBUG      dbmgr-1 19624 4000  [2018-06-24 13:29:02 069] - Dbmgr::DBTaskServerLog()
   DEBUG      dbmgr-1 19624 4000  [2018-06-24 13:33:59 126] - Dbmgr::writeEntity: Account(3).
   DEBUG      dbmgr-1 19624 4000  [2018-06-24 13:38:59 124] - Dbmgr::writeEntity: Account(3).
   DEBUG      dbmgr-1 19624 4000  [2018-06-24 13:43:59 121] - Dbmgr::writeEntity: Account(3).
   DEBUG      dbmgr-1 19624 4000  [2018-06-24 13:48:59 118] - Dbmgr::writeEntity: Account(3).
   DEBUG      dbmgr-1 19624 4000  [2018-06-24 13:53:59 116] - Dbmgr::writeEntity: Account(3).
   DEBUG      dbmgr-1 19624 4000  [2018-06-24 13:58:59 114] - Dbmgr::writeEntity: Account(3).
   DEBUG      dbmgr-1 19624 4000  [2018-06-24 14:03:59 111] - Dbmgr::writeEntity: Account(3).
   DEBUG      dbmgr-1 19624 4000  [2018-06-24 14:08:59 128] - Dbmgr::writeEntity: Account(3).
   DEBUG      dbmgr-1 19624 4000  [2018-06-24 14:13:59 105] - Dbmgr::writeEntity: Account(3).
   DEBUG      dbmgr-1 19624 4000  [2018-06-24 14:18:59 103] - Dbmgr::writeEntity: Account(3).
   DEBUG      dbmgr-1 19624 4000  [2018-06-24 14:23:59 120] - Dbmgr::writeEntity: Account(3).
   DEBUG      dbmgr-1 19624 4000  [2018-06-24 14:27:37 798] - Dbmgr::onAccountLogin:loginName=1, accountName=1, success=10, componentID=7001, entityID=2002, dbid=3, flags=0, deadline=0.
   DEBUG      dbmgr-1 19624 4000  [2018-06-24 14:28:59 098] - Dbmgr::writeEntity: Account(3).
   DEBUG      dbmgr-1 19624 4000  [2018-06-24 14:29:02 018] - Dbmgr::DBTaskServerLog()
   DEBUG      dbmgr-1 19624 4000  [2018-06-24 14:31:02 517] - Dbmgr::onAccountLogin:loginName=1, accountName=1, success=10, componentID=7001, entityID=2002, dbid=3, flags=0, deadline=0.
   DEBUG      dbmgr-1 19624 4000  [2018-06-24 14:33:59 095] - Dbmgr::writeEntity: Account(3).
   DEBUG      dbmgr-1 19624 4000  [2018-06-24 14:34:50 595] - Dbmgr::onAccountLogin:loginName=1, accountName=1, success=10, componentID=7001, entityID=2002, dbid=3, flags=0, deadline=0.
   DEBUG      dbmgr-1 19624 4000  [2018-06-24 14:38:59 092] - Dbmgr::writeEntity: Account(3).
   DEBUG      dbmgr-1 19624 4000  [2018-06-24 14:43:59 090] - Dbmgr::writeEntity: Account(3).
   DEBUG      dbmgr-1 19624 4000  [2018-06-24 14:48:59 087] - Dbmgr::writeEntity: Account(3).
   DEBUG      dbmgr-1 19624 4000  [2018-06-24 14:53:59 084] - Dbmgr::writeEntity: Account(3).
   DEBUG      dbmgr-1 19624 4000  [2018-06-24 14:58:59 082] - Dbmgr::writeEntity: Account(3).
   DEBUG      dbmgr-1 19624 4000  [2018-06-24 15:03:59 080] - Dbmgr::writeEntity: Account(3).
   DEBUG      dbmgr-1 19624 4000  [2018-06-24 15:08:59 077] - Dbmgr::writeEntity: Account(3).
   DEBUG      dbmgr-1 19624 4000  [2018-06-24 15:13:59 074] - Dbmgr::writeEntity: Account(3).
   DEBUG      dbmgr-1 19624 4000  [2018-06-24 15:18:59 091] - Dbmgr::writeEntity: Account(3).
   DEBUG      dbmgr-1 19624 4000  [2018-06-24 15:23:59 088] - Dbmgr::writeEntity: Account(3).
   DEBUG      dbmgr-1 19624 4000  [2018-06-24 15:28:59 087] - Dbmgr::writeEntity: Account(3).
   DEBUG      dbmgr-1 19624 4000  [2018-06-24 15:29:02 026] - Dbmgr::DBTaskServerLog()
   DEBUG      dbmgr-1 19624 4000  [2018-06-24 15:33:59 084] - Dbmgr::writeEntity: Account(3).
   DEBUG      dbmgr-1 19624 4000  [2018-06-24 15:38:59 101] - Dbmgr::writeEntity: Account(3).
   DEBUG      dbmgr-1 19624 4000  [2018-06-24 15:43:59 078] - Dbmgr::writeEntity: Account(3).
   DEBUG      dbmgr-1 19624 4000  [2018-06-24 15:48:59 076] - Dbmgr::writeEntity: Account(3).
   DEBUG      dbmgr-1 19624 4000  [2018-06-24 15:53:59 073] - Dbmgr::writeEntity: Account(3).
   DEBUG      dbmgr-1 19624 4000  [2018-06-24 15:58:59 070] - Dbmgr::writeEntity: Account(3).
   DEBUG      dbmgr-1 19624 4000  [2018-06-24 16:03:59 068] - Dbmgr::writeEntity: Account(3).
   DEBUG      dbmgr-1 19624 4000  [2018-06-24 16:08:59 065] - Dbmgr::writeEntity: Account(3).
   DEBUG      dbmgr-1 19624 4000  [2018-06-24 16:13:59 063] - Dbmgr::writeEntity: Account(3).
   DEBUG      dbmgr-1 19624 4000  [2018-06-24 16:18:59 060] - Dbmgr::writeEntity: Account(3).
   DEBUG      dbmgr-1 19624 4000  [2018-06-24 16:23:59 057] - Dbmgr::writeEntity: Account(3).
   DEBUG      dbmgr-1 19624 4000  [2018-06-24 16:28:59 054] - Dbmgr::writeEntity: Account(3).
   DEBUG      dbmgr-1 19624 4000  [2018-06-24 16:29:02 015] - Dbmgr::DBTaskServerLog()
   DEBUG      dbmgr-1 19624 4000  [2018-06-24 16:33:59 053] - Dbmgr::writeEntity: Account(3).
   DEBUG      dbmgr-1 19624 4000  [2018-06-24 16:38:59 050] - Dbmgr::writeEntity: Account(3).
   DEBUG      dbmgr-1 19624 4000  [2018-06-24 16:43:59 047] - Dbmgr::writeEntity: Account(3).
   DEBUG      dbmgr-1 19624 4000  [2018-06-24 16:48:59 084] - Dbmgr::writeEntity: Account(3).
   DEBUG      dbmgr-1 19624 4000  [2018-06-24 16:53:59 041] - Dbmgr::writeEntity: Account(3).
   DEBUG      dbmgr-1 19624 4000  [2018-06-24 16:58:59 039] - Dbmgr::writeEntity: Account(3).
   DEBUG      dbmgr-1 19624 4000  [2018-06-24 17:03:59 037] - Dbmgr::writeEntity: Account(3).
   DEBUG      dbmgr-1 19624 4000  [2018-06-24 17:08:59 054] - Dbmgr::writeEntity: Account(3).
   DEBUG      dbmgr-1 19624 4000  [2018-06-24 17:13:59 051] - Dbmgr::writeEntity: Account(3).
   DEBUG      dbmgr-1 19624 4000  [2018-06-24 17:18:59 069] - Dbmgr::writeEntity: Account(3).
   DEBUG      dbmgr-1 19624 4000  [2018-06-24 17:23:59 046] - Dbmgr::writeEntity: Account(3).
   DEBUG      dbmgr-1 19624 4000  [2018-06-24 17:28:59 043] - Dbmgr::writeEntity: Account(3).
   DEBUG      dbmgr-1 19624 4000  [2018-06-24 17:29:02 004] - Dbmgr::DBTaskServerLog()
   DEBUG      dbmgr-1 19624 4000  [2018-06-24 17:33:59 041] - Dbmgr::writeEntity: Account(3).
   DEBUG      dbmgr-1 19624 4000  [2018-06-24 17:38:59 038] - Dbmgr::writeEntity: Account(3).
   DEBUG      dbmgr-1 19624 4000  [2018-06-24 17:43:59 036] - Dbmgr::writeEntity: Account(3).
   DEBUG      dbmgr-1 19624 4000  [2018-06-24 17:48:59 033] - Dbmgr::writeEntity: Account(3).
   DEBUG      dbmgr-1 19624 4000  [2018-06-24 17:53:59 030] - Dbmgr::writeEntity: Account(3).
   DEBUG      dbmgr-1 19624 4000  [2018-06-24 17:58:59 027] - Dbmgr::writeEntity: Account(3).
   DEBUG      dbmgr-1 19624 4000  [2018-06-24 18:03:59 025] - Dbmgr::writeEntity: Account(3).
   DEBUG      dbmgr-1 19624 4000  [2018-06-24 18:08:59 023] - Dbmgr::writeEntity: Account(3).
   DEBUG      dbmgr-1 19624 4000  [2018-06-24 18:13:59 020] - Dbmgr::writeEntity: Account(3).
   DEBUG      dbmgr-1 19624 4000  [2018-06-24 18:18:59 017] - Dbmgr::writeEntity: Account(3).
   DEBUG      dbmgr-1 19624 4000  [2018-06-24 18:23:59 015] - Dbmgr::writeEntity: Account(3).
   DEBUG      dbmgr-1 19624 4000  [2018-06-24 18:28:59 012] - Dbmgr::writeEntity: Account(3).
   DEBUG      dbmgr-1 19624 4000  [2018-06-24 18:29:02 012] - Dbmgr::DBTaskServerLog()
   DEBUG      dbmgr-1 19624 4000  [2018-06-24 18:33:59 009] - Dbmgr::writeEntity: Account(3).
   DEBUG      dbmgr-1 19624 4000  [2018-06-24 18:38:59 007] - Dbmgr::writeEntity: Account(3).
   DEBUG      dbmgr-1 19624 4000  [2018-06-24 18:43:59 004] - Dbmgr::writeEntity: Account(3).
   DEBUG      dbmgr-1 19624 4000  [2018-06-24 18:48:59 002] - Dbmgr::writeEntity: Account(3).
   DEBUG      dbmgr-1 19624 4000  [2018-06-24 18:53:58 999] - Dbmgr::writeEntity: Account(3).
   DEBUG      dbmgr-1 19624 4000  [2018-06-24 18:58:59 016] - Dbmgr::writeEntity: Account(3).
   DEBUG      dbmgr-1 19624 4000  [2018-06-24 19:03:59 033] - Dbmgr::writeEntity: Account(3).
   DEBUG      dbmgr-1 19624 4000  [2018-06-24 19:08:59 032] - Dbmgr::writeEntity: Account(3).
   DEBUG      dbmgr-1 19624 4000  [2018-06-24 19:13:59 029] - Dbmgr::writeEntity: Account(3).
   DEBUG      dbmgr-1 19624 4000  [2018-06-24 19:18:59 006] - Dbmgr::writeEntity: Account(3).
   DEBUG      dbmgr-1 19624 4000  [2018-06-24 19:23:59 003] - Dbmgr::writeEntity: Account(3).
