    INFO    cellapp-1 30952 8001  [2018-10-22 23:53:59 419] - -----------------------------------------------------------------------------------------


    INFO    cellapp-1 30952 8001  [2018-10-22 23:54:00 553] - Resmgr::initialize: KBE_ROOT=E:/kbengine/
    INFO    cellapp-1 30952 8001  [2018-10-22 23:54:00 553] - Resmgr::initialize: KBE_RES_PATH=E:/kbengine/kbe/res/;E:/kbengine/assets/;E:/kbengine/assets/scripts/;E:/kbengine/assets/res/
    INFO    cellapp-1 30952 8001  [2018-10-22 23:54:00 554] - Resmgr::initialize: KBE_BIN_PATH=E:/kbengine/kbe/bin/server/
    INFO    cellapp-1 30952 8001  [2018-10-22 23:54:01 162] - NetworkInterface::initialize(INTERNAL): bound to all interfaces with default route interface on 192.168.0.107 ( 192.168.0.107:57609 )
    INFO    cellapp-1 30952 8001  [2018-10-22 23:54:01 175] - NetworkInterface::initialize(INTERNAL): address 192.168.0.107:57609, SOMAXCONN=5.
    INFO    cellapp-1 30952 8001  [2018-10-22 23:54:01 175] - server-configs:
    INFO    cellapp-1 30952 8001  [2018-10-22 23:54:01 175] - 	gameUpdateHertz : 10
    INFO    cellapp-1 30952 8001  [2018-10-22 23:54:01 225] - 	defaultViewRadius : 80
    INFO    cellapp-1 30952 8001  [2018-10-22 23:54:01 225] - 	defaultViewHysteresisArea : 5
    INFO    cellapp-1 30952 8001  [2018-10-22 23:54:01 226] - 	entryScriptFile : kbemain
    INFO    cellapp-1 30952 8001  [2018-10-22 23:54:01 226] - 	internalAddr : 192.168.0.107:57609
    INFO    cellapp-1 30952 8001  [2018-10-22 23:54:01 226] - 	componentID : 8001
    INFO    cellapp-1 30952 8001  [2018-10-22 23:54:03 857] - ---- cellapp Version: 2.0.0. ScriptVersion: 0.1.0. Protocol: 85A70C5E64F896E0F1A60BF405B4EB07. Config: Debug X86. Built: 15:53:53 Apr 29 2018. AppID: 8001. UID: 30952. PID: 9060 ----
    INFO    cellapp-1 30952 8001  [2018-10-22 23:54:03 858] - Server : Intel(R) Xeon(R) CPU E3-1230 v3 @ 3.30GHz with 4194303kB RAM
    INFO    cellapp-1 30952 8001  [2018-10-22 23:54:03 892] - ThreadPool::createThreadPool: creating  threadpool...
    INFO    cellapp-1 30952 8001  [2018-10-22 23:54:03 893] - ThreadPool::createThreadPool: successfully(2), newThreadCount=1, normalMaxThreadCount=2, maxThreadCount=8
   DEBUG    cellapp-1 30952 8001  [2018-10-22 23:54:06 977] - Script::install_py_dlls(): PyInit_pyexpat
   DEBUG    cellapp-1 30952 8001  [2018-10-22 23:54:07 035] - Script::install_py_dlls(): PyInit__socket
   DEBUG    cellapp-1 30952 8001  [2018-10-22 23:54:07 122] - Script::install_py_dlls(): PyInit__ssl
   DEBUG    cellapp-1 30952 8001  [2018-10-22 23:54:07 533] - Script::install_py_dlls(): PyInit__hashlib
   DEBUG    cellapp-1 30952 8001  [2018-10-22 23:54:07 633] - Script::install_py_dlls(): PyInit_select
   DEBUG    cellapp-1 30952 8001  [2018-10-22 23:54:07 677] - Script::install_py_dlls(): PyInit__ctypes
   DEBUG    cellapp-1 30952 8001  [2018-10-22 23:54:07 754] - Script::install_py_dlls(): PyInit__elementtree
   DEBUG    cellapp-1 30952 8001  [2018-10-22 23:54:08 772] - Script::install_py_dlls(): PyInit_unicodedata
    INFO    cellapp-1 30952 8001  [2018-10-22 23:54:09 509] - Script::install(): is successfully, Python=(3.4.2 (default, Apr 29 2018, 15:53:05) [MSC v.1913 32 bit (Intel)])!
    INFO    cellapp-1 30952 8001  [2018-10-22 23:54:09 509] - Script::install(): KBExtra is successfully!
   DEBUG    cellapp-1 30952 8001  [2018-10-22 23:54:10 117] - loaded entity-script:Account(1).
   DEBUG    cellapp-1 30952 8001  [2018-10-22 23:54:10 385] - loaded entity-script:Room(4).
    INFO    cellapp-1 30952 8001  [2018-10-22 23:54:10 431] - TelnetServer server is running on port 50000
    INFO    cellapp-1 30952 8001  [2018-10-22 23:54:11 231] - ---- cellapp is running ----
   DEBUG    cellapp-1 30952 8001  [2018-10-22 23:54:11 380] - Components::process(): Request for the process of identity...
 WARNING    cellapp-1 30952 8001  [2018-10-22 23:54:17 708] - EntityApp::checkTickPeriod: tick took 6476% (6.48 seconds)!
    INFO    cellapp-1 30952 8001  [2018-10-22 23:54:18 777] - Components::findComponents: find logger(1)...
    INFO    cellapp-1 30952 8001  [2018-10-22 23:54:18 801] - Components::findComponents: found logger, addr:192.168.0.107:57611
    INFO    cellapp-1 30952 8001  [2018-10-22 23:54:18 801] - Components::addComponent: reset orderLog, uid=30952!
    INFO    cellapp-1 30952 8001  [2018-10-22 23:54:18 802] - Components::addComponent[logger], uid=30952, componentID=2000, globalorderid=1, grouporderid=1, totalcount=1
    INFO    cellapp-1 30952 8001  [2018-10-22 23:54:18 859] - Components::findComponents: find dbmgr(2)...
 WARNING    cellapp-1 30952 8001  [2018-10-22 23:54:19 905] - EntityApp::checkTickPeriod: tick took 1173% (1.17 seconds)!
    INFO    cellapp-1 30952 8001  [2018-10-22 23:54:20 932] - Components::findComponents: find dbmgr(3)...
 WARNING    cellapp-1 30952 8001  [2018-10-22 23:54:22 010] - EntityApp::checkTickPeriod: tick took 1178% (1.18 seconds)!
    INFO    cellapp-1 30952 8001  [2018-10-22 23:54:23 032] - Components::findComponents: find dbmgr(4)...
    INFO    cellapp-1 30952 8001  [2018-10-22 23:54:23 131] - Components::findComponents: found dbmgr, addr:192.168.0.107:57613
    INFO    cellapp-1 30952 8001  [2018-10-22 23:54:23 131] - Components::addComponent: reset orderLog, uid=30952!
    INFO    cellapp-1 30952 8001  [2018-10-22 23:54:23 131] - Components::addComponent[dbmgr], uid=30952, componentID=4000, globalorderid=1, grouporderid=1, totalcount=1
    INFO    cellapp-1 30952 8001  [2018-10-22 23:54:23 131] - Components::findComponents: found dbmgr, addr:192.168.0.107:57613
 WARNING    cellapp-1 30952 8001  [2018-10-22 23:54:24 131] - EntityApp::checkTickPeriod: tick took 1199% (1.20 seconds)!
    INFO    cellapp-1 30952 8001  [2018-10-22 23:54:25 132] - Components::findComponents: find cellappmgr(1)...
    INFO    cellapp-1 30952 8001  [2018-10-22 23:54:25 144] - Components::findComponents: found cellappmgr, addr:192.168.0.107:57612
    INFO    cellapp-1 30952 8001  [2018-10-22 23:54:25 144] - Components::addComponent[cellappmgr], uid=30952, componentID=6000, globalorderid=2, grouporderid=1, totalcount=1
    INFO    cellapp-1 30952 8001  [2018-10-22 23:54:25 145] - Components::findComponents: found cellappmgr, addr:192.168.0.107:57612
 WARNING    cellapp-1 30952 8001  [2018-10-22 23:54:26 145] - EntityApp::checkTickPeriod: tick took 1113% (1.11 seconds)!
    INFO    cellapp-1 30952 8001  [2018-10-22 23:54:27 176] - Components::findComponents: find baseappmgr(1)...
    INFO    cellapp-1 30952 8001  [2018-10-22 23:54:27 248] - Components::findComponents: found baseappmgr, addr:192.168.0.107:57616
    INFO    cellapp-1 30952 8001  [2018-10-22 23:54:27 248] - Components::addComponent[baseappmgr], uid=30952, componentID=5000, globalorderid=3, grouporderid=1, totalcount=1
    INFO    cellapp-1 30952 8001  [2018-10-22 23:54:27 248] - Components::findComponents: found baseappmgr, addr:192.168.0.107:57616
 WARNING    cellapp-1 30952 8001  [2018-10-22 23:54:28 248] - EntityApp::checkTickPeriod: tick took 1116% (1.12 seconds)!
    INFO    cellapp-1 30952 8001  [2018-10-22 23:54:29 376] - Components::findComponents: register self to dbmgr...
    INFO    cellapp-1 30952 8001  [2018-10-22 23:54:29 431] - Components::findComponents: register self to cellappmgr...
    INFO    cellapp-1 30952 8001  [2018-10-22 23:54:29 476] - Components::findComponents: register self to baseappmgr...
    INFO    cellapp-1 30952 8001  [2018-10-22 23:54:29 531] - Components::process(): Found all the components!
    INFO    cellapp-1 30952 8001  [2018-10-22 23:54:32 441] - EntityApp::onDbmgrInitCompleted: entityID alloc(1-2001), startGlobalOrder=5, startGroupOrder=1, digest=7F4FC8296AD553545CD95B23EFF6238F.
    INFO    cellapp01 30952 8001  [2018-10-22 23:54:32 441] - IDClient::onAddRange: number of ids increased from 1 to 2001.
   S_DBG    cellapp01 30952 8001  [2018-10-22 23:54:33 645] - onInit::isReload:0
 WARNING    cellapp01 30952 8001  [2018-10-22 23:54:33 645] - e:\kbengine\kbe\src\lib\server\entity_app.h:749: Profile processRecvMessages took 1.21 seconds
 WARNING    cellapp01 30952 8001  [2018-10-22 23:54:33 645] - e:\kbengine\kbe\src\server\cellapp\cellapp.cpp:245: Profile gameTick took 1.21 seconds
 WARNING    cellapp01 30952 8001  [2018-10-22 23:54:33 646] - e:\kbengine\kbe\src\lib\network\event_dispatcher.cpp:153: Profile callSystemTimers took 1.21 seconds
 WARNING    cellapp01 30952 8001  [2018-10-22 23:54:33 646] - EntityApp::checkTickPeriod: tick took 1213% (1.21 seconds)!
   DEBUG    cellapp01 30952 8001  [2018-10-22 23:54:33 682] - InitProgressHandler::~InitProgressHandler()
    INFO    cellapp01 30952 8001  [2018-10-22 23:54:34 632] - ServerApp::onRegisterNewApp: uid:30952, username:, componentType:baseapp, componentID:7001, globalorderID=6, grouporderID=1, intaddr:192.168.0.107, intport:57615, extaddr:192.168.0.107, extport:20015,  from 192.168.0.107:57613/0/0/0.
    INFO    cellapp01 30952 8001  [2018-10-22 23:54:34 632] - Components::addComponent[baseapp], uid=30952, componentID=7001, globalorderid=6, grouporderid=1, totalcount=1
   S_DBG    cellapp01 30952 8001  [2018-10-22 23:54:39 656] - onGlobalData: Halls
    INFO    cellapp-1 31138 8001  [2018-10-22 23:54:54 580] - -----------------------------------------------------------------------------------------


    INFO    cellapp-1 31138 8001  [2018-10-22 23:54:54 580] - Resmgr::initialize: KBE_ROOT=E:/kbengine/
    INFO    cellapp-1 31138 8001  [2018-10-22 23:54:54 580] - Resmgr::initialize: KBE_RES_PATH=E:/kbengine/kbe/res/;E:/kbengine/assets/;E:/kbengine/assets/scripts/;E:/kbengine/assets/res/
    INFO    cellapp-1 31138 8001  [2018-10-22 23:54:54 580] - Resmgr::initialize: KBE_BIN_PATH=E:/kbengine/kbe/bin/server/
    INFO    cellapp-1 31138 8001  [2018-10-22 23:54:54 583] - NetworkInterface::initialize(INTERNAL): bound to all interfaces with default route interface on 192.168.0.107 ( 192.168.0.107:57651 )
    INFO    cellapp-1 31138 8001  [2018-10-22 23:54:54 583] - NetworkInterface::initialize(INTERNAL): address 192.168.0.107:57651, SOMAXCONN=5.
    INFO    cellapp-1 31138 8001  [2018-10-22 23:54:54 583] - server-configs:
    INFO    cellapp-1 31138 8001  [2018-10-22 23:54:54 583] - 	gameUpdateHertz : 10
    INFO    cellapp-1 31138 8001  [2018-10-22 23:54:54 583] - 	defaultViewRadius : 80
    INFO    cellapp-1 31138 8001  [2018-10-22 23:54:54 583] - 	defaultViewHysteresisArea : 5
    INFO    cellapp-1 31138 8001  [2018-10-22 23:54:54 583] - 	entryScriptFile : kbemain
    INFO    cellapp-1 31138 8001  [2018-10-22 23:54:54 583] - 	internalAddr : 192.168.0.107:57651
    INFO    cellapp-1 31138 8001  [2018-10-22 23:54:54 583] - 	componentID : 8001
    INFO    cellapp-1 31138 8001  [2018-10-22 23:54:56 092] - ---- cellapp Version: 2.0.0. ScriptVersion: 0.1.0. Protocol: 85A70C5E64F896E0F1A60BF405B4EB07. Config: Debug X86. Built: 15:53:53 Apr 29 2018. AppID: 8001. UID: 31138. PID: 4708 ----
    INFO    cellapp-1 31138 8001  [2018-10-22 23:54:56 092] - Server : Intel(R) Xeon(R) CPU E3-1230 v3 @ 3.30GHz with 4194303kB RAM
    INFO    cellapp-1 31138 8001  [2018-10-22 23:54:56 093] - ThreadPool::createThreadPool: creating  threadpool...
    INFO    cellapp-1 31138 8001  [2018-10-22 23:54:56 093] - ThreadPool::createThreadPool: successfully(2), newThreadCount=1, normalMaxThreadCount=2, maxThreadCount=8
   DEBUG    cellapp-1 31138 8001  [2018-10-22 23:54:56 230] - Script::install_py_dlls(): PyInit_pyexpat
   DEBUG    cellapp-1 31138 8001  [2018-10-22 23:54:56 231] - Script::install_py_dlls(): PyInit__socket
   DEBUG    cellapp-1 31138 8001  [2018-10-22 23:54:56 232] - Script::install_py_dlls(): PyInit__ssl
   DEBUG    cellapp-1 31138 8001  [2018-10-22 23:54:56 235] - Script::install_py_dlls(): PyInit__hashlib
   DEBUG    cellapp-1 31138 8001  [2018-10-22 23:54:56 235] - Script::install_py_dlls(): PyInit_select
   DEBUG    cellapp-1 31138 8001  [2018-10-22 23:54:56 236] - Script::install_py_dlls(): PyInit__ctypes
   DEBUG    cellapp-1 31138 8001  [2018-10-22 23:54:56 236] - Script::install_py_dlls(): PyInit__elementtree
   DEBUG    cellapp-1 31138 8001  [2018-10-22 23:54:56 269] - Script::install_py_dlls(): PyInit_unicodedata
    INFO    cellapp-1 31138 8001  [2018-10-22 23:54:56 302] - Script::install(): is successfully, Python=(3.4.2 (default, Apr 29 2018, 15:53:05) [MSC v.1913 32 bit (Intel)])!
    INFO    cellapp-1 31138 8001  [2018-10-22 23:54:56 302] - Script::install(): KBExtra is successfully!
   DEBUG    cellapp-1 31138 8001  [2018-10-22 23:54:56 326] - loaded entity-script:Account(1).
   DEBUG    cellapp-1 31138 8001  [2018-10-22 23:54:56 335] - loaded entity-script:Room(4).
    INFO    cellapp-1 31138 8001  [2018-10-22 23:54:56 335] - TelnetServer server is running on port 50000
    INFO    cellapp-1 31138 8001  [2018-10-22 23:54:56 729] - ---- cellapp is running ----
   DEBUG    cellapp-1 31138 8001  [2018-10-22 23:54:56 729] - Components::process(): Request for the process of identity...
 WARNING    cellapp-1 31138 8001  [2018-10-22 23:55:02 838] - EntityApp::checkTickPeriod: tick took 6107% (6.11 seconds)!
    INFO    cellapp-1 31138 8001  [2018-10-22 23:55:03 882] - Components::findComponents: find logger(1)...
    INFO    cellapp-1 31138 8001  [2018-10-22 23:55:03 939] - Components::findComponents: found logger, addr:192.168.0.107:57649
    INFO    cellapp-1 31138 8001  [2018-10-22 23:55:03 940] - Components::addComponent: reset orderLog, uid=31138!
    INFO    cellapp-1 31138 8001  [2018-10-22 23:55:03 940] - Components::addComponent[logger], uid=31138, componentID=2000, globalorderid=1, grouporderid=1, totalcount=1
    INFO    cellapp-1 31138 8001  [2018-10-22 23:55:03 943] - Components::findComponents: find dbmgr(2)...
    INFO    cellapp-1 31138 8001  [2018-10-22 23:55:04 051] - Components::findComponents: found dbmgr, addr:192.168.0.107:57650
    INFO    cellapp-1 31138 8001  [2018-10-22 23:55:04 052] - Components::addComponent: reset orderLog, uid=31138!
    INFO    cellapp-1 31138 8001  [2018-10-22 23:55:04 052] - Components::addComponent[dbmgr], uid=31138, componentID=4000, globalorderid=1, grouporderid=1, totalcount=1
    INFO    cellapp-1 31138 8001  [2018-10-22 23:55:04 053] - Components::findComponents: found dbmgr, addr:192.168.0.107:57650
 WARNING    cellapp-1 31138 8001  [2018-10-22 23:55:05 055] - EntityApp::checkTickPeriod: tick took 1226% (1.23 seconds)!
    INFO    cellapp-1 31138 8001  [2018-10-22 23:55:06 081] - Components::findComponents: find cellappmgr(1)...
    INFO    cellapp-1 31138 8001  [2018-10-22 23:55:06 184] - Components::findComponents: found cellappmgr, addr:192.168.0.107:57645
    INFO    cellapp-1 31138 8001  [2018-10-22 23:55:06 184] - Components::addComponent[cellappmgr], uid=31138, componentID=6000, globalorderid=2, grouporderid=1, totalcount=1
    INFO    cellapp-1 31138 8001  [2018-10-22 23:55:06 184] - Components::findComponents: found cellappmgr, addr:192.168.0.107:57645
 WARNING    cellapp-1 31138 8001  [2018-10-22 23:55:07 186] - EntityApp::checkTickPeriod: tick took 1156% (1.16 seconds)!
    INFO    cellapp-1 31138 8001  [2018-10-22 23:55:08 230] - Components::findComponents: find baseappmgr(1)...
    INFO    cellapp-1 31138 8001  [2018-10-22 23:55:08 297] - Components::findComponents: found baseappmgr, addr:192.168.0.107:57644
    INFO    cellapp-1 31138 8001  [2018-10-22 23:55:08 297] - Components::addComponent[baseappmgr], uid=31138, componentID=5000, globalorderid=3, grouporderid=1, totalcount=1
    INFO    cellapp-1 31138 8001  [2018-10-22 23:55:08 298] - Components::findComponents: found baseappmgr, addr:192.168.0.107:57644
 WARNING    cellapp-1 31138 8001  [2018-10-22 23:55:09 298] - EntityApp::checkTickPeriod: tick took 1168% (1.17 seconds)!
    INFO    cellapp-1 31138 8001  [2018-10-22 23:55:10 430] - Components::findComponents: register self to dbmgr...
    INFO    cellapp-1 31138 8001  [2018-10-22 23:55:10 479] - Components::findComponents: register self to cellappmgr...
    INFO    cellapp-1 31138 8001  [2018-10-22 23:55:10 482] - Components::findComponents: register self to baseappmgr...
    INFO    cellapp-1 31138 8001  [2018-10-22 23:55:10 530] - Components::process(): Found all the components!
    INFO    cellapp-1 31138 8001  [2018-10-22 23:55:10 532] - ServerApp::onRegisterNewApp: uid:31138, username:, componentType:baseapp, componentID:7001, globalorderID=5, grouporderID=1, intaddr:192.168.0.107, intport:57647, extaddr:192.168.0.107, extport:20015,  from 192.168.0.107:57650/0/0/0.
    INFO    cellapp-1 31138 8001  [2018-10-22 23:55:10 532] - Components::addComponent[baseapp], uid=31138, componentID=7001, globalorderid=5, grouporderid=1, totalcount=1
    INFO    cellapp-1 31138 8001  [2018-10-22 23:55:13 530] - EntityApp::onDbmgrInitCompleted: entityID alloc(1-2001), startGlobalOrder=4, startGroupOrder=1, digest=7F4FC8296AD553545CD95B23EFF6238F.
    INFO    cellapp01 31138 8001  [2018-10-22 23:55:13 530] - IDClient::onAddRange: number of ids increased from 1 to 2001.
   S_DBG    cellapp01 31138 8001  [2018-10-22 23:55:14 734] - onInit::isReload:0
 WARNING    cellapp01 31138 8001  [2018-10-22 23:55:14 734] - e:\kbengine\kbe\src\lib\server\entity_app.h:749: Profile processRecvMessages took 1.20 seconds
 WARNING    cellapp01 31138 8001  [2018-10-22 23:55:14 735] - e:\kbengine\kbe\src\server\cellapp\cellapp.cpp:245: Profile gameTick took 1.21 seconds
 WARNING    cellapp01 31138 8001  [2018-10-22 23:55:14 735] - e:\kbengine\kbe\src\lib\network\event_dispatcher.cpp:153: Profile callSystemTimers took 1.21 seconds
 WARNING    cellapp01 31138 8001  [2018-10-22 23:55:14 735] - EntityApp::checkTickPeriod: tick took 1205% (1.21 seconds)!
   DEBUG    cellapp01 31138 8001  [2018-10-22 23:55:14 781] - InitProgressHandler::~InitProgressHandler()
   S_DBG    cellapp01 31138 8001  [2018-10-22 23:55:15 830] - onGlobalData: Halls
