    INFO baseappmgr-1 2973 5000  [2018-05-09 00:08:13 690] - -----------------------------------------------------------------------------------------


    INFO baseappmgr-1 2973 5000  [2018-05-09 00:08:13 690] - Resmgr::initialize: KBE_ROOT=E:/kbengine/
    INFO baseappmgr-1 2973 5000  [2018-05-09 00:08:13 690] - Resmgr::initialize: KBE_RES_PATH=E:/kbengine/kbe/res/;E:/kbengine/assets/;E:/kbengine/assets/scripts/;E:/kbengine/assets/res/
    INFO baseappmgr-1 2973 5000  [2018-05-09 00:08:13 690] - Resmgr::initialize: KBE_BIN_PATH=E:/kbengine/kbe/bin/server/
    INFO baseappmgr-1 2973 5000  [2018-05-09 00:08:13 694] - NetworkInterface::initialize(INTERNAL): bound to all interfaces with default route interface on 192.168.0.106 ( 192.168.0.106:50371 )
    INFO baseappmgr-1 2973 5000  [2018-05-09 00:08:13 695] - NetworkInterface::initialize(INTERNAL): address 192.168.0.106:50371, SOMAXCONN=5.
    INFO baseappmgr-1 2973 5000  [2018-05-09 00:08:13 695] - server-configs:
    INFO baseappmgr-1 2973 5000  [2018-05-09 00:08:13 695] - 	internalAddr : 192.168.0.106:50371
    INFO baseappmgr-1 2973 5000  [2018-05-09 00:08:13 695] - 	componentID : 5000
    INFO baseappmgr-1 2973 5000  [2018-05-09 00:08:15 199] - ---- baseappmgr Version: 2.0.0. ScriptVersion: 0.1.0. Protocol: EE09E8FDB2CCFCF3A31D35776E8954CE. Config: Debug X86. Built: 15:53:05 Apr 29 2018. AppID: 5000. UID: 2973. PID: 8364 ----
    INFO baseappmgr-1 2973 5000  [2018-05-09 00:08:15 199] - Server : Intel(R) Xeon(R) CPU E3-1230 v3 @ 3.30GHz with 4194303kB RAM
    INFO baseappmgr-1 2973 5000  [2018-05-09 00:08:15 200] - ThreadPool::createThreadPool: creating  threadpool...
    INFO baseappmgr-1 2973 5000  [2018-05-09 00:08:15 200] - ThreadPool::createThreadPool: successfully(2), newThreadCount=1, normalMaxThreadCount=2, maxThreadCount=8
    INFO baseappmgr-1 2973 5000  [2018-05-09 00:08:15 528] - ---- baseappmgr is running ----
   DEBUG baseappmgr-1 2973 5000  [2018-05-09 00:08:15 529] - Components::process(): Request for the process of identity...
 WARNING baseappmgr-1 2973 5000  [2018-05-09 00:08:15 839] - BundleBroadcast::BundleBroadcast: Cannot bind to port 20085, errorno=10048
 WARNING baseappmgr-1 2973 5000  [2018-05-09 00:08:19 190] - BundleBroadcast::BundleBroadcast: Cannot bind to port 20270, errorno=10048
    INFO baseappmgr-1 2973 5000  [2018-05-09 00:08:23 280] - Components::findComponents: find logger(1)...
    INFO baseappmgr-1 2973 5000  [2018-05-09 00:08:23 292] - Components::findComponents: found logger, addr:192.168.0.106:50378
    INFO baseappmgr-1 2973 5000  [2018-05-09 00:08:23 292] - Components::addComponent: reset orderLog, uid=2973!
    INFO baseappmgr-1 2973 5000  [2018-05-09 00:08:23 292] - Components::addComponent[logger], uid=2973, componentID=2000, globalorderid=1, grouporderid=1, totalcount=1
    INFO baseappmgr-1 2973 5000  [2018-05-09 00:08:23 293] - Components::findComponents: find dbmgr(2)...
    INFO baseappmgr-1 2973 5000  [2018-05-09 00:08:25 400] - Components::findComponents: find dbmgr(3)...
    INFO baseappmgr-1 2973 5000  [2018-05-09 00:08:27 421] - Components::findComponents: find dbmgr(4)...
    INFO baseappmgr-1 2973 5000  [2018-05-09 00:08:29 441] - Components::findComponents: find dbmgr(5)...
    INFO baseappmgr-1 2973 5000  [2018-05-09 00:08:31 461] - Components::findComponents: find dbmgr(6)...
    INFO baseappmgr-1 2973 5000  [2018-05-09 00:08:33 481] - Components::findComponents: find dbmgr(7)...
    INFO baseappmgr-1 2973 5000  [2018-05-09 00:08:35 500] - Components::findComponents: find dbmgr(8)...
    INFO baseappmgr-1 2973 5000  [2018-05-09 00:08:37 520] - Components::findComponents: find dbmgr(9)...
    INFO baseappmgr-1 2973 5000  [2018-05-09 00:08:39 540] - Components::findComponents: find dbmgr(10)...
    INFO baseappmgr-1 3068 5000  [2018-05-09 00:08:42 694] - -----------------------------------------------------------------------------------------


    INFO baseappmgr-1 3068 5000  [2018-05-09 00:08:42 694] - Resmgr::initialize: KBE_ROOT=E:/kbengine/
    INFO baseappmgr-1 3068 5000  [2018-05-09 00:08:42 694] - Resmgr::initialize: KBE_RES_PATH=E:/kbengine/kbe/res/;E:/kbengine/assets/;E:/kbengine/assets/scripts/;E:/kbengine/assets/res/
    INFO baseappmgr-1 3068 5000  [2018-05-09 00:08:42 694] - Resmgr::initialize: KBE_BIN_PATH=E:/kbengine/kbe/bin/server/
    INFO baseappmgr-1 3068 5000  [2018-05-09 00:08:42 702] - NetworkInterface::initialize(INTERNAL): bound to all interfaces with default route interface on 192.168.0.106 ( 192.168.0.106:50406 )
    INFO baseappmgr-1 3068 5000  [2018-05-09 00:08:42 702] - NetworkInterface::initialize(INTERNAL): address 192.168.0.106:50406, SOMAXCONN=5.
    INFO baseappmgr-1 3068 5000  [2018-05-09 00:08:42 702] - server-configs:
    INFO baseappmgr-1 3068 5000  [2018-05-09 00:08:42 702] - 	internalAddr : 192.168.0.106:50406
    INFO baseappmgr-1 3068 5000  [2018-05-09 00:08:42 702] - 	componentID : 5000
    INFO baseappmgr-1 3068 5000  [2018-05-09 00:08:44 218] - ---- baseappmgr Version: 2.0.0. ScriptVersion: 0.1.0. Protocol: EE09E8FDB2CCFCF3A31D35776E8954CE. Config: Debug X86. Built: 15:53:05 Apr 29 2018. AppID: 5000. UID: 3068. PID: 10496 ----
    INFO baseappmgr-1 3068 5000  [2018-05-09 00:08:44 219] - Server : Intel(R) Xeon(R) CPU E3-1230 v3 @ 3.30GHz with 4194303kB RAM
    INFO baseappmgr-1 3068 5000  [2018-05-09 00:08:44 219] - ThreadPool::createThreadPool: creating  threadpool...
    INFO baseappmgr-1 3068 5000  [2018-05-09 00:08:44 220] - ThreadPool::createThreadPool: successfully(2), newThreadCount=1, normalMaxThreadCount=2, maxThreadCount=8
    INFO baseappmgr-1 3068 5000  [2018-05-09 00:08:44 565] - ---- baseappmgr is running ----
   DEBUG baseappmgr-1 3068 5000  [2018-05-09 00:08:44 565] - Components::process(): Request for the process of identity...
    INFO baseappmgr-1 3068 5000  [2018-05-09 00:08:51 742] - Components::findComponents: find logger(1)...
    INFO baseappmgr-1 3068 5000  [2018-05-09 00:08:51 778] - Components::findComponents: found logger, addr:192.168.0.106:50404
    INFO baseappmgr-1 3068 5000  [2018-05-09 00:08:51 779] - Components::addComponent: reset orderLog, uid=3068!
    INFO baseappmgr-1 3068 5000  [2018-05-09 00:08:51 780] - Components::addComponent[logger], uid=3068, componentID=2000, globalorderid=1, grouporderid=1, totalcount=1
    INFO baseappmgr-1 3068 5000  [2018-05-09 00:08:51 782] - Components::findComponents: find dbmgr(2)...
    INFO baseappmgr-1 3068 5000  [2018-05-09 00:08:53 900] - Components::findComponents: find dbmgr(3)...
    INFO baseappmgr-1 3117 5000  [2018-05-09 00:08:57 903] - -----------------------------------------------------------------------------------------


    INFO baseappmgr-1 3117 5000  [2018-05-09 00:08:57 903] - Resmgr::initialize: KBE_ROOT=E:/kbengine/
    INFO baseappmgr-1 3117 5000  [2018-05-09 00:08:57 903] - Resmgr::initialize: KBE_RES_PATH=E:/kbengine/kbe/res/;E:/kbengine/assets/;E:/kbengine/assets/scripts/;E:/kbengine/assets/res/
    INFO baseappmgr-1 3117 5000  [2018-05-09 00:08:57 904] - Resmgr::initialize: KBE_BIN_PATH=E:/kbengine/kbe/bin/server/
    INFO baseappmgr-1 3117 5000  [2018-05-09 00:08:57 908] - NetworkInterface::initialize(INTERNAL): bound to all interfaces with default route interface on 192.168.0.106 ( 192.168.0.106:50424 )
    INFO baseappmgr-1 3117 5000  [2018-05-09 00:08:57 908] - NetworkInterface::initialize(INTERNAL): address 192.168.0.106:50424, SOMAXCONN=5.
    INFO baseappmgr-1 3117 5000  [2018-05-09 00:08:57 908] - server-configs:
    INFO baseappmgr-1 3117 5000  [2018-05-09 00:08:57 908] - 	internalAddr : 192.168.0.106:50424
    INFO baseappmgr-1 3117 5000  [2018-05-09 00:08:57 908] - 	componentID : 5000
 WARNING baseappmgr-1 3117 5000  [2018-05-09 00:08:58 228] - BundleBroadcast::BundleBroadcast: Cannot bind to port 20657, errorno=10048
    INFO baseappmgr-1 3117 5000  [2018-05-09 00:08:58 232] - ---- baseappmgr Version: 2.0.0. ScriptVersion: 0.1.0. Protocol: EE09E8FDB2CCFCF3A31D35776E8954CE. Config: Debug X86. Built: 15:53:05 Apr 29 2018. AppID: 5000. UID: 3117. PID: 10692 ----
    INFO baseappmgr-1 3117 5000  [2018-05-09 00:08:58 232] - Server : Intel(R) Xeon(R) CPU E3-1230 v3 @ 3.30GHz with 4194303kB RAM
    INFO baseappmgr-1 3117 5000  [2018-05-09 00:08:58 232] - ThreadPool::createThreadPool: creating  threadpool...
    INFO baseappmgr-1 3117 5000  [2018-05-09 00:08:58 232] - ThreadPool::createThreadPool: successfully(2), newThreadCount=1, normalMaxThreadCount=2, maxThreadCount=8
    INFO baseappmgr-1 3117 5000  [2018-05-09 00:08:58 557] - ---- baseappmgr is running ----
   DEBUG baseappmgr-1 3117 5000  [2018-05-09 00:08:58 557] - Components::process(): Request for the process of identity...
    INFO baseappmgr-1 3117 5000  [2018-05-09 00:09:05 674] - Components::findComponents: find logger(1)...
    INFO baseappmgr-1 3117 5000  [2018-05-09 00:09:05 774] - Components::findComponents: found logger, addr:192.168.0.106:50425
    INFO baseappmgr-1 3117 5000  [2018-05-09 00:09:05 775] - Components::addComponent: reset orderLog, uid=3117!
    INFO baseappmgr-1 3117 5000  [2018-05-09 00:09:05 775] - Components::addComponent[logger], uid=3117, componentID=2000, globalorderid=1, grouporderid=1, totalcount=1
    INFO baseappmgr-1 3117 5000  [2018-05-09 00:09:05 778] - Components::findComponents: find dbmgr(2)...
    INFO baseappmgr-1 3117 5000  [2018-05-09 00:09:07 893] - Components::findComponents: find dbmgr(3)...
    INFO baseappmgr-1 3117 5000  [2018-05-09 00:09:09 913] - Components::findComponents: find dbmgr(4)...
