    INFO    cellapp-1 4926 8001  [2018-11-15 14:18:21 608] - -----------------------------------------------------------------------------------------


    INFO    cellapp-1 4926 8001  [2018-11-15 14:18:23 225] - Resmgr::initialize: KBE_ROOT=E:/kbengine/
    INFO    cellapp-1 4926 8001  [2018-11-15 14:18:23 225] - Resmgr::initialize: KBE_RES_PATH=E:/kbengine/kbe/res/;E:/kbengine/assets/;E:/kbengine/assets/scripts/;E:/kbengine/assets/res/
    INFO    cellapp-1 4926 8001  [2018-11-15 14:18:23 226] - Resmgr::initialize: KBE_BIN_PATH=E:/kbengine/kbe/bin/server/
    INFO    cellapp-1 4926 8001  [2018-11-15 14:18:23 784] - NetworkInterface::initialize(INTERNAL): bound to all interfaces with default route interface on 192.168.0.107 ( 192.168.0.107:52204 )
    INFO    cellapp-1 4926 8001  [2018-11-15 14:18:23 847] - NetworkInterface::initialize(INTERNAL): address 192.168.0.107:52204, SOMAXCONN=5.
    INFO    cellapp-1 4926 8001  [2018-11-15 14:18:23 848] - server-configs:
    INFO    cellapp-1 4926 8001  [2018-11-15 14:18:23 848] - 	gameUpdateHertz : 10
    INFO    cellapp-1 4926 8001  [2018-11-15 14:18:23 898] - 	defaultViewRadius : 80
    INFO    cellapp-1 4926 8001  [2018-11-15 14:18:23 898] - 	defaultViewHysteresisArea : 5
    INFO    cellapp-1 4926 8001  [2018-11-15 14:18:23 899] - 	entryScriptFile : kbemain
    INFO    cellapp-1 4926 8001  [2018-11-15 14:18:23 899] - 	internalAddr : 192.168.0.107:52204
    INFO    cellapp-1 4926 8001  [2018-11-15 14:18:23 900] - 	componentID : 8001
    INFO    cellapp-1 4926 8001  [2018-11-15 14:18:24 487] - Components::findLogger: found logger, addr:192.168.0.107:52193
    INFO    cellapp-1 4926 8001  [2018-11-15 14:18:24 488] - Components::addComponent: reset orderLog, uid=4926!
    INFO    cellapp-1 4926 8001  [2018-11-15 14:18:24 543] - Components::addComponent[logger], uid=4926, componentID=2000, globalorderid=1, grouporderid=1, totalcount=1
    INFO    cellapp-1 4926 8001  [2018-11-15 14:18:24 750] - ---- cellapp Version: 2.0.0. ScriptVersion: 0.1.0. Protocol: 85A70C5E64F896E0F1A60BF405B4EB07. Config: Debug X86. Built: 15:53:53 Apr 29 2018. AppID: 8001. UID: 4926. PID: 6092 ----
    INFO    cellapp-1 4926 8001  [2018-11-15 14:18:24 751] - Server : Intel(R) Xeon(R) CPU E3-1230 v3 @ 3.30GHz with 4194303kB RAM
    INFO    cellapp-1 4926 8001  [2018-11-15 14:18:24 890] - ThreadPool::createThreadPool: creating  threadpool...
    INFO    cellapp-1 4926 8001  [2018-11-15 14:18:24 907] - ThreadPool::createThreadPool: successfully(2), newThreadCount=1, normalMaxThreadCount=2, maxThreadCount=8
   DEBUG    cellapp-1 4926 8001  [2018-11-15 14:18:30 851] - Script::install_py_dlls(): PyInit_pyexpat
   DEBUG    cellapp-1 4926 8001  [2018-11-15 14:18:30 890] - Script::install_py_dlls(): PyInit__socket
   DEBUG    cellapp-1 4926 8001  [2018-11-15 14:18:31 054] - Script::install_py_dlls(): PyInit__ssl
   DEBUG    cellapp-1 4926 8001  [2018-11-15 14:18:31 906] - Script::install_py_dlls(): PyInit__hashlib
   DEBUG    cellapp-1 4926 8001  [2018-11-15 14:18:32 064] - Script::install_py_dlls(): PyInit_select
   DEBUG    cellapp-1 4926 8001  [2018-11-15 14:18:32 119] - Script::install_py_dlls(): PyInit__ctypes
   DEBUG    cellapp-1 4926 8001  [2018-11-15 14:18:32 260] - Script::install_py_dlls(): PyInit__elementtree
   DEBUG    cellapp-1 4926 8001  [2018-11-15 14:18:32 927] - Script::install_py_dlls(): PyInit_unicodedata
    INFO    cellapp-1 4926 8001  [2018-11-15 14:18:34 423] - Script::install(): is successfully, Python=(3.4.2 (default, Apr 29 2018, 15:53:05) [MSC v.1913 32 bit (Intel)])!
    INFO    cellapp-1 4926 8001  [2018-11-15 14:18:34 423] - Script::install(): KBExtra is successfully!
   DEBUG    cellapp-1 4926 8001  [2018-11-15 14:18:35 975] - loaded entity-script:Account(1).
   DEBUG    cellapp-1 4926 8001  [2018-11-15 14:18:36 174] - loaded entity-script:Room(4).
    INFO    cellapp-1 4926 8001  [2018-11-15 14:18:36 196] - TelnetServer server is running on port 50000
    INFO    cellapp-1 4926 8001  [2018-11-15 14:18:36 930] - ---- cellapp is running ----
   DEBUG    cellapp-1 4926 8001  [2018-11-15 14:18:36 959] - Components::process(): Request for the process of identity...
 WARNING    cellapp-1 4926 8001  [2018-11-15 14:18:43 204] - EntityApp::checkTickPeriod: tick took 6274% (6.27 seconds)!
    INFO    cellapp-1 4926 8001  [2018-11-15 14:18:44 230] - Components::findComponents: find dbmgr(1)...
    INFO    cellapp-1 4926 8001  [2018-11-15 14:18:44 277] - Components::findComponents: found dbmgr, addr:192.168.0.107:52199
    INFO    cellapp-1 4926 8001  [2018-11-15 14:18:44 277] - Components::addComponent: reset orderLog, uid=4926!
    INFO    cellapp-1 4926 8001  [2018-11-15 14:18:44 278] - Components::addComponent[dbmgr], uid=4926, componentID=4000, globalorderid=1, grouporderid=1, totalcount=1
    INFO    cellapp-1 4926 8001  [2018-11-15 14:18:44 279] - Components::findComponents: found dbmgr, addr:192.168.0.107:52199
 WARNING    cellapp-1 4926 8001  [2018-11-15 14:18:45 279] - EntityApp::checkTickPeriod: tick took 1149% (1.15 seconds)!
    INFO    cellapp-1 4926 8001  [2018-11-15 14:18:46 291] - Components::findComponents: find cellappmgr(1)...
    INFO    cellapp-1 4926 8001  [2018-11-15 14:18:46 389] - Components::findComponents: found cellappmgr, addr:192.168.0.107:52194
    INFO    cellapp-1 4926 8001  [2018-11-15 14:18:46 389] - Components::addComponent[cellappmgr], uid=4926, componentID=6000, globalorderid=2, grouporderid=1, totalcount=1
    INFO    cellapp-1 4926 8001  [2018-11-15 14:18:46 391] - Components::findComponents: found cellappmgr, addr:192.168.0.107:52194
 WARNING    cellapp-1 4926 8001  [2018-11-15 14:18:47 391] - EntityApp::checkTickPeriod: tick took 1160% (1.16 seconds)!
    INFO    cellapp-1 4926 8001  [2018-11-15 14:18:48 431] - Components::findComponents: find baseappmgr(1)...
    INFO    cellapp-1 4926 8001  [2018-11-15 14:18:48 499] - Components::findComponents: found baseappmgr, addr:192.168.0.107:52198
    INFO    cellapp-1 4926 8001  [2018-11-15 14:18:48 500] - Components::addComponent[baseappmgr], uid=4926, componentID=5000, globalorderid=3, grouporderid=1, totalcount=1
    INFO    cellapp-1 4926 8001  [2018-11-15 14:18:48 501] - Components::findComponents: found baseappmgr, addr:192.168.0.107:52198
 WARNING    cellapp-1 4926 8001  [2018-11-15 14:18:49 501] - EntityApp::checkTickPeriod: tick took 1170% (1.17 seconds)!
    INFO    cellapp-1 4926 8001  [2018-11-15 14:18:50 591] - Components::findComponents: register self to dbmgr...
    INFO    cellapp-1 4926 8001  [2018-11-15 14:18:50 630] - Components::findComponents: register self to cellappmgr...
    INFO    cellapp-1 4926 8001  [2018-11-15 14:18:50 691] - Components::findComponents: register self to baseappmgr...
    INFO    cellapp-1 4926 8001  [2018-11-15 14:18:50 730] - Components::process(): Found all the components!
    INFO    cellapp-1 4926 8001  [2018-11-15 14:18:53 631] - EntityApp::onDbmgrInitCompleted: entityID alloc(1-2001), startGlobalOrder=5, startGroupOrder=1, digest=7F4FC8296AD553545CD95B23EFF6238F.
    INFO    cellapp01 4926 8001  [2018-11-15 14:18:53 631] - IDClient::onAddRange: number of ids increased from 1 to 2001.
   S_DBG    cellapp01 4926 8001  [2018-11-15 14:18:54 835] - onInit::isReload:0
 WARNING    cellapp01 4926 8001  [2018-11-15 14:18:54 835] - e:\kbengine\kbe\src\lib\server\entity_app.h:749: Profile processRecvMessages took 1.20 seconds
 WARNING    cellapp01 4926 8001  [2018-11-15 14:18:54 836] - e:\kbengine\kbe\src\server\cellapp\cellapp.cpp:245: Profile gameTick took 1.21 seconds
 WARNING    cellapp01 4926 8001  [2018-11-15 14:18:54 836] - e:\kbengine\kbe\src\lib\network\event_dispatcher.cpp:153: Profile callSystemTimers took 1.21 seconds
 WARNING    cellapp01 4926 8001  [2018-11-15 14:18:54 837] - EntityApp::checkTickPeriod: tick took 1206% (1.21 seconds)!
   DEBUG    cellapp01 4926 8001  [2018-11-15 14:18:54 904] - InitProgressHandler::~InitProgressHandler()
    INFO    cellapp01 4926 8001  [2018-11-15 14:18:56 831] - ServerApp::onRegisterNewApp: uid:4926, username:, componentType:baseapp, componentID:7001, globalorderID=6, grouporderID=1, intaddr:192.168.0.107, intport:52216, extaddr:192.168.0.107, extport:20015,  from 192.168.0.107:52199/0/0/0.
    INFO    cellapp01 4926 8001  [2018-11-15 14:18:56 831] - Components::addComponent[baseapp], uid=4926, componentID=7001, globalorderid=6, grouporderid=1, totalcount=1
   S_DBG    cellapp01 4926 8001  [2018-11-15 14:19:02 053] - onGlobalData: Halls
   DEBUG    cellapp01 4926 8001  [2018-11-15 14:36:00 480] - Spaces::createNewSpace: new space(Room) 1.
    INFO    cellapp01 4926 8001  [2018-11-15 14:36:00 505] - EntityApp::createEntity: new Room 2003
    INFO    cellapp01 4926 8001  [2018-11-15 14:36:00 549] - KBEngine::addSpaceGeometryMapping: spaceID=1, respath=spaces/mjRoom, shouldLoadOnServer=1!
 WARNING    cellapp01 4926 8001  [2018-11-15 14:36:00 576] - e:\kbengine\kbe\src\lib\server\entity_app.h:749: Profile processRecvMessages took 0.13 seconds
 WARNING    cellapp01 4926 8001  [2018-11-15 14:36:00 576] - e:\kbengine\kbe\src\server\cellapp\cellapp.cpp:245: Profile gameTick took 0.14 seconds
 WARNING    cellapp01 4926 8001  [2018-11-15 14:36:00 577] - e:\kbengine\kbe\src\lib\network\event_dispatcher.cpp:153: Profile callSystemTimers took 0.14 seconds
    INFO    cellapp01 4926 8001  [2018-11-15 14:36:00 578] - KBEngine::onLoadedSpaceGeometryMapping: spaceID=1, respath=spaces/mjRoom!
   S_DBG    cellapp01 4926 8001  [2018-11-15 14:36:00 642] - 玩家进来了---2002 座位号为 0
    INFO    cellapp01 4926 8001  [2018-11-15 14:36:00 742] - EntityApp::createEntity: new Account 2002
   S_DBG    cellapp01 4926 8001  [2018-11-15 14:36:02 341] - 2002
   S_DBG    cellapp01 4926 8001  [2018-11-15 14:36:02 342] - True
   S_DBG    cellapp01 4926 8001  [2018-11-15 14:36:02 442] - cell account
   S_DBG    cellapp01 4926 8001  [2018-11-15 14:36:02 442] - 1
   S_DBG    cellapp01 4926 8001  [2018-11-15 14:36:09 542] - 玩家进来了---2004 座位号为 1
    INFO    cellapp01 4926 8001  [2018-11-15 14:36:09 642] - EntityApp::createEntity: new Account 2004
   S_DBG    cellapp01 4926 8001  [2018-11-15 14:36:14 942] - 2004
   S_DBG    cellapp01 4926 8001  [2018-11-15 14:36:14 943] - True
   S_DBG    cellapp01 4926 8001  [2018-11-15 14:36:14 943] - 全部就位---开始处理！
   S_DBG    cellapp01 4926 8001  [2018-11-15 14:36:14 976] - 游戏开始！
 WARNING    cellapp01 4926 8001  [2018-11-15 14:36:15 068] - e:\kbengine\kbe\src\server\cellapp\entity.cpp:978: Profile scriptCall took 0.13 seconds
 WARNING    cellapp01 4926 8001  [2018-11-15 14:36:15 068] - e:\kbengine\kbe\src\lib\server\entity_app.h:749: Profile processRecvMessages took 0.13 seconds
 WARNING    cellapp01 4926 8001  [2018-11-15 14:36:15 069] - e:\kbengine\kbe\src\server\cellapp\cellapp.cpp:245: Profile gameTick took 0.13 seconds
 WARNING    cellapp01 4926 8001  [2018-11-15 14:36:15 069] - e:\kbengine\kbe\src\lib\network\event_dispatcher.cpp:153: Profile callSystemTimers took 0.13 seconds
   S_DBG    cellapp01 4926 8001  [2018-11-15 14:36:15 070] - cell account
   S_DBG    cellapp01 4926 8001  [2018-11-15 14:36:15 070] - 1
 WARNING    cellapp01 4926 8001  [2018-11-15 14:36:20 399] - e:\kbengine\kbe\src\server\cellapp\entity.cpp:4236: Profile onTimer took 0.16 seconds
 WARNING    cellapp01 4926 8001  [2018-11-15 14:36:20 400] - e:\kbengine\kbe\src\lib\server\serverapp.cpp:253: Profile callScriptTimers took 0.16 seconds
 WARNING    cellapp01 4926 8001  [2018-11-15 14:36:20 400] - e:\kbengine\kbe\src\server\cellapp\cellapp.cpp:245: Profile gameTick took 0.16 seconds
 WARNING    cellapp01 4926 8001  [2018-11-15 14:36:20 400] - e:\kbengine\kbe\src\lib\network\event_dispatcher.cpp:153: Profile callSystemTimers took 0.16 seconds
   DEBUG    cellapp01 4926 8001  [2018-11-15 14:41:13 245] - Account::onWriteToDB(): 2002.
 WARNING    cellapp01 4926 8001  [2018-11-15 14:41:20 758] - e:\kbengine\kbe\src\server\cellapp\entity.cpp:4236: Profile onTimer took 0.11 seconds
 WARNING    cellapp01 4926 8001  [2018-11-15 14:41:20 758] - e:\kbengine\kbe\src\lib\server\serverapp.cpp:253: Profile callScriptTimers took 0.11 seconds
 WARNING    cellapp01 4926 8001  [2018-11-15 14:41:20 759] - e:\kbengine\kbe\src\server\cellapp\cellapp.cpp:245: Profile gameTick took 0.11 seconds
 WARNING    cellapp01 4926 8001  [2018-11-15 14:41:20 759] - e:\kbengine\kbe\src\lib\network\event_dispatcher.cpp:153: Profile callSystemTimers took 0.12 seconds
 WARNING    cellapp01 4926 8001  [2018-11-15 14:41:25 782] - e:\kbengine\kbe\src\server\cellapp\entity.cpp:4236: Profile onTimer took 0.24 seconds
 WARNING    cellapp01 4926 8001  [2018-11-15 14:41:25 782] - e:\kbengine\kbe\src\lib\server\serverapp.cpp:253: Profile callScriptTimers took 0.24 seconds
 WARNING    cellapp01 4926 8001  [2018-11-15 14:41:25 782] - e:\kbengine\kbe\src\server\cellapp\cellapp.cpp:245: Profile gameTick took 0.24 seconds
 WARNING    cellapp01 4926 8001  [2018-11-15 14:41:25 783] - e:\kbengine\kbe\src\lib\network\event_dispatcher.cpp:153: Profile callSystemTimers took 0.24 seconds
 WARNING    cellapp01 4926 8001  [2018-11-15 14:41:25 783] - EntityApp::checkTickPeriod: tick took 239% (0.24 seconds)!
 WARNING    cellapp01 4926 8001  [2018-11-15 14:41:42 019] - e:\kbengine\kbe\src\server\cellapp\entity.cpp:4236: Profile onTimer took 0.17 seconds
 WARNING    cellapp01 4926 8001  [2018-11-15 14:41:42 020] - e:\kbengine\kbe\src\lib\server\serverapp.cpp:253: Profile callScriptTimers took 0.18 seconds
 WARNING    cellapp01 4926 8001  [2018-11-15 14:41:42 020] - e:\kbengine\kbe\src\server\cellapp\cellapp.cpp:245: Profile gameTick took 0.18 seconds
 WARNING    cellapp01 4926 8001  [2018-11-15 14:41:42 020] - e:\kbengine\kbe\src\lib\network\event_dispatcher.cpp:153: Profile callSystemTimers took 0.18 seconds
   DEBUG    cellapp01 4926 8001  [2018-11-15 14:43:43 245] - Account::onWriteToDB(): 2004.
 WARNING    cellapp01 4926 8001  [2018-11-15 14:44:19 118] - e:\kbengine\kbe\src\server\cellapp\entity.cpp:4236: Profile onTimer took 0.17 seconds
 WARNING    cellapp01 4926 8001  [2018-11-15 14:44:19 119] - e:\kbengine\kbe\src\lib\server\serverapp.cpp:253: Profile callScriptTimers took 0.17 seconds
 WARNING    cellapp01 4926 8001  [2018-11-15 14:44:19 120] - e:\kbengine\kbe\src\server\cellapp\cellapp.cpp:245: Profile gameTick took 0.17 seconds
 WARNING    cellapp01 4926 8001  [2018-11-15 14:44:19 120] - e:\kbengine\kbe\src\lib\network\event_dispatcher.cpp:153: Profile callSystemTimers took 0.17 seconds
 WARNING    cellapp01 4926 8001  [2018-11-15 14:44:26 413] - e:\kbengine\kbe\src\server\cellapp\entity.cpp:4236: Profile onTimer took 0.17 seconds
 WARNING    cellapp01 4926 8001  [2018-11-15 14:44:26 414] - e:\kbengine\kbe\src\lib\server\serverapp.cpp:253: Profile callScriptTimers took 0.17 seconds
 WARNING    cellapp01 4926 8001  [2018-11-15 14:44:26 414] - e:\kbengine\kbe\src\server\cellapp\cellapp.cpp:245: Profile gameTick took 0.17 seconds
 WARNING    cellapp01 4926 8001  [2018-11-15 14:44:26 415] - e:\kbengine\kbe\src\lib\network\event_dispatcher.cpp:153: Profile callSystemTimers took 0.17 seconds
 WARNING    cellapp01 4926 8001  [2018-11-15 14:44:39 229] - e:\kbengine\kbe\src\server\cellapp\entity.cpp:4236: Profile onTimer took 0.18 seconds
 WARNING    cellapp01 4926 8001  [2018-11-15 14:44:39 229] - e:\kbengine\kbe\src\lib\server\serverapp.cpp:253: Profile callScriptTimers took 0.18 seconds
 WARNING    cellapp01 4926 8001  [2018-11-15 14:44:39 230] - e:\kbengine\kbe\src\server\cellapp\cellapp.cpp:245: Profile gameTick took 0.18 seconds
 WARNING    cellapp01 4926 8001  [2018-11-15 14:44:39 230] - e:\kbengine\kbe\src\lib\network\event_dispatcher.cpp:153: Profile callSystemTimers took 0.18 seconds
 WARNING    cellapp01 4926 8001  [2018-11-15 14:44:42 849] - e:\kbengine\kbe\src\server\cellapp\entity.cpp:4236: Profile onTimer took 0.10 seconds
 WARNING    cellapp01 4926 8001  [2018-11-15 14:44:42 849] - e:\kbengine\kbe\src\lib\server\serverapp.cpp:253: Profile callScriptTimers took 0.10 seconds
 WARNING    cellapp01 4926 8001  [2018-11-15 14:44:42 850] - e:\kbengine\kbe\src\server\cellapp\cellapp.cpp:245: Profile gameTick took 0.10 seconds
 WARNING    cellapp01 4926 8001  [2018-11-15 14:44:42 850] - e:\kbengine\kbe\src\lib\network\event_dispatcher.cpp:153: Profile callSystemTimers took 0.10 seconds
 WARNING    cellapp01 4926 8001  [2018-11-15 14:44:50 800] - e:\kbengine\kbe\src\server\cellapp\entity.cpp:4236: Profile onTimer took 0.15 seconds
 WARNING    cellapp01 4926 8001  [2018-11-15 14:44:50 801] - e:\kbengine\kbe\src\lib\server\serverapp.cpp:253: Profile callScriptTimers took 0.15 seconds
 WARNING    cellapp01 4926 8001  [2018-11-15 14:44:50 801] - e:\kbengine\kbe\src\server\cellapp\cellapp.cpp:245: Profile gameTick took 0.16 seconds
 WARNING    cellapp01 4926 8001  [2018-11-15 14:44:50 802] - e:\kbengine\kbe\src\lib\network\event_dispatcher.cpp:153: Profile callSystemTimers took 0.16 seconds
 WARNING    cellapp01 4926 8001  [2018-11-15 14:44:54 423] - e:\kbengine\kbe\src\server\cellapp\entity.cpp:4236: Profile onTimer took 0.18 seconds
 WARNING    cellapp01 4926 8001  [2018-11-15 14:44:54 423] - e:\kbengine\kbe\src\lib\server\serverapp.cpp:253: Profile callScriptTimers took 0.18 seconds
 WARNING    cellapp01 4926 8001  [2018-11-15 14:44:54 424] - e:\kbengine\kbe\src\server\cellapp\cellapp.cpp:245: Profile gameTick took 0.18 seconds
 WARNING    cellapp01 4926 8001  [2018-11-15 14:44:54 424] - e:\kbengine\kbe\src\lib\network\event_dispatcher.cpp:153: Profile callSystemTimers took 0.18 seconds
 WARNING    cellapp01 4926 8001  [2018-11-15 14:44:57 882] - e:\kbengine\kbe\src\server\cellapp\entity.cpp:4236: Profile onTimer took 0.24 seconds
 WARNING    cellapp01 4926 8001  [2018-11-15 14:44:57 882] - e:\kbengine\kbe\src\lib\server\serverapp.cpp:253: Profile callScriptTimers took 0.24 seconds
 WARNING    cellapp01 4926 8001  [2018-11-15 14:44:57 883] - e:\kbengine\kbe\src\server\cellapp\cellapp.cpp:245: Profile gameTick took 0.24 seconds
 WARNING    cellapp01 4926 8001  [2018-11-15 14:44:57 883] - e:\kbengine\kbe\src\lib\network\event_dispatcher.cpp:153: Profile callSystemTimers took 0.24 seconds
 WARNING    cellapp01 4926 8001  [2018-11-15 14:44:57 883] - EntityApp::checkTickPeriod: tick took 237% (0.24 seconds)!
 WARNING    cellapp01 4926 8001  [2018-11-15 14:45:04 659] - e:\kbengine\kbe\src\server\cellapp\entity.cpp:4236: Profile onTimer took 0.21 seconds
 WARNING    cellapp01 4926 8001  [2018-11-15 14:45:04 660] - e:\kbengine\kbe\src\lib\server\serverapp.cpp:253: Profile callScriptTimers took 0.21 seconds
 WARNING    cellapp01 4926 8001  [2018-11-15 14:45:04 660] - e:\kbengine\kbe\src\server\cellapp\cellapp.cpp:245: Profile gameTick took 0.21 seconds
 WARNING    cellapp01 4926 8001  [2018-11-15 14:45:04 661] - e:\kbengine\kbe\src\lib\network\event_dispatcher.cpp:153: Profile callSystemTimers took 0.21 seconds
 WARNING    cellapp01 4926 8001  [2018-11-15 14:45:04 661] - EntityApp::checkTickPeriod: tick took 214% (0.21 seconds)!
 WARNING    cellapp01 4926 8001  [2018-11-15 14:45:15 097] - e:\kbengine\kbe\src\server\cellapp\entity.cpp:978: Profile scriptCall took 0.15 seconds
 WARNING    cellapp01 4926 8001  [2018-11-15 14:45:15 098] - e:\kbengine\kbe\src\lib\server\entity_app.h:749: Profile processRecvMessages took 0.15 seconds
 WARNING    cellapp01 4926 8001  [2018-11-15 14:45:15 098] - e:\kbengine\kbe\src\server\cellapp\cellapp.cpp:245: Profile gameTick took 0.15 seconds
 WARNING    cellapp01 4926 8001  [2018-11-15 14:45:15 099] - e:\kbengine\kbe\src\lib\network\event_dispatcher.cpp:153: Profile callSystemTimers took 0.15 seconds
 WARNING    cellapp01 4926 8001  [2018-11-15 14:45:26 448] - e:\kbengine\kbe\src\server\cellapp\entity.cpp:4236: Profile onTimer took 0.10 seconds
 WARNING    cellapp01 4926 8001  [2018-11-15 14:45:26 448] - e:\kbengine\kbe\src\lib\server\serverapp.cpp:253: Profile callScriptTimers took 0.10 seconds
 WARNING    cellapp01 4926 8001  [2018-11-15 14:45:26 448] - e:\kbengine\kbe\src\server\cellapp\cellapp.cpp:245: Profile gameTick took 0.10 seconds
 WARNING    cellapp01 4926 8001  [2018-11-15 14:45:26 448] - e:\kbengine\kbe\src\lib\network\event_dispatcher.cpp:153: Profile callSystemTimers took 0.10 seconds
 WARNING    cellapp01 4926 8001  [2018-11-15 14:46:08 880] - e:\kbengine\kbe\src\server\cellapp\entity.cpp:4236: Profile onTimer took 0.13 seconds
 WARNING    cellapp01 4926 8001  [2018-11-15 14:46:08 880] - e:\kbengine\kbe\src\lib\server\serverapp.cpp:253: Profile callScriptTimers took 0.13 seconds
 WARNING    cellapp01 4926 8001  [2018-11-15 14:46:08 881] - e:\kbengine\kbe\src\server\cellapp\cellapp.cpp:245: Profile gameTick took 0.13 seconds
 WARNING    cellapp01 4926 8001  [2018-11-15 14:46:08 881] - e:\kbengine\kbe\src\lib\network\event_dispatcher.cpp:153: Profile callSystemTimers took 0.13 seconds
   DEBUG    cellapp01 4926 8001  [2018-11-15 14:46:13 247] - Account::onWriteToDB(): 2004.
 WARNING    cellapp01 4926 8001  [2018-11-15 14:46:14 513] - e:\kbengine\kbe\src\server\cellapp\entity.cpp:4236: Profile onTimer took 0.17 seconds
 WARNING    cellapp01 4926 8001  [2018-11-15 14:46:14 517] - e:\kbengine\kbe\src\lib\server\serverapp.cpp:253: Profile callScriptTimers took 0.17 seconds
 WARNING    cellapp01 4926 8001  [2018-11-15 14:46:14 518] - e:\kbengine\kbe\src\server\cellapp\cellapp.cpp:245: Profile gameTick took 0.17 seconds
 WARNING    cellapp01 4926 8001  [2018-11-15 14:46:14 519] - e:\kbengine\kbe\src\lib\network\event_dispatcher.cpp:153: Profile callSystemTimers took 0.17 seconds
 WARNING    cellapp01 4926 8001  [2018-11-15 14:46:19 147] - e:\kbengine\kbe\src\server\cellapp\entity.cpp:4236: Profile onTimer took 0.10 seconds
 WARNING    cellapp01 4926 8001  [2018-11-15 14:46:19 148] - e:\kbengine\kbe\src\lib\server\serverapp.cpp:253: Profile callScriptTimers took 0.10 seconds
 WARNING    cellapp01 4926 8001  [2018-11-15 14:46:19 148] - e:\kbengine\kbe\src\server\cellapp\cellapp.cpp:245: Profile gameTick took 0.10 seconds
 WARNING    cellapp01 4926 8001  [2018-11-15 14:46:19 149] - e:\kbengine\kbe\src\lib\network\event_dispatcher.cpp:153: Profile callSystemTimers took 0.10 seconds
   S_DBG    cellapp01 4926 8001  [2018-11-15 14:47:00 549] - 游戏结束---TODO
   S_DBG    cellapp01 4926 8001  [2018-11-15 14:47:02 948] - 不该你出牌
   S_DBG    cellapp01 4926 8001  [2018-11-15 14:47:05 348] - 不该你出牌
   S_DBG    cellapp01 4926 8001  [2018-11-15 14:47:05 548] - 不该你出牌
   DEBUG    cellapp01 4926 8001  [2018-11-15 14:48:43 248] - Account::onWriteToDB(): 2002.
   DEBUG    cellapp01 4926 8001  [2018-11-15 14:51:13 250] - Account::onWriteToDB(): 2002.
   DEBUG    cellapp01 4926 8001  [2018-11-15 14:53:43 251] - Account::onWriteToDB(): 2004.
   DEBUG    cellapp01 4926 8001  [2018-11-15 14:56:13 253] - Account::onWriteToDB(): 2002.
   DEBUG    cellapp01 4926 8001  [2018-11-15 14:58:43 255] - Account::onWriteToDB(): 2004.
   DEBUG    cellapp01 4926 8001  [2018-11-15 15:01:13 256] - Account::onWriteToDB(): 2002.
   DEBUG    cellapp01 4926 8001  [2018-11-15 15:03:43 258] - Account::onWriteToDB(): 2004.
   DEBUG    cellapp01 4926 8001  [2018-11-15 15:06:13 259] - Account::onWriteToDB(): 2002.
   DEBUG    cellapp01 4926 8001  [2018-11-15 15:08:43 261] - Account::onWriteToDB(): 2004.
   DEBUG    cellapp01 4926 8001  [2018-11-15 15:11:13 262] - Account::onWriteToDB(): 2004.
   DEBUG    cellapp01 4926 8001  [2018-11-15 15:13:43 263] - Account::onWriteToDB(): 2002.
   DEBUG    cellapp01 4926 8001  [2018-11-15 15:16:13 265] - Account::onWriteToDB(): 2002.
   DEBUG    cellapp01 4926 8001  [2018-11-15 15:18:43 266] - Account::onWriteToDB(): 2004.
   DEBUG    cellapp01 4926 8001  [2018-11-15 15:21:13 268] - Account::onWriteToDB(): 2004.
   DEBUG    cellapp01 4926 8001  [2018-11-15 15:23:43 269] - Account::onWriteToDB(): 2002.
   DEBUG    cellapp01 4926 8001  [2018-11-15 15:26:13 271] - Account::onWriteToDB(): 2004.
   DEBUG    cellapp01 4926 8001  [2018-11-15 15:28:43 273] - Account::onWriteToDB(): 2002.
   DEBUG    cellapp01 4926 8001  [2018-11-15 15:31:13 274] - Account::onWriteToDB(): 2004.
   DEBUG    cellapp01 4926 8001  [2018-11-15 15:33:43 276] - Account::onWriteToDB(): 2002.
   DEBUG    cellapp01 4926 8001  [2018-11-15 15:36:13 277] - Account::onWriteToDB(): 2004.
   DEBUG    cellapp01 4926 8001  [2018-11-15 15:38:43 278] - Account::onWriteToDB(): 2002.
   DEBUG    cellapp01 4926 8001  [2018-11-15 15:41:13 279] - Account::onWriteToDB(): 2002.
   DEBUG    cellapp01 4926 8001  [2018-11-15 15:43:43 281] - Account::onWriteToDB(): 2004.
   DEBUG    cellapp01 4926 8001  [2018-11-15 15:46:13 283] - Account::onWriteToDB(): 2004.
   DEBUG    cellapp01 4926 8001  [2018-11-15 15:48:43 284] - Account::onWriteToDB(): 2002.
   DEBUG    cellapp01 4926 8001  [2018-11-15 15:51:13 286] - Account::onWriteToDB(): 2004.
   DEBUG    cellapp01 4926 8001  [2018-11-15 15:53:43 187] - Account::onWriteToDB(): 2002.
   DEBUG    cellapp01 4926 8001  [2018-11-15 15:56:13 189] - Account::onWriteToDB(): 2004.
   DEBUG    cellapp01 4926 8001  [2018-11-15 15:58:43 191] - Account::onWriteToDB(): 2002.
   DEBUG    cellapp01 4926 8001  [2018-11-15 16:01:13 192] - Account::onWriteToDB(): 2004.
   DEBUG    cellapp01 4926 8001  [2018-11-15 16:03:43 194] - Account::onWriteToDB(): 2002.
   DEBUG    cellapp01 4926 8001  [2018-11-15 16:06:13 194] - Account::onWriteToDB(): 2002.
   DEBUG    cellapp01 4926 8001  [2018-11-15 16:08:43 196] - Account::onWriteToDB(): 2004.
   DEBUG    cellapp01 4926 8001  [2018-11-15 16:11:13 197] - Account::onWriteToDB(): 2004.
   DEBUG    cellapp01 4926 8001  [2018-11-15 16:13:43 199] - Account::onWriteToDB(): 2002.
   DEBUG    cellapp01 4926 8001  [2018-11-15 16:16:13 201] - Account::onWriteToDB(): 2002.
   DEBUG    cellapp01 4926 8001  [2018-11-15 16:18:43 202] - Account::onWriteToDB(): 2004.
   DEBUG    cellapp01 4926 8001  [2018-11-15 16:21:13 204] - Account::onWriteToDB(): 2002.
   DEBUG    cellapp01 4926 8001  [2018-11-15 16:23:43 205] - Account::onWriteToDB(): 2004.
   DEBUG    cellapp01 4926 8001  [2018-11-15 16:26:13 207] - Account::onWriteToDB(): 2004.
   DEBUG    cellapp01 4926 8001  [2018-11-15 16:28:43 208] - Account::onWriteToDB(): 2002.
   DEBUG    cellapp01 4926 8001  [2018-11-15 16:31:13 209] - Account::onWriteToDB(): 2004.
   DEBUG    cellapp01 4926 8001  [2018-11-15 16:33:43 211] - Account::onWriteToDB(): 2002.
   DEBUG    cellapp01 4926 8001  [2018-11-15 16:36:13 212] - Account::onWriteToDB(): 2004.
   DEBUG    cellapp01 4926 8001  [2018-11-15 16:38:43 214] - Account::onWriteToDB(): 2002.
   DEBUG    cellapp01 4926 8001  [2018-11-15 16:41:13 215] - Account::onWriteToDB(): 2002.
   DEBUG    cellapp01 4926 8001  [2018-11-15 16:43:43 217] - Account::onWriteToDB(): 2004.
   DEBUG    cellapp01 4926 8001  [2018-11-15 16:46:13 219] - Account::onWriteToDB(): 2002.
   DEBUG    cellapp01 4926 8001  [2018-11-15 16:48:43 220] - Account::onWriteToDB(): 2004.
   DEBUG    cellapp01 4926 8001  [2018-11-15 16:51:13 222] - Account::onWriteToDB(): 2004.
   DEBUG    cellapp01 4926 8001  [2018-11-15 16:53:43 223] - Account::onWriteToDB(): 2002.
   DEBUG    cellapp01 4926 8001  [2018-11-15 16:56:13 225] - Account::onWriteToDB(): 2004.
   DEBUG    cellapp01 4926 8001  [2018-11-15 16:58:43 225] - Account::onWriteToDB(): 2002.
   DEBUG    cellapp01 4926 8001  [2018-11-15 17:01:13 227] - Account::onWriteToDB(): 2004.
   DEBUG    cellapp01 4926 8001  [2018-11-15 17:03:43 229] - Account::onWriteToDB(): 2002.
   DEBUG    cellapp01 4926 8001  [2018-11-15 17:06:13 230] - Account::onWriteToDB(): 2004.
   DEBUG    cellapp01 4926 8001  [2018-11-15 17:08:43 232] - Account::onWriteToDB(): 2002.
   DEBUG    cellapp01 4926 8001  [2018-11-15 17:11:13 233] - Account::onWriteToDB(): 2002.
   DEBUG    cellapp01 4926 8001  [2018-11-15 17:13:43 235] - Account::onWriteToDB(): 2004.
   DEBUG    cellapp01 4926 8001  [2018-11-15 17:16:13 237] - Account::onWriteToDB(): 2004.
   DEBUG    cellapp01 4926 8001  [2018-11-15 17:18:43 238] - Account::onWriteToDB(): 2002.
   DEBUG    cellapp01 4926 8001  [2018-11-15 17:21:13 240] - Account::onWriteToDB(): 2004.
   DEBUG    cellapp01 4926 8001  [2018-11-15 17:23:43 241] - Account::onWriteToDB(): 2002.
   DEBUG    cellapp01 4926 8001  [2018-11-15 17:26:13 242] - Account::onWriteToDB(): 2002.
   DEBUG    cellapp01 4926 8001  [2018-11-15 17:28:43 243] - Account::onWriteToDB(): 2004.
   DEBUG    cellapp01 4926 8001  [2018-11-15 17:31:13 245] - Account::onWriteToDB(): 2002.
   DEBUG    cellapp01 4926 8001  [2018-11-15 17:33:43 247] - Account::onWriteToDB(): 2004.
   DEBUG    cellapp01 4926 8001  [2018-11-15 17:36:13 248] - Account::onWriteToDB(): 2004.
   DEBUG    cellapp01 4926 8001  [2018-11-15 17:38:43 250] - Account::onWriteToDB(): 2002.
   DEBUG    cellapp01 4926 8001  [2018-11-15 17:41:13 251] - Account::onWriteToDB(): 2004.
   DEBUG    cellapp01 4926 8001  [2018-11-15 17:43:43 253] - Account::onWriteToDB(): 2002.
   DEBUG    cellapp01 4926 8001  [2018-11-15 17:46:13 254] - Account::onWriteToDB(): 2004.
   DEBUG    cellapp01 4926 8001  [2018-11-15 17:48:43 256] - Account::onWriteToDB(): 2002.
   DEBUG    cellapp01 4926 8001  [2018-11-15 17:51:13 258] - Account::onWriteToDB(): 2004.
   DEBUG    cellapp01 4926 8001  [2018-11-15 17:53:43 258] - Account::onWriteToDB(): 2002.
   DEBUG    cellapp01 4926 8001  [2018-11-15 17:56:13 260] - Account::onWriteToDB(): 2004.
   DEBUG    cellapp01 4926 8001  [2018-11-15 17:57:11 661] - Spaces::createNewSpace: new space(Room) 2.
    INFO    cellapp01 4926 8001  [2018-11-15 17:57:11 662] - EntityApp::createEntity: new Room 2006
    INFO    cellapp01 4926 8001  [2018-11-15 17:57:11 663] - KBEngine::addSpaceGeometryMapping: spaceID=2, respath=spaces/mjRoom, shouldLoadOnServer=1!
    INFO    cellapp01 4926 8001  [2018-11-15 17:57:11 761] - KBEngine::onLoadedSpaceGeometryMapping: spaceID=2, respath=spaces/mjRoom!
   S_DBG    cellapp01 4926 8001  [2018-11-15 17:57:11 762] - 玩家进来了---2005 座位号为 0
    INFO    cellapp01 4926 8001  [2018-11-15 17:57:11 861] - EntityApp::createEntity: new Account 2005
   DEBUG    cellapp01 4926 8001  [2018-11-15 17:57:14 360] - Spaces::createNewSpace: new space(Room) 3.
    INFO    cellapp01 4926 8001  [2018-11-15 17:57:14 361] - EntityApp::createEntity: new Room 2007
    INFO    cellapp01 4926 8001  [2018-11-15 17:57:14 362] - KBEngine::addSpaceGeometryMapping: spaceID=3, respath=spaces/mjRoom, shouldLoadOnServer=1!
    INFO    cellapp01 4926 8001  [2018-11-15 17:57:14 460] - KBEngine::onLoadedSpaceGeometryMapping: spaceID=3, respath=spaces/mjRoom!
   S_DBG    cellapp01 4926 8001  [2018-11-15 17:57:14 461] - 玩家进来了---2005 座位号为 0
   DEBUG    cellapp01 4926 8001  [2018-11-15 17:57:14 561] - Account::teleportFromBaseapp: 2005, targetEntityID=2007, cell=8001, sourceBaseAppID=7001.
   S_DBG    cellapp01 4926 8001  [2018-11-15 17:57:16 860] - 玩家进来了---2005 座位号为 0
   DEBUG    cellapp01 4926 8001  [2018-11-15 17:57:16 961] - Account::teleportFromBaseapp: 2005, targetEntityID=2006, cell=8001, sourceBaseAppID=7001.
   S_DBG    cellapp01 4926 8001  [2018-11-15 17:57:18 561] - 玩家进来了---2005 座位号为 0
   DEBUG    cellapp01 4926 8001  [2018-11-15 17:57:18 662] - Account::teleportFromBaseapp: 2005, targetEntityID=2007, cell=8001, sourceBaseAppID=7001.
   S_DBG    cellapp01 4926 8001  [2018-11-15 17:57:20 361] - 玩家进来了---2005 座位号为 0
   DEBUG    cellapp01 4926 8001  [2018-11-15 17:57:20 462] - Account::teleportFromBaseapp: 2005, targetEntityID=2006, cell=8001, sourceBaseAppID=7001.
   S_DBG    cellapp01 4926 8001  [2018-11-15 17:57:21 761] - 玩家进来了---2005 座位号为 0
   DEBUG    cellapp01 4926 8001  [2018-11-15 17:57:21 862] - Account::teleportFromBaseapp: 2005, targetEntityID=2007, cell=8001, sourceBaseAppID=7001.
   S_DBG    cellapp01 4926 8001  [2018-11-15 17:57:22 161] - 玩家进来了---2005 座位号为 0
   DEBUG    cellapp01 4926 8001  [2018-11-15 17:57:22 261] - Account::teleportFromBaseapp: 2005, targetEntityID=2006, cell=8001, sourceBaseAppID=7001.
   S_DBG    cellapp01 4926 8001  [2018-11-15 17:57:22 361] - 玩家进来了---2005 座位号为 0
   DEBUG    cellapp01 4926 8001  [2018-11-15 17:57:22 462] - Account::teleportFromBaseapp: 2005, targetEntityID=2007, cell=8001, sourceBaseAppID=7001.
   S_DBG    cellapp01 4926 8001  [2018-11-15 17:57:22 561] - 玩家进来了---2005 座位号为 0
   DEBUG    cellapp01 4926 8001  [2018-11-15 17:57:22 662] - Account::teleportFromBaseapp: 2005, targetEntityID=2006, cell=8001, sourceBaseAppID=7001.
   S_DBG    cellapp01 4926 8001  [2018-11-15 17:57:22 961] - 玩家进来了---2005 座位号为 0
   DEBUG    cellapp01 4926 8001  [2018-11-15 17:57:23 062] - Account::teleportFromBaseapp: 2005, targetEntityID=2007, cell=8001, sourceBaseAppID=7001.
   S_DBG    cellapp01 4926 8001  [2018-11-15 17:57:24 461] - 玩家进来了---2005 座位号为 0
   DEBUG    cellapp01 4926 8001  [2018-11-15 17:57:24 562] - Account::teleportFromBaseapp: 2005, targetEntityID=2006, cell=8001, sourceBaseAppID=7001.
   S_DBG    cellapp01 4926 8001  [2018-11-15 17:57:24 661] - 玩家进来了---2005 座位号为 0
   DEBUG    cellapp01 4926 8001  [2018-11-15 17:57:24 762] - Account::teleportFromBaseapp: 2005, targetEntityID=2007, cell=8001, sourceBaseAppID=7001.
   S_DBG    cellapp01 4926 8001  [2018-11-15 17:57:24 861] - 玩家进来了---2005 座位号为 0
   S_DBG    cellapp01 4926 8001  [2018-11-15 17:57:24 961] - 玩家进来了---2005 座位号为 1
   DEBUG    cellapp01 4926 8001  [2018-11-15 17:57:24 963] - Account::teleportFromBaseapp: 2005, targetEntityID=2006, cell=8001, sourceBaseAppID=7001.
   DEBUG    cellapp01 4926 8001  [2018-11-15 17:57:25 062] - Account::teleportFromBaseapp: 2005, targetEntityID=2006, cell=8001, sourceBaseAppID=7001.
 WARNING    cellapp01 4926 8001  [2018-11-15 17:57:25 062] - Account::teleportFromBaseapp: 2005 targetSpace(2) == currSpaceID(2).
   S_DBG    cellapp01 4926 8001  [2018-11-15 17:57:27 961] - 玩家进来了---2005 座位号为 0
   DEBUG    cellapp01 4926 8001  [2018-11-15 17:57:28 061] - Account::teleportFromBaseapp: 2005, targetEntityID=2007, cell=8001, sourceBaseAppID=7001.
   S_DBG    cellapp01 4926 8001  [2018-11-15 17:57:28 161] - 玩家进来了---2005 座位号为 0
   DEBUG    cellapp01 4926 8001  [2018-11-15 17:57:28 262] - Account::teleportFromBaseapp: 2005, targetEntityID=2006, cell=8001, sourceBaseAppID=7001.
   S_DBG    cellapp01 4926 8001  [2018-11-15 17:57:28 361] - 玩家进来了---2005 座位号为 0
   DEBUG    cellapp01 4926 8001  [2018-11-15 17:57:28 462] - Account::teleportFromBaseapp: 2005, targetEntityID=2007, cell=8001, sourceBaseAppID=7001.
   S_DBG    cellapp01 4926 8001  [2018-11-15 17:57:28 562] - 玩家进来了---2005 座位号为 0
   DEBUG    cellapp01 4926 8001  [2018-11-15 17:57:28 662] - Account::teleportFromBaseapp: 2005, targetEntityID=2006, cell=8001, sourceBaseAppID=7001.
   S_DBG    cellapp01 4926 8001  [2018-11-15 17:57:28 961] - 玩家进来了---2005 座位号为 0
   DEBUG    cellapp01 4926 8001  [2018-11-15 17:57:29 062] - Account::teleportFromBaseapp: 2005, targetEntityID=2007, cell=8001, sourceBaseAppID=7001.
   DEBUG    cellapp01 4926 8001  [2018-11-15 17:57:33 463] - Account::~Account(): 2005
   S_DBG    cellapp01 4926 8001  [2018-11-15 17:57:35 260] - 玩家进来了---2005 座位号为 0
    INFO    cellapp01 4926 8001  [2018-11-15 17:57:35 360] - EntityApp::createEntity: new Account 2005
   S_DBG    cellapp01 4926 8001  [2018-11-15 17:57:37 361] - 2005
   S_DBG    cellapp01 4926 8001  [2018-11-15 17:57:37 362] - True
   S_DBG    cellapp01 4926 8001  [2018-11-15 17:57:37 462] - cell account
   S_DBG    cellapp01 4926 8001  [2018-11-15 17:57:37 462] - 1
   S_DBG    cellapp01 4926 8001  [2018-11-15 17:57:38 761] - 玩家进来了---2005 座位号为 0
   DEBUG    cellapp01 4926 8001  [2018-11-15 17:57:38 862] - Account::teleportFromBaseapp: 2005, targetEntityID=2007, cell=8001, sourceBaseAppID=7001.
   DEBUG    cellapp01 4926 8001  [2018-11-15 17:57:40 763] - Account::~Account(): 2005
   DEBUG    cellapp01 4926 8001  [2018-11-15 17:57:54 575] - WitnessedTimeoutHandler::handleTimeout: witnesseds is empty, timer is canceled!
   S_DBG    cellapp01 4926 8001  [2018-11-15 17:58:09 261] - 玩家进来了---2005 座位号为 0
    INFO    cellapp01 4926 8001  [2018-11-15 17:58:09 361] - EntityApp::createEntity: new Account 2005
   S_DBG    cellapp01 4926 8001  [2018-11-15 17:58:11 362] - 2005
   S_DBG    cellapp01 4926 8001  [2018-11-15 17:58:11 363] - False
   S_DBG    cellapp01 4926 8001  [2018-11-15 17:58:11 463] - cell account
   S_DBG    cellapp01 4926 8001  [2018-11-15 17:58:11 463] - 0
   S_DBG    cellapp01 4926 8001  [2018-11-15 17:58:12 862] - 2005
   S_DBG    cellapp01 4926 8001  [2018-11-15 17:58:12 863] - True
   S_DBG    cellapp01 4926 8001  [2018-11-15 17:58:12 963] - cell account
   S_DBG    cellapp01 4926 8001  [2018-11-15 17:58:12 963] - 1
   S_DBG    cellapp01 4926 8001  [2018-11-15 17:58:15 162] - 2005
   S_DBG    cellapp01 4926 8001  [2018-11-15 17:58:15 162] - False
   S_DBG    cellapp01 4926 8001  [2018-11-15 17:58:15 262] - cell account
   S_DBG    cellapp01 4926 8001  [2018-11-15 17:58:15 262] - 0
   DEBUG    cellapp01 4926 8001  [2018-11-15 17:58:17 464] - Account::~Account(): 2005
   DEBUG    cellapp01 4926 8001  [2018-11-15 17:58:32 464] - WitnessedTimeoutHandler::handleTimeout: witnesseds is empty, timer is canceled!
   DEBUG    cellapp01 4926 8001  [2018-11-15 17:58:43 261] - Account::onWriteToDB(): 2002.
   DEBUG    cellapp01 4926 8001  [2018-11-15 18:02:03 264] - Account::onWriteToDB(): 2002.
   DEBUG    cellapp01 4926 8001  [2018-11-15 18:03:43 265] - Account::onWriteToDB(): 2004.
   DEBUG    cellapp01 4926 8001  [2018-11-15 18:07:03 267] - Account::onWriteToDB(): 2004.
   DEBUG    cellapp01 4926 8001  [2018-11-15 18:08:43 268] - Account::onWriteToDB(): 2002.
   DEBUG    cellapp01 4926 8001  [2018-11-15 18:10:23 268] - Account::onWriteToDB(): 2004.
   DEBUG    cellapp01 4926 8001  [2018-11-15 18:12:03 269] - Account::onWriteToDB(): 2002.
   DEBUG    cellapp01 4926 8001  [2018-11-15 18:17:03 272] - Account::onWriteToDB(): 2004.
   DEBUG    cellapp01 4926 8001  [2018-11-15 18:18:43 274] - Account::onWriteToDB(): 2002.
   DEBUG    cellapp01 4926 8001  [2018-11-15 18:22:03 275] - Account::onWriteToDB(): 2002.
   DEBUG    cellapp01 4926 8001  [2018-11-15 18:23:43 276] - Account::onWriteToDB(): 2004.
   DEBUG    cellapp01 4926 8001  [2018-11-15 18:25:23 278] - Account::onWriteToDB(): 2002.
   DEBUG    cellapp01 4926 8001  [2018-11-15 18:27:03 279] - Account::onWriteToDB(): 2004.
   DEBUG    cellapp01 4926 8001  [2018-11-15 18:30:23 280] - Account::onWriteToDB(): 2004.
   DEBUG    cellapp01 4926 8001  [2018-11-15 18:32:03 282] - Account::onWriteToDB(): 2002.
   DEBUG    cellapp01 4926 8001  [2018-11-15 18:35:23 283] - Account::onWriteToDB(): 2004.
   DEBUG    cellapp01 4926 8001  [2018-11-15 18:37:03 285] - Account::onWriteToDB(): 2002.
   DEBUG    cellapp01 4926 8001  [2018-11-15 18:42:03 287] - Account::onWriteToDB(): 2004.
   DEBUG    cellapp01 4926 8001  [2018-11-15 18:43:43 289] - Account::onWriteToDB(): 2002.
   DEBUG    cellapp01 4926 8001  [2018-11-15 18:45:23 290] - Account::onWriteToDB(): 2004.
   DEBUG    cellapp01 4926 8001  [2018-11-15 18:48:43 291] - Account::onWriteToDB(): 2002.
   DEBUG    cellapp01 4926 8001  [2018-11-15 18:50:23 193] - Account::onWriteToDB(): 2002.
   DEBUG    cellapp01 4926 8001  [2018-11-15 18:53:43 194] - Account::onWriteToDB(): 2004.
   DEBUG    cellapp01 4926 8001  [2018-11-15 18:57:03 197] - Account::onWriteToDB(): 2002.
   DEBUG    cellapp01 4926 8001  [2018-11-15 18:58:43 197] - Account::onWriteToDB(): 2004.
   DEBUG    cellapp01 4926 8001  [2018-11-15 19:00:23 198] - Account::onWriteToDB(): 2004.
   DEBUG    cellapp01 4926 8001  [2018-11-15 19:03:43 200] - Account::onWriteToDB(): 2002.
   DEBUG    cellapp01 4926 8001  [2018-11-15 19:05:23 201] - Account::onWriteToDB(): 2002.
   DEBUG    cellapp01 4926 8001  [2018-11-15 19:08:43 204] - Account::onWriteToDB(): 2004.
   DEBUG    cellapp01 4926 8001  [2018-11-15 19:12:03 205] - Account::onWriteToDB(): 2004.
   DEBUG    cellapp01 4926 8001  [2018-11-15 19:13:43 207] - Account::onWriteToDB(): 2002.
   DEBUG    cellapp01 4926 8001  [2018-11-15 19:15:23 207] - Account::onWriteToDB(): 2002.
   DEBUG    cellapp01 4926 8001  [2018-11-15 19:18:43 209] - Account::onWriteToDB(): 2004.
   DEBUG    cellapp01 4926 8001  [2018-11-15 19:22:03 211] - Account::onWriteToDB(): 2002.
   DEBUG    cellapp01 4926 8001  [2018-11-15 19:23:43 212] - Account::onWriteToDB(): 2004.
   DEBUG    cellapp01 4926 8001  [2018-11-15 19:25:23 213] - Account::onWriteToDB(): 2002.
   DEBUG    cellapp01 4926 8001  [2018-11-15 19:28:43 215] - Account::onWriteToDB(): 2004.
   DEBUG    cellapp01 4926 8001  [2018-11-15 19:30:23 216] - Account::onWriteToDB(): 2002.
   DEBUG    cellapp01 4926 8001  [2018-11-15 19:33:43 218] - Account::onWriteToDB(): 2004.
   DEBUG    cellapp01 4926 8001  [2018-11-15 19:35:23 219] - Account::onWriteToDB(): 2004.
   DEBUG    cellapp01 4926 8001  [2018-11-15 19:37:03 220] - Account::onWriteToDB(): 2002.
   DEBUG    cellapp01 4926 8001  [2018-11-15 19:40:23 222] - Account::onWriteToDB(): 2002.
   DEBUG    cellapp01 4926 8001  [2018-11-15 19:42:03 223] - Account::onWriteToDB(): 2004.
   DEBUG    cellapp01 4926 8001  [2018-11-15 19:45:23 225] - Account::onWriteToDB(): 2004.
   DEBUG    cellapp01 4926 8001  [2018-11-15 19:48:43 227] - Account::onWriteToDB(): 2002.
   DEBUG    cellapp01 4926 8001  [2018-11-15 19:50:23 229] - Account::onWriteToDB(): 2004.
   DEBUG    cellapp01 4926 8001  [2018-11-15 19:52:03 229] - Account::onWriteToDB(): 2002.
   DEBUG    cellapp01 4926 8001  [2018-11-15 19:57:03 232] - Account::onWriteToDB(): 2002.
   DEBUG    cellapp01 4926 8001  [2018-11-15 19:58:43 233] - Account::onWriteToDB(): 2004.
   DEBUG    cellapp01 4926 8001  [2018-11-15 20:00:23 234] - Account::onWriteToDB(): 2004.
   DEBUG    cellapp01 4926 8001  [2018-11-15 20:03:43 236] - Account::onWriteToDB(): 2002.
   DEBUG    cellapp01 4926 8001  [2018-11-15 20:07:03 238] - Account::onWriteToDB(): 2004.
   DEBUG    cellapp01 4926 8001  [2018-11-15 20:08:43 239] - Account::onWriteToDB(): 2002.
   DEBUG    cellapp01 4926 8001  [2018-11-15 20:10:23 240] - Account::onWriteToDB(): 2004.
   DEBUG    cellapp01 4926 8001  [2018-11-15 20:12:03 241] - Account::onWriteToDB(): 2002.
   DEBUG    cellapp01 4926 8001  [2018-11-15 20:17:03 244] - Account::onWriteToDB(): 2002.
   DEBUG    cellapp01 4926 8001  [2018-11-15 20:18:43 245] - Account::onWriteToDB(): 2004.
   DEBUG    cellapp01 4926 8001  [2018-11-15 20:20:23 246] - Account::onWriteToDB(): 2004.
   DEBUG    cellapp01 4926 8001  [2018-11-15 20:22:03 247] - Account::onWriteToDB(): 2002.
   DEBUG    cellapp01 4926 8001  [2018-11-15 20:27:03 250] - Account::onWriteToDB(): 2002.
   DEBUG    cellapp01 4926 8001  [2018-11-15 20:28:43 251] - Account::onWriteToDB(): 2004.
   DEBUG    cellapp01 4926 8001  [2018-11-15 20:30:23 252] - Account::onWriteToDB(): 2004.
   DEBUG    cellapp01 4926 8001  [2018-11-15 20:33:43 254] - Account::onWriteToDB(): 2002.
   DEBUG    cellapp01 4926 8001  [2018-11-15 20:37:03 256] - Account::onWriteToDB(): 2004.
   DEBUG    cellapp01 4926 8001  [2018-11-15 20:38:43 256] - Account::onWriteToDB(): 2002.
   DEBUG    cellapp01 4926 8001  [2018-11-15 20:42:03 259] - Account::onWriteToDB(): 2002.
   DEBUG    cellapp01 4926 8001  [2018-11-15 20:43:43 260] - Account::onWriteToDB(): 2004.
   DEBUG    cellapp01 4926 8001  [2018-11-15 20:45:23 260] - Account::onWriteToDB(): 2004.
   DEBUG    cellapp01 4926 8001  [2018-11-15 20:47:03 262] - Account::onWriteToDB(): 2002.
   DEBUG    cellapp01 4926 8001  [2018-11-15 20:50:23 263] - Account::onWriteToDB(): 2004.
   DEBUG    cellapp01 4926 8001  [2018-11-15 20:53:43 266] - Account::onWriteToDB(): 2002.
   DEBUG    cellapp01 4926 8001  [2018-11-15 20:55:23 267] - Account::onWriteToDB(): 2004.
   DEBUG    cellapp01 4926 8001  [2018-11-15 20:57:03 267] - Account::onWriteToDB(): 2002.
   DEBUG    cellapp01 4926 8001  [2018-11-15 21:00:23 270] - Account::onWriteToDB(): 2002.
   DEBUG    cellapp01 4926 8001  [2018-11-15 21:02:03 271] - Account::onWriteToDB(): 2004.
   DEBUG    cellapp01 4926 8001  [2018-11-15 21:07:03 274] - Account::onWriteToDB(): 2004.
   DEBUG    cellapp01 4926 8001  [2018-11-15 21:08:43 274] - Account::onWriteToDB(): 2002.
   DEBUG    cellapp01 4926 8001  [2018-11-15 21:10:23 276] - Account::onWriteToDB(): 2002.
   DEBUG    cellapp01 4926 8001  [2018-11-15 21:13:43 278] - Account::onWriteToDB(): 2004.
   DEBUG    cellapp01 4926 8001  [2018-11-15 21:15:23 278] - Account::onWriteToDB(): 2004.
   DEBUG    cellapp01 4926 8001  [2018-11-15 21:17:03 280] - Account::onWriteToDB(): 2002.
   DEBUG    cellapp01 4926 8001  [2018-11-15 21:20:23 281] - Account::onWriteToDB(): 2004.
   DEBUG    cellapp01 4926 8001  [2018-11-15 21:22:03 283] - Account::onWriteToDB(): 2002.
   DEBUG    cellapp01 4926 8001  [2018-11-15 21:25:23 285] - Account::onWriteToDB(): 2004.
   DEBUG    cellapp01 4926 8001  [2018-11-15 21:28:43 287] - Account::onWriteToDB(): 2002.
   DEBUG    cellapp01 4926 8001  [2018-11-15 21:32:03 288] - Account::onWriteToDB(): 2004.
   DEBUG    cellapp01 4926 8001  [2018-11-15 21:33:43 289] - Account::onWriteToDB(): 2002.
   DEBUG    cellapp01 4926 8001  [2018-11-15 21:35:23 291] - Account::onWriteToDB(): 2002.
   DEBUG    cellapp01 4926 8001  [2018-11-15 21:37:03 292] - Account::onWriteToDB(): 2004.
   DEBUG    cellapp01 4926 8001  [2018-11-15 21:40:23 293] - Account::onWriteToDB(): 2004.
   DEBUG    cellapp01 4926 8001  [2018-11-15 21:42:03 295] - Account::onWriteToDB(): 2002.
   DEBUG    cellapp01 4926 8001  [2018-11-15 21:45:23 296] - Account::onWriteToDB(): 2004.
   DEBUG    cellapp01 4926 8001  [2018-11-15 21:47:03 298] - Account::onWriteToDB(): 2002.
   DEBUG    cellapp01 4926 8001  [2018-11-15 21:50:23 199] - Account::onWriteToDB(): 2002.
   DEBUG    cellapp01 4926 8001  [2018-11-15 21:53:43 202] - Account::onWriteToDB(): 2004.
   DEBUG    cellapp01 4926 8001  [2018-11-15 21:55:23 203] - Account::onWriteToDB(): 2004.
   DEBUG    cellapp01 4926 8001  [2018-11-15 21:57:03 203] - Account::onWriteToDB(): 2002.
   DEBUG    cellapp01 4926 8001  [2018-11-15 22:00:23 206] - Account::onWriteToDB(): 2002.
   DEBUG    cellapp01 4926 8001  [2018-11-15 22:03:43 207] - Account::onWriteToDB(): 2004.
   DEBUG    cellapp01 4926 8001  [2018-11-15 22:05:23 209] - Account::onWriteToDB(): 2004.
   DEBUG    cellapp01 4926 8001  [2018-11-15 22:07:03 210] - Account::onWriteToDB(): 2002.
   DEBUG    cellapp01 4926 8001  [2018-11-15 22:12:03 213] - Account::onWriteToDB(): 2002.
   DEBUG    cellapp01 4926 8001  [2018-11-15 22:13:43 213] - Account::onWriteToDB(): 2004.
   DEBUG    cellapp01 4926 8001  [2018-11-15 22:15:23 214] - Account::onWriteToDB(): 2002.
   DEBUG    cellapp01 4926 8001  [2018-11-15 22:17:03 215] - Account::onWriteToDB(): 2004.
   DEBUG    cellapp01 4926 8001  [2018-11-15 22:20:23 217] - Account::onWriteToDB(): 2004.
   DEBUG    cellapp01 4926 8001  [2018-11-15 22:22:03 218] - Account::onWriteToDB(): 2002.
   DEBUG    cellapp01 4926 8001  [2018-11-15 22:27:03 221] - Account::onWriteToDB(): 2004.
   DEBUG    cellapp01 4926 8001  [2018-11-15 22:28:43 222] - Account::onWriteToDB(): 2002.
   DEBUG    cellapp01 4926 8001  [2018-11-15 22:30:23 224] - Account::onWriteToDB(): 2002.
   DEBUG    cellapp01 4926 8001  [2018-11-15 22:32:03 224] - Account::onWriteToDB(): 2004.
   DEBUG    cellapp01 4926 8001  [2018-11-15 22:37:03 228] - Account::onWriteToDB(): 2002.
   DEBUG    cellapp01 4926 8001  [2018-11-15 22:38:43 228] - Account::onWriteToDB(): 2004.
   DEBUG    cellapp01 4926 8001  [2018-11-15 22:40:23 229] - Account::onWriteToDB(): 2002.
   DEBUG    cellapp01 4926 8001  [2018-11-15 22:43:43 231] - Account::onWriteToDB(): 2004.
   DEBUG    cellapp01 4926 8001  [2018-11-15 22:45:23 232] - Account::onWriteToDB(): 2002.
   DEBUG    cellapp01 4926 8001  [2018-11-15 22:48:43 235] - Account::onWriteToDB(): 2004.
   DEBUG    cellapp01 4926 8001  [2018-11-15 22:52:03 236] - Account::onWriteToDB(): 2004.
   DEBUG    cellapp01 4926 8001  [2018-11-15 22:53:43 237] - Account::onWriteToDB(): 2002.
   DEBUG    cellapp01 4926 8001  [2018-11-15 22:55:23 238] - Account::onWriteToDB(): 2004.
   DEBUG    cellapp01 4926 8001  [2018-11-15 22:58:43 240] - Account::onWriteToDB(): 2002.
   DEBUG    cellapp01 4926 8001  [2018-11-15 23:02:03 242] - Account::onWriteToDB(): 2004.
   DEBUG    cellapp01 4926 8001  [2018-11-15 23:03:43 243] - Account::onWriteToDB(): 2002.
   DEBUG    cellapp01 4926 8001  [2018-11-15 23:05:23 244] - Account::onWriteToDB(): 2002.
   DEBUG    cellapp01 4926 8001  [2018-11-15 23:08:43 246] - Account::onWriteToDB(): 2004.
   DEBUG    cellapp01 4926 8001  [2018-11-15 23:12:03 248] - Account::onWriteToDB(): 2004.
   DEBUG    cellapp01 4926 8001  [2018-11-15 23:13:43 249] - Account::onWriteToDB(): 2002.
   DEBUG    cellapp01 4926 8001  [2018-11-15 23:15:23 250] - Account::onWriteToDB(): 2004.
   DEBUG    cellapp01 4926 8001  [2018-11-15 23:18:43 253] - Account::onWriteToDB(): 2002.
   DEBUG    cellapp01 4926 8001  [2018-11-15 23:22:03 254] - Account::onWriteToDB(): 2002.
   DEBUG    cellapp01 4926 8001  [2018-11-15 23:23:43 255] - Account::onWriteToDB(): 2004.
   DEBUG    cellapp01 4926 8001  [2018-11-15 23:27:03 257] - Account::onWriteToDB(): 2002.
   DEBUG    cellapp01 4926 8001  [2018-11-15 23:28:43 258] - Account::onWriteToDB(): 2004.
   DEBUG    cellapp01 4926 8001  [2018-11-15 23:30:23 259] - Account::onWriteToDB(): 2004.
   DEBUG    cellapp01 4926 8001  [2018-11-15 23:33:43 261] - Account::onWriteToDB(): 2002.
   DEBUG    cellapp01 4926 8001  [2018-11-15 23:35:23 262] - Account::onWriteToDB(): 2004.
   DEBUG    cellapp01 4926 8001  [2018-11-15 23:38:43 264] - Account::onWriteToDB(): 2002.
   DEBUG    cellapp01 4926 8001  [2018-11-15 23:40:23 265] - Account::onWriteToDB(): 2002.
   DEBUG    cellapp01 4926 8001  [2018-11-15 23:42:03 266] - Account::onWriteToDB(): 2004.
   DEBUG    cellapp01 4926 8001  [2018-11-15 23:45:23 268] - Account::onWriteToDB(): 2002.
   DEBUG    cellapp01 4926 8001  [2018-11-15 23:47:03 269] - Account::onWriteToDB(): 2004.
   DEBUG    cellapp01 4926 8001  [2018-11-15 23:50:23 271] - Account::onWriteToDB(): 2004.
   DEBUG    cellapp01 4926 8001  [2018-11-15 23:53:43 273] - Account::onWriteToDB(): 2002.
   DEBUG    cellapp01 4926 8001  [2018-11-15 23:55:23 274] - Account::onWriteToDB(): 2004.
   DEBUG    cellapp01 4926 8001  [2018-11-15 23:57:03 275] - Account::onWriteToDB(): 2002.
