   DEBUG      dbmgr-1 1382 4000  [2018-11-09 00:02:15 261] - Dbmgr::writeEntity: Account(6).
   DEBUG      dbmgr-1 1382 4000  [2018-11-09 00:04:45 260] - Dbmgr::writeEntity: Account(6).
   DEBUG      dbmgr-1 1382 4000  [2018-11-09 00:07:15 178] - Dbmgr::DBTaskServerLog()
   DEBUG      dbmgr-1 1382 4000  [2018-11-09 00:07:15 278] - Dbmgr::writeEntity: Account(3).
   DEBUG      dbmgr-1 1382 4000  [2018-11-09 00:09:45 277] - Dbmgr::writeEntity: Account(3).
   DEBUG      dbmgr-1 1382 4000  [2018-11-09 00:12:15 257] - Dbmgr::writeEntity: Account(6).
   DEBUG      dbmgr-1 1382 4000  [2018-11-09 00:14:45 315] - Dbmgr::writeEntity: Account(3).
   DEBUG      dbmgr-1 1382 4000  [2018-11-09 00:17:15 374] - Dbmgr::writeEntity: Account(6).
   DEBUG      dbmgr-1 1382 4000  [2018-11-09 00:19:45 292] - Dbmgr::writeEntity: Account(3).
   DEBUG      dbmgr-1 1382 4000  [2018-11-09 00:22:15 391] - Dbmgr::writeEntity: Account(6).
   DEBUG      dbmgr-1 1382 4000  [2018-11-09 00:24:45 269] - Dbmgr::writeEntity: Account(6).
   DEBUG      dbmgr-1 1382 4000  [2018-11-09 00:27:15 288] - Dbmgr::writeEntity: Account(3).
   DEBUG      dbmgr-1 1382 4000  [2018-11-09 00:29:45 267] - Dbmgr::writeEntity: Account(6).
   DEBUG      dbmgr-1 1382 4000  [2018-11-09 00:32:15 245] - Dbmgr::writeEntity: Account(3).
   DEBUG      dbmgr-1 1382 4000  [2018-11-09 00:34:45 245] - Dbmgr::writeEntity: Account(3).
   DEBUG      dbmgr-1 1382 4000  [2018-11-09 00:37:15 263] - Dbmgr::writeEntity: Account(6).
   DEBUG      dbmgr-1 1382 4000  [2018-11-09 00:39:45 322] - Dbmgr::writeEntity: Account(3).
   DEBUG      dbmgr-1 1382 4000  [2018-11-09 00:42:15 260] - Dbmgr::writeEntity: Account(6).
   DEBUG      dbmgr-1 1382 4000  [2018-11-09 00:44:45 279] - Dbmgr::writeEntity: Account(3).
   DEBUG      dbmgr-1 1382 4000  [2018-11-09 00:47:15 278] - Dbmgr::writeEntity: Account(6).
   DEBUG      dbmgr-1 1382 4000  [2018-11-09 00:49:45 316] - Dbmgr::writeEntity: Account(3).
   DEBUG      dbmgr-1 1382 4000  [2018-11-09 00:52:15 275] - Dbmgr::writeEntity: Account(6).
   DEBUG      dbmgr-1 1382 4000  [2018-11-09 00:54:45 253] - Dbmgr::writeEntity: Account(6).
   DEBUG      dbmgr-1 1382 4000  [2018-11-09 00:57:15 293] - Dbmgr::writeEntity: Account(3).
   DEBUG      dbmgr-1 1382 4000  [2018-11-09 00:59:45 312] - Dbmgr::writeEntity: Account(6).
   DEBUG      dbmgr-1 1382 4000  [2018-11-09 01:02:15 250] - Dbmgr::writeEntity: Account(3).
   DEBUG      dbmgr-1 1382 4000  [2018-11-09 01:04:45 249] - Dbmgr::writeEntity: Account(6).
   DEBUG      dbmgr-1 1382 4000  [2018-11-09 01:07:15 127] - Dbmgr::DBTaskServerLog()
   DEBUG      dbmgr-1 1382 4000  [2018-11-09 01:07:15 227] - Dbmgr::writeEntity: Account(3).
   DEBUG      dbmgr-1 1382 4000  [2018-11-09 01:09:45 246] - Dbmgr::writeEntity: Account(6).
   DEBUG      dbmgr-1 1382 4000  [2018-11-09 01:12:15 264] - Dbmgr::writeEntity: Account(3).
   DEBUG      dbmgr-1 1382 4000  [2018-11-09 01:14:45 243] - Dbmgr::writeEntity: Account(6).
   DEBUG      dbmgr-1 1382 4000  [2018-11-09 01:17:15 262] - Dbmgr::writeEntity: Account(3).
   DEBUG      dbmgr-1 1382 4000  [2018-11-09 01:19:45 301] - Dbmgr::writeEntity: Account(3).
   DEBUG      dbmgr-1 1382 4000  [2018-11-09 01:22:15 420] - Dbmgr::writeEntity: Account(6).
   DEBUG      dbmgr-1 1382 4000  [2018-11-09 01:24:45 278] - Dbmgr::writeEntity: Account(6).
   DEBUG      dbmgr-1 1382 4000  [2018-11-09 01:27:15 277] - Dbmgr::writeEntity: Account(3).
   DEBUG      dbmgr-1 1382 4000  [2018-11-09 01:29:45 276] - Dbmgr::writeEntity: Account(3).
   DEBUG      dbmgr-1 1382 4000  [2018-11-09 01:32:15 254] - Dbmgr::writeEntity: Account(6).
   DEBUG      dbmgr-1 1382 4000  [2018-11-09 01:34:45 253] - Dbmgr::writeEntity: Account(3).
   DEBUG      dbmgr-1 1382 4000  [2018-11-09 01:37:15 271] - Dbmgr::writeEntity: Account(6).
   DEBUG      dbmgr-1 1382 4000  [2018-11-09 01:39:45 330] - Dbmgr::writeEntity: Account(3).
   DEBUG      dbmgr-1 1382 4000  [2018-11-09 01:42:15 289] - Dbmgr::writeEntity: Account(6).
   DEBUG      dbmgr-1 1382 4000  [2018-11-09 01:44:45 268] - Dbmgr::writeEntity: Account(3).
   DEBUG      dbmgr-1 1382 4000  [2018-11-09 01:47:15 287] - Dbmgr::writeEntity: Account(6).
   DEBUG      dbmgr-1 1382 4000  [2018-11-09 01:49:45 265] - Dbmgr::writeEntity: Account(3).
   DEBUG      dbmgr-1 1382 4000  [2018-11-09 01:52:15 304] - Dbmgr::writeEntity: Account(6).
   DEBUG      dbmgr-1 1382 4000  [2018-11-09 01:54:45 262] - Dbmgr::writeEntity: Account(3).
   DEBUG      dbmgr-1 1382 4000  [2018-11-09 01:57:15 261] - Dbmgr::writeEntity: Account(6).
   DEBUG      dbmgr-1 1382 4000  [2018-11-09 01:59:45 259] - Dbmgr::writeEntity: Account(6).
   DEBUG      dbmgr-1 1382 4000  [2018-11-09 02:02:15 298] - Dbmgr::writeEntity: Account(3).
   DEBUG      dbmgr-1 1382 4000  [2018-11-09 02:04:45 358] - Dbmgr::writeEntity: Account(6).
   DEBUG      dbmgr-1 1382 4000  [2018-11-09 02:07:15 116] - Dbmgr::DBTaskServerLog()
   DEBUG      dbmgr-1 1382 4000  [2018-11-09 02:07:15 276] - Dbmgr::writeEntity: Account(3).
   DEBUG      dbmgr-1 1382 4000  [2018-11-09 02:09:45 295] - Dbmgr::writeEntity: Account(3).
   DEBUG      dbmgr-1 1382 4000  [2018-11-09 02:12:15 313] - Dbmgr::writeEntity: Account(6).
   DEBUG      dbmgr-1 1382 4000  [2018-11-09 02:14:45 272] - Dbmgr::writeEntity: Account(6).
   DEBUG      dbmgr-1 1382 4000  [2018-11-09 02:17:15 251] - Dbmgr::writeEntity: Account(3).
   DEBUG      dbmgr-1 1382 4000  [2018-11-09 02:19:45 289] - Dbmgr::writeEntity: Account(3).
   DEBUG      dbmgr-1 1382 4000  [2018-11-09 02:22:15 388] - Dbmgr::writeEntity: Account(6).
   DEBUG      dbmgr-1 1382 4000  [2018-11-09 02:24:45 246] - Dbmgr::writeEntity: Account(3).
   DEBUG      dbmgr-1 1382 4000  [2018-11-09 02:27:15 266] - Dbmgr::writeEntity: Account(6).
   DEBUG      dbmgr-1 1382 4000  [2018-11-09 02:29:45 244] - Dbmgr::writeEntity: Account(3).
   DEBUG      dbmgr-1 1382 4000  [2018-11-09 02:32:15 303] - Dbmgr::writeEntity: Account(6).
   DEBUG      dbmgr-1 1382 4000  [2018-11-09 02:34:45 262] - Dbmgr::writeEntity: Account(3).
   DEBUG      dbmgr-1 1382 4000  [2018-11-09 02:37:15 280] - Dbmgr::writeEntity: Account(6).
   DEBUG      dbmgr-1 1382 4000  [2018-11-09 02:39:45 239] - Dbmgr::writeEntity: Account(3).
   DEBUG      dbmgr-1 1382 4000  [2018-11-09 02:42:15 257] - Dbmgr::writeEntity: Account(6).
   DEBUG      dbmgr-1 1382 4000  [2018-11-09 02:44:45 256] - Dbmgr::writeEntity: Account(3).
   DEBUG      dbmgr-1 1382 4000  [2018-11-09 02:47:15 274] - Dbmgr::writeEntity: Account(6).
   DEBUG      dbmgr-1 1382 4000  [2018-11-09 02:49:45 254] - Dbmgr::writeEntity: Account(6).
   DEBUG      dbmgr-1 1382 4000  [2018-11-09 02:52:15 253] - Dbmgr::writeEntity: Account(3).
   DEBUG      dbmgr-1 1382 4000  [2018-11-09 02:54:45 251] - Dbmgr::writeEntity: Account(6).
   DEBUG      dbmgr-1 1382 4000  [2018-11-09 02:57:15 250] - Dbmgr::writeEntity: Account(3).
   DEBUG      dbmgr-1 1382 4000  [2018-11-09 02:59:45 248] - Dbmgr::writeEntity: Account(3).
   DEBUG      dbmgr-1 1382 4000  [2018-11-09 03:02:15 247] - Dbmgr::writeEntity: Account(6).
   DEBUG      dbmgr-1 1382 4000  [2018-11-09 03:04:45 346] - Dbmgr::writeEntity: Account(3).
   DEBUG      dbmgr-1 1382 4000  [2018-11-09 03:07:15 124] - Dbmgr::DBTaskServerLog()
   DEBUG      dbmgr-1 1382 4000  [2018-11-09 03:07:15 264] - Dbmgr::writeEntity: Account(6).
   DEBUG      dbmgr-1 1382 4000  [2018-11-09 03:09:45 323] - Dbmgr::writeEntity: Account(3).
   DEBUG      dbmgr-1 1382 4000  [2018-11-09 03:12:15 282] - Dbmgr::writeEntity: Account(6).
   DEBUG      dbmgr-1 1382 4000  [2018-11-09 03:14:45 261] - Dbmgr::writeEntity: Account(3).
   DEBUG      dbmgr-1 1382 4000  [2018-11-09 03:17:15 259] - Dbmgr::writeEntity: Account(6).
   DEBUG      dbmgr-1 1382 4000  [2018-11-09 03:19:45 258] - Dbmgr::writeEntity: Account(3).
   DEBUG      dbmgr-1 1382 4000  [2018-11-09 03:22:15 417] - Dbmgr::writeEntity: Account(6).
   DEBUG      dbmgr-1 1382 4000  [2018-11-09 03:24:45 355] - Dbmgr::writeEntity: Account(6).
   DEBUG      dbmgr-1 1382 4000  [2018-11-09 03:27:15 254] - Dbmgr::writeEntity: Account(3).
   DEBUG      dbmgr-1 1382 4000  [2018-11-09 03:29:45 252] - Dbmgr::writeEntity: Account(6).
   DEBUG      dbmgr-1 1382 4000  [2018-11-09 03:32:15 272] - Dbmgr::writeEntity: Account(3).
   DEBUG      dbmgr-1 1382 4000  [2018-11-09 03:34:45 250] - Dbmgr::writeEntity: Account(3).
   DEBUG      dbmgr-1 1382 4000  [2018-11-09 03:37:15 269] - Dbmgr::writeEntity: Account(6).
   DEBUG      dbmgr-1 1382 4000  [2018-11-09 03:39:45 268] - Dbmgr::writeEntity: Account(6).
   DEBUG      dbmgr-1 1382 4000  [2018-11-09 03:42:15 266] - Dbmgr::writeEntity: Account(3).
   DEBUG      dbmgr-1 1382 4000  [2018-11-09 03:44:45 325] - Dbmgr::writeEntity: Account(3).
   DEBUG      dbmgr-1 1382 4000  [2018-11-09 03:47:15 283] - Dbmgr::writeEntity: Account(6).
   DEBUG      dbmgr-1 1382 4000  [2018-11-09 03:49:45 282] - Dbmgr::writeEntity: Account(6).
   DEBUG      dbmgr-1 1382 4000  [2018-11-09 03:52:15 361] - Dbmgr::writeEntity: Account(3).
   DEBUG      dbmgr-1 1382 4000  [2018-11-09 03:54:45 320] - Dbmgr::writeEntity: Account(6).
   DEBUG      dbmgr-1 1382 4000  [2018-11-09 03:57:15 259] - Dbmgr::writeEntity: Account(3).
   DEBUG      dbmgr-1 1382 4000  [2018-11-09 03:59:45 297] - Dbmgr::writeEntity: Account(3).
   DEBUG      dbmgr-1 1382 4000  [2018-11-09 04:02:15 276] - Dbmgr::writeEntity: Account(6).
   DEBUG      dbmgr-1 1382 4000  [2018-11-09 04:04:45 254] - Dbmgr::writeEntity: Account(6).
   DEBUG      dbmgr-1 1382 4000  [2018-11-09 04:07:15 133] - Dbmgr::DBTaskServerLog()
   DEBUG      dbmgr-1 1382 4000  [2018-11-09 04:07:15 233] - Dbmgr::writeEntity: Account(3).
   DEBUG      dbmgr-1 1382 4000  [2018-11-09 04:09:45 252] - Dbmgr::writeEntity: Account(3).
   DEBUG      dbmgr-1 1382 4000  [2018-11-09 04:12:15 250] - Dbmgr::writeEntity: Account(6).
   DEBUG      dbmgr-1 1382 4000  [2018-11-09 04:14:45 249] - Dbmgr::writeEntity: Account(6).
   DEBUG      dbmgr-1 1382 4000  [2018-11-09 04:17:15 248] - Dbmgr::writeEntity: Account(3).
   DEBUG      dbmgr-1 1382 4000  [2018-11-09 04:19:45 267] - Dbmgr::writeEntity: Account(3).
   DEBUG      dbmgr-1 1382 4000  [2018-11-09 04:22:15 606] - Dbmgr::writeEntity: Account(6).
 WARNING      dbmgr-1 1382 4000  [2018-11-09 04:22:15 596] - DBTransaction::commit(): took 0.37 seconds
   DEBUG      dbmgr-1 1382 4000  [2018-11-09 04:24:45 284] - Dbmgr::writeEntity: Account(6).
   DEBUG      dbmgr-1 1382 4000  [2018-11-09 04:27:15 263] - Dbmgr::writeEntity: Account(3).
   DEBUG      dbmgr-1 1382 4000  [2018-11-09 04:29:45 261] - Dbmgr::writeEntity: Account(6).
   DEBUG      dbmgr-1 1382 4000  [2018-11-09 04:32:15 260] - Dbmgr::writeEntity: Account(3).
   DEBUG      dbmgr-1 1382 4000  [2018-11-09 04:34:45 258] - Dbmgr::writeEntity: Account(3).
   DEBUG      dbmgr-1 1382 4000  [2018-11-09 04:37:15 257] - Dbmgr::writeEntity: Account(6).
   DEBUG      dbmgr-1 1382 4000  [2018-11-09 04:39:45 257] - Dbmgr::writeEntity: Account(3).
   DEBUG      dbmgr-1 1382 4000  [2018-11-09 04:42:15 275] - Dbmgr::writeEntity: Account(6).
   DEBUG      dbmgr-1 1382 4000  [2018-11-09 04:44:45 274] - Dbmgr::writeEntity: Account(6).
   DEBUG      dbmgr-1 1382 4000  [2018-11-09 04:47:15 252] - Dbmgr::writeEntity: Account(3).
   DEBUG      dbmgr-1 1382 4000  [2018-11-09 04:49:45 251] - Dbmgr::writeEntity: Account(6).
   DEBUG      dbmgr-1 1382 4000  [2018-11-09 04:52:15 249] - Dbmgr::writeEntity: Account(3).
   DEBUG      dbmgr-1 1382 4000  [2018-11-09 04:54:45 268] - Dbmgr::writeEntity: Account(6).
   DEBUG      dbmgr-1 1382 4000  [2018-11-09 04:57:15 267] - Dbmgr::writeEntity: Account(3).
   DEBUG      dbmgr-1 1382 4000  [2018-11-09 04:59:45 265] - Dbmgr::writeEntity: Account(3).
   DEBUG      dbmgr-1 1382 4000  [2018-11-09 05:02:15 265] - Dbmgr::writeEntity: Account(6).
   DEBUG      dbmgr-1 1382 4000  [2018-11-09 05:04:45 263] - Dbmgr::writeEntity: Account(6).
   DEBUG      dbmgr-1 1382 4000  [2018-11-09 05:07:15 122] - Dbmgr::DBTaskServerLog()
   DEBUG      dbmgr-1 1382 4000  [2018-11-09 05:07:15 262] - Dbmgr::writeEntity: Account(3).
   DEBUG      dbmgr-1 1382 4000  [2018-11-09 05:09:45 281] - Dbmgr::writeEntity: Account(3).
   DEBUG      dbmgr-1 1382 4000  [2018-11-09 05:12:15 259] - Dbmgr::writeEntity: Account(6).
   DEBUG      dbmgr-1 1382 4000  [2018-11-09 05:14:45 258] - Dbmgr::writeEntity: Account(3).
   DEBUG      dbmgr-1 1382 4000  [2018-11-09 05:17:15 256] - Dbmgr::writeEntity: Account(6).
   DEBUG      dbmgr-1 1382 4000  [2018-11-09 05:19:45 255] - Dbmgr::writeEntity: Account(6).
   DEBUG      dbmgr-1 1382 4000  [2018-11-09 05:22:15 393] - Dbmgr::writeEntity: Account(3).
   DEBUG      dbmgr-1 1382 4000  [2018-11-09 05:24:45 273] - Dbmgr::writeEntity: Account(3).
   DEBUG      dbmgr-1 1382 4000  [2018-11-09 05:27:15 252] - Dbmgr::writeEntity: Account(6).
   DEBUG      dbmgr-1 1382 4000  [2018-11-09 05:29:45 270] - Dbmgr::writeEntity: Account(6).
   DEBUG      dbmgr-1 1382 4000  [2018-11-09 05:32:15 269] - Dbmgr::writeEntity: Account(3).
   DEBUG      dbmgr-1 1382 4000  [2018-11-09 05:34:45 267] - Dbmgr::writeEntity: Account(6).
   DEBUG      dbmgr-1 1382 4000  [2018-11-09 05:37:15 266] - Dbmgr::writeEntity: Account(3).
   DEBUG      dbmgr-1 1382 4000  [2018-11-09 05:39:45 384] - Dbmgr::writeEntity: Account(3).
   DEBUG      dbmgr-1 1382 4000  [2018-11-09 05:42:15 283] - Dbmgr::writeEntity: Account(6).
   DEBUG      dbmgr-1 1382 4000  [2018-11-09 05:44:45 302] - Dbmgr::writeEntity: Account(6).
   DEBUG      dbmgr-1 1382 4000  [2018-11-09 05:47:15 281] - Dbmgr::writeEntity: Account(3).
   DEBUG      dbmgr-1 1382 4000  [2018-11-09 05:49:45 280] - Dbmgr::writeEntity: Account(6).
   DEBUG      dbmgr-1 1382 4000  [2018-11-09 05:52:15 258] - Dbmgr::writeEntity: Account(3).
   DEBUG      dbmgr-1 1382 4000  [2018-11-09 05:54:45 277] - Dbmgr::writeEntity: Account(6).
   DEBUG      dbmgr-1 1382 4000  [2018-11-09 05:57:15 276] - Dbmgr::writeEntity: Account(3).
   DEBUG      dbmgr-1 1382 4000  [2018-11-09 05:59:45 294] - Dbmgr::writeEntity: Account(3).
   DEBUG      dbmgr-1 1382 4000  [2018-11-09 06:02:15 253] - Dbmgr::writeEntity: Account(6).
   DEBUG      dbmgr-1 1382 4000  [2018-11-09 06:04:45 311] - Dbmgr::writeEntity: Account(3).
   DEBUG      dbmgr-1 1382 4000  [2018-11-09 06:07:15 131] - Dbmgr::DBTaskServerLog()
   DEBUG      dbmgr-1 1382 4000  [2018-11-09 06:07:15 290] - Dbmgr::writeEntity: Account(6).
   DEBUG      dbmgr-1 1382 4000  [2018-11-09 06:09:45 289] - Dbmgr::writeEntity: Account(3).
   DEBUG      dbmgr-1 1382 4000  [2018-11-09 06:12:15 268] - Dbmgr::writeEntity: Account(6).
   DEBUG      dbmgr-1 1382 4000  [2018-11-09 06:14:45 287] - Dbmgr::writeEntity: Account(3).
   DEBUG      dbmgr-1 1382 4000  [2018-11-09 06:17:15 285] - Dbmgr::writeEntity: Account(6).
   DEBUG      dbmgr-1 1382 4000  [2018-11-09 06:19:45 264] - Dbmgr::writeEntity: Account(6).
   DEBUG      dbmgr-1 1382 4000  [2018-11-09 06:22:15 402] - Dbmgr::writeEntity: Account(3).
   DEBUG      dbmgr-1 1382 4000  [2018-11-09 06:24:45 281] - Dbmgr::writeEntity: Account(3).
   DEBUG      dbmgr-1 1382 4000  [2018-11-09 06:27:15 279] - Dbmgr::writeEntity: Account(6).
   DEBUG      dbmgr-1 1382 4000  [2018-11-09 06:29:45 258] - Dbmgr::writeEntity: Account(3).
   DEBUG      dbmgr-1 1382 4000  [2018-11-09 06:32:15 258] - Dbmgr::writeEntity: Account(6).
   DEBUG      dbmgr-1 1382 4000  [2018-11-09 06:34:45 276] - Dbmgr::writeEntity: Account(3).
   DEBUG      dbmgr-1 1382 4000  [2018-11-09 06:37:15 255] - Dbmgr::writeEntity: Account(6).
   DEBUG      dbmgr-1 1382 4000  [2018-11-09 06:39:45 253] - Dbmgr::writeEntity: Account(3).
   DEBUG      dbmgr-1 1382 4000  [2018-11-09 06:42:15 272] - Dbmgr::writeEntity: Account(6).
   DEBUG      dbmgr-1 1382 4000  [2018-11-09 06:44:45 291] - Dbmgr::writeEntity: Account(3).
   DEBUG      dbmgr-1 1382 4000  [2018-11-09 06:47:15 269] - Dbmgr::writeEntity: Account(6).
   DEBUG      dbmgr-1 1382 4000  [2018-11-09 06:49:45 268] - Dbmgr::writeEntity: Account(3).
   DEBUG      dbmgr-1 1382 4000  [2018-11-09 06:52:15 267] - Dbmgr::writeEntity: Account(6).
   DEBUG      dbmgr-1 1382 4000  [2018-11-09 06:54:45 286] - Dbmgr::writeEntity: Account(6).
   DEBUG      dbmgr-1 1382 4000  [2018-11-09 06:57:15 264] - Dbmgr::writeEntity: Account(3).
   DEBUG      dbmgr-1 1382 4000  [2018-11-09 06:59:45 263] - Dbmgr::writeEntity: Account(3).
   DEBUG      dbmgr-1 1382 4000  [2018-11-09 07:02:15 282] - Dbmgr::writeEntity: Account(6).
   DEBUG      dbmgr-1 1382 4000  [2018-11-09 07:04:45 280] - Dbmgr::writeEntity: Account(6).
   DEBUG      dbmgr-1 1382 4000  [2018-11-09 07:07:15 139] - Dbmgr::DBTaskServerLog()
   DEBUG      dbmgr-1 1382 4000  [2018-11-09 07:07:15 259] - Dbmgr::writeEntity: Account(3).
   DEBUG      dbmgr-1 1382 4000  [2018-11-09 07:09:45 257] - Dbmgr::writeEntity: Account(3).
   DEBUG      dbmgr-1 1382 4000  [2018-11-09 07:12:15 256] - Dbmgr::writeEntity: Account(6).
   DEBUG      dbmgr-1 1382 4000  [2018-11-09 07:14:45 255] - Dbmgr::writeEntity: Account(3).
   DEBUG      dbmgr-1 1382 4000  [2018-11-09 07:17:15 274] - Dbmgr::writeEntity: Account(6).
   DEBUG      dbmgr-1 1382 4000  [2018-11-09 07:19:45 273] - Dbmgr::writeEntity: Account(3).
   DEBUG      dbmgr-1 1382 4000  [2018-11-09 07:22:15 491] - Dbmgr::writeEntity: Account(6).
 WARNING      dbmgr-1 1382 4000  [2018-11-09 07:22:15 489] - DBTransaction::commit(): took 0.26 seconds
   DEBUG      dbmgr-1 1382 4000  [2018-11-09 07:24:45 270] - Dbmgr::writeEntity: Account(3).
   DEBUG      dbmgr-1 1382 4000  [2018-11-09 07:27:15 368] - Dbmgr::writeEntity: Account(6).
   DEBUG      dbmgr-1 1382 4000  [2018-11-09 07:29:45 267] - Dbmgr::writeEntity: Account(3).
   DEBUG      dbmgr-1 1382 4000  [2018-11-09 07:32:15 266] - Dbmgr::writeEntity: Account(6).
   DEBUG      dbmgr-1 1382 4000  [2018-11-09 07:34:45 264] - Dbmgr::writeEntity: Account(6).
   DEBUG      dbmgr-1 1382 4000  [2018-11-09 07:37:15 264] - Dbmgr::writeEntity: Account(3).
   DEBUG      dbmgr-1 1382 4000  [2018-11-09 07:39:45 262] - Dbmgr::writeEntity: Account(6).
   DEBUG      dbmgr-1 1382 4000  [2018-11-09 07:42:15 261] - Dbmgr::writeEntity: Account(3).
   DEBUG      dbmgr-1 1382 4000  [2018-11-09 07:44:45 259] - Dbmgr::writeEntity: Account(6).
   DEBUG      dbmgr-1 1382 4000  [2018-11-09 07:47:15 258] - Dbmgr::writeEntity: Account(3).
   DEBUG      dbmgr-1 1382 4000  [2018-11-09 07:49:45 257] - Dbmgr::writeEntity: Account(3).
   DEBUG      dbmgr-1 1382 4000  [2018-11-09 07:52:15 295] - Dbmgr::writeEntity: Account(6).
   DEBUG      dbmgr-1 1382 4000  [2018-11-09 07:54:45 274] - Dbmgr::writeEntity: Account(3).
   DEBUG      dbmgr-1 1382 4000  [2018-11-09 07:57:15 272] - Dbmgr::writeEntity: Account(6).
   DEBUG      dbmgr-1 1382 4000  [2018-11-09 07:59:45 292] - Dbmgr::writeEntity: Account(6).
   DEBUG      dbmgr-1 1382 4000  [2018-11-09 08:02:15 270] - Dbmgr::writeEntity: Account(3).
   DEBUG      dbmgr-1 1382 4000  [2018-11-09 08:04:45 269] - Dbmgr::writeEntity: Account(3).
   DEBUG      dbmgr-1 1382 4000  [2018-11-09 08:07:15 148] - Dbmgr::DBTaskServerLog()
   DEBUG      dbmgr-1 1382 4000  [2018-11-09 08:07:15 268] - Dbmgr::writeEntity: Account(6).
   DEBUG      dbmgr-1 1382 4000  [2018-11-09 08:09:45 286] - Dbmgr::writeEntity: Account(6).
   DEBUG      dbmgr-1 1382 4000  [2018-11-09 08:12:15 265] - Dbmgr::writeEntity: Account(3).
   DEBUG      dbmgr-1 1382 4000  [2018-11-09 08:14:45 263] - Dbmgr::writeEntity: Account(3).
   DEBUG      dbmgr-1 1382 4000  [2018-11-09 08:17:15 262] - Dbmgr::writeEntity: Account(6).
   DEBUG      dbmgr-1 1382 4000  [2018-11-09 08:19:45 281] - Dbmgr::writeEntity: Account(6).
 WARNING      dbmgr-1 1382 4000  [2018-11-09 08:22:15 516] - DBTransaction::commit(): took 0.29 seconds
   DEBUG      dbmgr-1 1382 4000  [2018-11-09 08:22:15 519] - Dbmgr::writeEntity: Account(3).
   DEBUG      dbmgr-1 1382 4000  [2018-11-09 08:24:45 259] - Dbmgr::writeEntity: Account(6).
   DEBUG      dbmgr-1 1382 4000  [2018-11-09 08:27:15 257] - Dbmgr::writeEntity: Account(3).
   DEBUG      dbmgr-1 1382 4000  [2018-11-09 08:29:45 276] - Dbmgr::writeEntity: Account(6).
   DEBUG      dbmgr-1 1382 4000  [2018-11-09 08:32:15 274] - Dbmgr::writeEntity: Account(3).
   DEBUG      dbmgr-1 1382 4000  [2018-11-09 08:34:45 273] - Dbmgr::writeEntity: Account(6).
   DEBUG      dbmgr-1 1382 4000  [2018-11-09 08:37:15 272] - Dbmgr::writeEntity: Account(3).
   DEBUG      dbmgr-1 1382 4000  [2018-11-09 08:39:45 270] - Dbmgr::writeEntity: Account(3).
   DEBUG      dbmgr-1 1382 4000  [2018-11-09 08:42:15 269] - Dbmgr::writeEntity: Account(6).
   DEBUG      dbmgr-1 1382 4000  [2018-11-09 08:44:45 268] - Dbmgr::writeEntity: Account(6).
   DEBUG      dbmgr-1 1382 4000  [2018-11-09 08:47:15 267] - Dbmgr::writeEntity: Account(3).
   DEBUG      dbmgr-1 1382 4000  [2018-11-09 08:49:45 286] - Dbmgr::writeEntity: Account(6).
   DEBUG      dbmgr-1 1382 4000  [2018-11-09 08:52:15 264] - Dbmgr::writeEntity: Account(3).
   DEBUG      dbmgr-1 1382 4000  [2018-11-09 08:54:45 283] - Dbmgr::writeEntity: Account(6).
   DEBUG      dbmgr-1 1382 4000  [2018-11-09 08:57:15 241] - Dbmgr::writeEntity: Account(3).
   DEBUG      dbmgr-1 1382 4000  [2018-11-09 08:59:45 260] - Dbmgr::writeEntity: Account(6).
   DEBUG      dbmgr-1 1382 4000  [2018-11-09 09:02:15 258] - Dbmgr::writeEntity: Account(3).
   DEBUG      dbmgr-1 1382 4000  [2018-11-09 09:04:45 297] - Dbmgr::writeEntity: Account(3).
   DEBUG      dbmgr-1 1382 4000  [2018-11-09 09:07:15 137] - Dbmgr::DBTaskServerLog()
   DEBUG      dbmgr-1 1382 4000  [2018-11-09 09:07:15 277] - Dbmgr::writeEntity: Account(6).
   DEBUG      dbmgr-1 1382 4000  [2018-11-09 09:09:45 275] - Dbmgr::writeEntity: Account(3).
   DEBUG      dbmgr-1 1382 4000  [2018-11-09 09:12:15 274] - Dbmgr::writeEntity: Account(6).
   DEBUG      dbmgr-1 1382 4000  [2018-11-09 09:14:45 372] - Dbmgr::writeEntity: Account(3).
   DEBUG      dbmgr-1 1382 4000  [2018-11-09 09:17:15 291] - Dbmgr::writeEntity: Account(6).
   DEBUG      dbmgr-1 1382 4000  [2018-11-09 09:19:45 269] - Dbmgr::writeEntity: Account(6).
   DEBUG      dbmgr-1 1382 4000  [2018-11-09 09:22:15 308] - Dbmgr::writeEntity: Account(3).
   DEBUG      dbmgr-1 1382 4000  [2018-11-09 09:24:45 267] - Dbmgr::writeEntity: Account(3).
   DEBUG      dbmgr-1 1382 4000  [2018-11-09 09:27:15 285] - Dbmgr::writeEntity: Account(6).
   DEBUG      dbmgr-1 1382 4000  [2018-11-09 09:29:45 265] - Dbmgr::writeEntity: Account(6).
   DEBUG      dbmgr-1 1382 4000  [2018-11-09 09:32:15 263] - Dbmgr::writeEntity: Account(3).
   DEBUG      dbmgr-1 1382 4000  [2018-11-09 09:34:45 262] - Dbmgr::writeEntity: Account(3).
   DEBUG      dbmgr-1 1382 4000  [2018-11-09 09:37:15 261] - Dbmgr::writeEntity: Account(6).
   DEBUG      dbmgr-1 1382 4000  [2018-11-09 09:39:45 279] - Dbmgr::writeEntity: Account(3).
   DEBUG      dbmgr-1 1382 4000  [2018-11-09 09:42:15 278] - Dbmgr::writeEntity: Account(6).
   DEBUG      dbmgr-1 1382 4000  [2018-11-09 09:44:45 316] - Dbmgr::writeEntity: Account(3).
   DEBUG      dbmgr-1 1382 4000  [2018-11-09 09:47:15 275] - Dbmgr::writeEntity: Account(6).
   DEBUG      dbmgr-1 1382 4000  [2018-11-09 09:49:45 273] - Dbmgr::writeEntity: Account(6).
   DEBUG      dbmgr-1 1382 4000  [2018-11-09 09:52:15 273] - Dbmgr::writeEntity: Account(3).
   DEBUG      dbmgr-1 1382 4000  [2018-11-09 09:54:45 272] - Dbmgr::writeEntity: Account(3).
   DEBUG      dbmgr-1 1382 4000  [2018-11-09 09:57:15 270] - Dbmgr::writeEntity: Account(6).
   DEBUG      dbmgr-1 1382 4000  [2018-11-09 09:59:45 269] - Dbmgr::writeEntity: Account(6).
   DEBUG      dbmgr-1 1382 4000  [2018-11-09 10:02:15 267] - Dbmgr::writeEntity: Account(3).
   DEBUG      dbmgr-1 1382 4000  [2018-11-09 10:04:45 326] - Dbmgr::writeEntity: Account(3).
   DEBUG      dbmgr-1 1382 4000  [2018-11-09 10:07:15 144] - Dbmgr::DBTaskServerLog()
   DEBUG      dbmgr-1 1382 4000  [2018-11-09 10:07:15 264] - Dbmgr::writeEntity: Account(6).
   DEBUG      dbmgr-1 1382 4000  [2018-11-09 10:09:45 263] - Dbmgr::writeEntity: Account(6).
   DEBUG      dbmgr-1 1382 4000  [2018-11-09 10:12:15 263] - Dbmgr::writeEntity: Account(3).
   DEBUG      dbmgr-1 1382 4000  [2018-11-09 10:14:45 281] - Dbmgr::writeEntity: Account(6).
   DEBUG      dbmgr-1 1382 4000  [2018-11-09 10:17:15 280] - Dbmgr::writeEntity: Account(3).
   DEBUG      dbmgr-1 1382 4000  [2018-11-09 10:19:45 278] - Dbmgr::writeEntity: Account(6).
   DEBUG      dbmgr-1 1382 4000  [2018-11-09 10:22:15 537] - Dbmgr::writeEntity: Account(3).
 WARNING      dbmgr-1 1382 4000  [2018-11-09 10:22:15 529] - DBTransaction::commit(): took 0.29 seconds
   DEBUG      dbmgr-1 1382 4000  [2018-11-09 10:24:45 336] - Dbmgr::writeEntity: Account(3).
   DEBUG      dbmgr-1 1382 4000  [2018-11-09 10:27:15 274] - Dbmgr::writeEntity: Account(6).
   DEBUG      dbmgr-1 1382 4000  [2018-11-09 10:29:45 273] - Dbmgr::writeEntity: Account(6).
   DEBUG      dbmgr-1 1382 4000  [2018-11-09 10:32:15 291] - Dbmgr::writeEntity: Account(3).
   DEBUG      dbmgr-1 1382 4000  [2018-11-09 10:34:45 271] - Dbmgr::writeEntity: Account(6).
   DEBUG      dbmgr-1 1382 4000  [2018-11-09 10:37:15 269] - Dbmgr::writeEntity: Account(3).
   DEBUG      dbmgr-1 1382 4000  [2018-11-09 10:39:45 268] - Dbmgr::writeEntity: Account(3).
   DEBUG      dbmgr-1 1382 4000  [2018-11-09 10:42:15 287] - Dbmgr::writeEntity: Account(6).
   DEBUG      dbmgr-1 1382 4000  [2018-11-09 10:44:45 265] - Dbmgr::writeEntity: Account(3).
   DEBUG      dbmgr-1 1382 4000  [2018-11-09 10:47:15 264] - Dbmgr::writeEntity: Account(6).
   DEBUG      dbmgr-1 1382 4000  [2018-11-09 10:49:45 262] - Dbmgr::writeEntity: Account(6).
   DEBUG      dbmgr-1 1382 4000  [2018-11-09 10:52:15 281] - Dbmgr::writeEntity: Account(3).
   DEBUG      dbmgr-1 1382 4000  [2018-11-09 10:54:45 279] - Dbmgr::writeEntity: Account(3).
   DEBUG      dbmgr-1 1382 4000  [2018-11-09 10:57:15 278] - Dbmgr::writeEntity: Account(6).
   DEBUG      dbmgr-1 1382 4000  [2018-11-09 10:59:45 278] - Dbmgr::writeEntity: Account(3).
   DEBUG      dbmgr-1 1382 4000  [2018-11-09 11:02:15 376] - Dbmgr::writeEntity: Account(6).
   DEBUG      dbmgr-1 1382 4000  [2018-11-09 11:04:45 275] - Dbmgr::writeEntity: Account(6).
   DEBUG      dbmgr-1 1382 4000  [2018-11-09 11:07:15 153] - Dbmgr::DBTaskServerLog()
   DEBUG      dbmgr-1 1382 4000  [2018-11-09 11:07:15 273] - Dbmgr::writeEntity: Account(3).
   DEBUG      dbmgr-1 1382 4000  [2018-11-09 11:09:45 272] - Dbmgr::writeEntity: Account(3).
   DEBUG      dbmgr-1 1382 4000  [2018-11-09 11:12:15 271] - Dbmgr::writeEntity: Account(6).
   DEBUG      dbmgr-1 1382 4000  [2018-11-09 11:14:45 289] - Dbmgr::writeEntity: Account(3).
   DEBUG      dbmgr-1 1382 4000  [2018-11-09 11:17:15 268] - Dbmgr::writeEntity: Account(6).
   DEBUG      dbmgr-1 1382 4000  [2018-11-09 11:19:45 267] - Dbmgr::writeEntity: Account(3).
   DEBUG      dbmgr-1 1382 4000  [2018-11-09 11:22:15 286] - Dbmgr::writeEntity: Account(6).
   DEBUG      dbmgr-1 1382 4000  [2018-11-09 11:24:45 264] - Dbmgr::writeEntity: Account(3).
   DEBUG      dbmgr-1 1382 4000  [2018-11-09 11:27:15 283] - Dbmgr::writeEntity: Account(6).
   DEBUG      dbmgr-1 1382 4000  [2018-11-09 11:29:45 282] - Dbmgr::writeEntity: Account(6).
   DEBUG      dbmgr-1 1382 4000  [2018-11-09 11:32:15 300] - Dbmgr::writeEntity: Account(3).
   DEBUG      dbmgr-1 1382 4000  [2018-11-09 11:34:45 279] - Dbmgr::writeEntity: Account(6).
   DEBUG      dbmgr-1 1382 4000  [2018-11-09 11:37:15 277] - Dbmgr::writeEntity: Account(3).
   DEBUG      dbmgr-1 1382 4000  [2018-11-09 11:39:45 276] - Dbmgr::writeEntity: Account(3).
   DEBUG      dbmgr-1 1382 4000  [2018-11-09 11:42:15 275] - Dbmgr::writeEntity: Account(6).
   DEBUG      dbmgr-1 1382 4000  [2018-11-09 11:44:45 274] - Dbmgr::writeEntity: Account(3).
   DEBUG      dbmgr-1 1382 4000  [2018-11-09 11:47:15 273] - Dbmgr::writeEntity: Account(6).
   DEBUG      dbmgr-1 1382 4000  [2018-11-09 11:49:45 271] - Dbmgr::writeEntity: Account(6).
   DEBUG      dbmgr-1 1382 4000  [2018-11-09 11:52:15 270] - Dbmgr::writeEntity: Account(3).
   DEBUG      dbmgr-1 1382 4000  [2018-11-09 11:54:45 268] - Dbmgr::writeEntity: Account(3).
   DEBUG      dbmgr-1 1382 4000  [2018-11-09 11:57:15 267] - Dbmgr::writeEntity: Account(6).
   DEBUG      dbmgr-1 1382 4000  [2018-11-09 11:59:45 266] - Dbmgr::writeEntity: Account(3).
   DEBUG      dbmgr-1 1382 4000  [2018-11-09 12:02:15 284] - Dbmgr::writeEntity: Account(6).
   DEBUG      dbmgr-1 1382 4000  [2018-11-09 12:04:45 284] - Dbmgr::writeEntity: Account(3).
   DEBUG      dbmgr-1 1382 4000  [2018-11-09 12:07:15 142] - Dbmgr::DBTaskServerLog()
   DEBUG      dbmgr-1 1382 4000  [2018-11-09 12:07:15 302] - Dbmgr::writeEntity: Account(6).
   DEBUG      dbmgr-1 1382 4000  [2018-11-09 12:09:45 281] - Dbmgr::writeEntity: Account(6).
   DEBUG      dbmgr-1 1382 4000  [2018-11-09 12:12:15 279] - Dbmgr::writeEntity: Account(3).
   DEBUG      dbmgr-1 1382 4000  [2018-11-09 12:14:45 278] - Dbmgr::writeEntity: Account(6).
   DEBUG      dbmgr-1 1382 4000  [2018-11-09 12:17:15 277] - Dbmgr::writeEntity: Account(3).
   DEBUG      dbmgr-1 1382 4000  [2018-11-09 12:19:45 275] - Dbmgr::writeEntity: Account(6).
   DEBUG      dbmgr-1 1382 4000  [2018-11-09 12:22:15 274] - Dbmgr::writeEntity: Account(3).
   DEBUG      dbmgr-1 1382 4000  [2018-11-09 12:24:45 312] - Dbmgr::writeEntity: Account(3).
   DEBUG      dbmgr-1 1382 4000  [2018-11-09 12:27:15 272] - Dbmgr::writeEntity: Account(6).
   DEBUG      dbmgr-1 1382 4000  [2018-11-09 12:29:45 270] - Dbmgr::writeEntity: Account(3).
   DEBUG      dbmgr-1 1382 4000  [2018-11-09 12:32:15 269] - Dbmgr::writeEntity: Account(6).
   DEBUG      dbmgr-1 1382 4000  [2018-11-09 12:34:45 288] - Dbmgr::writeEntity: Account(3).
   DEBUG      dbmgr-1 1382 4000  [2018-11-09 12:37:15 266] - Dbmgr::writeEntity: Account(6).
   DEBUG      dbmgr-1 1382 4000  [2018-11-09 12:39:45 285] - Dbmgr::writeEntity: Account(6).
   DEBUG      dbmgr-1 1382 4000  [2018-11-09 12:42:15 283] - Dbmgr::writeEntity: Account(3).
   DEBUG      dbmgr-1 1382 4000  [2018-11-09 12:44:45 282] - Dbmgr::writeEntity: Account(6).
   DEBUG      dbmgr-1 1382 4000  [2018-11-09 12:47:15 401] - Dbmgr::writeEntity: Account(3).
   DEBUG      dbmgr-1 1382 4000  [2018-11-09 12:49:45 380] - Dbmgr::writeEntity: Account(3).
   DEBUG      dbmgr-1 1382 4000  [2018-11-09 12:52:15 279] - Dbmgr::writeEntity: Account(6).
   DEBUG      dbmgr-1 1382 4000  [2018-11-09 12:54:45 277] - Dbmgr::writeEntity: Account(6).
   DEBUG      dbmgr-1 1382 4000  [2018-11-09 12:57:15 276] - Dbmgr::writeEntity: Account(3).
   DEBUG      dbmgr-1 1382 4000  [2018-11-09 12:59:45 274] - Dbmgr::writeEntity: Account(3).
   DEBUG      dbmgr-1 1382 4000  [2018-11-09 13:02:15 273] - Dbmgr::writeEntity: Account(6).
   DEBUG      dbmgr-1 1382 4000  [2018-11-09 13:04:45 272] - Dbmgr::writeEntity: Account(3).
   DEBUG      dbmgr-1 1382 4000  [2018-11-09 13:07:15 130] - Dbmgr::DBTaskServerLog()
   DEBUG      dbmgr-1 1382 4000  [2018-11-09 13:07:15 250] - Dbmgr::writeEntity: Account(6).
   DEBUG      dbmgr-1 1382 4000  [2018-11-09 13:09:45 269] - Dbmgr::writeEntity: Account(3).
   DEBUG      dbmgr-1 1382 4000  [2018-11-09 13:12:15 268] - Dbmgr::writeEntity: Account(6).
   DEBUG      dbmgr-1 1382 4000  [2018-11-09 13:14:45 287] - Dbmgr::writeEntity: Account(3).
   DEBUG      dbmgr-1 1382 4000  [2018-11-09 13:17:15 326] - Dbmgr::writeEntity: Account(6).
   DEBUG      dbmgr-1 1382 4000  [2018-11-09 13:19:45 304] - Dbmgr::writeEntity: Account(6).
   DEBUG      dbmgr-1 1382 4000  [2018-11-09 13:22:15 423] - Dbmgr::writeEntity: Account(3).
   DEBUG      dbmgr-1 1382 4000  [2018-11-09 13:24:45 281] - Dbmgr::writeEntity: Account(6).
   DEBUG      dbmgr-1 1382 4000  [2018-11-09 13:27:15 280] - Dbmgr::writeEntity: Account(3).
   DEBUG      dbmgr-1 1382 4000  [2018-11-09 13:29:45 278] - Dbmgr::writeEntity: Account(3).
   DEBUG      dbmgr-1 1382 4000  [2018-11-09 13:31:34 418] - Dbmgr::onAccountLogin:loginName=1, accountName=1, success=10, componentID=7001, entityID=2002, dbid=3, flags=0, deadline=0.
   DEBUG      dbmgr-1 1382 4000  [2018-11-09 13:31:47 617] - Dbmgr::onAccountLogin:loginName=1, accountName=1, success=10, componentID=7001, entityID=2002, dbid=3, flags=0, deadline=0.
   DEBUG      dbmgr-1 1382 4000  [2018-11-09 13:31:58 738] - Dbmgr::onAccountLogin:loginName=1, accountName=1, success=10, componentID=7001, entityID=2002, dbid=3, flags=0, deadline=0.
   DEBUG      dbmgr-1 1382 4000  [2018-11-09 13:32:15 297] - Dbmgr::writeEntity: Account(6).
   DEBUG      dbmgr-1 1382 4000  [2018-11-09 13:34:45 277] - Dbmgr::writeEntity: Account(3).
   DEBUG      dbmgr-1 1382 4000  [2018-11-09 13:37:15 275] - Dbmgr::writeEntity: Account(6).
   DEBUG      dbmgr-1 1382 4000  [2018-11-09 13:38:35 234] - Dbmgr::onAccountLogin:loginName=1, accountName=1, success=10, componentID=7001, entityID=2002, dbid=3, flags=0, deadline=0.
   DEBUG      dbmgr-1 1382 4000  [2018-11-09 13:39:45 294] - Dbmgr::writeEntity: Account(6).
   DEBUG      dbmgr-1 1382 4000  [2018-11-09 13:42:15 272] - Dbmgr::writeEntity: Account(3).
   DEBUG      dbmgr-1 1382 4000  [2018-11-09 13:44:45 291] - Dbmgr::writeEntity: Account(6).
   DEBUG      dbmgr-1 1382 4000  [2018-11-09 13:47:15 249] - Dbmgr::writeEntity: Account(3).
   DEBUG      dbmgr-1 1382 4000  [2018-11-09 13:48:18 129] - Dbmgr::onAccountLogin:loginName=1, accountName=1, success=10, componentID=7001, entityID=2002, dbid=3, flags=0, deadline=0.
   DEBUG      dbmgr-1 1382 4000  [2018-11-09 13:48:28 029] - Dbmgr::onAccountLogin:loginName=1, accountName=1, success=10, componentID=7001, entityID=2002, dbid=3, flags=0, deadline=0.
   DEBUG      dbmgr-1 1382 4000  [2018-11-09 13:49:45 308] - Dbmgr::writeEntity: Account(3).
   DEBUG      dbmgr-1 1382 4000  [2018-11-09 13:52:15 307] - Dbmgr::writeEntity: Account(6).
   DEBUG      dbmgr-1 1382 4000  [2018-11-09 13:54:45 326] - Dbmgr::writeEntity: Account(3).
   DEBUG      dbmgr-1 1382 4000  [2018-11-09 13:57:01 745] - Dbmgr::onAccountLogin:loginName=1, accountName=1, success=10, componentID=7001, entityID=2002, dbid=3, flags=0, deadline=0.
   DEBUG      dbmgr-1 1382 4000  [2018-11-09 13:57:11 865] - Dbmgr::onAccountLogin:loginName=1, accountName=1, success=10, componentID=7001, entityID=2002, dbid=3, flags=0, deadline=0.
   DEBUG      dbmgr-1 1382 4000  [2018-11-09 13:57:15 285] - Dbmgr::writeEntity: Account(6).
   DEBUG      dbmgr-1 1382 4000  [2018-11-09 13:59:45 303] - Dbmgr::writeEntity: Account(3).
   DEBUG      dbmgr-1 1382 4000  [2018-11-09 14:02:15 282] - Dbmgr::writeEntity: Account(6).
   DEBUG      dbmgr-1 1382 4000  [2018-11-09 14:04:17 941] - Dbmgr::onAccountLogin:loginName=1, accountName=1, success=10, componentID=7001, entityID=2002, dbid=3, flags=0, deadline=0.
   DEBUG      dbmgr-1 1382 4000  [2018-11-09 14:04:27 841] - Dbmgr::onAccountLogin:loginName=1, accountName=1, success=10, componentID=7001, entityID=2002, dbid=3, flags=0, deadline=0.
   DEBUG      dbmgr-1 1382 4000  [2018-11-09 14:04:45 301] - Dbmgr::writeEntity: Account(6).
   DEBUG      dbmgr-1 1382 4000  [2018-11-09 14:06:29 960] - Dbmgr::onAccountLogin:loginName=1, accountName=1, success=10, componentID=7001, entityID=2002, dbid=3, flags=0, deadline=0.
   DEBUG      dbmgr-1 1382 4000  [2018-11-09 14:07:15 139] - Dbmgr::DBTaskServerLog()
   DEBUG      dbmgr-1 1382 4000  [2018-11-09 14:07:15 279] - Dbmgr::writeEntity: Account(3).
   DEBUG      dbmgr-1 1382 4000  [2018-11-09 14:09:08 959] - Dbmgr::onAccountLogin:loginName=1, accountName=1, success=10, componentID=7001, entityID=2002, dbid=3, flags=0, deadline=0.
   DEBUG      dbmgr-1 1382 4000  [2018-11-09 14:09:45 278] - Dbmgr::writeEntity: Account(3).
   DEBUG      dbmgr-1 1382 4000  [2018-11-09 14:12:15 276] - Dbmgr::writeEntity: Account(6).
   DEBUG      dbmgr-1 1382 4000  [2018-11-09 14:14:45 275] - Dbmgr::writeEntity: Account(3).
   DEBUG      dbmgr-1 1382 4000  [2018-11-09 14:16:28 575] - Dbmgr::onAccountLogin:loginName=1, accountName=1, success=10, componentID=7001, entityID=2002, dbid=3, flags=0, deadline=0.
   DEBUG      dbmgr-1 1382 4000  [2018-11-09 14:17:15 274] - Dbmgr::writeEntity: Account(6).
   DEBUG      dbmgr-1 1382 4000  [2018-11-09 14:19:45 273] - Dbmgr::writeEntity: Account(6).
   DEBUG      dbmgr-1 1382 4000  [2018-11-09 14:22:15 512] - Dbmgr::writeEntity: Account(3).
 WARNING      dbmgr-1 1382 4000  [2018-11-09 14:22:15 505] - DBTransaction::commit(): took 0.27 seconds
   DEBUG      dbmgr-1 1382 4000  [2018-11-09 14:22:26 991] - Dbmgr::onAccountLogin:loginName=2, accountName=2, success=10, componentID=7001, entityID=2004, dbid=6, flags=0, deadline=0.
   DEBUG      dbmgr-1 1382 4000  [2018-11-09 14:24:17 571] - Dbmgr::onAccountLogin:loginName=1, accountName=1, success=10, componentID=7001, entityID=2002, dbid=3, flags=0, deadline=0.
   DEBUG      dbmgr-1 1382 4000  [2018-11-09 14:24:45 250] - Dbmgr::writeEntity: Account(6).
   DEBUG      dbmgr-1 1382 4000  [2018-11-09 14:27:15 289] - Dbmgr::writeEntity: Account(3).
   DEBUG      dbmgr-1 1382 4000  [2018-11-09 14:29:45 287] - Dbmgr::writeEntity: Account(6).
   DEBUG      dbmgr-1 1382 4000  [2018-11-09 14:32:15 286] - Dbmgr::writeEntity: Account(3).
   DEBUG      dbmgr-1 1382 4000  [2018-11-09 14:34:45 344] - Dbmgr::writeEntity: Account(3).
   DEBUG      dbmgr-1 1382 4000  [2018-11-09 14:37:15 283] - Dbmgr::writeEntity: Account(6).
   DEBUG      dbmgr-1 1382 4000  [2018-11-09 14:39:45 283] - Dbmgr::writeEntity: Account(6).
   DEBUG      dbmgr-1 1382 4000  [2018-11-09 14:42:15 281] - Dbmgr::writeEntity: Account(3).
   DEBUG      dbmgr-1 1382 4000  [2018-11-09 14:44:45 280] - Dbmgr::writeEntity: Account(3).
   DEBUG      dbmgr-1 1382 4000  [2018-11-09 14:47:15 318] - Dbmgr::writeEntity: Account(6).
   DEBUG      dbmgr-1 1382 4000  [2018-11-09 14:49:45 277] - Dbmgr::writeEntity: Account(6).
   DEBUG      dbmgr-1 1382 4000  [2018-11-09 14:52:15 276] - Dbmgr::writeEntity: Account(3).
   DEBUG      dbmgr-1 1382 4000  [2018-11-09 14:54:45 274] - Dbmgr::writeEntity: Account(3).
   DEBUG      dbmgr-1 1382 4000  [2018-11-09 14:57:15 273] - Dbmgr::writeEntity: Account(6).
   DEBUG      dbmgr-1 1382 4000  [2018-11-09 14:59:45 271] - Dbmgr::writeEntity: Account(6).
   DEBUG      dbmgr-1 1382 4000  [2018-11-09 15:02:15 291] - Dbmgr::writeEntity: Account(3).
   DEBUG      dbmgr-1 1382 4000  [2018-11-09 15:04:45 289] - Dbmgr::writeEntity: Account(6).
   DEBUG      dbmgr-1 1382 4000  [2018-11-09 15:07:15 168] - Dbmgr::DBTaskServerLog()
   DEBUG      dbmgr-1 1382 4000  [2018-11-09 15:07:15 288] - Dbmgr::writeEntity: Account(3).
   DEBUG      dbmgr-1 1382 4000  [2018-11-09 15:09:45 267] - Dbmgr::writeEntity: Account(3).
   DEBUG      dbmgr-1 1382 4000  [2018-11-09 15:12:15 285] - Dbmgr::writeEntity: Account(6).
   DEBUG      dbmgr-1 1382 4000  [2018-11-09 15:14:45 304] - Dbmgr::writeEntity: Account(3).
   DEBUG      dbmgr-1 1382 4000  [2018-11-09 15:17:15 282] - Dbmgr::writeEntity: Account(6).
   DEBUG      dbmgr-1 1382 4000  [2018-11-09 15:19:45 281] - Dbmgr::writeEntity: Account(3).
   DEBUG      dbmgr-1 1382 4000  [2018-11-09 15:22:15 299] - Dbmgr::writeEntity: Account(6).
   DEBUG      dbmgr-1 1382 4000  [2018-11-09 15:24:45 279] - Dbmgr::writeEntity: Account(6).
   DEBUG      dbmgr-1 1382 4000  [2018-11-09 15:27:15 258] - Dbmgr::writeEntity: Account(3).
   DEBUG      dbmgr-1 1382 4000  [2018-11-09 15:29:45 276] - Dbmgr::writeEntity: Account(6).
   DEBUG      dbmgr-1 1382 4000  [2018-11-09 15:32:15 275] - Dbmgr::writeEntity: Account(3).
   DEBUG      dbmgr-1 1382 4000  [2018-11-09 15:34:45 273] - Dbmgr::writeEntity: Account(6).
   DEBUG      dbmgr-1 1382 4000  [2018-11-09 15:37:15 292] - Dbmgr::writeEntity: Account(3).
   DEBUG      dbmgr-1 1382 4000  [2018-11-09 15:39:45 291] - Dbmgr::writeEntity: Account(3).
   DEBUG      dbmgr-1 1382 4000  [2018-11-09 15:42:15 289] - Dbmgr::writeEntity: Account(6).
   DEBUG      dbmgr-1 1382 4000  [2018-11-09 15:44:45 288] - Dbmgr::writeEntity: Account(6).
   DEBUG      dbmgr-1 1382 4000  [2018-11-09 15:47:15 327] - Dbmgr::writeEntity: Account(3).
   DEBUG      dbmgr-1 1382 4000  [2018-11-09 15:49:45 286] - Dbmgr::writeEntity: Account(6).
   DEBUG      dbmgr-1 1382 4000  [2018-11-09 15:52:15 284] - Dbmgr::writeEntity: Account(3).
   DEBUG      dbmgr-1 1382 4000  [2018-11-09 15:54:45 283] - Dbmgr::writeEntity: Account(6).
   DEBUG      dbmgr-1 1382 4000  [2018-11-09 15:57:15 282] - Dbmgr::writeEntity: Account(3).
   DEBUG      dbmgr-1 1382 4000  [2018-11-09 15:59:45 280] - Dbmgr::writeEntity: Account(3).
   DEBUG      dbmgr-1 1382 4000  [2018-11-09 16:02:15 279] - Dbmgr::writeEntity: Account(6).
   DEBUG      dbmgr-1 1382 4000  [2018-11-09 16:04:45 277] - Dbmgr::writeEntity: Account(6).
   DEBUG      dbmgr-1 1382 4000  [2018-11-09 16:07:15 156] - Dbmgr::DBTaskServerLog()
   DEBUG      dbmgr-1 1382 4000  [2018-11-09 16:07:15 276] - Dbmgr::writeEntity: Account(3).
   DEBUG      dbmgr-1 1382 4000  [2018-11-09 16:09:45 315] - Dbmgr::writeEntity: Account(3).
   DEBUG      dbmgr-1 1382 4000  [2018-11-09 16:12:15 294] - Dbmgr::writeEntity: Account(6).
   DEBUG      dbmgr-1 1382 4000  [2018-11-09 16:14:45 293] - Dbmgr::writeEntity: Account(3).
   DEBUG      dbmgr-1 1382 4000  [2018-11-09 16:17:15 311] - Dbmgr::writeEntity: Account(6).
   DEBUG      dbmgr-1 1382 4000  [2018-11-09 16:19:45 310] - Dbmgr::writeEntity: Account(6).
   DEBUG      dbmgr-1 1382 4000  [2018-11-09 16:22:15 408] - Dbmgr::writeEntity: Account(3).
   DEBUG      dbmgr-1 1382 4000  [2018-11-09 16:24:45 287] - Dbmgr::writeEntity: Account(3).
   DEBUG      dbmgr-1 1382 4000  [2018-11-09 16:27:15 266] - Dbmgr::writeEntity: Account(6).
   DEBUG      dbmgr-1 1382 4000  [2018-11-09 16:29:45 324] - Dbmgr::writeEntity: Account(6).
   DEBUG      dbmgr-1 1382 4000  [2018-11-09 16:32:15 284] - Dbmgr::writeEntity: Account(3).
   DEBUG      dbmgr-1 1382 4000  [2018-11-09 16:34:45 302] - Dbmgr::writeEntity: Account(6).
   DEBUG      dbmgr-1 1382 4000  [2018-11-09 16:37:15 281] - Dbmgr::writeEntity: Account(3).
   DEBUG      dbmgr-1 1382 4000  [2018-11-09 16:39:45 299] - Dbmgr::writeEntity: Account(3).
   DEBUG      dbmgr-1 1382 4000  [2018-11-09 16:42:15 278] - Dbmgr::writeEntity: Account(6).
   DEBUG      dbmgr-1 1382 4000  [2018-11-09 16:44:45 277] - Dbmgr::writeEntity: Account(3).
   DEBUG      dbmgr-1 1382 4000  [2018-11-09 16:47:15 275] - Dbmgr::writeEntity: Account(6).
   DEBUG      dbmgr-1 1382 4000  [2018-11-09 16:49:45 294] - Dbmgr::writeEntity: Account(3).
   DEBUG      dbmgr-1 1382 4000  [2018-11-09 16:52:15 292] - Dbmgr::writeEntity: Account(6).
   DEBUG      dbmgr-1 1382 4000  [2018-11-09 16:54:45 292] - Dbmgr::writeEntity: Account(3).
   DEBUG      dbmgr-1 1382 4000  [2018-11-09 16:57:15 291] - Dbmgr::writeEntity: Account(6).
   DEBUG      dbmgr-1 1382 4000  [2018-11-09 16:59:45 289] - Dbmgr::writeEntity: Account(3).
   DEBUG      dbmgr-1 1382 4000  [2018-11-09 17:02:15 288] - Dbmgr::writeEntity: Account(6).
   DEBUG      dbmgr-1 1382 4000  [2018-11-09 17:04:45 266] - Dbmgr::writeEntity: Account(3).
   DEBUG      dbmgr-1 1382 4000  [2018-11-09 17:07:15 165] - Dbmgr::DBTaskServerLog()
   DEBUG      dbmgr-1 1382 4000  [2018-11-09 17:07:15 265] - Dbmgr::writeEntity: Account(6).
   DEBUG      dbmgr-1 1382 4000  [2018-11-09 17:09:45 283] - Dbmgr::writeEntity: Account(6).
   DEBUG      dbmgr-1 1382 4000  [2018-11-09 17:12:15 282] - Dbmgr::writeEntity: Account(3).
   DEBUG      dbmgr-1 1382 4000  [2018-11-09 17:14:45 321] - Dbmgr::writeEntity: Account(6).
   DEBUG      dbmgr-1 1382 4000  [2018-11-09 17:17:15 280] - Dbmgr::writeEntity: Account(3).
   DEBUG      dbmgr-1 1382 4000  [2018-11-09 17:19:45 299] - Dbmgr::writeEntity: Account(6).
   DEBUG      dbmgr-1 1382 4000  [2018-11-09 17:22:15 277] - Dbmgr::writeEntity: Account(3).
   DEBUG      dbmgr-1 1382 4000  [2018-11-09 17:24:45 296] - Dbmgr::writeEntity: Account(6).
   DEBUG      dbmgr-1 1382 4000  [2018-11-09 17:27:15 274] - Dbmgr::writeEntity: Account(3).
   DEBUG      dbmgr-1 1382 4000  [2018-11-09 17:29:45 293] - Dbmgr::writeEntity: Account(6).
   DEBUG      dbmgr-1 1382 4000  [2018-11-09 17:32:15 292] - Dbmgr::writeEntity: Account(3).
   DEBUG      dbmgr-1 1382 4000  [2018-11-09 17:34:45 270] - Dbmgr::writeEntity: Account(3).
   DEBUG      dbmgr-1 1382 4000  [2018-11-09 17:37:15 290] - Dbmgr::writeEntity: Account(6).
   DEBUG      dbmgr-1 1382 4000  [2018-11-09 17:39:45 308] - Dbmgr::writeEntity: Account(3).
   DEBUG      dbmgr-1 1382 4000  [2018-11-09 17:42:15 287] - Dbmgr::writeEntity: Account(6).
   DEBUG      dbmgr-1 1382 4000  [2018-11-09 17:44:45 266] - Dbmgr::writeEntity: Account(3).
   DEBUG      dbmgr-1 1382 4000  [2018-11-09 17:47:15 284] - Dbmgr::writeEntity: Account(6).
   DEBUG      dbmgr-1 1382 4000  [2018-11-09 17:49:45 303] - Dbmgr::writeEntity: Account(3).
   DEBUG      dbmgr-1 1382 4000  [2018-11-09 17:52:15 261] - Dbmgr::writeEntity: Account(6).
   DEBUG      dbmgr-1 1382 4000  [2018-11-09 17:54:45 300] - Dbmgr::writeEntity: Account(3).
   DEBUG      dbmgr-1 1382 4000  [2018-11-09 17:57:15 278] - Dbmgr::writeEntity: Account(6).
   DEBUG      dbmgr-1 1382 4000  [2018-11-09 17:59:45 278] - Dbmgr::writeEntity: Account(3).
   DEBUG      dbmgr-1 1382 4000  [2018-11-09 18:02:15 257] - Dbmgr::writeEntity: Account(6).
   DEBUG      dbmgr-1 1382 4000  [2018-11-09 18:04:45 335] - Dbmgr::writeEntity: Account(3).
   DEBUG      dbmgr-1 1382 4000  [2018-11-09 18:07:15 174] - Dbmgr::DBTaskServerLog()
   DEBUG      dbmgr-1 1382 4000  [2018-11-09 18:07:15 294] - Dbmgr::writeEntity: Account(6).
   DEBUG      dbmgr-1 1382 4000  [2018-11-09 18:09:45 432] - Dbmgr::writeEntity: Account(3).
   DEBUG      dbmgr-1 1382 4000  [2018-11-09 18:12:15 271] - Dbmgr::writeEntity: Account(6).
   DEBUG      dbmgr-1 1382 4000  [2018-11-09 18:14:45 329] - Dbmgr::writeEntity: Account(6).
   DEBUG      dbmgr-1 1382 4000  [2018-11-09 18:17:15 288] - Dbmgr::writeEntity: Account(3).
   DEBUG      dbmgr-1 1382 4000  [2018-11-09 18:19:45 287] - Dbmgr::writeEntity: Account(6).
   DEBUG      dbmgr-1 1382 4000  [2018-11-09 18:22:15 305] - Dbmgr::writeEntity: Account(3).
   DEBUG      dbmgr-1 1382 4000  [2018-11-09 18:24:45 305] - Dbmgr::writeEntity: Account(6).
   DEBUG      dbmgr-1 1382 4000  [2018-11-09 18:27:15 283] - Dbmgr::writeEntity: Account(3).
   DEBUG      dbmgr-1 1382 4000  [2018-11-09 18:29:45 262] - Dbmgr::writeEntity: Account(6).
   DEBUG      dbmgr-1 1382 4000  [2018-11-09 18:32:15 281] - Dbmgr::writeEntity: Account(3).
   DEBUG      dbmgr-1 1382 4000  [2018-11-09 18:34:45 279] - Dbmgr::writeEntity: Account(6).
   DEBUG      dbmgr-1 1382 4000  [2018-11-09 18:37:15 298] - Dbmgr::writeEntity: Account(3).
   DEBUG      dbmgr-1 1382 4000  [2018-11-09 18:39:45 376] - Dbmgr::writeEntity: Account(3).
   DEBUG      dbmgr-1 1382 4000  [2018-11-09 18:42:15 295] - Dbmgr::writeEntity: Account(6).
   DEBUG      dbmgr-1 1382 4000  [2018-11-09 18:44:45 274] - Dbmgr::writeEntity: Account(3).
   DEBUG      dbmgr-1 1382 4000  [2018-11-09 18:47:15 292] - Dbmgr::writeEntity: Account(6).
   DEBUG      dbmgr-1 1382 4000  [2018-11-09 18:49:45 312] - Dbmgr::writeEntity: Account(6).
   DEBUG      dbmgr-1 1382 4000  [2018-11-09 18:52:15 290] - Dbmgr::writeEntity: Account(3).
   DEBUG      dbmgr-1 1382 4000  [2018-11-09 18:54:45 269] - Dbmgr::writeEntity: Account(6).
   DEBUG      dbmgr-1 1382 4000  [2018-11-09 18:57:15 287] - Dbmgr::writeEntity: Account(3).
   DEBUG      dbmgr-1 1382 4000  [2018-11-09 18:59:45 306] - Dbmgr::writeEntity: Account(6).
   DEBUG      dbmgr-1 1382 4000  [2018-11-09 19:02:15 304] - Dbmgr::writeEntity: Account(3).
   DEBUG      dbmgr-1 1382 4000  [2018-11-09 19:04:45 283] - Dbmgr::writeEntity: Account(6).
   DEBUG      dbmgr-1 1382 4000  [2018-11-09 19:07:15 143] - Dbmgr::DBTaskServerLog()
   DEBUG      dbmgr-1 1382 4000  [2018-11-09 19:07:15 263] - Dbmgr::writeEntity: Account(3).
   DEBUG      dbmgr-1 1382 4000  [2018-11-09 19:09:45 281] - Dbmgr::writeEntity: Account(6).
   DEBUG      dbmgr-1 1382 4000  [2018-11-09 19:12:15 300] - Dbmgr::writeEntity: Account(3).
   DEBUG      dbmgr-1 1382 4000  [2018-11-09 19:14:45 298] - Dbmgr::writeEntity: Account(6).
   DEBUG      dbmgr-1 1382 4000  [2018-11-09 19:17:15 297] - Dbmgr::writeEntity: Account(3).
   DEBUG      dbmgr-1 1382 4000  [2018-11-09 19:19:45 316] - Dbmgr::writeEntity: Account(3).
   DEBUG      dbmgr-1 1382 4000  [2018-11-09 19:22:15 294] - Dbmgr::writeEntity: Account(6).
   DEBUG      dbmgr-1 1382 4000  [2018-11-09 19:24:45 313] - Dbmgr::writeEntity: Account(6).
   DEBUG      dbmgr-1 1382 4000  [2018-11-09 19:27:15 291] - Dbmgr::writeEntity: Account(3).
   DEBUG      dbmgr-1 1382 4000  [2018-11-09 19:29:45 291] - Dbmgr::writeEntity: Account(6).
   DEBUG      dbmgr-1 1382 4000  [2018-11-09 19:32:15 289] - Dbmgr::writeEntity: Account(3).
   DEBUG      dbmgr-1 1382 4000  [2018-11-09 19:34:45 288] - Dbmgr::writeEntity: Account(6).
   DEBUG      dbmgr-1 1382 4000  [2018-11-09 19:37:15 287] - Dbmgr::writeEntity: Account(3).
   DEBUG      dbmgr-1 1382 4000  [2018-11-09 19:39:45 285] - Dbmgr::writeEntity: Account(6).
   DEBUG      dbmgr-1 1382 4000  [2018-11-09 19:42:15 324] - Dbmgr::writeEntity: Account(3).
   DEBUG      dbmgr-1 1382 4000  [2018-11-09 19:44:45 282] - Dbmgr::writeEntity: Account(6).
   DEBUG      dbmgr-1 1382 4000  [2018-11-09 19:47:15 301] - Dbmgr::writeEntity: Account(3).
   DEBUG      dbmgr-1 1382 4000  [2018-11-09 19:49:45 279] - Dbmgr::writeEntity: Account(6).
   DEBUG      dbmgr-1 1382 4000  [2018-11-09 19:52:15 299] - Dbmgr::writeEntity: Account(3).
   DEBUG      dbmgr-1 1382 4000  [2018-11-09 19:54:45 298] - Dbmgr::writeEntity: Account(6).
   DEBUG      dbmgr-1 1382 4000  [2018-11-09 19:57:15 396] - Dbmgr::writeEntity: Account(3).
   DEBUG      dbmgr-1 1382 4000  [2018-11-09 19:59:45 295] - Dbmgr::writeEntity: Account(3).
   DEBUG      dbmgr-1 1382 4000  [2018-11-09 20:02:15 313] - Dbmgr::writeEntity: Account(6).
   DEBUG      dbmgr-1 1382 4000  [2018-11-09 20:04:45 292] - Dbmgr::writeEntity: Account(3).
   DEBUG      dbmgr-1 1382 4000  [2018-11-09 20:07:15 151] - Dbmgr::DBTaskServerLog()
   DEBUG      dbmgr-1 1382 4000  [2018-11-09 20:07:15 291] - Dbmgr::writeEntity: Account(6).
   DEBUG      dbmgr-1 1382 4000  [2018-11-09 20:09:45 309] - Dbmgr::writeEntity: Account(3).
   DEBUG      dbmgr-1 1382 4000  [2018-11-09 20:12:15 288] - Dbmgr::writeEntity: Account(6).
   DEBUG      dbmgr-1 1382 4000  [2018-11-09 20:14:45 287] - Dbmgr::writeEntity: Account(3).
   DEBUG      dbmgr-1 1382 4000  [2018-11-09 20:17:15 306] - Dbmgr::writeEntity: Account(6).
   DEBUG      dbmgr-1 1382 4000  [2018-11-09 20:19:45 284] - Dbmgr::writeEntity: Account(3).
   DEBUG      dbmgr-1 1382 4000  [2018-11-09 20:22:15 283] - Dbmgr::writeEntity: Account(6).
   DEBUG      dbmgr-1 1382 4000  [2018-11-09 20:24:45 302] - Dbmgr::writeEntity: Account(6).
   DEBUG      dbmgr-1 1382 4000  [2018-11-09 20:27:15 300] - Dbmgr::writeEntity: Account(3).
   DEBUG      dbmgr-1 1382 4000  [2018-11-09 20:29:45 299] - Dbmgr::writeEntity: Account(3).
   DEBUG      dbmgr-1 1382 4000  [2018-11-09 20:32:15 297] - Dbmgr::writeEntity: Account(6).
   DEBUG      dbmgr-1 1382 4000  [2018-11-09 20:34:45 296] - Dbmgr::writeEntity: Account(3).
   DEBUG      dbmgr-1 1382 4000  [2018-11-09 20:37:15 296] - Dbmgr::writeEntity: Account(6).
   DEBUG      dbmgr-1 1382 4000  [2018-11-09 20:39:45 294] - Dbmgr::writeEntity: Account(6).
   DEBUG      dbmgr-1 1382 4000  [2018-11-09 20:42:15 293] - Dbmgr::writeEntity: Account(3).
   DEBUG      dbmgr-1 1382 4000  [2018-11-09 20:44:45 331] - Dbmgr::writeEntity: Account(3).
   DEBUG      dbmgr-1 1382 4000  [2018-11-09 20:47:15 290] - Dbmgr::writeEntity: Account(6).
   DEBUG      dbmgr-1 1382 4000  [2018-11-09 20:49:45 288] - Dbmgr::writeEntity: Account(3).
   DEBUG      dbmgr-1 1382 4000  [2018-11-09 20:52:15 287] - Dbmgr::writeEntity: Account(6).
   DEBUG      dbmgr-1 1382 4000  [2018-11-09 20:54:45 366] - Dbmgr::writeEntity: Account(6).
   DEBUG      dbmgr-1 1382 4000  [2018-11-09 20:57:15 285] - Dbmgr::writeEntity: Account(3).
   DEBUG      dbmgr-1 1382 4000  [2018-11-09 20:59:45 304] - Dbmgr::writeEntity: Account(3).
   DEBUG      dbmgr-1 1382 4000  [2018-11-09 21:02:15 302] - Dbmgr::writeEntity: Account(6).
   DEBUG      dbmgr-1 1382 4000  [2018-11-09 21:04:45 321] - Dbmgr::writeEntity: Account(3).
   DEBUG      dbmgr-1 1382 4000  [2018-11-09 21:07:15 199] - Dbmgr::DBTaskServerLog()
   DEBUG      dbmgr-1 1382 4000  [2018-11-09 21:07:15 319] - Dbmgr::writeEntity: Account(6).
   DEBUG      dbmgr-1 1382 4000  [2018-11-09 21:09:45 298] - Dbmgr::writeEntity: Account(6).
   DEBUG      dbmgr-1 1382 4000  [2018-11-09 21:12:15 297] - Dbmgr::writeEntity: Account(3).
   DEBUG      dbmgr-1 1382 4000  [2018-11-09 21:14:45 295] - Dbmgr::writeEntity: Account(3).
   DEBUG      dbmgr-1 1382 4000  [2018-11-09 21:17:15 294] - Dbmgr::writeEntity: Account(6).
   DEBUG      dbmgr-1 1382 4000  [2018-11-09 21:19:45 293] - Dbmgr::writeEntity: Account(6).
   DEBUG      dbmgr-1 1382 4000  [2018-11-09 21:22:15 292] - Dbmgr::writeEntity: Account(3).
   DEBUG      dbmgr-1 1382 4000  [2018-11-09 21:24:45 311] - Dbmgr::writeEntity: Account(6).
   DEBUG      dbmgr-1 1382 4000  [2018-11-09 21:27:15 289] - Dbmgr::writeEntity: Account(3).
   DEBUG      dbmgr-1 1382 4000  [2018-11-09 21:29:45 288] - Dbmgr::writeEntity: Account(3).
   DEBUG      dbmgr-1 1382 4000  [2018-11-09 21:32:15 286] - Dbmgr::writeEntity: Account(6).
   DEBUG      dbmgr-1 1382 4000  [2018-11-09 21:34:45 305] - Dbmgr::writeEntity: Account(6).
   DEBUG      dbmgr-1 1382 4000  [2018-11-09 21:37:15 303] - Dbmgr::writeEntity: Account(3).
   DEBUG      dbmgr-1 1382 4000  [2018-11-09 21:39:45 322] - Dbmgr::writeEntity: Account(6).
   DEBUG      dbmgr-1 1382 4000  [2018-11-09 21:42:15 302] - Dbmgr::writeEntity: Account(3).
   DEBUG      dbmgr-1 1382 4000  [2018-11-09 21:44:45 400] - Dbmgr::writeEntity: Account(3).
   DEBUG      dbmgr-1 1382 4000  [2018-11-09 21:47:15 299] - Dbmgr::writeEntity: Account(6).
   DEBUG      dbmgr-1 1382 4000  [2018-11-09 21:49:45 337] - Dbmgr::writeEntity: Account(3).
   DEBUG      dbmgr-1 1382 4000  [2018-11-09 21:52:15 296] - Dbmgr::writeEntity: Account(6).
   DEBUG      dbmgr-1 1382 4000  [2018-11-09 21:54:45 314] - Dbmgr::writeEntity: Account(3).
   DEBUG      dbmgr-1 1382 4000  [2018-11-09 21:57:15 273] - Dbmgr::writeEntity: Account(6).
   DEBUG      dbmgr-1 1382 4000  [2018-11-09 21:59:45 292] - Dbmgr::writeEntity: Account(3).
   DEBUG      dbmgr-1 1382 4000  [2018-11-09 22:02:15 290] - Dbmgr::writeEntity: Account(6).
   DEBUG      dbmgr-1 1382 4000  [2018-11-09 22:04:45 310] - Dbmgr::writeEntity: Account(3).
   DEBUG      dbmgr-1 1382 4000  [2018-11-09 22:07:15 168] - Dbmgr::DBTaskServerLog()
   DEBUG      dbmgr-1 1382 4000  [2018-11-09 22:07:15 268] - Dbmgr::writeEntity: Account(6).
   DEBUG      dbmgr-1 1382 4000  [2018-11-09 22:09:45 307] - Dbmgr::writeEntity: Account(6).
   DEBUG      dbmgr-1 1382 4000  [2018-11-09 22:12:15 306] - Dbmgr::writeEntity: Account(3).
   DEBUG      dbmgr-1 1382 4000  [2018-11-09 22:14:45 284] - Dbmgr::writeEntity: Account(6).
   DEBUG      dbmgr-1 1382 4000  [2018-11-09 22:17:15 303] - Dbmgr::writeEntity: Account(3).
   DEBUG      dbmgr-1 1382 4000  [2018-11-09 22:19:45 321] - Dbmgr::writeEntity: Account(3).
   DEBUG      dbmgr-1 1382 4000  [2018-11-09 22:22:15 300] - Dbmgr::writeEntity: Account(6).
   DEBUG      dbmgr-1 1382 4000  [2018-11-09 22:24:45 298] - Dbmgr::writeEntity: Account(3).
   DEBUG      dbmgr-1 1382 4000  [2018-11-09 22:27:15 298] - Dbmgr::writeEntity: Account(6).
   DEBUG      dbmgr-1 1382 4000  [2018-11-09 22:29:45 297] - Dbmgr::writeEntity: Account(3).
   DEBUG      dbmgr-1 1382 4000  [2018-11-09 22:32:15 295] - Dbmgr::writeEntity: Account(6).
   DEBUG      dbmgr-1 1382 4000  [2018-11-09 22:34:45 294] - Dbmgr::writeEntity: Account(3).
   DEBUG      dbmgr-1 1382 4000  [2018-11-09 22:37:15 332] - Dbmgr::writeEntity: Account(6).
   DEBUG      dbmgr-1 1382 4000  [2018-11-09 22:39:45 311] - Dbmgr::writeEntity: Account(6).
   DEBUG      dbmgr-1 1382 4000  [2018-11-09 22:42:15 289] - Dbmgr::writeEntity: Account(3).
   DEBUG      dbmgr-1 1382 4000  [2018-11-09 22:44:45 288] - Dbmgr::writeEntity: Account(6).
   DEBUG      dbmgr-1 1382 4000  [2018-11-09 22:47:15 327] - Dbmgr::writeEntity: Account(3).
   DEBUG      dbmgr-1 1382 4000  [2018-11-09 22:49:45 326] - Dbmgr::writeEntity: Account(6).
   DEBUG      dbmgr-1 1382 4000  [2018-11-09 22:52:15 305] - Dbmgr::writeEntity: Account(3).
   DEBUG      dbmgr-1 1382 4000  [2018-11-09 22:54:45 283] - Dbmgr::writeEntity: Account(3).
   DEBUG      dbmgr-1 1382 4000  [2018-11-09 22:57:15 322] - Dbmgr::writeEntity: Account(6).
   DEBUG      dbmgr-1 1382 4000  [2018-11-09 22:59:45 341] - Dbmgr::writeEntity: Account(3).
   DEBUG      dbmgr-1 1382 4000  [2018-11-09 23:02:15 299] - Dbmgr::writeEntity: Account(6).
   DEBUG      dbmgr-1 1382 4000  [2018-11-09 23:04:45 338] - Dbmgr::writeEntity: Account(6).
   DEBUG      dbmgr-1 1382 4000  [2018-11-09 23:07:15 176] - Dbmgr::DBTaskServerLog()
   DEBUG      dbmgr-1 1382 4000  [2018-11-09 23:07:15 296] - Dbmgr::writeEntity: Account(3).
   DEBUG      dbmgr-1 1382 4000  [2018-11-09 23:09:45 295] - Dbmgr::writeEntity: Account(3).
   DEBUG      dbmgr-1 1382 4000  [2018-11-09 23:12:15 294] - Dbmgr::writeEntity: Account(6).
   DEBUG      dbmgr-1 1382 4000  [2018-11-09 23:14:45 313] - Dbmgr::writeEntity: Account(6).
   DEBUG      dbmgr-1 1382 4000  [2018-11-09 23:17:15 312] - Dbmgr::writeEntity: Account(3).
   DEBUG      dbmgr-1 1382 4000  [2018-11-09 23:19:45 290] - Dbmgr::writeEntity: Account(6).
   DEBUG      dbmgr-1 1382 4000  [2018-11-09 23:22:15 309] - Dbmgr::writeEntity: Account(3).
   DEBUG      dbmgr-1 1382 4000  [2018-11-09 23:24:45 307] - Dbmgr::writeEntity: Account(6).
   DEBUG      dbmgr-1 1382 4000  [2018-11-09 23:27:15 306] - Dbmgr::writeEntity: Account(3).
   DEBUG      dbmgr-1 1382 4000  [2018-11-09 23:29:45 304] - Dbmgr::writeEntity: Account(3).
   DEBUG      dbmgr-1 1382 4000  [2018-11-09 23:32:15 403] - Dbmgr::writeEntity: Account(6).
   DEBUG      dbmgr-1 1382 4000  [2018-11-09 23:34:45 303] - Dbmgr::writeEntity: Account(3).
   DEBUG      dbmgr-1 1382 4000  [2018-11-09 23:37:15 301] - Dbmgr::writeEntity: Account(6).
   DEBUG      dbmgr-1 1382 4000  [2018-11-09 23:39:45 300] - Dbmgr::writeEntity: Account(6).
   DEBUG      dbmgr-1 1382 4000  [2018-11-09 23:42:15 298] - Dbmgr::writeEntity: Account(3).
   DEBUG      dbmgr-1 1382 4000  [2018-11-09 23:44:45 297] - Dbmgr::writeEntity: Account(6).
   DEBUG      dbmgr-1 1382 4000  [2018-11-09 23:47:15 296] - Dbmgr::writeEntity: Account(3).
   DEBUG      dbmgr-1 1382 4000  [2018-11-09 23:49:45 294] - Dbmgr::writeEntity: Account(6).
   DEBUG      dbmgr-1 1382 4000  [2018-11-09 23:52:15 293] - Dbmgr::writeEntity: Account(3).
   DEBUG      dbmgr-1 1382 4000  [2018-11-09 23:54:45 291] - Dbmgr::writeEntity: Account(6).
   DEBUG      dbmgr-1 1382 4000  [2018-11-09 23:57:15 291] - Dbmgr::writeEntity: Account(3).
   DEBUG      dbmgr-1 1382 4000  [2018-11-09 23:59:45 309] - Dbmgr::writeEntity: Account(3).
