   DEBUG      dbmgr-1 28786 4000  [2018-11-20 00:02:12 471] - Dbmgr::writeEntity: Account(6).
   DEBUG      dbmgr-1 28786 4000  [2018-11-20 00:04:42 485] - Dbmgr::writeEntity: Account(3).
   DEBUG      dbmgr-1 28786 4000  [2018-11-20 00:07:12 499] - Dbmgr::writeEntity: Account(6).
   DEBUG      dbmgr-1 28786 4000  [2018-11-20 00:09:42 473] - Dbmgr::writeEntity: Account(6).
   DEBUG      dbmgr-1 28786 4000  [2018-11-20 00:12:12 487] - Dbmgr::writeEntity: Account(3).
   DEBUG      dbmgr-1 28786 4000  [2018-11-20 00:14:42 481] - Dbmgr::writeEntity: Account(6).
   DEBUG      dbmgr-1 28786 4000  [2018-11-20 00:17:12 475] - Dbmgr::writeEntity: Account(3).
   DEBUG      dbmgr-1 28786 4000  [2018-11-20 00:19:42 489] - Dbmgr::writeEntity: Account(6).
   DEBUG      dbmgr-1 28786 4000  [2018-11-20 00:22:12 484] - Dbmgr::writeEntity: Account(3).
   DEBUG      dbmgr-1 28786 4000  [2018-11-20 00:24:42 477] - Dbmgr::writeEntity: Account(6).
   DEBUG      dbmgr-1 28786 4000  [2018-11-20 00:27:12 491] - Dbmgr::writeEntity: Account(3).
   DEBUG      dbmgr-1 28786 4000  [2018-11-20 00:29:42 485] - Dbmgr::writeEntity: Account(6).
   DEBUG      dbmgr-1 28786 4000  [2018-11-20 00:31:57 380] - Dbmgr::DBTaskServerLog()
   DEBUG      dbmgr-1 28786 4000  [2018-11-20 00:32:12 479] - Dbmgr::writeEntity: Account(3).
   DEBUG      dbmgr-1 28786 4000  [2018-11-20 00:34:42 494] - Dbmgr::writeEntity: Account(6).
   DEBUG      dbmgr-1 28786 4000  [2018-11-20 00:37:12 587] - Dbmgr::writeEntity: Account(3).
   DEBUG      dbmgr-1 28786 4000  [2018-11-20 00:39:42 482] - Dbmgr::writeEntity: Account(6).
   DEBUG      dbmgr-1 28786 4000  [2018-11-20 00:42:12 595] - Dbmgr::writeEntity: Account(3).
   DEBUG      dbmgr-1 28786 4000  [2018-11-20 00:44:42 590] - Dbmgr::writeEntity: Account(6).
 WARNING      dbmgr-1 28786 4000  [2018-11-20 00:46:14 172] - TCPPacketReceiver::processPendingEvents(192.168.0.107:50061): Throwing REASON_GENERAL_NETWORK - WSAECONNRESET
   ERROR      dbmgr-1 28786 4000  [2018-11-20 00:46:14 195] - Components::removeComponentByChannel: loginapp : 9000, Abnormal exit! errorno=10054
 WARNING      dbmgr-1 28786 4000  [2018-11-20 00:46:14 267] - TCPPacketReceiver::processPendingEvents(192.168.0.107:50064): Throwing REASON_GENERAL_NETWORK - WSAECONNRESET
   ERROR      dbmgr-1 28786 4000  [2018-11-20 00:46:14 375] - Components::removeComponentByChannel: cellapp : 8001, Abnormal exit! errorno=10054
    INFO      dbmgr-1 882 4000  [2018-11-20 13:48:51 871] - -----------------------------------------------------------------------------------------


    INFO      dbmgr-1 882 4000  [2018-11-20 13:48:52 670] - Resmgr::initialize: KBE_ROOT=E:/kbengine/
    INFO      dbmgr-1 882 4000  [2018-11-20 13:48:52 670] - Resmgr::initialize: KBE_RES_PATH=E:/kbengine/kbe/res/;E:/kbengine/assets/;E:/kbengine/assets/scripts/;E:/kbengine/assets/res/
    INFO      dbmgr-1 882 4000  [2018-11-20 13:48:52 671] - Resmgr::initialize: KBE_BIN_PATH=E:/kbengine/kbe/bin/server/
    INFO      dbmgr-1 882 4000  [2018-11-20 13:48:53 299] - NetworkInterface::initialize(INTERNAL): bound to all interfaces with default route interface on 192.168.0.107 ( 192.168.0.107:52695 )
    INFO      dbmgr-1 882 4000  [2018-11-20 13:48:53 300] - NetworkInterface::initialize(INTERNAL): address 192.168.0.107:52695, SOMAXCONN=5.
    INFO      dbmgr-1 882 4000  [2018-11-20 13:48:53 331] - server-configs:
    INFO      dbmgr-1 882 4000  [2018-11-20 13:48:53 331] - 	internalAddr : 192.168.0.107:52695
    INFO      dbmgr-1 882 4000  [2018-11-20 13:48:53 332] - 	componentID : 4000
    INFO      dbmgr-1 882 4000  [2018-11-20 13:48:55 062] - ---- dbmgr Version: 2.0.0. ScriptVersion: 0.1.0. Protocol: F28F1C37BCC70CD27B77841D4A30E3D7. Config: Debug X86. Built: 15:52:44 Apr 29 2018. AppID: 4000. UID: 882. PID: 6464 ----
    INFO      dbmgr-1 882 4000  [2018-11-20 13:48:55 062] - Server : Intel(R) Xeon(R) CPU E3-1230 v3 @ 3.30GHz with 4194303kB RAM
    INFO      dbmgr-1 882 4000  [2018-11-20 13:48:55 070] - ThreadPool::createThreadPool: creating  threadpool...
    INFO      dbmgr-1 882 4000  [2018-11-20 13:48:55 071] - ThreadPool::createThreadPool: successfully(2), newThreadCount=1, normalMaxThreadCount=2, maxThreadCount=8
   DEBUG      dbmgr-1 882 4000  [2018-11-20 13:48:58 783] - Script::install_py_dlls(): PyInit_pyexpat
   DEBUG      dbmgr-1 882 4000  [2018-11-20 13:48:58 849] - Script::install_py_dlls(): PyInit__socket
   DEBUG      dbmgr-1 882 4000  [2018-11-20 13:48:58 921] - Script::install_py_dlls(): PyInit__ssl
   DEBUG      dbmgr-1 882 4000  [2018-11-20 13:48:59 408] - Script::install_py_dlls(): PyInit__hashlib
   DEBUG      dbmgr-1 882 4000  [2018-11-20 13:48:59 434] - Script::install_py_dlls(): PyInit_select
   DEBUG      dbmgr-1 882 4000  [2018-11-20 13:48:59 436] - Script::install_py_dlls(): PyInit__ctypes
   DEBUG      dbmgr-1 882 4000  [2018-11-20 13:48:59 504] - Script::install_py_dlls(): PyInit__elementtree
   DEBUG      dbmgr-1 882 4000  [2018-11-20 13:49:00 411] - Script::install_py_dlls(): PyInit_unicodedata
    INFO      dbmgr-1 882 4000  [2018-11-20 13:49:02 241] - Script::install(): is successfully, Python=(3.4.2 (default, Apr 29 2018, 15:52:37) [MSC v.1913 32 bit (Intel)])!
    INFO      dbmgr-1 882 4000  [2018-11-20 13:49:02 241] - Script::install(): KBExtra is successfully!
    INFO      dbmgr-1 882 4000  [2018-11-20 13:49:03 861] - Dbmgr::initializeEnd: digest(E3D4DB2FF7FE39CDDA547CF06250D868)
  S_INFO      dbmgr-1 882 4000  [2018-11-20 13:49:03 862] - onDBMgrReady: bootstrapGroupIndex=0, bootstrapGlobalIndex=0
    INFO      dbmgr-1 882 4000  [2018-11-20 13:49:03 950] - TelnetServer server is running on port 32000
    INFO      dbmgr-1 882 4000  [2018-11-20 13:49:03 986] - Dbmgr::initInterfacesHandler: interfaces addr(127.0.0.1:30099), accountType:(interfaces), chargeType:(interfaces).
 WARNING      dbmgr-1 882 4000  [2018-11-20 13:49:04 452] - DBUtil::initialize: db(default) password is not encrypted!
please use password(rsa):
A2ADE2880076397046A96AF847AF3BC070F7E37430BCC3B08B5177E8335CE4D5A75A1D03082777FDAF24C715D3A915D2402690E05B0A98FC7511159BFF567E39DA4B4C5FCB4FC1C2EF6FD9E7C1AF212D472CC9B2346E5A1916C63CD65ADE5F3D016B8CBB603242D3C507A658E7A3EA7796AD564837F38A9B613F6D76C8B99DF3
   DEBUG      dbmgr-1 882 4000  [2018-11-20 13:49:05 236] - DBInterfaceMysql::attach: connect: localhost:3306 starting...
   DEBUG      dbmgr-1 882 4000  [2018-11-20 13:49:06 839] - DBInterfaceMysql::attach: successfully! addr: localhost:3306
    INFO      dbmgr-1 882 4000  [2018-11-20 13:49:06 839] - DBUtil::createInterface[0x2cf204]: interface=default, dbtype=mysql, ip=localhost, port=3306, currdatabase=kbe, username=kbe, connected=yes.

    INFO      dbmgr-1 882 4000  [2018-11-20 13:49:06 866] - ThreadPool::createThreadPool: creating  threadpool...
    INFO      dbmgr-1 882 4000  [2018-11-20 13:49:06 869] - ThreadPool::createThreadPool: successfully(5), newThreadCount=5, normalMaxThreadCount=5, maxThreadCount=5
    INFO      dbmgr-1 882 4000  [2018-11-20 13:49:07 206] - DBInterfaceMysql::query: successfully!
    INFO      dbmgr-1 882 4000  [2018-11-20 13:49:07 211] - DBInterfaceMysql::query: successfully!
 WARNING      dbmgr-1 882 4000  [2018-11-20 13:49:08 802] - e:\kbengine\kbe\src\server\dbmgr\dbmgr.cpp:275: Profile scriptCall took 4.94 seconds
    INFO      dbmgr-1 882 4000  [2018-11-20 13:49:09 379] - ---- dbmgr is running ----
   DEBUG      dbmgr-1 882 4000  [2018-11-20 13:49:09 379] - Components::process(): Request for the process of identity...
   DEBUG      dbmgr-1 882 4000  [2018-11-20 13:49:06 867] - DBInterfaceMysql::attach: connect: localhost:3306 starting...
   DEBUG      dbmgr-1 882 4000  [2018-11-20 13:49:06 868] - DBInterfaceMysql::attach: connect: localhost:3306 starting...
   DEBUG      dbmgr-1 882 4000  [2018-11-20 13:49:06 870] - DBInterfaceMysql::attach: connect: localhost:3306 starting...
   DEBUG      dbmgr-1 882 4000  [2018-11-20 13:49:06 871] - DBInterfaceMysql::attach: connect: localhost:3306 starting...
   DEBUG      dbmgr-1 882 4000  [2018-11-20 13:49:06 872] - DBInterfaceMysql::attach: connect: localhost:3306 starting...
   DEBUG      dbmgr-1 882 4000  [2018-11-20 13:49:06 873] - DBInterfaceMysql::attach: successfully! addr: localhost:3306
   DEBUG      dbmgr-1 882 4000  [2018-11-20 13:49:06 874] - DBThread::onStart(): 0x6d6b78!
   DEBUG      dbmgr-1 882 4000  [2018-11-20 13:49:06 876] - DBInterfaceMysql::attach: successfully! addr: localhost:3306
   DEBUG      dbmgr-1 882 4000  [2018-11-20 13:49:06 877] - DBThread::onStart(): 0x6d6c00!
   DEBUG      dbmgr-1 882 4000  [2018-11-20 13:49:06 878] - DBInterfaceMysql::attach: successfully! addr: localhost:3306
   DEBUG      dbmgr-1 882 4000  [2018-11-20 13:49:06 879] - DBInterfaceMysql::attach: successfully! addr: localhost:3306
   DEBUG      dbmgr-1 882 4000  [2018-11-20 13:49:06 879] - DBThread::onStart(): 0x6d6d10!
   DEBUG      dbmgr-1 882 4000  [2018-11-20 13:49:06 880] - DBInterfaceMysql::attach: successfully! addr: localhost:3306
   DEBUG      dbmgr-1 882 4000  [2018-11-20 13:49:06 880] - DBThread::onStart(): 0x6d6d98!
   DEBUG      dbmgr-1 882 4000  [2018-11-20 13:49:06 881] - DBThread::onStart(): 0x6d6c88!
    INFO      dbmgr-1 882 4000  [2018-11-20 13:49:07 586] - DBInterfaceMysql::query: successfully!
    INFO      dbmgr-1 882 4000  [2018-11-20 13:49:07 586] - DBInterfaceMysql::query: successfully!
 WARNING      dbmgr-1 882 4000  [2018-11-20 13:49:07 620] - DBTask::process(): took 0.27 seconds
sql:(CREATE TABLE IF NOT EXISTS kbe_accountinfos (`accountName` varchar(128) not null, PRIMARY KEY idKey (`accountName`),`password` varchar(255),`bindata` blob,`email` varchar(191) not null, UNIQUE KEY `email` (`email`),`entityDBID` bigint(20) unsigned not null DEFAULT 0, UNIQUE KEY `entityDBID` (`entityDBID`),`flags` int unsigned not null DEFAULT 0,`deadline` bigint(20) not null DEFAULT 0,`regtime` bigint(20) not null DEFAULT 0,`lasttime` bigint(20) not null DEFAULT 0,`numlogin` int unsigned not null DEFAULT 0)ENGINE=InnoDB)
 WARNING      dbmgr-1 882 4000  [2018-11-20 13:49:07 643] - DBTask::process(): took 0.33 seconds
sql:(show index from tbl_CheckName)
    INFO      dbmgr-1 882 4000  [2018-11-20 13:49:07 654] - DBInterfaceMysql::query: successfully!
    INFO      dbmgr-1 882 4000  [2018-11-20 13:49:07 945] - DBInterfaceMysql::query: successfully!
    INFO      dbmgr-1 882 4000  [2018-11-20 13:49:08 353] - DBInterfaceMysql::query: successfully!
    INFO      dbmgr-1 882 4000  [2018-11-20 13:49:08 355] - DBInterfaceMysql::query: successfully!
    INFO      dbmgr-1 882 4000  [2018-11-20 13:49:08 356] - DBInterfaceMysql::query: successfully!
 WARNING      dbmgr-1 882 4000  [2018-11-20 13:49:08 357] - DBTask::process(): took 1.04 seconds
sql:(delete from kbe_email_verification where logtime<1542689348 and type=3)
 WARNING      dbmgr-1 882 4000  [2018-11-20 13:49:08 358] - DBTask::process(): took 0.74 seconds
sql:(show index from tbl_Account)
 WARNING      dbmgr-1 882 4000  [2018-11-20 13:49:08 663] - DBTask::process(): took 1.35 seconds
sql:(insert into kbe_serverlog (heartbeatTime, logger) values(1542692947,4000) ON DUPLICATE KEY UPDATE heartbeatTime=1542692947)
 WARNING      dbmgr-1 882 4000  [2018-11-20 13:49:08 717] - DBTask::process(): took 1.07 seconds
sql:(show index from tbl_Halls)
 WARNING      dbmgr-1 882 4000  [2018-11-20 13:49:08 717] - DBTask::process(): delay 1.15 seconds, try adjusting the kbengine[_defs].xml(numConnections) and MySQL(my.cnf->max_connections or innodb_flush_log_at_trx_commit)!
sql:(show index from tbl_Room)
 WARNING      dbmgr-1 882 4000  [2018-11-20 13:49:08 718] - DBTask::process(): took 0.36 seconds
sql:(show index from tbl_Room)
    INFO      dbmgr-1 882 4000  [2018-11-20 13:49:08 789] - DBInterfaceMysql::query: successfully!
 WARNING      dbmgr-1 882 4000  [2018-11-20 13:49:08 789] - DBTask::process(): took 1.47 seconds
sql:(delete from kbe_entitylog where logger in (4000))
    INFO      dbmgr-1 882 4000  [2018-11-20 13:49:15 802] - ServerApp::onRegisterNewApp: uid:882, username:, componentType:cellappmgr, componentID:6000, globalorderID=-1, grouporderID=-1, intaddr:192.168.0.107, intport:52694, extaddr:nonsupport, extport:0,  from 192.168.0.107:52711/0/0/0.
    INFO      dbmgr-1 882 4000  [2018-11-20 13:49:15 803] - Components::addComponent: reset orderLog, uid=882!
    INFO      dbmgr-1 882 4000  [2018-11-20 13:49:15 803] - Components::addComponent[cellappmgr], uid=882, componentID=6000, globalorderid=1, grouporderid=1, totalcount=1
    INFO      dbmgr-1 882 4000  [2018-11-20 13:49:15 805] - ServerApp::onRegisterNewApp: uid:882, username:, componentType:baseappmgr, componentID:5000, globalorderID=-1, grouporderID=-1, intaddr:192.168.0.107, intport:52696, extaddr:nonsupport, extport:0,  from 192.168.0.107:52713/0/0/0.
    INFO      dbmgr-1 882 4000  [2018-11-20 13:49:15 805] - Components::addComponent[baseappmgr], uid=882, componentID=5000, globalorderid=2, grouporderid=1, totalcount=1
    INFO      dbmgr-1 882 4000  [2018-11-20 13:49:16 760] - Components::findComponents: find logger(1)...
    INFO      dbmgr-1 882 4000  [2018-11-20 13:49:16 794] - Components::findComponents: found logger, addr:192.168.0.107:52693
    INFO      dbmgr-1 882 4000  [2018-11-20 13:49:16 794] - Components::addComponent[logger], uid=882, componentID=2000, globalorderid=3, grouporderid=1, totalcount=1
    INFO      dbmgr-1 882 4000  [2018-11-20 13:49:16 920] - Components::process(): Found all the components!
    INFO      dbmgr-1 882 4000  [2018-11-20 13:49:26 381] - ServerApp::onRegisterNewApp: uid:882, username:, componentType:loginapp, componentID:9000, globalorderID=-1, grouporderID=-1, intaddr:192.168.0.107, intport:52699, extaddr:192.168.0.107, extport:20013,  from 192.168.0.107:52723/0/0/0.
    INFO      dbmgr-1 882 4000  [2018-11-20 13:49:26 381] - Components::addComponent[loginapp], uid=882, componentID=9000, globalorderid=4, grouporderid=1, totalcount=1
    INFO      dbmgr-1 882 4000  [2018-11-20 13:49:27 160] - ServerApp::onRegisterNewApp: uid:882, username:, componentType:cellapp, componentID:8001, globalorderID=-1, grouporderID=-1, intaddr:192.168.0.107, intport:52698, extaddr:nonsupport, extport:0,  from 192.168.0.107:52725/0/0/0.
    INFO      dbmgr-1 882 4000  [2018-11-20 13:49:27 160] - Components::addComponent[cellapp], uid=882, componentID=8001, globalorderid=5, grouporderid=1, totalcount=1
    INFO      dbmgr-1 882 4000  [2018-11-20 13:49:30 180] - IDServer::allocRange: 1-2001.
   DEBUG      dbmgr-1 882 4000  [2018-11-20 13:49:30 192] - SyncAppDatasHandler::~SyncAppDatasHandler()
    INFO      dbmgr-1 882 4000  [2018-11-20 13:49:35 140] - ServerApp::onRegisterNewApp: uid:882, username:, componentType:baseapp, componentID:7001, globalorderID=-1, grouporderID=-1, intaddr:192.168.0.107, intport:52709, extaddr:192.168.0.107, extport:20015,  from 192.168.0.107:52730/0/0/0.
    INFO      dbmgr-1 882 4000  [2018-11-20 13:49:35 140] - Components::addComponent[baseapp], uid=882, componentID=7001, globalorderid=6, grouporderid=1, totalcount=1
    INFO      dbmgr-1 882 4000  [2018-11-20 13:49:38 161] - IDServer::allocRange: 2001-4001.
   DEBUG      dbmgr-1 882 4000  [2018-11-20 13:49:38 161] - SyncAppDatasHandler::~SyncAppDatasHandler()
    INFO      dbmgr-1 882 4000  [2018-11-20 13:49:40 481] - GlobalDataServer::broadcastDataChanged: writer(baseapp, addr=192.168.0.107:52730/0/0/0), keySize=11, valSize=52, isDelete=0
   DEBUG      dbmgr-1 882 4000  [2018-11-20 13:56:08 537] - Dbmgr::onAccountLogin:loginName=1, accountName=1, success=0, componentID=0, entityID=0, dbid=3, flags=0, deadline=0.
   DEBUG      dbmgr-1 882 4000  [2018-11-20 13:56:13 077] - Dbmgr::queryAccount: 1, success=1, flags=0, deadline=0.
    INFO      dbmgr-1 882 4000  [2018-11-20 13:56:23 377] - GlobalDataServer::broadcastDataChanged: writer(cellapp, addr=192.168.0.107:52725/0/0/0), keySize=12, valSize=52, isDelete=0
   DEBUG      dbmgr-1 882 4000  [2018-11-20 13:56:37 757] - Dbmgr::onAccountLogin:loginName=2, accountName=2, success=0, componentID=0, entityID=0, dbid=6, flags=0, deadline=0.
   DEBUG      dbmgr-1 882 4000  [2018-11-20 13:56:40 457] - Dbmgr::queryAccount: 2, success=1, flags=0, deadline=0.
   DEBUG      dbmgr-1 882 4000  [2018-11-20 13:58:32 736] - Dbmgr::onAccountLogin:loginName=1, accountName=1, success=10, componentID=7001, entityID=2002, dbid=3, flags=0, deadline=0.
   DEBUG      dbmgr-1 882 4000  [2018-11-20 13:58:47 456] - Dbmgr::onAccountLogin:loginName=2, accountName=2, success=10, componentID=7001, entityID=2004, dbid=6, flags=0, deadline=0.
   DEBUG      dbmgr-1 882 4000  [2018-11-20 14:01:51 793] - Dbmgr::writeEntity: Account(6).
   DEBUG      dbmgr-1 882 4000  [2018-11-20 14:04:21 773] - Dbmgr::writeEntity: Account(3).
   DEBUG      dbmgr-1 882 4000  [2018-11-20 14:06:51 772] - Dbmgr::writeEntity: Account(6).
   DEBUG      dbmgr-1 882 4000  [2018-11-20 14:09:06 550] - Dbmgr::onAccountLogin:loginName=1, accountName=1, success=10, componentID=7001, entityID=2002, dbid=3, flags=0, deadline=0.
   DEBUG      dbmgr-1 882 4000  [2018-11-20 14:09:21 770] - Dbmgr::writeEntity: Account(3).
   DEBUG      dbmgr-1 882 4000  [2018-11-20 14:11:51 769] - Dbmgr::writeEntity: Account(6).
   DEBUG      dbmgr-1 882 4000  [2018-11-20 14:13:29 867] - Dbmgr::onAccountLogin:loginName=1, accountName=1, success=10, componentID=7001, entityID=2002, dbid=3, flags=0, deadline=0.
   DEBUG      dbmgr-1 882 4000  [2018-11-20 14:14:21 767] - Dbmgr::writeEntity: Account(3).
   DEBUG      dbmgr-1 882 4000  [2018-11-20 14:16:51 766] - Dbmgr::writeEntity: Account(3).
   DEBUG      dbmgr-1 882 4000  [2018-11-20 14:18:05 865] - Dbmgr::onAccountLogin:loginName=1, accountName=1, success=10, componentID=7001, entityID=2002, dbid=3, flags=0, deadline=0.
   DEBUG      dbmgr-1 882 4000  [2018-11-20 14:19:21 765] - Dbmgr::writeEntity: Account(6).
   DEBUG      dbmgr-1 882 4000  [2018-11-20 14:21:00 404] - Dbmgr::onAccountLogin:loginName=1, accountName=1, success=10, componentID=7001, entityID=2002, dbid=3, flags=0, deadline=0.
   DEBUG      dbmgr-1 882 4000  [2018-11-20 14:21:51 763] - Dbmgr::writeEntity: Account(6).
   DEBUG      dbmgr-1 882 4000  [2018-11-20 14:24:21 762] - Dbmgr::writeEntity: Account(3).
   DEBUG      dbmgr-1 882 4000  [2018-11-20 14:26:46 261] - Dbmgr::onAccountLogin:loginName=2, accountName=2, success=10, componentID=7001, entityID=2004, dbid=6, flags=0, deadline=0.
   DEBUG      dbmgr-1 882 4000  [2018-11-20 14:26:51 761] - Dbmgr::writeEntity: Account(6).
   DEBUG      dbmgr-1 882 4000  [2018-11-20 14:26:59 941] - Dbmgr::onAccountLogin:loginName=1, accountName=1, success=10, componentID=7001, entityID=2002, dbid=3, flags=0, deadline=0.
   DEBUG      dbmgr-1 882 4000  [2018-11-20 14:29:21 760] - Dbmgr::writeEntity: Account(3).
   DEBUG      dbmgr-1 882 4000  [2018-11-20 14:29:39 899] - Dbmgr::onAccountLogin:loginName=22, accountName=22, success=0, componentID=0, entityID=0, dbid=10, flags=0, deadline=0.
   DEBUG      dbmgr-1 882 4000  [2018-11-20 14:29:42 679] - Dbmgr::queryAccount: 22, success=1, flags=0, deadline=0.
   DEBUG      dbmgr-1 882 4000  [2018-11-20 14:29:45 039] - Dbmgr::onAccountLogin:loginName=11, accountName=11, success=0, componentID=0, entityID=0, dbid=2, flags=0, deadline=0.
   DEBUG      dbmgr-1 882 4000  [2018-11-20 14:29:47 259] - Dbmgr::queryAccount: 11, success=1, flags=0, deadline=0.
    INFO      dbmgr-1 882 4000  [2018-11-20 14:29:48 479] - GlobalDataServer::broadcastDataChanged: writer(cellapp, addr=192.168.0.107:52725/0/0/0), keySize=12, valSize=52, isDelete=0
   DEBUG      dbmgr-1 882 4000  [2018-11-20 14:31:51 758] - Dbmgr::writeEntity: Account(3).
   DEBUG      dbmgr-1 882 4000  [2018-11-20 14:34:21 757] - Dbmgr::writeEntity: Account(6).
