    INFO    cellapp-1 6362 8001  [2018-07-22 11:06:31 671] - -----------------------------------------------------------------------------------------


    INFO    cellapp-1 6362 8001  [2018-07-22 11:06:33 321] - Resmgr::initialize: KBE_ROOT=E:/kbengine/
    INFO    cellapp-1 6362 8001  [2018-07-22 11:06:33 321] - Resmgr::initialize: KBE_RES_PATH=E:/kbengine/kbe/res/;E:/kbengine/assets/;E:/kbengine/assets/scripts/;E:/kbengine/assets/res/
    INFO    cellapp-1 6362 8001  [2018-07-22 11:06:33 322] - Resmgr::initialize: KBE_BIN_PATH=E:/kbengine/kbe/bin/server/
    INFO    cellapp-1 6362 8001  [2018-07-22 11:06:33 855] - NetworkInterface::initialize(INTERNAL): bound to all interfaces with default route interface on 192.168.0.106 ( 192.168.0.106:50082 )
    INFO    cellapp-1 6362 8001  [2018-07-22 11:06:33 976] - NetworkInterface::initialize(INTERNAL): address 192.168.0.106:50082, SOMAXCONN=5.
    INFO    cellapp-1 6362 8001  [2018-07-22 11:06:33 977] - server-configs:
    INFO    cellapp-1 6362 8001  [2018-07-22 11:06:33 977] - 	gameUpdateHertz : 10
    INFO    cellapp-1 6362 8001  [2018-07-22 11:06:34 086] - 	defaultViewRadius : 80
    INFO    cellapp-1 6362 8001  [2018-07-22 11:06:34 086] - 	defaultViewHysteresisArea : 5
    INFO    cellapp-1 6362 8001  [2018-07-22 11:06:34 087] - 	entryScriptFile : kbemain
    INFO    cellapp-1 6362 8001  [2018-07-22 11:06:34 087] - 	internalAddr : 192.168.0.106:50082
    INFO    cellapp-1 6362 8001  [2018-07-22 11:06:34 087] - 	componentID : 8001
    INFO    cellapp-1 6362 8001  [2018-07-22 11:06:35 016] - ---- cellapp Version: 2.0.0. ScriptVersion: 0.1.0. Protocol: 85A70C5E64F896E0F1A60BF405B4EB07. Config: Debug X86. Built: 15:53:53 Apr 29 2018. AppID: 8001. UID: 6362. PID: 4404 ----
    INFO    cellapp-1 6362 8001  [2018-07-22 11:06:35 017] - Server : Intel(R) Xeon(R) CPU E3-1230 v3 @ 3.30GHz with 4194303kB RAM
    INFO    cellapp-1 6362 8001  [2018-07-22 11:06:35 310] - ThreadPool::createThreadPool: creating  threadpool...
    INFO    cellapp-1 6362 8001  [2018-07-22 11:06:35 311] - ThreadPool::createThreadPool: successfully(2), newThreadCount=1, normalMaxThreadCount=2, maxThreadCount=8
   DEBUG    cellapp-1 6362 8001  [2018-07-22 11:06:42 455] - Script::install_py_dlls(): PyInit_pyexpat
   DEBUG    cellapp-1 6362 8001  [2018-07-22 11:06:42 535] - Script::install_py_dlls(): PyInit__socket
   DEBUG    cellapp-1 6362 8001  [2018-07-22 11:06:42 581] - Script::install_py_dlls(): PyInit__ssl
   DEBUG    cellapp-1 6362 8001  [2018-07-22 11:06:44 145] - Script::install_py_dlls(): PyInit__hashlib
   DEBUG    cellapp-1 6362 8001  [2018-07-22 11:06:44 602] - Script::install_py_dlls(): PyInit_select
   DEBUG    cellapp-1 6362 8001  [2018-07-22 11:06:44 731] - Script::install_py_dlls(): PyInit__ctypes
   DEBUG    cellapp-1 6362 8001  [2018-07-22 11:06:44 822] - Script::install_py_dlls(): PyInit__elementtree
   DEBUG    cellapp-1 6362 8001  [2018-07-22 11:06:45 691] - Script::install_py_dlls(): PyInit_unicodedata
    INFO    cellapp-1 6362 8001  [2018-07-22 11:06:46 928] - Script::install(): is successfully, Python=(3.4.2 (default, Apr 29 2018, 15:53:05) [MSC v.1913 32 bit (Intel)])!
    INFO    cellapp-1 6362 8001  [2018-07-22 11:06:46 929] - Script::install(): KBExtra is successfully!
   DEBUG    cellapp-1 6362 8001  [2018-07-22 11:06:49 260] - loaded entity-script:Account(1).
   DEBUG    cellapp-1 6362 8001  [2018-07-22 11:06:49 956] - loaded entity-script:Room(4).
    INFO    cellapp-1 6362 8001  [2018-07-22 11:06:50 101] - TelnetServer server is running on port 50000
    INFO    cellapp-1 6362 8001  [2018-07-22 11:06:50 691] - ---- cellapp is running ----
   DEBUG    cellapp-1 6362 8001  [2018-07-22 11:06:50 849] - Components::process(): Request for the process of identity...
 WARNING    cellapp-1 6362 8001  [2018-07-22 11:06:51 160] - BundleBroadcast::BundleBroadcast: Cannot bind to port 20119, errorno=10048
 WARNING    cellapp-1 6362 8001  [2018-07-22 11:06:57 601] - EntityApp::checkTickPeriod: tick took 6909% (6.91 seconds)!
    INFO    cellapp-1 6362 8001  [2018-07-22 11:06:58 678] - Components::findComponents: find logger(1)...
    INFO    cellapp-1 6362 8001  [2018-07-22 11:06:58 761] - Components::findComponents: found logger, addr:192.168.0.106:50074
    INFO    cellapp-1 6362 8001  [2018-07-22 11:06:58 761] - Components::addComponent: reset orderLog, uid=6362!
    INFO    cellapp-1 6362 8001  [2018-07-22 11:06:58 761] - Components::addComponent[logger], uid=6362, componentID=2000, globalorderid=1, grouporderid=1, totalcount=1
    INFO    cellapp-1 6362 8001  [2018-07-22 11:06:58 807] - Components::findComponents: find dbmgr(2)...
    INFO    cellapp-1 6362 8001  [2018-07-22 11:06:58 863] - Components::findComponents: found dbmgr, addr:192.168.0.106:50077
    INFO    cellapp-1 6362 8001  [2018-07-22 11:06:58 863] - Components::addComponent: reset orderLog, uid=6362!
    INFO    cellapp-1 6362 8001  [2018-07-22 11:06:58 864] - Components::addComponent[dbmgr], uid=6362, componentID=4000, globalorderid=1, grouporderid=1, totalcount=1
    INFO    cellapp-1 6362 8001  [2018-07-22 11:06:58 864] - Components::findComponents: found dbmgr, addr:192.168.0.106:50077
 WARNING    cellapp-1 6362 8001  [2018-07-22 11:06:59 864] - EntityApp::checkTickPeriod: tick took 1272% (1.27 seconds)!
    INFO    cellapp-1 6362 8001  [2018-07-22 11:07:00 878] - Components::findComponents: find cellappmgr(1)...
    INFO    cellapp-1 6362 8001  [2018-07-22 11:07:00 964] - Components::findComponents: found cellappmgr, addr:192.168.0.106:50076
    INFO    cellapp-1 6362 8001  [2018-07-22 11:07:00 964] - Components::addComponent[cellappmgr], uid=6362, componentID=6000, globalorderid=2, grouporderid=1, totalcount=1
    INFO    cellapp-1 6362 8001  [2018-07-22 11:07:00 964] - Components::findComponents: found cellappmgr, addr:192.168.0.106:50076
 WARNING    cellapp-1 6362 8001  [2018-07-22 11:07:01 964] - EntityApp::checkTickPeriod: tick took 1172% (1.17 seconds)!
    INFO    cellapp-1 6362 8001  [2018-07-22 11:07:02 978] - Components::findComponents: find baseappmgr(1)...
    INFO    cellapp-1 6362 8001  [2018-07-22 11:07:03 066] - Components::findComponents: found baseappmgr, addr:192.168.0.106:50078
    INFO    cellapp-1 6362 8001  [2018-07-22 11:07:03 066] - Components::addComponent[baseappmgr], uid=6362, componentID=5000, globalorderid=3, grouporderid=1, totalcount=1
    INFO    cellapp-1 6362 8001  [2018-07-22 11:07:03 066] - Components::findComponents: found baseappmgr, addr:192.168.0.106:50078
 WARNING    cellapp-1 6362 8001  [2018-07-22 11:07:04 066] - EntityApp::checkTickPeriod: tick took 1174% (1.17 seconds)!
    INFO    cellapp-1 6362 8001  [2018-07-22 11:07:05 178] - Components::findComponents: register self to dbmgr...
    INFO    cellapp-1 6362 8001  [2018-07-22 11:07:05 192] - Components::findComponents: register self to cellappmgr...
    INFO    cellapp-1 6362 8001  [2018-07-22 11:07:05 278] - Components::findComponents: register self to baseappmgr...
    INFO    cellapp-1 6362 8001  [2018-07-22 11:07:05 291] - Components::process(): Found all the components!
    INFO    cellapp-1 6362 8001  [2018-07-22 11:07:08 209] - EntityApp::onDbmgrInitCompleted: entityID alloc(1-2001), startGlobalOrder=5, startGroupOrder=1, digest=15DC6C1C25165CAC6F3F6B116C6DA103.
    INFO    cellapp01 6362 8001  [2018-07-22 11:07:08 209] - IDClient::onAddRange: number of ids increased from 1 to 2001.
   S_DBG    cellapp01 6362 8001  [2018-07-22 11:07:09 411] - onInit::isReload:0
 WARNING    cellapp01 6362 8001  [2018-07-22 11:07:09 411] - e:\kbengine\kbe\src\lib\server\entity_app.h:749: Profile processRecvMessages took 1.22 seconds
 WARNING    cellapp01 6362 8001  [2018-07-22 11:07:09 411] - e:\kbengine\kbe\src\server\cellapp\cellapp.cpp:245: Profile gameTick took 1.22 seconds
 WARNING    cellapp01 6362 8001  [2018-07-22 11:07:09 411] - e:\kbengine\kbe\src\lib\network\event_dispatcher.cpp:153: Profile callSystemTimers took 1.22 seconds
 WARNING    cellapp01 6362 8001  [2018-07-22 11:07:09 411] - EntityApp::checkTickPeriod: tick took 1219% (1.22 seconds)!
    INFO    cellapp01 6362 8001  [2018-07-22 11:07:09 411] - ServerApp::onRegisterNewApp: uid:6362, username:, componentType:baseapp, componentID:7001, globalorderID=6, grouporderID=1, intaddr:192.168.0.106, intport:50083, extaddr:192.168.0.106, extport:20015,  from 192.168.0.106:50077/0/0/0.
    INFO    cellapp01 6362 8001  [2018-07-22 11:07:09 412] - Components::addComponent[baseapp], uid=6362, componentID=7001, globalorderid=6, grouporderid=1, totalcount=1
   DEBUG    cellapp01 6362 8001  [2018-07-22 11:07:09 499] - InitProgressHandler::~InitProgressHandler()
   S_DBG    cellapp01 6362 8001  [2018-07-22 11:07:14 015] - onGlobalData: Halls
    INFO    cellapp-1 7006 8001  [2018-07-22 11:09:13 497] - -----------------------------------------------------------------------------------------


    INFO    cellapp-1 7006 8001  [2018-07-22 11:09:13 498] - Resmgr::initialize: KBE_ROOT=E:/kbengine/
    INFO    cellapp-1 7006 8001  [2018-07-22 11:09:13 498] - Resmgr::initialize: KBE_RES_PATH=E:/kbengine/kbe/res/;E:/kbengine/assets/;E:/kbengine/assets/scripts/;E:/kbengine/assets/res/
    INFO    cellapp-1 7006 8001  [2018-07-22 11:09:13 498] - Resmgr::initialize: KBE_BIN_PATH=E:/kbengine/kbe/bin/server/
    INFO    cellapp-1 7006 8001  [2018-07-22 11:09:13 502] - NetworkInterface::initialize(INTERNAL): bound to all interfaces with default route interface on 192.168.0.106 ( 192.168.0.106:50123 )
    INFO    cellapp-1 7006 8001  [2018-07-22 11:09:13 502] - NetworkInterface::initialize(INTERNAL): address 192.168.0.106:50123, SOMAXCONN=5.
    INFO    cellapp-1 7006 8001  [2018-07-22 11:09:13 502] - server-configs:
    INFO    cellapp-1 7006 8001  [2018-07-22 11:09:13 502] - 	gameUpdateHertz : 10
    INFO    cellapp-1 7006 8001  [2018-07-22 11:09:13 502] - 	defaultViewRadius : 80
    INFO    cellapp-1 7006 8001  [2018-07-22 11:09:13 502] - 	defaultViewHysteresisArea : 5
    INFO    cellapp-1 7006 8001  [2018-07-22 11:09:13 502] - 	entryScriptFile : kbemain
    INFO    cellapp-1 7006 8001  [2018-07-22 11:09:13 502] - 	internalAddr : 192.168.0.106:50123
    INFO    cellapp-1 7006 8001  [2018-07-22 11:09:13 502] - 	componentID : 8001
 WARNING    cellapp-1 7006 8001  [2018-07-22 11:09:13 814] - BundleBroadcast::BundleBroadcast: Cannot bind to port 20477, errorno=10048
    INFO    cellapp-1 7006 8001  [2018-07-22 11:09:13 817] - ---- cellapp Version: 2.0.0. ScriptVersion: 0.1.0. Protocol: 85A70C5E64F896E0F1A60BF405B4EB07. Config: Debug X86. Built: 15:53:53 Apr 29 2018. AppID: 8001. UID: 7006. PID: 8128 ----
    INFO    cellapp-1 7006 8001  [2018-07-22 11:09:13 818] - Server : Intel(R) Xeon(R) CPU E3-1230 v3 @ 3.30GHz with 4194303kB RAM
    INFO    cellapp-1 7006 8001  [2018-07-22 11:09:13 818] - ThreadPool::createThreadPool: creating  threadpool...
    INFO    cellapp-1 7006 8001  [2018-07-22 11:09:13 818] - ThreadPool::createThreadPool: successfully(2), newThreadCount=1, normalMaxThreadCount=2, maxThreadCount=8
   DEBUG    cellapp-1 7006 8001  [2018-07-22 11:09:13 944] - Script::install_py_dlls(): PyInit_pyexpat
   DEBUG    cellapp-1 7006 8001  [2018-07-22 11:09:13 945] - Script::install_py_dlls(): PyInit__socket
   DEBUG    cellapp-1 7006 8001  [2018-07-22 11:09:13 945] - Script::install_py_dlls(): PyInit__ssl
   DEBUG    cellapp-1 7006 8001  [2018-07-22 11:09:13 948] - Script::install_py_dlls(): PyInit__hashlib
   DEBUG    cellapp-1 7006 8001  [2018-07-22 11:09:13 948] - Script::install_py_dlls(): PyInit_select
   DEBUG    cellapp-1 7006 8001  [2018-07-22 11:09:13 948] - Script::install_py_dlls(): PyInit__ctypes
   DEBUG    cellapp-1 7006 8001  [2018-07-22 11:09:13 949] - Script::install_py_dlls(): PyInit__elementtree
   DEBUG    cellapp-1 7006 8001  [2018-07-22 11:09:13 975] - Script::install_py_dlls(): PyInit_unicodedata
    INFO    cellapp-1 7006 8001  [2018-07-22 11:09:14 002] - Script::install(): is successfully, Python=(3.4.2 (default, Apr 29 2018, 15:53:05) [MSC v.1913 32 bit (Intel)])!
    INFO    cellapp-1 7006 8001  [2018-07-22 11:09:14 002] - Script::install(): KBExtra is successfully!
   DEBUG    cellapp-1 7006 8001  [2018-07-22 11:09:14 019] - loaded entity-script:Account(1).
   DEBUG    cellapp-1 7006 8001  [2018-07-22 11:09:14 026] - loaded entity-script:Room(4).
    INFO    cellapp-1 7006 8001  [2018-07-22 11:09:14 027] - TelnetServer server is running on port 50000
    INFO    cellapp-1 7006 8001  [2018-07-22 11:09:14 313] - ---- cellapp is running ----
   DEBUG    cellapp-1 7006 8001  [2018-07-22 11:09:14 313] - Components::process(): Request for the process of identity...
 WARNING    cellapp-1 7006 8001  [2018-07-22 11:09:20 422] - EntityApp::checkTickPeriod: tick took 6107% (6.11 seconds)!
    INFO    cellapp-1 7006 8001  [2018-07-22 11:09:21 502] - Components::findComponents: find logger(1)...
    INFO    cellapp-1 7006 8001  [2018-07-22 11:09:21 568] - Components::findComponents: found logger, addr:192.168.0.106:50122
    INFO    cellapp-1 7006 8001  [2018-07-22 11:09:21 568] - Components::addComponent: reset orderLog, uid=7006!
    INFO    cellapp-1 7006 8001  [2018-07-22 11:09:21 569] - Components::addComponent[logger], uid=7006, componentID=2000, globalorderid=1, grouporderid=1, totalcount=1
    INFO    cellapp-1 7006 8001  [2018-07-22 11:09:21 571] - Components::findComponents: find dbmgr(2)...
    INFO    cellapp-1 7006 8001  [2018-07-22 11:09:21 672] - Components::findComponents: found dbmgr, addr:192.168.0.106:50119
    INFO    cellapp-1 7006 8001  [2018-07-22 11:09:21 672] - Components::addComponent: reset orderLog, uid=7006!
    INFO    cellapp-1 7006 8001  [2018-07-22 11:09:21 673] - Components::addComponent[dbmgr], uid=7006, componentID=4000, globalorderid=1, grouporderid=1, totalcount=1
    INFO    cellapp-1 7006 8001  [2018-07-22 11:09:21 673] - Components::findComponents: found dbmgr, addr:192.168.0.106:50119
 WARNING    cellapp-1 7006 8001  [2018-07-22 11:09:22 676] - EntityApp::checkTickPeriod: tick took 1261% (1.26 seconds)!
    INFO    cellapp-1 7006 8001  [2018-07-22 11:09:23 701] - Components::findComponents: find cellappmgr(1)...
    INFO    cellapp-1 7006 8001  [2018-07-22 11:09:23 806] - Components::findComponents: found cellappmgr, addr:192.168.0.106:50118
    INFO    cellapp-1 7006 8001  [2018-07-22 11:09:23 807] - Components::addComponent[cellappmgr], uid=7006, componentID=6000, globalorderid=2, grouporderid=1, totalcount=1
    INFO    cellapp-1 7006 8001  [2018-07-22 11:09:23 807] - Components::findComponents: found cellappmgr, addr:192.168.0.106:50118
 WARNING    cellapp-1 7006 8001  [2018-07-22 11:09:24 808] - EntityApp::checkTickPeriod: tick took 1193% (1.19 seconds)!
    INFO    cellapp-1 7006 8001  [2018-07-22 11:09:25 814] - Components::findComponents: find baseappmgr(1)...
    INFO    cellapp-1 7006 8001  [2018-07-22 11:09:25 831] - Components::findComponents: found baseappmgr, addr:192.168.0.106:50125
    INFO    cellapp-1 7006 8001  [2018-07-22 11:09:25 832] - Components::addComponent[baseappmgr], uid=7006, componentID=5000, globalorderid=3, grouporderid=1, totalcount=1
    INFO    cellapp-1 7006 8001  [2018-07-22 11:09:25 833] - Components::findComponents: found baseappmgr, addr:192.168.0.106:50125
 WARNING    cellapp-1 7006 8001  [2018-07-22 11:09:26 833] - EntityApp::checkTickPeriod: tick took 1118% (1.12 seconds)!
    INFO    cellapp-1 7006 8001  [2018-07-22 11:09:27 914] - Components::findComponents: register self to dbmgr...
    INFO    cellapp-1 7006 8001  [2018-07-22 11:09:28 000] - Components::findComponents: register self to cellappmgr...
    INFO    cellapp-1 7006 8001  [2018-07-22 11:09:28 014] - Components::findComponents: register self to baseappmgr...
    INFO    cellapp-1 7006 8001  [2018-07-22 11:09:28 100] - Components::process(): Found all the components!
    INFO    cellapp-1 7006 8001  [2018-07-22 11:09:29 514] - ServerApp::onRegisterNewApp: uid:7006, username:, componentType:baseapp, componentID:7001, globalorderID=5, grouporderID=1, intaddr:192.168.0.106, intport:50126, extaddr:192.168.0.106, extport:20015,  from 192.168.0.106:50119/0/0/0.
    INFO    cellapp-1 7006 8001  [2018-07-22 11:09:29 514] - Components::addComponent[baseapp], uid=7006, componentID=7001, globalorderid=5, grouporderid=1, totalcount=1
    INFO    cellapp-1 7006 8001  [2018-07-22 11:09:32 514] - EntityApp::onDbmgrInitCompleted: entityID alloc(1-2001), startGlobalOrder=3, startGroupOrder=1, digest=F547257E65B19568C42912D2DC30BA6C.
    INFO    cellapp01 7006 8001  [2018-07-22 11:09:32 514] - IDClient::onAddRange: number of ids increased from 1 to 2001.
 WARNING    cellapp01 7006 8001  [2018-07-22 11:09:32 825] - BundleBroadcast::BundleBroadcast: Cannot bind to port 20042, errorno=10048
   S_DBG    cellapp01 7006 8001  [2018-07-22 11:09:34 039] - onInit::isReload:0
 WARNING    cellapp01 7006 8001  [2018-07-22 11:09:34 040] - e:\kbengine\kbe\src\lib\server\entity_app.h:749: Profile processRecvMessages took 1.53 seconds
 WARNING    cellapp01 7006 8001  [2018-07-22 11:09:34 040] - e:\kbengine\kbe\src\server\cellapp\cellapp.cpp:245: Profile gameTick took 1.53 seconds
 WARNING    cellapp01 7006 8001  [2018-07-22 11:09:34 040] - e:\kbengine\kbe\src\lib\network\event_dispatcher.cpp:153: Profile callSystemTimers took 1.53 seconds
 WARNING    cellapp01 7006 8001  [2018-07-22 11:09:34 041] - EntityApp::checkTickPeriod: tick took 1527% (1.53 seconds)!
   DEBUG    cellapp01 7006 8001  [2018-07-22 11:09:34 100] - InitProgressHandler::~InitProgressHandler()
   S_DBG    cellapp01 7006 8001  [2018-07-22 11:09:34 815] - onGlobalData: Halls
   DEBUG    cellapp01 7006 8001  [2018-07-22 11:09:56 863] - Spaces::createNewSpace: new space(Room) 1.
    INFO    cellapp01 7006 8001  [2018-07-22 11:09:56 888] - EntityApp::createEntity: new Room 2003
    INFO    cellapp01 7006 8001  [2018-07-22 11:09:56 931] - KBEngine::addSpaceGeometryMapping: spaceID=1, respath=spaces/mjRoom, shouldLoadOnServer=1!
 WARNING    cellapp01 7006 8001  [2018-07-22 11:09:56 956] - e:\kbengine\kbe\src\lib\server\entity_app.h:749: Profile processRecvMessages took 0.14 seconds
 WARNING    cellapp01 7006 8001  [2018-07-22 11:09:56 957] - e:\kbengine\kbe\src\server\cellapp\cellapp.cpp:245: Profile gameTick took 0.14 seconds
 WARNING    cellapp01 7006 8001  [2018-07-22 11:09:56 957] - e:\kbengine\kbe\src\lib\network\event_dispatcher.cpp:153: Profile callSystemTimers took 0.14 seconds
    INFO    cellapp01 7006 8001  [2018-07-22 11:09:56 958] - KBEngine::onLoadedSpaceGeometryMapping: spaceID=1, respath=spaces/mjRoom!
   S_DBG    cellapp01 7006 8001  [2018-07-22 11:09:57 115] - 玩家进来了---2002 座位号为 0
    INFO    cellapp01 7006 8001  [2018-07-22 11:09:57 315] - EntityApp::createEntity: new Account 2002
 WARNING    cellapp01 7006 8001  [2018-07-22 11:09:57 429] - e:\kbengine\kbe\src\lib\server\entity_app.h:749: Profile processRecvMessages took 0.11 seconds
 WARNING    cellapp01 7006 8001  [2018-07-22 11:09:57 429] - e:\kbengine\kbe\src\server\cellapp\cellapp.cpp:245: Profile gameTick took 0.11 seconds
 WARNING    cellapp01 7006 8001  [2018-07-22 11:09:57 429] - e:\kbengine\kbe\src\lib\network\event_dispatcher.cpp:153: Profile callSystemTimers took 0.11 seconds
   S_DBG    cellapp01 7006 8001  [2018-07-22 11:10:19 515] - 2002
   S_DBG    cellapp01 7006 8001  [2018-07-22 11:10:19 515] - True
   S_DBG    cellapp01 7006 8001  [2018-07-22 11:10:19 615] - cell account
   S_DBG    cellapp01 7006 8001  [2018-07-22 11:10:19 615] - 1
   S_DBG    cellapp01 7006 8001  [2018-07-22 11:10:29 616] - 玩家进来了---2004 座位号为 1
    INFO    cellapp01 7006 8001  [2018-07-22 11:10:29 716] - EntityApp::createEntity: new Account 2004
   S_DBG    cellapp01 7006 8001  [2018-07-22 11:10:33 416] - 2004
   S_DBG    cellapp01 7006 8001  [2018-07-22 11:10:33 416] - True
   S_DBG    cellapp01 7006 8001  [2018-07-22 11:10:33 416] - 全部就位---开始处理！
   S_DBG    cellapp01 7006 8001  [2018-07-22 11:10:33 445] - 游戏开始！
   S_DBG    cellapp01 7006 8001  [2018-07-22 11:10:33 515] - cell account
   S_DBG    cellapp01 7006 8001  [2018-07-22 11:10:33 516] - 1
   DEBUG    cellapp01 7006 8001  [2018-07-22 11:16:45 721] - Account::onWriteToDB(): 2004.
    INFO    cellapp-1 8508 8001  [2018-07-22 11:16:53 821] - -----------------------------------------------------------------------------------------


    INFO    cellapp-1 8508 8001  [2018-07-22 11:16:53 822] - Resmgr::initialize: KBE_ROOT=E:/kbengine/
    INFO    cellapp-1 8508 8001  [2018-07-22 11:16:53 822] - Resmgr::initialize: KBE_RES_PATH=E:/kbengine/kbe/res/;E:/kbengine/assets/;E:/kbengine/assets/scripts/;E:/kbengine/assets/res/
    INFO    cellapp-1 8508 8001  [2018-07-22 11:16:53 822] - Resmgr::initialize: KBE_BIN_PATH=E:/kbengine/kbe/bin/server/
    INFO    cellapp-1 8508 8001  [2018-07-22 11:16:53 825] - NetworkInterface::initialize(INTERNAL): bound to all interfaces with default route interface on 192.168.0.106 ( 192.168.0.106:50231 )
    INFO    cellapp-1 8508 8001  [2018-07-22 11:16:53 826] - NetworkInterface::initialize(INTERNAL): address 192.168.0.106:50231, SOMAXCONN=5.
    INFO    cellapp-1 8508 8001  [2018-07-22 11:16:53 826] - server-configs:
    INFO    cellapp-1 8508 8001  [2018-07-22 11:16:53 826] - 	gameUpdateHertz : 10
    INFO    cellapp-1 8508 8001  [2018-07-22 11:16:53 826] - 	defaultViewRadius : 80
    INFO    cellapp-1 8508 8001  [2018-07-22 11:16:53 826] - 	defaultViewHysteresisArea : 5
    INFO    cellapp-1 8508 8001  [2018-07-22 11:16:53 826] - 	entryScriptFile : kbemain
    INFO    cellapp-1 8508 8001  [2018-07-22 11:16:53 827] - 	internalAddr : 192.168.0.106:50231
    INFO    cellapp-1 8508 8001  [2018-07-22 11:16:53 827] - 	componentID : 8001
 WARNING    cellapp-1 8508 8001  [2018-07-22 11:16:54 138] - BundleBroadcast::BundleBroadcast: Cannot bind to port 20386, errorno=10048
    INFO    cellapp-1 8508 8001  [2018-07-22 11:16:54 142] - ---- cellapp Version: 2.0.0. ScriptVersion: 0.1.0. Protocol: 85A70C5E64F896E0F1A60BF405B4EB07. Config: Debug X86. Built: 15:53:53 Apr 29 2018. AppID: 8001. UID: 8508. PID: 9316 ----
    INFO    cellapp-1 8508 8001  [2018-07-22 11:16:54 142] - Server : Intel(R) Xeon(R) CPU E3-1230 v3 @ 3.30GHz with 4194303kB RAM
    INFO    cellapp-1 8508 8001  [2018-07-22 11:16:54 142] - ThreadPool::createThreadPool: creating  threadpool...
    INFO    cellapp-1 8508 8001  [2018-07-22 11:16:54 143] - ThreadPool::createThreadPool: successfully(2), newThreadCount=1, normalMaxThreadCount=2, maxThreadCount=8
   DEBUG    cellapp-1 8508 8001  [2018-07-22 11:16:54 270] - Script::install_py_dlls(): PyInit_pyexpat
   DEBUG    cellapp-1 8508 8001  [2018-07-22 11:16:54 270] - Script::install_py_dlls(): PyInit__socket
   DEBUG    cellapp-1 8508 8001  [2018-07-22 11:16:54 271] - Script::install_py_dlls(): PyInit__ssl
   DEBUG    cellapp-1 8508 8001  [2018-07-22 11:16:54 274] - Script::install_py_dlls(): PyInit__hashlib
   DEBUG    cellapp-1 8508 8001  [2018-07-22 11:16:54 274] - Script::install_py_dlls(): PyInit_select
   DEBUG    cellapp-1 8508 8001  [2018-07-22 11:16:54 274] - Script::install_py_dlls(): PyInit__ctypes
   DEBUG    cellapp-1 8508 8001  [2018-07-22 11:16:54 275] - Script::install_py_dlls(): PyInit__elementtree
   DEBUG    cellapp-1 8508 8001  [2018-07-22 11:16:54 309] - Script::install_py_dlls(): PyInit_unicodedata
    INFO    cellapp-1 8508 8001  [2018-07-22 11:16:54 337] - Script::install(): is successfully, Python=(3.4.2 (default, Apr 29 2018, 15:53:05) [MSC v.1913 32 bit (Intel)])!
    INFO    cellapp-1 8508 8001  [2018-07-22 11:16:54 337] - Script::install(): KBExtra is successfully!
   DEBUG    cellapp-1 8508 8001  [2018-07-22 11:16:54 356] - loaded entity-script:Account(1).
   DEBUG    cellapp-1 8508 8001  [2018-07-22 11:16:54 364] - loaded entity-script:Room(4).
    INFO    cellapp-1 8508 8001  [2018-07-22 11:16:54 364] - TelnetServer server is running on port 50000
    INFO    cellapp-1 8508 8001  [2018-07-22 11:16:54 665] - ---- cellapp is running ----
   DEBUG    cellapp-1 8508 8001  [2018-07-22 11:16:54 665] - Components::process(): Request for the process of identity...
 WARNING    cellapp-1 8508 8001  [2018-07-22 11:17:00 745] - EntityApp::checkTickPeriod: tick took 6079% (6.08 seconds)!
    INFO    cellapp-1 8508 8001  [2018-07-22 11:17:01 824] - Components::findComponents: find logger(1)...
    INFO    cellapp-1 8508 8001  [2018-07-22 11:17:01 852] - Components::findComponents: found logger, addr:192.168.0.106:50229
    INFO    cellapp-1 8508 8001  [2018-07-22 11:17:01 853] - Components::addComponent: reset orderLog, uid=8508!
    INFO    cellapp-1 8508 8001  [2018-07-22 11:17:01 853] - Components::addComponent[logger], uid=8508, componentID=2000, globalorderid=1, grouporderid=1, totalcount=1
    INFO    cellapp-1 8508 8001  [2018-07-22 11:17:01 855] - Components::findComponents: find dbmgr(2)...
    INFO    cellapp-1 8508 8001  [2018-07-22 11:17:01 957] - Components::findComponents: found dbmgr, addr:192.168.0.106:50230
    INFO    cellapp-1 8508 8001  [2018-07-22 11:17:01 958] - Components::addComponent: reset orderLog, uid=8508!
    INFO    cellapp-1 8508 8001  [2018-07-22 11:17:01 958] - Components::addComponent[dbmgr], uid=8508, componentID=4000, globalorderid=1, grouporderid=1, totalcount=1
    INFO    cellapp-1 8508 8001  [2018-07-22 11:17:01 959] - Components::findComponents: found dbmgr, addr:192.168.0.106:50230
 WARNING    cellapp-1 8508 8001  [2018-07-22 11:17:02 961] - EntityApp::checkTickPeriod: tick took 1196% (1.20 seconds)!
    INFO    cellapp-1 8508 8001  [2018-07-22 11:17:03 965] - Components::findComponents: find cellappmgr(1)...
    INFO    cellapp-1 8508 8001  [2018-07-22 11:17:03 999] - Components::findComponents: found cellappmgr, addr:192.168.0.106:50232
    INFO    cellapp-1 8508 8001  [2018-07-22 11:17:04 000] - Components::addComponent[cellappmgr], uid=8508, componentID=6000, globalorderid=2, grouporderid=1, totalcount=1
    INFO    cellapp-1 8508 8001  [2018-07-22 11:17:04 000] - Components::findComponents: found cellappmgr, addr:192.168.0.106:50232
 WARNING    cellapp-1 8508 8001  [2018-07-22 11:17:05 000] - EntityApp::checkTickPeriod: tick took 1135% (1.13 seconds)!
    INFO    cellapp-1 8508 8001  [2018-07-22 11:17:06 023] - Components::findComponents: find baseappmgr(1)...
    INFO    cellapp-1 8508 8001  [2018-07-22 11:17:06 117] - Components::findComponents: found baseappmgr, addr:192.168.0.106:50233
    INFO    cellapp-1 8508 8001  [2018-07-22 11:17:06 118] - Components::addComponent[baseappmgr], uid=8508, componentID=5000, globalorderid=3, grouporderid=1, totalcount=1
    INFO    cellapp-1 8508 8001  [2018-07-22 11:17:06 118] - Components::findComponents: found baseappmgr, addr:192.168.0.106:50233
 WARNING    cellapp-1 8508 8001  [2018-07-22 11:17:07 118] - EntityApp::checkTickPeriod: tick took 1153% (1.15 seconds)!
    INFO    cellapp-1 8508 8001  [2018-07-22 11:17:08 223] - Components::findComponents: register self to dbmgr...
    INFO    cellapp-1 8508 8001  [2018-07-22 11:17:08 265] - Components::findComponents: register self to cellappmgr...
    INFO    cellapp-1 8508 8001  [2018-07-22 11:17:08 323] - Components::findComponents: register self to baseappmgr...
    INFO    cellapp-1 8508 8001  [2018-07-22 11:17:08 365] - Components::process(): Found all the components!
    INFO    cellapp-1 8508 8001  [2018-07-22 11:17:08 565] - ServerApp::onRegisterNewApp: uid:8508, username:, componentType:baseapp, componentID:7001, globalorderID=5, grouporderID=1, intaddr:192.168.0.106, intport:50235, extaddr:192.168.0.106, extport:20015,  from 192.168.0.106:50230/0/0/0.
    INFO    cellapp-1 8508 8001  [2018-07-22 11:17:08 565] - Components::addComponent[baseapp], uid=8508, componentID=7001, globalorderid=5, grouporderid=1, totalcount=1
    INFO    cellapp-1 8508 8001  [2018-07-22 11:17:11 666] - EntityApp::onDbmgrInitCompleted: entityID alloc(1-2001), startGlobalOrder=4, startGroupOrder=1, digest=F547257E65B19568C42912D2DC30BA6C.
    INFO    cellapp01 8508 8001  [2018-07-22 11:17:11 666] - IDClient::onAddRange: number of ids increased from 1 to 2001.
   S_DBG    cellapp01 8508 8001  [2018-07-22 11:17:12 871] - onInit::isReload:0
 WARNING    cellapp01 8508 8001  [2018-07-22 11:17:12 871] - e:\kbengine\kbe\src\lib\server\entity_app.h:749: Profile processRecvMessages took 1.21 seconds
 WARNING    cellapp01 8508 8001  [2018-07-22 11:17:12 872] - e:\kbengine\kbe\src\server\cellapp\cellapp.cpp:245: Profile gameTick took 1.21 seconds
 WARNING    cellapp01 8508 8001  [2018-07-22 11:17:12 872] - e:\kbengine\kbe\src\lib\network\event_dispatcher.cpp:153: Profile callSystemTimers took 1.21 seconds
 WARNING    cellapp01 8508 8001  [2018-07-22 11:17:12 872] - EntityApp::checkTickPeriod: tick took 1206% (1.21 seconds)!
   DEBUG    cellapp01 8508 8001  [2018-07-22 11:17:12 923] - InitProgressHandler::~InitProgressHandler()
   S_DBG    cellapp01 8508 8001  [2018-07-22 11:17:13 866] - onGlobalData: Halls
   DEBUG    cellapp01 8508 8001  [2018-07-22 11:17:32 366] - Spaces::createNewSpace: new space(Room) 1.
    INFO    cellapp01 8508 8001  [2018-07-22 11:17:32 366] - EntityApp::createEntity: new Room 2003
    INFO    cellapp01 8508 8001  [2018-07-22 11:17:32 368] - KBEngine::addSpaceGeometryMapping: spaceID=1, respath=spaces/mjRoom, shouldLoadOnServer=1!
    INFO    cellapp01 8508 8001  [2018-07-22 11:17:32 466] - KBEngine::onLoadedSpaceGeometryMapping: spaceID=1, respath=spaces/mjRoom!
   S_DBG    cellapp01 8508 8001  [2018-07-22 11:17:32 466] - 玩家进来了---2002 座位号为 0
    INFO    cellapp01 8508 8001  [2018-07-22 11:17:32 566] - EntityApp::createEntity: new Account 2002
   S_DBG    cellapp01 8508 8001  [2018-07-22 11:17:33 766] - 2002
   S_DBG    cellapp01 8508 8001  [2018-07-22 11:17:33 766] - True
   S_DBG    cellapp01 8508 8001  [2018-07-22 11:17:33 866] - cell account
   S_DBG    cellapp01 8508 8001  [2018-07-22 11:17:33 866] - 1
   S_DBG    cellapp01 8508 8001  [2018-07-22 11:17:42 866] - 玩家进来了---2004 座位号为 1
    INFO    cellapp01 8508 8001  [2018-07-22 11:17:42 966] - EntityApp::createEntity: new Account 2004
   S_DBG    cellapp01 8508 8001  [2018-07-22 11:17:45 366] - 2004
   S_DBG    cellapp01 8508 8001  [2018-07-22 11:17:45 366] - True
   S_DBG    cellapp01 8508 8001  [2018-07-22 11:17:45 366] - 全部就位---开始处理！
   S_DBG    cellapp01 8508 8001  [2018-07-22 11:17:45 373] - 游戏开始！
   S_DBG    cellapp01 8508 8001  [2018-07-22 11:17:45 466] - cell account
   S_DBG    cellapp01 8508 8001  [2018-07-22 11:17:45 466] - 1
   DEBUG    cellapp01 8508 8001  [2018-07-22 11:24:24 872] - Account::onWriteToDB(): 2002.
   DEBUG    cellapp01 8508 8001  [2018-07-22 11:26:54 875] - Account::onWriteToDB(): 2004.
    INFO    cellapp-1 10627 8001  [2018-07-22 11:27:43 000] - -----------------------------------------------------------------------------------------


    INFO    cellapp-1 10627 8001  [2018-07-22 11:27:43 000] - Resmgr::initialize: KBE_ROOT=E:/kbengine/
    INFO    cellapp-1 10627 8001  [2018-07-22 11:27:43 000] - Resmgr::initialize: KBE_RES_PATH=E:/kbengine/kbe/res/;E:/kbengine/assets/;E:/kbengine/assets/scripts/;E:/kbengine/assets/res/
    INFO    cellapp-1 10627 8001  [2018-07-22 11:27:43 000] - Resmgr::initialize: KBE_BIN_PATH=E:/kbengine/kbe/bin/server/
    INFO    cellapp-1 10627 8001  [2018-07-22 11:27:43 003] - NetworkInterface::initialize(INTERNAL): bound to all interfaces with default route interface on 192.168.0.106 ( 192.168.0.106:50343 )
    INFO    cellapp-1 10627 8001  [2018-07-22 11:27:43 003] - NetworkInterface::initialize(INTERNAL): address 192.168.0.106:50343, SOMAXCONN=5.
    INFO    cellapp-1 10627 8001  [2018-07-22 11:27:43 003] - server-configs:
    INFO    cellapp-1 10627 8001  [2018-07-22 11:27:43 003] - 	gameUpdateHertz : 10
    INFO    cellapp-1 10627 8001  [2018-07-22 11:27:43 003] - 	defaultViewRadius : 80
    INFO    cellapp-1 10627 8001  [2018-07-22 11:27:43 003] - 	defaultViewHysteresisArea : 5
    INFO    cellapp-1 10627 8001  [2018-07-22 11:27:43 003] - 	entryScriptFile : kbemain
    INFO    cellapp-1 10627 8001  [2018-07-22 11:27:43 004] - 	internalAddr : 192.168.0.106:50343
    INFO    cellapp-1 10627 8001  [2018-07-22 11:27:43 004] - 	componentID : 8001
 WARNING    cellapp-1 10627 8001  [2018-07-22 11:27:43 326] - BundleBroadcast::BundleBroadcast: Cannot bind to port 20140, errorno=10048
    INFO    cellapp-1 10627 8001  [2018-07-22 11:27:43 330] - ---- cellapp Version: 2.0.0. ScriptVersion: 0.1.0. Protocol: 85A70C5E64F896E0F1A60BF405B4EB07. Config: Debug X86. Built: 15:53:53 Apr 29 2018. AppID: 8001. UID: 10627. PID: 8876 ----
    INFO    cellapp-1 10627 8001  [2018-07-22 11:27:43 330] - Server : Intel(R) Xeon(R) CPU E3-1230 v3 @ 3.30GHz with 4194303kB RAM
    INFO    cellapp-1 10627 8001  [2018-07-22 11:27:43 330] - ThreadPool::createThreadPool: creating  threadpool...
    INFO    cellapp-1 10627 8001  [2018-07-22 11:27:43 331] - ThreadPool::createThreadPool: successfully(2), newThreadCount=1, normalMaxThreadCount=2, maxThreadCount=8
   DEBUG    cellapp-1 10627 8001  [2018-07-22 11:27:43 458] - Script::install_py_dlls(): PyInit_pyexpat
   DEBUG    cellapp-1 10627 8001  [2018-07-22 11:27:43 458] - Script::install_py_dlls(): PyInit__socket
   DEBUG    cellapp-1 10627 8001  [2018-07-22 11:27:43 458] - Script::install_py_dlls(): PyInit__ssl
   DEBUG    cellapp-1 10627 8001  [2018-07-22 11:27:43 461] - Script::install_py_dlls(): PyInit__hashlib
   DEBUG    cellapp-1 10627 8001  [2018-07-22 11:27:43 462] - Script::install_py_dlls(): PyInit_select
   DEBUG    cellapp-1 10627 8001  [2018-07-22 11:27:43 462] - Script::install_py_dlls(): PyInit__ctypes
   DEBUG    cellapp-1 10627 8001  [2018-07-22 11:27:43 462] - Script::install_py_dlls(): PyInit__elementtree
   DEBUG    cellapp-1 10627 8001  [2018-07-22 11:27:43 490] - Script::install_py_dlls(): PyInit_unicodedata
    INFO    cellapp-1 10627 8001  [2018-07-22 11:27:43 518] - Script::install(): is successfully, Python=(3.4.2 (default, Apr 29 2018, 15:53:05) [MSC v.1913 32 bit (Intel)])!
    INFO    cellapp-1 10627 8001  [2018-07-22 11:27:43 518] - Script::install(): KBExtra is successfully!
   DEBUG    cellapp-1 10627 8001  [2018-07-22 11:27:43 535] - loaded entity-script:Account(1).
   DEBUG    cellapp-1 10627 8001  [2018-07-22 11:27:43 549] - loaded entity-script:Room(4).
    INFO    cellapp-1 10627 8001  [2018-07-22 11:27:43 550] - TelnetServer server is running on port 50000
    INFO    cellapp-1 10627 8001  [2018-07-22 11:27:43 834] - ---- cellapp is running ----
   DEBUG    cellapp-1 10627 8001  [2018-07-22 11:27:43 835] - Components::process(): Request for the process of identity...
 WARNING    cellapp-1 10627 8001  [2018-07-22 11:27:49 940] - EntityApp::checkTickPeriod: tick took 6104% (6.10 seconds)!
    INFO    cellapp-1 10627 8001  [2018-07-22 11:27:51 003] - Components::findComponents: find logger(1)...
    INFO    cellapp-1 10627 8001  [2018-07-22 11:27:51 043] - Components::findComponents: found logger, addr:192.168.0.106:50338
    INFO    cellapp-1 10627 8001  [2018-07-22 11:27:51 043] - Components::addComponent: reset orderLog, uid=10627!
    INFO    cellapp-1 10627 8001  [2018-07-22 11:27:51 044] - Components::addComponent[logger], uid=10627, componentID=2000, globalorderid=1, grouporderid=1, totalcount=1
    INFO    cellapp-1 10627 8001  [2018-07-22 11:27:51 046] - Components::findComponents: find dbmgr(2)...
    INFO    cellapp-1 10627 8001  [2018-07-22 11:27:51 147] - Components::findComponents: found dbmgr, addr:192.168.0.106:50339
    INFO    cellapp-1 10627 8001  [2018-07-22 11:27:51 148] - Components::addComponent: reset orderLog, uid=10627!
    INFO    cellapp-1 10627 8001  [2018-07-22 11:27:51 148] - Components::addComponent[dbmgr], uid=10627, componentID=4000, globalorderid=1, grouporderid=1, totalcount=1
    INFO    cellapp-1 10627 8001  [2018-07-22 11:27:51 149] - Components::findComponents: found dbmgr, addr:192.168.0.106:50339
 WARNING    cellapp-1 10627 8001  [2018-07-22 11:27:52 151] - EntityApp::checkTickPeriod: tick took 1216% (1.22 seconds)!
    INFO    cellapp-1 10627 8001  [2018-07-22 11:27:53 201] - Components::findComponents: find cellappmgr(1)...
    INFO    cellapp-1 10627 8001  [2018-07-22 11:27:53 289] - Components::findComponents: found cellappmgr, addr:192.168.0.106:50341
    INFO    cellapp-1 10627 8001  [2018-07-22 11:27:53 289] - Components::addComponent[cellappmgr], uid=10627, componentID=6000, globalorderid=2, grouporderid=1, totalcount=1
    INFO    cellapp-1 10627 8001  [2018-07-22 11:27:53 290] - Components::findComponents: found cellappmgr, addr:192.168.0.106:50341
 WARNING    cellapp-1 10627 8001  [2018-07-22 11:27:54 290] - EntityApp::checkTickPeriod: tick took 1155% (1.15 seconds)!
    INFO    cellapp-1 10627 8001  [2018-07-22 11:27:55 301] - Components::findComponents: find baseappmgr(1)...
    INFO    cellapp-1 10627 8001  [2018-07-22 11:27:55 401] - Components::findComponents: found baseappmgr, addr:192.168.0.106:50336
    INFO    cellapp-1 10627 8001  [2018-07-22 11:27:55 401] - Components::addComponent[baseappmgr], uid=10627, componentID=5000, globalorderid=3, grouporderid=1, totalcount=1
    INFO    cellapp-1 10627 8001  [2018-07-22 11:27:55 402] - Components::findComponents: found baseappmgr, addr:192.168.0.106:50336
 WARNING    cellapp-1 10627 8001  [2018-07-22 11:27:56 403] - EntityApp::checkTickPeriod: tick took 1167% (1.17 seconds)!
    INFO    cellapp-1 10627 8001  [2018-07-22 11:27:57 536] - Components::findComponents: register self to dbmgr...
    INFO    cellapp-1 10627 8001  [2018-07-22 11:27:57 602] - Components::findComponents: register self to cellappmgr...
    INFO    cellapp-1 10627 8001  [2018-07-22 11:27:57 635] - Components::findComponents: register self to baseappmgr...
    INFO    cellapp-1 10627 8001  [2018-07-22 11:27:57 702] - Components::process(): Found all the components!
    INFO    cellapp-1 10627 8001  [2018-07-22 11:27:58 936] - ServerApp::onRegisterNewApp: uid:10627, username:, componentType:baseapp, componentID:7001, globalorderID=5, grouporderID=1, intaddr:192.168.0.106, intport:50342, extaddr:192.168.0.106, extport:20015,  from 192.168.0.106:50339/0/0/0.
    INFO    cellapp-1 10627 8001  [2018-07-22 11:27:58 936] - Components::addComponent[baseapp], uid=10627, componentID=7001, globalorderid=5, grouporderid=1, totalcount=1
    INFO    cellapp-1 10627 8001  [2018-07-22 11:28:02 035] - EntityApp::onDbmgrInitCompleted: entityID alloc(1-2001), startGlobalOrder=4, startGroupOrder=1, digest=F547257E65B19568C42912D2DC30BA6C.
    INFO    cellapp01 10627 8001  [2018-07-22 11:28:02 035] - IDClient::onAddRange: number of ids increased from 1 to 2001.
   S_DBG    cellapp01 10627 8001  [2018-07-22 11:28:03 238] - onInit::isReload:0
 WARNING    cellapp01 10627 8001  [2018-07-22 11:28:03 238] - e:\kbengine\kbe\src\lib\server\entity_app.h:749: Profile processRecvMessages took 1.20 seconds
 WARNING    cellapp01 10627 8001  [2018-07-22 11:28:03 239] - e:\kbengine\kbe\src\server\cellapp\cellapp.cpp:245: Profile gameTick took 1.20 seconds
 WARNING    cellapp01 10627 8001  [2018-07-22 11:28:03 239] - e:\kbengine\kbe\src\lib\network\event_dispatcher.cpp:153: Profile callSystemTimers took 1.20 seconds
 WARNING    cellapp01 10627 8001  [2018-07-22 11:28:03 239] - EntityApp::checkTickPeriod: tick took 1204% (1.20 seconds)!
   DEBUG    cellapp01 10627 8001  [2018-07-22 11:28:03 302] - InitProgressHandler::~InitProgressHandler()
   S_DBG    cellapp01 10627 8001  [2018-07-22 11:28:04 135] - onGlobalData: Halls
   DEBUG    cellapp01 10627 8001  [2018-07-22 11:28:16 836] - Spaces::createNewSpace: new space(Room) 1.
    INFO    cellapp01 10627 8001  [2018-07-22 11:28:16 836] - EntityApp::createEntity: new Room 2003
    INFO    cellapp01 10627 8001  [2018-07-22 11:28:16 837] - KBEngine::addSpaceGeometryMapping: spaceID=1, respath=spaces/mjRoom, shouldLoadOnServer=1!
    INFO    cellapp01 10627 8001  [2018-07-22 11:28:16 936] - KBEngine::onLoadedSpaceGeometryMapping: spaceID=1, respath=spaces/mjRoom!
   S_DBG    cellapp01 10627 8001  [2018-07-22 11:28:16 936] - 玩家进来了---2002 座位号为 0
    INFO    cellapp01 10627 8001  [2018-07-22 11:28:17 036] - EntityApp::createEntity: new Account 2002
   S_DBG    cellapp01 10627 8001  [2018-07-22 11:28:19 336] - 2002
   S_DBG    cellapp01 10627 8001  [2018-07-22 11:28:19 336] - True
   S_DBG    cellapp01 10627 8001  [2018-07-22 11:28:19 436] - cell account
   S_DBG    cellapp01 10627 8001  [2018-07-22 11:28:19 436] - 1
   S_DBG    cellapp01 10627 8001  [2018-07-22 11:28:28 235] - 玩家进来了---2004 座位号为 1
    INFO    cellapp01 10627 8001  [2018-07-22 11:28:28 335] - EntityApp::createEntity: new Account 2004
   S_DBG    cellapp01 10627 8001  [2018-07-22 11:28:30 735] - 2004
   S_DBG    cellapp01 10627 8001  [2018-07-22 11:28:30 735] - True
   S_DBG    cellapp01 10627 8001  [2018-07-22 11:28:30 735] - 全部就位---开始处理！
   S_DBG    cellapp01 10627 8001  [2018-07-22 11:28:30 742] - 游戏开始！
   S_DBG    cellapp01 10627 8001  [2018-07-22 11:28:30 835] - cell account
   S_DBG    cellapp01 10627 8001  [2018-07-22 11:28:30 835] - 1
   DEBUG    cellapp01 10627 8001  [2018-07-22 11:35:15 243] - Account::onWriteToDB(): 2004.
   DEBUG    cellapp01 10627 8001  [2018-07-22 11:37:45 244] - Account::onWriteToDB(): 2002.
   DEBUG    cellapp01 10627 8001  [2018-07-22 11:40:15 247] - Account::onWriteToDB(): 2004.
   DEBUG    cellapp01 10627 8001  [2018-07-22 11:42:45 249] - Account::onWriteToDB(): 2002.
   DEBUG    cellapp01 10627 8001  [2018-07-22 11:45:15 252] - Account::onWriteToDB(): 2004.
   DEBUG    cellapp01 10627 8001  [2018-07-22 11:47:45 255] - Account::onWriteToDB(): 2002.
   DEBUG    cellapp01 10627 8001  [2018-07-22 11:50:15 257] - Account::onWriteToDB(): 2004.
   DEBUG    cellapp01 10627 8001  [2018-07-22 11:52:45 260] - Account::onWriteToDB(): 2002.
   DEBUG    cellapp01 10627 8001  [2018-07-22 11:55:15 261] - Account::onWriteToDB(): 2002.
   DEBUG    cellapp01 10627 8001  [2018-07-22 11:57:45 264] - Account::onWriteToDB(): 2004.
   DEBUG    cellapp01 10627 8001  [2018-07-22 12:00:15 266] - Account::onWriteToDB(): 2004.
   DEBUG    cellapp01 10627 8001  [2018-07-22 12:02:45 269] - Account::onWriteToDB(): 2002.
   DEBUG    cellapp01 10627 8001  [2018-07-22 12:05:15 272] - Account::onWriteToDB(): 2004.
   DEBUG    cellapp01 10627 8001  [2018-07-22 12:07:45 274] - Account::onWriteToDB(): 2002.
   DEBUG    cellapp01 10627 8001  [2018-07-22 12:10:15 276] - Account::onWriteToDB(): 2004.
   DEBUG    cellapp01 10627 8001  [2018-07-22 12:12:45 278] - Account::onWriteToDB(): 2002.
   DEBUG    cellapp01 10627 8001  [2018-07-22 12:15:15 281] - Account::onWriteToDB(): 2002.
   DEBUG    cellapp01 10627 8001  [2018-07-22 12:17:45 283] - Account::onWriteToDB(): 2004.
   DEBUG    cellapp01 10627 8001  [2018-07-22 12:20:15 286] - Account::onWriteToDB(): 2004.
   DEBUG    cellapp01 10627 8001  [2018-07-22 12:22:45 289] - Account::onWriteToDB(): 2002.
   DEBUG    cellapp01 10627 8001  [2018-07-22 12:25:15 290] - Account::onWriteToDB(): 2004.
   DEBUG    cellapp01 10627 8001  [2018-07-22 12:27:45 293] - Account::onWriteToDB(): 2002.
   DEBUG    cellapp01 10627 8001  [2018-07-22 12:30:15 295] - Account::onWriteToDB(): 2002.
   DEBUG    cellapp01 10627 8001  [2018-07-22 12:32:45 298] - Account::onWriteToDB(): 2004.
   DEBUG    cellapp01 10627 8001  [2018-07-22 12:35:15 301] - Account::onWriteToDB(): 2004.
   DEBUG    cellapp01 10627 8001  [2018-07-22 12:37:45 303] - Account::onWriteToDB(): 2002.
   DEBUG    cellapp01 10627 8001  [2018-07-22 12:40:15 306] - Account::onWriteToDB(): 2004.
   DEBUG    cellapp01 10627 8001  [2018-07-22 12:42:45 307] - Account::onWriteToDB(): 2002.
   DEBUG    cellapp01 10627 8001  [2018-07-22 12:45:15 310] - Account::onWriteToDB(): 2004.
   DEBUG    cellapp01 10627 8001  [2018-07-22 12:47:45 312] - Account::onWriteToDB(): 2002.
   DEBUG    cellapp01 10627 8001  [2018-07-22 12:50:15 315] - Account::onWriteToDB(): 2004.
   DEBUG    cellapp01 10627 8001  [2018-07-22 12:52:45 318] - Account::onWriteToDB(): 2002.
