   DEBUG    cellapp01 22461 8001  [2018-11-12 00:01:24 858] - Account::onWriteToDB(): 2007.
   DEBUG    cellapp01 22461 8001  [2018-11-12 00:02:31 558] - Account::onWriteToDB(): 2002.
   DEBUG    cellapp01 22461 8001  [2018-11-12 00:03:04 857] - Account::onWriteToDB(): 2005.
   DEBUG    cellapp01 22461 8001  [2018-11-12 00:06:24 858] - Account::onWriteToDB(): 2007.
   DEBUG    cellapp01 22461 8001  [2018-11-12 00:06:58 158] - Account::onWriteToDB(): 2005.
   DEBUG    cellapp01 22461 8001  [2018-11-12 00:07:31 559] - Account::onWriteToDB(): 2002.
   DEBUG    cellapp01 22461 8001  [2018-11-12 00:08:38 059] - Account::onWriteToDB(): 2004.
   DEBUG    cellapp01 22461 8001  [2018-11-12 00:09:11 459] - Account::onWriteToDB(): 2005.
   DEBUG    cellapp01 22461 8001  [2018-11-12 00:11:24 759] - Account::onWriteToDB(): 2007.
   DEBUG    cellapp01 22461 8001  [2018-11-12 00:11:58 060] - Account::onWriteToDB(): 2004.
   DEBUG    cellapp01 22461 8001  [2018-11-12 00:12:31 460] - Account::onWriteToDB(): 2002.
   DEBUG    cellapp01 22461 8001  [2018-11-12 00:14:11 460] - Account::onWriteToDB(): 2004.
   DEBUG    cellapp01 22461 8001  [2018-11-12 00:14:44 760] - Account::onWriteToDB(): 2007.
   DEBUG    cellapp01 22461 8001  [2018-11-12 00:15:18 060] - Account::onWriteToDB(): 2002.
   DEBUG    cellapp01 22461 8001  [2018-11-12 00:16:58 061] - Account::onWriteToDB(): 2005.
   DEBUG    cellapp01 22461 8001  [2018-11-12 00:20:18 062] - Account::onWriteToDB(): 2005.
   DEBUG    cellapp01 22461 8001  [2018-11-12 00:21:24 761] - Account::onWriteToDB(): 2004.
   DEBUG    cellapp01 22461 8001  [2018-11-12 00:21:58 062] - Account::onWriteToDB(): 2007.
   DEBUG    cellapp01 22461 8001  [2018-11-12 00:23:38 062] - Account::onWriteToDB(): 2002.
   DEBUG    cellapp01 22461 8001  [2018-11-12 00:24:11 462] - Account::onWriteToDB(): 2007.
   DEBUG    cellapp01 22461 8001  [2018-11-12 00:25:18 063] - Account::onWriteToDB(): 2005.
   DEBUG    cellapp01 22461 8001  [2018-11-12 00:25:51 462] - Account::onWriteToDB(): 2004.
   DEBUG    cellapp01 22461 8001  [2018-11-12 00:28:04 763] - Account::onWriteToDB(): 2002.
   DEBUG    cellapp01 22461 8001  [2018-11-12 00:29:11 463] - Account::onWriteToDB(): 2004.
   DEBUG    cellapp01 22461 8001  [2018-11-12 00:29:44 763] - Account::onWriteToDB(): 2005.
   DEBUG    cellapp01 22461 8001  [2018-11-12 00:31:58 064] - Account::onWriteToDB(): 2002.
   DEBUG    cellapp01 22461 8001  [2018-11-12 00:33:38 065] - Account::onWriteToDB(): 2007.
   DEBUG    cellapp01 22461 8001  [2018-11-12 00:34:44 765] - Account::onWriteToDB(): 2004.
   DEBUG    cellapp01 22461 8001  [2018-11-12 00:35:18 065] - Account::onWriteToDB(): 2002.
   DEBUG    cellapp01 22461 8001  [2018-11-12 00:35:51 465] - Account::onWriteToDB(): 2005.
   DEBUG    cellapp01 22461 8001  [2018-11-12 00:37:31 466] - Account::onWriteToDB(): 2007.
   DEBUG    cellapp01 22461 8001  [2018-11-12 00:39:44 766] - Account::onWriteToDB(): 2004.
   DEBUG    cellapp01 22461 8001  [2018-11-12 00:42:31 466] - Account::onWriteToDB(): 2007.
   DEBUG    cellapp01 22461 8001  [2018-11-12 00:43:04 766] - Account::onWriteToDB(): 2002.
   DEBUG    cellapp01 22461 8001  [2018-11-12 00:43:38 066] - Account::onWriteToDB(): 2005.
   DEBUG    cellapp01 22461 8001  [2018-11-12 00:44:44 767] - Account::onWriteToDB(): 2004.
   DEBUG    cellapp01 22461 8001  [2018-11-12 00:45:18 067] - Account::onWriteToDB(): 2007.
   DEBUG    cellapp01 22461 8001  [2018-11-12 00:45:51 467] - Account::onWriteToDB(): 2002.
   DEBUG    cellapp01 22461 8001  [2018-11-12 00:48:38 068] - Account::onWriteToDB(): 2005.
   DEBUG    cellapp01 22461 8001  [2018-11-12 00:49:11 468] - Account::onWriteToDB(): 2002.
    INFO    cellapp-1 5424 8001  [2018-11-12 13:52:42 699] - -----------------------------------------------------------------------------------------


    INFO    cellapp-1 5424 8001  [2018-11-12 13:52:43 808] - Resmgr::initialize: KBE_ROOT=E:/kbengine/
    INFO    cellapp-1 5424 8001  [2018-11-12 13:52:43 808] - Resmgr::initialize: KBE_RES_PATH=E:/kbengine/kbe/res/;E:/kbengine/assets/;E:/kbengine/assets/scripts/;E:/kbengine/assets/res/
    INFO    cellapp-1 5424 8001  [2018-11-12 13:52:43 809] - Resmgr::initialize: KBE_BIN_PATH=E:/kbengine/kbe/bin/server/
    INFO    cellapp-1 5424 8001  [2018-11-12 13:52:45 135] - NetworkInterface::initialize(INTERNAL): bound to all interfaces with default route interface on 192.168.0.107 ( 192.168.0.107:51542 )
    INFO    cellapp-1 5424 8001  [2018-11-12 13:52:45 147] - NetworkInterface::initialize(INTERNAL): address 192.168.0.107:51542, SOMAXCONN=5.
    INFO    cellapp-1 5424 8001  [2018-11-12 13:52:45 148] - server-configs:
    INFO    cellapp-1 5424 8001  [2018-11-12 13:52:45 148] - 	gameUpdateHertz : 10
    INFO    cellapp-1 5424 8001  [2018-11-12 13:52:45 506] - 	defaultViewRadius : 80
    INFO    cellapp-1 5424 8001  [2018-11-12 13:52:45 507] - 	defaultViewHysteresisArea : 5
    INFO    cellapp-1 5424 8001  [2018-11-12 13:52:45 507] - 	entryScriptFile : kbemain
    INFO    cellapp-1 5424 8001  [2018-11-12 13:52:45 507] - 	internalAddr : 192.168.0.107:51542
    INFO    cellapp-1 5424 8001  [2018-11-12 13:52:45 508] - 	componentID : 8001
    INFO    cellapp-1 5424 8001  [2018-11-12 13:52:46 479] - Components::findLogger: found logger, addr:192.168.0.107:51533
    INFO    cellapp-1 5424 8001  [2018-11-12 13:52:46 479] - Components::addComponent: reset orderLog, uid=5424!
    INFO    cellapp-1 5424 8001  [2018-11-12 13:52:46 568] - Components::addComponent[logger], uid=5424, componentID=2000, globalorderid=1, grouporderid=1, totalcount=1
    INFO    cellapp-1 5424 8001  [2018-11-12 13:52:46 960] - ---- cellapp Version: 2.0.0. ScriptVersion: 0.1.0. Protocol: 85A70C5E64F896E0F1A60BF405B4EB07. Config: Debug X86. Built: 15:53:53 Apr 29 2018. AppID: 8001. UID: 5424. PID: 7288 ----
    INFO    cellapp-1 5424 8001  [2018-11-12 13:52:46 961] - Server : Intel(R) Xeon(R) CPU E3-1230 v3 @ 3.30GHz with 4194303kB RAM
    INFO    cellapp-1 5424 8001  [2018-11-12 13:52:47 157] - ThreadPool::createThreadPool: creating  threadpool...
    INFO    cellapp-1 5424 8001  [2018-11-12 13:52:47 249] - ThreadPool::createThreadPool: successfully(2), newThreadCount=1, normalMaxThreadCount=2, maxThreadCount=8
   DEBUG    cellapp-1 5424 8001  [2018-11-12 13:52:50 933] - Script::install_py_dlls(): PyInit_pyexpat
   DEBUG    cellapp-1 5424 8001  [2018-11-12 13:52:50 993] - Script::install_py_dlls(): PyInit__socket
   DEBUG    cellapp-1 5424 8001  [2018-11-12 13:52:51 111] - Script::install_py_dlls(): PyInit__ssl
   DEBUG    cellapp-1 5424 8001  [2018-11-12 13:52:52 255] - Script::install_py_dlls(): PyInit__hashlib
   DEBUG    cellapp-1 5424 8001  [2018-11-12 13:52:52 304] - Script::install_py_dlls(): PyInit_select
   DEBUG    cellapp-1 5424 8001  [2018-11-12 13:52:52 359] - Script::install_py_dlls(): PyInit__ctypes
   DEBUG    cellapp-1 5424 8001  [2018-11-12 13:52:52 408] - Script::install_py_dlls(): PyInit__elementtree
   DEBUG    cellapp-1 5424 8001  [2018-11-12 13:52:52 826] - Script::install_py_dlls(): PyInit_unicodedata
    INFO    cellapp-1 5424 8001  [2018-11-12 13:52:54 217] - Script::install(): is successfully, Python=(3.4.2 (default, Apr 29 2018, 15:53:05) [MSC v.1913 32 bit (Intel)])!
    INFO    cellapp-1 5424 8001  [2018-11-12 13:52:54 218] - Script::install(): KBExtra is successfully!
   DEBUG    cellapp-1 5424 8001  [2018-11-12 13:52:55 150] - loaded entity-script:Account(1).
   DEBUG    cellapp-1 5424 8001  [2018-11-12 13:52:55 340] - loaded entity-script:Room(4).
    INFO    cellapp-1 5424 8001  [2018-11-12 13:52:55 370] - TelnetServer server is running on port 50000
    INFO    cellapp-1 5424 8001  [2018-11-12 13:52:55 938] - ---- cellapp is running ----
   DEBUG    cellapp-1 5424 8001  [2018-11-12 13:52:55 991] - Components::process(): Request for the process of identity...
 WARNING    cellapp-1 5424 8001  [2018-11-12 13:53:02 179] - EntityApp::checkTickPeriod: tick took 6241% (6.24 seconds)!
    INFO    cellapp-1 5424 8001  [2018-11-12 13:53:03 239] - Components::findComponents: find dbmgr(1)...
    INFO    cellapp-1 5424 8001  [2018-11-12 13:53:03 334] - Components::findComponents: found dbmgr, addr:192.168.0.107:51536
    INFO    cellapp-1 5424 8001  [2018-11-12 13:53:03 334] - Components::addComponent: reset orderLog, uid=5424!
    INFO    cellapp-1 5424 8001  [2018-11-12 13:53:03 334] - Components::addComponent[dbmgr], uid=5424, componentID=4000, globalorderid=1, grouporderid=1, totalcount=1
    INFO    cellapp-1 5424 8001  [2018-11-12 13:53:03 335] - Components::findComponents: found dbmgr, addr:192.168.0.107:51536
 WARNING    cellapp-1 5424 8001  [2018-11-12 13:53:04 335] - EntityApp::checkTickPeriod: tick took 1196% (1.20 seconds)!
    INFO    cellapp-1 5424 8001  [2018-11-12 13:53:05 339] - Components::findComponents: find cellappmgr(1)...
    INFO    cellapp-1 5424 8001  [2018-11-12 13:53:05 344] - Components::findComponents: found cellappmgr, addr:192.168.0.107:51535
    INFO    cellapp-1 5424 8001  [2018-11-12 13:53:05 344] - Components::addComponent[cellappmgr], uid=5424, componentID=6000, globalorderid=2, grouporderid=1, totalcount=1
    INFO    cellapp-1 5424 8001  [2018-11-12 13:53:05 344] - Components::findComponents: found cellappmgr, addr:192.168.0.107:51535
 WARNING    cellapp-1 5424 8001  [2018-11-12 13:53:06 344] - EntityApp::checkTickPeriod: tick took 1105% (1.11 seconds)!
    INFO    cellapp-1 5424 8001  [2018-11-12 13:53:07 373] - Components::findComponents: find baseappmgr(1)...
    INFO    cellapp-1 5424 8001  [2018-11-12 13:53:07 448] - Components::findComponents: found baseappmgr, addr:192.168.0.107:51537
    INFO    cellapp-1 5424 8001  [2018-11-12 13:53:07 449] - Components::addComponent[baseappmgr], uid=5424, componentID=5000, globalorderid=3, grouporderid=1, totalcount=1
    INFO    cellapp-1 5424 8001  [2018-11-12 13:53:07 450] - Components::findComponents: found baseappmgr, addr:192.168.0.107:51537
 WARNING    cellapp-1 5424 8001  [2018-11-12 13:53:08 450] - EntityApp::checkTickPeriod: tick took 1111% (1.11 seconds)!
    INFO    cellapp-1 5424 8001  [2018-11-12 13:53:09 538] - Components::findComponents: register self to dbmgr...
    INFO    cellapp-1 5424 8001  [2018-11-12 13:53:09 573] - Components::findComponents: register self to cellappmgr...
    INFO    cellapp-1 5424 8001  [2018-11-12 13:53:09 638] - Components::findComponents: register self to baseappmgr...
    INFO    cellapp-1 5424 8001  [2018-11-12 13:53:09 673] - Components::process(): Found all the components!
    INFO    cellapp-1 5424 8001  [2018-11-12 13:53:12 638] - EntityApp::onDbmgrInitCompleted: entityID alloc(1-2001), startGlobalOrder=5, startGroupOrder=1, digest=7F4FC8296AD553545CD95B23EFF6238F.
    INFO    cellapp01 5424 8001  [2018-11-12 13:53:12 638] - IDClient::onAddRange: number of ids increased from 1 to 2001.
   S_DBG    cellapp01 5424 8001  [2018-11-12 13:53:13 843] - onInit::isReload:0
 WARNING    cellapp01 5424 8001  [2018-11-12 13:53:13 844] - e:\kbengine\kbe\src\lib\server\entity_app.h:749: Profile processRecvMessages took 1.21 seconds
 WARNING    cellapp01 5424 8001  [2018-11-12 13:53:13 844] - e:\kbengine\kbe\src\server\cellapp\cellapp.cpp:245: Profile gameTick took 1.21 seconds
 WARNING    cellapp01 5424 8001  [2018-11-12 13:53:13 844] - e:\kbengine\kbe\src\lib\network\event_dispatcher.cpp:153: Profile callSystemTimers took 1.21 seconds
 WARNING    cellapp01 5424 8001  [2018-11-12 13:53:13 845] - EntityApp::checkTickPeriod: tick took 1207% (1.21 seconds)!
   DEBUG    cellapp01 5424 8001  [2018-11-12 13:53:13 895] - InitProgressHandler::~InitProgressHandler()
    INFO    cellapp01 5424 8001  [2018-11-12 13:53:15 738] - ServerApp::onRegisterNewApp: uid:5424, username:, componentType:baseapp, componentID:7001, globalorderID=6, grouporderID=1, intaddr:192.168.0.107, intport:51552, extaddr:192.168.0.107, extport:20015,  from 192.168.0.107:51536/0/0/0.
    INFO    cellapp01 5424 8001  [2018-11-12 13:53:15 738] - Components::addComponent[baseapp], uid=5424, componentID=7001, globalorderid=6, grouporderid=1, totalcount=1
   S_DBG    cellapp01 5424 8001  [2018-11-12 13:53:20 761] - onGlobalData: Halls
   DEBUG    cellapp01 5424 8001  [2018-11-12 14:21:54 602] - Spaces::createNewSpace: new space(Room) 1.
    INFO    cellapp01 5424 8001  [2018-11-12 14:21:54 627] - EntityApp::createEntity: new Room 2003
    INFO    cellapp01 5424 8001  [2018-11-12 14:21:54 670] - KBEngine::addSpaceGeometryMapping: spaceID=1, respath=spaces/mjRoom, shouldLoadOnServer=1!
 WARNING    cellapp01 5424 8001  [2018-11-12 14:21:54 689] - e:\kbengine\kbe\src\lib\server\entity_app.h:749: Profile processRecvMessages took 0.13 seconds
 WARNING    cellapp01 5424 8001  [2018-11-12 14:21:54 690] - e:\kbengine\kbe\src\server\cellapp\cellapp.cpp:245: Profile gameTick took 0.13 seconds
 WARNING    cellapp01 5424 8001  [2018-11-12 14:21:54 690] - e:\kbengine\kbe\src\lib\network\event_dispatcher.cpp:153: Profile callSystemTimers took 0.13 seconds
    INFO    cellapp01 5424 8001  [2018-11-12 14:21:54 761] - KBEngine::onLoadedSpaceGeometryMapping: spaceID=1, respath=spaces/mjRoom!
   S_DBG    cellapp01 5424 8001  [2018-11-12 14:21:54 762] - 玩家进来了---2002 座位号为 0
    INFO    cellapp01 5424 8001  [2018-11-12 14:21:54 862] - EntityApp::createEntity: new Account 2002
   DEBUG    cellapp01 5424 8001  [2018-11-12 14:22:01 567] - Account::~Account(): 2002
   S_DBG    cellapp01 5424 8001  [2018-11-12 14:22:04 161] - 玩家进来了---2002 座位号为 0
    INFO    cellapp01 5424 8001  [2018-11-12 14:22:04 261] - EntityApp::createEntity: new Account 2002
   DEBUG    cellapp01 5424 8001  [2018-11-12 14:22:06 567] - WitnessedTimeoutHandler::handleTimeout: witnesseds is empty, timer is canceled!
   DEBUG    cellapp01 5424 8001  [2018-11-12 14:22:06 963] - Account::~Account(): 2002
   DEBUG    cellapp01 5424 8001  [2018-11-12 14:22:21 963] - WitnessedTimeoutHandler::handleTimeout: witnesseds is empty, timer is canceled!
   S_DBG    cellapp01 5424 8001  [2018-11-12 14:24:02 263] - 玩家进来了---2002 座位号为 0
    INFO    cellapp01 5424 8001  [2018-11-12 14:24:02 364] - EntityApp::createEntity: new Account 2002
   DEBUG    cellapp01 5424 8001  [2018-11-12 14:24:06 165] - Account::~Account(): 2002
   DEBUG    cellapp01 5424 8001  [2018-11-12 14:24:21 165] - WitnessedTimeoutHandler::handleTimeout: witnesseds is empty, timer is canceled!
   S_DBG    cellapp01 5424 8001  [2018-11-12 14:24:41 563] - 玩家进来了---2002 座位号为 0
    INFO    cellapp01 5424 8001  [2018-11-12 14:24:41 663] - EntityApp::createEntity: new Account 2002
   S_DBG    cellapp01 5424 8001  [2018-11-12 14:24:46 063] - 玩家进来了---2004 座位号为 1
    INFO    cellapp01 5424 8001  [2018-11-12 14:24:46 163] - EntityApp::createEntity: new Account 2004
   DEBUG    cellapp01 5424 8001  [2018-11-12 14:24:52 365] - Account::~Account(): 2002
   S_DBG    cellapp01 5424 8001  [2018-11-12 14:25:01 663] - 2004
   S_DBG    cellapp01 5424 8001  [2018-11-12 14:25:01 664] - True
   S_DBG    cellapp01 5424 8001  [2018-11-12 14:25:01 763] - cell account
   S_DBG    cellapp01 5424 8001  [2018-11-12 14:25:01 764] - 1
   S_DBG    cellapp01 5424 8001  [2018-11-12 14:25:03 663] - 玩家进来了---2002 座位号为 0
    INFO    cellapp01 5424 8001  [2018-11-12 14:25:03 763] - EntityApp::createEntity: new Account 2002
   DEBUG    cellapp01 5424 8001  [2018-11-12 14:25:07 365] - WitnessedTimeoutHandler::handleTimeout: witnesseds is empty, timer is canceled!
   DEBUG    cellapp01 5424 8001  [2018-11-12 14:25:08 566] - Account::~Account(): 2002
   S_DBG    cellapp01 5424 8001  [2018-11-12 14:25:19 963] - 玩家进来了---2002 座位号为 0
    INFO    cellapp01 5424 8001  [2018-11-12 14:25:20 063] - EntityApp::createEntity: new Account 2002
   DEBUG    cellapp01 5424 8001  [2018-11-12 14:25:23 567] - WitnessedTimeoutHandler::handleTimeout: witnesseds is empty, timer is canceled!
   S_DBG    cellapp01 5424 8001  [2018-11-12 14:25:24 764] - 2002
   S_DBG    cellapp01 5424 8001  [2018-11-12 14:25:24 765] - True
   S_DBG    cellapp01 5424 8001  [2018-11-12 14:25:24 765] - 全部就位---开始处理！
   S_DBG    cellapp01 5424 8001  [2018-11-12 14:25:24 793] - 游戏开始！
 WARNING    cellapp01 5424 8001  [2018-11-12 14:25:24 948] - e:\kbengine\kbe\src\server\cellapp\entity.cpp:978: Profile scriptCall took 0.18 seconds
 WARNING    cellapp01 5424 8001  [2018-11-12 14:25:24 948] - e:\kbengine\kbe\src\lib\server\entity_app.h:749: Profile processRecvMessages took 0.18 seconds
 WARNING    cellapp01 5424 8001  [2018-11-12 14:25:24 949] - e:\kbengine\kbe\src\server\cellapp\cellapp.cpp:245: Profile gameTick took 0.19 seconds
 WARNING    cellapp01 5424 8001  [2018-11-12 14:25:24 949] - e:\kbengine\kbe\src\lib\network\event_dispatcher.cpp:153: Profile callSystemTimers took 0.19 seconds
   S_DBG    cellapp01 5424 8001  [2018-11-12 14:25:24 950] - cell account
   S_DBG    cellapp01 5424 8001  [2018-11-12 14:25:24 950] - 1
 WARNING    cellapp01 5424 8001  [2018-11-12 14:25:29 123] - e:\kbengine\kbe\src\server\cellapp\entity.cpp:4236: Profile onTimer took 0.16 seconds
 WARNING    cellapp01 5424 8001  [2018-11-12 14:25:29 124] - e:\kbengine\kbe\src\lib\server\serverapp.cpp:253: Profile callScriptTimers took 0.16 seconds
 WARNING    cellapp01 5424 8001  [2018-11-12 14:25:29 124] - e:\kbengine\kbe\src\server\cellapp\cellapp.cpp:245: Profile gameTick took 0.16 seconds
 WARNING    cellapp01 5424 8001  [2018-11-12 14:25:29 124] - e:\kbengine\kbe\src\lib\network\event_dispatcher.cpp:153: Profile callSystemTimers took 0.16 seconds
 WARNING    cellapp01 5424 8001  [2018-11-12 14:25:33 092] - e:\kbengine\kbe\src\server\cellapp\entity.cpp:4236: Profile onTimer took 0.13 seconds
 WARNING    cellapp01 5424 8001  [2018-11-12 14:25:33 092] - e:\kbengine\kbe\src\lib\server\serverapp.cpp:253: Profile callScriptTimers took 0.13 seconds
 WARNING    cellapp01 5424 8001  [2018-11-12 14:25:33 093] - e:\kbengine\kbe\src\server\cellapp\cellapp.cpp:245: Profile gameTick took 0.13 seconds
 WARNING    cellapp01 5424 8001  [2018-11-12 14:25:33 093] - e:\kbengine\kbe\src\lib\network\event_dispatcher.cpp:153: Profile callSystemTimers took 0.13 seconds
 WARNING    cellapp01 5424 8001  [2018-11-12 14:25:35 868] - e:\kbengine\kbe\src\server\cellapp\entity.cpp:4236: Profile onTimer took 0.20 seconds
 WARNING    cellapp01 5424 8001  [2018-11-12 14:25:35 868] - e:\kbengine\kbe\src\lib\server\serverapp.cpp:253: Profile callScriptTimers took 0.20 seconds
 WARNING    cellapp01 5424 8001  [2018-11-12 14:25:35 869] - e:\kbengine\kbe\src\server\cellapp\cellapp.cpp:245: Profile gameTick took 0.20 seconds
 WARNING    cellapp01 5424 8001  [2018-11-12 14:25:35 869] - e:\kbengine\kbe\src\lib\network\event_dispatcher.cpp:153: Profile callSystemTimers took 0.21 seconds
 WARNING    cellapp01 5424 8001  [2018-11-12 14:25:35 869] - EntityApp::checkTickPeriod: tick took 205% (0.20 seconds)!
 WARNING    cellapp01 5424 8001  [2018-11-12 14:25:38 407] - e:\kbengine\kbe\src\server\cellapp\entity.cpp:4236: Profile onTimer took 0.14 seconds
 WARNING    cellapp01 5424 8001  [2018-11-12 14:25:38 407] - e:\kbengine\kbe\src\lib\server\serverapp.cpp:253: Profile callScriptTimers took 0.14 seconds
 WARNING    cellapp01 5424 8001  [2018-11-12 14:25:38 408] - e:\kbengine\kbe\src\server\cellapp\cellapp.cpp:245: Profile gameTick took 0.14 seconds
 WARNING    cellapp01 5424 8001  [2018-11-12 14:25:38 408] - e:\kbengine\kbe\src\lib\network\event_dispatcher.cpp:153: Profile callSystemTimers took 0.15 seconds
 WARNING    cellapp01 5424 8001  [2018-11-12 14:25:40 267] - e:\kbengine\kbe\src\server\cellapp\entity.cpp:978: Profile scriptCall took 0.10 seconds
 WARNING    cellapp01 5424 8001  [2018-11-12 14:25:40 268] - e:\kbengine\kbe\src\lib\server\entity_app.h:749: Profile processRecvMessages took 0.10 seconds
 WARNING    cellapp01 5424 8001  [2018-11-12 14:25:40 268] - e:\kbengine\kbe\src\server\cellapp\cellapp.cpp:245: Profile gameTick took 0.10 seconds
 WARNING    cellapp01 5424 8001  [2018-11-12 14:25:40 269] - e:\kbengine\kbe\src\lib\network\event_dispatcher.cpp:153: Profile callSystemTimers took 0.11 seconds
 WARNING    cellapp01 5424 8001  [2018-11-12 14:25:43 504] - e:\kbengine\kbe\src\server\cellapp\entity.cpp:4236: Profile onTimer took 0.14 seconds
 WARNING    cellapp01 5424 8001  [2018-11-12 14:25:43 504] - e:\kbengine\kbe\src\lib\server\serverapp.cpp:253: Profile callScriptTimers took 0.14 seconds
 WARNING    cellapp01 5424 8001  [2018-11-12 14:25:43 504] - e:\kbengine\kbe\src\server\cellapp\cellapp.cpp:245: Profile gameTick took 0.14 seconds
 WARNING    cellapp01 5424 8001  [2018-11-12 14:25:43 504] - e:\kbengine\kbe\src\lib\network\event_dispatcher.cpp:153: Profile callSystemTimers took 0.14 seconds
 WARNING    cellapp01 5424 8001  [2018-11-12 14:25:53 388] - e:\kbengine\kbe\src\server\cellapp\entity.cpp:4236: Profile onTimer took 0.22 seconds
 WARNING    cellapp01 5424 8001  [2018-11-12 14:25:53 388] - e:\kbengine\kbe\src\lib\server\serverapp.cpp:253: Profile callScriptTimers took 0.22 seconds
 WARNING    cellapp01 5424 8001  [2018-11-12 14:25:53 389] - e:\kbengine\kbe\src\server\cellapp\cellapp.cpp:245: Profile gameTick took 0.23 seconds
 WARNING    cellapp01 5424 8001  [2018-11-12 14:25:53 389] - e:\kbengine\kbe\src\lib\network\event_dispatcher.cpp:153: Profile callSystemTimers took 0.23 seconds
 WARNING    cellapp01 5424 8001  [2018-11-12 14:25:53 389] - EntityApp::checkTickPeriod: tick took 225% (0.22 seconds)!
 WARNING    cellapp01 5424 8001  [2018-11-12 14:26:03 497] - e:\kbengine\kbe\src\server\cellapp\entity.cpp:978: Profile scriptCall took 0.13 seconds
 WARNING    cellapp01 5424 8001  [2018-11-12 14:26:03 497] - e:\kbengine\kbe\src\lib\server\entity_app.h:749: Profile processRecvMessages took 0.13 seconds
 WARNING    cellapp01 5424 8001  [2018-11-12 14:26:03 497] - e:\kbengine\kbe\src\server\cellapp\cellapp.cpp:245: Profile gameTick took 0.13 seconds
 WARNING    cellapp01 5424 8001  [2018-11-12 14:26:03 498] - e:\kbengine\kbe\src\lib\network\event_dispatcher.cpp:153: Profile callSystemTimers took 0.13 seconds
 WARNING    cellapp01 5424 8001  [2018-11-12 14:26:15 041] - e:\kbengine\kbe\src\server\cellapp\entity.cpp:4236: Profile onTimer took 0.18 seconds
 WARNING    cellapp01 5424 8001  [2018-11-12 14:26:15 041] - e:\kbengine\kbe\src\lib\server\serverapp.cpp:253: Profile callScriptTimers took 0.18 seconds
 WARNING    cellapp01 5424 8001  [2018-11-12 14:26:15 042] - e:\kbengine\kbe\src\server\cellapp\cellapp.cpp:245: Profile gameTick took 0.18 seconds
 WARNING    cellapp01 5424 8001  [2018-11-12 14:26:15 042] - e:\kbengine\kbe\src\lib\network\event_dispatcher.cpp:153: Profile callSystemTimers took 0.18 seconds
 WARNING    cellapp01 5424 8001  [2018-11-12 14:26:35 330] - e:\kbengine\kbe\src\server\cellapp\entity.cpp:4236: Profile onTimer took 0.26 seconds
 WARNING    cellapp01 5424 8001  [2018-11-12 14:26:35 331] - e:\kbengine\kbe\src\lib\server\serverapp.cpp:253: Profile callScriptTimers took 0.27 seconds
 WARNING    cellapp01 5424 8001  [2018-11-12 14:26:35 332] - e:\kbengine\kbe\src\server\cellapp\cellapp.cpp:245: Profile gameTick took 0.27 seconds
 WARNING    cellapp01 5424 8001  [2018-11-12 14:26:35 332] - e:\kbengine\kbe\src\lib\network\event_dispatcher.cpp:153: Profile callSystemTimers took 0.27 seconds
 WARNING    cellapp01 5424 8001  [2018-11-12 14:26:35 332] - EntityApp::checkTickPeriod: tick took 267% (0.27 seconds)!
   DEBUG    cellapp01 5424 8001  [2018-11-12 14:28:02 266] - Account::onWriteToDB(): 2002.
 WARNING    cellapp01 5424 8001  [2018-11-12 14:28:34 571] - e:\kbengine\kbe\src\server\cellapp\entity.cpp:4236: Profile onTimer took 0.20 seconds
 WARNING    cellapp01 5424 8001  [2018-11-12 14:28:34 572] - e:\kbengine\kbe\src\lib\server\serverapp.cpp:253: Profile callScriptTimers took 0.20 seconds
 WARNING    cellapp01 5424 8001  [2018-11-12 14:28:34 572] - e:\kbengine\kbe\src\server\cellapp\cellapp.cpp:245: Profile gameTick took 0.21 seconds
 WARNING    cellapp01 5424 8001  [2018-11-12 14:28:34 572] - e:\kbengine\kbe\src\lib\network\event_dispatcher.cpp:153: Profile callSystemTimers took 0.21 seconds
 WARNING    cellapp01 5424 8001  [2018-11-12 14:28:34 573] - EntityApp::checkTickPeriod: tick took 206% (0.21 seconds)!
   DEBUG    cellapp01 5424 8001  [2018-11-12 14:30:32 267] - Account::onWriteToDB(): 2002.
   DEBUG    cellapp01 5424 8001  [2018-11-12 14:33:02 270] - Account::onWriteToDB(): 2004.
   DEBUG    cellapp01 5424 8001  [2018-11-12 14:35:32 271] - Account::onWriteToDB(): 2004.
   DEBUG    cellapp01 5424 8001  [2018-11-12 14:38:02 274] - Account::onWriteToDB(): 2002.
   DEBUG    cellapp01 5424 8001  [2018-11-12 14:40:32 276] - Account::onWriteToDB(): 2002.
   DEBUG    cellapp01 5424 8001  [2018-11-12 14:43:02 277] - Account::onWriteToDB(): 2004.
   DEBUG    cellapp01 5424 8001  [2018-11-12 14:45:32 280] - Account::onWriteToDB(): 2002.
   DEBUG    cellapp01 5424 8001  [2018-11-12 14:48:02 281] - Account::onWriteToDB(): 2004.
   DEBUG    cellapp01 5424 8001  [2018-11-12 14:50:32 283] - Account::onWriteToDB(): 2004.
   DEBUG    cellapp01 5424 8001  [2018-11-12 14:53:02 285] - Account::onWriteToDB(): 2002.
   DEBUG    cellapp01 5424 8001  [2018-11-12 14:55:32 287] - Account::onWriteToDB(): 2002.
   DEBUG    cellapp01 5424 8001  [2018-11-12 14:58:02 290] - Account::onWriteToDB(): 2004.
   DEBUG    cellapp01 5424 8001  [2018-11-12 15:00:32 291] - Account::onWriteToDB(): 2002.
   DEBUG    cellapp01 5424 8001  [2018-11-12 15:03:02 293] - Account::onWriteToDB(): 2004.
   DEBUG    cellapp01 5424 8001  [2018-11-12 15:05:32 295] - Account::onWriteToDB(): 2002.
   DEBUG    cellapp01 5424 8001  [2018-11-12 15:08:02 197] - Account::onWriteToDB(): 2004.
   DEBUG    cellapp01 5424 8001  [2018-11-12 15:10:32 199] - Account::onWriteToDB(): 2002.
   DEBUG    cellapp01 5424 8001  [2018-11-12 15:13:02 201] - Account::onWriteToDB(): 2004.
   DEBUG    cellapp01 5424 8001  [2018-11-12 15:15:32 203] - Account::onWriteToDB(): 2004.
   DEBUG    cellapp01 5424 8001  [2018-11-12 15:18:02 205] - Account::onWriteToDB(): 2002.
   DEBUG    cellapp01 5424 8001  [2018-11-12 15:20:32 207] - Account::onWriteToDB(): 2002.
   DEBUG    cellapp01 5424 8001  [2018-11-12 15:23:02 208] - Account::onWriteToDB(): 2004.
   DEBUG    cellapp01 5424 8001  [2018-11-12 15:25:32 211] - Account::onWriteToDB(): 2004.
   DEBUG    cellapp01 5424 8001  [2018-11-12 15:28:02 213] - Account::onWriteToDB(): 2002.
   DEBUG    cellapp01 5424 8001  [2018-11-12 15:30:32 214] - Account::onWriteToDB(): 2004.
   DEBUG    cellapp01 5424 8001  [2018-11-12 15:33:02 217] - Account::onWriteToDB(): 2002.
   DEBUG    cellapp01 5424 8001  [2018-11-12 15:35:32 218] - Account::onWriteToDB(): 2002.
   DEBUG    cellapp01 5424 8001  [2018-11-12 15:38:02 221] - Account::onWriteToDB(): 2004.
   DEBUG    cellapp01 5424 8001  [2018-11-12 15:40:32 222] - Account::onWriteToDB(): 2002.
   DEBUG    cellapp01 5424 8001  [2018-11-12 15:43:02 224] - Account::onWriteToDB(): 2004.
   DEBUG    cellapp01 5424 8001  [2018-11-12 15:45:32 227] - Account::onWriteToDB(): 2004.
   DEBUG    cellapp01 5424 8001  [2018-11-12 15:48:02 228] - Account::onWriteToDB(): 2002.
   DEBUG    cellapp01 5424 8001  [2018-11-12 15:50:32 230] - Account::onWriteToDB(): 2002.
   DEBUG    cellapp01 5424 8001  [2018-11-12 15:53:02 232] - Account::onWriteToDB(): 2004.
   DEBUG    cellapp01 5424 8001  [2018-11-12 15:55:32 234] - Account::onWriteToDB(): 2002.
   DEBUG    cellapp01 5424 8001  [2018-11-12 15:58:02 237] - Account::onWriteToDB(): 2004.
   DEBUG    cellapp01 5424 8001  [2018-11-12 16:00:32 238] - Account::onWriteToDB(): 2002.
   DEBUG    cellapp01 5424 8001  [2018-11-12 16:03:02 240] - Account::onWriteToDB(): 2004.
   DEBUG    cellapp01 5424 8001  [2018-11-12 16:05:32 242] - Account::onWriteToDB(): 2002.
   DEBUG    cellapp01 5424 8001  [2018-11-12 16:08:02 244] - Account::onWriteToDB(): 2004.
   DEBUG    cellapp01 5424 8001  [2018-11-12 16:10:32 245] - Account::onWriteToDB(): 2002.
   DEBUG    cellapp01 5424 8001  [2018-11-12 16:13:02 248] - Account::onWriteToDB(): 2004.
   DEBUG    cellapp01 5424 8001  [2018-11-12 16:15:32 250] - Account::onWriteToDB(): 2002.
   DEBUG    cellapp01 5424 8001  [2018-11-12 16:18:02 252] - Account::onWriteToDB(): 2004.
   DEBUG    cellapp01 5424 8001  [2018-11-12 16:20:32 254] - Account::onWriteToDB(): 2004.
   DEBUG    cellapp01 5424 8001  [2018-11-12 16:23:02 255] - Account::onWriteToDB(): 2002.
   DEBUG    cellapp01 5424 8001  [2018-11-12 16:25:32 258] - Account::onWriteToDB(): 2004.
   DEBUG    cellapp01 5424 8001  [2018-11-12 16:28:02 259] - Account::onWriteToDB(): 2002.
   DEBUG    cellapp01 5424 8001  [2018-11-12 16:30:32 261] - Account::onWriteToDB(): 2002.
   DEBUG    cellapp01 5424 8001  [2018-11-12 16:33:02 264] - Account::onWriteToDB(): 2004.
   DEBUG    cellapp01 5424 8001  [2018-11-12 16:35:32 265] - Account::onWriteToDB(): 2002.
   DEBUG    cellapp01 5424 8001  [2018-11-12 16:38:02 168] - Account::onWriteToDB(): 2004.
   DEBUG    cellapp01 5424 8001  [2018-11-12 16:40:32 169] - Account::onWriteToDB(): 2002.
   DEBUG    cellapp01 5424 8001  [2018-11-12 16:43:02 171] - Account::onWriteToDB(): 2004.
   DEBUG    cellapp01 5424 8001  [2018-11-12 16:45:32 174] - Account::onWriteToDB(): 2004.
   DEBUG    cellapp01 5424 8001  [2018-11-12 16:48:02 175] - Account::onWriteToDB(): 2002.
   DEBUG    cellapp01 5424 8001  [2018-11-12 16:50:32 177] - Account::onWriteToDB(): 2002.
   DEBUG    cellapp01 5424 8001  [2018-11-12 16:53:02 179] - Account::onWriteToDB(): 2004.
   DEBUG    cellapp01 5424 8001  [2018-11-12 16:55:32 181] - Account::onWriteToDB(): 2002.
   DEBUG    cellapp01 5424 8001  [2018-11-12 16:58:02 183] - Account::onWriteToDB(): 2004.
   DEBUG    cellapp01 5424 8001  [2018-11-12 17:00:32 185] - Account::onWriteToDB(): 2004.
   DEBUG    cellapp01 5424 8001  [2018-11-12 17:03:02 187] - Account::onWriteToDB(): 2002.
   DEBUG    cellapp01 5424 8001  [2018-11-12 17:05:32 189] - Account::onWriteToDB(): 2004.
   DEBUG    cellapp01 5424 8001  [2018-11-12 17:08:02 191] - Account::onWriteToDB(): 2002.
   DEBUG    cellapp01 5424 8001  [2018-11-12 17:10:32 192] - Account::onWriteToDB(): 2004.
   DEBUG    cellapp01 5424 8001  [2018-11-12 17:13:02 195] - Account::onWriteToDB(): 2002.
   DEBUG    cellapp01 5424 8001  [2018-11-12 17:15:32 196] - Account::onWriteToDB(): 2002.
   DEBUG    cellapp01 5424 8001  [2018-11-12 17:18:02 199] - Account::onWriteToDB(): 2004.
   DEBUG    cellapp01 5424 8001  [2018-11-12 17:20:32 201] - Account::onWriteToDB(): 2004.
   DEBUG    cellapp01 5424 8001  [2018-11-12 17:23:02 202] - Account::onWriteToDB(): 2002.
   DEBUG    cellapp01 5424 8001  [2018-11-12 17:25:32 205] - Account::onWriteToDB(): 2002.
   DEBUG    cellapp01 5424 8001  [2018-11-12 17:28:02 206] - Account::onWriteToDB(): 2004.
   DEBUG    cellapp01 5424 8001  [2018-11-12 17:30:32 208] - Account::onWriteToDB(): 2002.
   DEBUG    cellapp01 5424 8001  [2018-11-12 17:33:02 211] - Account::onWriteToDB(): 2004.
   DEBUG    cellapp01 5424 8001  [2018-11-12 17:35:32 212] - Account::onWriteToDB(): 2004.
   DEBUG    cellapp01 5424 8001  [2018-11-12 17:38:02 215] - Account::onWriteToDB(): 2002.
   DEBUG    cellapp01 5424 8001  [2018-11-12 17:40:32 216] - Account::onWriteToDB(): 2004.
   DEBUG    cellapp01 5424 8001  [2018-11-12 17:43:02 218] - Account::onWriteToDB(): 2002.
   DEBUG    cellapp01 5424 8001  [2018-11-12 17:45:32 220] - Account::onWriteToDB(): 2002.
   DEBUG    cellapp01 5424 8001  [2018-11-12 17:48:02 222] - Account::onWriteToDB(): 2004.
   DEBUG    cellapp01 5424 8001  [2018-11-12 17:50:32 224] - Account::onWriteToDB(): 2002.
   DEBUG    cellapp01 5424 8001  [2018-11-12 17:53:02 226] - Account::onWriteToDB(): 2004.
   DEBUG    cellapp01 5424 8001  [2018-11-12 17:55:32 228] - Account::onWriteToDB(): 2004.
   DEBUG    cellapp01 5424 8001  [2018-11-12 17:58:02 230] - Account::onWriteToDB(): 2002.
   DEBUG    cellapp01 5424 8001  [2018-11-12 18:00:32 232] - Account::onWriteToDB(): 2004.
   DEBUG    cellapp01 5424 8001  [2018-11-12 18:03:02 234] - Account::onWriteToDB(): 2002.
   DEBUG    cellapp01 5424 8001  [2018-11-12 18:05:32 236] - Account::onWriteToDB(): 2004.
   DEBUG    cellapp01 5424 8001  [2018-11-12 18:08:02 138] - Account::onWriteToDB(): 2002.
   DEBUG    cellapp01 5424 8001  [2018-11-12 18:10:32 139] - Account::onWriteToDB(): 2002.
   DEBUG    cellapp01 5424 8001  [2018-11-12 18:13:02 142] - Account::onWriteToDB(): 2004.
   DEBUG    cellapp01 5424 8001  [2018-11-12 18:15:32 143] - Account::onWriteToDB(): 2004.
   DEBUG    cellapp01 5424 8001  [2018-11-12 18:18:02 146] - Account::onWriteToDB(): 2002.
   DEBUG    cellapp01 5424 8001  [2018-11-12 18:20:32 148] - Account::onWriteToDB(): 2004.
   DEBUG    cellapp01 5424 8001  [2018-11-12 18:23:02 149] - Account::onWriteToDB(): 2002.
   DEBUG    cellapp01 5424 8001  [2018-11-12 18:25:32 152] - Account::onWriteToDB(): 2002.
   DEBUG    cellapp01 5424 8001  [2018-11-12 18:28:02 153] - Account::onWriteToDB(): 2004.
   DEBUG    cellapp01 5424 8001  [2018-11-12 18:30:32 155] - Account::onWriteToDB(): 2004.
   DEBUG    cellapp01 5424 8001  [2018-11-12 18:33:02 157] - Account::onWriteToDB(): 2002.
   DEBUG    cellapp01 5424 8001  [2018-11-12 18:35:32 159] - Account::onWriteToDB(): 2004.
   DEBUG    cellapp01 5424 8001  [2018-11-12 18:38:02 162] - Account::onWriteToDB(): 2002.
   DEBUG    cellapp01 5424 8001  [2018-11-12 18:40:32 163] - Account::onWriteToDB(): 2002.
   DEBUG    cellapp01 5424 8001  [2018-11-12 18:43:02 165] - Account::onWriteToDB(): 2004.
   DEBUG    cellapp01 5424 8001  [2018-11-12 18:45:32 167] - Account::onWriteToDB(): 2002.
   DEBUG    cellapp01 5424 8001  [2018-11-12 18:48:02 169] - Account::onWriteToDB(): 2004.
   DEBUG    cellapp01 5424 8001  [2018-11-12 18:50:32 171] - Account::onWriteToDB(): 2004.
   DEBUG    cellapp01 5424 8001  [2018-11-12 18:53:02 173] - Account::onWriteToDB(): 2002.
   DEBUG    cellapp01 5424 8001  [2018-11-12 18:55:32 175] - Account::onWriteToDB(): 2004.
   DEBUG    cellapp01 5424 8001  [2018-11-12 18:58:02 176] - Account::onWriteToDB(): 2002.
   DEBUG    cellapp01 5424 8001  [2018-11-12 19:00:32 179] - Account::onWriteToDB(): 2004.
   DEBUG    cellapp01 5424 8001  [2018-11-12 19:03:02 180] - Account::onWriteToDB(): 2002.
   DEBUG    cellapp01 5424 8001  [2018-11-12 19:05:32 183] - Account::onWriteToDB(): 2002.
   DEBUG    cellapp01 5424 8001  [2018-11-12 19:08:02 185] - Account::onWriteToDB(): 2004.
   DEBUG    cellapp01 5424 8001  [2018-11-12 19:10:32 186] - Account::onWriteToDB(): 2002.
   DEBUG    cellapp01 5424 8001  [2018-11-12 19:13:02 189] - Account::onWriteToDB(): 2004.
   DEBUG    cellapp01 5424 8001  [2018-11-12 19:15:32 190] - Account::onWriteToDB(): 2004.
   DEBUG    cellapp01 5424 8001  [2018-11-12 19:18:02 192] - Account::onWriteToDB(): 2002.
   DEBUG    cellapp01 5424 8001  [2018-11-12 19:20:32 194] - Account::onWriteToDB(): 2002.
   DEBUG    cellapp01 5424 8001  [2018-11-12 19:23:02 196] - Account::onWriteToDB(): 2004.
   DEBUG    cellapp01 5424 8001  [2018-11-12 19:25:32 199] - Account::onWriteToDB(): 2002.
   DEBUG    cellapp01 5424 8001  [2018-11-12 19:28:02 200] - Account::onWriteToDB(): 2004.
   DEBUG    cellapp01 5424 8001  [2018-11-12 19:30:32 202] - Account::onWriteToDB(): 2004.
   DEBUG    cellapp01 5424 8001  [2018-11-12 19:33:02 204] - Account::onWriteToDB(): 2002.
   DEBUG    cellapp01 5424 8001  [2018-11-12 19:35:32 206] - Account::onWriteToDB(): 2002.
   DEBUG    cellapp01 5424 8001  [2018-11-12 19:38:02 108] - Account::onWriteToDB(): 2004.
   DEBUG    cellapp01 5424 8001  [2018-11-12 19:40:32 110] - Account::onWriteToDB(): 2004.
   DEBUG    cellapp01 5424 8001  [2018-11-12 19:43:02 112] - Account::onWriteToDB(): 2002.
   DEBUG    cellapp01 5424 8001  [2018-11-12 19:45:32 114] - Account::onWriteToDB(): 2002.
   DEBUG    cellapp01 5424 8001  [2018-11-12 19:48:02 116] - Account::onWriteToDB(): 2004.
   DEBUG    cellapp01 5424 8001  [2018-11-12 19:50:32 117] - Account::onWriteToDB(): 2004.
   DEBUG    cellapp01 5424 8001  [2018-11-12 19:53:02 120] - Account::onWriteToDB(): 2002.
   DEBUG    cellapp01 5424 8001  [2018-11-12 19:55:32 122] - Account::onWriteToDB(): 2002.
   DEBUG    cellapp01 5424 8001  [2018-11-12 19:58:02 124] - Account::onWriteToDB(): 2004.
   DEBUG    cellapp01 5424 8001  [2018-11-12 20:00:32 126] - Account::onWriteToDB(): 2004.
   DEBUG    cellapp01 5424 8001  [2018-11-12 20:03:02 127] - Account::onWriteToDB(): 2002.
   DEBUG    cellapp01 5424 8001  [2018-11-12 20:05:32 130] - Account::onWriteToDB(): 2004.
   DEBUG    cellapp01 5424 8001  [2018-11-12 20:08:02 131] - Account::onWriteToDB(): 2002.
   DEBUG    cellapp01 5424 8001  [2018-11-12 20:10:32 133] - Account::onWriteToDB(): 2004.
   DEBUG    cellapp01 5424 8001  [2018-11-12 20:13:02 136] - Account::onWriteToDB(): 2002.
   DEBUG    cellapp01 5424 8001  [2018-11-12 20:15:32 137] - Account::onWriteToDB(): 2004.
   DEBUG    cellapp01 5424 8001  [2018-11-12 20:18:02 139] - Account::onWriteToDB(): 2002.
   DEBUG    cellapp01 5424 8001  [2018-11-12 20:20:32 141] - Account::onWriteToDB(): 2004.
   DEBUG    cellapp01 5424 8001  [2018-11-12 20:23:02 143] - Account::onWriteToDB(): 2002.
   DEBUG    cellapp01 5424 8001  [2018-11-12 20:25:32 146] - Account::onWriteToDB(): 2004.
   DEBUG    cellapp01 5424 8001  [2018-11-12 20:28:02 147] - Account::onWriteToDB(): 2002.
   DEBUG    cellapp01 5424 8001  [2018-11-12 20:30:32 149] - Account::onWriteToDB(): 2002.
   DEBUG    cellapp01 5424 8001  [2018-11-12 20:33:02 151] - Account::onWriteToDB(): 2004.
   DEBUG    cellapp01 5424 8001  [2018-11-12 20:35:32 153] - Account::onWriteToDB(): 2004.
   DEBUG    cellapp01 5424 8001  [2018-11-12 20:38:02 155] - Account::onWriteToDB(): 2002.
   DEBUG    cellapp01 5424 8001  [2018-11-12 20:40:32 157] - Account::onWriteToDB(): 2002.
   DEBUG    cellapp01 5424 8001  [2018-11-12 20:43:02 159] - Account::onWriteToDB(): 2004.
   DEBUG    cellapp01 5424 8001  [2018-11-12 20:45:32 161] - Account::onWriteToDB(): 2002.
   DEBUG    cellapp01 5424 8001  [2018-11-12 20:48:02 163] - Account::onWriteToDB(): 2004.
   DEBUG    cellapp01 5424 8001  [2018-11-12 20:50:32 164] - Account::onWriteToDB(): 2004.
   DEBUG    cellapp01 5424 8001  [2018-11-12 20:53:02 167] - Account::onWriteToDB(): 2002.
   DEBUG    cellapp01 5424 8001  [2018-11-12 20:55:32 168] - Account::onWriteToDB(): 2004.
   DEBUG    cellapp01 5424 8001  [2018-11-12 20:58:02 170] - Account::onWriteToDB(): 2002.
   DEBUG    cellapp01 5424 8001  [2018-11-12 21:00:32 173] - Account::onWriteToDB(): 2002.
   DEBUG    cellapp01 5424 8001  [2018-11-12 21:03:02 174] - Account::onWriteToDB(): 2004.
   DEBUG    cellapp01 5424 8001  [2018-11-12 21:05:32 077] - Account::onWriteToDB(): 2004.
   DEBUG    cellapp01 5424 8001  [2018-11-12 21:08:02 078] - Account::onWriteToDB(): 2002.
   DEBUG    cellapp01 5424 8001  [2018-11-12 21:10:32 080] - Account::onWriteToDB(): 2002.
   DEBUG    cellapp01 5424 8001  [2018-11-12 21:13:02 083] - Account::onWriteToDB(): 2004.
   DEBUG    cellapp01 5424 8001  [2018-11-12 21:15:32 084] - Account::onWriteToDB(): 2004.
   DEBUG    cellapp01 5424 8001  [2018-11-12 21:18:02 086] - Account::onWriteToDB(): 2002.
   DEBUG    cellapp01 5424 8001  [2018-11-12 21:20:32 088] - Account::onWriteToDB(): 2004.
   DEBUG    cellapp01 5424 8001  [2018-11-12 21:23:02 090] - Account::onWriteToDB(): 2002.
   DEBUG    cellapp01 5424 8001  [2018-11-12 21:25:32 092] - Account::onWriteToDB(): 2002.
   DEBUG    cellapp01 5424 8001  [2018-11-12 21:28:02 094] - Account::onWriteToDB(): 2004.
   DEBUG    cellapp01 5424 8001  [2018-11-12 21:30:32 096] - Account::onWriteToDB(): 2002.
   DEBUG    cellapp01 5424 8001  [2018-11-12 21:33:02 098] - Account::onWriteToDB(): 2004.
   DEBUG    cellapp01 5424 8001  [2018-11-12 21:35:32 100] - Account::onWriteToDB(): 2002.
   DEBUG    cellapp01 5424 8001  [2018-11-12 21:38:02 101] - Account::onWriteToDB(): 2004.
   DEBUG    cellapp01 5424 8001  [2018-11-12 21:40:32 104] - Account::onWriteToDB(): 2002.
   DEBUG    cellapp01 5424 8001  [2018-11-12 21:43:02 105] - Account::onWriteToDB(): 2004.
   DEBUG    cellapp01 5424 8001  [2018-11-12 21:45:32 108] - Account::onWriteToDB(): 2004.
   DEBUG    cellapp01 5424 8001  [2018-11-12 21:48:02 110] - Account::onWriteToDB(): 2002.
   DEBUG    cellapp01 5424 8001  [2018-11-12 21:50:32 111] - Account::onWriteToDB(): 2004.
   DEBUG    cellapp01 5424 8001  [2018-11-12 21:53:02 114] - Account::onWriteToDB(): 2002.
   DEBUG    cellapp01 5424 8001  [2018-11-12 21:55:32 115] - Account::onWriteToDB(): 2002.
   DEBUG    cellapp01 5424 8001  [2018-11-12 21:58:02 117] - Account::onWriteToDB(): 2004.
   DEBUG    cellapp01 5424 8001  [2018-11-12 22:00:32 120] - Account::onWriteToDB(): 2004.
   DEBUG    cellapp01 5424 8001  [2018-11-12 22:03:02 121] - Account::onWriteToDB(): 2002.
   DEBUG    cellapp01 5424 8001  [2018-11-12 22:05:32 124] - Account::onWriteToDB(): 2004.
   DEBUG    cellapp01 5424 8001  [2018-11-12 22:08:02 125] - Account::onWriteToDB(): 2002.
   DEBUG    cellapp01 5424 8001  [2018-11-12 22:10:32 127] - Account::onWriteToDB(): 2002.
   DEBUG    cellapp01 5424 8001  [2018-11-12 22:13:02 129] - Account::onWriteToDB(): 2004.
   DEBUG    cellapp01 5424 8001  [2018-11-12 22:15:32 131] - Account::onWriteToDB(): 2004.
   DEBUG    cellapp01 5424 8001  [2018-11-12 22:18:02 133] - Account::onWriteToDB(): 2002.
   DEBUG    cellapp01 5424 8001  [2018-11-12 22:20:32 135] - Account::onWriteToDB(): 2002.
   DEBUG    cellapp01 5424 8001  [2018-11-12 22:23:02 137] - Account::onWriteToDB(): 2004.
   DEBUG    cellapp01 5424 8001  [2018-11-12 22:25:32 139] - Account::onWriteToDB(): 2002.
   DEBUG    cellapp01 5424 8001  [2018-11-12 22:28:02 141] - Account::onWriteToDB(): 2004.
   DEBUG    cellapp01 5424 8001  [2018-11-12 22:30:32 143] - Account::onWriteToDB(): 2004.
   DEBUG    cellapp01 5424 8001  [2018-11-12 22:33:02 145] - Account::onWriteToDB(): 2002.
   DEBUG    cellapp01 5424 8001  [2018-11-12 22:35:32 047] - Account::onWriteToDB(): 2004.
   DEBUG    cellapp01 5424 8001  [2018-11-12 22:38:02 048] - Account::onWriteToDB(): 2002.
   DEBUG    cellapp01 5424 8001  [2018-11-12 22:40:32 051] - Account::onWriteToDB(): 2002.
   DEBUG    cellapp01 5424 8001  [2018-11-12 22:43:02 052] - Account::onWriteToDB(): 2004.
   DEBUG    cellapp01 5424 8001  [2018-11-12 22:45:32 055] - Account::onWriteToDB(): 2004.
   DEBUG    cellapp01 5424 8001  [2018-11-12 22:48:02 057] - Account::onWriteToDB(): 2002.
   DEBUG    cellapp01 5424 8001  [2018-11-12 22:50:32 058] - Account::onWriteToDB(): 2002.
   DEBUG    cellapp01 5424 8001  [2018-11-12 22:53:02 061] - Account::onWriteToDB(): 2004.
   DEBUG    cellapp01 5424 8001  [2018-11-12 22:55:32 062] - Account::onWriteToDB(): 2002.
   DEBUG    cellapp01 5424 8001  [2018-11-12 22:58:02 064] - Account::onWriteToDB(): 2004.
   DEBUG    cellapp01 5424 8001  [2018-11-12 23:00:32 066] - Account::onWriteToDB(): 2002.
   DEBUG    cellapp01 5424 8001  [2018-11-12 23:03:02 068] - Account::onWriteToDB(): 2004.
   DEBUG    cellapp01 5424 8001  [2018-11-12 23:05:32 070] - Account::onWriteToDB(): 2004.
   DEBUG    cellapp01 5424 8001  [2018-11-12 23:08:02 072] - Account::onWriteToDB(): 2002.
   DEBUG    cellapp01 5424 8001  [2018-11-12 23:10:32 074] - Account::onWriteToDB(): 2004.
   DEBUG    cellapp01 5424 8001  [2018-11-12 23:13:02 076] - Account::onWriteToDB(): 2002.
   DEBUG    cellapp01 5424 8001  [2018-11-12 23:15:32 078] - Account::onWriteToDB(): 2002.
   DEBUG    cellapp01 5424 8001  [2018-11-12 23:18:02 080] - Account::onWriteToDB(): 2004.
   DEBUG    cellapp01 5424 8001  [2018-11-12 23:20:32 082] - Account::onWriteToDB(): 2004.
   DEBUG    cellapp01 5424 8001  [2018-11-12 23:23:02 084] - Account::onWriteToDB(): 2002.
   DEBUG    cellapp01 5424 8001  [2018-11-12 23:25:32 086] - Account::onWriteToDB(): 2002.
   DEBUG    cellapp01 5424 8001  [2018-11-12 23:28:02 088] - Account::onWriteToDB(): 2004.
   DEBUG    cellapp01 5424 8001  [2018-11-12 23:30:32 089] - Account::onWriteToDB(): 2002.
   DEBUG    cellapp01 5424 8001  [2018-11-12 23:33:02 092] - Account::onWriteToDB(): 2004.
   DEBUG    cellapp01 5424 8001  [2018-11-12 23:35:32 094] - Account::onWriteToDB(): 2002.
   DEBUG    cellapp01 5424 8001  [2018-11-12 23:38:02 095] - Account::onWriteToDB(): 2004.
   DEBUG    cellapp01 5424 8001  [2018-11-12 23:40:32 098] - Account::onWriteToDB(): 2004.
   DEBUG    cellapp01 5424 8001  [2018-11-12 23:43:02 099] - Account::onWriteToDB(): 2002.
   DEBUG    cellapp01 5424 8001  [2018-11-12 23:45:32 102] - Account::onWriteToDB(): 2004.
   DEBUG    cellapp01 5424 8001  [2018-11-12 23:48:02 103] - Account::onWriteToDB(): 2002.
   DEBUG    cellapp01 5424 8001  [2018-11-12 23:50:32 105] - Account::onWriteToDB(): 2004.
   DEBUG    cellapp01 5424 8001  [2018-11-12 23:53:02 108] - Account::onWriteToDB(): 2002.
   DEBUG    cellapp01 5424 8001  [2018-11-12 23:55:32 109] - Account::onWriteToDB(): 2004.
   DEBUG    cellapp01 5424 8001  [2018-11-12 23:58:02 111] - Account::onWriteToDB(): 2002.
