    INFO    cellapp-1 19624 8001  [2018-06-24 12:28:56 740] - -----------------------------------------------------------------------------------------


    INFO    cellapp-1 19624 8001  [2018-06-24 12:28:56 741] - Resmgr::initialize: KBE_ROOT=E:/kbengine/
    INFO    cellapp-1 19624 8001  [2018-06-24 12:28:56 741] - Resmgr::initialize: KBE_RES_PATH=E:/kbengine/kbe/res/;E:/kbengine/assets/;E:/kbengine/assets/scripts/;E:/kbengine/assets/res/
    INFO    cellapp-1 19624 8001  [2018-06-24 12:28:56 741] - Resmgr::initialize: KBE_BIN_PATH=E:/kbengine/kbe/bin/server/
    INFO    cellapp-1 19624 8001  [2018-06-24 12:28:56 745] - NetworkInterface::initialize(INTERNAL): bound to all interfaces with default route interface on 192.168.0.106 ( 192.168.0.106:50801 )
    INFO    cellapp-1 19624 8001  [2018-06-24 12:28:56 746] - NetworkInterface::initialize(INTERNAL): address 192.168.0.106:50801, SOMAXCONN=5.
    INFO    cellapp-1 19624 8001  [2018-06-24 12:28:56 746] - server-configs:
    INFO    cellapp-1 19624 8001  [2018-06-24 12:28:56 746] - 	gameUpdateHertz : 10
    INFO    cellapp-1 19624 8001  [2018-06-24 12:28:56 746] - 	defaultViewRadius : 80
    INFO    cellapp-1 19624 8001  [2018-06-24 12:28:56 746] - 	defaultViewHysteresisArea : 5
    INFO    cellapp-1 19624 8001  [2018-06-24 12:28:56 746] - 	entryScriptFile : kbemain
    INFO    cellapp-1 19624 8001  [2018-06-24 12:28:56 746] - 	internalAddr : 192.168.0.106:50801
    INFO    cellapp-1 19624 8001  [2018-06-24 12:28:56 746] - 	componentID : 8001
 WARNING    cellapp-1 19624 8001  [2018-06-24 12:28:57 057] - BundleBroadcast::BundleBroadcast: Cannot bind to port 20492, errorno=10048
    INFO    cellapp-1 19624 8001  [2018-06-24 12:28:57 061] - ---- cellapp Version: 2.0.0. ScriptVersion: 0.1.0. Protocol: 85A70C5E64F896E0F1A60BF405B4EB07. Config: Debug X86. Built: 15:53:53 Apr 29 2018. AppID: 8001. UID: 19624. PID: 8464 ----
    INFO    cellapp-1 19624 8001  [2018-06-24 12:28:57 061] - Server : Intel(R) Xeon(R) CPU E3-1230 v3 @ 3.30GHz with 4194303kB RAM
    INFO    cellapp-1 19624 8001  [2018-06-24 12:28:57 062] - ThreadPool::createThreadPool: creating  threadpool...
    INFO    cellapp-1 19624 8001  [2018-06-24 12:28:57 062] - ThreadPool::createThreadPool: successfully(2), newThreadCount=1, normalMaxThreadCount=2, maxThreadCount=8
   DEBUG    cellapp-1 19624 8001  [2018-06-24 12:28:57 188] - Script::install_py_dlls(): PyInit_pyexpat
   DEBUG    cellapp-1 19624 8001  [2018-06-24 12:28:57 189] - Script::install_py_dlls(): PyInit__socket
   DEBUG    cellapp-1 19624 8001  [2018-06-24 12:28:57 189] - Script::install_py_dlls(): PyInit__ssl
   DEBUG    cellapp-1 19624 8001  [2018-06-24 12:28:57 192] - Script::install_py_dlls(): PyInit__hashlib
   DEBUG    cellapp-1 19624 8001  [2018-06-24 12:28:57 192] - Script::install_py_dlls(): PyInit_select
   DEBUG    cellapp-1 19624 8001  [2018-06-24 12:28:57 192] - Script::install_py_dlls(): PyInit__ctypes
   DEBUG    cellapp-1 19624 8001  [2018-06-24 12:28:57 193] - Script::install_py_dlls(): PyInit__elementtree
   DEBUG    cellapp-1 19624 8001  [2018-06-24 12:28:57 220] - Script::install_py_dlls(): PyInit_unicodedata
    INFO    cellapp-1 19624 8001  [2018-06-24 12:28:57 247] - Script::install(): is successfully, Python=(3.4.2 (default, Apr 29 2018, 15:53:05) [MSC v.1913 32 bit (Intel)])!
    INFO    cellapp-1 19624 8001  [2018-06-24 12:28:57 247] - Script::install(): KBExtra is successfully!
   DEBUG    cellapp-1 19624 8001  [2018-06-24 12:28:57 272] - loaded entity-script:Account(1).
   DEBUG    cellapp-1 19624 8001  [2018-06-24 12:28:57 282] - loaded entity-script:Room(4).
    INFO    cellapp-1 19624 8001  [2018-06-24 12:28:57 282] - TelnetServer server is running on port 50000
    INFO    cellapp-1 19624 8001  [2018-06-24 12:28:57 567] - ---- cellapp is running ----
   DEBUG    cellapp-1 19624 8001  [2018-06-24 12:28:57 568] - Components::process(): Request for the process of identity...
 WARNING    cellapp-1 19624 8001  [2018-06-24 12:29:03 661] - EntityApp::checkTickPeriod: tick took 6092% (6.09 seconds)!
    INFO    cellapp-1 19624 8001  [2018-06-24 12:29:04 745] - Components::findComponents: find logger(1)...
    INFO    cellapp-1 19624 8001  [2018-06-24 12:29:04 810] - Components::findComponents: found logger, addr:192.168.0.106:50803
    INFO    cellapp-1 19624 8001  [2018-06-24 12:29:04 811] - Components::addComponent: reset orderLog, uid=19624!
    INFO    cellapp-1 19624 8001  [2018-06-24 12:29:04 811] - Components::addComponent[logger], uid=19624, componentID=2000, globalorderid=1, grouporderid=1, totalcount=1
    INFO    cellapp-1 19624 8001  [2018-06-24 12:29:04 814] - Components::findComponents: find dbmgr(2)...
    INFO    cellapp-1 19624 8001  [2018-06-24 12:29:04 915] - Components::findComponents: found dbmgr, addr:192.168.0.106:50798
    INFO    cellapp-1 19624 8001  [2018-06-24 12:29:04 915] - Components::addComponent: reset orderLog, uid=19624!
    INFO    cellapp-1 19624 8001  [2018-06-24 12:29:04 916] - Components::addComponent[dbmgr], uid=19624, componentID=4000, globalorderid=1, grouporderid=1, totalcount=1
    INFO    cellapp-1 19624 8001  [2018-06-24 12:29:04 916] - Components::findComponents: found dbmgr, addr:192.168.0.106:50798
 WARNING    cellapp-1 19624 8001  [2018-06-24 12:29:05 918] - EntityApp::checkTickPeriod: tick took 1249% (1.25 seconds)!
    INFO    cellapp-1 19624 8001  [2018-06-24 12:29:06 944] - Components::findComponents: find cellappmgr(1)...
    INFO    cellapp-1 19624 8001  [2018-06-24 12:29:07 043] - Components::findComponents: found cellappmgr, addr:192.168.0.106:50797
    INFO    cellapp-1 19624 8001  [2018-06-24 12:29:07 044] - Components::addComponent[cellappmgr], uid=19624, componentID=6000, globalorderid=2, grouporderid=1, totalcount=1
    INFO    cellapp-1 19624 8001  [2018-06-24 12:29:07 045] - Components::findComponents: found cellappmgr, addr:192.168.0.106:50797
 WARNING    cellapp-1 19624 8001  [2018-06-24 12:29:08 045] - EntityApp::checkTickPeriod: tick took 1177% (1.18 seconds)!
    INFO    cellapp-1 19624 8001  [2018-06-24 12:29:09 068] - Components::findComponents: find baseappmgr(1)...
    INFO    cellapp-1 19624 8001  [2018-06-24 12:29:09 071] - Components::findComponents: found baseappmgr, addr:192.168.0.106:50804
    INFO    cellapp-1 19624 8001  [2018-06-24 12:29:09 071] - Components::addComponent[baseappmgr], uid=19624, componentID=5000, globalorderid=3, grouporderid=1, totalcount=1
    INFO    cellapp-1 19624 8001  [2018-06-24 12:29:09 072] - Components::findComponents: found baseappmgr, addr:192.168.0.106:50804
 WARNING    cellapp-1 19624 8001  [2018-06-24 12:29:10 072] - EntityApp::checkTickPeriod: tick took 1104% (1.10 seconds)!
    INFO    cellapp-1 19624 8001  [2018-06-24 12:29:11 169] - Components::findComponents: register self to dbmgr...
    INFO    cellapp-1 19624 8001  [2018-06-24 12:29:11 245] - Components::findComponents: register self to cellappmgr...
    INFO    cellapp-1 19624 8001  [2018-06-24 12:29:11 268] - Components::findComponents: register self to baseappmgr...
    INFO    cellapp-1 19624 8001  [2018-06-24 12:29:11 344] - Components::process(): Found all the components!
    INFO    cellapp-1 19624 8001  [2018-06-24 12:29:12 668] - ServerApp::onRegisterNewApp: uid:19624, username:, componentType:baseapp, componentID:7001, globalorderID=5, grouporderID=1, intaddr:192.168.0.106, intport:50800, extaddr:192.168.0.106, extport:20015,  from 192.168.0.106:50798/0/0/0.
    INFO    cellapp-1 19624 8001  [2018-06-24 12:29:12 668] - Components::addComponent[baseapp], uid=19624, componentID=7001, globalorderid=5, grouporderid=1, totalcount=1
    INFO    cellapp-1 19624 8001  [2018-06-24 12:29:15 668] - EntityApp::onDbmgrInitCompleted: entityID alloc(1-2001), startGlobalOrder=3, startGroupOrder=1, digest=72B53B125E0C7FE07C8DC50622FE08C2.
    INFO    cellapp01 19624 8001  [2018-06-24 12:29:15 668] - IDClient::onAddRange: number of ids increased from 1 to 2001.
   S_DBG    cellapp01 19624 8001  [2018-06-24 12:29:16 872] - onInit::isReload:0
 WARNING    cellapp01 19624 8001  [2018-06-24 12:29:16 873] - e:\kbengine\kbe\src\lib\server\entity_app.h:749: Profile processRecvMessages took 1.20 seconds
 WARNING    cellapp01 19624 8001  [2018-06-24 12:29:16 873] - e:\kbengine\kbe\src\server\cellapp\cellapp.cpp:245: Profile gameTick took 1.21 seconds
 WARNING    cellapp01 19624 8001  [2018-06-24 12:29:16 873] - e:\kbengine\kbe\src\lib\network\event_dispatcher.cpp:153: Profile callSystemTimers took 1.21 seconds
 WARNING    cellapp01 19624 8001  [2018-06-24 12:29:16 874] - EntityApp::checkTickPeriod: tick took 1206% (1.21 seconds)!
   DEBUG    cellapp01 19624 8001  [2018-06-24 12:29:16 944] - InitProgressHandler::~InitProgressHandler()
   S_DBG    cellapp01 19624 8001  [2018-06-24 12:29:17 568] - onGlobalData: Halls
   DEBUG    cellapp01 19624 8001  [2018-06-24 12:29:31 845] - Spaces::createNewSpace: new space(Room) 1.
    INFO    cellapp01 19624 8001  [2018-06-24 12:29:31 895] - EntityApp::createEntity: new Room 2003
    INFO    cellapp01 19624 8001  [2018-06-24 12:29:32 029] - KBEngine::addSpaceGeometryMapping: spaceID=1, respath=spaces/mjRoom, shouldLoadOnServer=1!
 WARNING    cellapp01 19624 8001  [2018-06-24 12:29:32 113] - e:\kbengine\kbe\src\lib\server\entity_app.h:749: Profile processRecvMessages took 0.44 seconds
 WARNING    cellapp01 19624 8001  [2018-06-24 12:29:32 113] - e:\kbengine\kbe\src\server\cellapp\cellapp.cpp:245: Profile gameTick took 0.45 seconds
 WARNING    cellapp01 19624 8001  [2018-06-24 12:29:32 114] - e:\kbengine\kbe\src\lib\network\event_dispatcher.cpp:153: Profile callSystemTimers took 0.45 seconds
 WARNING    cellapp01 19624 8001  [2018-06-24 12:29:32 114] - EntityApp::checkTickPeriod: tick took 446% (0.45 seconds)!
    INFO    cellapp01 19624 8001  [2018-06-24 12:29:32 115] - KBEngine::onLoadedSpaceGeometryMapping: spaceID=1, respath=spaces/mjRoom!
    INFO    cellapp01 19624 8001  [2018-06-24 12:29:32 468] - EntityApp::createEntity: new Account 2002
 WARNING    cellapp01 19624 8001  [2018-06-24 12:29:32 670] - e:\kbengine\kbe\src\lib\server\entity_app.h:749: Profile processRecvMessages took 0.20 seconds
 WARNING    cellapp01 19624 8001  [2018-06-24 12:29:32 670] - e:\kbengine\kbe\src\server\cellapp\cellapp.cpp:245: Profile gameTick took 0.20 seconds
 WARNING    cellapp01 19624 8001  [2018-06-24 12:29:32 671] - e:\kbengine\kbe\src\lib\network\event_dispatcher.cpp:153: Profile callSystemTimers took 0.20 seconds
 WARNING    cellapp01 19624 8001  [2018-06-24 12:29:32 671] - EntityApp::checkTickPeriod: tick took 203% (0.20 seconds)!
   DEBUG    cellapp01 19624 8001  [2018-06-24 12:29:36 368] - Spaces::createNewSpace: new space(Room) 2.
    INFO    cellapp01 19624 8001  [2018-06-24 12:29:36 368] - EntityApp::createEntity: new Room 2004
    INFO    cellapp01 19624 8001  [2018-06-24 12:29:36 369] - KBEngine::addSpaceGeometryMapping: spaceID=2, respath=spaces/mjRoom, shouldLoadOnServer=1!
    INFO    cellapp01 19624 8001  [2018-06-24 12:29:36 468] - KBEngine::onLoadedSpaceGeometryMapping: spaceID=2, respath=spaces/mjRoom!
   DEBUG    cellapp01 19624 8001  [2018-06-24 12:29:36 568] - Account::teleportFromBaseapp: 2002, targetEntityID=2004, cell=8001, sourceBaseAppID=7001.
   DEBUG    cellapp01 19624 8001  [2018-06-24 12:29:51 571] - WitnessedTimeoutHandler::handleTimeout: witnesseds is empty, timer is canceled!
   DEBUG    cellapp01 19624 8001  [2018-06-24 12:33:38 169] - Account::teleportFromBaseapp: 2002, targetEntityID=2003, cell=8001, sourceBaseAppID=7001.
   DEBUG    cellapp01 19624 8001  [2018-06-24 12:33:53 172] - WitnessedTimeoutHandler::handleTimeout: witnesseds is empty, timer is canceled!
   DEBUG    cellapp01 19624 8001  [2018-06-24 12:33:54 369] - Account::teleportFromBaseapp: 2002, targetEntityID=2004, cell=8001, sourceBaseAppID=7001.
   DEBUG    cellapp01 19624 8001  [2018-06-24 12:34:09 370] - WitnessedTimeoutHandler::handleTimeout: witnesseds is empty, timer is canceled!
   DEBUG    cellapp01 19624 8001  [2018-06-24 12:34:51 769] - Account::teleportFromBaseapp: 2002, targetEntityID=2003, cell=8001, sourceBaseAppID=7001.
   DEBUG    cellapp01 19624 8001  [2018-06-24 12:35:06 770] - WitnessedTimeoutHandler::handleTimeout: witnesseds is empty, timer is canceled!
   DEBUG    cellapp01 19624 8001  [2018-06-24 12:36:31 370] - Account::teleportFromBaseapp: 2002, targetEntityID=2004, cell=8001, sourceBaseAppID=7001.
   DEBUG    cellapp01 19624 8001  [2018-06-24 12:36:37 870] - Account::teleportFromBaseapp: 2002, targetEntityID=2003, cell=8001, sourceBaseAppID=7001.
   DEBUG    cellapp01 19624 8001  [2018-06-24 12:36:51 371] - WitnessedTimeoutHandler::handleTimeout: witnesseds is empty, timer is canceled!
   DEBUG    cellapp01 19624 8001  [2018-06-24 12:36:52 970] - Account::teleportFromBaseapp: 2002, targetEntityID=2004, cell=8001, sourceBaseAppID=7001.
   DEBUG    cellapp01 19624 8001  [2018-06-24 12:36:57 870] - Account::teleportFromBaseapp: 2002, targetEntityID=2003, cell=8001, sourceBaseAppID=7001.
   DEBUG    cellapp01 19624 8001  [2018-06-24 12:37:07 971] - WitnessedTimeoutHandler::handleTimeout: witnesseds is empty, timer is canceled!
   DEBUG    cellapp01 19624 8001  [2018-06-24 12:37:22 170] - Account::teleportFromBaseapp: 2002, targetEntityID=2004, cell=8001, sourceBaseAppID=7001.
   DEBUG    cellapp01 19624 8001  [2018-06-24 12:37:37 170] - WitnessedTimeoutHandler::handleTimeout: witnesseds is empty, timer is canceled!
   DEBUG    cellapp01 19624 8001  [2018-06-24 12:38:59 070] - Account::onWriteToDB(): 2002.
   DEBUG    cellapp01 19624 8001  [2018-06-24 12:43:59 071] - Account::onWriteToDB(): 2002.
   DEBUG    cellapp01 19624 8001  [2018-06-24 12:45:40 372] - Account::teleportFromBaseapp: 2002, targetEntityID=2003, cell=8001, sourceBaseAppID=7001.
   DEBUG    cellapp01 19624 8001  [2018-06-24 12:45:41 572] - Account::teleportFromBaseapp: 2002, targetEntityID=2004, cell=8001, sourceBaseAppID=7001.
   DEBUG    cellapp01 19624 8001  [2018-06-24 12:45:42 572] - Account::teleportFromBaseapp: 2002, targetEntityID=2003, cell=8001, sourceBaseAppID=7001.
   DEBUG    cellapp01 19624 8001  [2018-06-24 12:45:43 471] - Account::teleportFromBaseapp: 2002, targetEntityID=2004, cell=8001, sourceBaseAppID=7001.
   DEBUG    cellapp01 19624 8001  [2018-06-24 12:45:44 471] - Account::teleportFromBaseapp: 2002, targetEntityID=2003, cell=8001, sourceBaseAppID=7001.
   DEBUG    cellapp01 19624 8001  [2018-06-24 12:45:45 471] - Account::teleportFromBaseapp: 2002, targetEntityID=2004, cell=8001, sourceBaseAppID=7001.
   DEBUG    cellapp01 19624 8001  [2018-06-24 12:45:46 271] - Account::teleportFromBaseapp: 2002, targetEntityID=2003, cell=8001, sourceBaseAppID=7001.
   DEBUG    cellapp01 19624 8001  [2018-06-24 12:45:47 271] - Account::teleportFromBaseapp: 2002, targetEntityID=2004, cell=8001, sourceBaseAppID=7001.
   DEBUG    cellapp01 19624 8001  [2018-06-24 12:46:00 372] - WitnessedTimeoutHandler::handleTimeout: witnesseds is empty, timer is canceled!
   DEBUG    cellapp01 19624 8001  [2018-06-24 12:48:59 072] - Account::onWriteToDB(): 2002.
   DEBUG    cellapp01 19624 8001  [2018-06-24 12:53:59 074] - Account::onWriteToDB(): 2002.
   DEBUG    cellapp01 19624 8001  [2018-06-24 12:58:59 075] - Account::onWriteToDB(): 2002.
   DEBUG    cellapp01 19624 8001  [2018-06-24 13:03:58 976] - Account::onWriteToDB(): 2002.
   DEBUG    cellapp01 19624 8001  [2018-06-24 13:08:58 977] - Account::onWriteToDB(): 2002.
   DEBUG    cellapp01 19624 8001  [2018-06-24 13:13:58 978] - Account::onWriteToDB(): 2002.
   DEBUG    cellapp01 19624 8001  [2018-06-24 13:18:58 979] - Account::onWriteToDB(): 2002.
   DEBUG    cellapp01 19624 8001  [2018-06-24 13:23:58 981] - Account::onWriteToDB(): 2002.
   DEBUG    cellapp01 19624 8001  [2018-06-24 13:28:58 982] - Account::onWriteToDB(): 2002.
   DEBUG    cellapp01 19624 8001  [2018-06-24 13:33:58 983] - Account::onWriteToDB(): 2002.
   DEBUG    cellapp01 19624 8001  [2018-06-24 13:38:58 984] - Account::onWriteToDB(): 2002.
   DEBUG    cellapp01 19624 8001  [2018-06-24 13:43:58 984] - Account::onWriteToDB(): 2002.
   DEBUG    cellapp01 19624 8001  [2018-06-24 13:48:58 985] - Account::onWriteToDB(): 2002.
   DEBUG    cellapp01 19624 8001  [2018-06-24 13:53:58 987] - Account::onWriteToDB(): 2002.
   DEBUG    cellapp01 19624 8001  [2018-06-24 13:58:58 988] - Account::onWriteToDB(): 2002.
   DEBUG    cellapp01 19624 8001  [2018-06-24 14:03:58 989] - Account::onWriteToDB(): 2002.
   DEBUG    cellapp01 19624 8001  [2018-06-24 14:08:58 990] - Account::onWriteToDB(): 2002.
   DEBUG    cellapp01 19624 8001  [2018-06-24 14:13:58 991] - Account::onWriteToDB(): 2002.
   DEBUG    cellapp01 19624 8001  [2018-06-24 14:18:58 992] - Account::onWriteToDB(): 2002.
   DEBUG    cellapp01 19624 8001  [2018-06-24 14:23:58 993] - Account::onWriteToDB(): 2002.
   DEBUG    cellapp01 19624 8001  [2018-06-24 14:27:55 894] - Account::teleportFromBaseapp: 2002, targetEntityID=2003, cell=8001, sourceBaseAppID=7001.
   DEBUG    cellapp01 19624 8001  [2018-06-24 14:28:02 994] - Account::teleportFromBaseapp: 2002, targetEntityID=2004, cell=8001, sourceBaseAppID=7001.
   DEBUG    cellapp01 19624 8001  [2018-06-24 14:28:04 795] - Account::teleportFromBaseapp: 2002, targetEntityID=2003, cell=8001, sourceBaseAppID=7001.
   DEBUG    cellapp01 19624 8001  [2018-06-24 14:28:06 095] - Account::teleportFromBaseapp: 2002, targetEntityID=2004, cell=8001, sourceBaseAppID=7001.
   DEBUG    cellapp01 19624 8001  [2018-06-24 14:28:07 295] - Account::teleportFromBaseapp: 2002, targetEntityID=2003, cell=8001, sourceBaseAppID=7001.
   DEBUG    cellapp01 19624 8001  [2018-06-24 14:28:08 195] - Account::teleportFromBaseapp: 2002, targetEntityID=2004, cell=8001, sourceBaseAppID=7001.
   DEBUG    cellapp01 19624 8001  [2018-06-24 14:28:08 995] - Account::teleportFromBaseapp: 2002, targetEntityID=2003, cell=8001, sourceBaseAppID=7001.
   DEBUG    cellapp01 19624 8001  [2018-06-24 14:28:20 894] - WitnessedTimeoutHandler::handleTimeout: witnesseds is empty, timer is canceled!
   DEBUG    cellapp01 19624 8001  [2018-06-24 14:28:58 995] - Account::onWriteToDB(): 2002.
   DEBUG    cellapp01 19624 8001  [2018-06-24 14:31:05 095] - Account::teleportFromBaseapp: 2002, targetEntityID=2004, cell=8001, sourceBaseAppID=7001.
   DEBUG    cellapp01 19624 8001  [2018-06-24 14:31:09 595] - Account::teleportFromBaseapp: 2002, targetEntityID=2003, cell=8001, sourceBaseAppID=7001.
   DEBUG    cellapp01 19624 8001  [2018-06-24 14:31:11 195] - Account::teleportFromBaseapp: 2002, targetEntityID=2004, cell=8001, sourceBaseAppID=7001.
   DEBUG    cellapp01 19624 8001  [2018-06-24 14:31:12 795] - Account::teleportFromBaseapp: 2002, targetEntityID=2003, cell=8001, sourceBaseAppID=7001.
   DEBUG    cellapp01 19624 8001  [2018-06-24 14:31:15 095] - Account::teleportFromBaseapp: 2002, targetEntityID=2004, cell=8001, sourceBaseAppID=7001.
   DEBUG    cellapp01 19624 8001  [2018-06-24 14:31:16 996] - Account::teleportFromBaseapp: 2002, targetEntityID=2003, cell=8001, sourceBaseAppID=7001.
   DEBUG    cellapp01 19624 8001  [2018-06-24 14:31:19 096] - Account::teleportFromBaseapp: 2002, targetEntityID=2004, cell=8001, sourceBaseAppID=7001.
   DEBUG    cellapp01 19624 8001  [2018-06-24 14:31:20 695] - Account::teleportFromBaseapp: 2002, targetEntityID=2003, cell=8001, sourceBaseAppID=7001.
   DEBUG    cellapp01 19624 8001  [2018-06-24 14:31:22 095] - Account::teleportFromBaseapp: 2002, targetEntityID=2004, cell=8001, sourceBaseAppID=7001.
   DEBUG    cellapp01 19624 8001  [2018-06-24 14:31:23 595] - Account::teleportFromBaseapp: 2002, targetEntityID=2003, cell=8001, sourceBaseAppID=7001.
   DEBUG    cellapp01 19624 8001  [2018-06-24 14:31:24 995] - Account::teleportFromBaseapp: 2002, targetEntityID=2004, cell=8001, sourceBaseAppID=7001.
   DEBUG    cellapp01 19624 8001  [2018-06-24 14:31:26 395] - Account::teleportFromBaseapp: 2002, targetEntityID=2003, cell=8001, sourceBaseAppID=7001.
   DEBUG    cellapp01 19624 8001  [2018-06-24 14:31:27 695] - Account::teleportFromBaseapp: 2002, targetEntityID=2004, cell=8001, sourceBaseAppID=7001.
   DEBUG    cellapp01 19624 8001  [2018-06-24 14:31:34 896] - Account::teleportFromBaseapp: 2002, targetEntityID=2003, cell=8001, sourceBaseAppID=7001.
   DEBUG    cellapp01 19624 8001  [2018-06-24 14:31:38 096] - Account::teleportFromBaseapp: 2002, targetEntityID=2004, cell=8001, sourceBaseAppID=7001.
   DEBUG    cellapp01 19624 8001  [2018-06-24 14:31:40 195] - Account::teleportFromBaseapp: 2002, targetEntityID=2003, cell=8001, sourceBaseAppID=7001.
   DEBUG    cellapp01 19624 8001  [2018-06-24 14:31:55 096] - WitnessedTimeoutHandler::handleTimeout: witnesseds is empty, timer is canceled!
   DEBUG    cellapp01 19624 8001  [2018-06-24 14:32:01 295] - Account::teleportFromBaseapp: 2002, targetEntityID=2004, cell=8001, sourceBaseAppID=7001.
   DEBUG    cellapp01 19624 8001  [2018-06-24 14:32:02 995] - Account::teleportFromBaseapp: 2002, targetEntityID=2003, cell=8001, sourceBaseAppID=7001.
   DEBUG    cellapp01 19624 8001  [2018-06-24 14:32:04 895] - Account::teleportFromBaseapp: 2002, targetEntityID=2004, cell=8001, sourceBaseAppID=7001.
   DEBUG    cellapp01 19624 8001  [2018-06-24 14:32:06 595] - Account::teleportFromBaseapp: 2002, targetEntityID=2003, cell=8001, sourceBaseAppID=7001.
   DEBUG    cellapp01 19624 8001  [2018-06-24 14:32:07 895] - Account::teleportFromBaseapp: 2002, targetEntityID=2004, cell=8001, sourceBaseAppID=7001.
   DEBUG    cellapp01 19624 8001  [2018-06-24 14:32:09 095] - Account::teleportFromBaseapp: 2002, targetEntityID=2003, cell=8001, sourceBaseAppID=7001.
   DEBUG    cellapp01 19624 8001  [2018-06-24 14:32:21 295] - WitnessedTimeoutHandler::handleTimeout: witnesseds is empty, timer is canceled!
   DEBUG    cellapp01 19624 8001  [2018-06-24 14:33:58 996] - Account::onWriteToDB(): 2002.
   DEBUG    cellapp01 19624 8001  [2018-06-24 14:34:58 296] - Account::~Account(): 2002
    INFO    cellapp01 19624 8001  [2018-06-24 14:35:01 596] - EntityApp::createEntity: new Account 2002
   DEBUG    cellapp01 19624 8001  [2018-06-24 14:35:04 397] - Account::~Account(): 2002
    INFO    cellapp01 19624 8001  [2018-06-24 14:35:06 896] - EntityApp::createEntity: new Account 2002
   DEBUG    cellapp01 19624 8001  [2018-06-24 14:35:09 096] - Account::teleportFromBaseapp: 2002, targetEntityID=2003, cell=8001, sourceBaseAppID=7001.
   DEBUG    cellapp01 19624 8001  [2018-06-24 14:35:11 696] - Account::~Account(): 2002
    INFO    cellapp01 19624 8001  [2018-06-24 14:35:13 596] - EntityApp::createEntity: new Account 2002
   DEBUG    cellapp01 19624 8001  [2018-06-24 14:35:16 296] - Account::teleportFromBaseapp: 2002, targetEntityID=2003, cell=8001, sourceBaseAppID=7001.
   DEBUG    cellapp01 19624 8001  [2018-06-24 14:35:28 298] - WitnessedTimeoutHandler::handleTimeout: witnesseds is empty, timer is canceled!
   DEBUG    cellapp01 19624 8001  [2018-06-24 14:38:58 997] - Account::onWriteToDB(): 2002.
   DEBUG    cellapp01 19624 8001  [2018-06-24 14:43:58 998] - Account::onWriteToDB(): 2002.
   DEBUG    cellapp01 19624 8001  [2018-06-24 14:48:58 999] - Account::onWriteToDB(): 2002.
   DEBUG    cellapp01 19624 8001  [2018-06-24 14:53:59 000] - Account::onWriteToDB(): 2002.
   DEBUG    cellapp01 19624 8001  [2018-06-24 14:58:59 002] - Account::onWriteToDB(): 2002.
   DEBUG    cellapp01 19624 8001  [2018-06-24 15:03:59 003] - Account::onWriteToDB(): 2002.
   DEBUG    cellapp01 19624 8001  [2018-06-24 15:08:59 004] - Account::onWriteToDB(): 2002.
   DEBUG    cellapp01 19624 8001  [2018-06-24 15:13:59 005] - Account::onWriteToDB(): 2002.
   DEBUG    cellapp01 19624 8001  [2018-06-24 15:18:59 006] - Account::onWriteToDB(): 2002.
   DEBUG    cellapp01 19624 8001  [2018-06-24 15:23:59 007] - Account::onWriteToDB(): 2002.
   DEBUG    cellapp01 19624 8001  [2018-06-24 15:28:59 008] - Account::onWriteToDB(): 2002.
   DEBUG    cellapp01 19624 8001  [2018-06-24 15:33:59 009] - Account::onWriteToDB(): 2002.
   DEBUG    cellapp01 19624 8001  [2018-06-24 15:38:59 010] - Account::onWriteToDB(): 2002.
   DEBUG    cellapp01 19624 8001  [2018-06-24 15:43:59 011] - Account::onWriteToDB(): 2002.
   DEBUG    cellapp01 19624 8001  [2018-06-24 15:48:59 012] - Account::onWriteToDB(): 2002.
   DEBUG    cellapp01 19624 8001  [2018-06-24 15:53:59 013] - Account::onWriteToDB(): 2002.
   DEBUG    cellapp01 19624 8001  [2018-06-24 15:58:59 014] - Account::onWriteToDB(): 2002.
   DEBUG    cellapp01 19624 8001  [2018-06-24 16:03:58 916] - Account::onWriteToDB(): 2002.
   DEBUG    cellapp01 19624 8001  [2018-06-24 16:08:58 917] - Account::onWriteToDB(): 2002.
   DEBUG    cellapp01 19624 8001  [2018-06-24 16:13:58 918] - Account::onWriteToDB(): 2002.
   DEBUG    cellapp01 19624 8001  [2018-06-24 16:18:58 919] - Account::onWriteToDB(): 2002.
   DEBUG    cellapp01 19624 8001  [2018-06-24 16:23:58 920] - Account::onWriteToDB(): 2002.
   DEBUG    cellapp01 19624 8001  [2018-06-24 16:28:58 921] - Account::onWriteToDB(): 2002.
   DEBUG    cellapp01 19624 8001  [2018-06-24 16:33:58 923] - Account::onWriteToDB(): 2002.
   DEBUG    cellapp01 19624 8001  [2018-06-24 16:38:58 924] - Account::onWriteToDB(): 2002.
   DEBUG    cellapp01 19624 8001  [2018-06-24 16:43:58 925] - Account::onWriteToDB(): 2002.
   DEBUG    cellapp01 19624 8001  [2018-06-24 16:48:58 926] - Account::onWriteToDB(): 2002.
   DEBUG    cellapp01 19624 8001  [2018-06-24 16:53:58 927] - Account::onWriteToDB(): 2002.
   DEBUG    cellapp01 19624 8001  [2018-06-24 16:58:58 928] - Account::onWriteToDB(): 2002.
   DEBUG    cellapp01 19624 8001  [2018-06-24 17:03:58 930] - Account::onWriteToDB(): 2002.
   DEBUG    cellapp01 19624 8001  [2018-06-24 17:08:58 931] - Account::onWriteToDB(): 2002.
   DEBUG    cellapp01 19624 8001  [2018-06-24 17:13:58 931] - Account::onWriteToDB(): 2002.
   DEBUG    cellapp01 19624 8001  [2018-06-24 17:18:58 932] - Account::onWriteToDB(): 2002.
   DEBUG    cellapp01 19624 8001  [2018-06-24 17:23:58 933] - Account::onWriteToDB(): 2002.
   DEBUG    cellapp01 19624 8001  [2018-06-24 17:28:58 934] - Account::onWriteToDB(): 2002.
   DEBUG    cellapp01 19624 8001  [2018-06-24 17:33:58 936] - Account::onWriteToDB(): 2002.
   DEBUG    cellapp01 19624 8001  [2018-06-24 17:38:58 937] - Account::onWriteToDB(): 2002.
   DEBUG    cellapp01 19624 8001  [2018-06-24 17:43:58 938] - Account::onWriteToDB(): 2002.
   DEBUG    cellapp01 19624 8001  [2018-06-24 17:48:58 939] - Account::onWriteToDB(): 2002.
   DEBUG    cellapp01 19624 8001  [2018-06-24 17:53:58 940] - Account::onWriteToDB(): 2002.
   DEBUG    cellapp01 19624 8001  [2018-06-24 17:58:58 941] - Account::onWriteToDB(): 2002.
   DEBUG    cellapp01 19624 8001  [2018-06-24 18:03:58 942] - Account::onWriteToDB(): 2002.
   DEBUG    cellapp01 19624 8001  [2018-06-24 18:08:58 944] - Account::onWriteToDB(): 2002.
   DEBUG    cellapp01 19624 8001  [2018-06-24 18:13:58 945] - Account::onWriteToDB(): 2002.
   DEBUG    cellapp01 19624 8001  [2018-06-24 18:18:58 946] - Account::onWriteToDB(): 2002.
   DEBUG    cellapp01 19624 8001  [2018-06-24 18:23:58 947] - Account::onWriteToDB(): 2002.
   DEBUG    cellapp01 19624 8001  [2018-06-24 18:28:58 948] - Account::onWriteToDB(): 2002.
   DEBUG    cellapp01 19624 8001  [2018-06-24 18:33:58 949] - Account::onWriteToDB(): 2002.
   DEBUG    cellapp01 19624 8001  [2018-06-24 18:38:58 951] - Account::onWriteToDB(): 2002.
   DEBUG    cellapp01 19624 8001  [2018-06-24 18:43:58 952] - Account::onWriteToDB(): 2002.
   DEBUG    cellapp01 19624 8001  [2018-06-24 18:48:58 953] - Account::onWriteToDB(): 2002.
   DEBUG    cellapp01 19624 8001  [2018-06-24 18:53:58 954] - Account::onWriteToDB(): 2002.
   DEBUG    cellapp01 19624 8001  [2018-06-24 18:58:58 955] - Account::onWriteToDB(): 2002.
   DEBUG    cellapp01 19624 8001  [2018-06-24 19:03:58 855] - Account::onWriteToDB(): 2002.
   DEBUG    cellapp01 19624 8001  [2018-06-24 19:08:58 857] - Account::onWriteToDB(): 2002.
   DEBUG    cellapp01 19624 8001  [2018-06-24 19:13:58 858] - Account::onWriteToDB(): 2002.
   DEBUG    cellapp01 19624 8001  [2018-06-24 19:18:58 859] - Account::onWriteToDB(): 2002.
   DEBUG    cellapp01 19624 8001  [2018-06-24 19:23:58 860] - Account::onWriteToDB(): 2002.
