   DEBUG      dbmgr-1 18863 4000  [2018-11-08 00:02:04 293] - Dbmgr::writeEntity: Account(3).
   DEBUG      dbmgr-1 18863 4000  [2018-11-08 00:07:04 291] - Dbmgr::writeEntity: Account(3).
   DEBUG      dbmgr-1 18863 4000  [2018-11-08 00:12:04 289] - Dbmgr::writeEntity: Account(3).
   DEBUG      dbmgr-1 18863 4000  [2018-11-08 00:17:04 286] - Dbmgr::writeEntity: Account(3).
   DEBUG      dbmgr-1 18863 4000  [2018-11-08 00:20:00 444] - Dbmgr::onAccountLogin:loginName=1, accountName=1, success=10, componentID=7001, entityID=2002, dbid=3, flags=0, deadline=0.
   DEBUG      dbmgr-1 18863 4000  [2018-11-08 00:20:21 944] - Dbmgr::onAccountLogin:loginName=1, accountName=1, success=10, componentID=7001, entityID=2002, dbid=3, flags=0, deadline=0.
   DEBUG      dbmgr-1 18863 4000  [2018-11-08 00:21:19 624] - Dbmgr::onAccountLogin:loginName=1, accountName=1, success=10, componentID=7001, entityID=2002, dbid=3, flags=0, deadline=0.
   DEBUG      dbmgr-1 18863 4000  [2018-11-08 00:22:04 343] - Dbmgr::writeEntity: Account(3).
   DEBUG      dbmgr-1 18863 4000  [2018-11-08 00:22:32 023] - Dbmgr::onAccountLogin:loginName=1, accountName=1, success=10, componentID=7001, entityID=2002, dbid=3, flags=0, deadline=0.
   DEBUG      dbmgr-1 18863 4000  [2018-11-08 00:24:20 122] - Dbmgr::onAccountLogin:loginName=1, accountName=1, success=10, componentID=7001, entityID=2002, dbid=3, flags=0, deadline=0.
   DEBUG      dbmgr-1 18863 4000  [2018-11-08 00:24:32 722] - Dbmgr::onAccountLogin:loginName=1, accountName=1, success=10, componentID=7001, entityID=2002, dbid=3, flags=0, deadline=0.
    INFO      dbmgr-1 18863 4000  [2018-11-08 00:24:41 401] - GlobalDataServer::broadcastDataChanged: writer(cellapp, addr=192.168.0.107:55083/0/0/0), keySize=12, valSize=52, isDelete=0
   DEBUG      dbmgr-1 18863 4000  [2018-11-08 00:27:04 400] - Dbmgr::writeEntity: Account(3).
   DEBUG      dbmgr-1 18863 4000  [2018-11-08 00:31:53 758] - Dbmgr::DBTaskServerLog()
   DEBUG      dbmgr-1 18863 4000  [2018-11-08 00:32:04 398] - Dbmgr::writeEntity: Account(3).
   DEBUG      dbmgr-1 18863 4000  [2018-11-08 00:37:04 396] - Dbmgr::writeEntity: Account(3).
   DEBUG      dbmgr-1 18863 4000  [2018-11-08 00:42:04 393] - Dbmgr::writeEntity: Account(3).
    INFO      dbmgr-1 26874 4000  [2018-11-08 22:30:31 072] - -----------------------------------------------------------------------------------------


    INFO      dbmgr-1 26874 4000  [2018-11-08 22:30:32 003] - Resmgr::initialize: KBE_ROOT=E:/kbengine/
    INFO      dbmgr-1 26874 4000  [2018-11-08 22:30:32 004] - Resmgr::initialize: KBE_RES_PATH=E:/kbengine/kbe/res/;E:/kbengine/assets/;E:/kbengine/assets/scripts/;E:/kbengine/assets/res/
    INFO      dbmgr-1 26874 4000  [2018-11-08 22:30:32 004] - Resmgr::initialize: KBE_BIN_PATH=E:/kbengine/kbe/bin/server/
    INFO      dbmgr-1 26874 4000  [2018-11-08 22:30:32 683] - NetworkInterface::initialize(INTERNAL): bound to all interfaces with default route interface on 192.168.0.107 ( 192.168.0.107:49840 )
    INFO      dbmgr-1 26874 4000  [2018-11-08 22:30:32 684] - NetworkInterface::initialize(INTERNAL): address 192.168.0.107:49840, SOMAXCONN=5.
    INFO      dbmgr-1 26874 4000  [2018-11-08 22:30:32 699] - server-configs:
    INFO      dbmgr-1 26874 4000  [2018-11-08 22:30:32 700] - 	internalAddr : 192.168.0.107:49840
    INFO      dbmgr-1 26874 4000  [2018-11-08 22:30:32 700] - 	componentID : 4000
    INFO      dbmgr-1 26874 4000  [2018-11-08 22:30:34 307] - ---- dbmgr Version: 2.0.0. ScriptVersion: 0.1.0. Protocol: F28F1C37BCC70CD27B77841D4A30E3D7. Config: Debug X86. Built: 15:52:44 Apr 29 2018. AppID: 4000. UID: 26874. PID: 3784 ----
    INFO      dbmgr-1 26874 4000  [2018-11-08 22:30:34 308] - Server : Intel(R) Xeon(R) CPU E3-1230 v3 @ 3.30GHz with 4194303kB RAM
    INFO      dbmgr-1 26874 4000  [2018-11-08 22:30:34 348] - ThreadPool::createThreadPool: creating  threadpool...
    INFO      dbmgr-1 26874 4000  [2018-11-08 22:30:34 349] - ThreadPool::createThreadPool: successfully(2), newThreadCount=1, normalMaxThreadCount=2, maxThreadCount=8
   DEBUG      dbmgr-1 26874 4000  [2018-11-08 22:30:42 919] - Script::install_py_dlls(): PyInit_pyexpat
   DEBUG      dbmgr-1 26874 4000  [2018-11-08 22:30:43 346] - Script::install_py_dlls(): PyInit__socket
   DEBUG      dbmgr-1 26874 4000  [2018-11-08 22:30:43 599] - Script::install_py_dlls(): PyInit__ssl
   DEBUG      dbmgr-1 26874 4000  [2018-11-08 22:30:45 911] - Script::install_py_dlls(): PyInit__hashlib
   DEBUG      dbmgr-1 26874 4000  [2018-11-08 22:30:46 001] - Script::install_py_dlls(): PyInit_select
   DEBUG      dbmgr-1 26874 4000  [2018-11-08 22:30:46 038] - Script::install_py_dlls(): PyInit__ctypes
   DEBUG      dbmgr-1 26874 4000  [2018-11-08 22:30:46 473] - Script::install_py_dlls(): PyInit__elementtree
   DEBUG      dbmgr-1 26874 4000  [2018-11-08 22:30:49 021] - Script::install_py_dlls(): PyInit_unicodedata
    INFO      dbmgr-1 26874 4000  [2018-11-08 22:30:50 503] - Script::install(): is successfully, Python=(3.4.2 (default, Apr 29 2018, 15:52:37) [MSC v.1913 32 bit (Intel)])!
    INFO      dbmgr-1 26874 4000  [2018-11-08 22:30:50 503] - Script::install(): KBExtra is successfully!
    INFO      dbmgr-1 26874 4000  [2018-11-08 22:30:54 804] - Dbmgr::initializeEnd: digest(7F4FC8296AD553545CD95B23EFF6238F)
  S_INFO      dbmgr-1 26874 4000  [2018-11-08 22:30:54 804] - onDBMgrReady: bootstrapGroupIndex=0, bootstrapGlobalIndex=0
    INFO      dbmgr-1 26874 4000  [2018-11-08 22:30:54 827] - TelnetServer server is running on port 32000
    INFO      dbmgr-1 26874 4000  [2018-11-08 22:30:55 272] - Dbmgr::initInterfacesHandler: interfaces addr(127.0.0.1:30099), accountType:(interfaces), chargeType:(interfaces).
 WARNING      dbmgr-1 26874 4000  [2018-11-08 22:30:55 729] - DBUtil::initialize: db(default) password is not encrypted!
please use password(rsa):
A73F98C1D4F28519C157467AD2A999E8EDACEEF2F279A937399C075A1C650D1DE5179F20DD1B91029342EAD737ED8A8C0650C684B7F86574B3CFBFF0128CF631A48C91A13C6264ECEA44D73976531CC292E251C76E38E50DAC985F61AE92B4FAC9F51B112F2A28DA33BA1C09203760AC7BC5198E06E4B018BD3A9CA2577B14FA
   DEBUG      dbmgr-1 26874 4000  [2018-11-08 22:30:58 412] - DBInterfaceMysql::attach: connect: localhost:3306 starting...
   DEBUG      dbmgr-1 26874 4000  [2018-11-08 22:31:00 849] - DBInterfaceMysql::attach: successfully! addr: localhost:3306
    INFO      dbmgr-1 26874 4000  [2018-11-08 22:31:00 849] - DBUtil::createInterface[0x187f2b4]: interface=default, dbtype=mysql, ip=localhost, port=3306, currdatabase=kbe, username=kbe, connected=yes.

    INFO      dbmgr-1 26874 4000  [2018-11-08 22:31:00 909] - ThreadPool::createThreadPool: creating  threadpool...
    INFO      dbmgr-1 26874 4000  [2018-11-08 22:31:00 911] - ThreadPool::createThreadPool: successfully(5), newThreadCount=5, normalMaxThreadCount=5, maxThreadCount=5
    INFO      dbmgr-1 26874 4000  [2018-11-08 22:31:01 586] - DBInterfaceMysql::query: successfully!
    INFO      dbmgr-1 26874 4000  [2018-11-08 22:31:01 592] - DBInterfaceMysql::query: successfully!
 WARNING      dbmgr-1 26874 4000  [2018-11-08 22:31:03 224] - e:\kbengine\kbe\src\server\dbmgr\dbmgr.cpp:275: Profile scriptCall took 8.42 seconds
    INFO      dbmgr-1 26874 4000  [2018-11-08 22:31:03 904] - ---- dbmgr is running ----
   DEBUG      dbmgr-1 26874 4000  [2018-11-08 22:31:04 059] - Components::process(): Request for the process of identity...
   DEBUG      dbmgr-1 26874 4000  [2018-11-08 22:31:00 910] - DBInterfaceMysql::attach: connect: localhost:3306 starting...
   DEBUG      dbmgr-1 26874 4000  [2018-11-08 22:31:00 910] - DBInterfaceMysql::attach: connect: localhost:3306 starting...
   DEBUG      dbmgr-1 26874 4000  [2018-11-08 22:31:00 910] - DBInterfaceMysql::attach: connect: localhost:3306 starting...
   DEBUG      dbmgr-1 26874 4000  [2018-11-08 22:31:00 911] - DBInterfaceMysql::attach: connect: localhost:3306 starting...
   DEBUG      dbmgr-1 26874 4000  [2018-11-08 22:31:00 911] - DBInterfaceMysql::attach: connect: localhost:3306 starting...
   DEBUG      dbmgr-1 26874 4000  [2018-11-08 22:31:00 913] - DBInterfaceMysql::attach: successfully! addr: localhost:3306
   DEBUG      dbmgr-1 26874 4000  [2018-11-08 22:31:00 913] - DBThread::onStart(): 0x1ca6f18!
   DEBUG      dbmgr-1 26874 4000  [2018-11-08 22:31:00 913] - DBInterfaceMysql::attach: successfully! addr: localhost:3306
   DEBUG      dbmgr-1 26874 4000  [2018-11-08 22:31:00 914] - DBThread::onStart(): 0x1ca6fa0!
   DEBUG      dbmgr-1 26874 4000  [2018-11-08 22:31:00 914] - DBInterfaceMysql::attach: successfully! addr: localhost:3306
   DEBUG      dbmgr-1 26874 4000  [2018-11-08 22:31:00 914] - DBThread::onStart(): 0x1ca7028!
   DEBUG      dbmgr-1 26874 4000  [2018-11-08 22:31:00 915] - DBInterfaceMysql::attach: successfully! addr: localhost:3306
   DEBUG      dbmgr-1 26874 4000  [2018-11-08 22:31:00 915] - DBInterfaceMysql::attach: successfully! addr: localhost:3306
   DEBUG      dbmgr-1 26874 4000  [2018-11-08 22:31:00 915] - DBThread::onStart(): 0x1ca70b0!
   DEBUG      dbmgr-1 26874 4000  [2018-11-08 22:31:00 916] - DBThread::onStart(): 0x1ca7138!
    INFO      dbmgr-1 26874 4000  [2018-11-08 22:31:01 907] - DBInterfaceMysql::query: successfully!
    INFO      dbmgr-1 26874 4000  [2018-11-08 22:31:01 997] - DBInterfaceMysql::query: successfully!
    INFO      dbmgr-1 26874 4000  [2018-11-08 22:31:02 063] - DBInterfaceMysql::query: successfully!
 WARNING      dbmgr-1 26874 4000  [2018-11-08 22:31:02 271] - DBTask::process(): took 0.41 seconds
sql:(show index from tbl_CheckName)
    INFO      dbmgr-1 26874 4000  [2018-11-08 22:31:02 332] - DBInterfaceMysql::query: successfully!
 WARNING      dbmgr-1 26874 4000  [2018-11-08 22:31:02 333] - DBTask::process(): took 0.69 seconds
sql:(CREATE TABLE IF NOT EXISTS kbe_accountinfos (`accountName` varchar(128) not null, PRIMARY KEY idKey (`accountName`),`password` varchar(255),`bindata` blob,`email` varchar(191) not null, UNIQUE KEY `email` (`email`),`entityDBID` bigint(20) unsigned not null DEFAULT 0, UNIQUE KEY `entityDBID` (`entityDBID`),`flags` int unsigned not null DEFAULT 0,`deadline` bigint(20) not null DEFAULT 0,`regtime` bigint(20) not null DEFAULT 0,`lasttime` bigint(20) not null DEFAULT 0,`numlogin` int unsigned not null DEFAULT 0)ENGINE=InnoDB)
    INFO      dbmgr-1 26874 4000  [2018-11-08 22:31:02 379] - DBInterfaceMysql::query: successfully!
    INFO      dbmgr-1 26874 4000  [2018-11-08 22:31:02 379] - DBInterfaceMysql::query: successfully!
    INFO      dbmgr-1 26874 4000  [2018-11-08 22:31:02 380] - DBInterfaceMysql::query: successfully!
 WARNING      dbmgr-1 26874 4000  [2018-11-08 22:31:02 380] - DBTask::process(): took 0.74 seconds
sql:(delete from kbe_email_verification where logtime<1541683862 and type=3)
 WARNING      dbmgr-1 26874 4000  [2018-11-08 22:31:02 594] - DBTask::process(): took 0.95 seconds
sql:(insert into kbe_serverlog (heartbeatTime, logger) values(1541687461,4000) ON DUPLICATE KEY UPDATE heartbeatTime=1541687461)
    INFO      dbmgr-1 26874 4000  [2018-11-08 22:31:02 847] - DBInterfaceMysql::query: successfully!
 WARNING      dbmgr-1 26874 4000  [2018-11-08 22:31:02 848] - DBTask::process(): took 1.21 seconds
sql:(delete from kbe_entitylog where logger in (4000))
 WARNING      dbmgr-1 26874 4000  [2018-11-08 22:31:02 851] - DBTask::process(): took 0.58 seconds
sql:(show index from tbl_Account)
 WARNING      dbmgr-1 26874 4000  [2018-11-08 22:31:03 204] - DBTask::process(): took 0.87 seconds
sql:(show index from tbl_Halls)
 WARNING      dbmgr-1 26874 4000  [2018-11-08 22:31:03 204] - DBTask::process(): took 0.82 seconds
sql:(show index from tbl_Room)
 WARNING      dbmgr-1 26874 4000  [2018-11-08 22:31:10 627] - e:\kbengine\kbe\src\lib\network\event_dispatcher.cpp:153: Profile callSystemTimers took 0.17 seconds
    INFO      dbmgr-1 26874 4000  [2018-11-08 22:31:10 738] - ServerApp::onRegisterNewApp: uid:26874, username:, componentType:baseappmgr, componentID:5000, globalorderID=-1, grouporderID=-1, intaddr:192.168.0.107, intport:49841, extaddr:nonsupport, extport:0,  from 192.168.0.107:49856/0/0/0.
    INFO      dbmgr-1 26874 4000  [2018-11-08 22:31:10 738] - Components::addComponent: reset orderLog, uid=26874!
    INFO      dbmgr-1 26874 4000  [2018-11-08 22:31:10 739] - Components::addComponent[baseappmgr], uid=26874, componentID=5000, globalorderid=1, grouporderid=1, totalcount=1
    INFO      dbmgr-1 26874 4000  [2018-11-08 22:31:10 740] - ServerApp::onRegisterNewApp: uid:26874, username:, componentType:cellappmgr, componentID:6000, globalorderID=-1, grouporderID=-1, intaddr:192.168.0.107, intport:49839, extaddr:nonsupport, extport:0,  from 192.168.0.107:49861/0/0/0.
    INFO      dbmgr-1 26874 4000  [2018-11-08 22:31:10 741] - Components::addComponent[cellappmgr], uid=26874, componentID=6000, globalorderid=2, grouporderid=1, totalcount=1
    INFO      dbmgr-1 26874 4000  [2018-11-08 22:31:10 843] - ServerApp::onRegisterNewApp: uid:26874, username:, componentType:loginapp, componentID:9000, globalorderID=-1, grouporderID=-1, intaddr:192.168.0.107, intport:49842, extaddr:192.168.0.107, extport:20013,  from 192.168.0.107:49867/0/0/0.
    INFO      dbmgr-1 26874 4000  [2018-11-08 22:31:10 843] - Components::addComponent[loginapp], uid=26874, componentID=9000, globalorderid=3, grouporderid=1, totalcount=1
    INFO      dbmgr-1 26874 4000  [2018-11-08 22:31:11 664] - Components::findComponents: find logger(1)...
    INFO      dbmgr-1 26874 4000  [2018-11-08 22:31:11 706] - Components::findComponents: found logger, addr:192.168.0.107:49838
    INFO      dbmgr-1 26874 4000  [2018-11-08 22:31:11 707] - Components::addComponent[logger], uid=26874, componentID=2000, globalorderid=4, grouporderid=1, totalcount=1
    INFO      dbmgr-1 26874 4000  [2018-11-08 22:31:11 743] - Components::process(): Found all the components!
   DEBUG      dbmgr-1 26874 4000  [2018-11-08 22:31:13 860] - SyncAppDatasHandler::~SyncAppDatasHandler()
    INFO      dbmgr-1 26874 4000  [2018-11-08 22:31:18 883] - ServerApp::onRegisterNewApp: uid:26874, username:, componentType:baseapp, componentID:7001, globalorderID=-1, grouporderID=-1, intaddr:192.168.0.107, intport:49843, extaddr:192.168.0.107, extport:20015,  from 192.168.0.107:49872/0/0/0.
    INFO      dbmgr-1 26874 4000  [2018-11-08 22:31:18 883] - Components::addComponent[baseapp], uid=26874, componentID=7001, globalorderid=5, grouporderid=1, totalcount=1
    INFO      dbmgr-1 26874 4000  [2018-11-08 22:31:20 802] - ServerApp::onRegisterNewApp: uid:26874, username:, componentType:cellapp, componentID:8001, globalorderID=-1, grouporderID=-1, intaddr:192.168.0.107, intport:49844, extaddr:nonsupport, extport:0,  from 192.168.0.107:49876/0/0/0.
    INFO      dbmgr-1 26874 4000  [2018-11-08 22:31:20 802] - Components::addComponent[cellapp], uid=26874, componentID=8001, globalorderid=6, grouporderid=1, totalcount=1
    INFO      dbmgr-1 26874 4000  [2018-11-08 22:31:23 822] - IDServer::allocRange: 1-2001.
    INFO      dbmgr-1 26874 4000  [2018-11-08 22:31:23 822] - IDServer::allocRange: 2001-4001.
   DEBUG      dbmgr-1 26874 4000  [2018-11-08 22:31:23 822] - SyncAppDatasHandler::~SyncAppDatasHandler()
    INFO      dbmgr-1 26874 4000  [2018-11-08 22:31:25 843] - GlobalDataServer::broadcastDataChanged: writer(baseapp, addr=192.168.0.107:49872/0/0/0), keySize=11, valSize=49, isDelete=0
 WARNING      dbmgr-1 26874 4000  [2018-11-08 22:31:59 708] - DBTask::process(): took 0.29 seconds
sql:(select entityID, ip, port, componentID, logger from kbe_entitylog where entityDBID=3 and entityType=1 LIMIT 1)
   DEBUG      dbmgr-1 26874 4000  [2018-11-08 22:31:59 862] - Dbmgr::onAccountLogin:loginName=1, accountName=1, success=0, componentID=0, entityID=0, dbid=3, flags=0, deadline=0.
   DEBUG      dbmgr-1 26874 4000  [2018-11-08 22:32:13 562] - Dbmgr::onAccountLogin:loginName=1, accountName=1, success=0, componentID=0, entityID=0, dbid=3, flags=0, deadline=0.
   DEBUG      dbmgr-1 26874 4000  [2018-11-08 22:32:15 482] - Dbmgr::queryAccount: 1, success=1, flags=0, deadline=0.
   DEBUG      dbmgr-1 26874 4000  [2018-11-08 22:33:59 721] - Dbmgr::onAccountLogin:loginName=1, accountName=1, success=10, componentID=7001, entityID=2, dbid=3, flags=0, deadline=0.
    INFO      dbmgr-1 26874 4000  [2018-11-08 22:34:13 400] - GlobalDataServer::broadcastDataChanged: writer(cellapp, addr=192.168.0.107:49876/0/0/0), keySize=12, valSize=49, isDelete=0
   DEBUG      dbmgr-1 26874 4000  [2018-11-08 22:38:56 618] - Dbmgr::onAccountLogin:loginName=1, accountName=1, success=10, componentID=7001, entityID=2, dbid=3, flags=0, deadline=0.
   DEBUG      dbmgr-1 26874 4000  [2018-11-08 22:39:05 399] - Dbmgr::onAccountLogin:loginName=1, accountName=1, success=10, componentID=7001, entityID=2, dbid=3, flags=0, deadline=0.
   DEBUG      dbmgr-1 26874 4000  [2018-11-08 22:39:29 818] - Dbmgr::onAccountLogin:loginName=1, accountName=1, success=10, componentID=7001, entityID=2, dbid=3, flags=0, deadline=0.
   DEBUG      dbmgr-1 26874 4000  [2018-11-08 22:40:13 118] - Dbmgr::onAccountLogin:loginName=1, accountName=1, success=10, componentID=7001, entityID=2, dbid=3, flags=0, deadline=0.
   DEBUG      dbmgr-1 26874 4000  [2018-11-08 22:41:05 078] - Dbmgr::writeEntity: Account(3).
   DEBUG      dbmgr-1 26874 4000  [2018-11-08 22:42:37 737] - Dbmgr::onAccountLogin:loginName=1, accountName=1, success=10, componentID=7001, entityID=2, dbid=3, flags=0, deadline=0.
   DEBUG      dbmgr-1 26874 4000  [2018-11-08 22:43:19 136] - Dbmgr::onAccountLogin:loginName=11, accountName=11, success=0, componentID=0, entityID=0, dbid=2, flags=0, deadline=0.
   DEBUG      dbmgr-1 26874 4000  [2018-11-08 22:43:22 477] - Dbmgr::queryAccount: 11, success=1, flags=0, deadline=0.
   DEBUG      dbmgr-1 26874 4000  [2018-11-08 22:43:37 436] - Dbmgr::onAccountLogin:loginName=1111, accountName=1111, success=0, componentID=0, entityID=0, dbid=9, flags=0, deadline=0.
    INFO      dbmgr-1 26874 4000  [2018-11-08 22:43:37 397] - DBTaskAccountLogin::db_thread_process(): not found account[1111], autocreate successfully!
   DEBUG      dbmgr-1 26874 4000  [2018-11-08 22:43:39 877] - Dbmgr::queryAccount: 1111, success=1, flags=0, deadline=0.
   DEBUG      dbmgr-1 26874 4000  [2018-11-08 22:43:45 096] - Dbmgr::writeEntity: CheckName(12).
   DEBUG      dbmgr-1 26874 4000  [2018-11-08 22:44:00 136] - Dbmgr::onAccountLogin:loginName=1111, accountName=1111, success=10, componentID=7001, entityID=5, dbid=9, flags=0, deadline=0.
   DEBUG      dbmgr-1 26874 4000  [2018-11-08 22:46:05 075] - Dbmgr::writeEntity: Account(3).
   DEBUG      dbmgr-1 26874 4000  [2018-11-08 22:47:20 074] - Dbmgr::writeEntity: Account(3).
   DEBUG      dbmgr-1 26874 4000  [2018-11-08 22:47:32 214] - Dbmgr::onAccountLogin:loginName=1, accountName=1, success=10, componentID=7001, entityID=2, dbid=3, flags=0, deadline=0.
   DEBUG      dbmgr-1 26874 4000  [2018-11-08 22:47:49 514] - Dbmgr::onAccountLogin:loginName=2, accountName=2, success=0, componentID=0, entityID=0, dbid=6, flags=0, deadline=0.
   DEBUG      dbmgr-1 26874 4000  [2018-11-08 22:47:53 174] - Dbmgr::queryAccount: 2, success=1, flags=0, deadline=0.
   DEBUG      dbmgr-1 26874 4000  [2018-11-08 22:48:35 073] - Dbmgr::writeEntity: Account(2).
   DEBUG      dbmgr-1 26874 4000  [2018-11-08 22:51:05 072] - Dbmgr::writeEntity: Account(9).
   DEBUG      dbmgr-1 26874 4000  [2018-11-08 22:52:05 071] - Dbmgr::writeEntity: Account(9).
   DEBUG      dbmgr-1 26874 4000  [2018-11-08 22:54:05 170] - Dbmgr::writeEntity: Account(3).
   DEBUG      dbmgr-1 26874 4000  [2018-11-08 22:54:48 931] - Dbmgr::onAccountLogin:loginName=1, accountName=1, success=10, componentID=7001, entityID=2, dbid=3, flags=0, deadline=0.
   DEBUG      dbmgr-1 26874 4000  [2018-11-08 22:55:05 170] - Dbmgr::writeEntity: Account(6).
   DEBUG      dbmgr-1 26874 4000  [2018-11-08 22:55:58 350] - Dbmgr::onAccountLogin:loginName=1, accountName=1, success=10, componentID=7001, entityID=2, dbid=3, flags=0, deadline=0.
   DEBUG      dbmgr-1 26874 4000  [2018-11-08 22:56:05 090] - Dbmgr::writeEntity: Account(2).
   DEBUG      dbmgr-1 26874 4000  [2018-11-08 22:57:05 170] - Dbmgr::writeEntity: Account(6).
   DEBUG      dbmgr-1 26874 4000  [2018-11-08 22:58:05 169] - Dbmgr::writeEntity: Account(3).
   DEBUG      dbmgr-1 26874 4000  [2018-11-08 22:59:05 068] - Dbmgr::writeEntity: Account(2).
   DEBUG      dbmgr-1 26874 4000  [2018-11-08 23:00:22 128] - Dbmgr::onAccountLogin:loginName=1, accountName=1, success=10, componentID=7001, entityID=2, dbid=3, flags=0, deadline=0.
   DEBUG      dbmgr-1 26874 4000  [2018-11-08 23:00:33 748] - Dbmgr::onAccountLogin:loginName=1, accountName=1, success=10, componentID=7001, entityID=2, dbid=3, flags=0, deadline=0.
   DEBUG      dbmgr-1 26874 4000  [2018-11-08 23:01:05 067] - Dbmgr::writeEntity: Account(9).
   DEBUG      dbmgr-1 26874 4000  [2018-11-08 23:02:04 227] - Dbmgr::onAccountLogin:loginName=1, accountName=1, success=10, componentID=7001, entityID=2, dbid=3, flags=0, deadline=0.
   DEBUG      dbmgr-1 26874 4000  [2018-11-08 23:02:46 826] - Dbmgr::onAccountLogin:loginName=1, accountName=1, success=10, componentID=7001, entityID=2, dbid=3, flags=0, deadline=0.
   DEBUG      dbmgr-1 26874 4000  [2018-11-08 23:03:05 186] - Dbmgr::writeEntity: Account(3).
   DEBUG      dbmgr-1 26874 4000  [2018-11-08 23:03:05 526] - Dbmgr::onAccountLogin:loginName=1, accountName=1, success=10, componentID=7001, entityID=2, dbid=3, flags=0, deadline=0.
   DEBUG      dbmgr-1 26874 4000  [2018-11-08 23:03:33 286] - Dbmgr::onAccountLogin:loginName=2, accountName=2, success=10, componentID=7001, entityID=7, dbid=6, flags=0, deadline=0.
   DEBUG      dbmgr-1 26874 4000  [2018-11-08 23:03:53 346] - Dbmgr::onAccountLogin:loginName=1, accountName=1, success=10, componentID=7001, entityID=2, dbid=3, flags=0, deadline=0.
   DEBUG      dbmgr-1 26874 4000  [2018-11-08 23:04:05 186] - Dbmgr::writeEntity: Account(6).
   DEBUG      dbmgr-1 26874 4000  [2018-11-08 23:04:21 646] - Dbmgr::onAccountLogin:loginName=1, accountName=1, success=10, componentID=7001, entityID=2, dbid=3, flags=0, deadline=0.
   DEBUG      dbmgr-1 26874 4000  [2018-11-08 23:05:05 085] - Dbmgr::writeEntity: Account(9).
   DEBUG      dbmgr-1 26874 4000  [2018-11-08 23:05:11 025] - Dbmgr::onAccountLogin:loginName=1, accountName=1, success=10, componentID=7001, entityID=2, dbid=3, flags=0, deadline=0.
   DEBUG      dbmgr-1 26874 4000  [2018-11-08 23:06:04 564] - Dbmgr::onAccountLogin:loginName=1, accountName=1, success=10, componentID=7001, entityID=2, dbid=3, flags=0, deadline=0.
   DEBUG      dbmgr-1 26874 4000  [2018-11-08 23:06:05 084] - Dbmgr::writeEntity: Account(2).
   DEBUG      dbmgr-1 26874 4000  [2018-11-08 23:07:05 184] - Dbmgr::writeEntity: Account(3).
    INFO      dbmgr-1 1382 4000  [2018-11-08 23:07:14 095] - -----------------------------------------------------------------------------------------


    INFO      dbmgr-1 1382 4000  [2018-11-08 23:07:14 096] - Resmgr::initialize: KBE_ROOT=E:/kbengine/
    INFO      dbmgr-1 1382 4000  [2018-11-08 23:07:14 096] - Resmgr::initialize: KBE_RES_PATH=E:/kbengine/kbe/res/;E:/kbengine/assets/;E:/kbengine/assets/scripts/;E:/kbengine/assets/res/
    INFO      dbmgr-1 1382 4000  [2018-11-08 23:07:14 096] - Resmgr::initialize: KBE_BIN_PATH=E:/kbengine/kbe/bin/server/
    INFO      dbmgr-1 1382 4000  [2018-11-08 23:07:14 101] - NetworkInterface::initialize(INTERNAL): bound to all interfaces with default route interface on 192.168.0.107 ( 192.168.0.107:50177 )
    INFO      dbmgr-1 1382 4000  [2018-11-08 23:07:14 101] - NetworkInterface::initialize(INTERNAL): address 192.168.0.107:50177, SOMAXCONN=5.
    INFO      dbmgr-1 1382 4000  [2018-11-08 23:07:14 101] - server-configs:
    INFO      dbmgr-1 1382 4000  [2018-11-08 23:07:14 101] - 	internalAddr : 192.168.0.107:50177
    INFO      dbmgr-1 1382 4000  [2018-11-08 23:07:14 101] - 	componentID : 4000
 WARNING      dbmgr-1 1382 4000  [2018-11-08 23:07:14 412] - BundleBroadcast::BundleBroadcast: Cannot bind to port 20579, errorno=10048
    INFO      dbmgr-1 1382 4000  [2018-11-08 23:07:14 417] - ---- dbmgr Version: 2.0.0. ScriptVersion: 0.1.0. Protocol: F28F1C37BCC70CD27B77841D4A30E3D7. Config: Debug X86. Built: 15:52:44 Apr 29 2018. AppID: 4000. UID: 1382. PID: 8144 ----
    INFO      dbmgr-1 1382 4000  [2018-11-08 23:07:14 417] - Server : Intel(R) Xeon(R) CPU E3-1230 v3 @ 3.30GHz with 4194303kB RAM
    INFO      dbmgr-1 1382 4000  [2018-11-08 23:07:14 417] - ThreadPool::createThreadPool: creating  threadpool...
    INFO      dbmgr-1 1382 4000  [2018-11-08 23:07:14 418] - ThreadPool::createThreadPool: successfully(2), newThreadCount=1, normalMaxThreadCount=2, maxThreadCount=8
   DEBUG      dbmgr-1 1382 4000  [2018-11-08 23:07:14 543] - Script::install_py_dlls(): PyInit_pyexpat
   DEBUG      dbmgr-1 1382 4000  [2018-11-08 23:07:14 544] - Script::install_py_dlls(): PyInit__socket
   DEBUG      dbmgr-1 1382 4000  [2018-11-08 23:07:14 544] - Script::install_py_dlls(): PyInit__ssl
   DEBUG      dbmgr-1 1382 4000  [2018-11-08 23:07:14 547] - Script::install_py_dlls(): PyInit__hashlib
   DEBUG      dbmgr-1 1382 4000  [2018-11-08 23:07:14 548] - Script::install_py_dlls(): PyInit_select
   DEBUG      dbmgr-1 1382 4000  [2018-11-08 23:07:14 548] - Script::install_py_dlls(): PyInit__ctypes
   DEBUG      dbmgr-1 1382 4000  [2018-11-08 23:07:14 548] - Script::install_py_dlls(): PyInit__elementtree
   DEBUG      dbmgr-1 1382 4000  [2018-11-08 23:07:14 578] - Script::install_py_dlls(): PyInit_unicodedata
    INFO      dbmgr-1 1382 4000  [2018-11-08 23:07:14 605] - Script::install(): is successfully, Python=(3.4.2 (default, Apr 29 2018, 15:52:37) [MSC v.1913 32 bit (Intel)])!
    INFO      dbmgr-1 1382 4000  [2018-11-08 23:07:14 605] - Script::install(): KBExtra is successfully!
    INFO      dbmgr-1 1382 4000  [2018-11-08 23:07:14 629] - Dbmgr::initializeEnd: digest(7F4FC8296AD553545CD95B23EFF6238F)
  S_INFO      dbmgr-1 1382 4000  [2018-11-08 23:07:14 629] - onDBMgrReady: bootstrapGroupIndex=0, bootstrapGlobalIndex=0
    INFO      dbmgr-1 1382 4000  [2018-11-08 23:07:14 629] - TelnetServer server is running on port 32000
    INFO      dbmgr-1 1382 4000  [2018-11-08 23:07:14 629] - Dbmgr::initInterfacesHandler: interfaces addr(127.0.0.1:30099), accountType:(interfaces), chargeType:(interfaces).
 WARNING      dbmgr-1 1382 4000  [2018-11-08 23:07:14 911] - DBUtil::initialize: db(default) password is not encrypted!
please use password(rsa):
B6A130408911B1CF7F4A6ABD94557F894242B6C1FC604C82FC2BABD5E035C363AE0605E1AFBFC98E442F41A23B9FA6DD8D895C88890F57CC3B3A87E5EFFE204778487751F88ADB87D05D830E095C09A6AB9DE65DD375B78798DA10846E559F29A0D0A83865EBC8D5574F634A5B20CF8719F7049C75128EF07B8EA9CA284BF600
   DEBUG      dbmgr-1 1382 4000  [2018-11-08 23:07:14 912] - DBInterfaceMysql::attach: connect: localhost:3306 starting...
   DEBUG      dbmgr-1 1382 4000  [2018-11-08 23:07:14 914] - DBInterfaceMysql::attach: successfully! addr: localhost:3306
    INFO      dbmgr-1 1382 4000  [2018-11-08 23:07:14 914] - DBUtil::createInterface[0x3ff3f8]: interface=default, dbtype=mysql, ip=localhost, port=3306, currdatabase=kbe, username=kbe, connected=yes.

    INFO      dbmgr-1 1382 4000  [2018-11-08 23:07:14 914] - ThreadPool::createThreadPool: creating  threadpool...
    INFO      dbmgr-1 1382 4000  [2018-11-08 23:07:14 914] - ThreadPool::createThreadPool: successfully(5), newThreadCount=5, normalMaxThreadCount=5, maxThreadCount=5
    INFO      dbmgr-1 1382 4000  [2018-11-08 23:07:15 015] - DBInterfaceMysql::query: successfully!
    INFO      dbmgr-1 1382 4000  [2018-11-08 23:07:15 016] - DBInterfaceMysql::query: successfully!
 WARNING      dbmgr-1 1382 4000  [2018-11-08 23:07:15 076] - e:\kbengine\kbe\src\server\dbmgr\dbmgr.cpp:275: Profile scriptCall took 0.45 seconds
    INFO      dbmgr-1 1382 4000  [2018-11-08 23:07:15 356] - ---- dbmgr is running ----
   DEBUG      dbmgr-1 1382 4000  [2018-11-08 23:07:15 356] - Components::process(): Request for the process of identity...
   DEBUG      dbmgr-1 1382 4000  [2018-11-08 23:07:14 914] - DBInterfaceMysql::attach: connect: localhost:3306 starting...
   DEBUG      dbmgr-1 1382 4000  [2018-11-08 23:07:14 915] - DBInterfaceMysql::attach: connect: localhost:3306 starting...
   DEBUG      dbmgr-1 1382 4000  [2018-11-08 23:07:14 915] - DBInterfaceMysql::attach: connect: localhost:3306 starting...
   DEBUG      dbmgr-1 1382 4000  [2018-11-08 23:07:14 915] - DBInterfaceMysql::attach: connect: localhost:3306 starting...
   DEBUG      dbmgr-1 1382 4000  [2018-11-08 23:07:14 916] - DBInterfaceMysql::attach: connect: localhost:3306 starting...
   DEBUG      dbmgr-1 1382 4000  [2018-11-08 23:07:14 916] - DBInterfaceMysql::attach: successfully! addr: localhost:3306
   DEBUG      dbmgr-1 1382 4000  [2018-11-08 23:07:14 916] - DBThread::onStart(): 0x544cb0!
   DEBUG      dbmgr-1 1382 4000  [2018-11-08 23:07:14 916] - DBInterfaceMysql::attach: successfully! addr: localhost:3306
   DEBUG      dbmgr-1 1382 4000  [2018-11-08 23:07:14 916] - DBInterfaceMysql::attach: successfully! addr: localhost:3306
   DEBUG      dbmgr-1 1382 4000  [2018-11-08 23:07:14 916] - DBThread::onStart(): 0x544dc0!
   DEBUG      dbmgr-1 1382 4000  [2018-11-08 23:07:14 916] - DBThread::onStart(): 0x544d38!
   DEBUG      dbmgr-1 1382 4000  [2018-11-08 23:07:14 917] - DBInterfaceMysql::attach: successfully! addr: localhost:3306
   DEBUG      dbmgr-1 1382 4000  [2018-11-08 23:07:14 917] - DBThread::onStart(): 0x544e48!
   DEBUG      dbmgr-1 1382 4000  [2018-11-08 23:07:14 917] - DBInterfaceMysql::attach: successfully! addr: localhost:3306
   DEBUG      dbmgr-1 1382 4000  [2018-11-08 23:07:14 917] - DBThread::onStart(): 0x544ed0!
    INFO      dbmgr-1 1382 4000  [2018-11-08 23:07:15 017] - DBInterfaceMysql::query: successfully!
    INFO      dbmgr-1 1382 4000  [2018-11-08 23:07:15 017] - DBInterfaceMysql::query: successfully!
    INFO      dbmgr-1 1382 4000  [2018-11-08 23:07:15 017] - DBInterfaceMysql::query: successfully!
    INFO      dbmgr-1 1382 4000  [2018-11-08 23:07:15 017] - DBInterfaceMysql::query: successfully!
    INFO      dbmgr-1 1382 4000  [2018-11-08 23:07:15 018] - DBInterfaceMysql::query: successfully!
    INFO      dbmgr-1 1382 4000  [2018-11-08 23:07:15 018] - DBInterfaceMysql::query: successfully!
    INFO      dbmgr-1 1382 4000  [2018-11-08 23:07:15 018] - DBInterfaceMysql::query: successfully!
    INFO      dbmgr-1 1382 4000  [2018-11-08 23:07:15 059] - DBInterfaceMysql::query: successfully!
    INFO      dbmgr-1 1382 4000  [2018-11-08 23:07:22 471] - Components::findComponents: find logger(1)...
    INFO      dbmgr-1 1382 4000  [2018-11-08 23:07:22 497] - Components::findComponents: found logger, addr:192.168.0.107:50175
    INFO      dbmgr-1 1382 4000  [2018-11-08 23:07:22 498] - Components::addComponent: reset orderLog, uid=1382!
    INFO      dbmgr-1 1382 4000  [2018-11-08 23:07:22 498] - Components::addComponent[logger], uid=1382, componentID=2000, globalorderid=1, grouporderid=1, totalcount=1
    INFO      dbmgr-1 1382 4000  [2018-11-08 23:07:22 530] - Components::process(): Found all the components!
    INFO      dbmgr-1 1382 4000  [2018-11-08 23:07:27 310] - ServerApp::onRegisterNewApp: uid:1382, username:, componentType:cellappmgr, componentID:6000, globalorderID=-1, grouporderID=-1, intaddr:192.168.0.107, intport:50176, extaddr:nonsupport, extport:0,  from 192.168.0.107:50198/0/0/0.
    INFO      dbmgr-1 1382 4000  [2018-11-08 23:07:27 310] - Components::addComponent: reset orderLog, uid=1382!
    INFO      dbmgr-1 1382 4000  [2018-11-08 23:07:27 310] - Components::addComponent[cellappmgr], uid=1382, componentID=6000, globalorderid=1, grouporderid=1, totalcount=1
    INFO      dbmgr-1 1382 4000  [2018-11-08 23:07:27 570] - ServerApp::onRegisterNewApp: uid:1382, username:, componentType:loginapp, componentID:9000, globalorderID=-1, grouporderID=-1, intaddr:192.168.0.107, intport:50179, extaddr:192.168.0.107, extport:20013,  from 192.168.0.107:50200/0/0/0.
    INFO      dbmgr-1 1382 4000  [2018-11-08 23:07:27 570] - Components::addComponent[loginapp], uid=1382, componentID=9000, globalorderid=2, grouporderid=1, totalcount=1
    INFO      dbmgr-1 1382 4000  [2018-11-08 23:07:28 410] - ServerApp::onRegisterNewApp: uid:1382, username:, componentType:cellapp, componentID:8001, globalorderID=-1, grouporderID=-1, intaddr:192.168.0.107, intport:50178, extaddr:nonsupport, extport:0,  from 192.168.0.107:50202/0/0/0.
    INFO      dbmgr-1 1382 4000  [2018-11-08 23:07:28 410] - Components::addComponent[cellapp], uid=1382, componentID=8001, globalorderid=3, grouporderid=1, totalcount=1
    INFO      dbmgr-1 1382 4000  [2018-11-08 23:07:28 710] - ServerApp::onRegisterNewApp: uid:1382, username:, componentType:baseapp, componentID:7001, globalorderID=-1, grouporderID=-1, intaddr:192.168.0.107, intport:50180, extaddr:192.168.0.107, extport:20015,  from 192.168.0.107:50205/0/0/0.
    INFO      dbmgr-1 1382 4000  [2018-11-08 23:07:28 710] - Components::addComponent[baseapp], uid=1382, componentID=7001, globalorderid=4, grouporderid=1, totalcount=1
    INFO      dbmgr-1 1382 4000  [2018-11-08 23:07:29 010] - ServerApp::onRegisterNewApp: uid:1382, username:, componentType:baseappmgr, componentID:5000, globalorderID=-1, grouporderID=-1, intaddr:192.168.0.107, intport:50182, extaddr:nonsupport, extport:0,  from 192.168.0.107:50209/0/0/0.
    INFO      dbmgr-1 1382 4000  [2018-11-08 23:07:29 010] - Components::addComponent[baseappmgr], uid=1382, componentID=5000, globalorderid=5, grouporderid=1, totalcount=1
    INFO      dbmgr-1 1382 4000  [2018-11-08 23:07:32 029] - IDServer::allocRange: 1-2001.
    INFO      dbmgr-1 1382 4000  [2018-11-08 23:07:32 029] - IDServer::allocRange: 2001-4001.
   DEBUG      dbmgr-1 1382 4000  [2018-11-08 23:07:32 029] - SyncAppDatasHandler::~SyncAppDatasHandler()
    INFO      dbmgr-1 1382 4000  [2018-11-08 23:07:33 910] - GlobalDataServer::broadcastDataChanged: writer(baseapp, addr=192.168.0.107:50205/0/0/0), keySize=11, valSize=52, isDelete=0
   DEBUG      dbmgr-1 1382 4000  [2018-11-08 23:08:28 390] - Dbmgr::onAccountLogin:loginName=1, accountName=1, success=0, componentID=0, entityID=0, dbid=3, flags=0, deadline=0.
   DEBUG      dbmgr-1 1382 4000  [2018-11-08 23:08:30 950] - Dbmgr::queryAccount: 1, success=1, flags=0, deadline=0.
    INFO      dbmgr-1 1382 4000  [2018-11-08 23:08:33 649] - GlobalDataServer::broadcastDataChanged: writer(cellapp, addr=192.168.0.107:50202/0/0/0), keySize=12, valSize=52, isDelete=0
   DEBUG      dbmgr-1 1382 4000  [2018-11-08 23:08:55 009] - Dbmgr::onAccountLogin:loginName=2, accountName=2, success=0, componentID=0, entityID=0, dbid=6, flags=0, deadline=0.
   DEBUG      dbmgr-1 1382 4000  [2018-11-08 23:08:58 649] - Dbmgr::queryAccount: 2, success=1, flags=0, deadline=0.
   DEBUG      dbmgr-1 1382 4000  [2018-11-08 23:11:03 989] - Dbmgr::onAccountLogin:loginName=1, accountName=1, success=10, componentID=7001, entityID=2002, dbid=3, flags=0, deadline=0.
   DEBUG      dbmgr-1 1382 4000  [2018-11-08 23:11:49 108] - Dbmgr::onAccountLogin:loginName=1, accountName=1, success=10, componentID=7001, entityID=2002, dbid=3, flags=0, deadline=0.
   DEBUG      dbmgr-1 1382 4000  [2018-11-08 23:14:45 246] - Dbmgr::writeEntity: Account(6).
   DEBUG      dbmgr-1 1382 4000  [2018-11-08 23:17:15 265] - Dbmgr::writeEntity: Account(3).
   DEBUG      dbmgr-1 1382 4000  [2018-11-08 23:19:45 283] - Dbmgr::writeEntity: Account(6).
   DEBUG      dbmgr-1 1382 4000  [2018-11-08 23:22:15 642] - Dbmgr::writeEntity: Account(3).
 WARNING      dbmgr-1 1382 4000  [2018-11-08 23:22:15 624] - DBTransaction::commit(): took 0.42 seconds
   DEBUG      dbmgr-1 1382 4000  [2018-11-08 23:24:45 281] - Dbmgr::writeEntity: Account(3).
   DEBUG      dbmgr-1 1382 4000  [2018-11-08 23:27:15 280] - Dbmgr::writeEntity: Account(6).
   DEBUG      dbmgr-1 1382 4000  [2018-11-08 23:29:45 239] - Dbmgr::writeEntity: Account(6).
   DEBUG      dbmgr-1 1382 4000  [2018-11-08 23:32:15 297] - Dbmgr::writeEntity: Account(3).
   DEBUG      dbmgr-1 1382 4000  [2018-11-08 23:34:45 276] - Dbmgr::writeEntity: Account(3).
   DEBUG      dbmgr-1 1382 4000  [2018-11-08 23:37:15 294] - Dbmgr::writeEntity: Account(6).
   DEBUG      dbmgr-1 1382 4000  [2018-11-08 23:39:45 253] - Dbmgr::writeEntity: Account(6).
   DEBUG      dbmgr-1 1382 4000  [2018-11-08 23:41:16 532] - Dbmgr::onAccountLogin:loginName=1, accountName=1, success=10, componentID=7001, entityID=2002, dbid=3, flags=0, deadline=0.
   DEBUG      dbmgr-1 1382 4000  [2018-11-08 23:42:15 272] - Dbmgr::writeEntity: Account(3).
   DEBUG      dbmgr-1 1382 4000  [2018-11-08 23:44:45 350] - Dbmgr::writeEntity: Account(3).
   DEBUG      dbmgr-1 1382 4000  [2018-11-08 23:45:50 230] - Dbmgr::onAccountLogin:loginName=1, accountName=1, success=10, componentID=7001, entityID=2002, dbid=3, flags=0, deadline=0.
   DEBUG      dbmgr-1 1382 4000  [2018-11-08 23:47:15 309] - Dbmgr::writeEntity: Account(6).
   DEBUG      dbmgr-1 1382 4000  [2018-11-08 23:47:53 829] - Dbmgr::onAccountLogin:loginName=1, accountName=1, success=10, componentID=7001, entityID=2002, dbid=3, flags=0, deadline=0.
   DEBUG      dbmgr-1 1382 4000  [2018-11-08 23:49:45 288] - Dbmgr::writeEntity: Account(3).
   DEBUG      dbmgr-1 1382 4000  [2018-11-08 23:52:15 267] - Dbmgr::writeEntity: Account(6).
   DEBUG      dbmgr-1 1382 4000  [2018-11-08 23:54:19 845] - Dbmgr::onAccountLogin:loginName=2, accountName=2, success=10, componentID=7001, entityID=2004, dbid=6, flags=0, deadline=0.
   DEBUG      dbmgr-1 1382 4000  [2018-11-08 23:54:33 526] - Dbmgr::onAccountLogin:loginName=2, accountName=2, success=10, componentID=7001, entityID=2004, dbid=6, flags=0, deadline=0.
   DEBUG      dbmgr-1 1382 4000  [2018-11-08 23:54:45 285] - Dbmgr::writeEntity: Account(3).
   DEBUG      dbmgr-1 1382 4000  [2018-11-08 23:55:29 625] - Dbmgr::onAccountLogin:loginName=1, accountName=1, success=10, componentID=7001, entityID=2002, dbid=3, flags=0, deadline=0.
   DEBUG      dbmgr-1 1382 4000  [2018-11-08 23:56:08 624] - Dbmgr::onAccountLogin:loginName=2, accountName=2, success=10, componentID=7001, entityID=2004, dbid=6, flags=0, deadline=0.
   DEBUG      dbmgr-1 1382 4000  [2018-11-08 23:56:41 284] - Dbmgr::onAccountLogin:loginName=1, accountName=1, success=10, componentID=7001, entityID=2002, dbid=3, flags=0, deadline=0.
   DEBUG      dbmgr-1 1382 4000  [2018-11-08 23:57:15 284] - Dbmgr::writeEntity: Account(6).
   DEBUG      dbmgr-1 1382 4000  [2018-11-08 23:57:55 523] - Dbmgr::onAccountLogin:loginName=2, accountName=2, success=10, componentID=7001, entityID=2004, dbid=6, flags=0, deadline=0.
   DEBUG      dbmgr-1 1382 4000  [2018-11-08 23:58:11 643] - Dbmgr::onAccountLogin:loginName=1, accountName=1, success=10, componentID=7001, entityID=2002, dbid=3, flags=0, deadline=0.
   DEBUG      dbmgr-1 1382 4000  [2018-11-08 23:59:45 263] - Dbmgr::writeEntity: Account(3).
