    INFO    cellapp-1 4706 8001  [2018-05-06 13:45:27 778] - -----------------------------------------------------------------------------------------


    INFO    cellapp-1 4706 8001  [2018-05-06 13:45:28 569] - Resmgr::initialize: KBE_ROOT=E:/kbengine/
    INFO    cellapp-1 4706 8001  [2018-05-06 13:45:28 569] - Resmgr::initialize: KBE_RES_PATH=E:/kbengine/kbe/res/;E:/kbengine/assets/;E:/kbengine/assets/scripts/;E:/kbengine/assets/res/
    INFO    cellapp-1 4706 8001  [2018-05-06 13:45:28 569] - Resmgr::initialize: KBE_BIN_PATH=E:/kbengine/kbe/bin/server/
    INFO    cellapp-1 4706 8001  [2018-05-06 13:45:29 463] - NetworkInterface::initialize(INTERNAL): bound to all interfaces with default route interface on 192.168.0.106 ( 192.168.0.106:50286 )
    INFO    cellapp-1 4706 8001  [2018-05-06 13:45:29 509] - NetworkInterface::initialize(INTERNAL): address 192.168.0.106:50286, SOMAXCONN=5.
    INFO    cellapp-1 4706 8001  [2018-05-06 13:45:29 510] - server-configs:
    INFO    cellapp-1 4706 8001  [2018-05-06 13:45:29 510] - 	gameUpdateHertz : 10
    INFO    cellapp-1 4706 8001  [2018-05-06 13:45:29 543] - 	defaultViewRadius : 80
    INFO    cellapp-1 4706 8001  [2018-05-06 13:45:29 543] - 	defaultViewHysteresisArea : 5
    INFO    cellapp-1 4706 8001  [2018-05-06 13:45:29 544] - 	entryScriptFile : kbemain
    INFO    cellapp-1 4706 8001  [2018-05-06 13:45:29 544] - 	internalAddr : 192.168.0.106:50286
    INFO    cellapp-1 4706 8001  [2018-05-06 13:45:29 545] - 	componentID : 8001
    INFO    cellapp-1 4706 8001  [2018-05-06 13:45:29 907] - Components::findLogger: found logger, addr:192.168.0.106:50274
    INFO    cellapp-1 4706 8001  [2018-05-06 13:45:29 907] - Components::addComponent: reset orderLog, uid=4706!
    INFO    cellapp-1 4706 8001  [2018-05-06 13:45:29 939] - Components::addComponent[logger], uid=4706, componentID=2000, globalorderid=1, grouporderid=1, totalcount=1
    INFO    cellapp-1 4706 8001  [2018-05-06 13:45:30 157] - ---- cellapp Version: 2.0.0. ScriptVersion: 0.1.0. Protocol: 85A70C5E64F896E0F1A60BF405B4EB07. Config: Debug X86. Built: 15:53:53 Apr 29 2018. AppID: 8001. UID: 4706. PID: 4932 ----
    INFO    cellapp-1 4706 8001  [2018-05-06 13:45:30 159] - Server : Intel(R) Xeon(R) CPU E3-1230 v3 @ 3.30GHz with 4194303kB RAM
    INFO    cellapp-1 4706 8001  [2018-05-06 13:45:30 268] - ThreadPool::createThreadPool: creating  threadpool...
    INFO    cellapp-1 4706 8001  [2018-05-06 13:45:30 302] - ThreadPool::createThreadPool: successfully(2), newThreadCount=1, normalMaxThreadCount=2, maxThreadCount=8
   DEBUG    cellapp-1 4706 8001  [2018-05-06 13:45:36 495] - Script::install_py_dlls(): PyInit_pyexpat
   DEBUG    cellapp-1 4706 8001  [2018-05-06 13:45:36 676] - Script::install_py_dlls(): PyInit__socket
   DEBUG    cellapp-1 4706 8001  [2018-05-06 13:45:36 866] - Script::install_py_dlls(): PyInit__ssl
   DEBUG    cellapp-1 4706 8001  [2018-05-06 13:45:38 094] - Script::install_py_dlls(): PyInit__hashlib
   DEBUG    cellapp-1 4706 8001  [2018-05-06 13:45:38 283] - Script::install_py_dlls(): PyInit_select
   DEBUG    cellapp-1 4706 8001  [2018-05-06 13:45:38 356] - Script::install_py_dlls(): PyInit__ctypes
   DEBUG    cellapp-1 4706 8001  [2018-05-06 13:45:38 421] - Script::install_py_dlls(): PyInit__elementtree
   DEBUG    cellapp-1 4706 8001  [2018-05-06 13:45:38 846] - Script::install_py_dlls(): PyInit_unicodedata
    INFO    cellapp-1 4706 8001  [2018-05-06 13:45:39 852] - Script::install(): is successfully, Python=(3.4.2 (default, Apr 29 2018, 15:53:05) [MSC v.1913 32 bit (Intel)])!
    INFO    cellapp-1 4706 8001  [2018-05-06 13:45:39 853] - Script::install(): KBExtra is successfully!
    INFO    cellapp-1 4706 8001  [2018-05-06 13:45:40 683] - TelnetServer server is running on port 50000
    INFO    cellapp-1 4706 8001  [2018-05-06 13:45:40 987] - ---- cellapp is running ----
   DEBUG    cellapp-1 4706 8001  [2018-05-06 13:45:40 988] - Components::process(): Request for the process of identity...
 WARNING    cellapp-1 4706 8001  [2018-05-06 13:45:47 092] - EntityApp::checkTickPeriod: tick took 6105% (6.11 seconds)!
    INFO    cellapp-1 4706 8001  [2018-05-06 13:45:48 188] - Components::findComponents: find dbmgr(1)...
    INFO    cellapp-1 4706 8001  [2018-05-06 13:45:48 237] - Components::findComponents: found dbmgr, addr:192.168.0.106:50277
    INFO    cellapp-1 4706 8001  [2018-05-06 13:45:48 237] - Components::addComponent: reset orderLog, uid=4706!
    INFO    cellapp-1 4706 8001  [2018-05-06 13:45:48 237] - Components::addComponent[dbmgr], uid=4706, componentID=4000, globalorderid=1, grouporderid=1, totalcount=1
    INFO    cellapp-1 4706 8001  [2018-05-06 13:45:48 239] - Components::findComponents: found dbmgr, addr:192.168.0.106:50277
 WARNING    cellapp-1 4706 8001  [2018-05-06 13:45:49 239] - EntityApp::checkTickPeriod: tick took 1151% (1.15 seconds)!
    INFO    cellapp-1 4706 8001  [2018-05-06 13:45:50 287] - Components::findComponents: find cellappmgr(1)...
    INFO    cellapp-1 4706 8001  [2018-05-06 13:45:50 351] - Components::findComponents: found cellappmgr, addr:192.168.0.106:50275
    INFO    cellapp-1 4706 8001  [2018-05-06 13:45:50 351] - Components::addComponent[cellappmgr], uid=4706, componentID=6000, globalorderid=2, grouporderid=1, totalcount=1
    INFO    cellapp-1 4706 8001  [2018-05-06 13:45:50 352] - Components::findComponents: found cellappmgr, addr:192.168.0.106:50275
 WARNING    cellapp-1 4706 8001  [2018-05-06 13:45:51 352] - EntityApp::checkTickPeriod: tick took 1165% (1.16 seconds)!
    INFO    cellapp-1 4706 8001  [2018-05-06 13:45:52 387] - Components::findComponents: find baseappmgr(1)...
    INFO    cellapp-1 4706 8001  [2018-05-06 13:45:52 460] - Components::findComponents: found baseappmgr, addr:192.168.0.106:50279
    INFO    cellapp-1 4706 8001  [2018-05-06 13:45:52 460] - Components::addComponent[baseappmgr], uid=4706, componentID=5000, globalorderid=3, grouporderid=1, totalcount=1
    INFO    cellapp-1 4706 8001  [2018-05-06 13:45:52 461] - Components::findComponents: found baseappmgr, addr:192.168.0.106:50279
 WARNING    cellapp-1 4706 8001  [2018-05-06 13:45:53 462] - EntityApp::checkTickPeriod: tick took 1174% (1.17 seconds)!
    INFO    cellapp-1 4706 8001  [2018-05-06 13:45:54 519] - Components::findComponents: register self to dbmgr...
    INFO    cellapp-1 4706 8001  [2018-05-06 13:45:54 588] - Components::findComponents: register self to cellappmgr...
    INFO    cellapp-1 4706 8001  [2018-05-06 13:45:54 619] - Components::findComponents: register self to baseappmgr...
    INFO    cellapp-1 4706 8001  [2018-05-06 13:45:54 688] - Components::process(): Found all the components!
    INFO    cellapp-1 4706 8001  [2018-05-06 13:45:55 788] - ServerApp::onRegisterNewApp: uid:4706, username:, componentType:baseapp, componentID:7001, globalorderID=5, grouporderID=1, intaddr:192.168.0.106, intport:50293, extaddr:192.168.0.106, extport:20015,  from 192.168.0.106:50277/0/0/0.
    INFO    cellapp-1 4706 8001  [2018-05-06 13:45:55 788] - Components::addComponent[baseapp], uid=4706, componentID=7001, globalorderid=5, grouporderid=1, totalcount=1
    INFO    cellapp-1 4706 8001  [2018-05-06 13:45:58 788] - EntityApp::onDbmgrInitCompleted: entityID alloc(1-2001), startGlobalOrder=4, startGroupOrder=1, digest=4014798377FA6A083C8B063CDA62350C.
    INFO    cellapp01 4706 8001  [2018-05-06 13:45:58 788] - IDClient::onAddRange: number of ids increased from 1 to 2001.
   S_DBG    cellapp01 4706 8001  [2018-05-06 13:45:59 993] - onInit::isReload:0
 WARNING    cellapp01 4706 8001  [2018-05-06 13:45:59 993] - e:\kbengine\kbe\src\lib\server\entity_app.h:749: Profile processRecvMessages took 1.21 seconds
 WARNING    cellapp01 4706 8001  [2018-05-06 13:45:59 993] - e:\kbengine\kbe\src\server\cellapp\cellapp.cpp:245: Profile gameTick took 1.21 seconds
 WARNING    cellapp01 4706 8001  [2018-05-06 13:45:59 993] - e:\kbengine\kbe\src\lib\network\event_dispatcher.cpp:153: Profile callSystemTimers took 1.21 seconds
 WARNING    cellapp01 4706 8001  [2018-05-06 13:45:59 994] - EntityApp::checkTickPeriod: tick took 1206% (1.21 seconds)!
   DEBUG    cellapp01 4706 8001  [2018-05-06 13:45:59 997] - InitProgressHandler::~InitProgressHandler()
    INFO    cellapp-1 4915 8001  [2018-05-06 13:46:07 116] - -----------------------------------------------------------------------------------------


    INFO    cellapp-1 4915 8001  [2018-05-06 13:46:07 117] - Resmgr::initialize: KBE_ROOT=E:/kbengine/
    INFO    cellapp-1 4915 8001  [2018-05-06 13:46:07 117] - Resmgr::initialize: KBE_RES_PATH=E:/kbengine/kbe/res/;E:/kbengine/assets/;E:/kbengine/assets/scripts/;E:/kbengine/assets/res/
    INFO    cellapp-1 4915 8001  [2018-05-06 13:46:07 117] - Resmgr::initialize: KBE_BIN_PATH=E:/kbengine/kbe/bin/server/
    INFO    cellapp-1 4915 8001  [2018-05-06 13:46:07 127] - NetworkInterface::initialize(INTERNAL): bound to all interfaces with default route interface on 192.168.0.106 ( 192.168.0.106:50311 )
    INFO    cellapp-1 4915 8001  [2018-05-06 13:46:07 128] - NetworkInterface::initialize(INTERNAL): address 192.168.0.106:50311, SOMAXCONN=5.
    INFO    cellapp-1 4915 8001  [2018-05-06 13:46:07 128] - server-configs:
    INFO    cellapp-1 4915 8001  [2018-05-06 13:46:07 128] - 	gameUpdateHertz : 10
    INFO    cellapp-1 4915 8001  [2018-05-06 13:46:07 128] - 	defaultViewRadius : 80
    INFO    cellapp-1 4915 8001  [2018-05-06 13:46:07 128] - 	defaultViewHysteresisArea : 5
    INFO    cellapp-1 4915 8001  [2018-05-06 13:46:07 128] - 	entryScriptFile : kbemain
    INFO    cellapp-1 4915 8001  [2018-05-06 13:46:07 128] - 	internalAddr : 192.168.0.106:50311
    INFO    cellapp-1 4915 8001  [2018-05-06 13:46:07 128] - 	componentID : 8001
 WARNING    cellapp-1 4915 8001  [2018-05-06 13:46:07 439] - BundleBroadcast::BundleBroadcast: Cannot bind to port 20275, errorno=10048
    INFO    cellapp-1 4915 8001  [2018-05-06 13:46:07 445] - ---- cellapp Version: 2.0.0. ScriptVersion: 0.1.0. Protocol: 85A70C5E64F896E0F1A60BF405B4EB07. Config: Debug X86. Built: 15:53:53 Apr 29 2018. AppID: 8001. UID: 4915. PID: 9052 ----
    INFO    cellapp-1 4915 8001  [2018-05-06 13:46:07 446] - Server : Intel(R) Xeon(R) CPU E3-1230 v3 @ 3.30GHz with 4194303kB RAM
    INFO    cellapp-1 4915 8001  [2018-05-06 13:46:07 446] - ThreadPool::createThreadPool: creating  threadpool...
    INFO    cellapp-1 4915 8001  [2018-05-06 13:46:07 446] - ThreadPool::createThreadPool: successfully(2), newThreadCount=1, normalMaxThreadCount=2, maxThreadCount=8
   DEBUG    cellapp-1 4915 8001  [2018-05-06 13:46:07 577] - Script::install_py_dlls(): PyInit_pyexpat
   DEBUG    cellapp-1 4915 8001  [2018-05-06 13:46:07 578] - Script::install_py_dlls(): PyInit__socket
   DEBUG    cellapp-1 4915 8001  [2018-05-06 13:46:07 578] - Script::install_py_dlls(): PyInit__ssl
   DEBUG    cellapp-1 4915 8001  [2018-05-06 13:46:07 581] - Script::install_py_dlls(): PyInit__hashlib
   DEBUG    cellapp-1 4915 8001  [2018-05-06 13:46:07 581] - Script::install_py_dlls(): PyInit_select
   DEBUG    cellapp-1 4915 8001  [2018-05-06 13:46:07 581] - Script::install_py_dlls(): PyInit__ctypes
   DEBUG    cellapp-1 4915 8001  [2018-05-06 13:46:07 582] - Script::install_py_dlls(): PyInit__elementtree
   DEBUG    cellapp-1 4915 8001  [2018-05-06 13:46:07 612] - Script::install_py_dlls(): PyInit_unicodedata
    INFO    cellapp-1 4915 8001  [2018-05-06 13:46:07 641] - Script::install(): is successfully, Python=(3.4.2 (default, Apr 29 2018, 15:53:05) [MSC v.1913 32 bit (Intel)])!
    INFO    cellapp-1 4915 8001  [2018-05-06 13:46:07 641] - Script::install(): KBExtra is successfully!
    INFO    cellapp-1 4915 8001  [2018-05-06 13:46:07 653] - TelnetServer server is running on port 50000
    INFO    cellapp-1 4915 8001  [2018-05-06 13:46:07 979] - ---- cellapp is running ----
   DEBUG    cellapp-1 4915 8001  [2018-05-06 13:46:07 979] - Components::process(): Request for the process of identity...
 WARNING    cellapp-1 4915 8001  [2018-05-06 13:46:14 049] - EntityApp::checkTickPeriod: tick took 6068% (6.07 seconds)!
    INFO    cellapp-1 4915 8001  [2018-05-06 13:46:15 081] - Components::findComponents: find logger(1)...
    INFO    cellapp-1 4915 8001  [2018-05-06 13:46:15 128] - Components::findComponents: found logger, addr:192.168.0.106:50316
    INFO    cellapp-1 4915 8001  [2018-05-06 13:46:15 129] - Components::addComponent: reset orderLog, uid=4915!
    INFO    cellapp-1 4915 8001  [2018-05-06 13:46:15 129] - Components::addComponent[logger], uid=4915, componentID=2000, globalorderid=1, grouporderid=1, totalcount=1
    INFO    cellapp-1 4915 8001  [2018-05-06 13:46:15 131] - Components::findComponents: find dbmgr(2)...
    INFO    cellapp-1 4915 8001  [2018-05-06 13:46:15 233] - Components::findComponents: found dbmgr, addr:192.168.0.106:50310
    INFO    cellapp-1 4915 8001  [2018-05-06 13:46:15 234] - Components::addComponent: reset orderLog, uid=4915!
    INFO    cellapp-1 4915 8001  [2018-05-06 13:46:15 234] - Components::addComponent[dbmgr], uid=4915, componentID=4000, globalorderid=1, grouporderid=1, totalcount=1
    INFO    cellapp-1 4915 8001  [2018-05-06 13:46:15 235] - Components::findComponents: found dbmgr, addr:192.168.0.106:50310
 WARNING    cellapp-1 4915 8001  [2018-05-06 13:46:16 235] - EntityApp::checkTickPeriod: tick took 1254% (1.25 seconds)!
    INFO    cellapp-1 4915 8001  [2018-05-06 13:46:17 280] - Components::findComponents: find cellappmgr(1)...
    INFO    cellapp-1 4915 8001  [2018-05-06 13:46:17 378] - Components::findComponents: found cellappmgr, addr:192.168.0.106:50312
    INFO    cellapp-1 4915 8001  [2018-05-06 13:46:17 378] - Components::addComponent[cellappmgr], uid=4915, componentID=6000, globalorderid=2, grouporderid=1, totalcount=1
    INFO    cellapp-1 4915 8001  [2018-05-06 13:46:17 379] - Components::findComponents: found cellappmgr, addr:192.168.0.106:50312
 WARNING    cellapp-1 4915 8001  [2018-05-06 13:46:18 379] - EntityApp::checkTickPeriod: tick took 1199% (1.20 seconds)!
    INFO    cellapp-1 4915 8001  [2018-05-06 13:46:19 380] - Components::findComponents: find baseappmgr(1)...
    INFO    cellapp-1 4915 8001  [2018-05-06 13:46:19 392] - Components::findComponents: found baseappmgr, addr:192.168.0.106:50309
    INFO    cellapp-1 4915 8001  [2018-05-06 13:46:19 392] - Components::addComponent[baseappmgr], uid=4915, componentID=5000, globalorderid=3, grouporderid=1, totalcount=1
    INFO    cellapp-1 4915 8001  [2018-05-06 13:46:19 393] - Components::findComponents: found baseappmgr, addr:192.168.0.106:50309
 WARNING    cellapp-1 4915 8001  [2018-05-06 13:46:20 393] - EntityApp::checkTickPeriod: tick took 1113% (1.11 seconds)!
    INFO    cellapp-1 4915 8001  [2018-05-06 13:46:21 520] - Components::findComponents: register self to dbmgr...
    INFO    cellapp-1 4915 8001  [2018-05-06 13:46:21 580] - Components::findComponents: register self to cellappmgr...
    INFO    cellapp-1 4915 8001  [2018-05-06 13:46:21 620] - Components::findComponents: register self to baseappmgr...
    INFO    cellapp-1 4915 8001  [2018-05-06 13:46:21 680] - Components::process(): Found all the components!
    INFO    cellapp-1 4915 8001  [2018-05-06 13:46:24 280] - ServerApp::onRegisterNewApp: uid:4915, username:, componentType:baseapp, componentID:7001, globalorderID=5, grouporderID=1, intaddr:192.168.0.106, intport:50314, extaddr:192.168.0.106, extport:20015,  from 192.168.0.106:50310/0/0/0.
    INFO    cellapp-1 4915 8001  [2018-05-06 13:46:24 280] - Components::addComponent[baseapp], uid=4915, componentID=7001, globalorderid=5, grouporderid=1, totalcount=1
    INFO    cellapp-1 4915 8001  [2018-05-06 13:46:27 280] - EntityApp::onDbmgrInitCompleted: entityID alloc(1-2001), startGlobalOrder=4, startGroupOrder=1, digest=4014798377FA6A083C8B063CDA62350C.
    INFO    cellapp01 4915 8001  [2018-05-06 13:46:27 280] - IDClient::onAddRange: number of ids increased from 1 to 2001.
   S_DBG    cellapp01 4915 8001  [2018-05-06 13:46:28 484] - onInit::isReload:0
 WARNING    cellapp01 4915 8001  [2018-05-06 13:46:28 484] - e:\kbengine\kbe\src\lib\server\entity_app.h:749: Profile processRecvMessages took 1.20 seconds
 WARNING    cellapp01 4915 8001  [2018-05-06 13:46:28 485] - e:\kbengine\kbe\src\server\cellapp\cellapp.cpp:245: Profile gameTick took 1.20 seconds
 WARNING    cellapp01 4915 8001  [2018-05-06 13:46:28 485] - e:\kbengine\kbe\src\lib\network\event_dispatcher.cpp:153: Profile callSystemTimers took 1.20 seconds
 WARNING    cellapp01 4915 8001  [2018-05-06 13:46:28 485] - EntityApp::checkTickPeriod: tick took 1204% (1.20 seconds)!
   DEBUG    cellapp01 4915 8001  [2018-05-06 13:46:28 521] - InitProgressHandler::~InitProgressHandler()
    INFO    cellapp-1 5989 8001  [2018-05-06 13:51:36 127] - -----------------------------------------------------------------------------------------


    INFO    cellapp-1 5989 8001  [2018-05-06 13:51:36 128] - Resmgr::initialize: KBE_ROOT=E:/kbengine/
    INFO    cellapp-1 5989 8001  [2018-05-06 13:51:36 128] - Resmgr::initialize: KBE_RES_PATH=E:/kbengine/kbe/res/;E:/kbengine/assets/;E:/kbengine/assets/scripts/;E:/kbengine/assets/res/
    INFO    cellapp-1 5989 8001  [2018-05-06 13:51:36 128] - Resmgr::initialize: KBE_BIN_PATH=E:/kbengine/kbe/bin/server/
    INFO    cellapp-1 5989 8001  [2018-05-06 13:51:36 130] - NetworkInterface::initialize(INTERNAL): bound to all interfaces with default route interface on 192.168.0.106 ( 192.168.0.106:50405 )
    INFO    cellapp-1 5989 8001  [2018-05-06 13:51:36 130] - NetworkInterface::initialize(INTERNAL): address 192.168.0.106:50405, SOMAXCONN=5.
    INFO    cellapp-1 5989 8001  [2018-05-06 13:51:36 130] - server-configs:
    INFO    cellapp-1 5989 8001  [2018-05-06 13:51:36 130] - 	gameUpdateHertz : 10
    INFO    cellapp-1 5989 8001  [2018-05-06 13:51:36 130] - 	defaultViewRadius : 80
    INFO    cellapp-1 5989 8001  [2018-05-06 13:51:36 130] - 	defaultViewHysteresisArea : 5
    INFO    cellapp-1 5989 8001  [2018-05-06 13:51:36 130] - 	entryScriptFile : kbemain
    INFO    cellapp-1 5989 8001  [2018-05-06 13:51:36 130] - 	internalAddr : 192.168.0.106:50405
    INFO    cellapp-1 5989 8001  [2018-05-06 13:51:36 131] - 	componentID : 8001
    INFO    cellapp-1 5989 8001  [2018-05-06 13:51:37 644] - ---- cellapp Version: 2.0.0. ScriptVersion: 0.1.0. Protocol: 85A70C5E64F896E0F1A60BF405B4EB07. Config: Debug X86. Built: 15:53:53 Apr 29 2018. AppID: 8001. UID: 5989. PID: 1652 ----
    INFO    cellapp-1 5989 8001  [2018-05-06 13:51:37 645] - Server : Intel(R) Xeon(R) CPU E3-1230 v3 @ 3.30GHz with 4194303kB RAM
    INFO    cellapp-1 5989 8001  [2018-05-06 13:51:37 646] - ThreadPool::createThreadPool: creating  threadpool...
    INFO    cellapp-1 5989 8001  [2018-05-06 13:51:37 647] - ThreadPool::createThreadPool: successfully(2), newThreadCount=1, normalMaxThreadCount=2, maxThreadCount=8
   DEBUG    cellapp-1 5989 8001  [2018-05-06 13:51:37 792] - Script::install_py_dlls(): PyInit_pyexpat
   DEBUG    cellapp-1 5989 8001  [2018-05-06 13:51:37 792] - Script::install_py_dlls(): PyInit__socket
   DEBUG    cellapp-1 5989 8001  [2018-05-06 13:51:37 792] - Script::install_py_dlls(): PyInit__ssl
   DEBUG    cellapp-1 5989 8001  [2018-05-06 13:51:37 795] - Script::install_py_dlls(): PyInit__hashlib
   DEBUG    cellapp-1 5989 8001  [2018-05-06 13:51:37 796] - Script::install_py_dlls(): PyInit_select
   DEBUG    cellapp-1 5989 8001  [2018-05-06 13:51:37 796] - Script::install_py_dlls(): PyInit__ctypes
   DEBUG    cellapp-1 5989 8001  [2018-05-06 13:51:37 796] - Script::install_py_dlls(): PyInit__elementtree
   DEBUG    cellapp-1 5989 8001  [2018-05-06 13:51:37 824] - Script::install_py_dlls(): PyInit_unicodedata
    INFO    cellapp-1 5989 8001  [2018-05-06 13:51:37 852] - Script::install(): is successfully, Python=(3.4.2 (default, Apr 29 2018, 15:53:05) [MSC v.1913 32 bit (Intel)])!
    INFO    cellapp-1 5989 8001  [2018-05-06 13:51:37 852] - Script::install(): KBExtra is successfully!
   DEBUG    cellapp-1 5989 8001  [2018-05-06 13:51:37 887] - loaded entity-script:Account(1).
    INFO    cellapp-1 5989 8001  [2018-05-06 13:51:37 888] - TelnetServer server is running on port 50000
    INFO    cellapp-1 5989 8001  [2018-05-06 13:51:38 245] - ---- cellapp is running ----
   DEBUG    cellapp-1 5989 8001  [2018-05-06 13:51:38 246] - Components::process(): Request for the process of identity...
 WARNING    cellapp-1 5989 8001  [2018-05-06 13:51:44 317] - EntityApp::checkTickPeriod: tick took 6069% (6.07 seconds)!
    INFO    cellapp-1 5989 8001  [2018-05-06 13:51:45 348] - Components::findComponents: find logger(1)...
    INFO    cellapp-1 5989 8001  [2018-05-06 13:51:45 384] - Components::findComponents: found logger, addr:192.168.0.106:50400
    INFO    cellapp-1 5989 8001  [2018-05-06 13:51:45 385] - Components::addComponent: reset orderLog, uid=5989!
    INFO    cellapp-1 5989 8001  [2018-05-06 13:51:45 385] - Components::addComponent[logger], uid=5989, componentID=2000, globalorderid=1, grouporderid=1, totalcount=1
    INFO    cellapp-1 5989 8001  [2018-05-06 13:51:45 388] - Components::findComponents: find dbmgr(2)...
 WARNING    cellapp-1 5989 8001  [2018-05-06 13:51:46 489] - EntityApp::checkTickPeriod: tick took 1241% (1.24 seconds)!
    INFO    cellapp-1 5989 8001  [2018-05-06 13:51:47 530] - Components::findComponents: find dbmgr(3)...
 WARNING    cellapp-1 5989 8001  [2018-05-06 13:51:48 603] - EntityApp::checkTickPeriod: tick took 1156% (1.16 seconds)!
    INFO    cellapp-1 6042 8001  [2018-05-06 13:51:51 531] - -----------------------------------------------------------------------------------------


    INFO    cellapp-1 6042 8001  [2018-05-06 13:51:51 531] - Resmgr::initialize: KBE_ROOT=E:/kbengine/
    INFO    cellapp-1 6042 8001  [2018-05-06 13:51:51 532] - Resmgr::initialize: KBE_RES_PATH=E:/kbengine/kbe/res/;E:/kbengine/assets/;E:/kbengine/assets/scripts/;E:/kbengine/assets/res/
    INFO    cellapp-1 6042 8001  [2018-05-06 13:51:51 532] - Resmgr::initialize: KBE_BIN_PATH=E:/kbengine/kbe/bin/server/
    INFO    cellapp-1 6042 8001  [2018-05-06 13:51:51 540] - NetworkInterface::initialize(INTERNAL): bound to all interfaces with default route interface on 192.168.0.106 ( 192.168.0.106:50429 )
    INFO    cellapp-1 6042 8001  [2018-05-06 13:51:51 541] - NetworkInterface::initialize(INTERNAL): address 192.168.0.106:50429, SOMAXCONN=5.
    INFO    cellapp-1 6042 8001  [2018-05-06 13:51:51 541] - server-configs:
    INFO    cellapp-1 6042 8001  [2018-05-06 13:51:51 541] - 	gameUpdateHertz : 10
    INFO    cellapp-1 6042 8001  [2018-05-06 13:51:51 541] - 	defaultViewRadius : 80
    INFO    cellapp-1 6042 8001  [2018-05-06 13:51:51 541] - 	defaultViewHysteresisArea : 5
    INFO    cellapp-1 6042 8001  [2018-05-06 13:51:51 541] - 	entryScriptFile : kbemain
    INFO    cellapp-1 6042 8001  [2018-05-06 13:51:51 541] - 	internalAddr : 192.168.0.106:50429
    INFO    cellapp-1 6042 8001  [2018-05-06 13:51:51 541] - 	componentID : 8001
    INFO    cellapp-1 6042 8001  [2018-05-06 13:51:53 050] - ---- cellapp Version: 2.0.0. ScriptVersion: 0.1.0. Protocol: 85A70C5E64F896E0F1A60BF405B4EB07. Config: Debug X86. Built: 15:53:53 Apr 29 2018. AppID: 8001. UID: 6042. PID: 11036 ----
    INFO    cellapp-1 6042 8001  [2018-05-06 13:51:53 051] - Server : Intel(R) Xeon(R) CPU E3-1230 v3 @ 3.30GHz with 4194303kB RAM
    INFO    cellapp-1 6042 8001  [2018-05-06 13:51:53 051] - ThreadPool::createThreadPool: creating  threadpool...
    INFO    cellapp-1 6042 8001  [2018-05-06 13:51:53 052] - ThreadPool::createThreadPool: successfully(2), newThreadCount=1, normalMaxThreadCount=2, maxThreadCount=8
   DEBUG    cellapp-1 6042 8001  [2018-05-06 13:51:53 216] - Script::install_py_dlls(): PyInit_pyexpat
   DEBUG    cellapp-1 6042 8001  [2018-05-06 13:51:53 216] - Script::install_py_dlls(): PyInit__socket
   DEBUG    cellapp-1 6042 8001  [2018-05-06 13:51:53 217] - Script::install_py_dlls(): PyInit__ssl
   DEBUG    cellapp-1 6042 8001  [2018-05-06 13:51:53 220] - Script::install_py_dlls(): PyInit__hashlib
   DEBUG    cellapp-1 6042 8001  [2018-05-06 13:51:53 220] - Script::install_py_dlls(): PyInit_select
   DEBUG    cellapp-1 6042 8001  [2018-05-06 13:51:53 220] - Script::install_py_dlls(): PyInit__ctypes
   DEBUG    cellapp-1 6042 8001  [2018-05-06 13:51:53 220] - Script::install_py_dlls(): PyInit__elementtree
   DEBUG    cellapp-1 6042 8001  [2018-05-06 13:51:53 248] - Script::install_py_dlls(): PyInit_unicodedata
    INFO    cellapp-1 6042 8001  [2018-05-06 13:51:53 277] - Script::install(): is successfully, Python=(3.4.2 (default, Apr 29 2018, 15:53:05) [MSC v.1913 32 bit (Intel)])!
    INFO    cellapp-1 6042 8001  [2018-05-06 13:51:53 277] - Script::install(): KBExtra is successfully!
   DEBUG    cellapp-1 6042 8001  [2018-05-06 13:51:53 290] - loaded entity-script:Account(1).
    INFO    cellapp-1 6042 8001  [2018-05-06 13:51:53 291] - TelnetServer server is running on port 50000
    INFO    cellapp-1 6042 8001  [2018-05-06 13:51:53 671] - ---- cellapp is running ----
   DEBUG    cellapp-1 6042 8001  [2018-05-06 13:51:53 671] - Components::process(): Request for the process of identity...
 WARNING    cellapp-1 6042 8001  [2018-05-06 13:51:59 758] - EntityApp::checkTickPeriod: tick took 6085% (6.09 seconds)!
    INFO    cellapp-1 6042 8001  [2018-05-06 13:52:00 833] - Components::findComponents: find logger(1)...
    INFO    cellapp-1 6042 8001  [2018-05-06 13:52:00 932] - Components::findComponents: found logger, addr:192.168.0.106:50428
    INFO    cellapp-1 6042 8001  [2018-05-06 13:52:00 933] - Components::addComponent: reset orderLog, uid=6042!
    INFO    cellapp-1 6042 8001  [2018-05-06 13:52:00 933] - Components::addComponent[logger], uid=6042, componentID=2000, globalorderid=1, grouporderid=1, totalcount=1
    INFO    cellapp-1 6042 8001  [2018-05-06 13:52:00 936] - Components::findComponents: find dbmgr(2)...
 WARNING    cellapp-1 6042 8001  [2018-05-06 13:52:02 046] - EntityApp::checkTickPeriod: tick took 1274% (1.27 seconds)!
    INFO    cellapp-1 6042 8001  [2018-05-06 13:52:03 072] - Components::findComponents: find dbmgr(3)...
 WARNING    cellapp-1 6042 8001  [2018-05-06 13:52:03 382] - BundleBroadcast::BundleBroadcast: Cannot bind to port 20768, errorno=10048
 WARNING    cellapp-1 6042 8001  [2018-05-06 13:52:03 382] - EntityApp::checkTickPeriod: tick took 410% (0.41 seconds)!
    INFO    cellapp-1 6087 8001  [2018-05-06 13:52:05 643] - -----------------------------------------------------------------------------------------


    INFO    cellapp-1 6087 8001  [2018-05-06 13:52:05 643] - Resmgr::initialize: KBE_ROOT=E:/kbengine/
    INFO    cellapp-1 6087 8001  [2018-05-06 13:52:05 643] - Resmgr::initialize: KBE_RES_PATH=E:/kbengine/kbe/res/;E:/kbengine/assets/;E:/kbengine/assets/scripts/;E:/kbengine/assets/res/
    INFO    cellapp-1 6087 8001  [2018-05-06 13:52:05 643] - Resmgr::initialize: KBE_BIN_PATH=E:/kbengine/kbe/bin/server/
    INFO    cellapp-1 6087 8001  [2018-05-06 13:52:05 648] - NetworkInterface::initialize(INTERNAL): bound to all interfaces with default route interface on 192.168.0.106 ( 192.168.0.106:50451 )
    INFO    cellapp-1 6087 8001  [2018-05-06 13:52:05 648] - NetworkInterface::initialize(INTERNAL): address 192.168.0.106:50451, SOMAXCONN=5.
    INFO    cellapp-1 6087 8001  [2018-05-06 13:52:05 648] - server-configs:
    INFO    cellapp-1 6087 8001  [2018-05-06 13:52:05 648] - 	gameUpdateHertz : 10
    INFO    cellapp-1 6087 8001  [2018-05-06 13:52:05 649] - 	defaultViewRadius : 80
    INFO    cellapp-1 6087 8001  [2018-05-06 13:52:05 649] - 	defaultViewHysteresisArea : 5
    INFO    cellapp-1 6087 8001  [2018-05-06 13:52:05 649] - 	entryScriptFile : kbemain
    INFO    cellapp-1 6087 8001  [2018-05-06 13:52:05 649] - 	internalAddr : 192.168.0.106:50451
    INFO    cellapp-1 6087 8001  [2018-05-06 13:52:05 649] - 	componentID : 8001
 WARNING    cellapp-1 6087 8001  [2018-05-06 13:52:05 960] - BundleBroadcast::BundleBroadcast: Cannot bind to port 20405, errorno=10048
    INFO    cellapp-1 6087 8001  [2018-05-06 13:52:05 964] - ---- cellapp Version: 2.0.0. ScriptVersion: 0.1.0. Protocol: 85A70C5E64F896E0F1A60BF405B4EB07. Config: Debug X86. Built: 15:53:53 Apr 29 2018. AppID: 8001. UID: 6087. PID: 5292 ----
    INFO    cellapp-1 6087 8001  [2018-05-06 13:52:05 965] - Server : Intel(R) Xeon(R) CPU E3-1230 v3 @ 3.30GHz with 4194303kB RAM
    INFO    cellapp-1 6087 8001  [2018-05-06 13:52:05 965] - ThreadPool::createThreadPool: creating  threadpool...
    INFO    cellapp-1 6087 8001  [2018-05-06 13:52:05 965] - ThreadPool::createThreadPool: successfully(2), newThreadCount=1, normalMaxThreadCount=2, maxThreadCount=8
   DEBUG    cellapp-1 6087 8001  [2018-05-06 13:52:06 091] - Script::install_py_dlls(): PyInit_pyexpat
   DEBUG    cellapp-1 6087 8001  [2018-05-06 13:52:06 091] - Script::install_py_dlls(): PyInit__socket
   DEBUG    cellapp-1 6087 8001  [2018-05-06 13:52:06 092] - Script::install_py_dlls(): PyInit__ssl
   DEBUG    cellapp-1 6087 8001  [2018-05-06 13:52:06 095] - Script::install_py_dlls(): PyInit__hashlib
   DEBUG    cellapp-1 6087 8001  [2018-05-06 13:52:06 095] - Script::install_py_dlls(): PyInit_select
   DEBUG    cellapp-1 6087 8001  [2018-05-06 13:52:06 095] - Script::install_py_dlls(): PyInit__ctypes
   DEBUG    cellapp-1 6087 8001  [2018-05-06 13:52:06 096] - Script::install_py_dlls(): PyInit__elementtree
   DEBUG    cellapp-1 6087 8001  [2018-05-06 13:52:06 122] - Script::install_py_dlls(): PyInit_unicodedata
    INFO    cellapp-1 6087 8001  [2018-05-06 13:52:06 149] - Script::install(): is successfully, Python=(3.4.2 (default, Apr 29 2018, 15:53:05) [MSC v.1913 32 bit (Intel)])!
    INFO    cellapp-1 6087 8001  [2018-05-06 13:52:06 149] - Script::install(): KBExtra is successfully!
   DEBUG    cellapp-1 6087 8001  [2018-05-06 13:52:06 158] - loaded entity-script:Account(1).
    INFO    cellapp-1 6087 8001  [2018-05-06 13:52:06 159] - TelnetServer server is running on port 50000
    INFO    cellapp-1 6087 8001  [2018-05-06 13:52:06 441] - ---- cellapp is running ----
   DEBUG    cellapp-1 6087 8001  [2018-05-06 13:52:06 441] - Components::process(): Request for the process of identity...
 WARNING    cellapp-1 6087 8001  [2018-05-06 13:52:12 517] - EntityApp::checkTickPeriod: tick took 6075% (6.07 seconds)!
    INFO    cellapp-1 6087 8001  [2018-05-06 13:52:13 542] - Components::findComponents: find logger(1)...
    INFO    cellapp-1 6087 8001  [2018-05-06 13:52:13 556] - Components::findComponents: found logger, addr:192.168.0.106:50447
    INFO    cellapp-1 6087 8001  [2018-05-06 13:52:13 557] - Components::addComponent: reset orderLog, uid=6087!
    INFO    cellapp-1 6087 8001  [2018-05-06 13:52:13 557] - Components::addComponent[logger], uid=6087, componentID=2000, globalorderid=1, grouporderid=1, totalcount=1
    INFO    cellapp-1 6087 8001  [2018-05-06 13:52:13 560] - Components::findComponents: find dbmgr(2)...
 WARNING    cellapp-1 6087 8001  [2018-05-06 13:52:14 662] - EntityApp::checkTickPeriod: tick took 1219% (1.22 seconds)!
    INFO    cellapp-1 6087 8001  [2018-05-06 13:52:15 741] - Components::findComponents: find dbmgr(3)...
 WARNING    cellapp-1 6087 8001  [2018-05-06 13:52:16 789] - EntityApp::checkTickPeriod: tick took 1148% (1.15 seconds)!
    INFO    cellapp-1 6087 8001  [2018-05-06 13:52:17 842] - Components::findComponents: find dbmgr(4)...
 WARNING    cellapp-1 6087 8001  [2018-05-06 13:52:18 907] - EntityApp::checkTickPeriod: tick took 1165% (1.16 seconds)!
    INFO    cellapp-1 6087 8001  [2018-05-06 13:52:19 942] - Components::findComponents: find dbmgr(5)...
 WARNING    cellapp-1 6087 8001  [2018-05-06 13:52:21 027] - EntityApp::checkTickPeriod: tick took 1185% (1.18 seconds)!
    INFO    cellapp-1 6087 8001  [2018-05-06 13:52:22 042] - Components::findComponents: find dbmgr(6)...
 WARNING    cellapp-1 6087 8001  [2018-05-06 13:52:23 143] - EntityApp::checkTickPeriod: tick took 1201% (1.20 seconds)!
    INFO    cellapp-1 6087 8001  [2018-05-06 13:52:24 146] - Components::findComponents: find dbmgr(7)...
 WARNING    cellapp-1 6087 8001  [2018-05-06 13:52:25 156] - EntityApp::checkTickPeriod: tick took 1014% (1.01 seconds)!
    INFO    cellapp-1 6087 8001  [2018-05-06 13:52:26 242] - Components::findComponents: find dbmgr(8)...
 WARNING    cellapp-1 6087 8001  [2018-05-06 13:52:27 276] - EntityApp::checkTickPeriod: tick took 1134% (1.13 seconds)!
    INFO    cellapp-1 6087 8001  [2018-05-06 13:52:28 342] - Components::findComponents: find dbmgr(9)...
 WARNING    cellapp-1 6087 8001  [2018-05-06 13:52:29 390] - EntityApp::checkTickPeriod: tick took 1148% (1.15 seconds)!
    INFO    cellapp-1 6087 8001  [2018-05-06 13:52:30 442] - Components::findComponents: find dbmgr(10)...
 WARNING    cellapp-1 6087 8001  [2018-05-06 13:52:31 511] - EntityApp::checkTickPeriod: tick took 1169% (1.17 seconds)!
    INFO    cellapp-1 6087 8001  [2018-05-06 13:52:32 542] - Components::findComponents: find dbmgr(11)...
 WARNING    cellapp-1 6087 8001  [2018-05-06 13:52:33 623] - EntityApp::checkTickPeriod: tick took 1181% (1.18 seconds)!
    INFO    cellapp-1 6087 8001  [2018-05-06 13:52:34 642] - Components::findComponents: find dbmgr(12)...
 WARNING    cellapp-1 6087 8001  [2018-05-06 13:52:35 741] - EntityApp::checkTickPeriod: tick took 1198% (1.20 seconds)!
    INFO    cellapp-1 6087 8001  [2018-05-06 13:52:36 742] - Components::findComponents: find dbmgr(13)...
 WARNING    cellapp-1 6087 8001  [2018-05-06 13:52:37 768] - EntityApp::checkTickPeriod: tick took 1125% (1.13 seconds)!
    INFO    cellapp-1 6087 8001  [2018-05-06 13:52:38 842] - Components::findComponents: find dbmgr(14)...
 WARNING    cellapp-1 6087 8001  [2018-05-06 13:52:39 887] - EntityApp::checkTickPeriod: tick took 1145% (1.14 seconds)!
    INFO    cellapp-1 6087 8001  [2018-05-06 13:52:40 942] - Components::findComponents: find dbmgr(15)...
 WARNING    cellapp-1 6087 8001  [2018-05-06 13:52:42 007] - EntityApp::checkTickPeriod: tick took 1165% (1.16 seconds)!
    INFO    cellapp-1 6316 8001  [2018-05-06 13:53:15 833] - -----------------------------------------------------------------------------------------


    INFO    cellapp-1 6316 8001  [2018-05-06 13:53:15 833] - Resmgr::initialize: KBE_ROOT=E:/kbengine/
    INFO    cellapp-1 6316 8001  [2018-05-06 13:53:15 833] - Resmgr::initialize: KBE_RES_PATH=E:/kbengine/kbe/res/;E:/kbengine/assets/;E:/kbengine/assets/scripts/;E:/kbengine/assets/res/
    INFO    cellapp-1 6316 8001  [2018-05-06 13:53:15 834] - Resmgr::initialize: KBE_BIN_PATH=E:/kbengine/kbe/bin/server/
    INFO    cellapp-1 6316 8001  [2018-05-06 13:53:15 836] - NetworkInterface::initialize(INTERNAL): bound to all interfaces with default route interface on 192.168.0.106 ( 192.168.0.106:50520 )
    INFO    cellapp-1 6316 8001  [2018-05-06 13:53:15 836] - NetworkInterface::initialize(INTERNAL): address 192.168.0.106:50520, SOMAXCONN=5.
    INFO    cellapp-1 6316 8001  [2018-05-06 13:53:15 837] - server-configs:
    INFO    cellapp-1 6316 8001  [2018-05-06 13:53:15 837] - 	gameUpdateHertz : 10
    INFO    cellapp-1 6316 8001  [2018-05-06 13:53:15 837] - 	defaultViewRadius : 80
    INFO    cellapp-1 6316 8001  [2018-05-06 13:53:15 837] - 	defaultViewHysteresisArea : 5
    INFO    cellapp-1 6316 8001  [2018-05-06 13:53:15 837] - 	entryScriptFile : kbemain
    INFO    cellapp-1 6316 8001  [2018-05-06 13:53:15 837] - 	internalAddr : 192.168.0.106:50520
    INFO    cellapp-1 6316 8001  [2018-05-06 13:53:15 837] - 	componentID : 8001
    INFO    cellapp-1 6316 8001  [2018-05-06 13:53:17 354] - ---- cellapp Version: 2.0.0. ScriptVersion: 0.1.0. Protocol: 85A70C5E64F896E0F1A60BF405B4EB07. Config: Debug X86. Built: 15:53:53 Apr 29 2018. AppID: 8001. UID: 6316. PID: 11252 ----
    INFO    cellapp-1 6316 8001  [2018-05-06 13:53:17 355] - Server : Intel(R) Xeon(R) CPU E3-1230 v3 @ 3.30GHz with 4194303kB RAM
    INFO    cellapp-1 6316 8001  [2018-05-06 13:53:17 356] - ThreadPool::createThreadPool: creating  threadpool...
    INFO    cellapp-1 6316 8001  [2018-05-06 13:53:17 357] - ThreadPool::createThreadPool: successfully(2), newThreadCount=1, normalMaxThreadCount=2, maxThreadCount=8
   DEBUG    cellapp-1 6316 8001  [2018-05-06 13:53:17 503] - Script::install_py_dlls(): PyInit_pyexpat
   DEBUG    cellapp-1 6316 8001  [2018-05-06 13:53:17 503] - Script::install_py_dlls(): PyInit__socket
   DEBUG    cellapp-1 6316 8001  [2018-05-06 13:53:17 504] - Script::install_py_dlls(): PyInit__ssl
   DEBUG    cellapp-1 6316 8001  [2018-05-06 13:53:17 508] - Script::install_py_dlls(): PyInit__hashlib
   DEBUG    cellapp-1 6316 8001  [2018-05-06 13:53:17 508] - Script::install_py_dlls(): PyInit_select
   DEBUG    cellapp-1 6316 8001  [2018-05-06 13:53:17 508] - Script::install_py_dlls(): PyInit__ctypes
   DEBUG    cellapp-1 6316 8001  [2018-05-06 13:53:17 508] - Script::install_py_dlls(): PyInit__elementtree
   DEBUG    cellapp-1 6316 8001  [2018-05-06 13:53:17 537] - Script::install_py_dlls(): PyInit_unicodedata
    INFO    cellapp-1 6316 8001  [2018-05-06 13:53:17 564] - Script::install(): is successfully, Python=(3.4.2 (default, Apr 29 2018, 15:53:05) [MSC v.1913 32 bit (Intel)])!
    INFO    cellapp-1 6316 8001  [2018-05-06 13:53:17 565] - Script::install(): KBExtra is successfully!
   DEBUG    cellapp-1 6316 8001  [2018-05-06 13:53:17 573] - loaded entity-script:Account(1).
    INFO    cellapp-1 6316 8001  [2018-05-06 13:53:17 574] - TelnetServer server is running on port 50000
    INFO    cellapp-1 6316 8001  [2018-05-06 13:53:17 951] - ---- cellapp is running ----
   DEBUG    cellapp-1 6316 8001  [2018-05-06 13:53:17 951] - Components::process(): Request for the process of identity...
 WARNING    cellapp-1 6316 8001  [2018-05-06 13:53:24 036] - EntityApp::checkTickPeriod: tick took 6085% (6.09 seconds)!
    INFO    cellapp-1 6316 8001  [2018-05-06 13:53:25 052] - Components::findComponents: find logger(1)...
    INFO    cellapp-1 6316 8001  [2018-05-06 13:53:25 127] - Components::findComponents: found logger, addr:192.168.0.106:50515
    INFO    cellapp-1 6316 8001  [2018-05-06 13:53:25 127] - Components::addComponent: reset orderLog, uid=6316!
    INFO    cellapp-1 6316 8001  [2018-05-06 13:53:25 127] - Components::addComponent[logger], uid=6316, componentID=2000, globalorderid=1, grouporderid=1, totalcount=1
    INFO    cellapp-1 6316 8001  [2018-05-06 13:53:25 128] - Components::findComponents: find dbmgr(2)...
 WARNING    cellapp-1 6316 8001  [2018-05-06 13:53:26 230] - EntityApp::checkTickPeriod: tick took 1278% (1.28 seconds)!
    INFO    cellapp-1 6316 8001  [2018-05-06 13:53:27 234] - Components::findComponents: find dbmgr(3)...
 WARNING    cellapp-1 6316 8001  [2018-05-06 13:53:28 255] - EntityApp::checkTickPeriod: tick took 1103% (1.10 seconds)!
    INFO    cellapp-1 6316 8001  [2018-05-06 13:53:29 335] - Components::findComponents: find dbmgr(4)...
 WARNING    cellapp-1 6316 8001  [2018-05-06 13:53:30 374] - EntityApp::checkTickPeriod: tick took 1122% (1.12 seconds)!
    INFO    cellapp-1 6316 8001  [2018-05-06 13:53:31 435] - Components::findComponents: find dbmgr(5)...
 WARNING    cellapp-1 6316 8001  [2018-05-06 13:53:32 496] - EntityApp::checkTickPeriod: tick took 1144% (1.14 seconds)!
    INFO    cellapp-1 6316 8001  [2018-05-06 13:53:33 535] - Components::findComponents: find dbmgr(6)...
 WARNING    cellapp-1 6316 8001  [2018-05-06 13:53:34 614] - EntityApp::checkTickPeriod: tick took 1162% (1.16 seconds)!
    INFO    cellapp-1 6316 8001  [2018-05-06 13:53:35 635] - Components::findComponents: find dbmgr(7)...
 WARNING    cellapp-1 6316 8001  [2018-05-06 13:53:36 732] - EntityApp::checkTickPeriod: tick took 1180% (1.18 seconds)!
    INFO    cellapp-1 6316 8001  [2018-05-06 13:53:37 735] - Components::findComponents: find dbmgr(8)...
 WARNING    cellapp-1 6316 8001  [2018-05-06 13:53:38 753] - EntityApp::checkTickPeriod: tick took 1101% (1.10 seconds)!
    INFO    cellapp-1 6316 8001  [2018-05-06 13:53:39 835] - Components::findComponents: find dbmgr(9)...
 WARNING    cellapp-1 6316 8001  [2018-05-06 13:53:40 869] - EntityApp::checkTickPeriod: tick took 1117% (1.12 seconds)!
    INFO    cellapp-1 6316 8001  [2018-05-06 13:53:41 935] - Components::findComponents: find dbmgr(10)...
 WARNING    cellapp-1 6316 8001  [2018-05-06 13:53:42 990] - EntityApp::checkTickPeriod: tick took 1138% (1.14 seconds)!
    INFO    cellapp-1 6316 8001  [2018-05-06 13:53:44 035] - Components::findComponents: find dbmgr(11)...
 WARNING    cellapp-1 6316 8001  [2018-05-06 13:53:45 110] - EntityApp::checkTickPeriod: tick took 1157% (1.16 seconds)!
    INFO    cellapp-1 6316 8001  [2018-05-06 13:53:46 136] - Components::findComponents: find dbmgr(12)...
 WARNING    cellapp-1 6316 8001  [2018-05-06 13:53:47 226] - EntityApp::checkTickPeriod: tick took 1174% (1.17 seconds)!
    INFO    cellapp-1 6316 8001  [2018-05-06 13:53:48 236] - Components::findComponents: find dbmgr(13)...
 WARNING    cellapp-1 6316 8001  [2018-05-06 13:53:49 243] - EntityApp::checkTickPeriod: tick took 1091% (1.09 seconds)!
    INFO    cellapp-1 6316 8001  [2018-05-06 13:53:50 252] - Components::findComponents: find dbmgr(14)...
 WARNING    cellapp-1 6316 8001  [2018-05-06 13:53:51 259] - EntityApp::checkTickPeriod: tick took 1107% (1.11 seconds)!
    INFO    cellapp-1 6316 8001  [2018-05-06 13:53:52 335] - Components::findComponents: find dbmgr(15)...
 WARNING    cellapp-1 6316 8001  [2018-05-06 13:53:53 378] - EntityApp::checkTickPeriod: tick took 1126% (1.13 seconds)!
    INFO    cellapp-1 6316 8001  [2018-05-06 13:53:54 435] - Components::findComponents: find dbmgr(16)...
 WARNING    cellapp-1 6316 8001  [2018-05-06 13:53:55 500] - EntityApp::checkTickPeriod: tick took 1148% (1.15 seconds)!
 WARNING    cellapp-1 6316 8001  [2018-05-06 13:53:56 535] - Components::findComponents: find dbmgr(17)...
delay time is too long, please check the dbmgr logs!
 WARNING    cellapp-1 6316 8001  [2018-05-06 13:53:57 618] - EntityApp::checkTickPeriod: tick took 1166% (1.17 seconds)!
 WARNING    cellapp-1 6316 8001  [2018-05-06 13:53:58 635] - Components::findComponents: find dbmgr(18)...
delay time is too long, please check the dbmgr logs!
 WARNING    cellapp-1 6316 8001  [2018-05-06 13:53:58 945] - BundleBroadcast::BundleBroadcast: Cannot bind to port 20942, errorno=10048
 WARNING    cellapp-1 6316 8001  [2018-05-06 13:53:58 945] - EntityApp::checkTickPeriod: tick took 393% (0.39 seconds)!
 WARNING    cellapp-1 6316 8001  [2018-05-06 13:53:59 952] - Components::findComponents: find dbmgr(19)...
delay time is too long, please check the dbmgr logs!
 WARNING    cellapp-1 6316 8001  [2018-05-06 13:54:01 042] - EntityApp::checkTickPeriod: tick took 1190% (1.19 seconds)!
 WARNING    cellapp-1 6316 8001  [2018-05-06 13:54:02 052] - Components::findComponents: find dbmgr(20)...
delay time is too long, please check the dbmgr logs!
 WARNING    cellapp-1 6316 8001  [2018-05-06 13:54:03 057] - EntityApp::checkTickPeriod: tick took 1104% (1.10 seconds)!
 WARNING    cellapp-1 6316 8001  [2018-05-06 13:54:04 136] - Components::findComponents: find dbmgr(21)...
delay time is too long, please check the dbmgr logs!
 WARNING    cellapp-1 6316 8001  [2018-05-06 13:54:05 170] - EntityApp::checkTickPeriod: tick took 1117% (1.12 seconds)!
 WARNING    cellapp-1 6316 8001  [2018-05-06 13:54:06 236] - Components::findComponents: find dbmgr(22)...
delay time is too long, please check the dbmgr logs!
 WARNING    cellapp-1 6316 8001  [2018-05-06 13:54:07 285] - EntityApp::checkTickPeriod: tick took 1132% (1.13 seconds)!
 WARNING    cellapp-1 6316 8001  [2018-05-06 13:54:08 336] - Components::findComponents: find dbmgr(23)...
delay time is too long, please check the dbmgr logs!
 WARNING    cellapp-1 6316 8001  [2018-05-06 13:54:09 398] - EntityApp::checkTickPeriod: tick took 1146% (1.15 seconds)!
 WARNING    cellapp-1 6316 8001  [2018-05-06 13:54:10 435] - Components::findComponents: find dbmgr(24)...
delay time is too long, please check the dbmgr logs!
 WARNING    cellapp-1 6316 8001  [2018-05-06 13:54:11 459] - EntityApp::checkTickPeriod: tick took 1107% (1.11 seconds)!
 WARNING    cellapp-1 6316 8001  [2018-05-06 13:54:12 535] - Components::findComponents: find dbmgr(25)...
delay time is too long, please check the dbmgr logs!
 WARNING    cellapp-1 6316 8001  [2018-05-06 13:54:13 577] - EntityApp::checkTickPeriod: tick took 1125% (1.13 seconds)!
    INFO    cellapp-1 6858 8001  [2018-05-06 13:56:01 799] - -----------------------------------------------------------------------------------------


    INFO    cellapp-1 6858 8001  [2018-05-06 13:56:01 800] - Resmgr::initialize: KBE_ROOT=E:/kbengine/
    INFO    cellapp-1 6858 8001  [2018-05-06 13:56:01 800] - Resmgr::initialize: KBE_RES_PATH=E:/kbengine/kbe/res/;E:/kbengine/assets/;E:/kbengine/assets/scripts/;E:/kbengine/assets/res/
    INFO    cellapp-1 6858 8001  [2018-05-06 13:56:01 800] - Resmgr::initialize: KBE_BIN_PATH=E:/kbengine/kbe/bin/server/
    INFO    cellapp-1 6858 8001  [2018-05-06 13:56:01 802] - NetworkInterface::initialize(INTERNAL): bound to all interfaces with default route interface on 192.168.0.106 ( 192.168.0.106:50591 )
    INFO    cellapp-1 6858 8001  [2018-05-06 13:56:01 802] - NetworkInterface::initialize(INTERNAL): address 192.168.0.106:50591, SOMAXCONN=5.
    INFO    cellapp-1 6858 8001  [2018-05-06 13:56:01 802] - server-configs:
    INFO    cellapp-1 6858 8001  [2018-05-06 13:56:01 802] - 	gameUpdateHertz : 10
    INFO    cellapp-1 6858 8001  [2018-05-06 13:56:01 802] - 	defaultViewRadius : 80
    INFO    cellapp-1 6858 8001  [2018-05-06 13:56:01 802] - 	defaultViewHysteresisArea : 5
    INFO    cellapp-1 6858 8001  [2018-05-06 13:56:01 802] - 	entryScriptFile : kbemain
    INFO    cellapp-1 6858 8001  [2018-05-06 13:56:01 802] - 	internalAddr : 192.168.0.106:50591
    INFO    cellapp-1 6858 8001  [2018-05-06 13:56:01 802] - 	componentID : 8001
    INFO    cellapp-1 6858 8001  [2018-05-06 13:56:03 309] - ---- cellapp Version: 2.0.0. ScriptVersion: 0.1.0. Protocol: 85A70C5E64F896E0F1A60BF405B4EB07. Config: Debug X86. Built: 15:53:53 Apr 29 2018. AppID: 8001. UID: 6858. PID: 12256 ----
    INFO    cellapp-1 6858 8001  [2018-05-06 13:56:03 310] - Server : Intel(R) Xeon(R) CPU E3-1230 v3 @ 3.30GHz with 4194303kB RAM
    INFO    cellapp-1 6858 8001  [2018-05-06 13:56:03 310] - ThreadPool::createThreadPool: creating  threadpool...
    INFO    cellapp-1 6858 8001  [2018-05-06 13:56:03 311] - ThreadPool::createThreadPool: successfully(2), newThreadCount=1, normalMaxThreadCount=2, maxThreadCount=8
   DEBUG    cellapp-1 6858 8001  [2018-05-06 13:56:03 472] - Script::install_py_dlls(): PyInit_pyexpat
   DEBUG    cellapp-1 6858 8001  [2018-05-06 13:56:03 472] - Script::install_py_dlls(): PyInit__socket
   DEBUG    cellapp-1 6858 8001  [2018-05-06 13:56:03 473] - Script::install_py_dlls(): PyInit__ssl
   DEBUG    cellapp-1 6858 8001  [2018-05-06 13:56:03 476] - Script::install_py_dlls(): PyInit__hashlib
   DEBUG    cellapp-1 6858 8001  [2018-05-06 13:56:03 476] - Script::install_py_dlls(): PyInit_select
   DEBUG    cellapp-1 6858 8001  [2018-05-06 13:56:03 476] - Script::install_py_dlls(): PyInit__ctypes
   DEBUG    cellapp-1 6858 8001  [2018-05-06 13:56:03 476] - Script::install_py_dlls(): PyInit__elementtree
   DEBUG    cellapp-1 6858 8001  [2018-05-06 13:56:03 503] - Script::install_py_dlls(): PyInit_unicodedata
    INFO    cellapp-1 6858 8001  [2018-05-06 13:56:03 530] - Script::install(): is successfully, Python=(3.4.2 (default, Apr 29 2018, 15:53:05) [MSC v.1913 32 bit (Intel)])!
    INFO    cellapp-1 6858 8001  [2018-05-06 13:56:03 530] - Script::install(): KBExtra is successfully!
   DEBUG    cellapp-1 6858 8001  [2018-05-06 13:56:03 539] - loaded entity-script:Account(1).
    INFO    cellapp-1 6858 8001  [2018-05-06 13:56:03 540] - TelnetServer server is running on port 50000
    INFO    cellapp-1 6858 8001  [2018-05-06 13:56:03 851] - ---- cellapp is running ----
   DEBUG    cellapp-1 6858 8001  [2018-05-06 13:56:03 851] - Components::process(): Request for the process of identity...
 WARNING    cellapp-1 6858 8001  [2018-05-06 13:56:09 906] - EntityApp::checkTickPeriod: tick took 6054% (6.05 seconds)!
    INFO    cellapp-1 6858 8001  [2018-05-06 13:56:11 002] - Components::findComponents: find logger(1)...
    INFO    cellapp-1 6858 8001  [2018-05-06 13:56:11 096] - Components::findComponents: found logger, addr:192.168.0.106:50586
    INFO    cellapp-1 6858 8001  [2018-05-06 13:56:11 096] - Components::addComponent: reset orderLog, uid=6858!
    INFO    cellapp-1 6858 8001  [2018-05-06 13:56:11 096] - Components::addComponent[logger], uid=6858, componentID=2000, globalorderid=1, grouporderid=1, totalcount=1
    INFO    cellapp-1 6858 8001  [2018-05-06 13:56:11 098] - Components::findComponents: find dbmgr(2)...
    INFO    cellapp-1 6858 8001  [2018-05-06 13:56:11 204] - Components::findComponents: found dbmgr, addr:192.168.0.106:50585
    INFO    cellapp-1 6858 8001  [2018-05-06 13:56:11 205] - Components::addComponent: reset orderLog, uid=6858!
    INFO    cellapp-1 6858 8001  [2018-05-06 13:56:11 205] - Components::addComponent[dbmgr], uid=6858, componentID=4000, globalorderid=1, grouporderid=1, totalcount=1
    INFO    cellapp-1 6858 8001  [2018-05-06 13:56:11 206] - Components::findComponents: found dbmgr, addr:192.168.0.106:50585
 WARNING    cellapp-1 6858 8001  [2018-05-06 13:56:12 207] - EntityApp::checkTickPeriod: tick took 1254% (1.25 seconds)!
    INFO    cellapp-1 6858 8001  [2018-05-06 13:56:13 252] - Components::findComponents: find cellappmgr(1)...
    INFO    cellapp-1 6858 8001  [2018-05-06 13:56:13 321] - Components::findComponents: found cellappmgr, addr:192.168.0.106:50587
    INFO    cellapp-1 6858 8001  [2018-05-06 13:56:13 321] - Components::addComponent[cellappmgr], uid=6858, componentID=6000, globalorderid=2, grouporderid=1, totalcount=1
    INFO    cellapp-1 6858 8001  [2018-05-06 13:56:13 321] - Components::findComponents: found cellappmgr, addr:192.168.0.106:50587
 WARNING    cellapp-1 6858 8001  [2018-05-06 13:56:14 321] - EntityApp::checkTickPeriod: tick took 1169% (1.17 seconds)!
    INFO    cellapp-1 6858 8001  [2018-05-06 13:56:15 352] - Components::findComponents: find baseappmgr(1)...
    INFO    cellapp-1 6858 8001  [2018-05-06 13:56:15 432] - Components::findComponents: found baseappmgr, addr:192.168.0.106:50588
    INFO    cellapp-1 6858 8001  [2018-05-06 13:56:15 432] - Components::addComponent[baseappmgr], uid=6858, componentID=5000, globalorderid=3, grouporderid=1, totalcount=1
    INFO    cellapp-1 6858 8001  [2018-05-06 13:56:15 433] - Components::findComponents: found baseappmgr, addr:192.168.0.106:50588
 WARNING    cellapp-1 6858 8001  [2018-05-06 13:56:16 433] - EntityApp::checkTickPeriod: tick took 1181% (1.18 seconds)!
    INFO    cellapp-1 6858 8001  [2018-05-06 13:56:17 552] - Components::findComponents: register self to dbmgr...
    INFO    cellapp-1 6858 8001  [2018-05-06 13:56:17 600] - Components::findComponents: register self to cellappmgr...
    INFO    cellapp-1 6858 8001  [2018-05-06 13:56:17 619] - Components::findComponents: register self to baseappmgr...
    INFO    cellapp-1 6858 8001  [2018-05-06 13:56:17 620] - Components::process(): Found all the components!
    INFO    cellapp-1 6858 8001  [2018-05-06 13:56:17 652] - ServerApp::onRegisterNewApp: uid:6858, username:, componentType:baseapp, componentID:7001, globalorderID=-1, grouporderID=-1, intaddr:192.168.0.106, intport:50590, extaddr:192.168.0.106, extport:20015,  from 192.168.0.106:50617/0/0/0.
    INFO    cellapp-1 6858 8001  [2018-05-06 13:56:17 652] - Components::addComponent[baseapp], uid=6858, componentID=7001, globalorderid=4, grouporderid=1, totalcount=1
    INFO    cellapp-1 6858 8001  [2018-05-06 13:56:17 652] - ServerApp::onRegisterNewApp: uid:6858, username:, componentType:baseapp, componentID:7001, globalorderID=-1, grouporderID=-1, intaddr:192.168.0.106, intport:50590, extaddr:192.168.0.106, extport:20015,  from 192.168.0.106:50617/0/0/0.
    INFO    cellapp-1 6858 8001  [2018-05-06 13:56:20 652] - EntityApp::onDbmgrInitCompleted: entityID alloc(2001-4001), startGlobalOrder=6, startGroupOrder=1, digest=A31C5E2451836DC1934D7B06B6ED9B47.
    INFO    cellapp01 6858 8001  [2018-05-06 13:56:20 652] - IDClient::onAddRange: number of ids increased from 2001 to 4001.
   S_DBG    cellapp01 6858 8001  [2018-05-06 13:56:21 855] - onInit::isReload:0
 WARNING    cellapp01 6858 8001  [2018-05-06 13:56:21 856] - e:\kbengine\kbe\src\lib\server\entity_app.h:749: Profile processRecvMessages took 1.20 seconds
 WARNING    cellapp01 6858 8001  [2018-05-06 13:56:21 857] - e:\kbengine\kbe\src\server\cellapp\cellapp.cpp:245: Profile gameTick took 1.20 seconds
 WARNING    cellapp01 6858 8001  [2018-05-06 13:56:21 857] - e:\kbengine\kbe\src\lib\network\event_dispatcher.cpp:153: Profile callSystemTimers took 1.21 seconds
 WARNING    cellapp01 6858 8001  [2018-05-06 13:56:21 858] - EntityApp::checkTickPeriod: tick took 1206% (1.21 seconds)!
   DEBUG    cellapp01 6858 8001  [2018-05-06 13:56:21 900] - InitProgressHandler::~InitProgressHandler()
    INFO    cellapp-1 6995 8001  [2018-05-06 13:56:44 014] - -----------------------------------------------------------------------------------------


    INFO    cellapp-1 6995 8001  [2018-05-06 13:56:44 014] - Resmgr::initialize: KBE_ROOT=E:/kbengine/
    INFO    cellapp-1 6995 8001  [2018-05-06 13:56:44 015] - Resmgr::initialize: KBE_RES_PATH=E:/kbengine/kbe/res/;E:/kbengine/assets/;E:/kbengine/assets/scripts/;E:/kbengine/assets/res/
    INFO    cellapp-1 6995 8001  [2018-05-06 13:56:44 015] - Resmgr::initialize: KBE_BIN_PATH=E:/kbengine/kbe/bin/server/
    INFO    cellapp-1 6995 8001  [2018-05-06 13:56:44 017] - NetworkInterface::initialize(INTERNAL): bound to all interfaces with default route interface on 192.168.0.106 ( 192.168.0.106:50626 )
    INFO    cellapp-1 6995 8001  [2018-05-06 13:56:44 018] - NetworkInterface::initialize(INTERNAL): address 192.168.0.106:50626, SOMAXCONN=5.
    INFO    cellapp-1 6995 8001  [2018-05-06 13:56:44 018] - server-configs:
    INFO    cellapp-1 6995 8001  [2018-05-06 13:56:44 018] - 	gameUpdateHertz : 10
    INFO    cellapp-1 6995 8001  [2018-05-06 13:56:44 018] - 	defaultViewRadius : 80
    INFO    cellapp-1 6995 8001  [2018-05-06 13:56:44 018] - 	defaultViewHysteresisArea : 5
    INFO    cellapp-1 6995 8001  [2018-05-06 13:56:44 018] - 	entryScriptFile : kbemain
    INFO    cellapp-1 6995 8001  [2018-05-06 13:56:44 018] - 	internalAddr : 192.168.0.106:50626
    INFO    cellapp-1 6995 8001  [2018-05-06 13:56:44 018] - 	componentID : 8001
    INFO    cellapp-1 6995 8001  [2018-05-06 13:56:45 527] - ---- cellapp Version: 2.0.0. ScriptVersion: 0.1.0. Protocol: 85A70C5E64F896E0F1A60BF405B4EB07. Config: Debug X86. Built: 15:53:53 Apr 29 2018. AppID: 8001. UID: 6995. PID: 10808 ----
    INFO    cellapp-1 6995 8001  [2018-05-06 13:56:45 528] - Server : Intel(R) Xeon(R) CPU E3-1230 v3 @ 3.30GHz with 4194303kB RAM
    INFO    cellapp-1 6995 8001  [2018-05-06 13:56:45 528] - ThreadPool::createThreadPool: creating  threadpool...
    INFO    cellapp-1 6995 8001  [2018-05-06 13:56:45 529] - ThreadPool::createThreadPool: successfully(2), newThreadCount=1, normalMaxThreadCount=2, maxThreadCount=8
   DEBUG    cellapp-1 6995 8001  [2018-05-06 13:56:45 673] - Script::install_py_dlls(): PyInit_pyexpat
   DEBUG    cellapp-1 6995 8001  [2018-05-06 13:56:45 674] - Script::install_py_dlls(): PyInit__socket
   DEBUG    cellapp-1 6995 8001  [2018-05-06 13:56:45 674] - Script::install_py_dlls(): PyInit__ssl
   DEBUG    cellapp-1 6995 8001  [2018-05-06 13:56:45 677] - Script::install_py_dlls(): PyInit__hashlib
   DEBUG    cellapp-1 6995 8001  [2018-05-06 13:56:45 677] - Script::install_py_dlls(): PyInit_select
   DEBUG    cellapp-1 6995 8001  [2018-05-06 13:56:45 677] - Script::install_py_dlls(): PyInit__ctypes
   DEBUG    cellapp-1 6995 8001  [2018-05-06 13:56:45 678] - Script::install_py_dlls(): PyInit__elementtree
   DEBUG    cellapp-1 6995 8001  [2018-05-06 13:56:45 713] - Script::install_py_dlls(): PyInit_unicodedata
    INFO    cellapp-1 6995 8001  [2018-05-06 13:56:45 758] - Script::install(): is successfully, Python=(3.4.2 (default, Apr 29 2018, 15:53:05) [MSC v.1913 32 bit (Intel)])!
    INFO    cellapp-1 6995 8001  [2018-05-06 13:56:45 758] - Script::install(): KBExtra is successfully!
   DEBUG    cellapp-1 6995 8001  [2018-05-06 13:56:45 773] - loaded entity-script:Account(1).
    INFO    cellapp-1 6995 8001  [2018-05-06 13:56:45 775] - TelnetServer server is running on port 50000
    INFO    cellapp-1 6995 8001  [2018-05-06 13:56:46 131] - ---- cellapp is running ----
   DEBUG    cellapp-1 6995 8001  [2018-05-06 13:56:46 131] - Components::process(): Request for the process of identity...
 WARNING    cellapp-1 6995 8001  [2018-05-06 13:56:52 209] - EntityApp::checkTickPeriod: tick took 6077% (6.08 seconds)!
    INFO    cellapp-1 6995 8001  [2018-05-06 13:56:53 232] - Components::findComponents: find logger(1)...
    INFO    cellapp-1 6995 8001  [2018-05-06 13:56:53 306] - Components::findComponents: found logger, addr:192.168.0.106:50625
    INFO    cellapp-1 6995 8001  [2018-05-06 13:56:53 306] - Components::addComponent: reset orderLog, uid=6995!
    INFO    cellapp-1 6995 8001  [2018-05-06 13:56:53 306] - Components::addComponent[logger], uid=6995, componentID=2000, globalorderid=1, grouporderid=1, totalcount=1
    INFO    cellapp-1 6995 8001  [2018-05-06 13:56:53 307] - Components::findComponents: find dbmgr(2)...
    INFO    cellapp-1 6995 8001  [2018-05-06 13:56:53 411] - Components::findComponents: found dbmgr, addr:192.168.0.106:50621
    INFO    cellapp-1 6995 8001  [2018-05-06 13:56:53 411] - Components::addComponent: reset orderLog, uid=6995!
    INFO    cellapp-1 6995 8001  [2018-05-06 13:56:53 412] - Components::addComponent[dbmgr], uid=6995, componentID=4000, globalorderid=1, grouporderid=1, totalcount=1
    INFO    cellapp-1 6995 8001  [2018-05-06 13:56:53 412] - Components::findComponents: found dbmgr, addr:192.168.0.106:50621
 WARNING    cellapp-1 6995 8001  [2018-05-06 13:56:54 413] - EntityApp::checkTickPeriod: tick took 1280% (1.28 seconds)!
    INFO    cellapp-1 6995 8001  [2018-05-06 13:56:55 415] - Components::findComponents: find cellappmgr(1)...
    INFO    cellapp-1 6995 8001  [2018-05-06 13:56:55 426] - Components::findComponents: found cellappmgr, addr:192.168.0.106:50623
    INFO    cellapp-1 6995 8001  [2018-05-06 13:56:55 426] - Components::addComponent[cellappmgr], uid=6995, componentID=6000, globalorderid=2, grouporderid=1, totalcount=1
    INFO    cellapp-1 6995 8001  [2018-05-06 13:56:55 427] - Components::findComponents: found cellappmgr, addr:192.168.0.106:50623
 WARNING    cellapp-1 6995 8001  [2018-05-06 13:56:56 427] - EntityApp::checkTickPeriod: tick took 1095% (1.10 seconds)!
    INFO    cellapp-1 6995 8001  [2018-05-06 13:56:57 432] - Components::findComponents: find baseappmgr(1)...
    INFO    cellapp-1 6995 8001  [2018-05-06 13:56:57 534] - Components::findComponents: found baseappmgr, addr:192.168.0.106:50624
    INFO    cellapp-1 6995 8001  [2018-05-06 13:56:57 534] - Components::addComponent[baseappmgr], uid=6995, componentID=5000, globalorderid=3, grouporderid=1, totalcount=1
    INFO    cellapp-1 6995 8001  [2018-05-06 13:56:57 534] - Components::findComponents: found baseappmgr, addr:192.168.0.106:50624
 WARNING    cellapp-1 6995 8001  [2018-05-06 13:56:58 534] - EntityApp::checkTickPeriod: tick took 1202% (1.20 seconds)!
    INFO    cellapp-1 6995 8001  [2018-05-06 13:56:59 716] - Components::findComponents: register self to dbmgr...
    INFO    cellapp-1 6995 8001  [2018-05-06 13:56:59 732] - Components::findComponents: register self to cellappmgr...
    INFO    cellapp-1 6995 8001  [2018-05-06 13:56:59 807] - Components::findComponents: register self to baseappmgr...
    INFO    cellapp-1 6995 8001  [2018-05-06 13:56:59 808] - Components::process(): Found all the components!
    INFO    cellapp-1 6995 8001  [2018-05-06 13:56:59 832] - ServerApp::onRegisterNewApp: uid:6995, username:, componentType:baseapp, componentID:7001, globalorderID=-1, grouporderID=-1, intaddr:192.168.0.106, intport:50628, extaddr:192.168.0.106, extport:20015,  from 192.168.0.106:50667/0/0/0.
    INFO    cellapp-1 6995 8001  [2018-05-06 13:56:59 832] - Components::addComponent[baseapp], uid=6995, componentID=7001, globalorderid=4, grouporderid=1, totalcount=1
    INFO    cellapp-1 6995 8001  [2018-05-06 13:56:59 832] - ServerApp::onRegisterNewApp: uid:6995, username:, componentType:baseapp, componentID:7001, globalorderID=-1, grouporderID=-1, intaddr:192.168.0.106, intport:50628, extaddr:192.168.0.106, extport:20015,  from 192.168.0.106:50667/0/0/0.
    INFO    cellapp-1 6995 8001  [2018-05-06 13:57:02 832] - EntityApp::onDbmgrInitCompleted: entityID alloc(2001-4001), startGlobalOrder=5, startGroupOrder=1, digest=A31C5E2451836DC1934D7B06B6ED9B47.
    INFO    cellapp01 6995 8001  [2018-05-06 13:57:02 832] - IDClient::onAddRange: number of ids increased from 2001 to 4001.
   S_DBG    cellapp01 6995 8001  [2018-05-06 13:57:04 034] - onInit::isReload:0
 WARNING    cellapp01 6995 8001  [2018-05-06 13:57:04 034] - e:\kbengine\kbe\src\lib\server\entity_app.h:749: Profile processRecvMessages took 1.20 seconds
 WARNING    cellapp01 6995 8001  [2018-05-06 13:57:04 035] - e:\kbengine\kbe\src\server\cellapp\cellapp.cpp:245: Profile gameTick took 1.20 seconds
 WARNING    cellapp01 6995 8001  [2018-05-06 13:57:04 035] - e:\kbengine\kbe\src\lib\network\event_dispatcher.cpp:153: Profile callSystemTimers took 1.20 seconds
 WARNING    cellapp01 6995 8001  [2018-05-06 13:57:04 035] - EntityApp::checkTickPeriod: tick took 1203% (1.20 seconds)!
   DEBUG    cellapp01 6995 8001  [2018-05-06 13:57:04 116] - InitProgressHandler::~InitProgressHandler()
    INFO    cellapp-1 8948 8001  [2018-05-06 14:06:41 741] - -----------------------------------------------------------------------------------------


    INFO    cellapp-1 8948 8001  [2018-05-06 14:06:41 741] - Resmgr::initialize: KBE_ROOT=E:/kbengine/
    INFO    cellapp-1 8948 8001  [2018-05-06 14:06:41 741] - Resmgr::initialize: KBE_RES_PATH=E:/kbengine/kbe/res/;E:/kbengine/assets/;E:/kbengine/assets/scripts/;E:/kbengine/assets/res/
    INFO    cellapp-1 8948 8001  [2018-05-06 14:06:41 741] - Resmgr::initialize: KBE_BIN_PATH=E:/kbengine/kbe/bin/server/
    INFO    cellapp-1 8948 8001  [2018-05-06 14:06:41 748] - NetworkInterface::initialize(INTERNAL): bound to all interfaces with default route interface on 192.168.0.106 ( 192.168.0.106:50826 )
    INFO    cellapp-1 8948 8001  [2018-05-06 14:06:41 748] - NetworkInterface::initialize(INTERNAL): address 192.168.0.106:50826, SOMAXCONN=5.
    INFO    cellapp-1 8948 8001  [2018-05-06 14:06:41 748] - server-configs:
    INFO    cellapp-1 8948 8001  [2018-05-06 14:06:41 748] - 	gameUpdateHertz : 10
    INFO    cellapp-1 8948 8001  [2018-05-06 14:06:41 749] - 	defaultViewRadius : 80
    INFO    cellapp-1 8948 8001  [2018-05-06 14:06:41 749] - 	defaultViewHysteresisArea : 5
    INFO    cellapp-1 8948 8001  [2018-05-06 14:06:41 749] - 	entryScriptFile : kbemain
    INFO    cellapp-1 8948 8001  [2018-05-06 14:06:41 749] - 	internalAddr : 192.168.0.106:50826
    INFO    cellapp-1 8948 8001  [2018-05-06 14:06:41 749] - 	componentID : 8001
 WARNING    cellapp-1 8948 8001  [2018-05-06 14:06:42 060] - BundleBroadcast::BundleBroadcast: Cannot bind to port 20570, errorno=10048
    INFO    cellapp-1 8948 8001  [2018-05-06 14:06:42 064] - ---- cellapp Version: 2.0.0. ScriptVersion: 0.1.0. Protocol: 85A70C5E64F896E0F1A60BF405B4EB07. Config: Debug X86. Built: 15:53:53 Apr 29 2018. AppID: 8001. UID: 8948. PID: 11392 ----
    INFO    cellapp-1 8948 8001  [2018-05-06 14:06:42 064] - Server : Intel(R) Xeon(R) CPU E3-1230 v3 @ 3.30GHz with 4194303kB RAM
    INFO    cellapp-1 8948 8001  [2018-05-06 14:06:42 064] - ThreadPool::createThreadPool: creating  threadpool...
    INFO    cellapp-1 8948 8001  [2018-05-06 14:06:42 064] - ThreadPool::createThreadPool: successfully(2), newThreadCount=1, normalMaxThreadCount=2, maxThreadCount=8
   DEBUG    cellapp-1 8948 8001  [2018-05-06 14:06:42 197] - Script::install_py_dlls(): PyInit_pyexpat
   DEBUG    cellapp-1 8948 8001  [2018-05-06 14:06:42 197] - Script::install_py_dlls(): PyInit__socket
   DEBUG    cellapp-1 8948 8001  [2018-05-06 14:06:42 197] - Script::install_py_dlls(): PyInit__ssl
   DEBUG    cellapp-1 8948 8001  [2018-05-06 14:06:42 201] - Script::install_py_dlls(): PyInit__hashlib
   DEBUG    cellapp-1 8948 8001  [2018-05-06 14:06:42 202] - Script::install_py_dlls(): PyInit_select
   DEBUG    cellapp-1 8948 8001  [2018-05-06 14:06:42 202] - Script::install_py_dlls(): PyInit__ctypes
   DEBUG    cellapp-1 8948 8001  [2018-05-06 14:06:42 203] - Script::install_py_dlls(): PyInit__elementtree
   DEBUG    cellapp-1 8948 8001  [2018-05-06 14:06:42 233] - Script::install_py_dlls(): PyInit_unicodedata
    INFO    cellapp-1 8948 8001  [2018-05-06 14:06:42 266] - Script::install(): is successfully, Python=(3.4.2 (default, Apr 29 2018, 15:53:05) [MSC v.1913 32 bit (Intel)])!
    INFO    cellapp-1 8948 8001  [2018-05-06 14:06:42 266] - Script::install(): KBExtra is successfully!
   DEBUG    cellapp-1 8948 8001  [2018-05-06 14:06:42 276] - loaded entity-script:Account(1).
    INFO    cellapp-1 8948 8001  [2018-05-06 14:06:42 277] - TelnetServer server is running on port 50000
    INFO    cellapp-1 8948 8001  [2018-05-06 14:06:42 604] - ---- cellapp is running ----
   DEBUG    cellapp-1 8948 8001  [2018-05-06 14:06:42 604] - Components::process(): Request for the process of identity...
 WARNING    cellapp-1 8948 8001  [2018-05-06 14:06:48 685] - EntityApp::checkTickPeriod: tick took 6080% (6.08 seconds)!
   DEBUG    cellapp-1 8948 8001  [2018-05-06 14:06:49 414] - Cellapp::lookApp: 192.168.0.106:50840/0/0/0
    INFO    cellapp-1 8948 8001  [2018-05-06 14:06:49 704] - Components::findComponents: find logger(1)...
    INFO    cellapp-1 8948 8001  [2018-05-06 14:06:49 794] - Components::findComponents: found logger, addr:192.168.0.106:50825
    INFO    cellapp-1 8948 8001  [2018-05-06 14:06:49 794] - Components::addComponent: reset orderLog, uid=8948!
    INFO    cellapp-1 8948 8001  [2018-05-06 14:06:49 794] - Components::addComponent[logger], uid=8948, componentID=2000, globalorderid=1, grouporderid=1, totalcount=1
    INFO    cellapp-1 8948 8001  [2018-05-06 14:06:49 796] - Components::findComponents: find dbmgr(2)...
    INFO    cellapp-1 8948 8001  [2018-05-06 14:06:49 897] - Components::findComponents: found dbmgr, addr:192.168.0.106:50822
    INFO    cellapp-1 8948 8001  [2018-05-06 14:06:49 898] - Components::addComponent: reset orderLog, uid=8948!
    INFO    cellapp-1 8948 8001  [2018-05-06 14:06:49 898] - Components::addComponent[dbmgr], uid=8948, componentID=4000, globalorderid=1, grouporderid=1, totalcount=1
    INFO    cellapp-1 8948 8001  [2018-05-06 14:06:49 898] - Components::findComponents: found dbmgr, addr:192.168.0.106:50822
 WARNING    cellapp-1 8948 8001  [2018-05-06 14:06:50 899] - EntityApp::checkTickPeriod: tick took 1294% (1.29 seconds)!
    INFO    cellapp-1 8948 8001  [2018-05-06 14:06:51 905] - Components::findComponents: find cellappmgr(1)...
    INFO    cellapp-1 8948 8001  [2018-05-06 14:06:51 933] - Components::findComponents: found cellappmgr, addr:192.168.0.106:50827
    INFO    cellapp-1 8948 8001  [2018-05-06 14:06:51 934] - Components::addComponent[cellappmgr], uid=8948, componentID=6000, globalorderid=2, grouporderid=1, totalcount=1
    INFO    cellapp-1 8948 8001  [2018-05-06 14:06:51 935] - Components::findComponents: found cellappmgr, addr:192.168.0.106:50827
 WARNING    cellapp-1 8948 8001  [2018-05-06 14:06:52 935] - EntityApp::checkTickPeriod: tick took 1130% (1.13 seconds)!
    INFO    cellapp-1 8948 8001  [2018-05-06 14:06:53 947] - Components::findComponents: find baseappmgr(1)...
    INFO    cellapp-1 8948 8001  [2018-05-06 14:06:54 045] - Components::findComponents: found baseappmgr, addr:192.168.0.106:50824
    INFO    cellapp-1 8948 8001  [2018-05-06 14:06:54 045] - Components::addComponent[baseappmgr], uid=8948, componentID=5000, globalorderid=3, grouporderid=1, totalcount=1
    INFO    cellapp-1 8948 8001  [2018-05-06 14:06:54 045] - Components::findComponents: found baseappmgr, addr:192.168.0.106:50824
 WARNING    cellapp-1 8948 8001  [2018-05-06 14:06:55 045] - EntityApp::checkTickPeriod: tick took 1140% (1.14 seconds)!
    INFO    cellapp-1 8948 8001  [2018-05-06 14:06:56 147] - Components::findComponents: register self to dbmgr...
    INFO    cellapp-1 8948 8001  [2018-05-06 14:06:56 204] - Components::findComponents: register self to cellappmgr...
    INFO    cellapp-1 8948 8001  [2018-05-06 14:06:56 246] - Components::findComponents: register self to baseappmgr...
    INFO    cellapp-1 8948 8001  [2018-05-06 14:06:56 304] - Components::process(): Found all the components!
    INFO    cellapp-1 8948 8001  [2018-05-06 14:06:57 705] - ServerApp::onRegisterNewApp: uid:8948, username:, componentType:baseapp, componentID:7001, globalorderID=5, grouporderID=1, intaddr:192.168.0.106, intport:50829, extaddr:192.168.0.106, extport:20015,  from 192.168.0.106:50822/0/0/0.
    INFO    cellapp-1 8948 8001  [2018-05-06 14:06:57 705] - Components::addComponent[baseapp], uid=8948, componentID=7001, globalorderid=5, grouporderid=1, totalcount=1
    INFO    cellapp-1 8948 8001  [2018-05-06 14:07:00 705] - EntityApp::onDbmgrInitCompleted: entityID alloc(1-2001), startGlobalOrder=4, startGroupOrder=1, digest=A31C5E2451836DC1934D7B06B6ED9B47.
    INFO    cellapp01 8948 8001  [2018-05-06 14:07:00 705] - IDClient::onAddRange: number of ids increased from 1 to 2001.
 WARNING    cellapp01 8948 8001  [2018-05-06 14:07:01 015] - BundleBroadcast::BundleBroadcast: Cannot bind to port 20930, errorno=10048
   S_DBG    cellapp01 8948 8001  [2018-05-06 14:07:02 229] - onInit::isReload:0
 WARNING    cellapp01 8948 8001  [2018-05-06 14:07:02 230] - e:\kbengine\kbe\src\lib\server\entity_app.h:749: Profile processRecvMessages took 1.52 seconds
 WARNING    cellapp01 8948 8001  [2018-05-06 14:07:02 230] - e:\kbengine\kbe\src\server\cellapp\cellapp.cpp:245: Profile gameTick took 1.53 seconds
 WARNING    cellapp01 8948 8001  [2018-05-06 14:07:02 230] - e:\kbengine\kbe\src\lib\network\event_dispatcher.cpp:153: Profile callSystemTimers took 1.53 seconds
 WARNING    cellapp01 8948 8001  [2018-05-06 14:07:02 231] - EntityApp::checkTickPeriod: tick took 1526% (1.53 seconds)!
   DEBUG    cellapp01 8948 8001  [2018-05-06 14:07:02 246] - InitProgressHandler::~InitProgressHandler()
