    INFO    cellapp-1 27066 8001  [2018-05-20 11:21:02 084] - -----------------------------------------------------------------------------------------


    INFO    cellapp-1 27066 8001  [2018-05-20 11:21:03 792] - Resmgr::initialize: KBE_ROOT=E:/kbengine/
    INFO    cellapp-1 27066 8001  [2018-05-20 11:21:03 793] - Resmgr::initialize: KBE_RES_PATH=E:/kbengine/kbe/res/;E:/kbengine/assets/;E:/kbengine/assets/scripts/;E:/kbengine/assets/res/
    INFO    cellapp-1 27066 8001  [2018-05-20 11:21:03 793] - Resmgr::initialize: KBE_BIN_PATH=E:/kbengine/kbe/bin/server/
    INFO    cellapp-1 27066 8001  [2018-05-20 11:21:04 319] - NetworkInterface::initialize(INTERNAL): bound to all interfaces with default route interface on 192.168.0.104 ( 192.168.0.104:49754 )
    INFO    cellapp-1 27066 8001  [2018-05-20 11:21:04 339] - NetworkInterface::initialize(INTERNAL): address 192.168.0.104:49754, SOMAXCONN=5.
    INFO    cellapp-1 27066 8001  [2018-05-20 11:21:04 340] - server-configs:
    INFO    cellapp-1 27066 8001  [2018-05-20 11:21:04 340] - 	gameUpdateHertz : 10
    INFO    cellapp-1 27066 8001  [2018-05-20 11:21:04 473] - 	defaultViewRadius : 80
    INFO    cellapp-1 27066 8001  [2018-05-20 11:21:04 474] - 	defaultViewHysteresisArea : 5
    INFO    cellapp-1 27066 8001  [2018-05-20 11:21:04 474] - 	entryScriptFile : kbemain
    INFO    cellapp-1 27066 8001  [2018-05-20 11:21:04 475] - 	internalAddr : 192.168.0.104:49754
    INFO    cellapp-1 27066 8001  [2018-05-20 11:21:04 475] - 	componentID : 8001
    INFO    cellapp-1 27066 8001  [2018-05-20 11:21:05 304] - ---- cellapp Version: 2.0.0. ScriptVersion: 0.1.0. Protocol: 85A70C5E64F896E0F1A60BF405B4EB07. Config: Debug X86. Built: 15:53:53 Apr 29 2018. AppID: 8001. UID: 27066. PID: 3548 ----
    INFO    cellapp-1 27066 8001  [2018-05-20 11:21:05 305] - Server : Intel(R) Xeon(R) CPU E3-1230 v3 @ 3.30GHz with 4194303kB RAM
    INFO    cellapp-1 27066 8001  [2018-05-20 11:21:05 332] - ThreadPool::createThreadPool: creating  threadpool...
    INFO    cellapp-1 27066 8001  [2018-05-20 11:21:05 333] - ThreadPool::createThreadPool: successfully(2), newThreadCount=1, normalMaxThreadCount=2, maxThreadCount=8
   DEBUG    cellapp-1 27066 8001  [2018-05-20 11:21:11 060] - Script::install_py_dlls(): PyInit_pyexpat
   DEBUG    cellapp-1 27066 8001  [2018-05-20 11:21:11 174] - Script::install_py_dlls(): PyInit__socket
   DEBUG    cellapp-1 27066 8001  [2018-05-20 11:21:11 579] - Script::install_py_dlls(): PyInit__ssl
   DEBUG    cellapp-1 27066 8001  [2018-05-20 11:21:12 532] - Script::install_py_dlls(): PyInit__hashlib
   DEBUG    cellapp-1 27066 8001  [2018-05-20 11:21:12 780] - Script::install_py_dlls(): PyInit_select
   DEBUG    cellapp-1 27066 8001  [2018-05-20 11:21:12 836] - Script::install_py_dlls(): PyInit__ctypes
   DEBUG    cellapp-1 27066 8001  [2018-05-20 11:21:13 003] - Script::install_py_dlls(): PyInit__elementtree
   DEBUG    cellapp-1 27066 8001  [2018-05-20 11:21:14 161] - Script::install_py_dlls(): PyInit_unicodedata
    INFO    cellapp-1 27066 8001  [2018-05-20 11:21:15 958] - Script::install(): is successfully, Python=(3.4.2 (default, Apr 29 2018, 15:53:05) [MSC v.1913 32 bit (Intel)])!
    INFO    cellapp-1 27066 8001  [2018-05-20 11:21:15 959] - Script::install(): KBExtra is successfully!
   DEBUG    cellapp-1 27066 8001  [2018-05-20 11:21:16 653] - loaded entity-script:Account(1).
    INFO    cellapp-1 27066 8001  [2018-05-20 11:21:16 697] - TelnetServer server is running on port 50000
    INFO    cellapp-1 27066 8001  [2018-05-20 11:21:17 246] - ---- cellapp is running ----
   DEBUG    cellapp-1 27066 8001  [2018-05-20 11:21:17 471] - Components::process(): Request for the process of identity...
 WARNING    cellapp-1 27066 8001  [2018-05-20 11:21:23 723] - EntityApp::checkTickPeriod: tick took 6476% (6.48 seconds)!
 WARNING    cellapp-1 27066 8001  [2018-05-20 11:21:23 814] - e:\kbengine\kbe\src\lib\network\event_dispatcher.cpp:153: Profile callSystemTimers took 0.13 seconds
    INFO    cellapp-1 27066 8001  [2018-05-20 11:21:24 847] - Components::findComponents: find logger(1)...
    INFO    cellapp-1 27066 8001  [2018-05-20 11:21:24 857] - Components::findComponents: found logger, addr:192.168.0.104:49749
    INFO    cellapp-1 27066 8001  [2018-05-20 11:21:24 858] - Components::addComponent: reset orderLog, uid=27066!
    INFO    cellapp-1 27066 8001  [2018-05-20 11:21:24 859] - Components::addComponent[logger], uid=27066, componentID=2000, globalorderid=1, grouporderid=1, totalcount=1
    INFO    cellapp-1 27066 8001  [2018-05-20 11:21:24 965] - Components::findComponents: find dbmgr(2)...
 WARNING    cellapp-1 27066 8001  [2018-05-20 11:21:26 067] - EntityApp::checkTickPeriod: tick took 1320% (1.32 seconds)!
    INFO    cellapp-1 27066 8001  [2018-05-20 11:21:27 099] - Components::findComponents: find dbmgr(3)...
 WARNING    cellapp-1 27066 8001  [2018-05-20 11:21:28 187] - EntityApp::checkTickPeriod: tick took 1140% (1.14 seconds)!
    INFO    cellapp-1 27232 8001  [2018-05-20 11:21:30 008] - -----------------------------------------------------------------------------------------


    INFO    cellapp-1 27232 8001  [2018-05-20 11:21:30 009] - Resmgr::initialize: KBE_ROOT=E:/kbengine/
    INFO    cellapp-1 27232 8001  [2018-05-20 11:21:30 009] - Resmgr::initialize: KBE_RES_PATH=E:/kbengine/kbe/res/;E:/kbengine/assets/;E:/kbengine/assets/scripts/;E:/kbengine/assets/res/
    INFO    cellapp-1 27232 8001  [2018-05-20 11:21:30 009] - Resmgr::initialize: KBE_BIN_PATH=E:/kbengine/kbe/bin/server/
    INFO    cellapp-1 27232 8001  [2018-05-20 11:21:30 013] - NetworkInterface::initialize(INTERNAL): bound to all interfaces with default route interface on 192.168.0.104 ( 192.168.0.104:49773 )
    INFO    cellapp-1 27232 8001  [2018-05-20 11:21:30 013] - NetworkInterface::initialize(INTERNAL): address 192.168.0.104:49773, SOMAXCONN=5.
    INFO    cellapp-1 27232 8001  [2018-05-20 11:21:30 013] - server-configs:
    INFO    cellapp-1 27232 8001  [2018-05-20 11:21:30 013] - 	gameUpdateHertz : 10
    INFO    cellapp-1 27232 8001  [2018-05-20 11:21:30 013] - 	defaultViewRadius : 80
    INFO    cellapp-1 27232 8001  [2018-05-20 11:21:30 013] - 	defaultViewHysteresisArea : 5
    INFO    cellapp-1 27232 8001  [2018-05-20 11:21:30 013] - 	entryScriptFile : kbemain
    INFO    cellapp-1 27232 8001  [2018-05-20 11:21:30 013] - 	internalAddr : 192.168.0.104:49773
    INFO    cellapp-1 27232 8001  [2018-05-20 11:21:30 013] - 	componentID : 8001
 WARNING    cellapp-1 27232 8001  [2018-05-20 11:21:30 324] - BundleBroadcast::BundleBroadcast: Cannot bind to port 20094, errorno=10048
    INFO    cellapp-1 27232 8001  [2018-05-20 11:21:30 328] - ---- cellapp Version: 2.0.0. ScriptVersion: 0.1.0. Protocol: 85A70C5E64F896E0F1A60BF405B4EB07. Config: Debug X86. Built: 15:53:53 Apr 29 2018. AppID: 8001. UID: 27232. PID: 5784 ----
    INFO    cellapp-1 27232 8001  [2018-05-20 11:21:30 328] - Server : Intel(R) Xeon(R) CPU E3-1230 v3 @ 3.30GHz with 4194303kB RAM
    INFO    cellapp-1 27232 8001  [2018-05-20 11:21:30 328] - ThreadPool::createThreadPool: creating  threadpool...
    INFO    cellapp-1 27232 8001  [2018-05-20 11:21:30 328] - ThreadPool::createThreadPool: successfully(2), newThreadCount=1, normalMaxThreadCount=2, maxThreadCount=8
   DEBUG    cellapp-1 27232 8001  [2018-05-20 11:21:30 455] - Script::install_py_dlls(): PyInit_pyexpat
   DEBUG    cellapp-1 27232 8001  [2018-05-20 11:21:30 455] - Script::install_py_dlls(): PyInit__socket
   DEBUG    cellapp-1 27232 8001  [2018-05-20 11:21:30 455] - Script::install_py_dlls(): PyInit__ssl
   DEBUG    cellapp-1 27232 8001  [2018-05-20 11:21:30 458] - Script::install_py_dlls(): PyInit__hashlib
   DEBUG    cellapp-1 27232 8001  [2018-05-20 11:21:30 458] - Script::install_py_dlls(): PyInit_select
   DEBUG    cellapp-1 27232 8001  [2018-05-20 11:21:30 459] - Script::install_py_dlls(): PyInit__ctypes
   DEBUG    cellapp-1 27232 8001  [2018-05-20 11:21:30 459] - Script::install_py_dlls(): PyInit__elementtree
   DEBUG    cellapp-1 27232 8001  [2018-05-20 11:21:30 488] - Script::install_py_dlls(): PyInit_unicodedata
    INFO    cellapp-1 27232 8001  [2018-05-20 11:21:30 523] - Script::install(): is successfully, Python=(3.4.2 (default, Apr 29 2018, 15:53:05) [MSC v.1913 32 bit (Intel)])!
    INFO    cellapp-1 27232 8001  [2018-05-20 11:21:30 523] - Script::install(): KBExtra is successfully!
   DEBUG    cellapp-1 27232 8001  [2018-05-20 11:21:30 536] - loaded entity-script:Account(1).
    INFO    cellapp-1 27232 8001  [2018-05-20 11:21:30 539] - TelnetServer server is running on port 50000
    INFO    cellapp-1 27232 8001  [2018-05-20 11:21:30 830] - ---- cellapp is running ----
   DEBUG    cellapp-1 27232 8001  [2018-05-20 11:21:30 830] - Components::process(): Request for the process of identity...
 WARNING    cellapp-1 27232 8001  [2018-05-20 11:21:36 899] - EntityApp::checkTickPeriod: tick took 6068% (6.07 seconds)!
    INFO    cellapp-1 27232 8001  [2018-05-20 11:21:37 931] - Components::findComponents: find logger(1)...
    INFO    cellapp-1 27232 8001  [2018-05-20 11:21:37 988] - Components::findComponents: found logger, addr:192.168.0.104:49770
    INFO    cellapp-1 27232 8001  [2018-05-20 11:21:37 988] - Components::addComponent: reset orderLog, uid=27232!
    INFO    cellapp-1 27232 8001  [2018-05-20 11:21:37 989] - Components::addComponent[logger], uid=27232, componentID=2000, globalorderid=1, grouporderid=1, totalcount=1
    INFO    cellapp-1 27232 8001  [2018-05-20 11:21:37 991] - Components::findComponents: find dbmgr(2)...
 WARNING    cellapp-1 27232 8001  [2018-05-20 11:21:39 094] - EntityApp::checkTickPeriod: tick took 1263% (1.26 seconds)!
    INFO    cellapp-1 27232 8001  [2018-05-20 11:21:40 110] - Components::findComponents: find dbmgr(3)...
 WARNING    cellapp-1 27232 8001  [2018-05-20 11:21:41 124] - EntityApp::checkTickPeriod: tick took 1094% (1.09 seconds)!
    INFO    cellapp-1 27232 8001  [2018-05-20 11:21:42 130] - Components::findComponents: find dbmgr(4)...
 WARNING    cellapp-1 27232 8001  [2018-05-20 11:21:43 144] - EntityApp::checkTickPeriod: tick took 1114% (1.11 seconds)!
    INFO    cellapp-1 27232 8001  [2018-05-20 11:21:44 210] - Components::findComponents: find dbmgr(5)...
 WARNING    cellapp-1 27232 8001  [2018-05-20 11:21:45 265] - EntityApp::checkTickPeriod: tick took 1134% (1.13 seconds)!
    INFO    cellapp-1 27232 8001  [2018-05-20 11:21:46 311] - Components::findComponents: find dbmgr(6)...
 WARNING    cellapp-1 27232 8001  [2018-05-20 11:21:47 385] - EntityApp::checkTickPeriod: tick took 1154% (1.15 seconds)!
    INFO    cellapp-1 27232 8001  [2018-05-20 11:21:48 410] - Components::findComponents: find dbmgr(7)...
 WARNING    cellapp-1 27232 8001  [2018-05-20 11:21:49 505] - EntityApp::checkTickPeriod: tick took 1174% (1.17 seconds)!
    INFO    cellapp-1 27232 8001  [2018-05-20 11:21:50 510] - Components::findComponents: find dbmgr(8)...
 WARNING    cellapp-1 27232 8001  [2018-05-20 11:21:51 526] - EntityApp::checkTickPeriod: tick took 1095% (1.10 seconds)!
    INFO    cellapp-1 27232 8001  [2018-05-20 11:21:52 530] - Components::findComponents: find dbmgr(9)...
 WARNING    cellapp-1 27232 8001  [2018-05-20 11:21:53 548] - EntityApp::checkTickPeriod: tick took 1118% (1.12 seconds)!
    INFO    cellapp-1 27232 8001  [2018-05-20 11:21:54 610] - Components::findComponents: find dbmgr(10)...
 WARNING    cellapp-1 27232 8001  [2018-05-20 11:21:55 665] - EntityApp::checkTickPeriod: tick took 1135% (1.13 seconds)!
    INFO    cellapp-1 27232 8001  [2018-05-20 11:21:56 710] - Components::findComponents: find dbmgr(11)...
 WARNING    cellapp-1 27232 8001  [2018-05-20 11:21:57 784] - EntityApp::checkTickPeriod: tick took 1154% (1.15 seconds)!
    INFO    cellapp-1 27232 8001  [2018-05-20 11:21:58 810] - Components::findComponents: find dbmgr(12)...
 WARNING    cellapp-1 27232 8001  [2018-05-20 11:21:59 904] - EntityApp::checkTickPeriod: tick took 1174% (1.17 seconds)!
    INFO    cellapp-1 27232 8001  [2018-05-20 11:22:00 910] - Components::findComponents: find dbmgr(13)...
 WARNING    cellapp-1 27232 8001  [2018-05-20 11:22:01 922] - EntityApp::checkTickPeriod: tick took 1092% (1.09 seconds)!
    INFO    cellapp-1 27343 8001  [2018-05-20 11:22:03 539] - -----------------------------------------------------------------------------------------


    INFO    cellapp-1 27343 8001  [2018-05-20 11:22:03 539] - Resmgr::initialize: KBE_ROOT=E:/kbengine/
    INFO    cellapp-1 27343 8001  [2018-05-20 11:22:03 540] - Resmgr::initialize: KBE_RES_PATH=E:/kbengine/kbe/res/;E:/kbengine/assets/;E:/kbengine/assets/scripts/;E:/kbengine/assets/res/
    INFO    cellapp-1 27343 8001  [2018-05-20 11:22:03 540] - Resmgr::initialize: KBE_BIN_PATH=E:/kbengine/kbe/bin/server/
    INFO    cellapp-1 27343 8001  [2018-05-20 11:22:03 547] - NetworkInterface::initialize(INTERNAL): bound to all interfaces with default route interface on 192.168.0.104 ( 192.168.0.104:49797 )
    INFO    cellapp-1 27343 8001  [2018-05-20 11:22:03 547] - NetworkInterface::initialize(INTERNAL): address 192.168.0.104:49797, SOMAXCONN=5.
    INFO    cellapp-1 27343 8001  [2018-05-20 11:22:03 547] - server-configs:
    INFO    cellapp-1 27343 8001  [2018-05-20 11:22:03 548] - 	gameUpdateHertz : 10
    INFO    cellapp-1 27343 8001  [2018-05-20 11:22:03 548] - 	defaultViewRadius : 80
    INFO    cellapp-1 27343 8001  [2018-05-20 11:22:03 548] - 	defaultViewHysteresisArea : 5
    INFO    cellapp-1 27343 8001  [2018-05-20 11:22:03 548] - 	entryScriptFile : kbemain
    INFO    cellapp-1 27343 8001  [2018-05-20 11:22:03 548] - 	internalAddr : 192.168.0.104:49797
    INFO    cellapp-1 27343 8001  [2018-05-20 11:22:03 548] - 	componentID : 8001
 WARNING    cellapp-1 27343 8001  [2018-05-20 11:22:03 859] - BundleBroadcast::BundleBroadcast: Cannot bind to port 20317, errorno=10048
    INFO    cellapp-1 27343 8001  [2018-05-20 11:22:03 863] - ---- cellapp Version: 2.0.0. ScriptVersion: 0.1.0. Protocol: 85A70C5E64F896E0F1A60BF405B4EB07. Config: Debug X86. Built: 15:53:53 Apr 29 2018. AppID: 8001. UID: 27343. PID: 2444 ----
    INFO    cellapp-1 27343 8001  [2018-05-20 11:22:03 863] - Server : Intel(R) Xeon(R) CPU E3-1230 v3 @ 3.30GHz with 4194303kB RAM
    INFO    cellapp-1 27343 8001  [2018-05-20 11:22:03 864] - ThreadPool::createThreadPool: creating  threadpool...
    INFO    cellapp-1 27343 8001  [2018-05-20 11:22:03 864] - ThreadPool::createThreadPool: successfully(2), newThreadCount=1, normalMaxThreadCount=2, maxThreadCount=8
   DEBUG    cellapp-1 27343 8001  [2018-05-20 11:22:03 995] - Script::install_py_dlls(): PyInit_pyexpat
   DEBUG    cellapp-1 27343 8001  [2018-05-20 11:22:03 996] - Script::install_py_dlls(): PyInit__socket
   DEBUG    cellapp-1 27343 8001  [2018-05-20 11:22:03 996] - Script::install_py_dlls(): PyInit__ssl
   DEBUG    cellapp-1 27343 8001  [2018-05-20 11:22:03 999] - Script::install_py_dlls(): PyInit__hashlib
   DEBUG    cellapp-1 27343 8001  [2018-05-20 11:22:03 999] - Script::install_py_dlls(): PyInit_select
   DEBUG    cellapp-1 27343 8001  [2018-05-20 11:22:03 999] - Script::install_py_dlls(): PyInit__ctypes
   DEBUG    cellapp-1 27343 8001  [2018-05-20 11:22:04 000] - Script::install_py_dlls(): PyInit__elementtree
   DEBUG    cellapp-1 27343 8001  [2018-05-20 11:22:04 027] - Script::install_py_dlls(): PyInit_unicodedata
    INFO    cellapp-1 27343 8001  [2018-05-20 11:22:04 061] - Script::install(): is successfully, Python=(3.4.2 (default, Apr 29 2018, 15:53:05) [MSC v.1913 32 bit (Intel)])!
    INFO    cellapp-1 27343 8001  [2018-05-20 11:22:04 061] - Script::install(): KBExtra is successfully!
   DEBUG    cellapp-1 27343 8001  [2018-05-20 11:22:04 074] - loaded entity-script:Account(1).
    INFO    cellapp-1 27343 8001  [2018-05-20 11:22:04 076] - TelnetServer server is running on port 50000
    INFO    cellapp-1 27343 8001  [2018-05-20 11:22:04 357] - ---- cellapp is running ----
   DEBUG    cellapp-1 27343 8001  [2018-05-20 11:22:04 357] - Components::process(): Request for the process of identity...
 WARNING    cellapp-1 27343 8001  [2018-05-20 11:22:10 429] - EntityApp::checkTickPeriod: tick took 6071% (6.07 seconds)!
    INFO    cellapp-1 27343 8001  [2018-05-20 11:22:11 443] - Components::findComponents: find logger(1)...
    INFO    cellapp-1 27343 8001  [2018-05-20 11:22:11 483] - Components::findComponents: found logger, addr:192.168.0.104:49799
    INFO    cellapp-1 27343 8001  [2018-05-20 11:22:11 484] - Components::addComponent: reset orderLog, uid=27343!
    INFO    cellapp-1 27343 8001  [2018-05-20 11:22:11 484] - Components::addComponent[logger], uid=27343, componentID=2000, globalorderid=1, grouporderid=1, totalcount=1
    INFO    cellapp-1 27343 8001  [2018-05-20 11:22:11 486] - Components::findComponents: find dbmgr(2)...
 WARNING    cellapp-1 27343 8001  [2018-05-20 11:22:12 587] - EntityApp::checkTickPeriod: tick took 1229% (1.23 seconds)!
    INFO    cellapp-1 27343 8001  [2018-05-20 11:22:13 642] - Components::findComponents: find dbmgr(3)...
 WARNING    cellapp-1 27343 8001  [2018-05-20 11:22:14 707] - EntityApp::checkTickPeriod: tick took 1150% (1.15 seconds)!
    INFO    cellapp-1 27343 8001  [2018-05-20 11:22:15 742] - Components::findComponents: find dbmgr(4)...
 WARNING    cellapp-1 27343 8001  [2018-05-20 11:22:16 826] - EntityApp::checkTickPeriod: tick took 1169% (1.17 seconds)!
    INFO    cellapp-1 27343 8001  [2018-05-20 11:22:17 842] - Components::findComponents: find dbmgr(5)...
 WARNING    cellapp-1 27343 8001  [2018-05-20 11:22:18 943] - EntityApp::checkTickPeriod: tick took 1186% (1.19 seconds)!
    INFO    cellapp-1 27634 8001  [2018-05-20 11:23:32 140] - -----------------------------------------------------------------------------------------


    INFO    cellapp-1 27634 8001  [2018-05-20 11:23:32 141] - Resmgr::initialize: KBE_ROOT=E:/kbengine/
    INFO    cellapp-1 27634 8001  [2018-05-20 11:23:32 141] - Resmgr::initialize: KBE_RES_PATH=E:/kbengine/kbe/res/;E:/kbengine/assets/;E:/kbengine/assets/scripts/;E:/kbengine/assets/res/
    INFO    cellapp-1 27634 8001  [2018-05-20 11:23:32 141] - Resmgr::initialize: KBE_BIN_PATH=E:/kbengine/kbe/bin/server/
    INFO    cellapp-1 27634 8001  [2018-05-20 11:23:32 143] - NetworkInterface::initialize(INTERNAL): bound to all interfaces with default route interface on 192.168.0.104 ( 192.168.0.104:49856 )
    INFO    cellapp-1 27634 8001  [2018-05-20 11:23:32 144] - NetworkInterface::initialize(INTERNAL): address 192.168.0.104:49856, SOMAXCONN=5.
    INFO    cellapp-1 27634 8001  [2018-05-20 11:23:32 144] - server-configs:
    INFO    cellapp-1 27634 8001  [2018-05-20 11:23:32 144] - 	gameUpdateHertz : 10
    INFO    cellapp-1 27634 8001  [2018-05-20 11:23:32 144] - 	defaultViewRadius : 80
    INFO    cellapp-1 27634 8001  [2018-05-20 11:23:32 144] - 	defaultViewHysteresisArea : 5
    INFO    cellapp-1 27634 8001  [2018-05-20 11:23:32 144] - 	entryScriptFile : kbemain
    INFO    cellapp-1 27634 8001  [2018-05-20 11:23:32 144] - 	internalAddr : 192.168.0.104:49856
    INFO    cellapp-1 27634 8001  [2018-05-20 11:23:32 144] - 	componentID : 8001
    INFO    cellapp-1 27634 8001  [2018-05-20 11:23:33 653] - ---- cellapp Version: 2.0.0. ScriptVersion: 0.1.0. Protocol: 85A70C5E64F896E0F1A60BF405B4EB07. Config: Debug X86. Built: 15:53:53 Apr 29 2018. AppID: 8001. UID: 27634. PID: 4860 ----
    INFO    cellapp-1 27634 8001  [2018-05-20 11:23:33 653] - Server : Intel(R) Xeon(R) CPU E3-1230 v3 @ 3.30GHz with 4194303kB RAM
    INFO    cellapp-1 27634 8001  [2018-05-20 11:23:33 654] - ThreadPool::createThreadPool: creating  threadpool...
    INFO    cellapp-1 27634 8001  [2018-05-20 11:23:33 654] - ThreadPool::createThreadPool: successfully(2), newThreadCount=1, normalMaxThreadCount=2, maxThreadCount=8
   DEBUG    cellapp-1 27634 8001  [2018-05-20 11:23:33 794] - Script::install_py_dlls(): PyInit_pyexpat
   DEBUG    cellapp-1 27634 8001  [2018-05-20 11:23:33 795] - Script::install_py_dlls(): PyInit__socket
   DEBUG    cellapp-1 27634 8001  [2018-05-20 11:23:33 795] - Script::install_py_dlls(): PyInit__ssl
   DEBUG    cellapp-1 27634 8001  [2018-05-20 11:23:33 798] - Script::install_py_dlls(): PyInit__hashlib
   DEBUG    cellapp-1 27634 8001  [2018-05-20 11:23:33 799] - Script::install_py_dlls(): PyInit_select
   DEBUG    cellapp-1 27634 8001  [2018-05-20 11:23:33 799] - Script::install_py_dlls(): PyInit__ctypes
   DEBUG    cellapp-1 27634 8001  [2018-05-20 11:23:33 799] - Script::install_py_dlls(): PyInit__elementtree
   DEBUG    cellapp-1 27634 8001  [2018-05-20 11:23:33 828] - Script::install_py_dlls(): PyInit_unicodedata
    INFO    cellapp-1 27634 8001  [2018-05-20 11:23:33 857] - Script::install(): is successfully, Python=(3.4.2 (default, Apr 29 2018, 15:53:05) [MSC v.1913 32 bit (Intel)])!
    INFO    cellapp-1 27634 8001  [2018-05-20 11:23:33 858] - Script::install(): KBExtra is successfully!
   DEBUG    cellapp-1 27634 8001  [2018-05-20 11:23:33 871] - loaded entity-script:Account(1).
    INFO    cellapp-1 27634 8001  [2018-05-20 11:23:33 874] - TelnetServer server is running on port 50000
    INFO    cellapp-1 27634 8001  [2018-05-20 11:23:34 237] - ---- cellapp is running ----
   DEBUG    cellapp-1 27634 8001  [2018-05-20 11:23:34 237] - Components::process(): Request for the process of identity...
 WARNING    cellapp-1 27634 8001  [2018-05-20 11:23:40 300] - EntityApp::checkTickPeriod: tick took 6063% (6.06 seconds)!
    INFO    cellapp-1 27634 8001  [2018-05-20 11:23:41 338] - Components::findComponents: find logger(1)...
    INFO    cellapp-1 27634 8001  [2018-05-20 11:23:41 530] - Components::findComponents: found logger, addr:192.168.0.104:49855
    INFO    cellapp-1 27634 8001  [2018-05-20 11:23:41 531] - Components::addComponent: reset orderLog, uid=27634!
    INFO    cellapp-1 27634 8001  [2018-05-20 11:23:41 532] - Components::addComponent[logger], uid=27634, componentID=2000, globalorderid=1, grouporderid=1, totalcount=1
    INFO    cellapp-1 27634 8001  [2018-05-20 11:23:41 534] - Components::findComponents: find dbmgr(2)...
 WARNING    cellapp-1 27634 8001  [2018-05-20 11:23:42 638] - EntityApp::checkTickPeriod: tick took 1400% (1.40 seconds)!
    INFO    cellapp-1 27634 8001  [2018-05-20 11:23:43 642] - Components::findComponents: find dbmgr(3)...
 WARNING    cellapp-1 27634 8001  [2018-05-20 11:23:44 657] - EntityApp::checkTickPeriod: tick took 1020% (1.02 seconds)!
    INFO    cellapp-1 27634 8001  [2018-05-20 11:23:45 737] - Components::findComponents: find dbmgr(4)...
 WARNING    cellapp-1 27634 8001  [2018-05-20 11:23:46 775] - EntityApp::checkTickPeriod: tick took 1138% (1.14 seconds)!
    INFO    cellapp-1 27634 8001  [2018-05-20 11:23:47 838] - Components::findComponents: find dbmgr(5)...
 WARNING    cellapp-1 27634 8001  [2018-05-20 11:23:48 895] - EntityApp::checkTickPeriod: tick took 1157% (1.16 seconds)!
    INFO    cellapp-1 27634 8001  [2018-05-20 11:23:49 938] - Components::findComponents: find dbmgr(6)...
 WARNING    cellapp-1 27634 8001  [2018-05-20 11:23:51 016] - EntityApp::checkTickPeriod: tick took 1178% (1.18 seconds)!
    INFO    cellapp-1 27634 8001  [2018-05-20 11:23:52 038] - Components::findComponents: find dbmgr(7)...
 WARNING    cellapp-1 27634 8001  [2018-05-20 11:23:53 135] - EntityApp::checkTickPeriod: tick took 1197% (1.20 seconds)!
    INFO    cellapp-1 27634 8001  [2018-05-20 11:23:54 137] - Components::findComponents: find dbmgr(8)...
 WARNING    cellapp-1 27634 8001  [2018-05-20 11:23:55 155] - EntityApp::checkTickPeriod: tick took 1118% (1.12 seconds)!
    INFO    cellapp-1 27634 8001  [2018-05-20 11:23:56 237] - Components::findComponents: find dbmgr(9)...
 WARNING    cellapp-1 27634 8001  [2018-05-20 11:23:57 271] - EntityApp::checkTickPeriod: tick took 1134% (1.13 seconds)!
    INFO    cellapp-1 27634 8001  [2018-05-20 11:23:58 337] - Components::findComponents: find dbmgr(10)...
 WARNING    cellapp-1 27634 8001  [2018-05-20 11:23:59 388] - EntityApp::checkTickPeriod: tick took 1151% (1.15 seconds)!
    INFO    cellapp-1 27866 8001  [2018-05-20 11:24:43 970] - -----------------------------------------------------------------------------------------


    INFO    cellapp-1 27866 8001  [2018-05-20 11:24:43 970] - Resmgr::initialize: KBE_ROOT=E:/kbengine/
    INFO    cellapp-1 27866 8001  [2018-05-20 11:24:43 970] - Resmgr::initialize: KBE_RES_PATH=E:/kbengine/kbe/res/;E:/kbengine/assets/;E:/kbengine/assets/scripts/;E:/kbengine/assets/res/
    INFO    cellapp-1 27866 8001  [2018-05-20 11:24:43 970] - Resmgr::initialize: KBE_BIN_PATH=E:/kbengine/kbe/bin/server/
    INFO    cellapp-1 27866 8001  [2018-05-20 11:24:43 974] - NetworkInterface::initialize(INTERNAL): bound to all interfaces with default route interface on 192.168.0.104 ( 192.168.0.104:49892 )
    INFO    cellapp-1 27866 8001  [2018-05-20 11:24:43 974] - NetworkInterface::initialize(INTERNAL): address 192.168.0.104:49892, SOMAXCONN=5.
    INFO    cellapp-1 27866 8001  [2018-05-20 11:24:43 974] - server-configs:
    INFO    cellapp-1 27866 8001  [2018-05-20 11:24:43 974] - 	gameUpdateHertz : 10
    INFO    cellapp-1 27866 8001  [2018-05-20 11:24:43 974] - 	defaultViewRadius : 80
    INFO    cellapp-1 27866 8001  [2018-05-20 11:24:43 974] - 	defaultViewHysteresisArea : 5
    INFO    cellapp-1 27866 8001  [2018-05-20 11:24:43 974] - 	entryScriptFile : kbemain
    INFO    cellapp-1 27866 8001  [2018-05-20 11:24:43 974] - 	internalAddr : 192.168.0.104:49892
    INFO    cellapp-1 27866 8001  [2018-05-20 11:24:43 974] - 	componentID : 8001
    INFO    cellapp-1 27866 8001  [2018-05-20 11:24:45 491] - ---- cellapp Version: 2.0.0. ScriptVersion: 0.1.0. Protocol: 85A70C5E64F896E0F1A60BF405B4EB07. Config: Debug X86. Built: 15:53:53 Apr 29 2018. AppID: 8001. UID: 27866. PID: 696 ----
    INFO    cellapp-1 27866 8001  [2018-05-20 11:24:45 492] - Server : Intel(R) Xeon(R) CPU E3-1230 v3 @ 3.30GHz with 4194303kB RAM
    INFO    cellapp-1 27866 8001  [2018-05-20 11:24:45 492] - ThreadPool::createThreadPool: creating  threadpool...
    INFO    cellapp-1 27866 8001  [2018-05-20 11:24:45 494] - ThreadPool::createThreadPool: successfully(2), newThreadCount=1, normalMaxThreadCount=2, maxThreadCount=8
   DEBUG    cellapp-1 27866 8001  [2018-05-20 11:24:45 640] - Script::install_py_dlls(): PyInit_pyexpat
   DEBUG    cellapp-1 27866 8001  [2018-05-20 11:24:45 640] - Script::install_py_dlls(): PyInit__socket
   DEBUG    cellapp-1 27866 8001  [2018-05-20 11:24:45 640] - Script::install_py_dlls(): PyInit__ssl
   DEBUG    cellapp-1 27866 8001  [2018-05-20 11:24:45 643] - Script::install_py_dlls(): PyInit__hashlib
   DEBUG    cellapp-1 27866 8001  [2018-05-20 11:24:45 643] - Script::install_py_dlls(): PyInit_select
   DEBUG    cellapp-1 27866 8001  [2018-05-20 11:24:45 644] - Script::install_py_dlls(): PyInit__ctypes
   DEBUG    cellapp-1 27866 8001  [2018-05-20 11:24:45 644] - Script::install_py_dlls(): PyInit__elementtree
   DEBUG    cellapp-1 27866 8001  [2018-05-20 11:24:45 671] - Script::install_py_dlls(): PyInit_unicodedata
    INFO    cellapp-1 27866 8001  [2018-05-20 11:24:45 699] - Script::install(): is successfully, Python=(3.4.2 (default, Apr 29 2018, 15:53:05) [MSC v.1913 32 bit (Intel)])!
    INFO    cellapp-1 27866 8001  [2018-05-20 11:24:45 699] - Script::install(): KBExtra is successfully!
   DEBUG    cellapp-1 27866 8001  [2018-05-20 11:24:45 712] - loaded entity-script:Account(1).
    INFO    cellapp-1 27866 8001  [2018-05-20 11:24:45 714] - TelnetServer server is running on port 50000
    INFO    cellapp-1 27866 8001  [2018-05-20 11:24:46 017] - ---- cellapp is running ----
   DEBUG    cellapp-1 27866 8001  [2018-05-20 11:24:46 018] - Components::process(): Request for the process of identity...
 WARNING    cellapp-1 27866 8001  [2018-05-20 11:24:52 101] - EntityApp::checkTickPeriod: tick took 6082% (6.08 seconds)!
    INFO    cellapp-1 27866 8001  [2018-05-20 11:24:53 172] - Components::findComponents: find logger(1)...
    INFO    cellapp-1 27866 8001  [2018-05-20 11:24:53 209] - Components::findComponents: found logger, addr:192.168.0.104:49891
    INFO    cellapp-1 27866 8001  [2018-05-20 11:24:53 209] - Components::addComponent: reset orderLog, uid=27866!
    INFO    cellapp-1 27866 8001  [2018-05-20 11:24:53 210] - Components::addComponent[logger], uid=27866, componentID=2000, globalorderid=1, grouporderid=1, totalcount=1
    INFO    cellapp-1 27866 8001  [2018-05-20 11:24:53 212] - Components::findComponents: find dbmgr(2)...
 WARNING    cellapp-1 27866 8001  [2018-05-20 11:24:54 316] - EntityApp::checkTickPeriod: tick took 1198% (1.20 seconds)!
    INFO    cellapp-1 28052 8001  [2018-05-20 11:25:40 344] - -----------------------------------------------------------------------------------------


    INFO    cellapp-1 28052 8001  [2018-05-20 11:25:40 344] - Resmgr::initialize: KBE_ROOT=E:/kbengine/
    INFO    cellapp-1 28052 8001  [2018-05-20 11:25:40 344] - Resmgr::initialize: KBE_RES_PATH=E:/kbengine/kbe/res/;E:/kbengine/assets/;E:/kbengine/assets/scripts/;E:/kbengine/assets/res/
    INFO    cellapp-1 28052 8001  [2018-05-20 11:25:40 345] - Resmgr::initialize: KBE_BIN_PATH=E:/kbengine/kbe/bin/server/
    INFO    cellapp-1 28052 8001  [2018-05-20 11:25:40 347] - NetworkInterface::initialize(INTERNAL): bound to all interfaces with default route interface on 192.168.0.104 ( 192.168.0.104:49933 )
    INFO    cellapp-1 28052 8001  [2018-05-20 11:25:40 347] - NetworkInterface::initialize(INTERNAL): address 192.168.0.104:49933, SOMAXCONN=5.
    INFO    cellapp-1 28052 8001  [2018-05-20 11:25:40 347] - server-configs:
    INFO    cellapp-1 28052 8001  [2018-05-20 11:25:40 347] - 	gameUpdateHertz : 10
    INFO    cellapp-1 28052 8001  [2018-05-20 11:25:40 347] - 	defaultViewRadius : 80
    INFO    cellapp-1 28052 8001  [2018-05-20 11:25:40 347] - 	defaultViewHysteresisArea : 5
    INFO    cellapp-1 28052 8001  [2018-05-20 11:25:40 347] - 	entryScriptFile : kbemain
    INFO    cellapp-1 28052 8001  [2018-05-20 11:25:40 347] - 	internalAddr : 192.168.0.104:49933
    INFO    cellapp-1 28052 8001  [2018-05-20 11:25:40 347] - 	componentID : 8001
    INFO    cellapp-1 28052 8001  [2018-05-20 11:25:41 854] - ---- cellapp Version: 2.0.0. ScriptVersion: 0.1.0. Protocol: 85A70C5E64F896E0F1A60BF405B4EB07. Config: Debug X86. Built: 15:53:53 Apr 29 2018. AppID: 8001. UID: 28052. PID: 5452 ----
    INFO    cellapp-1 28052 8001  [2018-05-20 11:25:41 855] - Server : Intel(R) Xeon(R) CPU E3-1230 v3 @ 3.30GHz with 4194303kB RAM
    INFO    cellapp-1 28052 8001  [2018-05-20 11:25:41 855] - ThreadPool::createThreadPool: creating  threadpool...
    INFO    cellapp-1 28052 8001  [2018-05-20 11:25:41 856] - ThreadPool::createThreadPool: successfully(2), newThreadCount=1, normalMaxThreadCount=2, maxThreadCount=8
   DEBUG    cellapp-1 28052 8001  [2018-05-20 11:25:41 990] - Script::install_py_dlls(): PyInit_pyexpat
   DEBUG    cellapp-1 28052 8001  [2018-05-20 11:25:41 990] - Script::install_py_dlls(): PyInit__socket
   DEBUG    cellapp-1 28052 8001  [2018-05-20 11:25:41 991] - Script::install_py_dlls(): PyInit__ssl
   DEBUG    cellapp-1 28052 8001  [2018-05-20 11:25:41 994] - Script::install_py_dlls(): PyInit__hashlib
   DEBUG    cellapp-1 28052 8001  [2018-05-20 11:25:41 994] - Script::install_py_dlls(): PyInit_select
   DEBUG    cellapp-1 28052 8001  [2018-05-20 11:25:41 994] - Script::install_py_dlls(): PyInit__ctypes
   DEBUG    cellapp-1 28052 8001  [2018-05-20 11:25:41 995] - Script::install_py_dlls(): PyInit__elementtree
   DEBUG    cellapp-1 28052 8001  [2018-05-20 11:25:42 023] - Script::install_py_dlls(): PyInit_unicodedata
    INFO    cellapp-1 28052 8001  [2018-05-20 11:25:42 052] - Script::install(): is successfully, Python=(3.4.2 (default, Apr 29 2018, 15:53:05) [MSC v.1913 32 bit (Intel)])!
    INFO    cellapp-1 28052 8001  [2018-05-20 11:25:42 052] - Script::install(): KBExtra is successfully!
   DEBUG    cellapp-1 28052 8001  [2018-05-20 11:25:42 064] - loaded entity-script:Account(1).
    INFO    cellapp-1 28052 8001  [2018-05-20 11:25:42 067] - TelnetServer server is running on port 50000
    INFO    cellapp-1 28052 8001  [2018-05-20 11:25:42 386] - ---- cellapp is running ----
   DEBUG    cellapp-1 28052 8001  [2018-05-20 11:25:42 386] - Components::process(): Request for the process of identity...
 WARNING    cellapp-1 28052 8001  [2018-05-20 11:25:48 470] - EntityApp::checkTickPeriod: tick took 6082% (6.08 seconds)!
    INFO    cellapp-1 28052 8001  [2018-05-20 11:25:49 546] - Components::findComponents: find logger(1)...
    INFO    cellapp-1 28052 8001  [2018-05-20 11:25:49 590] - Components::findComponents: found logger, addr:192.168.0.104:49928
    INFO    cellapp-1 28052 8001  [2018-05-20 11:25:49 590] - Components::addComponent: reset orderLog, uid=28052!
    INFO    cellapp-1 28052 8001  [2018-05-20 11:25:49 591] - Components::addComponent[logger], uid=28052, componentID=2000, globalorderid=1, grouporderid=1, totalcount=1
    INFO    cellapp-1 28052 8001  [2018-05-20 11:25:49 593] - Components::findComponents: find dbmgr(2)...
    INFO    cellapp-1 28052 8001  [2018-05-20 11:25:49 696] - Components::findComponents: found dbmgr, addr:192.168.0.104:49930
    INFO    cellapp-1 28052 8001  [2018-05-20 11:25:49 696] - Components::addComponent: reset orderLog, uid=28052!
    INFO    cellapp-1 28052 8001  [2018-05-20 11:25:49 697] - Components::addComponent[dbmgr], uid=28052, componentID=4000, globalorderid=1, grouporderid=1, totalcount=1
    INFO    cellapp-1 28052 8001  [2018-05-20 11:25:49 697] - Components::findComponents: found dbmgr, addr:192.168.0.104:49930
 WARNING    cellapp-1 28052 8001  [2018-05-20 11:25:50 699] - EntityApp::checkTickPeriod: tick took 1212% (1.21 seconds)!
    INFO    cellapp-1 28052 8001  [2018-05-20 11:25:51 746] - Components::findComponents: find cellappmgr(1)...
    INFO    cellapp-1 28052 8001  [2018-05-20 11:25:51 817] - Components::findComponents: found cellappmgr, addr:192.168.0.104:49926
    INFO    cellapp-1 28052 8001  [2018-05-20 11:25:51 817] - Components::addComponent[cellappmgr], uid=28052, componentID=6000, globalorderid=2, grouporderid=1, totalcount=1
    INFO    cellapp-1 28052 8001  [2018-05-20 11:25:51 818] - Components::findComponents: found cellappmgr, addr:192.168.0.104:49926
 WARNING    cellapp-1 28052 8001  [2018-05-20 11:25:52 818] - EntityApp::checkTickPeriod: tick took 1131% (1.13 seconds)!
    INFO    cellapp-1 28052 8001  [2018-05-20 11:25:53 846] - Components::findComponents: find baseappmgr(1)...
    INFO    cellapp-1 28052 8001  [2018-05-20 11:25:53 929] - Components::findComponents: found baseappmgr, addr:192.168.0.104:49929
    INFO    cellapp-1 28052 8001  [2018-05-20 11:25:53 929] - Components::addComponent[baseappmgr], uid=28052, componentID=5000, globalorderid=3, grouporderid=1, totalcount=1
    INFO    cellapp-1 28052 8001  [2018-05-20 11:25:53 930] - Components::findComponents: found baseappmgr, addr:192.168.0.104:49929
 WARNING    cellapp-1 28052 8001  [2018-05-20 11:25:54 930] - EntityApp::checkTickPeriod: tick took 1143% (1.14 seconds)!
    INFO    cellapp-1 28052 8001  [2018-05-20 11:25:56 046] - Components::findComponents: register self to dbmgr...
    INFO    cellapp-1 28052 8001  [2018-05-20 11:25:56 087] - Components::findComponents: register self to cellappmgr...
    INFO    cellapp-1 28052 8001  [2018-05-20 11:25:56 145] - Components::findComponents: register self to baseappmgr...
    INFO    cellapp-1 28052 8001  [2018-05-20 11:25:56 156] - Components::process(): Found all the components!
    INFO    cellapp-1 28052 8001  [2018-05-20 11:25:56 187] - ServerApp::onRegisterNewApp: uid:28052, username:, componentType:baseapp, componentID:7001, globalorderID=6, grouporderID=1, intaddr:192.168.0.104, intport:49932, extaddr:192.168.0.104, extport:20015,  from 192.168.0.104:49930/0/0/0.
    INFO    cellapp-1 28052 8001  [2018-05-20 11:25:56 187] - Components::addComponent[baseapp], uid=28052, componentID=7001, globalorderid=6, grouporderid=1, totalcount=1
    INFO    cellapp-1 28052 8001  [2018-05-20 11:25:59 187] - EntityApp::onDbmgrInitCompleted: entityID alloc(1-2001), startGlobalOrder=5, startGroupOrder=1, digest=F7398DD01F5FC8D787D90C5312DB1BF0.
    INFO    cellapp01 28052 8001  [2018-05-20 11:25:59 187] - IDClient::onAddRange: number of ids increased from 1 to 2001.
 WARNING    cellapp01 28052 8001  [2018-05-20 11:26:00 100] - BundleBroadcast::BundleBroadcast: Cannot bind to port 20320, errorno=10048
   S_DBG    cellapp01 28052 8001  [2018-05-20 11:26:00 711] - onInit::isReload:0
 WARNING    cellapp01 28052 8001  [2018-05-20 11:26:00 712] - e:\kbengine\kbe\src\lib\server\entity_app.h:749: Profile processRecvMessages took 1.52 seconds
 WARNING    cellapp01 28052 8001  [2018-05-20 11:26:00 712] - e:\kbengine\kbe\src\server\cellapp\cellapp.cpp:245: Profile gameTick took 1.53 seconds
 WARNING    cellapp01 28052 8001  [2018-05-20 11:26:00 712] - e:\kbengine\kbe\src\lib\network\event_dispatcher.cpp:153: Profile callSystemTimers took 1.53 seconds
 WARNING    cellapp01 28052 8001  [2018-05-20 11:26:00 713] - EntityApp::checkTickPeriod: tick took 1526% (1.53 seconds)!
   DEBUG    cellapp01 28052 8001  [2018-05-20 11:26:00 762] - InitProgressHandler::~InitProgressHandler()
   S_DBG    cellapp01 28052 8001  [2018-05-20 11:26:01 211] - onGlobalData: Halls
