    INFO      dbmgr-1 25126 4000  [2018-04-30 20:07:18 372] - -----------------------------------------------------------------------------------------


    INFO      dbmgr-1 25126 4000  [2018-04-30 20:07:18 372] - Resmgr::initialize: KBE_ROOT=E:/kbengine/
    INFO      dbmgr-1 25126 4000  [2018-04-30 20:07:18 372] - Resmgr::initialize: KBE_RES_PATH=E:/kbengine/kbe/res/;E:/kbengine/assets/;E:/kbengine/assets/scripts/;E:/kbengine/assets/res/
    INFO      dbmgr-1 25126 4000  [2018-04-30 20:07:18 373] - Resmgr::initialize: KBE_BIN_PATH=E:/kbengine/kbe/bin/server/
    INFO      dbmgr-1 25126 4000  [2018-04-30 20:07:18 390] - NetworkInterface::initialize(INTERNAL): bound to all interfaces with default route interface on 192.168.0.106 ( 192.168.0.106:55038 )
    INFO      dbmgr-1 25126 4000  [2018-04-30 20:07:18 391] - NetworkInterface::initialize(INTERNAL): address 192.168.0.106:55038, SOMAXCONN=5.
    INFO      dbmgr-1 25126 4000  [2018-04-30 20:07:18 391] - server-configs:
    INFO      dbmgr-1 25126 4000  [2018-04-30 20:07:18 391] - 	internalAddr : 192.168.0.106:55038
    INFO      dbmgr-1 25126 4000  [2018-04-30 20:07:18 391] - 	componentID : 4000
    INFO      dbmgr-1 25126 4000  [2018-04-30 20:07:19 904] - ---- dbmgr Version: 2.0.0. ScriptVersion: 0.1.0. Protocol: F28F1C37BCC70CD27B77841D4A30E3D7. Config: Debug X86. Built: 15:52:44 Apr 29 2018. AppID: 4000. UID: 25126. PID: 824 ----
    INFO      dbmgr-1 25126 4000  [2018-04-30 20:07:19 905] - Server : Intel(R) Xeon(R) CPU E3-1230 v3 @ 3.30GHz with 4194303kB RAM
    INFO      dbmgr-1 25126 4000  [2018-04-30 20:07:19 905] - ThreadPool::createThreadPool: creating  threadpool...
    INFO      dbmgr-1 25126 4000  [2018-04-30 20:07:19 906] - ThreadPool::createThreadPool: successfully(2), newThreadCount=1, normalMaxThreadCount=2, maxThreadCount=8
   DEBUG      dbmgr-1 25126 4000  [2018-04-30 20:07:20 048] - Script::install_py_dlls(): PyInit_pyexpat
   DEBUG      dbmgr-1 25126 4000  [2018-04-30 20:07:20 048] - Script::install_py_dlls(): PyInit__socket
   DEBUG      dbmgr-1 25126 4000  [2018-04-30 20:07:20 049] - Script::install_py_dlls(): PyInit__ssl
   DEBUG      dbmgr-1 25126 4000  [2018-04-30 20:07:20 052] - Script::install_py_dlls(): PyInit__hashlib
   DEBUG      dbmgr-1 25126 4000  [2018-04-30 20:07:20 052] - Script::install_py_dlls(): PyInit_select
   DEBUG      dbmgr-1 25126 4000  [2018-04-30 20:07:20 052] - Script::install_py_dlls(): PyInit__ctypes
   DEBUG      dbmgr-1 25126 4000  [2018-04-30 20:07:20 052] - Script::install_py_dlls(): PyInit__elementtree
   DEBUG      dbmgr-1 25126 4000  [2018-04-30 20:07:20 084] - Script::install_py_dlls(): PyInit_unicodedata
    INFO      dbmgr-1 25126 4000  [2018-04-30 20:07:20 111] - Script::install(): is successfully, Python=(3.4.2 (default, Apr 29 2018, 15:52:37) [MSC v.1913 32 bit (Intel)])!
    INFO      dbmgr-1 25126 4000  [2018-04-30 20:07:20 112] - Script::install(): KBExtra is successfully!
    INFO      dbmgr-1 25126 4000  [2018-04-30 20:07:20 117] - Dbmgr::initializeEnd: digest(363BB7D9C7C9010E5779213C13D38542)
  S_INFO      dbmgr-1 25126 4000  [2018-04-30 20:07:20 117] - onDBMgrReady: bootstrapGroupIndex=0, bootstrapGlobalIndex=0
    INFO      dbmgr-1 25126 4000  [2018-04-30 20:07:20 117] - TelnetServer server is running on port 32000
    INFO      dbmgr-1 25126 4000  [2018-04-30 20:07:20 118] - Dbmgr::initInterfacesHandler: interfaces addr(127.0.0.1:30099), accountType:(interfaces), chargeType:(interfaces).
 WARNING      dbmgr-1 25126 4000  [2018-04-30 20:07:20 467] - DBUtil::initialize: db(default) password is not encrypted!
please use password(rsa):
ADE9C4173FB5037A2608DC6182D4EEBFAD89A83D8DEBD30AC926B12EBC769C2CB103D84C934298A411F818960A21482B90115608BE5F6103C25279AB79097F6B1941AE1363F158CC7F9F841A4CEC77CD32140CF56796AECD2569C799454B825D1BCCA1D039BEAD35239E364D893A81305634FBF63C1146A97D9D4853738848A6
   DEBUG      dbmgr-1 25126 4000  [2018-04-30 20:07:20 468] - DBInterfaceMysql::attach: connect: localhost:3306 starting...
   DEBUG      dbmgr-1 25126 4000  [2018-04-30 20:07:20 470] - DBInterfaceMysql::attach: successfully! addr: localhost:3306
    INFO      dbmgr-1 25126 4000  [2018-04-30 20:07:20 470] - DBUtil::createInterface[0x3ef3b0]: interface=default, dbtype=mysql, ip=localhost, port=3306, currdatabase=kbe, username=kbe, connected=yes.

    INFO      dbmgr-1 25126 4000  [2018-04-30 20:07:20 470] - ThreadPool::createThreadPool: creating  threadpool...
    INFO      dbmgr-1 25126 4000  [2018-04-30 20:07:20 471] - ThreadPool::createThreadPool: successfully(5), newThreadCount=5, normalMaxThreadCount=5, maxThreadCount=5
    INFO      dbmgr-1 25126 4000  [2018-04-30 20:07:20 572] - DBInterfaceMysql::query: successfully!
    INFO      dbmgr-1 25126 4000  [2018-04-30 20:07:20 574] - DBInterfaceMysql::query: successfully!
   DEBUG      dbmgr-1 25126 4000  [2018-04-30 20:07:25 556] - DBInterfaceMysql::dropEntityTableFromDB: tbl_Account_friendsList.
    INFO      dbmgr-1 25126 4000  [2018-04-30 20:07:25 819] - DBInterfaceMysql::query: successfully!
   DEBUG      dbmgr-1 25126 4000  [2018-04-30 20:07:25 819] - DBInterfaceMysql::dropEntityTableFromDB: tbl_Account_mailList.
    INFO      dbmgr-1 25126 4000  [2018-04-30 20:07:25 938] - DBInterfaceMysql::query: successfully!
   DEBUG      dbmgr-1 25126 4000  [2018-04-30 20:07:25 938] - DBInterfaceMysql::dropEntityTableFromDB: tbl_AllPlayerPublicInfo.
    INFO      dbmgr-1 25126 4000  [2018-04-30 20:07:26 034] - DBInterfaceMysql::query: successfully!
   DEBUG      dbmgr-1 25126 4000  [2018-04-30 20:07:26 034] - DBInterfaceMysql::dropEntityTableFromDB: tbl_AllPlayerPublicInfo_allPlayers.
    INFO      dbmgr-1 25126 4000  [2018-04-30 20:07:26 120] - DBInterfaceMysql::query: successfully!
   DEBUG      dbmgr-1 25126 4000  [2018-04-30 20:07:26 120] - DBInterfaceMysql::dropEntityTableFromDB: tbl_CheckName.
    INFO      dbmgr-1 25126 4000  [2018-04-30 20:07:26 244] - DBInterfaceMysql::query: successfully!
   DEBUG      dbmgr-1 25126 4000  [2018-04-30 20:07:26 244] - DBInterfaceMysql::dropEntityTableFromDB: tbl_Halls.
    INFO      dbmgr-1 25126 4000  [2018-04-30 20:07:26 367] - DBInterfaceMysql::query: successfully!
   DEBUG      dbmgr-1 25126 4000  [2018-04-30 20:07:26 367] - DBInterfaceMysql::dropEntityTableFromDB: tbl_OfflineMessage.
    INFO      dbmgr-1 25126 4000  [2018-04-30 20:07:26 477] - DBInterfaceMysql::query: successfully!
   DEBUG      dbmgr-1 25126 4000  [2018-04-30 20:07:26 478] - DBInterfaceMysql::dropEntityTableFromDB: tbl_OfflineMessage_offline_messages.
    INFO      dbmgr-1 25126 4000  [2018-04-30 20:07:26 584] - DBInterfaceMysql::query: successfully!
   DEBUG      dbmgr-1 25126 4000  [2018-04-30 20:07:26 585] - DBInterfaceMysql::dropEntityTableFromDB: tbl_OnLinePlayerManager.
    INFO      dbmgr-1 25126 4000  [2018-04-30 20:07:26 684] - DBInterfaceMysql::query: successfully!
   DEBUG      dbmgr-1 25126 4000  [2018-04-30 20:07:26 685] - DBInterfaceMysql::dropEntityTableFromDB: tbl_Room.
    INFO      dbmgr-1 25126 4000  [2018-04-30 20:07:26 818] - DBInterfaceMysql::query: successfully!
 WARNING      dbmgr-1 25126 4000  [2018-04-30 20:07:26 819] - e:\kbengine\kbe\src\server\dbmgr\dbmgr.cpp:275: Profile scriptCall took 6.70 seconds
    INFO      dbmgr-1 25126 4000  [2018-04-30 20:07:27 134] - ---- dbmgr is running ----
   DEBUG      dbmgr-1 25126 4000  [2018-04-30 20:07:27 134] - Components::process(): Request for the process of identity...
   DEBUG      dbmgr-1 25126 4000  [2018-04-30 20:07:20 471] - DBInterfaceMysql::attach: connect: localhost:3306 starting...
   DEBUG      dbmgr-1 25126 4000  [2018-04-30 20:07:20 471] - DBInterfaceMysql::attach: connect: localhost:3306 starting...
   DEBUG      dbmgr-1 25126 4000  [2018-04-30 20:07:20 471] - DBInterfaceMysql::attach: connect: localhost:3306 starting...
   DEBUG      dbmgr-1 25126 4000  [2018-04-30 20:07:20 471] - DBInterfaceMysql::attach: connect: localhost:3306 starting...
   DEBUG      dbmgr-1 25126 4000  [2018-04-30 20:07:20 472] - DBInterfaceMysql::attach: connect: localhost:3306 starting...
   DEBUG      dbmgr-1 25126 4000  [2018-04-30 20:07:20 472] - DBInterfaceMysql::attach: successfully! addr: localhost:3306
   DEBUG      dbmgr-1 25126 4000  [2018-04-30 20:07:20 473] - DBInterfaceMysql::attach: successfully! addr: localhost:3306
   DEBUG      dbmgr-1 25126 4000  [2018-04-30 20:07:20 473] - DBThread::onStart(): 0x587eb8!
   DEBUG      dbmgr-1 25126 4000  [2018-04-30 20:07:20 473] - DBInterfaceMysql::attach: successfully! addr: localhost:3306
   DEBUG      dbmgr-1 25126 4000  [2018-04-30 20:07:20 473] - DBThread::onStart(): 0x587e30!
   DEBUG      dbmgr-1 25126 4000  [2018-04-30 20:07:20 473] - DBInterfaceMysql::attach: successfully! addr: localhost:3306
   DEBUG      dbmgr-1 25126 4000  [2018-04-30 20:07:20 473] - DBThread::onStart(): 0x587f40!
   DEBUG      dbmgr-1 25126 4000  [2018-04-30 20:07:20 473] - DBInterfaceMysql::attach: successfully! addr: localhost:3306
   DEBUG      dbmgr-1 25126 4000  [2018-04-30 20:07:20 474] - DBThread::onStart(): 0x587fc8!
   DEBUG      dbmgr-1 25126 4000  [2018-04-30 20:07:20 474] - DBThread::onStart(): 0x588050!
    INFO      dbmgr-1 25126 4000  [2018-04-30 20:07:20 574] - DBInterfaceMysql::query: successfully!
    INFO      dbmgr-1 25126 4000  [2018-04-30 20:07:20 575] - DBInterfaceMysql::query: successfully!
    INFO      dbmgr-1 25126 4000  [2018-04-30 20:07:20 575] - DBInterfaceMysql::query: successfully!
    INFO      dbmgr-1 25126 4000  [2018-04-30 20:07:20 575] - DBInterfaceMysql::query: successfully!
    INFO      dbmgr-1 25126 4000  [2018-04-30 20:07:20 575] - DBInterfaceMysql::query: successfully!
   DEBUG      dbmgr-1 25126 4000  [2018-04-30 20:07:20 575] - DBInterfaceMysql::dropEntityTableItemFromDB: tbl_Account sm_isNewPlayer.
    INFO      dbmgr-1 25126 4000  [2018-04-30 20:07:20 575] - DBInterfaceMysql::query: successfully!
    INFO      dbmgr-1 25126 4000  [2018-04-30 20:07:20 575] - DBInterfaceMysql::query: successfully!
    INFO      dbmgr-1 25126 4000  [2018-04-30 20:07:20 632] - DBInterfaceMysql::query: successfully!
    INFO      dbmgr-1 25126 4000  [2018-04-30 20:07:20 966] - DBInterfaceMysql::query: successfully!
   DEBUG      dbmgr-1 25126 4000  [2018-04-30 20:07:20 966] - DBInterfaceMysql::dropEntityTableItemFromDB: tbl_Account sm_playerName.
    INFO      dbmgr-1 25126 4000  [2018-04-30 20:07:21 244] - DBInterfaceMysql::query: successfully!
   DEBUG      dbmgr-1 25126 4000  [2018-04-30 20:07:21 244] - DBInterfaceMysql::dropEntityTableItemFromDB: tbl_Account sm_playerLevel.
    INFO      dbmgr-1 25126 4000  [2018-04-30 20:07:21 675] - DBInterfaceMysql::query: successfully!
   DEBUG      dbmgr-1 25126 4000  [2018-04-30 20:07:21 675] - DBInterfaceMysql::dropEntityTableItemFromDB: tbl_Account sm_cur_EXP.
    INFO      dbmgr-1 25126 4000  [2018-04-30 20:07:22 000] - DBInterfaceMysql::query: successfully!
   DEBUG      dbmgr-1 25126 4000  [2018-04-30 20:07:22 000] - DBInterfaceMysql::dropEntityTableItemFromDB: tbl_Account sm_iconURL.
    INFO      dbmgr-1 25126 4000  [2018-04-30 20:07:22 325] - DBInterfaceMysql::query: successfully!
   DEBUG      dbmgr-1 25126 4000  [2018-04-30 20:07:22 325] - DBInterfaceMysql::dropEntityTableItemFromDB: tbl_Account sm_playerID.
    INFO      dbmgr-1 25126 4000  [2018-04-30 20:07:22 654] - DBInterfaceMysql::query: successfully!
   DEBUG      dbmgr-1 25126 4000  [2018-04-30 20:07:22 654] - DBInterfaceMysql::dropEntityTableItemFromDB: tbl_Account sm_playerGold.
    INFO      dbmgr-1 25126 4000  [2018-04-30 20:07:23 003] - DBInterfaceMysql::query: successfully!
   DEBUG      dbmgr-1 25126 4000  [2018-04-30 20:07:23 003] - DBInterfaceMysql::dropEntityTableItemFromDB: tbl_Account sm_playerRoomcard.
    INFO      dbmgr-1 25126 4000  [2018-04-30 20:07:23 312] - DBInterfaceMysql::query: successfully!
   DEBUG      dbmgr-1 25126 4000  [2018-04-30 20:07:23 312] - DBInterfaceMysql::dropEntityTableItemFromDB: tbl_Account sm_0_position.
    INFO      dbmgr-1 25126 4000  [2018-04-30 20:07:23 609] - DBInterfaceMysql::query: successfully!
   DEBUG      dbmgr-1 25126 4000  [2018-04-30 20:07:23 609] - DBInterfaceMysql::dropEntityTableItemFromDB: tbl_Account sm_1_position.
    INFO      dbmgr-1 25126 4000  [2018-04-30 20:07:23 935] - DBInterfaceMysql::query: successfully!
   DEBUG      dbmgr-1 25126 4000  [2018-04-30 20:07:23 936] - DBInterfaceMysql::dropEntityTableItemFromDB: tbl_Account sm_2_position.
    INFO      dbmgr-1 25126 4000  [2018-04-30 20:07:24 260] - DBInterfaceMysql::query: successfully!
   DEBUG      dbmgr-1 25126 4000  [2018-04-30 20:07:24 260] - DBInterfaceMysql::dropEntityTableItemFromDB: tbl_Account sm_0_direction.
    INFO      dbmgr-1 25126 4000  [2018-04-30 20:07:24 620] - DBInterfaceMysql::query: successfully!
   DEBUG      dbmgr-1 25126 4000  [2018-04-30 20:07:24 621] - DBInterfaceMysql::dropEntityTableItemFromDB: tbl_Account sm_1_direction.
    INFO      dbmgr-1 25126 4000  [2018-04-30 20:07:25 009] - DBInterfaceMysql::query: successfully!
   DEBUG      dbmgr-1 25126 4000  [2018-04-30 20:07:25 009] - DBInterfaceMysql::dropEntityTableItemFromDB: tbl_Account sm_2_direction.
    INFO      dbmgr-1 25126 4000  [2018-04-30 20:07:25 533] - DBInterfaceMysql::query: successfully!
 WARNING      dbmgr-1 25126 4000  [2018-04-30 20:07:25 534] - DBTask::process(): took 4.96 seconds
sql:(show index from tbl_Account)
    INFO      dbmgr-1 25126 4000  [2018-04-30 20:07:33 239] - ServerApp::onRegisterNewApp: uid:25126, username:, componentType:baseappmgr, componentID:5000, globalorderID=-1, grouporderID=-1, intaddr:192.168.0.106, intport:55033, extaddr:nonsupport, extport:0,  from 192.168.0.106:55062/0/0/0.
    INFO      dbmgr-1 25126 4000  [2018-04-30 20:07:33 239] - Components::addComponent: reset orderLog, uid=25126!
    INFO      dbmgr-1 25126 4000  [2018-04-30 20:07:33 240] - Components::addComponent[baseappmgr], uid=25126, componentID=5000, globalorderid=1, grouporderid=1, totalcount=1
    INFO      dbmgr-1 25126 4000  [2018-04-30 20:07:33 240] - ServerApp::onRegisterNewApp: uid:25126, username:, componentType:cellappmgr, componentID:6000, globalorderID=-1, grouporderID=-1, intaddr:192.168.0.106, intport:55036, extaddr:nonsupport, extport:0,  from 192.168.0.106:55064/0/0/0.
    INFO      dbmgr-1 25126 4000  [2018-04-30 20:07:33 241] - Components::addComponent[cellappmgr], uid=25126, componentID=6000, globalorderid=2, grouporderid=1, totalcount=1
    INFO      dbmgr-1 25126 4000  [2018-04-30 20:07:33 241] - ServerApp::onRegisterNewApp: uid:25126, username:, componentType:loginapp, componentID:9000, globalorderID=-1, grouporderID=-1, intaddr:192.168.0.106, intport:55035, extaddr:192.168.0.106, extport:20013,  from 192.168.0.106:55066/0/0/0.
    INFO      dbmgr-1 25126 4000  [2018-04-30 20:07:33 241] - Components::addComponent[loginapp], uid=25126, componentID=9000, globalorderid=3, grouporderid=1, totalcount=1
    INFO      dbmgr-1 25126 4000  [2018-04-30 20:07:34 198] - ServerApp::onRegisterNewApp: uid:25126, username:, componentType:baseapp, componentID:7001, globalorderID=-1, grouporderID=-1, intaddr:192.168.0.106, intport:55041, extaddr:192.168.0.106, extport:20015,  from 192.168.0.106:55076/0/0/0.
    INFO      dbmgr-1 25126 4000  [2018-04-30 20:07:34 199] - Components::addComponent[baseapp], uid=25126, componentID=7001, globalorderid=4, grouporderid=1, totalcount=1
    INFO      dbmgr-1 25126 4000  [2018-04-30 20:07:34 238] - Components::findComponents: find logger(1)...
    INFO      dbmgr-1 25126 4000  [2018-04-30 20:07:34 274] - Components::findComponents: found logger, addr:192.168.0.106:55039
    INFO      dbmgr-1 25126 4000  [2018-04-30 20:07:34 274] - Components::addComponent[logger], uid=25126, componentID=2000, globalorderid=5, grouporderid=1, totalcount=1
    INFO      dbmgr-1 25126 4000  [2018-04-30 20:07:34 278] - Components::process(): Found all the components!
    INFO      dbmgr-1 25126 4000  [2018-04-30 20:07:34 478] - ServerApp::onRegisterNewApp: uid:25126, username:, componentType:cellapp, componentID:8001, globalorderID=-1, grouporderID=-1, intaddr:192.168.0.106, intport:55040, extaddr:nonsupport, extport:0,  from 192.168.0.106:55080/0/0/0.
    INFO      dbmgr-1 25126 4000  [2018-04-30 20:07:34 478] - Components::addComponent[cellapp], uid=25126, componentID=8001, globalorderid=6, grouporderid=1, totalcount=1
    INFO      dbmgr-1 25126 4000  [2018-04-30 20:07:37 483] - IDServer::allocRange: 1-2001.
    INFO      dbmgr-1 25126 4000  [2018-04-30 20:07:37 483] - IDServer::allocRange: 2001-4001.
   DEBUG      dbmgr-1 25126 4000  [2018-04-30 20:07:37 483] - SyncAppDatasHandler::~SyncAppDatasHandler()
   DEBUG      dbmgr-1 25126 4000  [2018-04-30 20:11:08 496] - Dbmgr::onAccountLogin:loginName=1, accountName=1, success=0, componentID=0, entityID=0, dbid=1, flags=0, deadline=0.
   DEBUG      dbmgr-1 25126 4000  [2018-04-30 20:11:08 876] - Dbmgr::queryAccount: 1, success=1, flags=0, deadline=0.
    INFO      dbmgr-1 25126 4000  [2018-04-30 20:11:16 577] - Buffered_DBTasks::onFiniTask: Playing buffered task for entityID=0, dbid=1, dbid_tasks_size=1, entityid_tasks_size=0.
   DEBUG      dbmgr-1 25126 4000  [2018-04-30 20:11:16 596] - Dbmgr::writeEntity: Account(1).
   DEBUG      dbmgr-1 25126 4000  [2018-04-30 20:11:16 636] - Dbmgr::onEntityOffline: 1, entityType=1.
    INFO      dbmgr-1 26716 4000  [2018-04-30 20:15:25 389] - -----------------------------------------------------------------------------------------


    INFO      dbmgr-1 26716 4000  [2018-04-30 20:15:25 389] - Resmgr::initialize: KBE_ROOT=E:/kbengine/
    INFO      dbmgr-1 26716 4000  [2018-04-30 20:15:25 389] - Resmgr::initialize: KBE_RES_PATH=E:/kbengine/kbe/res/;E:/kbengine/assets/;E:/kbengine/assets/scripts/;E:/kbengine/assets/res/
    INFO      dbmgr-1 26716 4000  [2018-04-30 20:15:25 389] - Resmgr::initialize: KBE_BIN_PATH=E:/kbengine/kbe/bin/server/
    INFO      dbmgr-1 26716 4000  [2018-04-30 20:15:25 398] - NetworkInterface::initialize(INTERNAL): bound to all interfaces with default route interface on 192.168.0.106 ( 192.168.0.106:55187 )
    INFO      dbmgr-1 26716 4000  [2018-04-30 20:15:25 399] - NetworkInterface::initialize(INTERNAL): address 192.168.0.106:55187, SOMAXCONN=5.
    INFO      dbmgr-1 26716 4000  [2018-04-30 20:15:25 399] - server-configs:
    INFO      dbmgr-1 26716 4000  [2018-04-30 20:15:25 399] - 	internalAddr : 192.168.0.106:55187
    INFO      dbmgr-1 26716 4000  [2018-04-30 20:15:25 399] - 	componentID : 4000
    INFO      dbmgr-1 26716 4000  [2018-04-30 20:15:26 912] - ---- dbmgr Version: 2.0.0. ScriptVersion: 0.1.0. Protocol: F28F1C37BCC70CD27B77841D4A30E3D7. Config: Debug X86. Built: 15:52:44 Apr 29 2018. AppID: 4000. UID: 26716. PID: 2776 ----
    INFO      dbmgr-1 26716 4000  [2018-04-30 20:15:26 913] - Server : Intel(R) Xeon(R) CPU E3-1230 v3 @ 3.30GHz with 4194303kB RAM
    INFO      dbmgr-1 26716 4000  [2018-04-30 20:15:26 914] - ThreadPool::createThreadPool: creating  threadpool...
    INFO      dbmgr-1 26716 4000  [2018-04-30 20:15:26 914] - ThreadPool::createThreadPool: successfully(2), newThreadCount=1, normalMaxThreadCount=2, maxThreadCount=8
   DEBUG      dbmgr-1 26716 4000  [2018-04-30 20:15:27 057] - Script::install_py_dlls(): PyInit_pyexpat
   DEBUG      dbmgr-1 26716 4000  [2018-04-30 20:15:27 058] - Script::install_py_dlls(): PyInit__socket
   DEBUG      dbmgr-1 26716 4000  [2018-04-30 20:15:27 058] - Script::install_py_dlls(): PyInit__ssl
   DEBUG      dbmgr-1 26716 4000  [2018-04-30 20:15:27 061] - Script::install_py_dlls(): PyInit__hashlib
   DEBUG      dbmgr-1 26716 4000  [2018-04-30 20:15:27 061] - Script::install_py_dlls(): PyInit_select
   DEBUG      dbmgr-1 26716 4000  [2018-04-30 20:15:27 061] - Script::install_py_dlls(): PyInit__ctypes
   DEBUG      dbmgr-1 26716 4000  [2018-04-30 20:15:27 062] - Script::install_py_dlls(): PyInit__elementtree
   DEBUG      dbmgr-1 26716 4000  [2018-04-30 20:15:27 088] - Script::install_py_dlls(): PyInit_unicodedata
    INFO      dbmgr-1 26716 4000  [2018-04-30 20:15:27 115] - Script::install(): is successfully, Python=(3.4.2 (default, Apr 29 2018, 15:52:37) [MSC v.1913 32 bit (Intel)])!
    INFO      dbmgr-1 26716 4000  [2018-04-30 20:15:27 116] - Script::install(): KBExtra is successfully!
    INFO      dbmgr-1 26716 4000  [2018-04-30 20:15:27 119] - Dbmgr::initializeEnd: digest(4A6440D5D05F16276F4BBDE225CBF308)
  S_INFO      dbmgr-1 26716 4000  [2018-04-30 20:15:27 119] - onDBMgrReady: bootstrapGroupIndex=0, bootstrapGlobalIndex=0
    INFO      dbmgr-1 26716 4000  [2018-04-30 20:15:27 119] - TelnetServer server is running on port 32000
    INFO      dbmgr-1 26716 4000  [2018-04-30 20:15:27 119] - Dbmgr::initInterfacesHandler: interfaces addr(127.0.0.1:30099), accountType:(interfaces), chargeType:(interfaces).
 WARNING      dbmgr-1 26716 4000  [2018-04-30 20:15:27 399] - DBUtil::initialize: db(default) password is not encrypted!
please use password(rsa):
C3D155E95AE844836E48DF87355D25275E5014C95F67675DA25D0CEAA413B4F3C3321F2919E92B272515C8DD7BE29AC08F811AF8EDA741BA5C139D8C00570FCCFC17C69A5E3DB290C51D8524C6EE8F8B6B4F574AB54E209E2BF902A5B6C32779C4C608A81CB7B20BD1658E7F8CF3A0E1370D84879E51DFAC18C5FE99B4096895
   DEBUG      dbmgr-1 26716 4000  [2018-04-30 20:15:27 400] - DBInterfaceMysql::attach: connect: localhost:3306 starting...
   DEBUG      dbmgr-1 26716 4000  [2018-04-30 20:15:27 402] - DBInterfaceMysql::attach: successfully! addr: localhost:3306
    INFO      dbmgr-1 26716 4000  [2018-04-30 20:15:27 402] - DBUtil::createInterface[0x31ed84]: interface=default, dbtype=mysql, ip=localhost, port=3306, currdatabase=kbe, username=kbe, connected=yes.

    INFO      dbmgr-1 26716 4000  [2018-04-30 20:15:27 402] - ThreadPool::createThreadPool: creating  threadpool...
    INFO      dbmgr-1 26716 4000  [2018-04-30 20:15:27 403] - ThreadPool::createThreadPool: successfully(5), newThreadCount=5, normalMaxThreadCount=5, maxThreadCount=5
    INFO      dbmgr-1 26716 4000  [2018-04-30 20:15:27 507] - DBInterfaceMysql::query: successfully!
    INFO      dbmgr-1 26716 4000  [2018-04-30 20:15:27 512] - DBInterfaceMysql::query: successfully!
 WARNING      dbmgr-1 26716 4000  [2018-04-30 20:15:27 553] - e:\kbengine\kbe\src\server\dbmgr\dbmgr.cpp:275: Profile scriptCall took 0.43 seconds
    INFO      dbmgr-1 26716 4000  [2018-04-30 20:15:27 866] - ---- dbmgr is running ----
   DEBUG      dbmgr-1 26716 4000  [2018-04-30 20:15:27 867] - Components::process(): Request for the process of identity...
   DEBUG      dbmgr-1 26716 4000  [2018-04-30 20:15:27 402] - DBInterfaceMysql::attach: connect: localhost:3306 starting...
   DEBUG      dbmgr-1 26716 4000  [2018-04-30 20:15:27 403] - DBInterfaceMysql::attach: connect: localhost:3306 starting...
   DEBUG      dbmgr-1 26716 4000  [2018-04-30 20:15:27 403] - DBInterfaceMysql::attach: connect: localhost:3306 starting...
   DEBUG      dbmgr-1 26716 4000  [2018-04-30 20:15:27 403] - DBInterfaceMysql::attach: connect: localhost:3306 starting...
   DEBUG      dbmgr-1 26716 4000  [2018-04-30 20:15:27 403] - DBInterfaceMysql::attach: connect: localhost:3306 starting...
   DEBUG      dbmgr-1 26716 4000  [2018-04-30 20:15:27 404] - DBInterfaceMysql::attach: successfully! addr: localhost:3306
   DEBUG      dbmgr-1 26716 4000  [2018-04-30 20:15:27 404] - DBThread::onStart(): 0x42dbd0!
   DEBUG      dbmgr-1 26716 4000  [2018-04-30 20:15:27 404] - DBInterfaceMysql::attach: successfully! addr: localhost:3306
   DEBUG      dbmgr-1 26716 4000  [2018-04-30 20:15:27 404] - DBThread::onStart(): 0x42dc58!
   DEBUG      dbmgr-1 26716 4000  [2018-04-30 20:15:27 404] - DBInterfaceMysql::attach: successfully! addr: localhost:3306
   DEBUG      dbmgr-1 26716 4000  [2018-04-30 20:15:27 404] - DBInterfaceMysql::attach: successfully! addr: localhost:3306
   DEBUG      dbmgr-1 26716 4000  [2018-04-30 20:15:27 405] - DBThread::onStart(): 0x42dce0!
   DEBUG      dbmgr-1 26716 4000  [2018-04-30 20:15:27 405] - DBThread::onStart(): 0x42dd68!
   DEBUG      dbmgr-1 26716 4000  [2018-04-30 20:15:27 405] - DBInterfaceMysql::attach: successfully! addr: localhost:3306
   DEBUG      dbmgr-1 26716 4000  [2018-04-30 20:15:27 405] - DBThread::onStart(): 0x42ddf0!
    INFO      dbmgr-1 26716 4000  [2018-04-30 20:15:27 514] - DBInterfaceMysql::query: successfully!
    INFO      dbmgr-1 26716 4000  [2018-04-30 20:15:27 515] - DBInterfaceMysql::query: successfully!
    INFO      dbmgr-1 26716 4000  [2018-04-30 20:15:27 515] - DBInterfaceMysql::query: successfully!
    INFO      dbmgr-1 26716 4000  [2018-04-30 20:15:27 516] - DBInterfaceMysql::query: successfully!
    INFO      dbmgr-1 26716 4000  [2018-04-30 20:15:27 516] - DBInterfaceMysql::query: successfully!
    INFO      dbmgr-1 26716 4000  [2018-04-30 20:15:27 517] - DBInterfaceMysql::query: successfully!
    INFO      dbmgr-1 26716 4000  [2018-04-30 20:15:27 518] - DBInterfaceMysql::query: successfully!
    INFO      dbmgr-1 26716 4000  [2018-04-30 20:15:27 518] - DBInterfaceMysql::query: successfully!
    INFO      dbmgr-1 26716 4000  [2018-04-30 20:15:34 991] - Components::findComponents: find logger(1)...
    INFO      dbmgr-1 26716 4000  [2018-04-30 20:15:35 082] - Components::findComponents: found logger, addr:192.168.0.106:55188
    INFO      dbmgr-1 26716 4000  [2018-04-30 20:15:35 083] - Components::addComponent: reset orderLog, uid=26716!
    INFO      dbmgr-1 26716 4000  [2018-04-30 20:15:35 084] - Components::addComponent[logger], uid=26716, componentID=2000, globalorderid=1, grouporderid=1, totalcount=1
    INFO      dbmgr-1 26716 4000  [2018-04-30 20:15:35 099] - Components::process(): Found all the components!
    INFO      dbmgr-1 26716 4000  [2018-04-30 20:15:37 440] - ServerApp::onRegisterNewApp: uid:26716, username:, componentType:baseappmgr, componentID:5000, globalorderID=-1, grouporderID=-1, intaddr:192.168.0.106, intport:55189, extaddr:nonsupport, extport:0,  from 192.168.0.106:55205/0/0/0.
    INFO      dbmgr-1 26716 4000  [2018-04-30 20:15:37 440] - Components::addComponent: reset orderLog, uid=26716!
    INFO      dbmgr-1 26716 4000  [2018-04-30 20:15:37 440] - Components::addComponent[baseappmgr], uid=26716, componentID=5000, globalorderid=1, grouporderid=1, totalcount=1
    INFO      dbmgr-1 26716 4000  [2018-04-30 20:15:37 840] - ServerApp::onRegisterNewApp: uid:26716, username:, componentType:loginapp, componentID:9000, globalorderID=-1, grouporderID=-1, intaddr:192.168.0.106, intport:55191, extaddr:192.168.0.106, extport:20013,  from 192.168.0.106:55207/0/0/0.
    INFO      dbmgr-1 26716 4000  [2018-04-30 20:15:37 840] - Components::addComponent[loginapp], uid=26716, componentID=9000, globalorderid=2, grouporderid=1, totalcount=1
    INFO      dbmgr-1 26716 4000  [2018-04-30 20:15:38 660] - ServerApp::onRegisterNewApp: uid:26716, username:, componentType:cellappmgr, componentID:6000, globalorderID=-1, grouporderID=-1, intaddr:192.168.0.106, intport:55183, extaddr:nonsupport, extport:0,  from 192.168.0.106:55209/0/0/0.
    INFO      dbmgr-1 26716 4000  [2018-04-30 20:15:38 660] - Components::addComponent[cellappmgr], uid=26716, componentID=6000, globalorderid=3, grouporderid=1, totalcount=1
    INFO      dbmgr-1 26716 4000  [2018-04-30 20:15:39 860] - ServerApp::onRegisterNewApp: uid:26716, username:, componentType:cellapp, componentID:8001, globalorderID=-1, grouporderID=-1, intaddr:192.168.0.106, intport:55185, extaddr:nonsupport, extport:0,  from 192.168.0.106:55211/0/0/0.
    INFO      dbmgr-1 26716 4000  [2018-04-30 20:15:39 860] - Components::addComponent[cellapp], uid=26716, componentID=8001, globalorderid=4, grouporderid=1, totalcount=1
    INFO      dbmgr-1 26768 4000  [2018-04-30 20:15:41 477] - -----------------------------------------------------------------------------------------


    INFO      dbmgr-1 26768 4000  [2018-04-30 20:15:41 478] - Resmgr::initialize: KBE_ROOT=E:/kbengine/
    INFO      dbmgr-1 26768 4000  [2018-04-30 20:15:41 478] - Resmgr::initialize: KBE_RES_PATH=E:/kbengine/kbe/res/;E:/kbengine/assets/;E:/kbengine/assets/scripts/;E:/kbengine/assets/res/
    INFO      dbmgr-1 26768 4000  [2018-04-30 20:15:41 478] - Resmgr::initialize: KBE_BIN_PATH=E:/kbengine/kbe/bin/server/
    INFO      dbmgr-1 26768 4000  [2018-04-30 20:15:41 482] - NetworkInterface::initialize(INTERNAL): bound to all interfaces with default route interface on 192.168.0.106 ( 192.168.0.106:55220 )
    INFO      dbmgr-1 26768 4000  [2018-04-30 20:15:41 482] - NetworkInterface::initialize(INTERNAL): address 192.168.0.106:55220, SOMAXCONN=5.
    INFO      dbmgr-1 26768 4000  [2018-04-30 20:15:41 482] - server-configs:
    INFO      dbmgr-1 26768 4000  [2018-04-30 20:15:41 482] - 	internalAddr : 192.168.0.106:55220
    INFO      dbmgr-1 26768 4000  [2018-04-30 20:15:41 482] - 	componentID : 4000
    INFO      dbmgr-1 26768 4000  [2018-04-30 20:15:42 992] - ---- dbmgr Version: 2.0.0. ScriptVersion: 0.1.0. Protocol: F28F1C37BCC70CD27B77841D4A30E3D7. Config: Debug X86. Built: 15:52:44 Apr 29 2018. AppID: 4000. UID: 26768. PID: 2784 ----
    INFO      dbmgr-1 26768 4000  [2018-04-30 20:15:42 993] - Server : Intel(R) Xeon(R) CPU E3-1230 v3 @ 3.30GHz with 4194303kB RAM
    INFO      dbmgr-1 26768 4000  [2018-04-30 20:15:42 993] - ThreadPool::createThreadPool: creating  threadpool...
    INFO      dbmgr-1 26768 4000  [2018-04-30 20:15:42 994] - ThreadPool::createThreadPool: successfully(2), newThreadCount=1, normalMaxThreadCount=2, maxThreadCount=8
   DEBUG      dbmgr-1 26768 4000  [2018-04-30 20:15:43 137] - Script::install_py_dlls(): PyInit_pyexpat
   DEBUG      dbmgr-1 26768 4000  [2018-04-30 20:15:43 137] - Script::install_py_dlls(): PyInit__socket
   DEBUG      dbmgr-1 26768 4000  [2018-04-30 20:15:43 137] - Script::install_py_dlls(): PyInit__ssl
   DEBUG      dbmgr-1 26768 4000  [2018-04-30 20:15:43 140] - Script::install_py_dlls(): PyInit__hashlib
   DEBUG      dbmgr-1 26768 4000  [2018-04-30 20:15:43 141] - Script::install_py_dlls(): PyInit_select
   DEBUG      dbmgr-1 26768 4000  [2018-04-30 20:15:43 141] - Script::install_py_dlls(): PyInit__ctypes
   DEBUG      dbmgr-1 26768 4000  [2018-04-30 20:15:43 142] - Script::install_py_dlls(): PyInit__elementtree
   DEBUG      dbmgr-1 26768 4000  [2018-04-30 20:15:43 170] - Script::install_py_dlls(): PyInit_unicodedata
    INFO      dbmgr-1 26768 4000  [2018-04-30 20:15:43 197] - Script::install(): is successfully, Python=(3.4.2 (default, Apr 29 2018, 15:52:37) [MSC v.1913 32 bit (Intel)])!
    INFO      dbmgr-1 26768 4000  [2018-04-30 20:15:43 197] - Script::install(): KBExtra is successfully!
    INFO      dbmgr-1 26768 4000  [2018-04-30 20:15:43 200] - Dbmgr::initializeEnd: digest(4A6440D5D05F16276F4BBDE225CBF308)
  S_INFO      dbmgr-1 26768 4000  [2018-04-30 20:15:43 201] - onDBMgrReady: bootstrapGroupIndex=0, bootstrapGlobalIndex=0
    INFO      dbmgr-1 26768 4000  [2018-04-30 20:15:43 201] - TelnetServer server is running on port 32000
    INFO      dbmgr-1 26768 4000  [2018-04-30 20:15:43 201] - Dbmgr::initInterfacesHandler: interfaces addr(127.0.0.1:30099), accountType:(interfaces), chargeType:(interfaces).
 WARNING      dbmgr-1 26768 4000  [2018-04-30 20:15:43 516] - DBUtil::initialize: db(default) password is not encrypted!
please use password(rsa):
6CF0936AE200F135F547E9658EE1A93BB9354F66385BD85B44F0EAF0E441B1FBD6357D6F9ABF06833B5B192912B59BBAEA9E147A526639D905252C6426B0AD52929A188B06666D742273AC2828C8AE9665EA5128370A0017D3180A7856166236637798A1DC52513CBEA082A9DB76420BC8EC16B47F2EFD4925EC3332FF34CE94
   DEBUG      dbmgr-1 26768 4000  [2018-04-30 20:15:43 517] - DBInterfaceMysql::attach: connect: localhost:3306 starting...
   DEBUG      dbmgr-1 26768 4000  [2018-04-30 20:15:43 519] - DBInterfaceMysql::attach: successfully! addr: localhost:3306
    INFO      dbmgr-1 26768 4000  [2018-04-30 20:15:43 519] - DBUtil::createInterface[0x22ee70]: interface=default, dbtype=mysql, ip=localhost, port=3306, currdatabase=kbe, username=kbe, connected=yes.

    INFO      dbmgr-1 26768 4000  [2018-04-30 20:15:43 519] - ThreadPool::createThreadPool: creating  threadpool...
    INFO      dbmgr-1 26768 4000  [2018-04-30 20:15:43 520] - ThreadPool::createThreadPool: successfully(5), newThreadCount=5, normalMaxThreadCount=5, maxThreadCount=5
    INFO      dbmgr-1 26768 4000  [2018-04-30 20:15:43 621] - DBInterfaceMysql::query: successfully!
    INFO      dbmgr-1 26768 4000  [2018-04-30 20:15:43 622] - DBInterfaceMysql::query: successfully!
 WARNING      dbmgr-1 26768 4000  [2018-04-30 20:15:43 673] - e:\kbengine\kbe\src\server\dbmgr\dbmgr.cpp:275: Profile scriptCall took 0.47 seconds
    INFO      dbmgr-1 26768 4000  [2018-04-30 20:15:43 970] - ---- dbmgr is running ----
   DEBUG      dbmgr-1 26768 4000  [2018-04-30 20:15:43 970] - Components::process(): Request for the process of identity...
   DEBUG      dbmgr-1 26768 4000  [2018-04-30 20:15:43 519] - DBInterfaceMysql::attach: connect: localhost:3306 starting...
   DEBUG      dbmgr-1 26768 4000  [2018-04-30 20:15:43 519] - DBInterfaceMysql::attach: connect: localhost:3306 starting...
   DEBUG      dbmgr-1 26768 4000  [2018-04-30 20:15:43 520] - DBInterfaceMysql::attach: connect: localhost:3306 starting...
   DEBUG      dbmgr-1 26768 4000  [2018-04-30 20:15:43 520] - DBInterfaceMysql::attach: connect: localhost:3306 starting...
   DEBUG      dbmgr-1 26768 4000  [2018-04-30 20:15:43 520] - DBInterfaceMysql::attach: connect: localhost:3306 starting...
   DEBUG      dbmgr-1 26768 4000  [2018-04-30 20:15:43 520] - DBInterfaceMysql::attach: successfully! addr: localhost:3306
   DEBUG      dbmgr-1 26768 4000  [2018-04-30 20:15:43 520] - DBThread::onStart(): 0x4b7f10!
   DEBUG      dbmgr-1 26768 4000  [2018-04-30 20:15:43 521] - DBInterfaceMysql::attach: successfully! addr: localhost:3306
   DEBUG      dbmgr-1 26768 4000  [2018-04-30 20:15:43 521] - DBInterfaceMysql::attach: successfully! addr: localhost:3306
   DEBUG      dbmgr-1 26768 4000  [2018-04-30 20:15:43 521] - DBThread::onStart(): 0x4b7f98!
   DEBUG      dbmgr-1 26768 4000  [2018-04-30 20:15:43 521] - DBThread::onStart(): 0x4b8020!
   DEBUG      dbmgr-1 26768 4000  [2018-04-30 20:15:43 521] - DBInterfaceMysql::attach: successfully! addr: localhost:3306
   DEBUG      dbmgr-1 26768 4000  [2018-04-30 20:15:43 522] - DBThread::onStart(): 0x4b80a8!
   DEBUG      dbmgr-1 26768 4000  [2018-04-30 20:15:43 522] - DBInterfaceMysql::attach: successfully! addr: localhost:3306
   DEBUG      dbmgr-1 26768 4000  [2018-04-30 20:15:43 522] - DBThread::onStart(): 0x4b8130!
    INFO      dbmgr-1 26768 4000  [2018-04-30 20:15:43 623] - DBInterfaceMysql::query: successfully!
    INFO      dbmgr-1 26768 4000  [2018-04-30 20:15:43 623] - DBInterfaceMysql::query: successfully!
    INFO      dbmgr-1 26768 4000  [2018-04-30 20:15:43 623] - DBInterfaceMysql::query: successfully!
    INFO      dbmgr-1 26768 4000  [2018-04-30 20:15:43 623] - DBInterfaceMysql::query: successfully!
    INFO      dbmgr-1 26768 4000  [2018-04-30 20:15:43 624] - DBInterfaceMysql::query: successfully!
    INFO      dbmgr-1 26768 4000  [2018-04-30 20:15:43 624] - DBInterfaceMysql::query: successfully!
    INFO      dbmgr-1 26768 4000  [2018-04-30 20:15:43 624] - DBInterfaceMysql::query: successfully!
    INFO      dbmgr-1 26768 4000  [2018-04-30 20:15:43 624] - DBInterfaceMysql::query: successfully!
    INFO      dbmgr-1 26768 4000  [2018-04-30 20:15:51 079] - Components::findComponents: find logger(1)...
    INFO      dbmgr-1 26768 4000  [2018-04-30 20:15:51 102] - Components::findComponents: found logger, addr:192.168.0.106:55219
    INFO      dbmgr-1 26768 4000  [2018-04-30 20:15:51 102] - Components::addComponent: reset orderLog, uid=26768!
    INFO      dbmgr-1 26768 4000  [2018-04-30 20:15:51 102] - Components::addComponent[logger], uid=26768, componentID=2000, globalorderid=1, grouporderid=1, totalcount=1
    INFO      dbmgr-1 26768 4000  [2018-04-30 20:15:51 141] - Components::process(): Found all the components!
    INFO      dbmgr-1 26768 4000  [2018-04-30 20:15:54 661] - ServerApp::onRegisterNewApp: uid:26768, username:, componentType:baseappmgr, componentID:5000, globalorderID=-1, grouporderID=-1, intaddr:192.168.0.106, intport:55215, extaddr:nonsupport, extport:0,  from 192.168.0.106:55237/0/0/0.
    INFO      dbmgr-1 26768 4000  [2018-04-30 20:15:54 661] - Components::addComponent: reset orderLog, uid=26768!
    INFO      dbmgr-1 26768 4000  [2018-04-30 20:15:54 661] - Components::addComponent[baseappmgr], uid=26768, componentID=5000, globalorderid=1, grouporderid=1, totalcount=1
    INFO      dbmgr-1 26768 4000  [2018-04-30 20:15:55 181] - ServerApp::onRegisterNewApp: uid:26768, username:, componentType:loginapp, componentID:9000, globalorderID=-1, grouporderID=-1, intaddr:192.168.0.106, intport:55221, extaddr:192.168.0.106, extport:20013,  from 192.168.0.106:55239/0/0/0.
    INFO      dbmgr-1 26768 4000  [2018-04-30 20:15:55 181] - Components::addComponent[loginapp], uid=26768, componentID=9000, globalorderid=2, grouporderid=1, totalcount=1
    INFO      dbmgr-1 26768 4000  [2018-04-30 20:15:55 481] - ServerApp::onRegisterNewApp: uid:26768, username:, componentType:cellappmgr, componentID:6000, globalorderID=-1, grouporderID=-1, intaddr:192.168.0.106, intport:55222, extaddr:nonsupport, extport:0,  from 192.168.0.106:55241/0/0/0.
    INFO      dbmgr-1 26768 4000  [2018-04-30 20:15:55 481] - Components::addComponent[cellappmgr], uid=26768, componentID=6000, globalorderid=3, grouporderid=1, totalcount=1
    INFO      dbmgr-1 26768 4000  [2018-04-30 20:15:56 001] - ServerApp::onRegisterNewApp: uid:26768, username:, componentType:cellapp, componentID:8001, globalorderID=-1, grouporderID=-1, intaddr:192.168.0.106, intport:55223, extaddr:nonsupport, extport:0,  from 192.168.0.106:55243/0/0/0.
    INFO      dbmgr-1 26768 4000  [2018-04-30 20:15:56 001] - Components::addComponent[cellapp], uid=26768, componentID=8001, globalorderid=4, grouporderid=1, totalcount=1
    INFO      dbmgr-1 26768 4000  [2018-04-30 20:15:57 361] - ServerApp::onRegisterNewApp: uid:26768, username:, componentType:baseapp, componentID:7001, globalorderID=-1, grouporderID=-1, intaddr:192.168.0.106, intport:55218, extaddr:192.168.0.106, extport:20015,  from 192.168.0.106:55246/0/0/0.
    INFO      dbmgr-1 26768 4000  [2018-04-30 20:15:57 361] - Components::addComponent[baseapp], uid=26768, componentID=7001, globalorderid=5, grouporderid=1, totalcount=1
    INFO      dbmgr-1 26768 4000  [2018-04-30 20:16:00 380] - IDServer::allocRange: 1-2001.
    INFO      dbmgr-1 26768 4000  [2018-04-30 20:16:00 380] - IDServer::allocRange: 2001-4001.
   DEBUG      dbmgr-1 26768 4000  [2018-04-30 20:16:00 380] - SyncAppDatasHandler::~SyncAppDatasHandler()
   DEBUG      dbmgr-1 26768 4000  [2018-04-30 21:15:43 730] - Dbmgr::DBTaskServerLog()
   DEBUG      dbmgr-1 26768 4000  [2018-04-30 22:15:43 739] - Dbmgr::DBTaskServerLog()
 WARNING      dbmgr-1 26768 4000  [2018-04-30 22:46:54 878] - TCPPacketReceiver::processPendingEvents(192.168.0.106:55239): Throwing REASON_GENERAL_NETWORK - WSAECONNRESET
   ERROR      dbmgr-1 26768 4000  [2018-04-30 22:46:54 901] - Components::removeComponentByChannel: loginapp : 9000, Abnormal exit! errorno=10054
