    INFO      dbmgr-1 22461 4000  [2018-11-11 00:18:06 756] - -----------------------------------------------------------------------------------------


    INFO      dbmgr-1 22461 4000  [2018-11-11 00:18:08 105] - Resmgr::initialize: KBE_ROOT=E:/kbengine/
    INFO      dbmgr-1 22461 4000  [2018-11-11 00:18:08 105] - Resmgr::initialize: KBE_RES_PATH=E:/kbengine/kbe/res/;E:/kbengine/assets/;E:/kbengine/assets/scripts/;E:/kbengine/assets/res/
    INFO      dbmgr-1 22461 4000  [2018-11-11 00:18:08 105] - Resmgr::initialize: KBE_BIN_PATH=E:/kbengine/kbe/bin/server/
    INFO      dbmgr-1 22461 4000  [2018-11-11 00:18:08 658] - NetworkInterface::initialize(INTERNAL): bound to all interfaces with default route interface on 192.168.0.107 ( 192.168.0.107:50715 )
    INFO      dbmgr-1 22461 4000  [2018-11-11 00:18:08 659] - NetworkInterface::initialize(INTERNAL): address 192.168.0.107:50715, SOMAXCONN=5.
    INFO      dbmgr-1 22461 4000  [2018-11-11 00:18:08 666] - server-configs:
    INFO      dbmgr-1 22461 4000  [2018-11-11 00:18:08 666] - 	internalAddr : 192.168.0.107:50715
    INFO      dbmgr-1 22461 4000  [2018-11-11 00:18:08 666] - 	componentID : 4000
    INFO      dbmgr-1 22461 4000  [2018-11-11 00:18:10 414] - ---- dbmgr Version: 2.0.0. ScriptVersion: 0.1.0. Protocol: F28F1C37BCC70CD27B77841D4A30E3D7. Config: Debug X86. Built: 15:52:44 Apr 29 2018. AppID: 4000. UID: 22461. PID: 8236 ----
    INFO      dbmgr-1 22461 4000  [2018-11-11 00:18:10 414] - Server : Intel(R) Xeon(R) CPU E3-1230 v3 @ 3.30GHz with 4194303kB RAM
    INFO      dbmgr-1 22461 4000  [2018-11-11 00:18:10 422] - ThreadPool::createThreadPool: creating  threadpool...
    INFO      dbmgr-1 22461 4000  [2018-11-11 00:18:10 423] - ThreadPool::createThreadPool: successfully(2), newThreadCount=1, normalMaxThreadCount=2, maxThreadCount=8
   DEBUG      dbmgr-1 22461 4000  [2018-11-11 00:18:13 869] - Script::install_py_dlls(): PyInit_pyexpat
   DEBUG      dbmgr-1 22461 4000  [2018-11-11 00:18:13 894] - Script::install_py_dlls(): PyInit__socket
   DEBUG      dbmgr-1 22461 4000  [2018-11-11 00:18:13 950] - Script::install_py_dlls(): PyInit__ssl
   DEBUG      dbmgr-1 22461 4000  [2018-11-11 00:18:14 637] - Script::install_py_dlls(): PyInit__hashlib
   DEBUG      dbmgr-1 22461 4000  [2018-11-11 00:18:14 734] - Script::install_py_dlls(): PyInit_select
   DEBUG      dbmgr-1 22461 4000  [2018-11-11 00:18:14 814] - Script::install_py_dlls(): PyInit__ctypes
   DEBUG      dbmgr-1 22461 4000  [2018-11-11 00:18:14 848] - Script::install_py_dlls(): PyInit__elementtree
   DEBUG      dbmgr-1 22461 4000  [2018-11-11 00:18:15 414] - Script::install_py_dlls(): PyInit_unicodedata
    INFO      dbmgr-1 22461 4000  [2018-11-11 00:18:16 056] - Script::install(): is successfully, Python=(3.4.2 (default, Apr 29 2018, 15:52:37) [MSC v.1913 32 bit (Intel)])!
    INFO      dbmgr-1 22461 4000  [2018-11-11 00:18:16 057] - Script::install(): KBExtra is successfully!
    INFO      dbmgr-1 22461 4000  [2018-11-11 00:18:17 935] - Dbmgr::initializeEnd: digest(7F4FC8296AD553545CD95B23EFF6238F)
  S_INFO      dbmgr-1 22461 4000  [2018-11-11 00:18:17 936] - onDBMgrReady: bootstrapGroupIndex=0, bootstrapGlobalIndex=0
    INFO      dbmgr-1 22461 4000  [2018-11-11 00:18:17 977] - TelnetServer server is running on port 32000
    INFO      dbmgr-1 22461 4000  [2018-11-11 00:18:18 046] - Dbmgr::initInterfacesHandler: interfaces addr(127.0.0.1:30099), accountType:(interfaces), chargeType:(interfaces).
 WARNING      dbmgr-1 22461 4000  [2018-11-11 00:18:18 562] - DBUtil::initialize: db(default) password is not encrypted!
please use password(rsa):
BB520F78BA4465EA0057E058A89C952C5FB3DF06AB78C76A5B57B02425CF8AC6F0C8DD659B2C8399A8888BBE2257558D48B201DAFB3E1F557F0BCD22CF674F651D74B552A29A87D04A65E9C3F4563A3A01D53E2BCAB8395BAAB1A7C1E18BBF69E2EE3E5B771542B86A07A1D4E053A21FB2E3243C0BB4892D38E4F79E4DC7FA53
   DEBUG      dbmgr-1 22461 4000  [2018-11-11 00:18:21 296] - DBInterfaceMysql::attach: connect: localhost:3306 starting...
   DEBUG      dbmgr-1 22461 4000  [2018-11-11 00:18:22 874] - DBInterfaceMysql::attach: successfully! addr: localhost:3306
    INFO      dbmgr-1 22461 4000  [2018-11-11 00:18:22 874] - DBUtil::createInterface[0x19f0b0]: interface=default, dbtype=mysql, ip=localhost, port=3306, currdatabase=kbe, username=kbe, connected=yes.

    INFO      dbmgr-1 22461 4000  [2018-11-11 00:18:23 167] - ThreadPool::createThreadPool: creating  threadpool...
    INFO      dbmgr-1 22461 4000  [2018-11-11 00:18:23 171] - ThreadPool::createThreadPool: successfully(5), newThreadCount=5, normalMaxThreadCount=5, maxThreadCount=5
    INFO      dbmgr-1 22461 4000  [2018-11-11 00:18:23 823] - DBInterfaceMysql::query: successfully!
    INFO      dbmgr-1 22461 4000  [2018-11-11 00:18:23 827] - DBInterfaceMysql::query: successfully!
 WARNING      dbmgr-1 22461 4000  [2018-11-11 00:18:25 398] - e:\kbengine\kbe\src\server\dbmgr\dbmgr.cpp:275: Profile scriptCall took 7.46 seconds
    INFO      dbmgr-1 22461 4000  [2018-11-11 00:18:25 879] - ---- dbmgr is running ----
   DEBUG      dbmgr-1 22461 4000  [2018-11-11 00:18:25 880] - Components::process(): Request for the process of identity...
   DEBUG      dbmgr-1 22461 4000  [2018-11-11 00:18:23 168] - DBInterfaceMysql::attach: connect: localhost:3306 starting...
   DEBUG      dbmgr-1 22461 4000  [2018-11-11 00:18:23 169] - DBInterfaceMysql::attach: connect: localhost:3306 starting...
   DEBUG      dbmgr-1 22461 4000  [2018-11-11 00:18:23 169] - DBInterfaceMysql::attach: connect: localhost:3306 starting...
   DEBUG      dbmgr-1 22461 4000  [2018-11-11 00:18:23 170] - DBInterfaceMysql::attach: connect: localhost:3306 starting...
   DEBUG      dbmgr-1 22461 4000  [2018-11-11 00:18:23 171] - DBInterfaceMysql::attach: connect: localhost:3306 starting...
   DEBUG      dbmgr-1 22461 4000  [2018-11-11 00:18:23 173] - DBInterfaceMysql::attach: successfully! addr: localhost:3306
   DEBUG      dbmgr-1 22461 4000  [2018-11-11 00:18:23 173] - DBThread::onStart(): 0x1cc62a8!
   DEBUG      dbmgr-1 22461 4000  [2018-11-11 00:18:23 173] - DBInterfaceMysql::attach: successfully! addr: localhost:3306
   DEBUG      dbmgr-1 22461 4000  [2018-11-11 00:18:23 173] - DBThread::onStart(): 0x1cc6330!
   DEBUG      dbmgr-1 22461 4000  [2018-11-11 00:18:23 174] - DBInterfaceMysql::attach: successfully! addr: localhost:3306
   DEBUG      dbmgr-1 22461 4000  [2018-11-11 00:18:23 174] - DBThread::onStart(): 0x1cc63b8!
   DEBUG      dbmgr-1 22461 4000  [2018-11-11 00:18:23 174] - DBInterfaceMysql::attach: successfully! addr: localhost:3306
   DEBUG      dbmgr-1 22461 4000  [2018-11-11 00:18:23 175] - DBThread::onStart(): 0x1cc6220!
   DEBUG      dbmgr-1 22461 4000  [2018-11-11 00:18:23 175] - DBInterfaceMysql::attach: successfully! addr: localhost:3306
   DEBUG      dbmgr-1 22461 4000  [2018-11-11 00:18:23 175] - DBThread::onStart(): 0x1cc6440!
    INFO      dbmgr-1 22461 4000  [2018-11-11 00:18:24 221] - DBInterfaceMysql::query: successfully!
    INFO      dbmgr-1 22461 4000  [2018-11-11 00:18:24 221] - DBInterfaceMysql::query: successfully!
    INFO      dbmgr-1 22461 4000  [2018-11-11 00:18:24 221] - DBInterfaceMysql::query: successfully!
 WARNING      dbmgr-1 22461 4000  [2018-11-11 00:18:24 247] - DBTask::process(): took 0.39 seconds
sql:(CREATE TABLE IF NOT EXISTS kbe_accountinfos (`accountName` varchar(128) not null, PRIMARY KEY idKey (`accountName`),`password` varchar(255),`bindata` blob,`email` varchar(191) not null, UNIQUE KEY `email` (`email`),`entityDBID` bigint(20) unsigned not null DEFAULT 0, UNIQUE KEY `entityDBID` (`entityDBID`),`flags` int unsigned not null DEFAULT 0,`deadline` bigint(20) not null DEFAULT 0,`regtime` bigint(20) not null DEFAULT 0,`lasttime` bigint(20) not null DEFAULT 0,`numlogin` int unsigned not null DEFAULT 0)ENGINE=InnoDB)
    INFO      dbmgr-1 22461 4000  [2018-11-11 00:18:24 255] - DBInterfaceMysql::query: successfully!
 WARNING      dbmgr-1 22461 4000  [2018-11-11 00:18:24 303] - DBTask::process(): took 0.47 seconds
sql:(show index from tbl_CheckName)
    INFO      dbmgr-1 22461 4000  [2018-11-11 00:18:24 614] - DBInterfaceMysql::query: successfully!
    INFO      dbmgr-1 22461 4000  [2018-11-11 00:18:24 615] - DBInterfaceMysql::query: successfully!
    INFO      dbmgr-1 22461 4000  [2018-11-11 00:18:24 615] - DBInterfaceMysql::query: successfully!
 WARNING      dbmgr-1 22461 4000  [2018-11-11 00:18:24 615] - DBTask::process(): took 0.79 seconds
sql:(delete from kbe_email_verification where logtime<1541863104 and type=3)
 WARNING      dbmgr-1 22461 4000  [2018-11-11 00:18:24 617] - DBTask::process(): took 0.37 seconds
sql:(show index from tbl_Account)
 WARNING      dbmgr-1 22461 4000  [2018-11-11 00:18:24 707] - DBTask::process(): took 0.88 seconds
sql:(insert into kbe_serverlog (heartbeatTime, logger) values(1541866704,4000) ON DUPLICATE KEY UPDATE heartbeatTime=1541866704)
    INFO      dbmgr-1 22461 4000  [2018-11-11 00:18:24 799] - DBInterfaceMysql::query: successfully!
 WARNING      dbmgr-1 22461 4000  [2018-11-11 00:18:24 799] - DBTask::process(): took 0.97 seconds
sql:(delete from kbe_entitylog where logger in (4000))
 WARNING      dbmgr-1 22461 4000  [2018-11-11 00:18:25 377] - DBTask::process(): took 1.07 seconds
sql:(show index from tbl_Halls)
 WARNING      dbmgr-1 22461 4000  [2018-11-11 00:18:25 378] - DBTask::process(): took 0.76 seconds
sql:(show index from tbl_Room)
    INFO      dbmgr-1 22461 4000  [2018-11-11 00:18:32 280] - ServerApp::onRegisterNewApp: uid:22461, username:, componentType:baseappmgr, componentID:5000, globalorderID=-1, grouporderID=-1, intaddr:192.168.0.107, intport:50716, extaddr:nonsupport, extport:0,  from 192.168.0.107:50734/0/0/0.
    INFO      dbmgr-1 22461 4000  [2018-11-11 00:18:32 281] - Components::addComponent: reset orderLog, uid=22461!
    INFO      dbmgr-1 22461 4000  [2018-11-11 00:18:32 281] - Components::addComponent[baseappmgr], uid=22461, componentID=5000, globalorderid=1, grouporderid=1, totalcount=1
    INFO      dbmgr-1 22461 4000  [2018-11-11 00:18:32 283] - ServerApp::onRegisterNewApp: uid:22461, username:, componentType:cellappmgr, componentID:6000, globalorderID=-1, grouporderID=-1, intaddr:192.168.0.107, intport:50714, extaddr:nonsupport, extport:0,  from 192.168.0.107:50736/0/0/0.
    INFO      dbmgr-1 22461 4000  [2018-11-11 00:18:32 283] - Components::addComponent[cellappmgr], uid=22461, componentID=6000, globalorderid=2, grouporderid=1, totalcount=1
    INFO      dbmgr-1 22461 4000  [2018-11-11 00:18:33 221] - Components::findComponents: find logger(1)...
    INFO      dbmgr-1 22461 4000  [2018-11-11 00:18:33 303] - Components::findComponents: found logger, addr:192.168.0.107:50713
    INFO      dbmgr-1 22461 4000  [2018-11-11 00:18:33 304] - Components::addComponent[logger], uid=22461, componentID=2000, globalorderid=3, grouporderid=1, totalcount=1
    INFO      dbmgr-1 22461 4000  [2018-11-11 00:18:33 395] - Components::process(): Found all the components!
    INFO      dbmgr-1 22461 4000  [2018-11-11 00:18:40 855] - ServerApp::onRegisterNewApp: uid:22461, username:, componentType:loginapp, componentID:9000, globalorderID=-1, grouporderID=-1, intaddr:192.168.0.107, intport:50720, extaddr:192.168.0.107, extport:20013,  from 192.168.0.107:50741/0/0/0.
    INFO      dbmgr-1 22461 4000  [2018-11-11 00:18:40 855] - Components::addComponent[loginapp], uid=22461, componentID=9000, globalorderid=4, grouporderid=1, totalcount=1
   DEBUG      dbmgr-1 22461 4000  [2018-11-11 00:18:43 885] - SyncAppDatasHandler::~SyncAppDatasHandler()
    INFO      dbmgr-1 22461 4000  [2018-11-11 00:18:44 915] - ServerApp::onRegisterNewApp: uid:22461, username:, componentType:cellapp, componentID:8001, globalorderID=-1, grouporderID=-1, intaddr:192.168.0.107, intport:50724, extaddr:nonsupport, extport:0,  from 192.168.0.107:50743/0/0/0.
    INFO      dbmgr-1 22461 4000  [2018-11-11 00:18:44 915] - Components::addComponent[cellapp], uid=22461, componentID=8001, globalorderid=5, grouporderid=1, totalcount=1
    INFO      dbmgr-1 22461 4000  [2018-11-11 00:18:47 920] - IDServer::allocRange: 1-2001.
   DEBUG      dbmgr-1 22461 4000  [2018-11-11 00:18:47 920] - SyncAppDatasHandler::~SyncAppDatasHandler()
    INFO      dbmgr-1 22461 4000  [2018-11-11 00:18:51 835] - ServerApp::onRegisterNewApp: uid:22461, username:, componentType:baseapp, componentID:7001, globalorderID=-1, grouporderID=-1, intaddr:192.168.0.107, intport:50738, extaddr:192.168.0.107, extport:20015,  from 192.168.0.107:50746/0/0/0.
    INFO      dbmgr-1 22461 4000  [2018-11-11 00:18:51 835] - Components::addComponent[baseapp], uid=22461, componentID=7001, globalorderid=6, grouporderid=1, totalcount=1
    INFO      dbmgr-1 22461 4000  [2018-11-11 00:18:54 855] - IDServer::allocRange: 2001-4001.
   DEBUG      dbmgr-1 22461 4000  [2018-11-11 00:18:54 855] - SyncAppDatasHandler::~SyncAppDatasHandler()
    INFO      dbmgr-1 22461 4000  [2018-11-11 00:18:56 775] - GlobalDataServer::broadcastDataChanged: writer(baseapp, addr=192.168.0.107:50746/0/0/0), keySize=11, valSize=52, isDelete=0
   DEBUG      dbmgr-1 22461 4000  [2018-11-11 01:18:25 444] - Dbmgr::DBTaskServerLog()
   DEBUG      dbmgr-1 22461 4000  [2018-11-11 02:18:25 392] - Dbmgr::DBTaskServerLog()
   DEBUG      dbmgr-1 22461 4000  [2018-11-11 03:18:25 361] - Dbmgr::DBTaskServerLog()
   DEBUG      dbmgr-1 22461 4000  [2018-11-11 04:18:25 330] - Dbmgr::DBTaskServerLog()
   DEBUG      dbmgr-1 22461 4000  [2018-11-11 05:18:25 299] - Dbmgr::DBTaskServerLog()
   DEBUG      dbmgr-1 22461 4000  [2018-11-11 06:18:25 267] - Dbmgr::DBTaskServerLog()
   DEBUG      dbmgr-1 22461 4000  [2018-11-11 07:18:25 236] - Dbmgr::DBTaskServerLog()
   DEBUG      dbmgr-1 22461 4000  [2018-11-11 08:18:25 204] - Dbmgr::DBTaskServerLog()
   DEBUG      dbmgr-1 22461 4000  [2018-11-11 09:18:25 172] - Dbmgr::DBTaskServerLog()
   DEBUG      dbmgr-1 22461 4000  [2018-11-11 10:18:25 141] - Dbmgr::DBTaskServerLog()
   DEBUG      dbmgr-1 22461 4000  [2018-11-11 11:18:25 110] - Dbmgr::DBTaskServerLog()
   DEBUG      dbmgr-1 22461 4000  [2018-11-11 12:18:25 078] - Dbmgr::DBTaskServerLog()
   DEBUG      dbmgr-1 22461 4000  [2018-11-11 13:18:25 047] - Dbmgr::DBTaskServerLog()
   DEBUG      dbmgr-1 22461 4000  [2018-11-11 14:18:25 016] - Dbmgr::DBTaskServerLog()
   DEBUG      dbmgr-1 22461 4000  [2018-11-11 15:18:25 005] - Dbmgr::DBTaskServerLog()
   DEBUG      dbmgr-1 22461 4000  [2018-11-11 16:18:24 953] - Dbmgr::DBTaskServerLog()
   DEBUG      dbmgr-1 22461 4000  [2018-11-11 16:55:09 654] - Dbmgr::onAccountLogin:loginName=1, accountName=1, success=6, componentID=0, entityID=0, dbid=0, flags=0, deadline=0.
   DEBUG      dbmgr-1 22461 4000  [2018-11-11 16:55:30 454] - Dbmgr::onAccountLogin:loginName=1, accountName=1, success=0, componentID=0, entityID=0, dbid=3, flags=0, deadline=0.
   DEBUG      dbmgr-1 22461 4000  [2018-11-11 16:55:32 373] - Dbmgr::queryAccount: 1, success=1, flags=0, deadline=0.
    INFO      dbmgr-1 22461 4000  [2018-11-11 16:55:44 894] - GlobalDataServer::broadcastDataChanged: writer(cellapp, addr=192.168.0.107:50743/0/0/0), keySize=12, valSize=52, isDelete=0
   DEBUG      dbmgr-1 22461 4000  [2018-11-11 17:03:38 329] - Dbmgr::writeEntity: Account(3).
   DEBUG      dbmgr-1 22461 4000  [2018-11-11 17:08:38 466] - Dbmgr::writeEntity: Account(3).
 WARNING      dbmgr-1 22461 4000  [2018-11-11 17:08:38 463] - DBTransaction::commit(): took 0.24 seconds
   DEBUG      dbmgr-1 22461 4000  [2018-11-11 17:13:38 264] - Dbmgr::writeEntity: Account(3).
   DEBUG      dbmgr-1 22461 4000  [2018-11-11 17:18:24 921] - Dbmgr::DBTaskServerLog()
   DEBUG      dbmgr-1 22461 4000  [2018-11-11 17:18:38 281] - Dbmgr::writeEntity: Account(3).
   DEBUG      dbmgr-1 22461 4000  [2018-11-11 17:23:38 278] - Dbmgr::writeEntity: Account(3).
   DEBUG      dbmgr-1 22461 4000  [2018-11-11 17:28:38 276] - Dbmgr::writeEntity: Account(3).
   DEBUG      dbmgr-1 22461 4000  [2018-11-11 17:33:38 273] - Dbmgr::writeEntity: Account(3).
   DEBUG      dbmgr-1 22461 4000  [2018-11-11 17:38:38 271] - Dbmgr::writeEntity: Account(3).
   DEBUG      dbmgr-1 22461 4000  [2018-11-11 17:43:38 268] - Dbmgr::writeEntity: Account(3).
   DEBUG      dbmgr-1 22461 4000  [2018-11-11 17:48:38 265] - Dbmgr::writeEntity: Account(3).
   DEBUG      dbmgr-1 22461 4000  [2018-11-11 17:53:38 263] - Dbmgr::writeEntity: Account(3).
   DEBUG      dbmgr-1 22461 4000  [2018-11-11 17:58:38 260] - Dbmgr::writeEntity: Account(3).
   DEBUG      dbmgr-1 22461 4000  [2018-11-11 18:03:38 258] - Dbmgr::writeEntity: Account(3).
   DEBUG      dbmgr-1 22461 4000  [2018-11-11 18:08:38 255] - Dbmgr::writeEntity: Account(3).
   DEBUG      dbmgr-1 22461 4000  [2018-11-11 18:13:38 252] - Dbmgr::writeEntity: Account(3).
   DEBUG      dbmgr-1 22461 4000  [2018-11-11 18:18:24 910] - Dbmgr::DBTaskServerLog()
   DEBUG      dbmgr-1 22461 4000  [2018-11-11 18:18:38 269] - Dbmgr::writeEntity: Account(3).
   DEBUG      dbmgr-1 22461 4000  [2018-11-11 18:23:38 247] - Dbmgr::writeEntity: Account(3).
   DEBUG      dbmgr-1 22461 4000  [2018-11-11 18:28:38 264] - Dbmgr::writeEntity: Account(3).
   DEBUG      dbmgr-1 22461 4000  [2018-11-11 18:33:38 262] - Dbmgr::writeEntity: Account(3).
   DEBUG      dbmgr-1 22461 4000  [2018-11-11 18:38:38 279] - Dbmgr::writeEntity: Account(3).
   DEBUG      dbmgr-1 22461 4000  [2018-11-11 18:43:38 256] - Dbmgr::writeEntity: Account(3).
   DEBUG      dbmgr-1 22461 4000  [2018-11-11 18:48:38 254] - Dbmgr::writeEntity: Account(3).
   DEBUG      dbmgr-1 22461 4000  [2018-11-11 18:53:38 251] - Dbmgr::writeEntity: Account(3).
   DEBUG      dbmgr-1 22461 4000  [2018-11-11 18:58:38 249] - Dbmgr::writeEntity: Account(3).
   DEBUG      dbmgr-1 22461 4000  [2018-11-11 19:03:38 246] - Dbmgr::writeEntity: Account(3).
   DEBUG      dbmgr-1 22461 4000  [2018-11-11 19:08:38 263] - Dbmgr::writeEntity: Account(3).
   DEBUG      dbmgr-1 22461 4000  [2018-11-11 19:13:38 241] - Dbmgr::writeEntity: Account(3).
   DEBUG      dbmgr-1 22461 4000  [2018-11-11 19:18:24 878] - Dbmgr::DBTaskServerLog()
   DEBUG      dbmgr-1 22461 4000  [2018-11-11 19:18:38 258] - Dbmgr::writeEntity: Account(3).
   DEBUG      dbmgr-1 22461 4000  [2018-11-11 19:23:38 255] - Dbmgr::writeEntity: Account(3).
   DEBUG      dbmgr-1 22461 4000  [2018-11-11 19:28:38 273] - Dbmgr::writeEntity: Account(3).
   DEBUG      dbmgr-1 22461 4000  [2018-11-11 19:33:38 250] - Dbmgr::writeEntity: Account(3).
   DEBUG      dbmgr-1 22461 4000  [2018-11-11 19:38:38 348] - Dbmgr::writeEntity: Account(3).
   DEBUG      dbmgr-1 22461 4000  [2018-11-11 19:43:38 245] - Dbmgr::writeEntity: Account(3).
   DEBUG      dbmgr-1 22461 4000  [2018-11-11 19:48:38 242] - Dbmgr::writeEntity: Account(3).
   DEBUG      dbmgr-1 22461 4000  [2018-11-11 19:51:47 781] - Dbmgr::onAccountLogin:loginName=1, accountName=1, success=10, componentID=7001, entityID=2002, dbid=3, flags=0, deadline=0.
   DEBUG      dbmgr-1 22461 4000  [2018-11-11 19:51:50 481] - Dbmgr::onAccountLogin:loginName=2, accountName=2, success=0, componentID=0, entityID=0, dbid=6, flags=0, deadline=0.
   DEBUG      dbmgr-1 22461 4000  [2018-11-11 19:51:53 460] - Dbmgr::queryAccount: 2, success=1, flags=0, deadline=0.
   DEBUG      dbmgr-1 22461 4000  [2018-11-11 19:53:38 260] - Dbmgr::writeEntity: Account(3).
   DEBUG      dbmgr-1 22461 4000  [2018-11-11 19:56:08 258] - Dbmgr::writeEntity: Account(3).
   DEBUG      dbmgr-1 22461 4000  [2018-11-11 19:58:12 157] - Dbmgr::onAccountLogin:loginName=1, accountName=1, success=10, componentID=7001, entityID=2002, dbid=3, flags=0, deadline=0.
   DEBUG      dbmgr-1 22461 4000  [2018-11-11 19:58:38 277] - Dbmgr::writeEntity: Account(6).
   DEBUG      dbmgr-1 22461 4000  [2018-11-11 19:59:20 457] - Dbmgr::onAccountLogin:loginName=1, accountName=1, success=10, componentID=7001, entityID=2002, dbid=3, flags=0, deadline=0.
   DEBUG      dbmgr-1 22461 4000  [2018-11-11 20:00:36 756] - Dbmgr::onAccountLogin:loginName=1, accountName=1, success=10, componentID=7001, entityID=2002, dbid=3, flags=0, deadline=0.
   DEBUG      dbmgr-1 22461 4000  [2018-11-11 20:01:08 256] - Dbmgr::writeEntity: Account(3).
   DEBUG      dbmgr-1 22461 4000  [2018-11-11 20:03:02 255] - Dbmgr::onAccountLogin:loginName=1, accountName=1, success=10, componentID=7001, entityID=2002, dbid=3, flags=0, deadline=0.
   DEBUG      dbmgr-1 22461 4000  [2018-11-11 20:03:38 254] - Dbmgr::writeEntity: Account(6).
   DEBUG      dbmgr-1 22461 4000  [2018-11-11 20:05:19 153] - Dbmgr::onAccountLogin:loginName=2, accountName=2, success=10, componentID=7001, entityID=2004, dbid=6, flags=0, deadline=0.
   DEBUG      dbmgr-1 22461 4000  [2018-11-11 20:06:08 293] - Dbmgr::writeEntity: Account(6).
   DEBUG      dbmgr-1 22461 4000  [2018-11-11 20:08:34 392] - Dbmgr::onAccountLogin:loginName=1, accountName=1, success=10, componentID=7001, entityID=2002, dbid=3, flags=0, deadline=0.
   DEBUG      dbmgr-1 22461 4000  [2018-11-11 20:08:38 232] - Dbmgr::writeEntity: Account(3).
   DEBUG      dbmgr-1 22461 4000  [2018-11-11 20:09:36 291] - Dbmgr::onAccountLogin:loginName=1, accountName=1, success=10, componentID=7001, entityID=2002, dbid=3, flags=0, deadline=0.
   DEBUG      dbmgr-1 22461 4000  [2018-11-11 20:10:10 691] - Dbmgr::onAccountLogin:loginName=2, accountName=2, success=10, componentID=7001, entityID=2004, dbid=6, flags=0, deadline=0.
   DEBUG      dbmgr-1 22461 4000  [2018-11-11 20:11:08 251] - Dbmgr::writeEntity: Account(3).
   DEBUG      dbmgr-1 22461 4000  [2018-11-11 20:13:38 249] - Dbmgr::writeEntity: Account(6).
   DEBUG      dbmgr-1 22461 4000  [2018-11-11 20:16:08 248] - Dbmgr::writeEntity: Account(6).
   DEBUG      dbmgr-1 22461 4000  [2018-11-11 20:18:06 967] - Dbmgr::onAccountLogin:loginName=2, accountName=2, success=10, componentID=7001, entityID=2004, dbid=6, flags=0, deadline=0.
   DEBUG      dbmgr-1 22461 4000  [2018-11-11 20:18:20 987] - Dbmgr::onAccountLogin:loginName=2, accountName=2, success=10, componentID=7001, entityID=2004, dbid=6, flags=0, deadline=0.
   DEBUG      dbmgr-1 22461 4000  [2018-11-11 20:18:24 847] - Dbmgr::DBTaskServerLog()
   DEBUG      dbmgr-1 22461 4000  [2018-11-11 20:18:38 247] - Dbmgr::writeEntity: Account(3).
   DEBUG      dbmgr-1 22461 4000  [2018-11-11 20:19:05 286] - Dbmgr::onAccountLogin:loginName=1, accountName=1, success=10, componentID=7001, entityID=2002, dbid=3, flags=0, deadline=0.
   DEBUG      dbmgr-1 22461 4000  [2018-11-11 20:21:08 225] - Dbmgr::writeEntity: Account(3).
   DEBUG      dbmgr-1 22461 4000  [2018-11-11 20:23:38 244] - Dbmgr::writeEntity: Account(6).
   DEBUG      dbmgr-1 22461 4000  [2018-11-11 20:25:40 663] - Dbmgr::onAccountLogin:loginName=2, accountName=2, success=10, componentID=7001, entityID=2004, dbid=6, flags=0, deadline=0.
   DEBUG      dbmgr-1 22461 4000  [2018-11-11 20:25:51 983] - Dbmgr::onAccountLogin:loginName=2, accountName=2, success=10, componentID=7001, entityID=2004, dbid=6, flags=0, deadline=0.
   DEBUG      dbmgr-1 22461 4000  [2018-11-11 20:26:08 242] - Dbmgr::writeEntity: Account(3).
   DEBUG      dbmgr-1 22461 4000  [2018-11-11 20:28:38 241] - Dbmgr::writeEntity: Account(6).
   DEBUG      dbmgr-1 22461 4000  [2018-11-11 20:31:08 260] - Dbmgr::writeEntity: Account(6).
   DEBUG      dbmgr-1 22461 4000  [2018-11-11 20:33:38 239] - Dbmgr::writeEntity: Account(3).
   DEBUG      dbmgr-1 22461 4000  [2018-11-11 20:36:08 257] - Dbmgr::writeEntity: Account(3).
   DEBUG      dbmgr-1 22461 4000  [2018-11-11 20:38:38 236] - Dbmgr::writeEntity: Account(6).
   DEBUG      dbmgr-1 22461 4000  [2018-11-11 20:41:08 295] - Dbmgr::writeEntity: Account(6).
   DEBUG      dbmgr-1 22461 4000  [2018-11-11 20:43:38 233] - Dbmgr::writeEntity: Account(3).
   DEBUG      dbmgr-1 22461 4000  [2018-11-11 20:46:08 232] - Dbmgr::writeEntity: Account(3).
   DEBUG      dbmgr-1 22461 4000  [2018-11-11 20:47:30 871] - Dbmgr::onAccountLogin:loginName=1, accountName=1, success=10, componentID=7001, entityID=2002, dbid=3, flags=0, deadline=0.
   DEBUG      dbmgr-1 22461 4000  [2018-11-11 20:48:38 231] - Dbmgr::writeEntity: Account(6).
   DEBUG      dbmgr-1 22461 4000  [2018-11-11 20:51:08 229] - Dbmgr::writeEntity: Account(3).
   DEBUG      dbmgr-1 22461 4000  [2018-11-11 20:53:38 248] - Dbmgr::writeEntity: Account(6).
   DEBUG      dbmgr-1 22461 4000  [2018-11-11 20:56:08 267] - Dbmgr::writeEntity: Account(6).
   DEBUG      dbmgr-1 22461 4000  [2018-11-11 20:58:38 246] - Dbmgr::writeEntity: Account(3).
   DEBUG      dbmgr-1 22461 4000  [2018-11-11 21:01:08 244] - Dbmgr::writeEntity: Account(6).
   DEBUG      dbmgr-1 22461 4000  [2018-11-11 21:03:38 243] - Dbmgr::writeEntity: Account(3).
   DEBUG      dbmgr-1 22461 4000  [2018-11-11 21:06:08 242] - Dbmgr::writeEntity: Account(6).
   DEBUG      dbmgr-1 22461 4000  [2018-11-11 21:08:38 240] - Dbmgr::writeEntity: Account(3).
   DEBUG      dbmgr-1 22461 4000  [2018-11-11 21:11:08 239] - Dbmgr::writeEntity: Account(6).
   DEBUG      dbmgr-1 22461 4000  [2018-11-11 21:13:38 238] - Dbmgr::writeEntity: Account(3).
   DEBUG      dbmgr-1 22461 4000  [2018-11-11 21:16:08 236] - Dbmgr::writeEntity: Account(6).
   DEBUG      dbmgr-1 22461 4000  [2018-11-11 21:18:24 795] - Dbmgr::DBTaskServerLog()
   DEBUG      dbmgr-1 22461 4000  [2018-11-11 21:18:38 215] - Dbmgr::writeEntity: Account(3).
   DEBUG      dbmgr-1 22461 4000  [2018-11-11 21:21:08 233] - Dbmgr::writeEntity: Account(6).
   DEBUG      dbmgr-1 22461 4000  [2018-11-11 21:23:38 233] - Dbmgr::writeEntity: Account(3).
   DEBUG      dbmgr-1 22461 4000  [2018-11-11 21:26:08 211] - Dbmgr::writeEntity: Account(3).
   DEBUG      dbmgr-1 22461 4000  [2018-11-11 21:28:38 230] - Dbmgr::writeEntity: Account(6).
   DEBUG      dbmgr-1 22461 4000  [2018-11-11 21:31:08 229] - Dbmgr::writeEntity: Account(6).
   DEBUG      dbmgr-1 22461 4000  [2018-11-11 21:33:38 227] - Dbmgr::writeEntity: Account(3).
   DEBUG      dbmgr-1 22461 4000  [2018-11-11 21:36:08 246] - Dbmgr::writeEntity: Account(6).
   DEBUG      dbmgr-1 22461 4000  [2018-11-11 21:38:38 224] - Dbmgr::writeEntity: Account(3).
   DEBUG      dbmgr-1 22461 4000  [2018-11-11 21:41:08 223] - Dbmgr::writeEntity: Account(3).
   DEBUG      dbmgr-1 22461 4000  [2018-11-11 21:43:38 222] - Dbmgr::writeEntity: Account(6).
   DEBUG      dbmgr-1 22461 4000  [2018-11-11 21:46:08 200] - Dbmgr::writeEntity: Account(6).
   DEBUG      dbmgr-1 22461 4000  [2018-11-11 21:48:38 239] - Dbmgr::writeEntity: Account(3).
   DEBUG      dbmgr-1 22461 4000  [2018-11-11 21:51:08 238] - Dbmgr::writeEntity: Account(6).
   DEBUG      dbmgr-1 22461 4000  [2018-11-11 21:53:38 237] - Dbmgr::writeEntity: Account(3).
   DEBUG      dbmgr-1 22461 4000  [2018-11-11 21:56:08 255] - Dbmgr::writeEntity: Account(6).
   DEBUG      dbmgr-1 22461 4000  [2018-11-11 21:58:38 234] - Dbmgr::writeEntity: Account(3).
   DEBUG      dbmgr-1 22461 4000  [2018-11-11 22:01:08 233] - Dbmgr::writeEntity: Account(3).
   DEBUG      dbmgr-1 22461 4000  [2018-11-11 22:03:38 271] - Dbmgr::writeEntity: Account(6).
   DEBUG      dbmgr-1 22461 4000  [2018-11-11 22:06:08 210] - Dbmgr::writeEntity: Account(6).
   DEBUG      dbmgr-1 22461 4000  [2018-11-11 22:08:38 229] - Dbmgr::writeEntity: Account(3).
   DEBUG      dbmgr-1 22461 4000  [2018-11-11 22:11:08 227] - Dbmgr::writeEntity: Account(3).
   DEBUG      dbmgr-1 22461 4000  [2018-11-11 22:13:38 206] - Dbmgr::writeEntity: Account(6).
   DEBUG      dbmgr-1 22461 4000  [2018-11-11 22:16:08 225] - Dbmgr::writeEntity: Account(3).
   DEBUG      dbmgr-1 22461 4000  [2018-11-11 22:18:24 763] - Dbmgr::DBTaskServerLog()
   DEBUG      dbmgr-1 22461 4000  [2018-11-11 22:18:38 224] - Dbmgr::writeEntity: Account(6).
   DEBUG      dbmgr-1 22461 4000  [2018-11-11 22:21:08 222] - Dbmgr::writeEntity: Account(6).
   DEBUG      dbmgr-1 22461 4000  [2018-11-11 22:23:38 221] - Dbmgr::writeEntity: Account(3).
   DEBUG      dbmgr-1 22461 4000  [2018-11-11 22:24:05 801] - Dbmgr::onAccountLogin:loginName=2, accountName=2, success=10, componentID=7001, entityID=2004, dbid=6, flags=0, deadline=0.
   DEBUG      dbmgr-1 22461 4000  [2018-11-11 22:24:18 021] - Dbmgr::onAccountLogin:loginName=2, accountName=2, success=10, componentID=7001, entityID=2004, dbid=6, flags=0, deadline=0.
   DEBUG      dbmgr-1 22461 4000  [2018-11-11 22:26:08 220] - Dbmgr::writeEntity: Account(6).
   DEBUG      dbmgr-1 22461 4000  [2018-11-11 22:28:38 218] - Dbmgr::writeEntity: Account(3).
   DEBUG      dbmgr-1 22461 4000  [2018-11-11 22:31:08 217] - Dbmgr::writeEntity: Account(6).
   DEBUG      dbmgr-1 22461 4000  [2018-11-11 22:33:06 096] - Dbmgr::onAccountLogin:loginName=1, accountName=1, success=10, componentID=7001, entityID=2002, dbid=3, flags=0, deadline=0.
   DEBUG      dbmgr-1 22461 4000  [2018-11-11 22:33:38 235] - Dbmgr::writeEntity: Account(3).
   DEBUG      dbmgr-1 22461 4000  [2018-11-11 22:34:36 595] - Dbmgr::onAccountLogin:loginName=1, accountName=1, success=10, componentID=7001, entityID=2002, dbid=3, flags=0, deadline=0.
   DEBUG      dbmgr-1 22461 4000  [2018-11-11 22:36:08 214] - Dbmgr::writeEntity: Account(3).
   DEBUG      dbmgr-1 22461 4000  [2018-11-11 22:36:42 894] - Dbmgr::onAccountLogin:loginName=1, accountName=1, success=10, componentID=7001, entityID=2002, dbid=3, flags=0, deadline=0.
   DEBUG      dbmgr-1 22461 4000  [2018-11-11 22:37:28 094] - Dbmgr::onAccountLogin:loginName=2, accountName=2, success=10, componentID=7001, entityID=2004, dbid=6, flags=0, deadline=0.
   DEBUG      dbmgr-1 22461 4000  [2018-11-11 22:38:38 213] - Dbmgr::writeEntity: Account(6).
   DEBUG      dbmgr-1 22461 4000  [2018-11-11 22:39:56 312] - Dbmgr::onAccountLogin:loginName=1, accountName=1, success=10, componentID=7001, entityID=2002, dbid=3, flags=0, deadline=0.
   DEBUG      dbmgr-1 22461 4000  [2018-11-11 22:41:08 211] - Dbmgr::writeEntity: Account(3).
   DEBUG      dbmgr-1 22461 4000  [2018-11-11 22:43:38 231] - Dbmgr::writeEntity: Account(6).
   DEBUG      dbmgr-1 22461 4000  [2018-11-11 22:43:54 490] - Dbmgr::onAccountLogin:loginName=2, accountName=2, success=10, componentID=7001, entityID=2004, dbid=6, flags=0, deadline=0.
   DEBUG      dbmgr-1 22461 4000  [2018-11-11 22:45:01 690] - Dbmgr::onAccountLogin:loginName=1, accountName=1, success=10, componentID=7001, entityID=2002, dbid=3, flags=0, deadline=0.
   DEBUG      dbmgr-1 22461 4000  [2018-11-11 22:46:08 229] - Dbmgr::writeEntity: Account(3).
   DEBUG      dbmgr-1 22461 4000  [2018-11-11 22:48:38 228] - Dbmgr::writeEntity: Account(6).
   DEBUG      dbmgr-1 22461 4000  [2018-11-11 22:50:32 807] - Dbmgr::onAccountLogin:loginName=2, accountName=2, success=10, componentID=7001, entityID=2004, dbid=6, flags=0, deadline=0.
   DEBUG      dbmgr-1 22461 4000  [2018-11-11 22:51:08 226] - Dbmgr::writeEntity: Account(3).
   DEBUG      dbmgr-1 22461 4000  [2018-11-11 22:51:39 606] - Dbmgr::onAccountLogin:loginName=2, accountName=2, success=10, componentID=7001, entityID=2004, dbid=6, flags=0, deadline=0.
   DEBUG      dbmgr-1 22461 4000  [2018-11-11 22:52:28 206] - Dbmgr::onAccountLogin:loginName=1, accountName=1, success=10, componentID=7001, entityID=2002, dbid=3, flags=0, deadline=0.
   DEBUG      dbmgr-1 22461 4000  [2018-11-11 22:53:38 225] - Dbmgr::writeEntity: Account(6).
   DEBUG      dbmgr-1 22461 4000  [2018-11-11 22:56:08 224] - Dbmgr::writeEntity: Account(6).
   DEBUG      dbmgr-1 22461 4000  [2018-11-11 22:58:38 222] - Dbmgr::writeEntity: Account(3).
   DEBUG      dbmgr-1 22461 4000  [2018-11-11 23:01:08 221] - Dbmgr::writeEntity: Account(6).
   DEBUG      dbmgr-1 22461 4000  [2018-11-11 23:03:21 300] - Dbmgr::onAccountLogin:loginName=2, accountName=2, success=10, componentID=7001, entityID=2004, dbid=6, flags=0, deadline=0.
   DEBUG      dbmgr-1 22461 4000  [2018-11-11 23:03:30 420] - Dbmgr::onAccountLogin:loginName=1, accountName=1, success=10, componentID=7001, entityID=2002, dbid=3, flags=0, deadline=0.
   DEBUG      dbmgr-1 22461 4000  [2018-11-11 23:03:38 220] - Dbmgr::writeEntity: Account(3).
   DEBUG      dbmgr-1 22461 4000  [2018-11-11 23:06:08 218] - Dbmgr::writeEntity: Account(6).
   DEBUG      dbmgr-1 22461 4000  [2018-11-11 23:08:38 217] - Dbmgr::writeEntity: Account(3).
   DEBUG      dbmgr-1 22461 4000  [2018-11-11 23:10:54 816] - Dbmgr::onAccountLogin:loginName=1, accountName=1, success=10, componentID=7001, entityID=2002, dbid=3, flags=0, deadline=0.
   DEBUG      dbmgr-1 22461 4000  [2018-11-11 23:11:08 236] - Dbmgr::writeEntity: Account(3).
   DEBUG      dbmgr-1 22461 4000  [2018-11-11 23:13:38 235] - Dbmgr::writeEntity: Account(6).
   DEBUG      dbmgr-1 22461 4000  [2018-11-11 23:14:57 514] - Dbmgr::onAccountLogin:loginName=2, accountName=2, success=10, componentID=7001, entityID=2004, dbid=6, flags=0, deadline=0.
   DEBUG      dbmgr-1 22461 4000  [2018-11-11 23:15:23 033] - Dbmgr::onAccountLogin:loginName=1, accountName=1, success=10, componentID=7001, entityID=2002, dbid=3, flags=0, deadline=0.
   DEBUG      dbmgr-1 22461 4000  [2018-11-11 23:16:08 213] - Dbmgr::writeEntity: Account(6).
   DEBUG      dbmgr-1 22461 4000  [2018-11-11 23:18:24 752] - Dbmgr::DBTaskServerLog()
   DEBUG      dbmgr-1 22461 4000  [2018-11-11 23:18:38 232] - Dbmgr::writeEntity: Account(3).
   DEBUG      dbmgr-1 22461 4000  [2018-11-11 23:18:46 912] - Dbmgr::onAccountLogin:loginName=2, accountName=2, success=10, componentID=7001, entityID=2004, dbid=6, flags=0, deadline=0.
   DEBUG      dbmgr-1 22461 4000  [2018-11-11 23:21:08 191] - Dbmgr::writeEntity: Account(3).
   DEBUG      dbmgr-1 22461 4000  [2018-11-11 23:22:39 350] - Dbmgr::onAccountLogin:loginName=11, accountName=11, success=0, componentID=0, entityID=0, dbid=2, flags=0, deadline=0.
   DEBUG      dbmgr-1 22461 4000  [2018-11-11 23:22:41 490] - Dbmgr::queryAccount: 11, success=1, flags=0, deadline=0.
    INFO      dbmgr-1 22461 4000  [2018-11-11 23:22:47 270] - GlobalDataServer::broadcastDataChanged: writer(cellapp, addr=192.168.0.107:50743/0/0/0), keySize=12, valSize=52, isDelete=0
   DEBUG      dbmgr-1 22461 4000  [2018-11-11 23:23:02 950] - Dbmgr::onAccountLogin:loginName=22, accountName=22, success=0, componentID=0, entityID=0, dbid=10, flags=0, deadline=0.
    INFO      dbmgr-1 22461 4000  [2018-11-11 23:23:02 907] - DBTaskAccountLogin::db_thread_process(): not found account[22], autocreate successfully!
   DEBUG      dbmgr-1 22461 4000  [2018-11-11 23:23:05 890] - Dbmgr::queryAccount: 22, success=1, flags=0, deadline=0.
   DEBUG      dbmgr-1 22461 4000  [2018-11-11 23:23:09 930] - Dbmgr::writeEntity: CheckName(13).
   DEBUG      dbmgr-1 22461 4000  [2018-11-11 23:23:38 209] - Dbmgr::writeEntity: Account(6).
   DEBUG      dbmgr-1 22461 4000  [2018-11-11 23:23:41 709] - Dbmgr::onAccountLogin:loginName=11, accountName=11, success=10, componentID=7001, entityID=2005, dbid=2, flags=0, deadline=0.
   DEBUG      dbmgr-1 22461 4000  [2018-11-11 23:24:38 229] - Dbmgr::writeEntity: Account(6).
   DEBUG      dbmgr-1 22461 4000  [2018-11-11 23:25:38 208] - Dbmgr::writeEntity: Account(10).
   DEBUG      dbmgr-1 22461 4000  [2018-11-11 23:27:38 207] - Dbmgr::writeEntity: Account(3).
   DEBUG      dbmgr-1 22461 4000  [2018-11-11 23:28:38 206] - Dbmgr::writeEntity: Account(2).
   DEBUG      dbmgr-1 22461 4000  [2018-11-11 23:28:55 807] - Dbmgr::onAccountLogin:loginName=2, accountName=2, success=10, componentID=7001, entityID=2004, dbid=6, flags=0, deadline=0.
   DEBUG      dbmgr-1 22461 4000  [2018-11-11 23:29:10 907] - Dbmgr::onAccountLogin:loginName=22, accountName=22, success=10, componentID=7001, entityID=2007, dbid=10, flags=0, deadline=0.
   DEBUG      dbmgr-1 22461 4000  [2018-11-11 23:29:38 206] - Dbmgr::writeEntity: Account(3).
   DEBUG      dbmgr-1 22461 4000  [2018-11-11 23:30:38 206] - Dbmgr::writeEntity: Account(2).
   DEBUG      dbmgr-1 22461 4000  [2018-11-11 23:31:38 205] - Dbmgr::writeEntity: Account(6).
   DEBUG      dbmgr-1 22461 4000  [2018-11-11 23:32:38 224] - Dbmgr::writeEntity: Account(10).
   DEBUG      dbmgr-1 22461 4000  [2018-11-11 23:34:38 204] - Dbmgr::writeEntity: Account(2).
   DEBUG      dbmgr-1 22461 4000  [2018-11-11 23:35:38 223] - Dbmgr::writeEntity: Account(10).
   DEBUG      dbmgr-1 22461 4000  [2018-11-11 23:36:38 242] - Dbmgr::writeEntity: Account(3).
   DEBUG      dbmgr-1 22461 4000  [2018-11-11 23:38:38 222] - Dbmgr::writeEntity: Account(6).
   DEBUG      dbmgr-1 22461 4000  [2018-11-11 23:40:38 220] - Dbmgr::writeEntity: Account(6).
   DEBUG      dbmgr-1 22461 4000  [2018-11-11 23:41:38 220] - Dbmgr::writeEntity: Account(3).
   DEBUG      dbmgr-1 22461 4000  [2018-11-11 23:42:38 219] - Dbmgr::writeEntity: Account(2).
   DEBUG      dbmgr-1 22461 4000  [2018-11-11 23:43:38 219] - Dbmgr::writeEntity: Account(10).
   DEBUG      dbmgr-1 22461 4000  [2018-11-11 23:44:38 218] - Dbmgr::writeEntity: Account(10).
   DEBUG      dbmgr-1 22461 4000  [2018-11-11 23:45:38 218] - Dbmgr::writeEntity: Account(3).
   DEBUG      dbmgr-1 22461 4000  [2018-11-11 23:46:38 517] - Dbmgr::writeEntity: Account(6).
 WARNING      dbmgr-1 22461 4000  [2018-11-11 23:46:38 508] - DBTransaction::commit(): took 0.33 seconds
   DEBUG      dbmgr-1 22461 4000  [2018-11-11 23:47:38 237] - Dbmgr::writeEntity: Account(2).
    INFO      dbmgr-1 22461 4000  [2018-11-11 23:49:46 177] - DBTaskAccountLogin::db_thread_process(): not found account[222], autocreate successfully!
   DEBUG      dbmgr-1 22461 4000  [2018-11-11 23:49:46 215] - Dbmgr::onAccountLogin:loginName=222, accountName=222, success=0, componentID=0, entityID=0, dbid=11, flags=0, deadline=0.
   DEBUG      dbmgr-1 22461 4000  [2018-11-11 23:49:51 216] - Dbmgr::onAccountLogin:loginName=111, accountName=111, success=0, componentID=0, entityID=0, dbid=5, flags=0, deadline=0.
   DEBUG      dbmgr-1 22461 4000  [2018-11-11 23:49:53 115] - Dbmgr::queryAccount: 111, success=1, flags=0, deadline=0.
   DEBUG      dbmgr-1 22461 4000  [2018-11-11 23:49:57 755] - Dbmgr::writeEntity: CheckName(14).
    INFO      dbmgr-1 22461 4000  [2018-11-11 23:50:00 775] - GlobalDataServer::broadcastDataChanged: writer(cellapp, addr=192.168.0.107:50743/0/0/0), keySize=12, valSize=52, isDelete=0
   DEBUG      dbmgr-1 22461 4000  [2018-11-11 23:50:06 035] - Dbmgr::onAccountLogin:loginName=222, accountName=222, success=0, componentID=0, entityID=0, dbid=11, flags=0, deadline=0.
   DEBUG      dbmgr-1 22461 4000  [2018-11-11 23:50:09 015] - Dbmgr::queryAccount: 222, success=1, flags=0, deadline=0.
   DEBUG      dbmgr-1 22461 4000  [2018-11-11 23:50:13 315] - Dbmgr::writeEntity: CheckName(15).
   DEBUG      dbmgr-1 22461 4000  [2018-11-11 23:50:38 215] - Dbmgr::writeEntity: Account(3).
   DEBUG      dbmgr-1 22461 4000  [2018-11-11 23:51:38 215] - Dbmgr::writeEntity: Account(10).
   DEBUG      dbmgr-1 22461 4000  [2018-11-11 23:52:38 214] - Dbmgr::writeEntity: Account(6).
   DEBUG      dbmgr-1 22461 4000  [2018-11-11 23:53:38 213] - Dbmgr::writeEntity: Account(2).
   DEBUG      dbmgr-1 22461 4000  [2018-11-11 23:54:11 593] - Dbmgr::writeEntity: Account(10).
   DEBUG      dbmgr-1 22461 4000  [2018-11-11 23:54:19 233] - Dbmgr::onAccountLogin:loginName=111, accountName=111, success=10, componentID=7001, entityID=2009, dbid=5, flags=0, deadline=0.
   DEBUG      dbmgr-1 22461 4000  [2018-11-11 23:55:18 213] - Dbmgr::writeEntity: Account(3).
   DEBUG      dbmgr-1 22461 4000  [2018-11-11 23:55:51 612] - Dbmgr::writeEntity: Account(6).
   DEBUG      dbmgr-1 22461 4000  [2018-11-11 23:56:24 972] - Dbmgr::writeEntity: Account(5).
   DEBUG      dbmgr-1 22461 4000  [2018-11-11 23:57:02 732] - Dbmgr::onAccountLogin:loginName=111, accountName=111, success=10, componentID=7001, entityID=2009, dbid=5, flags=0, deadline=0.
   DEBUG      dbmgr-1 22461 4000  [2018-11-11 23:57:31 612] - Dbmgr::writeEntity: Account(2).
   DEBUG      dbmgr-1 22461 4000  [2018-11-11 23:57:42 411] - Dbmgr::onAccountLogin:loginName=111, accountName=111, success=10, componentID=7001, entityID=2009, dbid=5, flags=0, deadline=0.
   DEBUG      dbmgr-1 22461 4000  [2018-11-11 23:58:04 811] - Dbmgr::writeEntity: Account(11).
   DEBUG      dbmgr-1 22461 4000  [2018-11-11 23:59:11 511] - Dbmgr::writeEntity: Account(5).
   DEBUG      dbmgr-1 22461 4000  [2018-11-11 23:59:44 910] - Dbmgr::writeEntity: Account(6).
