   DEBUG    cellapp01 18863 8001  [2018-11-08 00:24:41 321] - Spaces::createNewSpace: new space(Room) 1.
    INFO    cellapp01 18863 8001  [2018-11-08 00:24:41 346] - EntityApp::createEntity: new Room 2003
    INFO    cellapp01 18863 8001  [2018-11-08 00:24:41 390] - KBEngine::addSpaceGeometryMapping: spaceID=1, respath=spaces/mjRoom, shouldLoadOnServer=1!
 WARNING    cellapp01 18863 8001  [2018-11-08 00:24:41 408] - e:\kbengine\kbe\src\lib\server\entity_app.h:749: Profile processRecvMessages took 0.13 seconds
 WARNING    cellapp01 18863 8001  [2018-11-08 00:24:41 409] - e:\kbengine\kbe\src\server\cellapp\cellapp.cpp:245: Profile gameTick took 0.13 seconds
 WARNING    cellapp01 18863 8001  [2018-11-08 00:24:41 409] - e:\kbengine\kbe\src\lib\network\event_dispatcher.cpp:153: Profile callSystemTimers took 0.13 seconds
    INFO    cellapp01 18863 8001  [2018-11-08 00:24:41 478] - KBEngine::onLoadedSpaceGeometryMapping: spaceID=1, respath=spaces/mjRoom!
   S_DBG    cellapp01 18863 8001  [2018-11-08 00:24:41 479] - 玩家进来了---2002 座位号为 0
    INFO    cellapp01 18863 8001  [2018-11-08 00:24:41 578] - EntityApp::createEntity: new Account 2002
   DEBUG    cellapp01 18863 8001  [2018-11-08 00:27:04 279] - Account::onWriteToDB(): 2002.
   DEBUG    cellapp01 18863 8001  [2018-11-08 00:32:04 282] - Account::onWriteToDB(): 2002.
   DEBUG    cellapp01 18863 8001  [2018-11-08 00:37:04 285] - Account::onWriteToDB(): 2002.
   DEBUG    cellapp01 18863 8001  [2018-11-08 00:42:04 292] - Account::onWriteToDB(): 2002.
    INFO    cellapp-1 26874 8001  [2018-11-08 22:30:39 763] - -----------------------------------------------------------------------------------------


    INFO    cellapp-1 26874 8001  [2018-11-08 22:30:44 279] - Resmgr::initialize: KBE_ROOT=E:/kbengine/
    INFO    cellapp-1 26874 8001  [2018-11-08 22:30:44 280] - Resmgr::initialize: KBE_RES_PATH=E:/kbengine/kbe/res/;E:/kbengine/assets/;E:/kbengine/assets/scripts/;E:/kbengine/assets/res/
    INFO    cellapp-1 26874 8001  [2018-11-08 22:30:44 280] - Resmgr::initialize: KBE_BIN_PATH=E:/kbengine/kbe/bin/server/
    INFO    cellapp-1 26874 8001  [2018-11-08 22:30:45 306] - NetworkInterface::initialize(INTERNAL): bound to all interfaces with default route interface on 192.168.0.107 ( 192.168.0.107:49844 )
    INFO    cellapp-1 26874 8001  [2018-11-08 22:30:45 327] - NetworkInterface::initialize(INTERNAL): address 192.168.0.107:49844, SOMAXCONN=5.
    INFO    cellapp-1 26874 8001  [2018-11-08 22:30:45 327] - server-configs:
    INFO    cellapp-1 26874 8001  [2018-11-08 22:30:45 327] - 	gameUpdateHertz : 10
    INFO    cellapp-1 26874 8001  [2018-11-08 22:30:45 644] - 	defaultViewRadius : 80
    INFO    cellapp-1 26874 8001  [2018-11-08 22:30:45 644] - 	defaultViewHysteresisArea : 5
    INFO    cellapp-1 26874 8001  [2018-11-08 22:30:45 645] - 	entryScriptFile : kbemain
    INFO    cellapp-1 26874 8001  [2018-11-08 22:30:45 645] - 	internalAddr : 192.168.0.107:49844
    INFO    cellapp-1 26874 8001  [2018-11-08 22:30:45 645] - 	componentID : 8001
    INFO    cellapp-1 26874 8001  [2018-11-08 22:30:46 458] - ---- cellapp Version: 2.0.0. ScriptVersion: 0.1.0. Protocol: 85A70C5E64F896E0F1A60BF405B4EB07. Config: Debug X86. Built: 15:53:53 Apr 29 2018. AppID: 8001. UID: 26874. PID: 5896 ----
    INFO    cellapp-1 26874 8001  [2018-11-08 22:30:46 459] - Server : Intel(R) Xeon(R) CPU E3-1230 v3 @ 3.30GHz with 4194303kB RAM
    INFO    cellapp-1 26874 8001  [2018-11-08 22:30:46 886] - ThreadPool::createThreadPool: creating  threadpool...
    INFO    cellapp-1 26874 8001  [2018-11-08 22:30:46 888] - ThreadPool::createThreadPool: successfully(2), newThreadCount=1, normalMaxThreadCount=2, maxThreadCount=8
   DEBUG    cellapp-1 26874 8001  [2018-11-08 22:30:58 479] - Script::install_py_dlls(): PyInit_pyexpat
   DEBUG    cellapp-1 26874 8001  [2018-11-08 22:30:58 828] - Script::install_py_dlls(): PyInit__socket
   DEBUG    cellapp-1 26874 8001  [2018-11-08 22:30:58 966] - Script::install_py_dlls(): PyInit__ssl
   DEBUG    cellapp-1 26874 8001  [2018-11-08 22:31:00 636] - Script::install_py_dlls(): PyInit__hashlib
   DEBUG    cellapp-1 26874 8001  [2018-11-08 22:31:00 709] - Script::install_py_dlls(): PyInit_select
   DEBUG    cellapp-1 26874 8001  [2018-11-08 22:31:00 764] - Script::install_py_dlls(): PyInit__ctypes
   DEBUG    cellapp-1 26874 8001  [2018-11-08 22:31:00 822] - Script::install_py_dlls(): PyInit__elementtree
   DEBUG    cellapp-1 26874 8001  [2018-11-08 22:31:01 632] - Script::install_py_dlls(): PyInit_unicodedata
    INFO    cellapp-1 26874 8001  [2018-11-08 22:31:03 112] - Script::install(): is successfully, Python=(3.4.2 (default, Apr 29 2018, 15:53:05) [MSC v.1913 32 bit (Intel)])!
    INFO    cellapp-1 26874 8001  [2018-11-08 22:31:03 112] - Script::install(): KBExtra is successfully!
   DEBUG    cellapp-1 26874 8001  [2018-11-08 22:31:05 622] - loaded entity-script:Account(1).
   DEBUG    cellapp-1 26874 8001  [2018-11-08 22:31:05 721] - loaded entity-script:Room(4).
    INFO    cellapp-1 26874 8001  [2018-11-08 22:31:05 767] - TelnetServer server is running on port 50000
    INFO    cellapp-1 26874 8001  [2018-11-08 22:31:06 685] - ---- cellapp is running ----
   DEBUG    cellapp-1 26874 8001  [2018-11-08 22:31:06 832] - Components::process(): Request for the process of identity...
 WARNING    cellapp-1 26874 8001  [2018-11-08 22:31:13 228] - EntityApp::checkTickPeriod: tick took 6542% (6.54 seconds)!
    INFO    cellapp-1 26874 8001  [2018-11-08 22:31:14 286] - Components::findComponents: find logger(1)...
    INFO    cellapp-1 26874 8001  [2018-11-08 22:31:14 321] - Components::findComponents: found logger, addr:192.168.0.107:49838
    INFO    cellapp-1 26874 8001  [2018-11-08 22:31:14 322] - Components::addComponent: reset orderLog, uid=26874!
    INFO    cellapp-1 26874 8001  [2018-11-08 22:31:14 322] - Components::addComponent[logger], uid=26874, componentID=2000, globalorderid=1, grouporderid=1, totalcount=1
    INFO    cellapp-1 26874 8001  [2018-11-08 22:31:14 344] - Components::findComponents: find dbmgr(2)...
    INFO    cellapp-1 26874 8001  [2018-11-08 22:31:14 426] - Components::findComponents: found dbmgr, addr:192.168.0.107:49840
    INFO    cellapp-1 26874 8001  [2018-11-08 22:31:14 427] - Components::addComponent: reset orderLog, uid=26874!
    INFO    cellapp-1 26874 8001  [2018-11-08 22:31:14 428] - Components::addComponent[dbmgr], uid=26874, componentID=4000, globalorderid=1, grouporderid=1, totalcount=1
    INFO    cellapp-1 26874 8001  [2018-11-08 22:31:14 428] - Components::findComponents: found dbmgr, addr:192.168.0.107:49840
 WARNING    cellapp-1 26874 8001  [2018-11-08 22:31:15 429] - EntityApp::checkTickPeriod: tick took 1243% (1.24 seconds)!
    INFO    cellapp-1 26874 8001  [2018-11-08 22:31:16 485] - Components::findComponents: find cellappmgr(1)...
    INFO    cellapp-1 26874 8001  [2018-11-08 22:31:16 540] - Components::findComponents: found cellappmgr, addr:192.168.0.107:49839
    INFO    cellapp-1 26874 8001  [2018-11-08 22:31:16 540] - Components::addComponent[cellappmgr], uid=26874, componentID=6000, globalorderid=2, grouporderid=1, totalcount=1
    INFO    cellapp-1 26874 8001  [2018-11-08 22:31:16 541] - Components::findComponents: found cellappmgr, addr:192.168.0.107:49839
 WARNING    cellapp-1 26874 8001  [2018-11-08 22:31:17 541] - EntityApp::checkTickPeriod: tick took 1156% (1.16 seconds)!
    INFO    cellapp-1 26874 8001  [2018-11-08 22:31:18 585] - Components::findComponents: find baseappmgr(1)...
    INFO    cellapp-1 26874 8001  [2018-11-08 22:31:18 648] - Components::findComponents: found baseappmgr, addr:192.168.0.107:49841
    INFO    cellapp-1 26874 8001  [2018-11-08 22:31:18 648] - Components::addComponent[baseappmgr], uid=26874, componentID=5000, globalorderid=3, grouporderid=1, totalcount=1
    INFO    cellapp-1 26874 8001  [2018-11-08 22:31:18 649] - Components::findComponents: found baseappmgr, addr:192.168.0.107:49841
 WARNING    cellapp-1 26874 8001  [2018-11-08 22:31:19 649] - EntityApp::checkTickPeriod: tick took 1164% (1.16 seconds)!
    INFO    cellapp-1 26874 8001  [2018-11-08 22:31:20 785] - Components::findComponents: register self to dbmgr...
    INFO    cellapp-1 26874 8001  [2018-11-08 22:31:20 820] - Components::findComponents: register self to cellappmgr...
    INFO    cellapp-1 26874 8001  [2018-11-08 22:31:20 859] - Components::findComponents: register self to baseappmgr...
    INFO    cellapp-1 26874 8001  [2018-11-08 22:31:20 860] - Components::process(): Found all the components!
    INFO    cellapp-1 26874 8001  [2018-11-08 22:31:20 886] - ServerApp::onRegisterNewApp: uid:26874, username:, componentType:baseapp, componentID:7001, globalorderID=-1, grouporderID=-1, intaddr:192.168.0.107, intport:49843, extaddr:192.168.0.107, extport:20015,  from 192.168.0.107:49878/0/0/0.
    INFO    cellapp-1 26874 8001  [2018-11-08 22:31:20 886] - Components::addComponent[baseapp], uid=26874, componentID=7001, globalorderid=4, grouporderid=1, totalcount=1
    INFO    cellapp-1 26874 8001  [2018-11-08 22:31:20 886] - ServerApp::onRegisterNewApp: uid:26874, username:, componentType:baseapp, componentID:7001, globalorderID=-1, grouporderID=-1, intaddr:192.168.0.107, intport:49843, extaddr:192.168.0.107, extport:20015,  from 192.168.0.107:49878/0/0/0.
    INFO    cellapp-1 26874 8001  [2018-11-08 22:31:23 885] - EntityApp::onDbmgrInitCompleted: entityID alloc(2001-4001), startGlobalOrder=6, startGroupOrder=1, digest=7F4FC8296AD553545CD95B23EFF6238F.
    INFO    cellapp01 26874 8001  [2018-11-08 22:31:23 885] - IDClient::onAddRange: number of ids increased from 2001 to 4001.
   S_DBG    cellapp01 26874 8001  [2018-11-08 22:31:25 090] - onInit::isReload:0
 WARNING    cellapp01 26874 8001  [2018-11-08 22:31:25 091] - e:\kbengine\kbe\src\lib\server\entity_app.h:749: Profile processRecvMessages took 1.21 seconds
 WARNING    cellapp01 26874 8001  [2018-11-08 22:31:25 091] - e:\kbengine\kbe\src\server\cellapp\cellapp.cpp:245: Profile gameTick took 1.21 seconds
 WARNING    cellapp01 26874 8001  [2018-11-08 22:31:25 091] - e:\kbengine\kbe\src\lib\network\event_dispatcher.cpp:153: Profile callSystemTimers took 1.21 seconds
 WARNING    cellapp01 26874 8001  [2018-11-08 22:31:25 092] - EntityApp::checkTickPeriod: tick took 1207% (1.21 seconds)!
   DEBUG    cellapp01 26874 8001  [2018-11-08 22:31:25 133] - InitProgressHandler::~InitProgressHandler()
   S_DBG    cellapp01 26874 8001  [2018-11-08 22:31:25 908] - onGlobalData: Halls
   DEBUG    cellapp01 26874 8001  [2018-11-08 22:34:13 321] - Spaces::createNewSpace: new space(Room) 1.
    INFO    cellapp01 26874 8001  [2018-11-08 22:34:13 346] - EntityApp::createEntity: new Room 3
    INFO    cellapp01 26874 8001  [2018-11-08 22:34:13 389] - KBEngine::addSpaceGeometryMapping: spaceID=1, respath=spaces/mjRoom, shouldLoadOnServer=1!
 WARNING    cellapp01 26874 8001  [2018-11-08 22:34:13 431] - e:\kbengine\kbe\src\lib\server\entity_app.h:749: Profile processRecvMessages took 0.14 seconds
 WARNING    cellapp01 26874 8001  [2018-11-08 22:34:13 431] - e:\kbengine\kbe\src\server\cellapp\cellapp.cpp:245: Profile gameTick took 0.14 seconds
 WARNING    cellapp01 26874 8001  [2018-11-08 22:34:13 432] - e:\kbengine\kbe\src\lib\network\event_dispatcher.cpp:153: Profile callSystemTimers took 0.14 seconds
    INFO    cellapp01 26874 8001  [2018-11-08 22:34:13 432] - KBEngine::onLoadedSpaceGeometryMapping: spaceID=1, respath=spaces/mjRoom!
   S_DBG    cellapp01 26874 8001  [2018-11-08 22:34:13 588] - 玩家进来了---2 座位号为 0
    INFO    cellapp01 26874 8001  [2018-11-08 22:34:13 688] - EntityApp::createEntity: new Account 2
   DEBUG    cellapp01 26874 8001  [2018-11-08 22:34:43 095] - Account::~Account(): 2
   DEBUG    cellapp01 26874 8001  [2018-11-08 22:34:58 120] - WitnessedTimeoutHandler::handleTimeout: witnesseds is empty, timer is canceled!
   S_DBG    cellapp01 26874 8001  [2018-11-08 22:39:37 394] - 玩家进来了---2 座位号为 0
    INFO    cellapp01 26874 8001  [2018-11-08 22:39:37 494] - EntityApp::createEntity: new Account 2
   S_DBG    cellapp01 26874 8001  [2018-11-08 22:39:41 093] - 2
   S_DBG    cellapp01 26874 8001  [2018-11-08 22:39:41 094] - True
   S_DBG    cellapp01 26874 8001  [2018-11-08 22:39:41 194] - cell account
   S_DBG    cellapp01 26874 8001  [2018-11-08 22:39:41 194] - 1
   S_DBG    cellapp01 26874 8001  [2018-11-08 22:40:25 394] - 2
   S_DBG    cellapp01 26874 8001  [2018-11-08 22:40:25 395] - False
   S_DBG    cellapp01 26874 8001  [2018-11-08 22:40:25 494] - cell account
   S_DBG    cellapp01 26874 8001  [2018-11-08 22:40:25 494] - 0
   S_DBG    cellapp01 26874 8001  [2018-11-08 22:40:27 495] - 2
   S_DBG    cellapp01 26874 8001  [2018-11-08 22:40:27 496] - True
   S_DBG    cellapp01 26874 8001  [2018-11-08 22:40:27 595] - cell account
   S_DBG    cellapp01 26874 8001  [2018-11-08 22:40:27 595] - 1
   DEBUG    cellapp01 26874 8001  [2018-11-08 22:40:34 995] - Account::~Account(): 2
   DEBUG    cellapp01 26874 8001  [2018-11-08 22:40:50 000] - WitnessedTimeoutHandler::handleTimeout: witnesseds is empty, timer is canceled!
   S_DBG    cellapp01 26874 8001  [2018-11-08 22:47:38 101] - 玩家进来了---2 座位号为 0
    INFO    cellapp01 26874 8001  [2018-11-08 22:47:38 202] - EntityApp::createEntity: new Account 2
   S_DBG    cellapp01 26874 8001  [2018-11-08 22:47:52 301] - 2
   S_DBG    cellapp01 26874 8001  [2018-11-08 22:47:52 302] - False
   S_DBG    cellapp01 26874 8001  [2018-11-08 22:47:52 402] - cell account
   S_DBG    cellapp01 26874 8001  [2018-11-08 22:47:52 402] - 0
   S_DBG    cellapp01 26874 8001  [2018-11-08 22:47:56 001] - 玩家进来了---7 座位号为 1
    INFO    cellapp01 26874 8001  [2018-11-08 22:47:56 102] - EntityApp::createEntity: new Account 7
   S_DBG    cellapp01 26874 8001  [2018-11-08 22:47:59 801] - 7
   S_DBG    cellapp01 26874 8001  [2018-11-08 22:47:59 802] - True
   S_DBG    cellapp01 26874 8001  [2018-11-08 22:47:59 928] - cell account
   S_DBG    cellapp01 26874 8001  [2018-11-08 22:47:59 929] - 1
   S_DBG    cellapp01 26874 8001  [2018-11-08 22:48:04 602] - 2
   S_DBG    cellapp01 26874 8001  [2018-11-08 22:48:04 603] - True
   S_DBG    cellapp01 26874 8001  [2018-11-08 22:48:04 603] - 全部就位---开始处理！
   S_DBG    cellapp01 26874 8001  [2018-11-08 22:48:04 610] - 游戏开始！
   S_DBG    cellapp01 26874 8001  [2018-11-08 22:48:04 702] - cell account
   S_DBG    cellapp01 26874 8001  [2018-11-08 22:48:04 702] - 1
   DEBUG    cellapp01 26874 8001  [2018-11-08 22:54:05 107] - Account::onWriteToDB(): 2.
   DEBUG    cellapp01 26874 8001  [2018-11-08 22:55:05 108] - Account::onWriteToDB(): 7.
   DEBUG    cellapp01 26874 8001  [2018-11-08 22:57:05 111] - Account::onWriteToDB(): 7.
   DEBUG    cellapp01 26874 8001  [2018-11-08 22:58:05 111] - Account::onWriteToDB(): 2.
   DEBUG    cellapp01 26874 8001  [2018-11-08 23:03:05 116] - Account::onWriteToDB(): 2.
   DEBUG    cellapp01 26874 8001  [2018-11-08 23:04:05 117] - Account::onWriteToDB(): 7.
   DEBUG    cellapp01 26874 8001  [2018-11-08 23:07:05 120] - Account::onWriteToDB(): 2.
    INFO    cellapp-1 1382 8001  [2018-11-08 23:07:14 100] - -----------------------------------------------------------------------------------------


    INFO    cellapp-1 1382 8001  [2018-11-08 23:07:14 101] - Resmgr::initialize: KBE_ROOT=E:/kbengine/
    INFO    cellapp-1 1382 8001  [2018-11-08 23:07:14 101] - Resmgr::initialize: KBE_RES_PATH=E:/kbengine/kbe/res/;E:/kbengine/assets/;E:/kbengine/assets/scripts/;E:/kbengine/assets/res/
    INFO    cellapp-1 1382 8001  [2018-11-08 23:07:14 101] - Resmgr::initialize: KBE_BIN_PATH=E:/kbengine/kbe/bin/server/
    INFO    cellapp-1 1382 8001  [2018-11-08 23:07:14 104] - NetworkInterface::initialize(INTERNAL): bound to all interfaces with default route interface on 192.168.0.107 ( 192.168.0.107:50178 )
    INFO    cellapp-1 1382 8001  [2018-11-08 23:07:14 104] - NetworkInterface::initialize(INTERNAL): address 192.168.0.107:50178, SOMAXCONN=5.
    INFO    cellapp-1 1382 8001  [2018-11-08 23:07:14 104] - server-configs:
    INFO    cellapp-1 1382 8001  [2018-11-08 23:07:14 104] - 	gameUpdateHertz : 10
    INFO    cellapp-1 1382 8001  [2018-11-08 23:07:14 104] - 	defaultViewRadius : 80
    INFO    cellapp-1 1382 8001  [2018-11-08 23:07:14 104] - 	defaultViewHysteresisArea : 5
    INFO    cellapp-1 1382 8001  [2018-11-08 23:07:14 104] - 	entryScriptFile : kbemain
    INFO    cellapp-1 1382 8001  [2018-11-08 23:07:14 104] - 	internalAddr : 192.168.0.107:50178
    INFO    cellapp-1 1382 8001  [2018-11-08 23:07:14 104] - 	componentID : 8001
 WARNING    cellapp-1 1382 8001  [2018-11-08 23:07:14 415] - BundleBroadcast::BundleBroadcast: Cannot bind to port 20579, errorno=10048
    INFO    cellapp-1 1382 8001  [2018-11-08 23:07:14 419] - ---- cellapp Version: 2.0.0. ScriptVersion: 0.1.0. Protocol: 85A70C5E64F896E0F1A60BF405B4EB07. Config: Debug X86. Built: 15:53:53 Apr 29 2018. AppID: 8001. UID: 1382. PID: 7324 ----
    INFO    cellapp-1 1382 8001  [2018-11-08 23:07:14 419] - Server : Intel(R) Xeon(R) CPU E3-1230 v3 @ 3.30GHz with 4194303kB RAM
    INFO    cellapp-1 1382 8001  [2018-11-08 23:07:14 419] - ThreadPool::createThreadPool: creating  threadpool...
    INFO    cellapp-1 1382 8001  [2018-11-08 23:07:14 420] - ThreadPool::createThreadPool: successfully(2), newThreadCount=1, normalMaxThreadCount=2, maxThreadCount=8
   DEBUG    cellapp-1 1382 8001  [2018-11-08 23:07:14 546] - Script::install_py_dlls(): PyInit_pyexpat
   DEBUG    cellapp-1 1382 8001  [2018-11-08 23:07:14 546] - Script::install_py_dlls(): PyInit__socket
   DEBUG    cellapp-1 1382 8001  [2018-11-08 23:07:14 547] - Script::install_py_dlls(): PyInit__ssl
   DEBUG    cellapp-1 1382 8001  [2018-11-08 23:07:14 550] - Script::install_py_dlls(): PyInit__hashlib
   DEBUG    cellapp-1 1382 8001  [2018-11-08 23:07:14 550] - Script::install_py_dlls(): PyInit_select
   DEBUG    cellapp-1 1382 8001  [2018-11-08 23:07:14 550] - Script::install_py_dlls(): PyInit__ctypes
   DEBUG    cellapp-1 1382 8001  [2018-11-08 23:07:14 550] - Script::install_py_dlls(): PyInit__elementtree
   DEBUG    cellapp-1 1382 8001  [2018-11-08 23:07:14 585] - Script::install_py_dlls(): PyInit_unicodedata
    INFO    cellapp-1 1382 8001  [2018-11-08 23:07:14 613] - Script::install(): is successfully, Python=(3.4.2 (default, Apr 29 2018, 15:53:05) [MSC v.1913 32 bit (Intel)])!
    INFO    cellapp-1 1382 8001  [2018-11-08 23:07:14 613] - Script::install(): KBExtra is successfully!
   DEBUG    cellapp-1 1382 8001  [2018-11-08 23:07:14 633] - loaded entity-script:Account(1).
   DEBUG    cellapp-1 1382 8001  [2018-11-08 23:07:14 640] - loaded entity-script:Room(4).
    INFO    cellapp-1 1382 8001  [2018-11-08 23:07:14 641] - TelnetServer server is running on port 50000
    INFO    cellapp-1 1382 8001  [2018-11-08 23:07:14 928] - ---- cellapp is running ----
   DEBUG    cellapp-1 1382 8001  [2018-11-08 23:07:14 928] - Components::process(): Request for the process of identity...
 WARNING    cellapp-1 1382 8001  [2018-11-08 23:07:21 003] - EntityApp::checkTickPeriod: tick took 6073% (6.07 seconds)!
    INFO    cellapp-1 1382 8001  [2018-11-08 23:07:22 031] - Components::findComponents: find logger(1)...
    INFO    cellapp-1 1382 8001  [2018-11-08 23:07:22 079] - Components::findComponents: found logger, addr:192.168.0.107:50175
    INFO    cellapp-1 1382 8001  [2018-11-08 23:07:22 079] - Components::addComponent: reset orderLog, uid=1382!
    INFO    cellapp-1 1382 8001  [2018-11-08 23:07:22 080] - Components::addComponent[logger], uid=1382, componentID=2000, globalorderid=1, grouporderid=1, totalcount=1
    INFO    cellapp-1 1382 8001  [2018-11-08 23:07:22 082] - Components::findComponents: find dbmgr(2)...
    INFO    cellapp-1 1382 8001  [2018-11-08 23:07:22 183] - Components::findComponents: found dbmgr, addr:192.168.0.107:50177
    INFO    cellapp-1 1382 8001  [2018-11-08 23:07:22 183] - Components::addComponent: reset orderLog, uid=1382!
    INFO    cellapp-1 1382 8001  [2018-11-08 23:07:22 184] - Components::addComponent[dbmgr], uid=1382, componentID=4000, globalorderid=1, grouporderid=1, totalcount=1
    INFO    cellapp-1 1382 8001  [2018-11-08 23:07:22 184] - Components::findComponents: found dbmgr, addr:192.168.0.107:50177
 WARNING    cellapp-1 1382 8001  [2018-11-08 23:07:23 185] - EntityApp::checkTickPeriod: tick took 1254% (1.25 seconds)!
    INFO    cellapp-1 1382 8001  [2018-11-08 23:07:24 203] - Components::findComponents: find cellappmgr(1)...
    INFO    cellapp-1 1382 8001  [2018-11-08 23:07:24 224] - Components::findComponents: found cellappmgr, addr:192.168.0.107:50176
    INFO    cellapp-1 1382 8001  [2018-11-08 23:07:24 224] - Components::addComponent[cellappmgr], uid=1382, componentID=6000, globalorderid=2, grouporderid=1, totalcount=1
    INFO    cellapp-1 1382 8001  [2018-11-08 23:07:24 225] - Components::findComponents: found cellappmgr, addr:192.168.0.107:50176
 WARNING    cellapp-1 1382 8001  [2018-11-08 23:07:25 225] - EntityApp::checkTickPeriod: tick took 1095% (1.10 seconds)!
    INFO    cellapp-1 1382 8001  [2018-11-08 23:07:26 230] - Components::findComponents: find baseappmgr(1)...
    INFO    cellapp-1 1382 8001  [2018-11-08 23:07:26 240] - Components::findComponents: found baseappmgr, addr:192.168.0.107:50182
    INFO    cellapp-1 1382 8001  [2018-11-08 23:07:26 240] - Components::addComponent[baseappmgr], uid=1382, componentID=5000, globalorderid=3, grouporderid=1, totalcount=1
    INFO    cellapp-1 1382 8001  [2018-11-08 23:07:26 241] - Components::findComponents: found baseappmgr, addr:192.168.0.107:50182
 WARNING    cellapp-1 1382 8001  [2018-11-08 23:07:27 241] - EntityApp::checkTickPeriod: tick took 1111% (1.11 seconds)!
    INFO    cellapp-1 1382 8001  [2018-11-08 23:07:28 403] - Components::findComponents: register self to dbmgr...
    INFO    cellapp-1 1382 8001  [2018-11-08 23:07:28 429] - Components::findComponents: register self to cellappmgr...
    INFO    cellapp-1 1382 8001  [2018-11-08 23:07:28 503] - Components::findComponents: register self to baseappmgr...
    INFO    cellapp-1 1382 8001  [2018-11-08 23:07:28 529] - Components::process(): Found all the components!
    INFO    cellapp-1 1382 8001  [2018-11-08 23:07:28 729] - ServerApp::onRegisterNewApp: uid:1382, username:, componentType:baseapp, componentID:7001, globalorderID=4, grouporderID=1, intaddr:192.168.0.107, intport:50180, extaddr:192.168.0.107, extport:20015,  from 192.168.0.107:50177/0/0/0.
    INFO    cellapp-1 1382 8001  [2018-11-08 23:07:28 729] - Components::addComponent[baseapp], uid=1382, componentID=7001, globalorderid=4, grouporderid=1, totalcount=1
    INFO    cellapp-1 1382 8001  [2018-11-08 23:07:32 129] - EntityApp::onDbmgrInitCompleted: entityID alloc(1-2001), startGlobalOrder=3, startGroupOrder=1, digest=7F4FC8296AD553545CD95B23EFF6238F.
    INFO    cellapp01 1382 8001  [2018-11-08 23:07:32 129] - IDClient::onAddRange: number of ids increased from 1 to 2001.
   S_DBG    cellapp01 1382 8001  [2018-11-08 23:07:33 335] - onInit::isReload:0
 WARNING    cellapp01 1382 8001  [2018-11-08 23:07:33 336] - e:\kbengine\kbe\src\lib\server\entity_app.h:749: Profile processRecvMessages took 1.21 seconds
 WARNING    cellapp01 1382 8001  [2018-11-08 23:07:33 336] - e:\kbengine\kbe\src\server\cellapp\cellapp.cpp:245: Profile gameTick took 1.21 seconds
 WARNING    cellapp01 1382 8001  [2018-11-08 23:07:33 336] - e:\kbengine\kbe\src\lib\network\event_dispatcher.cpp:153: Profile callSystemTimers took 1.21 seconds
 WARNING    cellapp01 1382 8001  [2018-11-08 23:07:33 337] - EntityApp::checkTickPeriod: tick took 1207% (1.21 seconds)!
   DEBUG    cellapp01 1382 8001  [2018-11-08 23:07:33 403] - InitProgressHandler::~InitProgressHandler()
   S_DBG    cellapp01 1382 8001  [2018-11-08 23:07:33 930] - onGlobalData: Halls
   DEBUG    cellapp01 1382 8001  [2018-11-08 23:08:33 631] - Spaces::createNewSpace: new space(Room) 1.
    INFO    cellapp01 1382 8001  [2018-11-08 23:08:33 632] - EntityApp::createEntity: new Room 2003
    INFO    cellapp01 1382 8001  [2018-11-08 23:08:33 634] - KBEngine::addSpaceGeometryMapping: spaceID=1, respath=spaces/mjRoom, shouldLoadOnServer=1!
    INFO    cellapp01 1382 8001  [2018-11-08 23:08:33 731] - KBEngine::onLoadedSpaceGeometryMapping: spaceID=1, respath=spaces/mjRoom!
   S_DBG    cellapp01 1382 8001  [2018-11-08 23:08:33 732] - 玩家进来了---2002 座位号为 0
    INFO    cellapp01 1382 8001  [2018-11-08 23:08:33 832] - EntityApp::createEntity: new Account 2002
   S_DBG    cellapp01 1382 8001  [2018-11-08 23:08:35 931] - 2002
   S_DBG    cellapp01 1382 8001  [2018-11-08 23:08:35 932] - True
   S_DBG    cellapp01 1382 8001  [2018-11-08 23:08:36 032] - cell account
   S_DBG    cellapp01 1382 8001  [2018-11-08 23:08:36 032] - 1
   S_DBG    cellapp01 1382 8001  [2018-11-08 23:09:00 932] - 玩家进来了---2004 座位号为 1
    INFO    cellapp01 1382 8001  [2018-11-08 23:09:01 032] - EntityApp::createEntity: new Account 2004
   S_DBG    cellapp01 1382 8001  [2018-11-08 23:09:05 931] - 2004
   S_DBG    cellapp01 1382 8001  [2018-11-08 23:09:05 932] - True
   S_DBG    cellapp01 1382 8001  [2018-11-08 23:09:05 932] - 全部就位---开始处理！
   S_DBG    cellapp01 1382 8001  [2018-11-08 23:09:05 943] - 游戏开始！
 WARNING    cellapp01 1382 8001  [2018-11-08 23:09:06 038] - e:\kbengine\kbe\src\server\cellapp\entity.cpp:978: Profile scriptCall took 0.11 seconds
 WARNING    cellapp01 1382 8001  [2018-11-08 23:09:06 039] - e:\kbengine\kbe\src\lib\server\entity_app.h:749: Profile processRecvMessages took 0.11 seconds
 WARNING    cellapp01 1382 8001  [2018-11-08 23:09:06 039] - e:\kbengine\kbe\src\server\cellapp\cellapp.cpp:245: Profile gameTick took 0.11 seconds
 WARNING    cellapp01 1382 8001  [2018-11-08 23:09:06 039] - e:\kbengine\kbe\src\lib\network\event_dispatcher.cpp:153: Profile callSystemTimers took 0.11 seconds
   S_DBG    cellapp01 1382 8001  [2018-11-08 23:09:06 040] - cell account
   S_DBG    cellapp01 1382 8001  [2018-11-08 23:09:06 040] - 1
   DEBUG    cellapp01 1382 8001  [2018-11-08 23:14:45 137] - Account::onWriteToDB(): 2004.
   DEBUG    cellapp01 1382 8001  [2018-11-08 23:17:15 139] - Account::onWriteToDB(): 2002.
   DEBUG    cellapp01 1382 8001  [2018-11-08 23:19:45 141] - Account::onWriteToDB(): 2004.
   DEBUG    cellapp01 1382 8001  [2018-11-08 23:22:15 144] - Account::onWriteToDB(): 2002.
   DEBUG    cellapp01 1382 8001  [2018-11-08 23:24:45 147] - Account::onWriteToDB(): 2002.
   DEBUG    cellapp01 1382 8001  [2018-11-08 23:27:15 149] - Account::onWriteToDB(): 2004.
   DEBUG    cellapp01 1382 8001  [2018-11-08 23:29:45 152] - Account::onWriteToDB(): 2004.
   DEBUG    cellapp01 1382 8001  [2018-11-08 23:32:15 153] - Account::onWriteToDB(): 2002.
   DEBUG    cellapp01 1382 8001  [2018-11-08 23:34:45 156] - Account::onWriteToDB(): 2002.
   DEBUG    cellapp01 1382 8001  [2018-11-08 23:37:15 158] - Account::onWriteToDB(): 2004.
   DEBUG    cellapp01 1382 8001  [2018-11-08 23:39:45 161] - Account::onWriteToDB(): 2004.
   DEBUG    cellapp01 1382 8001  [2018-11-08 23:42:15 164] - Account::onWriteToDB(): 2002.
   DEBUG    cellapp01 1382 8001  [2018-11-08 23:44:45 166] - Account::onWriteToDB(): 2002.
   DEBUG    cellapp01 1382 8001  [2018-11-08 23:47:15 168] - Account::onWriteToDB(): 2004.
   DEBUG    cellapp01 1382 8001  [2018-11-08 23:49:45 170] - Account::onWriteToDB(): 2002.
   DEBUG    cellapp01 1382 8001  [2018-11-08 23:52:15 173] - Account::onWriteToDB(): 2004.
   DEBUG    cellapp01 1382 8001  [2018-11-08 23:54:45 177] - Account::onWriteToDB(): 2002.
   DEBUG    cellapp01 1382 8001  [2018-11-08 23:57:15 178] - Account::onWriteToDB(): 2004.
 WARNING    cellapp01 1382 8001  [2018-11-08 23:58:26 593] - e:\kbengine\kbe\src\server\cellapp\entity.cpp:4236: Profile onTimer took 0.11 seconds
 WARNING    cellapp01 1382 8001  [2018-11-08 23:58:26 593] - e:\kbengine\kbe\src\lib\server\serverapp.cpp:253: Profile callScriptTimers took 0.11 seconds
 WARNING    cellapp01 1382 8001  [2018-11-08 23:58:26 593] - e:\kbengine\kbe\src\server\cellapp\cellapp.cpp:245: Profile gameTick took 0.11 seconds
 WARNING    cellapp01 1382 8001  [2018-11-08 23:58:26 593] - e:\kbengine\kbe\src\lib\network\event_dispatcher.cpp:153: Profile callSystemTimers took 0.11 seconds
   DEBUG    cellapp01 1382 8001  [2018-11-08 23:59:45 181] - Account::onWriteToDB(): 2002.
