    INFO      dbmgr-1 21461 4000  [2018-04-29 15:56:12 271] - -----------------------------------------------------------------------------------------


    INFO      dbmgr-1 21461 4000  [2018-04-29 15:56:12 294] - Resmgr::initialize: KBE_ROOT=E:/kbengine/
    INFO      dbmgr-1 21461 4000  [2018-04-29 15:56:12 294] - Resmgr::initialize: KBE_RES_PATH=E:/kbengine/kbe/res/;E:/kbengine/assets/;E:/kbengine/assets/scripts/;E:/kbengine/assets/res/
    INFO      dbmgr-1 21461 4000  [2018-04-29 15:56:12 295] - Resmgr::initialize: KBE_BIN_PATH=E:/kbengine/kbe/bin/server/
    INFO      dbmgr-1 21461 4000  [2018-04-29 15:56:12 306] - NetworkInterface::initialize(INTERNAL): bound to all interfaces with default route interface on 192.168.0.106 ( 192.168.0.106:51795 )
    INFO      dbmgr-1 21461 4000  [2018-04-29 15:56:12 306] - NetworkInterface::initialize(INTERNAL): address 192.168.0.106:51795, SOMAXCONN=5.
    INFO      dbmgr-1 21461 4000  [2018-04-29 15:56:12 306] - server-configs:
    INFO      dbmgr-1 21461 4000  [2018-04-29 15:56:12 306] - 	internalAddr : 192.168.0.106:51795
    INFO      dbmgr-1 21461 4000  [2018-04-29 15:56:12 306] - 	componentID : 4000
 WARNING      dbmgr-1 21461 4000  [2018-04-29 15:56:12 617] - BundleBroadcast::BundleBroadcast: Cannot bind to port 20906, errorno=10048
    INFO      dbmgr-1 21461 4000  [2018-04-29 15:56:12 620] - ---- dbmgr Version: 2.0.0. ScriptVersion: 0.1.0. Protocol: F28F1C37BCC70CD27B77841D4A30E3D7. Config: Debug X86. Built: 15:52:44 Apr 29 2018. AppID: 4000. UID: 21461. PID: 21236 ----
    INFO      dbmgr-1 21461 4000  [2018-04-29 15:56:12 620] - Server : Intel(R) Xeon(R) CPU E3-1230 v3 @ 3.30GHz with 4194303kB RAM
    INFO      dbmgr-1 21461 4000  [2018-04-29 15:56:12 621] - ThreadPool::createThreadPool: creating  threadpool...
    INFO      dbmgr-1 21461 4000  [2018-04-29 15:56:12 621] - ThreadPool::createThreadPool: successfully(2), newThreadCount=1, normalMaxThreadCount=2, maxThreadCount=8
   DEBUG      dbmgr-1 21461 4000  [2018-04-29 15:56:12 772] - Script::install_py_dlls(): PyInit_pyexpat
   DEBUG      dbmgr-1 21461 4000  [2018-04-29 15:56:12 772] - Script::install_py_dlls(): PyInit__socket
   DEBUG      dbmgr-1 21461 4000  [2018-04-29 15:56:12 773] - Script::install_py_dlls(): PyInit__ssl
   DEBUG      dbmgr-1 21461 4000  [2018-04-29 15:56:12 776] - Script::install_py_dlls(): PyInit__hashlib
   DEBUG      dbmgr-1 21461 4000  [2018-04-29 15:56:12 776] - Script::install_py_dlls(): PyInit_select
   DEBUG      dbmgr-1 21461 4000  [2018-04-29 15:56:12 776] - Script::install_py_dlls(): PyInit__ctypes
   DEBUG      dbmgr-1 21461 4000  [2018-04-29 15:56:12 777] - Script::install_py_dlls(): PyInit__elementtree
   DEBUG      dbmgr-1 21461 4000  [2018-04-29 15:56:13 141] - Script::install_py_dlls(): PyInit_unicodedata
    INFO      dbmgr-1 21461 4000  [2018-04-29 15:56:13 467] - Script::install(): is successfully, Python=(3.4.2 (default, Apr 29 2018, 15:52:37) [MSC v.1913 32 bit (Intel)])!
    INFO      dbmgr-1 21461 4000  [2018-04-29 15:56:13 467] - Script::install(): KBExtra is successfully!
    INFO      dbmgr-1 21461 4000  [2018-04-29 15:56:13 523] - Dbmgr::initializeEnd: digest(363BB7D9C7C9010E5779213C13D38542)
  S_INFO      dbmgr-1 21461 4000  [2018-04-29 15:56:13 523] - onDBMgrReady: bootstrapGroupIndex=0, bootstrapGlobalIndex=0
    INFO      dbmgr-1 21461 4000  [2018-04-29 15:56:13 523] - TelnetServer server is running on port 32000
    INFO      dbmgr-1 21461 4000  [2018-04-29 15:56:13 524] - Dbmgr::initInterfacesHandler: interfaces addr(127.0.0.1:30099), accountType:(interfaces), chargeType:(interfaces).
 WARNING      dbmgr-1 21461 4000  [2018-04-29 15:56:13 808] - DBUtil::initialize: db(default) password is not encrypted!
please use password(rsa):
210DB3A75AE1AE57B50A231DC440228448D5D514E177F638496E41236F8856ACD32615481AF15ED143128320C487CB87000064565F108AF9CFAF3A6228FEF1D06BC0584A885DC65EE3D618F0A6453E95C7618498731FE106E5DFB18DE34868AFD02BE539BB29AF3084B19BA4C0921ABFAF2825DC7B50DD739D4E515D751A49D6
   DEBUG      dbmgr-1 21461 4000  [2018-04-29 15:56:13 877] - DBInterfaceMysql::attach: connect: localhost:3306 starting...
   DEBUG      dbmgr-1 21461 4000  [2018-04-29 15:56:14 146] - DBInterfaceMysql::attach: successfully! addr: localhost:3306
    INFO      dbmgr-1 21461 4000  [2018-04-29 15:56:14 146] - DBUtil::createInterface[0x18ded64]: interface=default, dbtype=mysql, ip=localhost, port=3306, currdatabase=kbe, username=kbe, connected=yes.

    INFO      dbmgr-1 21461 4000  [2018-04-29 15:56:14 146] - ThreadPool::createThreadPool: creating  threadpool...
    INFO      dbmgr-1 21461 4000  [2018-04-29 15:56:14 147] - ThreadPool::createThreadPool: successfully(5), newThreadCount=5, normalMaxThreadCount=5, maxThreadCount=5
    INFO      dbmgr-1 21461 4000  [2018-04-29 15:56:14 490] - DBInterfaceMysql::query: successfully!
    INFO      dbmgr-1 21461 4000  [2018-04-29 15:56:14 492] - DBInterfaceMysql::query: successfully!
 WARNING      dbmgr-1 21461 4000  [2018-04-29 15:56:14 492] - DBInterfaceMysql::checkErrors: not found Account table, reset kbe_* table...
 WARNING      dbmgr-1 21461 4000  [2018-04-29 15:56:15 144] - DBInterfaceMysql::checkErrors: reset kbe_* table end!
   DEBUG      dbmgr-1 21461 4000  [2018-04-29 15:56:16 615] - DBInterfaceMysql::dropEntityTableFromDB: tbl_Avatar.
    INFO      dbmgr-1 21461 4000  [2018-04-29 15:56:16 752] - DBInterfaceMysql::query: successfully!
   DEBUG      dbmgr-1 21461 4000  [2018-04-29 15:56:16 753] - DBInterfaceMysql::dropEntityTableFromDB: tbl_Energy.
    INFO      dbmgr-1 21461 4000  [2018-04-29 15:56:16 881] - DBInterfaceMysql::query: successfully!
   DEBUG      dbmgr-1 21461 4000  [2018-04-29 15:56:16 882] - DBInterfaceMysql::dropEntityTableFromDB: tbl_Halls.
    INFO      dbmgr-1 21461 4000  [2018-04-29 15:56:17 084] - DBInterfaceMysql::query: successfully!
   DEBUG      dbmgr-1 21461 4000  [2018-04-29 15:56:17 084] - DBInterfaceMysql::dropEntityTableFromDB: tbl_Room.
    INFO      dbmgr-1 21461 4000  [2018-04-29 15:56:17 197] - DBInterfaceMysql::query: successfully!
   DEBUG      dbmgr-1 21461 4000  [2018-04-29 15:56:17 198] - DBInterfaceMysql::dropEntityTableFromDB: tbl_judge.
    INFO      dbmgr-1 21461 4000  [2018-04-29 15:56:17 303] - DBInterfaceMysql::query: successfully!
 WARNING      dbmgr-1 21461 4000  [2018-04-29 15:56:17 304] - e:\kbengine\kbe\src\server\dbmgr\dbmgr.cpp:275: Profile scriptCall took 3.78 seconds
    INFO      dbmgr-1 21461 4000  [2018-04-29 15:56:17 622] - ---- dbmgr is running ----
   DEBUG      dbmgr-1 21461 4000  [2018-04-29 15:56:17 622] - Components::process(): Request for the process of identity...
   DEBUG      dbmgr-1 21461 4000  [2018-04-29 15:56:14 147] - DBInterfaceMysql::attach: connect: localhost:3306 starting...
   DEBUG      dbmgr-1 21461 4000  [2018-04-29 15:56:14 147] - DBInterfaceMysql::attach: connect: localhost:3306 starting...
   DEBUG      dbmgr-1 21461 4000  [2018-04-29 15:56:14 147] - DBInterfaceMysql::attach: connect: localhost:3306 starting...
   DEBUG      dbmgr-1 21461 4000  [2018-04-29 15:56:14 147] - DBInterfaceMysql::attach: connect: localhost:3306 starting...
   DEBUG      dbmgr-1 21461 4000  [2018-04-29 15:56:14 148] - DBInterfaceMysql::attach: connect: localhost:3306 starting...
   DEBUG      dbmgr-1 21461 4000  [2018-04-29 15:56:14 149] - DBInterfaceMysql::attach: successfully! addr: localhost:3306
   DEBUG      dbmgr-1 21461 4000  [2018-04-29 15:56:14 149] - DBThread::onStart(): 0x1d27f50!
   DEBUG      dbmgr-1 21461 4000  [2018-04-29 15:56:14 150] - DBInterfaceMysql::attach: successfully! addr: localhost:3306
   DEBUG      dbmgr-1 21461 4000  [2018-04-29 15:56:14 150] - DBThread::onStart(): 0x1d27ec8!
   DEBUG      dbmgr-1 21461 4000  [2018-04-29 15:56:14 150] - DBInterfaceMysql::attach: successfully! addr: localhost:3306
   DEBUG      dbmgr-1 21461 4000  [2018-04-29 15:56:14 150] - DBThread::onStart(): 0x1d27fd8!
   DEBUG      dbmgr-1 21461 4000  [2018-04-29 15:56:14 151] - DBInterfaceMysql::attach: successfully! addr: localhost:3306
   DEBUG      dbmgr-1 21461 4000  [2018-04-29 15:56:14 151] - DBThread::onStart(): 0x1d28060!
   DEBUG      dbmgr-1 21461 4000  [2018-04-29 15:56:14 153] - DBInterfaceMysql::attach: successfully! addr: localhost:3306
   DEBUG      dbmgr-1 21461 4000  [2018-04-29 15:56:14 153] - DBThread::onStart(): 0x1d280e8!
    INFO      dbmgr-1 21461 4000  [2018-04-29 15:56:15 189] - DBInterfaceMysql::query: successfully!
    INFO      dbmgr-1 21461 4000  [2018-04-29 15:56:15 696] - DBInterfaceMysql::query: successfully!
 WARNING      dbmgr-1 21461 4000  [2018-04-29 15:56:15 697] - DBTask::process(): took 0.55 seconds
sql:(CREATE TABLE IF NOT EXISTS kbe_accountinfos (`accountName` varchar(128) not null, PRIMARY KEY idKey (`accountName`),`password` varchar(255),`bindata` blob,`email` varchar(191) not null, UNIQUE KEY `email` (`email`),`entityDBID` bigint(20) unsigned not null DEFAULT 0, UNIQUE KEY `entityDBID` (`entityDBID`),`flags` int unsigned not null DEFAULT 0,`deadline` bigint(20) not null DEFAULT 0,`regtime` bigint(20) not null DEFAULT 0,`lasttime` bigint(20) not null DEFAULT 0,`numlogin` int unsigned not null DEFAULT 0)ENGINE=InnoDB)
    INFO      dbmgr-1 21461 4000  [2018-04-29 15:56:15 738] - DBInterfaceMysql::query: successfully!
    INFO      dbmgr-1 21461 4000  [2018-04-29 15:56:15 964] - DBInterfaceMysql::query: successfully!
   DEBUG      dbmgr-1 21461 4000  [2018-04-29 15:56:15 964] - syncToDB(): Account->sm_autoLoad(tinyint not null DEFAULT 0).
 WARNING      dbmgr-1 21461 4000  [2018-04-29 15:56:15 993] - DBTask::process(): took 0.85 seconds
sql:(insert into kbe_serverlog (heartbeatTime, logger) values(1524988575,4000) ON DUPLICATE KEY UPDATE heartbeatTime=1524988575)
    INFO      dbmgr-1 21461 4000  [2018-04-29 15:56:16 197] - DBInterfaceMysql::query: successfully!
 WARNING      dbmgr-1 21461 4000  [2018-04-29 15:56:16 197] - DBTask::process(): took 1.05 seconds
sql:(delete from kbe_entitylog where logger in (4000))
    INFO      dbmgr-1 21461 4000  [2018-04-29 15:56:16 236] - DBInterfaceMysql::query: successfully!
    INFO      dbmgr-1 21461 4000  [2018-04-29 15:56:16 237] - DBInterfaceMysql::query: successfully!
    INFO      dbmgr-1 21461 4000  [2018-04-29 15:56:16 238] - DBInterfaceMysql::query: successfully!
 WARNING      dbmgr-1 21461 4000  [2018-04-29 15:56:16 238] - DBTask::process(): took 1.09 seconds
sql:(delete from kbe_email_verification where logtime<1524984976 and type=3)
    INFO      dbmgr-1 21461 4000  [2018-04-29 15:56:16 602] - DBInterfaceMysql::query: successfully!
 WARNING      dbmgr-1 21461 4000  [2018-04-29 15:56:16 603] - DBTask::process(): took 1.46 seconds
sql:(show index from tbl_Account)
    INFO      dbmgr-1 21461 4000  [2018-04-29 15:56:24 405] - ServerApp::onRegisterNewApp: uid:21461, username:, componentType:baseappmgr, componentID:5000, globalorderID=-1, grouporderID=-1, intaddr:192.168.0.106, intport:51792, extaddr:nonsupport, extport:0,  from 192.168.0.106:51813/0/0/0.
    INFO      dbmgr-1 21461 4000  [2018-04-29 15:56:24 405] - Components::addComponent: reset orderLog, uid=21461!
    INFO      dbmgr-1 21461 4000  [2018-04-29 15:56:24 406] - Components::addComponent[baseappmgr], uid=21461, componentID=5000, globalorderid=1, grouporderid=1, totalcount=1
    INFO      dbmgr-1 21461 4000  [2018-04-29 15:56:24 724] - Components::findComponents: find logger(1)...
    INFO      dbmgr-1 21461 4000  [2018-04-29 15:56:24 737] - Components::findComponents: found logger, addr:192.168.0.106:51799
    INFO      dbmgr-1 21461 4000  [2018-04-29 15:56:24 737] - Components::addComponent[logger], uid=21461, componentID=2000, globalorderid=2, grouporderid=1, totalcount=1
    INFO      dbmgr-1 21461 4000  [2018-04-29 15:56:24 744] - Components::process(): Found all the components!
    INFO      dbmgr-1 21461 4000  [2018-04-29 15:56:25 984] - ServerApp::onRegisterNewApp: uid:21461, username:, componentType:loginapp, componentID:9000, globalorderID=-1, grouporderID=-1, intaddr:192.168.0.106, intport:51798, extaddr:192.168.0.106, extport:20013,  from 192.168.0.106:51816/0/0/0.
    INFO      dbmgr-1 21461 4000  [2018-04-29 15:56:25 984] - Components::addComponent[loginapp], uid=21461, componentID=9000, globalorderid=3, grouporderid=1, totalcount=1
    INFO      dbmgr-1 21461 4000  [2018-04-29 15:56:27 103] - ServerApp::onRegisterNewApp: uid:21461, username:, componentType:cellappmgr, componentID:6000, globalorderID=-1, grouporderID=-1, intaddr:192.168.0.106, intport:51793, extaddr:nonsupport, extport:0,  from 192.168.0.106:51818/0/0/0.
    INFO      dbmgr-1 21461 4000  [2018-04-29 15:56:27 103] - Components::addComponent[cellappmgr], uid=21461, componentID=6000, globalorderid=4, grouporderid=1, totalcount=1
    INFO      dbmgr-1 21461 4000  [2018-04-29 15:56:28 003] - ServerApp::onRegisterNewApp: uid:21461, username:, componentType:cellapp, componentID:8001, globalorderID=-1, grouporderID=-1, intaddr:192.168.0.106, intport:51796, extaddr:nonsupport, extport:0,  from 192.168.0.106:51820/0/0/0.
    INFO      dbmgr-1 21461 4000  [2018-04-29 15:56:28 003] - Components::addComponent[cellapp], uid=21461, componentID=8001, globalorderid=5, grouporderid=1, totalcount=1
    INFO      dbmgr-1 21461 4000  [2018-04-29 15:56:28 323] - ServerApp::onRegisterNewApp: uid:21461, username:, componentType:baseapp, componentID:7001, globalorderID=-1, grouporderID=-1, intaddr:192.168.0.106, intport:51797, extaddr:192.168.0.106, extport:20015,  from 192.168.0.106:51823/0/0/0.
    INFO      dbmgr-1 21461 4000  [2018-04-29 15:56:28 323] - Components::addComponent[baseapp], uid=21461, componentID=7001, globalorderid=6, grouporderid=1, totalcount=1
    INFO      dbmgr-1 21461 4000  [2018-04-29 15:56:31 343] - IDServer::allocRange: 1-2001.
    INFO      dbmgr-1 21461 4000  [2018-04-29 15:56:31 343] - IDServer::allocRange: 2001-4001.
   DEBUG      dbmgr-1 21461 4000  [2018-04-29 15:56:31 343] - SyncAppDatasHandler::~SyncAppDatasHandler()
