    INFO      dbmgr-1 16037 4000  [2018-11-01 00:02:30 607] - -----------------------------------------------------------------------------------------


    INFO      dbmgr-1 16037 4000  [2018-11-01 00:02:30 607] - Resmgr::initialize: KBE_ROOT=E:/kbengine/
    INFO      dbmgr-1 16037 4000  [2018-11-01 00:02:30 608] - Resmgr::initialize: KBE_RES_PATH=E:/kbengine/kbe/res/;E:/kbengine/assets/;E:/kbengine/assets/scripts/;E:/kbengine/assets/res/
    INFO      dbmgr-1 16037 4000  [2018-11-01 00:02:30 608] - Resmgr::initialize: KBE_BIN_PATH=E:/kbengine/kbe/bin/server/
    INFO      dbmgr-1 16037 4000  [2018-11-01 00:02:30 620] - NetworkInterface::initialize(INTERNAL): bound to all interfaces with default route interface on 192.168.0.107 ( 192.168.0.107:49662 )
    INFO      dbmgr-1 16037 4000  [2018-11-01 00:02:30 620] - NetworkInterface::initialize(INTERNAL): address 192.168.0.107:49662, SOMAXCONN=5.
    INFO      dbmgr-1 16037 4000  [2018-11-01 00:02:30 620] - server-configs:
    INFO      dbmgr-1 16037 4000  [2018-11-01 00:02:30 620] - 	internalAddr : 192.168.0.107:49662
    INFO      dbmgr-1 16037 4000  [2018-11-01 00:02:30 620] - 	componentID : 4000
    INFO      dbmgr-1 16037 4000  [2018-11-01 00:02:32 136] - ---- dbmgr Version: 2.0.0. ScriptVersion: 0.1.0. Protocol: F28F1C37BCC70CD27B77841D4A30E3D7. Config: Debug X86. Built: 15:52:44 Apr 29 2018. AppID: 4000. UID: 16037. PID: 9064 ----
    INFO      dbmgr-1 16037 4000  [2018-11-01 00:02:32 137] - Server : Intel(R) Xeon(R) CPU E3-1230 v3 @ 3.30GHz with 4194303kB RAM
    INFO      dbmgr-1 16037 4000  [2018-11-01 00:02:32 138] - ThreadPool::createThreadPool: creating  threadpool...
    INFO      dbmgr-1 16037 4000  [2018-11-01 00:02:32 139] - ThreadPool::createThreadPool: successfully(2), newThreadCount=1, normalMaxThreadCount=2, maxThreadCount=8
   DEBUG      dbmgr-1 16037 4000  [2018-11-01 00:02:32 314] - Script::install_py_dlls(): PyInit_pyexpat
   DEBUG      dbmgr-1 16037 4000  [2018-11-01 00:02:32 314] - Script::install_py_dlls(): PyInit__socket
   DEBUG      dbmgr-1 16037 4000  [2018-11-01 00:02:32 315] - Script::install_py_dlls(): PyInit__ssl
   DEBUG      dbmgr-1 16037 4000  [2018-11-01 00:02:32 319] - Script::install_py_dlls(): PyInit__hashlib
   DEBUG      dbmgr-1 16037 4000  [2018-11-01 00:02:32 319] - Script::install_py_dlls(): PyInit_select
   DEBUG      dbmgr-1 16037 4000  [2018-11-01 00:02:32 319] - Script::install_py_dlls(): PyInit__ctypes
   DEBUG      dbmgr-1 16037 4000  [2018-11-01 00:02:32 320] - Script::install_py_dlls(): PyInit__elementtree
   DEBUG      dbmgr-1 16037 4000  [2018-11-01 00:02:32 348] - Script::install_py_dlls(): PyInit_unicodedata
    INFO      dbmgr-1 16037 4000  [2018-11-01 00:02:32 379] - Script::install(): is successfully, Python=(3.4.2 (default, Apr 29 2018, 15:52:37) [MSC v.1913 32 bit (Intel)])!
    INFO      dbmgr-1 16037 4000  [2018-11-01 00:02:32 379] - Script::install(): KBExtra is successfully!
    INFO      dbmgr-1 16037 4000  [2018-11-01 00:02:32 401] - Dbmgr::initializeEnd: digest(7F4FC8296AD553545CD95B23EFF6238F)
  S_INFO      dbmgr-1 16037 4000  [2018-11-01 00:02:32 401] - onDBMgrReady: bootstrapGroupIndex=0, bootstrapGlobalIndex=0
    INFO      dbmgr-1 16037 4000  [2018-11-01 00:02:32 402] - TelnetServer server is running on port 32000
    INFO      dbmgr-1 16037 4000  [2018-11-01 00:02:32 402] - Dbmgr::initInterfacesHandler: interfaces addr(127.0.0.1:30099), accountType:(interfaces), chargeType:(interfaces).
 WARNING      dbmgr-1 16037 4000  [2018-11-01 00:02:32 752] - DBUtil::initialize: db(default) password is not encrypted!
please use password(rsa):
00F64B7C3C87F171413F1A90DBF43FD54AA77D77ABB9688A4B8406A87F42BEDD9C2A744C548F8E91BD5219D861655BFE711FC6801E0B2E165E9714F698C7A9B74E14844BE569CF91D963D968EB3BD09520916CCFD9D106E79772F44AD301F58866CD22B193E445242EC4E896748EB4B77C5420319E34F4C854734199ECC1893F
   DEBUG      dbmgr-1 16037 4000  [2018-11-01 00:02:32 754] - DBInterfaceMysql::attach: connect: localhost:3306 starting...
   DEBUG      dbmgr-1 16037 4000  [2018-11-01 00:02:32 757] - DBInterfaceMysql::attach: successfully! addr: localhost:3306
    INFO      dbmgr-1 16037 4000  [2018-11-01 00:02:32 757] - DBUtil::createInterface[0x37f1e0]: interface=default, dbtype=mysql, ip=localhost, port=3306, currdatabase=kbe, username=kbe, connected=yes.

    INFO      dbmgr-1 16037 4000  [2018-11-01 00:02:32 757] - ThreadPool::createThreadPool: creating  threadpool...
    INFO      dbmgr-1 16037 4000  [2018-11-01 00:02:32 758] - ThreadPool::createThreadPool: successfully(5), newThreadCount=5, normalMaxThreadCount=5, maxThreadCount=5
    INFO      dbmgr-1 16037 4000  [2018-11-01 00:02:32 859] - DBInterfaceMysql::query: successfully!
    INFO      dbmgr-1 16037 4000  [2018-11-01 00:02:32 860] - DBInterfaceMysql::query: successfully!
 WARNING      dbmgr-1 16037 4000  [2018-11-01 00:02:32 900] - e:\kbengine\kbe\src\server\dbmgr\dbmgr.cpp:275: Profile scriptCall took 0.50 seconds
    INFO      dbmgr-1 16037 4000  [2018-11-01 00:02:33 185] - ---- dbmgr is running ----
   DEBUG      dbmgr-1 16037 4000  [2018-11-01 00:02:33 185] - Components::process(): Request for the process of identity...
   DEBUG      dbmgr-1 16037 4000  [2018-11-01 00:02:32 758] - DBInterfaceMysql::attach: connect: localhost:3306 starting...
   DEBUG      dbmgr-1 16037 4000  [2018-11-01 00:02:32 758] - DBInterfaceMysql::attach: connect: localhost:3306 starting...
   DEBUG      dbmgr-1 16037 4000  [2018-11-01 00:02:32 758] - DBInterfaceMysql::attach: connect: localhost:3306 starting...
   DEBUG      dbmgr-1 16037 4000  [2018-11-01 00:02:32 758] - DBInterfaceMysql::attach: connect: localhost:3306 starting...
   DEBUG      dbmgr-1 16037 4000  [2018-11-01 00:02:32 759] - DBInterfaceMysql::attach: connect: localhost:3306 starting...
   DEBUG      dbmgr-1 16037 4000  [2018-11-01 00:02:32 759] - DBInterfaceMysql::attach: successfully! addr: localhost:3306
   DEBUG      dbmgr-1 16037 4000  [2018-11-01 00:02:32 759] - DBThread::onStart(): 0x81de70!
   DEBUG      dbmgr-1 16037 4000  [2018-11-01 00:02:32 759] - DBInterfaceMysql::attach: successfully! addr: localhost:3306
   DEBUG      dbmgr-1 16037 4000  [2018-11-01 00:02:32 760] - DBThread::onStart(): 0x81def8!
   DEBUG      dbmgr-1 16037 4000  [2018-11-01 00:02:32 760] - DBInterfaceMysql::attach: successfully! addr: localhost:3306
   DEBUG      dbmgr-1 16037 4000  [2018-11-01 00:02:32 760] - DBThread::onStart(): 0x81df80!
   DEBUG      dbmgr-1 16037 4000  [2018-11-01 00:02:32 760] - DBInterfaceMysql::attach: successfully! addr: localhost:3306
   DEBUG      dbmgr-1 16037 4000  [2018-11-01 00:02:32 760] - DBInterfaceMysql::attach: successfully! addr: localhost:3306
   DEBUG      dbmgr-1 16037 4000  [2018-11-01 00:02:32 760] - DBThread::onStart(): 0x81e008!
   DEBUG      dbmgr-1 16037 4000  [2018-11-01 00:02:32 760] - DBThread::onStart(): 0x81e090!
    INFO      dbmgr-1 16037 4000  [2018-11-01 00:02:32 861] - DBInterfaceMysql::query: successfully!
    INFO      dbmgr-1 16037 4000  [2018-11-01 00:02:32 861] - DBInterfaceMysql::query: successfully!
    INFO      dbmgr-1 16037 4000  [2018-11-01 00:02:32 861] - DBInterfaceMysql::query: successfully!
    INFO      dbmgr-1 16037 4000  [2018-11-01 00:02:32 862] - DBInterfaceMysql::query: successfully!
    INFO      dbmgr-1 16037 4000  [2018-11-01 00:02:32 862] - DBInterfaceMysql::query: successfully!
    INFO      dbmgr-1 16037 4000  [2018-11-01 00:02:32 862] - DBInterfaceMysql::query: successfully!
    INFO      dbmgr-1 16037 4000  [2018-11-01 00:02:32 862] - DBInterfaceMysql::query: successfully!
    INFO      dbmgr-1 16037 4000  [2018-11-01 00:02:32 862] - DBInterfaceMysql::query: successfully!
    INFO      dbmgr-1 16037 4000  [2018-11-01 00:02:40 319] - Components::findComponents: find logger(1)...
    INFO      dbmgr-1 16037 4000  [2018-11-01 00:02:40 335] - Components::findComponents: found logger, addr:192.168.0.107:49666
    INFO      dbmgr-1 16037 4000  [2018-11-01 00:02:40 335] - Components::addComponent: reset orderLog, uid=16037!
    INFO      dbmgr-1 16037 4000  [2018-11-01 00:02:40 336] - Components::addComponent[logger], uid=16037, componentID=2000, globalorderid=1, grouporderid=1, totalcount=1
    INFO      dbmgr-1 16037 4000  [2018-11-01 00:02:40 362] - Components::process(): Found all the components!
    INFO      dbmgr-1 16037 4000  [2018-11-01 00:02:42 622] - ServerApp::onRegisterNewApp: uid:16037, username:, componentType:cellappmgr, componentID:6000, globalorderID=-1, grouporderID=-1, intaddr:192.168.0.107, intport:49667, extaddr:nonsupport, extport:0,  from 192.168.0.107:49686/0/0/0.
    INFO      dbmgr-1 16037 4000  [2018-11-01 00:02:42 622] - Components::addComponent: reset orderLog, uid=16037!
    INFO      dbmgr-1 16037 4000  [2018-11-01 00:02:42 622] - Components::addComponent[cellappmgr], uid=16037, componentID=6000, globalorderid=1, grouporderid=1, totalcount=1
    INFO      dbmgr-1 16037 4000  [2018-11-01 00:02:44 002] - ServerApp::onRegisterNewApp: uid:16037, username:, componentType:baseappmgr, componentID:5000, globalorderID=-1, grouporderID=-1, intaddr:192.168.0.107, intport:49664, extaddr:nonsupport, extport:0,  from 192.168.0.107:49688/0/0/0.
    INFO      dbmgr-1 16037 4000  [2018-11-01 00:02:44 002] - Components::addComponent[baseappmgr], uid=16037, componentID=5000, globalorderid=2, grouporderid=1, totalcount=1
    INFO      dbmgr-1 16037 4000  [2018-11-01 00:02:44 222] - ServerApp::onRegisterNewApp: uid:16037, username:, componentType:loginapp, componentID:9000, globalorderID=-1, grouporderID=-1, intaddr:192.168.0.107, intport:49669, extaddr:192.168.0.107, extport:20013,  from 192.168.0.107:49690/0/0/0.
    INFO      dbmgr-1 16037 4000  [2018-11-01 00:02:44 222] - Components::addComponent[loginapp], uid=16037, componentID=9000, globalorderid=3, grouporderid=1, totalcount=1
    INFO      dbmgr-1 16037 4000  [2018-11-01 00:02:46 402] - ServerApp::onRegisterNewApp: uid:16037, username:, componentType:cellapp, componentID:8001, globalorderID=-1, grouporderID=-1, intaddr:192.168.0.107, intport:49668, extaddr:nonsupport, extport:0,  from 192.168.0.107:49692/0/0/0.
    INFO      dbmgr-1 16037 4000  [2018-11-01 00:02:46 402] - Components::addComponent[cellapp], uid=16037, componentID=8001, globalorderid=4, grouporderid=1, totalcount=1
    INFO      dbmgr-1 16037 4000  [2018-11-01 00:02:46 902] - ServerApp::onRegisterNewApp: uid:16037, username:, componentType:baseapp, componentID:7001, globalorderID=-1, grouporderID=-1, intaddr:192.168.0.107, intport:49665, extaddr:192.168.0.107, extport:20015,  from 192.168.0.107:49707/0/0/0.
    INFO      dbmgr-1 16037 4000  [2018-11-01 00:02:46 902] - Components::addComponent[baseapp], uid=16037, componentID=7001, globalorderid=5, grouporderid=1, totalcount=1
    INFO      dbmgr-1 16037 4000  [2018-11-01 00:02:49 918] - IDServer::allocRange: 1-2001.
    INFO      dbmgr-1 16037 4000  [2018-11-01 00:02:49 918] - IDServer::allocRange: 2001-4001.
   DEBUG      dbmgr-1 16037 4000  [2018-11-01 00:02:49 918] - SyncAppDatasHandler::~SyncAppDatasHandler()
    INFO      dbmgr-1 16037 4000  [2018-11-01 00:02:51 802] - GlobalDataServer::broadcastDataChanged: writer(baseapp, addr=192.168.0.107:49707/0/0/0), keySize=11, valSize=52, isDelete=0
   DEBUG      dbmgr-1 16037 4000  [2018-11-01 00:02:56 142] - Dbmgr::onAccountLogin:loginName=1, accountName=1, success=0, componentID=0, entityID=0, dbid=3, flags=0, deadline=0.
   DEBUG      dbmgr-1 16037 4000  [2018-11-01 00:02:58 342] - Dbmgr::queryAccount: 1, success=1, flags=0, deadline=0.
    INFO      dbmgr-1 16037 4000  [2018-11-01 00:03:03 522] - GlobalDataServer::broadcastDataChanged: writer(cellapp, addr=192.168.0.107:49692/0/0/0), keySize=12, valSize=52, isDelete=0
   DEBUG      dbmgr-1 16037 4000  [2018-11-01 00:03:15 842] - Dbmgr::onAccountLogin:loginName=2, accountName=2, success=0, componentID=0, entityID=0, dbid=6, flags=0, deadline=0.
   DEBUG      dbmgr-1 16037 4000  [2018-11-01 00:03:18 242] - Dbmgr::queryAccount: 2, success=1, flags=0, deadline=0.
   DEBUG      dbmgr-1 16037 4000  [2018-11-01 00:10:03 038] - Dbmgr::writeEntity: Account(6).
   DEBUG      dbmgr-1 16037 4000  [2018-11-01 00:12:33 037] - Dbmgr::writeEntity: Account(3).
   DEBUG      dbmgr-1 16037 4000  [2018-11-01 00:15:03 035] - Dbmgr::writeEntity: Account(6).
   DEBUG      dbmgr-1 16037 4000  [2018-11-01 00:17:33 055] - Dbmgr::writeEntity: Account(3).
   DEBUG      dbmgr-1 16037 4000  [2018-11-01 00:20:03 033] - Dbmgr::writeEntity: Account(3).
   DEBUG      dbmgr-1 16037 4000  [2018-11-01 00:22:33 032] - Dbmgr::writeEntity: Account(6).
   DEBUG      dbmgr-1 16037 4000  [2018-11-01 00:25:03 050] - Dbmgr::writeEntity: Account(6).
   DEBUG      dbmgr-1 16037 4000  [2018-11-01 00:25:06 331] - Dbmgr::onAccountLogin:loginName=1, accountName=1, success=10, componentID=7001, entityID=2002, dbid=3, flags=0, deadline=0.
   DEBUG      dbmgr-1 16037 4000  [2018-11-01 00:25:17 830] - Dbmgr::onAccountLogin:loginName=1, accountName=1, success=10, componentID=7001, entityID=2002, dbid=3, flags=0, deadline=0.
    INFO      dbmgr-1 18977 4000  [2018-11-01 22:35:45 740] - -----------------------------------------------------------------------------------------


    INFO      dbmgr-1 18977 4000  [2018-11-01 22:35:46 165] - Resmgr::initialize: KBE_ROOT=E:/kbengine/
    INFO      dbmgr-1 18977 4000  [2018-11-01 22:35:46 165] - Resmgr::initialize: KBE_RES_PATH=E:/kbengine/kbe/res/;E:/kbengine/assets/;E:/kbengine/assets/scripts/;E:/kbengine/assets/res/
    INFO      dbmgr-1 18977 4000  [2018-11-01 22:35:46 166] - Resmgr::initialize: KBE_BIN_PATH=E:/kbengine/kbe/bin/server/
    INFO      dbmgr-1 18977 4000  [2018-11-01 22:35:47 377] - NetworkInterface::initialize(INTERNAL): bound to all interfaces with default route interface on 192.168.0.107 ( 192.168.0.107:50014 )
    INFO      dbmgr-1 18977 4000  [2018-11-01 22:35:47 378] - NetworkInterface::initialize(INTERNAL): address 192.168.0.107:50014, SOMAXCONN=5.
    INFO      dbmgr-1 18977 4000  [2018-11-01 22:35:47 634] - server-configs:
    INFO      dbmgr-1 18977 4000  [2018-11-01 22:35:47 634] - 	internalAddr : 192.168.0.107:50014
    INFO      dbmgr-1 18977 4000  [2018-11-01 22:35:47 634] - 	componentID : 4000
    INFO      dbmgr-1 18977 4000  [2018-11-01 22:35:49 323] - ---- dbmgr Version: 2.0.0. ScriptVersion: 0.1.0. Protocol: F28F1C37BCC70CD27B77841D4A30E3D7. Config: Debug X86. Built: 15:52:44 Apr 29 2018. AppID: 4000. UID: 18977. PID: 3160 ----
    INFO      dbmgr-1 18977 4000  [2018-11-01 22:35:49 324] - Server : Intel(R) Xeon(R) CPU E3-1230 v3 @ 3.30GHz with 4194303kB RAM
    INFO      dbmgr-1 18977 4000  [2018-11-01 22:35:49 348] - ThreadPool::createThreadPool: creating  threadpool...
    INFO      dbmgr-1 18977 4000  [2018-11-01 22:35:49 424] - ThreadPool::createThreadPool: successfully(2), newThreadCount=1, normalMaxThreadCount=2, maxThreadCount=8
   DEBUG      dbmgr-1 18977 4000  [2018-11-01 22:35:53 611] - Script::install_py_dlls(): PyInit_pyexpat
   DEBUG      dbmgr-1 18977 4000  [2018-11-01 22:35:53 720] - Script::install_py_dlls(): PyInit__socket
   DEBUG      dbmgr-1 18977 4000  [2018-11-01 22:35:53 774] - Script::install_py_dlls(): PyInit__ssl
   DEBUG      dbmgr-1 18977 4000  [2018-11-01 22:35:54 787] - Script::install_py_dlls(): PyInit__hashlib
   DEBUG      dbmgr-1 18977 4000  [2018-11-01 22:35:54 810] - Script::install_py_dlls(): PyInit_select
   DEBUG      dbmgr-1 18977 4000  [2018-11-01 22:35:54 812] - Script::install_py_dlls(): PyInit__ctypes
   DEBUG      dbmgr-1 18977 4000  [2018-11-01 22:35:54 991] - Script::install_py_dlls(): PyInit__elementtree
   DEBUG      dbmgr-1 18977 4000  [2018-11-01 22:35:56 130] - Script::install_py_dlls(): PyInit_unicodedata
    INFO      dbmgr-1 18977 4000  [2018-11-01 22:35:58 554] - Script::install(): is successfully, Python=(3.4.2 (default, Apr 29 2018, 15:52:37) [MSC v.1913 32 bit (Intel)])!
    INFO      dbmgr-1 18977 4000  [2018-11-01 22:35:58 554] - Script::install(): KBExtra is successfully!
    INFO      dbmgr-1 18977 4000  [2018-11-01 22:36:00 207] - Dbmgr::initializeEnd: digest(7F4FC8296AD553545CD95B23EFF6238F)
  S_INFO      dbmgr-1 18977 4000  [2018-11-01 22:36:00 207] - onDBMgrReady: bootstrapGroupIndex=0, bootstrapGlobalIndex=0
    INFO      dbmgr-1 18977 4000  [2018-11-01 22:36:00 286] - TelnetServer server is running on port 32000
    INFO      dbmgr-1 18977 4000  [2018-11-01 22:36:00 305] - Dbmgr::initInterfacesHandler: interfaces addr(127.0.0.1:30099), accountType:(interfaces), chargeType:(interfaces).
 WARNING      dbmgr-1 18977 4000  [2018-11-01 22:36:00 914] - DBUtil::initialize: db(default) password is not encrypted!
please use password(rsa):
CBEEE7D553E48B8E4CA2C18254FDB3B00037204A54F39EB94875653AA4FD537BD8D5CA9EB391F992F697515B49A69D32FC9A337A35B591A2C43354719533F4D8A19F32DF207BB55D97B8BD91AA7373E77DAFBCAE7266164172C891FCFBDD8993E961B58EF4CF29E374DAFA574EF52632B4F9B43A3699005CB44D0957EC0C8173
   DEBUG      dbmgr-1 18977 4000  [2018-11-01 22:36:02 081] - DBInterfaceMysql::attach: connect: localhost:3306 starting...
   DEBUG      dbmgr-1 18977 4000  [2018-11-01 22:36:05 034] - DBInterfaceMysql::attach: successfully! addr: localhost:3306
    INFO      dbmgr-1 18977 4000  [2018-11-01 22:36:05 034] - DBUtil::createInterface[0x3ff4f4]: interface=default, dbtype=mysql, ip=localhost, port=3306, currdatabase=kbe, username=kbe, connected=yes.

    INFO      dbmgr-1 18977 4000  [2018-11-01 22:36:05 085] - ThreadPool::createThreadPool: creating  threadpool...
    INFO      dbmgr-1 18977 4000  [2018-11-01 22:36:05 089] - ThreadPool::createThreadPool: successfully(5), newThreadCount=5, normalMaxThreadCount=5, maxThreadCount=5
    INFO      dbmgr-1 18977 4000  [2018-11-01 22:36:05 475] - DBInterfaceMysql::query: successfully!
    INFO      dbmgr-1 18977 4000  [2018-11-01 22:36:05 479] - DBInterfaceMysql::query: successfully!
 WARNING      dbmgr-1 18977 4000  [2018-11-01 22:36:06 921] - e:\kbengine\kbe\src\server\dbmgr\dbmgr.cpp:275: Profile scriptCall took 6.71 seconds
    INFO      dbmgr-1 18977 4000  [2018-11-01 22:36:07 699] - ---- dbmgr is running ----
   DEBUG      dbmgr-1 18977 4000  [2018-11-01 22:36:07 786] - Components::process(): Request for the process of identity...
   DEBUG      dbmgr-1 18977 4000  [2018-11-01 22:36:05 086] - DBInterfaceMysql::attach: connect: localhost:3306 starting...
   DEBUG      dbmgr-1 18977 4000  [2018-11-01 22:36:05 087] - DBInterfaceMysql::attach: connect: localhost:3306 starting...
   DEBUG      dbmgr-1 18977 4000  [2018-11-01 22:36:05 088] - DBInterfaceMysql::attach: connect: localhost:3306 starting...
   DEBUG      dbmgr-1 18977 4000  [2018-11-01 22:36:05 089] - DBInterfaceMysql::attach: connect: localhost:3306 starting...
   DEBUG      dbmgr-1 18977 4000  [2018-11-01 22:36:05 090] - DBInterfaceMysql::attach: connect: localhost:3306 starting...
   DEBUG      dbmgr-1 18977 4000  [2018-11-01 22:36:05 092] - DBInterfaceMysql::attach: successfully! addr: localhost:3306
   DEBUG      dbmgr-1 18977 4000  [2018-11-01 22:36:05 092] - DBThread::onStart(): 0x244c50!
   DEBUG      dbmgr-1 18977 4000  [2018-11-01 22:36:05 094] - DBInterfaceMysql::attach: successfully! addr: localhost:3306
   DEBUG      dbmgr-1 18977 4000  [2018-11-01 22:36:05 095] - DBThread::onStart(): 0x244bc8!
   DEBUG      dbmgr-1 18977 4000  [2018-11-01 22:36:05 096] - DBInterfaceMysql::attach: successfully! addr: localhost:3306
   DEBUG      dbmgr-1 18977 4000  [2018-11-01 22:36:05 096] - DBThread::onStart(): 0x244cd8!
   DEBUG      dbmgr-1 18977 4000  [2018-11-01 22:36:05 097] - DBInterfaceMysql::attach: successfully! addr: localhost:3306
   DEBUG      dbmgr-1 18977 4000  [2018-11-01 22:36:05 097] - DBInterfaceMysql::attach: successfully! addr: localhost:3306
   DEBUG      dbmgr-1 18977 4000  [2018-11-01 22:36:05 097] - DBThread::onStart(): 0x244de8!
   DEBUG      dbmgr-1 18977 4000  [2018-11-01 22:36:05 098] - DBThread::onStart(): 0x244d60!
    INFO      dbmgr-1 18977 4000  [2018-11-01 22:36:05 698] - DBInterfaceMysql::query: successfully!
    INFO      dbmgr-1 18977 4000  [2018-11-01 22:36:05 816] - DBInterfaceMysql::query: successfully!
    INFO      dbmgr-1 18977 4000  [2018-11-01 22:36:06 298] - DBInterfaceMysql::query: successfully!
    INFO      dbmgr-1 18977 4000  [2018-11-01 22:36:06 299] - DBInterfaceMysql::query: successfully!
 WARNING      dbmgr-1 18977 4000  [2018-11-01 22:36:06 322] - DBTask::process(): took 0.82 seconds
sql:(insert into kbe_serverlog (heartbeatTime, logger) values(1541082965,4000) ON DUPLICATE KEY UPDATE heartbeatTime=1541082965)
 WARNING      dbmgr-1 18977 4000  [2018-11-01 22:36:06 324] - DBTask::process(): took 0.82 seconds
sql:(CREATE TABLE IF NOT EXISTS kbe_accountinfos (`accountName` varchar(128) not null, PRIMARY KEY idKey (`accountName`),`password` varchar(255),`bindata` blob,`email` varchar(191) not null, UNIQUE KEY `email` (`email`),`entityDBID` bigint(20) unsigned not null DEFAULT 0, UNIQUE KEY `entityDBID` (`entityDBID`),`flags` int unsigned not null DEFAULT 0,`deadline` bigint(20) not null DEFAULT 0,`regtime` bigint(20) not null DEFAULT 0,`lasttime` bigint(20) not null DEFAULT 0,`numlogin` int unsigned not null DEFAULT 0)ENGINE=InnoDB)
 WARNING      dbmgr-1 18977 4000  [2018-11-01 22:36:06 346] - DBTask::process(): took 0.87 seconds
sql:(show index from tbl_CheckName)
    INFO      dbmgr-1 18977 4000  [2018-11-01 22:36:06 893] - DBInterfaceMysql::query: successfully!
    INFO      dbmgr-1 18977 4000  [2018-11-01 22:36:06 893] - DBInterfaceMysql::query: successfully!
 WARNING      dbmgr-1 18977 4000  [2018-11-01 22:36:06 894] - DBTask::process(): took 1.41 seconds
sql:(delete from kbe_entitylog where logger in (4000))
    INFO      dbmgr-1 18977 4000  [2018-11-01 22:36:06 894] - DBInterfaceMysql::query: successfully!
    INFO      dbmgr-1 18977 4000  [2018-11-01 22:36:06 896] - DBInterfaceMysql::query: successfully!
 WARNING      dbmgr-1 18977 4000  [2018-11-01 22:36:06 896] - DBTask::process(): took 1.42 seconds
sql:(delete from kbe_email_verification where logtime<1541079366 and type=3)
 WARNING      dbmgr-1 18977 4000  [2018-11-01 22:36:06 897] - DBTask::process(): took 0.57 seconds
sql:(show index from tbl_Halls)
 WARNING      dbmgr-1 18977 4000  [2018-11-01 22:36:06 898] - DBTask::process(): took 0.55 seconds
sql:(show index from tbl_Room)
 WARNING      dbmgr-1 18977 4000  [2018-11-01 22:36:14 659] - e:\kbengine\kbe\src\lib\network\event_dispatcher.cpp:153: Profile callSystemTimers took 0.33 seconds
    INFO      dbmgr-1 18977 4000  [2018-11-01 22:36:14 738] - ServerApp::onRegisterNewApp: uid:18977, username:, componentType:cellappmgr, componentID:6000, globalorderID=-1, grouporderID=-1, intaddr:192.168.0.107, intport:50012, extaddr:nonsupport, extport:0,  from 192.168.0.107:50043/0/0/0.
    INFO      dbmgr-1 18977 4000  [2018-11-01 22:36:14 738] - Components::addComponent: reset orderLog, uid=18977!
    INFO      dbmgr-1 18977 4000  [2018-11-01 22:36:14 738] - Components::addComponent[cellappmgr], uid=18977, componentID=6000, globalorderid=1, grouporderid=1, totalcount=1
    INFO      dbmgr-1 18977 4000  [2018-11-01 22:36:14 739] - ServerApp::onRegisterNewApp: uid:18977, username:, componentType:baseappmgr, componentID:5000, globalorderID=-1, grouporderID=-1, intaddr:192.168.0.107, intport:50015, extaddr:nonsupport, extport:0,  from 192.168.0.107:50045/0/0/0.
    INFO      dbmgr-1 18977 4000  [2018-11-01 22:36:14 739] - Components::addComponent[baseappmgr], uid=18977, componentID=5000, globalorderid=2, grouporderid=1, totalcount=1
    INFO      dbmgr-1 18977 4000  [2018-11-01 22:36:15 708] - Components::findComponents: find logger(1)...
    INFO      dbmgr-1 18977 4000  [2018-11-01 22:36:15 737] - Components::findComponents: found logger, addr:192.168.0.107:50011
    INFO      dbmgr-1 18977 4000  [2018-11-01 22:36:15 737] - Components::addComponent[logger], uid=18977, componentID=2000, globalorderid=3, grouporderid=1, totalcount=1
    INFO      dbmgr-1 18977 4000  [2018-11-01 22:36:15 886] - Components::process(): Found all the components!
    INFO      dbmgr-1 18977 4000  [2018-11-01 22:36:20 687] - ServerApp::onRegisterNewApp: uid:18977, username:, componentType:loginapp, componentID:9000, globalorderID=-1, grouporderID=-1, intaddr:192.168.0.107, intport:50020, extaddr:192.168.0.107, extport:20013,  from 192.168.0.107:50059/0/0/0.
    INFO      dbmgr-1 18977 4000  [2018-11-01 22:36:20 687] - Components::addComponent[loginapp], uid=18977, componentID=9000, globalorderid=4, grouporderid=1, totalcount=1
   DEBUG      dbmgr-1 18977 4000  [2018-11-01 22:36:23 728] - SyncAppDatasHandler::~SyncAppDatasHandler()
    INFO      dbmgr-1 18977 4000  [2018-11-01 22:36:25 166] - ServerApp::onRegisterNewApp: uid:18977, username:, componentType:cellapp, componentID:8001, globalorderID=-1, grouporderID=-1, intaddr:192.168.0.107, intport:50025, extaddr:nonsupport, extport:0,  from 192.168.0.107:50071/0/0/0.
    INFO      dbmgr-1 18977 4000  [2018-11-01 22:36:25 166] - Components::addComponent[cellapp], uid=18977, componentID=8001, globalorderid=5, grouporderid=1, totalcount=1
    INFO      dbmgr-1 18977 4000  [2018-11-01 22:36:28 186] - IDServer::allocRange: 1-2001.
   DEBUG      dbmgr-1 18977 4000  [2018-11-01 22:36:28 186] - SyncAppDatasHandler::~SyncAppDatasHandler()
    INFO      dbmgr-1 18977 4000  [2018-11-01 22:36:32 567] - ServerApp::onRegisterNewApp: uid:18977, username:, componentType:baseapp, componentID:7001, globalorderID=-1, grouporderID=-1, intaddr:192.168.0.107, intport:50031, extaddr:192.168.0.107, extport:20015,  from 192.168.0.107:50082/0/0/0.
    INFO      dbmgr-1 18977 4000  [2018-11-01 22:36:32 567] - Components::addComponent[baseapp], uid=18977, componentID=7001, globalorderid=6, grouporderid=1, totalcount=1
    INFO      dbmgr-1 18977 4000  [2018-11-01 22:36:35 586] - IDServer::allocRange: 2001-4001.
   DEBUG      dbmgr-1 18977 4000  [2018-11-01 22:36:35 586] - SyncAppDatasHandler::~SyncAppDatasHandler()
    INFO      dbmgr-1 18977 4000  [2018-11-01 22:36:37 606] - GlobalDataServer::broadcastDataChanged: writer(baseapp, addr=192.168.0.107:50082/0/0/0), keySize=11, valSize=52, isDelete=0
   DEBUG      dbmgr-1 18977 4000  [2018-11-01 23:09:46 958] - Dbmgr::onAccountLogin:loginName=1, accountName=1, success=0, componentID=0, entityID=0, dbid=3, flags=0, deadline=0.
   DEBUG      dbmgr-1 18977 4000  [2018-11-01 23:09:47 438] - Dbmgr::queryAccount: 1, success=1, flags=0, deadline=0.
   DEBUG      dbmgr-1 18977 4000  [2018-11-01 23:10:49 576] - Dbmgr::onAccountLogin:loginName=1, accountName=1, success=10, componentID=7001, entityID=2002, dbid=3, flags=0, deadline=0.
   DEBUG      dbmgr-1 18977 4000  [2018-11-01 23:16:18 648] - Dbmgr::writeEntity: Account(3).
   DEBUG      dbmgr-1 18977 4000  [2018-11-01 23:19:34 763] - Dbmgr::onAccountLogin:loginName=1, accountName=1, success=10, componentID=7001, entityID=2002, dbid=3, flags=0, deadline=0.
   DEBUG      dbmgr-1 18977 4000  [2018-11-01 23:21:18 641] - Dbmgr::writeEntity: Account(3).
   DEBUG      dbmgr-1 18977 4000  [2018-11-01 23:24:23 577] - Dbmgr::onAccountLogin:loginName=1, accountName=1, success=10, componentID=7001, entityID=2002, dbid=3, flags=0, deadline=0.
   DEBUG      dbmgr-1 18977 4000  [2018-11-01 23:26:18 633] - Dbmgr::writeEntity: Account(3).
   DEBUG      dbmgr-1 18977 4000  [2018-11-01 23:31:18 627] - Dbmgr::writeEntity: Account(3).
   DEBUG      dbmgr-1 18977 4000  [2018-11-01 23:34:11 462] - Dbmgr::onAccountLogin:loginName=1, accountName=1, success=10, componentID=7001, entityID=2002, dbid=3, flags=0, deadline=0.
   DEBUG      dbmgr-1 18977 4000  [2018-11-01 23:36:06 939] - Dbmgr::DBTaskServerLog()
   DEBUG      dbmgr-1 18977 4000  [2018-11-01 23:36:18 599] - Dbmgr::writeEntity: Account(3).
   DEBUG      dbmgr-1 18977 4000  [2018-11-01 23:41:18 612] - Dbmgr::writeEntity: Account(3).
   DEBUG      dbmgr-1 18977 4000  [2018-11-01 23:46:18 605] - Dbmgr::writeEntity: Account(3).
   DEBUG      dbmgr-1 18977 4000  [2018-11-01 23:51:18 617] - Dbmgr::writeEntity: Account(3).
   DEBUG      dbmgr-1 18977 4000  [2018-11-01 23:56:18 610] - Dbmgr::writeEntity: Account(3).
   DEBUG      dbmgr-1 18977 4000  [2018-11-01 23:56:19 590] - Dbmgr::onAccountLogin:loginName=1, accountName=1, success=10, componentID=7001, entityID=2002, dbid=3, flags=0, deadline=0.
   DEBUG      dbmgr-1 18977 4000  [2018-11-01 23:57:06 769] - Dbmgr::onAccountLogin:loginName=1, accountName=1, success=10, componentID=7001, entityID=2002, dbid=3, flags=0, deadline=0.
