    INFO      dbmgr-1 28052 4000  [2018-05-20 11:25:40 328] - -----------------------------------------------------------------------------------------


    INFO      dbmgr-1 28052 4000  [2018-05-20 11:25:40 328] - Resmgr::initialize: KBE_ROOT=E:/kbengine/
    INFO      dbmgr-1 28052 4000  [2018-05-20 11:25:40 328] - Resmgr::initialize: KBE_RES_PATH=E:/kbengine/kbe/res/;E:/kbengine/assets/;E:/kbengine/assets/scripts/;E:/kbengine/assets/res/
    INFO      dbmgr-1 28052 4000  [2018-05-20 11:25:40 328] - Resmgr::initialize: KBE_BIN_PATH=E:/kbengine/kbe/bin/server/
    INFO      dbmgr-1 28052 4000  [2018-05-20 11:25:40 334] - NetworkInterface::initialize(INTERNAL): bound to all interfaces with default route interface on 192.168.0.104 ( 192.168.0.104:49930 )
    INFO      dbmgr-1 28052 4000  [2018-05-20 11:25:40 334] - NetworkInterface::initialize(INTERNAL): address 192.168.0.104:49930, SOMAXCONN=5.
    INFO      dbmgr-1 28052 4000  [2018-05-20 11:25:40 334] - server-configs:
    INFO      dbmgr-1 28052 4000  [2018-05-20 11:25:40 334] - 	internalAddr : 192.168.0.104:49930
    INFO      dbmgr-1 28052 4000  [2018-05-20 11:25:40 334] - 	componentID : 4000
    INFO      dbmgr-1 28052 4000  [2018-05-20 11:25:41 841] - ---- dbmgr Version: 2.0.0. ScriptVersion: 0.1.0. Protocol: F28F1C37BCC70CD27B77841D4A30E3D7. Config: Debug X86. Built: 15:52:44 Apr 29 2018. AppID: 4000. UID: 28052. PID: 2140 ----
    INFO      dbmgr-1 28052 4000  [2018-05-20 11:25:41 841] - Server : Intel(R) Xeon(R) CPU E3-1230 v3 @ 3.30GHz with 4194303kB RAM
    INFO      dbmgr-1 28052 4000  [2018-05-20 11:25:41 842] - ThreadPool::createThreadPool: creating  threadpool...
    INFO      dbmgr-1 28052 4000  [2018-05-20 11:25:41 842] - ThreadPool::createThreadPool: successfully(2), newThreadCount=1, normalMaxThreadCount=2, maxThreadCount=8
   DEBUG      dbmgr-1 28052 4000  [2018-05-20 11:25:41 984] - Script::install_py_dlls(): PyInit_pyexpat
   DEBUG      dbmgr-1 28052 4000  [2018-05-20 11:25:41 984] - Script::install_py_dlls(): PyInit__socket
   DEBUG      dbmgr-1 28052 4000  [2018-05-20 11:25:41 984] - Script::install_py_dlls(): PyInit__ssl
   DEBUG      dbmgr-1 28052 4000  [2018-05-20 11:25:41 987] - Script::install_py_dlls(): PyInit__hashlib
   DEBUG      dbmgr-1 28052 4000  [2018-05-20 11:25:41 987] - Script::install_py_dlls(): PyInit_select
   DEBUG      dbmgr-1 28052 4000  [2018-05-20 11:25:41 988] - Script::install_py_dlls(): PyInit__ctypes
   DEBUG      dbmgr-1 28052 4000  [2018-05-20 11:25:41 988] - Script::install_py_dlls(): PyInit__elementtree
   DEBUG      dbmgr-1 28052 4000  [2018-05-20 11:25:42 016] - Script::install_py_dlls(): PyInit_unicodedata
    INFO      dbmgr-1 28052 4000  [2018-05-20 11:25:42 044] - Script::install(): is successfully, Python=(3.4.2 (default, Apr 29 2018, 15:52:37) [MSC v.1913 32 bit (Intel)])!
    INFO      dbmgr-1 28052 4000  [2018-05-20 11:25:42 044] - Script::install(): KBExtra is successfully!
    INFO      dbmgr-1 28052 4000  [2018-05-20 11:25:42 054] - Dbmgr::initializeEnd: digest(F7398DD01F5FC8D787D90C5312DB1BF0)
  S_INFO      dbmgr-1 28052 4000  [2018-05-20 11:25:42 054] - onDBMgrReady: bootstrapGroupIndex=0, bootstrapGlobalIndex=0
    INFO      dbmgr-1 28052 4000  [2018-05-20 11:25:42 055] - TelnetServer server is running on port 32000
    INFO      dbmgr-1 28052 4000  [2018-05-20 11:25:42 055] - Dbmgr::initInterfacesHandler: interfaces addr(127.0.0.1:30099), accountType:(interfaces), chargeType:(interfaces).
 WARNING      dbmgr-1 28052 4000  [2018-05-20 11:25:42 347] - DBUtil::initialize: db(default) password is not encrypted!
please use password(rsa):
7A35B4FF925AFC2A1B6C19A3BEBAFD7530BD4E73F67135E691334704AC690D8AA79AF279E2BEF4849946AA71B879AFFC789BDBC5CB51F2A88F09B3C7243D4B1EB5D2284A325937D64C59A22DF3FE5B63B0B7EB12A16EC08D090B98FC1761570805290165CFB3C8CF89F8B467CF79D14402A71B5119CFEC330F6B48FB8497C297
   DEBUG      dbmgr-1 28052 4000  [2018-05-20 11:25:42 348] - DBInterfaceMysql::attach: connect: localhost:3306 starting...
   DEBUG      dbmgr-1 28052 4000  [2018-05-20 11:25:42 535] - DBInterfaceMysql::attach: successfully! addr: localhost:3306
    INFO      dbmgr-1 28052 4000  [2018-05-20 11:25:42 535] - DBUtil::createInterface[0x3beda0]: interface=default, dbtype=mysql, ip=localhost, port=3306, currdatabase=kbe, username=kbe, connected=yes.

    INFO      dbmgr-1 28052 4000  [2018-05-20 11:25:42 554] - ThreadPool::createThreadPool: creating  threadpool...
    INFO      dbmgr-1 28052 4000  [2018-05-20 11:25:42 554] - ThreadPool::createThreadPool: successfully(5), newThreadCount=5, normalMaxThreadCount=5, maxThreadCount=5
    INFO      dbmgr-1 28052 4000  [2018-05-20 11:25:42 695] - DBInterfaceMysql::query: successfully!
    INFO      dbmgr-1 28052 4000  [2018-05-20 11:25:42 700] - DBInterfaceMysql::query: successfully!
 WARNING      dbmgr-1 28052 4000  [2018-05-20 11:25:44 762] - e:\kbengine\kbe\src\server\dbmgr\dbmgr.cpp:275: Profile scriptCall took 2.71 seconds
    INFO      dbmgr-1 28052 4000  [2018-05-20 11:25:45 123] - ---- dbmgr is running ----
   DEBUG      dbmgr-1 28052 4000  [2018-05-20 11:25:45 124] - Components::process(): Request for the process of identity...
 WARNING      dbmgr-1 28052 4000  [2018-05-20 11:25:45 434] - BundleBroadcast::BundleBroadcast: Cannot bind to port 20201, errorno=10048
   DEBUG      dbmgr-1 28052 4000  [2018-05-20 11:25:42 554] - DBInterfaceMysql::attach: connect: localhost:3306 starting...
   DEBUG      dbmgr-1 28052 4000  [2018-05-20 11:25:42 554] - DBInterfaceMysql::attach: connect: localhost:3306 starting...
   DEBUG      dbmgr-1 28052 4000  [2018-05-20 11:25:42 555] - DBInterfaceMysql::attach: connect: localhost:3306 starting...
   DEBUG      dbmgr-1 28052 4000  [2018-05-20 11:25:42 555] - DBInterfaceMysql::attach: connect: localhost:3306 starting...
   DEBUG      dbmgr-1 28052 4000  [2018-05-20 11:25:42 555] - DBInterfaceMysql::attach: connect: localhost:3306 starting...
   DEBUG      dbmgr-1 28052 4000  [2018-05-20 11:25:42 556] - DBInterfaceMysql::attach: successfully! addr: localhost:3306
   DEBUG      dbmgr-1 28052 4000  [2018-05-20 11:25:42 556] - DBThread::onStart(): 0x8881c8!
   DEBUG      dbmgr-1 28052 4000  [2018-05-20 11:25:42 556] - DBInterfaceMysql::attach: successfully! addr: localhost:3306
   DEBUG      dbmgr-1 28052 4000  [2018-05-20 11:25:42 556] - DBThread::onStart(): 0x8883e8!
   DEBUG      dbmgr-1 28052 4000  [2018-05-20 11:25:42 556] - DBInterfaceMysql::attach: successfully! addr: localhost:3306
   DEBUG      dbmgr-1 28052 4000  [2018-05-20 11:25:42 556] - DBThread::onStart(): 0x888250!
   DEBUG      dbmgr-1 28052 4000  [2018-05-20 11:25:42 557] - DBInterfaceMysql::attach: successfully! addr: localhost:3306
   DEBUG      dbmgr-1 28052 4000  [2018-05-20 11:25:42 557] - DBThread::onStart(): 0x888360!
   DEBUG      dbmgr-1 28052 4000  [2018-05-20 11:25:42 557] - DBInterfaceMysql::attach: successfully! addr: localhost:3306
   DEBUG      dbmgr-1 28052 4000  [2018-05-20 11:25:42 557] - DBThread::onStart(): 0x8882d8!
    INFO      dbmgr-1 28052 4000  [2018-05-20 11:25:42 802] - DBInterfaceMysql::query: successfully!
    INFO      dbmgr-1 28052 4000  [2018-05-20 11:25:42 859] - DBInterfaceMysql::query: successfully!
    INFO      dbmgr-1 28052 4000  [2018-05-20 11:25:42 901] - DBInterfaceMysql::query: successfully!
    INFO      dbmgr-1 28052 4000  [2018-05-20 11:25:42 934] - DBInterfaceMysql::query: successfully!
    INFO      dbmgr-1 28052 4000  [2018-05-20 11:25:43 144] - DBInterfaceMysql::query: successfully!
    INFO      dbmgr-1 28052 4000  [2018-05-20 11:25:43 145] - DBInterfaceMysql::query: successfully!
    INFO      dbmgr-1 28052 4000  [2018-05-20 11:25:43 146] - DBInterfaceMysql::query: successfully!
 WARNING      dbmgr-1 28052 4000  [2018-05-20 11:25:43 231] - DBTask::process(): took 0.45 seconds
sql:(delete from kbe_email_verification where logtime<1526783143 and type=3)
 WARNING      dbmgr-1 28052 4000  [2018-05-20 11:25:43 234] - DBTask::process(): took 0.37 seconds
sql:(show index from tbl_Account)
 WARNING      dbmgr-1 28052 4000  [2018-05-20 11:25:43 257] - DBTask::process(): took 0.56 seconds
sql:(insert into kbe_serverlog (heartbeatTime, logger) values(1526786742,4000) ON DUPLICATE KEY UPDATE heartbeatTime=1526786742)
    INFO      dbmgr-1 28052 4000  [2018-05-20 11:25:43 403] - DBInterfaceMysql::query: successfully!
 WARNING      dbmgr-1 28052 4000  [2018-05-20 11:25:43 403] - DBTask::process(): took 0.70 seconds
sql:(delete from kbe_entitylog where logger in (4000))
   DEBUG      dbmgr-1 28052 4000  [2018-05-20 11:25:43 897] - syncToDB(): Halls->sm_autoLoad(tinyint not null DEFAULT 0).
   DEBUG      dbmgr-1 28052 4000  [2018-05-20 11:25:43 898] - syncToDB(): Room->sm_autoLoad(tinyint not null DEFAULT 0).
    INFO      dbmgr-1 28052 4000  [2018-05-20 11:25:44 741] - DBInterfaceMysql::query: successfully!
    INFO      dbmgr-1 28052 4000  [2018-05-20 11:25:44 742] - DBInterfaceMysql::query: successfully!
 WARNING      dbmgr-1 28052 4000  [2018-05-20 11:25:44 743] - DBTask::process(): took 1.85 seconds
sql:(show index from tbl_Halls)
 WARNING      dbmgr-1 28052 4000  [2018-05-20 11:25:44 744] - DBTask::process(): took 1.51 seconds
sql:(show index from tbl_Room)
    INFO      dbmgr-1 28052 4000  [2018-05-20 11:25:52 257] - ServerApp::onRegisterNewApp: uid:28052, username:, componentType:baseappmgr, componentID:5000, globalorderID=-1, grouporderID=-1, intaddr:192.168.0.104, intport:49929, extaddr:nonsupport, extport:0,  from 192.168.0.104:49950/0/0/0.
    INFO      dbmgr-1 28052 4000  [2018-05-20 11:25:52 257] - Components::addComponent: reset orderLog, uid=28052!
    INFO      dbmgr-1 28052 4000  [2018-05-20 11:25:52 258] - Components::addComponent[baseappmgr], uid=28052, componentID=5000, globalorderid=1, grouporderid=1, totalcount=1
    INFO      dbmgr-1 28052 4000  [2018-05-20 11:25:52 615] - Components::findComponents: find logger(1)...
    INFO      dbmgr-1 28052 4000  [2018-05-20 11:25:52 626] - Components::findComponents: found logger, addr:192.168.0.104:49928
    INFO      dbmgr-1 28052 4000  [2018-05-20 11:25:52 626] - Components::addComponent[logger], uid=28052, componentID=2000, globalorderid=2, grouporderid=1, totalcount=1
    INFO      dbmgr-1 28052 4000  [2018-05-20 11:25:52 633] - Components::process(): Found all the components!
    INFO      dbmgr-1 28052 4000  [2018-05-20 11:25:53 575] - ServerApp::onRegisterNewApp: uid:28052, username:, componentType:cellappmgr, componentID:6000, globalorderID=-1, grouporderID=-1, intaddr:192.168.0.104, intport:49926, extaddr:nonsupport, extport:0,  from 192.168.0.104:49953/0/0/0.
    INFO      dbmgr-1 28052 4000  [2018-05-20 11:25:53 575] - Components::addComponent[cellappmgr], uid=28052, componentID=6000, globalorderid=3, grouporderid=1, totalcount=1
    INFO      dbmgr-1 28052 4000  [2018-05-20 11:25:53 755] - ServerApp::onRegisterNewApp: uid:28052, username:, componentType:loginapp, componentID:9000, globalorderID=-1, grouporderID=-1, intaddr:192.168.0.104, intport:49931, extaddr:192.168.0.104, extport:20013,  from 192.168.0.104:49955/0/0/0.
    INFO      dbmgr-1 28052 4000  [2018-05-20 11:25:53 755] - Components::addComponent[loginapp], uid=28052, componentID=9000, globalorderid=4, grouporderid=1, totalcount=1
    INFO      dbmgr-1 28052 4000  [2018-05-20 11:25:56 055] - ServerApp::onRegisterNewApp: uid:28052, username:, componentType:cellapp, componentID:8001, globalorderID=-1, grouporderID=-1, intaddr:192.168.0.104, intport:49933, extaddr:nonsupport, extport:0,  from 192.168.0.104:49957/0/0/0.
    INFO      dbmgr-1 28052 4000  [2018-05-20 11:25:56 055] - Components::addComponent[cellapp], uid=28052, componentID=8001, globalorderid=5, grouporderid=1, totalcount=1
    INFO      dbmgr-1 28052 4000  [2018-05-20 11:25:56 155] - ServerApp::onRegisterNewApp: uid:28052, username:, componentType:baseapp, componentID:7001, globalorderID=-1, grouporderID=-1, intaddr:192.168.0.104, intport:49932, extaddr:192.168.0.104, extport:20015,  from 192.168.0.104:49959/0/0/0.
    INFO      dbmgr-1 28052 4000  [2018-05-20 11:25:56 155] - Components::addComponent[baseapp], uid=28052, componentID=7001, globalorderid=6, grouporderid=1, totalcount=1
    INFO      dbmgr-1 28052 4000  [2018-05-20 11:25:59 175] - IDServer::allocRange: 1-2001.
    INFO      dbmgr-1 28052 4000  [2018-05-20 11:25:59 175] - IDServer::allocRange: 2001-4001.
   DEBUG      dbmgr-1 28052 4000  [2018-05-20 11:25:59 176] - SyncAppDatasHandler::~SyncAppDatasHandler()
    INFO      dbmgr-1 28052 4000  [2018-05-20 11:26:01 095] - GlobalDataServer::broadcastDataChanged: writer(baseapp, addr=192.168.0.104:49959/0/0/0), keySize=11, valSize=52, isDelete=0
