    INFO    baseapp01 27620 7001  [2018-11-14 00:00:53 871] - Baseapp::onBackupEntityCellData: Account(2002), 1 bytes.
    INFO    baseapp01 27620 7001  [2018-11-14 00:02:08 871] - Baseapp::onBackupEntityCellData: Account(2002), 1 bytes.
    INFO    baseapp01 27620 7001  [2018-11-14 00:02:20 670] - Baseapp::onBackupEntityCellData: Account(2004), 1 bytes.
    INFO    baseapp01 27620 7001  [2018-11-14 00:02:20 670] - Baseapp::onCellWriteToDBCompleted: Account(2004).
    INFO    baseapp01 27620 7001  [2018-11-14 00:03:23 870] - Baseapp::onBackupEntityCellData: Account(2004), 1 bytes.
   DEBUG    baseapp01 27620 7001  [2018-11-14 00:04:10 070] - PendingLoginMgr::add: 1, size=1.
    INFO    baseapp01 27620 7001  [2018-11-14 00:04:12 870] - ServerApp::onHello: verInfo=2.0.0, scriptVerInfo=0.1.0, encryptedKey=None, addr:127.0.0.1:50806/0/0/0
 WARNING    baseapp01 27620 7001  [2018-11-14 00:04:12 870] - Baseapp::onHello: client is not encrypted, addr=127.0.0.1:50806/0/0/0
    INFO    baseapp01 27620 7001  [2018-11-14 00:04:13 370] - Baseapp::loginBaseapp: new user[1], channel[127.0.0.1:50806/0/0/0].
    INFO    baseapp01 27620 7001  [2018-11-14 00:04:13 370] - Baseapp::loginBaseapp: user[1] has entity(2002).
  S_INFO    baseapp01 27620 7001  [2018-11-14 00:04:13 370] - 127.0.0.1
  S_INFO    baseapp01 27620 7001  [2018-11-14 00:04:13 371] - 50806
  S_INFO    baseapp01 27620 7001  [2018-11-14 00:04:13 371] - 1
  S_INFO    baseapp01 27620 7001  [2018-11-14 00:04:13 371] - account[2002] entities enable. entityCall:Client id:2002, utype:1, component=client[0], addr: 127.0.0.1:50806.
   DEBUG    baseapp01 27620 7001  [2018-11-14 00:04:14 219] - PendingLoginMgr::process: [1] is timeout, currsize=0.
    INFO    baseapp01 27620 7001  [2018-11-14 00:04:38 870] - Baseapp::onBackupEntityCellData: Room(2003), 1 bytes.
   DEBUG    baseapp01 27620 7001  [2018-11-14 00:04:49 670] - PendingLoginMgr::add: 2, size=1.
    INFO    baseapp01 27620 7001  [2018-11-14 00:04:50 670] - Baseapp::onBackupEntityCellData: Account(2002), 1 bytes.
    INFO    baseapp01 27620 7001  [2018-11-14 00:04:50 670] - Baseapp::onCellWriteToDBCompleted: Account(2002).
    INFO    baseapp01 27620 7001  [2018-11-14 00:04:52 470] - ServerApp::onHello: verInfo=2.0.0, scriptVerInfo=0.1.0, encryptedKey=None, addr:127.0.0.1:50817/0/0/0
 WARNING    baseapp01 27620 7001  [2018-11-14 00:04:52 471] - Baseapp::onHello: client is not encrypted, addr=127.0.0.1:50817/0/0/0
    INFO    baseapp01 27620 7001  [2018-11-14 00:04:52 970] - Baseapp::loginBaseapp: new user[2], channel[127.0.0.1:50817/0/0/0].
    INFO    baseapp01 27620 7001  [2018-11-14 00:04:52 970] - Baseapp::loginBaseapp: user[2] has entity(2004).
  S_INFO    baseapp01 27620 7001  [2018-11-14 00:04:52 970] - 127.0.0.1
  S_INFO    baseapp01 27620 7001  [2018-11-14 00:04:52 971] - 50817
  S_INFO    baseapp01 27620 7001  [2018-11-14 00:04:52 971] - 2
  S_INFO    baseapp01 27620 7001  [2018-11-14 00:04:52 971] - account[2004] entities enable. entityCall:Client id:2004, utype:1, component=client[0], addr: 127.0.0.1:50817.
   DEBUG    baseapp01 27620 7001  [2018-11-14 00:04:53 218] - PendingLoginMgr::process: [2] is timeout, currsize=0.
    INFO    baseapp01 27620 7001  [2018-11-14 00:07:08 869] - Baseapp::onBackupEntityCellData: Account(2004), 1 bytes.
    INFO    baseapp01 27620 7001  [2018-11-14 00:07:20 669] - Baseapp::onBackupEntityCellData: Account(2004), 1 bytes.
    INFO    baseapp01 27620 7001  [2018-11-14 00:07:20 669] - Baseapp::onCellWriteToDBCompleted: Account(2004).
   DEBUG    baseapp01 27620 7001  [2018-11-14 00:07:25 967] - Account::onClientDeath: 2004.
   S_DBG    baseapp01 27620 7001  [2018-11-14 00:07:25 967] - Account[2004].onClientDeath:
    INFO    baseapp01 27620 7001  [2018-11-14 00:08:23 869] - Baseapp::onBackupEntityCellData: Account(2002), 1 bytes.
   DEBUG    baseapp01 27620 7001  [2018-11-14 00:08:29 483] - Account::onClientDeath: 2002.
   S_DBG    baseapp01 27620 7001  [2018-11-14 00:08:29 483] - Account[2002].onClientDeath:
    INFO    baseapp01 27620 7001  [2018-11-14 00:09:50 668] - Baseapp::onBackupEntityCellData: Account(2002), 1 bytes.
    INFO    baseapp01 27620 7001  [2018-11-14 00:09:50 668] - Baseapp::onCellWriteToDBCompleted: Account(2002).
    INFO    baseapp01 27620 7001  [2018-11-14 00:10:53 868] - Baseapp::onBackupEntityCellData: Room(2003), 1 bytes.
    INFO    baseapp01 27620 7001  [2018-11-14 00:12:08 867] - Baseapp::onBackupEntityCellData: Room(2003), 1 bytes.
    INFO    baseapp01 27620 7001  [2018-11-14 00:12:20 668] - Baseapp::onBackupEntityCellData: Account(2004), 1 bytes.
    INFO    baseapp01 27620 7001  [2018-11-14 00:12:20 668] - Baseapp::onCellWriteToDBCompleted: Account(2004).
   DEBUG    baseapp01 27620 7001  [2018-11-14 00:12:48 867] - PendingLoginMgr::add: Q, size=1.
    INFO    baseapp01 27620 7001  [2018-11-14 00:13:02 167] - ServerApp::onHello: verInfo=2.0.0, scriptVerInfo=0.1.0, encryptedKey=None, addr:127.0.0.1:50868/0/0/0
 WARNING    baseapp01 27620 7001  [2018-11-14 00:13:02 167] - Baseapp::onHello: client is not encrypted, addr=127.0.0.1:50868/0/0/0
    INFO    baseapp01 27620 7001  [2018-11-14 00:13:02 667] - Baseapp::loginBaseapp: new user[Q], channel[127.0.0.1:50868/0/0/0].
   DEBUG    baseapp01 27620 7001  [2018-11-14 00:13:02 767] - PendingLoginMgr::remove: Q, size=0.
    INFO    baseapp01 27620 7001  [2018-11-14 00:13:02 768] - EntityApp::createEntity: new Account 2005
  S_INFO    baseapp01 27620 7001  [2018-11-14 00:13:02 770] - account[2005] entities enable. entityCall:Client id:2005, utype:1, component=client[0], addr: 127.0.0.1:50868.
    INFO    baseapp01 27620 7001  [2018-11-14 00:13:02 770] - Baseapp::onQueryAccountCBFromDbmgr: user=Q, uuid=6623378941015425024, entityID=2005, flags=0, deadline=0.
    INFO    baseapp01 27620 7001  [2018-11-14 00:13:13 268] - EntityApp::createEntity: new CheckName 2006
    INFO    baseapp01 27620 7001  [2018-11-14 00:13:18 567] - Baseapp::onBackupEntityCellData: Account(2004), 1 bytes.
  S_INFO    baseapp01 27620 7001  [2018-11-14 00:13:28 067] - 123123123------
  S_INFO    baseapp01 27620 7001  [2018-11-14 00:13:28 067] - 结束后长度
  S_INFO    baseapp01 27620 7001  [2018-11-14 00:13:28 067] - 0
    INFO    baseapp01 27620 7001  [2018-11-14 00:13:28 170] - EntityApp::createEntity: new Room 2007
   S_DBG    baseapp01 27620 7001  [2018-11-14 00:13:28 367] - onGlobalData: Room_2
   S_DBG    baseapp01 27620 7001  [2018-11-14 00:13:28 468] - 没有cell
    INFO    baseapp01 27620 7001  [2018-11-14 00:13:39 569] - EntityApp::createEntity: new Room 2008
   S_DBG    baseapp01 27620 7001  [2018-11-14 00:13:39 767] - onGlobalData: Room_3
   S_DBG    baseapp01 27620 7001  [2018-11-14 00:13:39 868] - 开始换房间，当前房间号---101305
   DEBUG    baseapp01 27620 7001  [2018-11-14 00:13:39 868] - Room::reqTeleportOther: reqTeleportEntityID=2005, reqTeleportEntityCellAppID=8001.
   S_DBG    baseapp01 27620 7001  [2018-11-14 00:13:39 968] - 换房间成功，当前房间号---234254
   S_DBG    baseapp01 27620 7001  [2018-11-14 00:13:43 568] - 开始换房间，当前房间号---234254
   DEBUG    baseapp01 27620 7001  [2018-11-14 00:13:43 568] - Room::reqTeleportOther: reqTeleportEntityID=2005, reqTeleportEntityCellAppID=8001.
   S_DBG    baseapp01 27620 7001  [2018-11-14 00:13:43 668] - 换房间成功，当前房间号---101305
   S_DBG    baseapp01 27620 7001  [2018-11-14 00:13:45 668] - 开始换房间，当前房间号---101305
   DEBUG    baseapp01 27620 7001  [2018-11-14 00:13:45 668] - Room::reqTeleportOther: reqTeleportEntityID=2005, reqTeleportEntityCellAppID=8001.
   S_DBG    baseapp01 27620 7001  [2018-11-14 00:13:45 768] - 换房间成功，当前房间号---234254
    INFO    baseapp01 27620 7001  [2018-11-14 00:13:59 866] - Baseapp::onBackupEntityCellData: Account(2002), 1 bytes.
   DEBUG    baseapp01 27620 7001  [2018-11-14 00:14:20 466] - Account::onClientDeath: 2005.
   S_DBG    baseapp01 27620 7001  [2018-11-14 00:14:20 466] - Account[2005].onClientDeath:
   DEBUG    baseapp01 27620 7001  [2018-11-14 00:14:37 467] - PendingLoginMgr::add: Q, size=1.
    INFO    baseapp01 27620 7001  [2018-11-14 00:14:41 567] - ServerApp::onHello: verInfo=2.0.0, scriptVerInfo=0.1.0, encryptedKey=None, addr:127.0.0.1:50889/0/0/0
 WARNING    baseapp01 27620 7001  [2018-11-14 00:14:41 567] - Baseapp::onHello: client is not encrypted, addr=127.0.0.1:50889/0/0/0
    INFO    baseapp01 27620 7001  [2018-11-14 00:14:42 067] - Baseapp::loginBaseapp: new user[Q], channel[127.0.0.1:50889/0/0/0].
    INFO    baseapp01 27620 7001  [2018-11-14 00:14:42 067] - Baseapp::loginBaseapp: user[Q] has entity(2005).
  S_INFO    baseapp01 27620 7001  [2018-11-14 00:14:42 067] - 127.0.0.1
  S_INFO    baseapp01 27620 7001  [2018-11-14 00:14:42 068] - 50889
  S_INFO    baseapp01 27620 7001  [2018-11-14 00:14:42 068] - Q
  S_INFO    baseapp01 27620 7001  [2018-11-14 00:14:42 068] - account[2005] entities enable. entityCall:Client id:2005, utype:1, component=client[0], addr: 127.0.0.1:50889.
   DEBUG    baseapp01 27620 7001  [2018-11-14 00:14:42 217] - PendingLoginMgr::process: [Q] is timeout, currsize=0.
  S_INFO    baseapp01 27620 7001  [2018-11-14 00:14:44 968] - 开始换房间，当前房间号---234254
   DEBUG    baseapp01 27620 7001  [2018-11-14 00:14:44 968] - Room::reqTeleportOther: reqTeleportEntityID=2005, reqTeleportEntityCellAppID=8001.
  S_INFO    baseapp01 27620 7001  [2018-11-14 00:14:45 067] - 换房间成功，当前房间号---101305
  S_INFO    baseapp01 27620 7001  [2018-11-14 00:14:47 967] - 开始换房间，当前房间号---101305
   DEBUG    baseapp01 27620 7001  [2018-11-14 00:14:47 967] - Room::reqTeleportOther: reqTeleportEntityID=2005, reqTeleportEntityCellAppID=8001.
  S_INFO    baseapp01 27620 7001  [2018-11-14 00:14:48 067] - 换房间成功，当前房间号---234254
    INFO    baseapp01 27620 7001  [2018-11-14 00:14:50 666] - Baseapp::onBackupEntityCellData: Account(2002), 1 bytes.
    INFO    baseapp01 27620 7001  [2018-11-14 00:14:50 666] - Baseapp::onCellWriteToDBCompleted: Account(2002).
   DEBUG    baseapp01 27620 7001  [2018-11-14 00:14:57 701] - Account::onClientDeath: 2005.
   S_DBG    baseapp01 27620 7001  [2018-11-14 00:14:57 701] - Account[2005].onClientDeath:
    INFO    baseapp01 27620 7001  [2018-11-14 00:15:14 867] - Baseapp::onBackupEntityCellData: Room(2007), 147 bytes.
   DEBUG    baseapp01 27620 7001  [2018-11-14 00:16:16 766] - PendingLoginMgr::add: Q, size=1.
    INFO    baseapp01 27620 7001  [2018-11-14 00:16:29 866] - ServerApp::onHello: verInfo=2.0.0, scriptVerInfo=0.1.0, encryptedKey=None, addr:127.0.0.1:50901/0/0/0
 WARNING    baseapp01 27620 7001  [2018-11-14 00:16:29 866] - Baseapp::onHello: client is not encrypted, addr=127.0.0.1:50901/0/0/0
    INFO    baseapp01 27620 7001  [2018-11-14 00:16:29 867] - Baseapp::onBackupEntityCellData: Account(2002), 1 bytes.
    INFO    baseapp01 27620 7001  [2018-11-14 00:16:30 366] - Baseapp::loginBaseapp: new user[Q], channel[127.0.0.1:50901/0/0/0].
    INFO    baseapp01 27620 7001  [2018-11-14 00:16:30 366] - Baseapp::loginBaseapp: user[Q] has entity(2005).
  S_INFO    baseapp01 27620 7001  [2018-11-14 00:16:30 367] - 127.0.0.1
  S_INFO    baseapp01 27620 7001  [2018-11-14 00:16:30 367] - 50901
  S_INFO    baseapp01 27620 7001  [2018-11-14 00:16:30 367] - Q
  S_INFO    baseapp01 27620 7001  [2018-11-14 00:16:30 368] - account[2005] entities enable. entityCall:Client id:2005, utype:1, component=client[0], addr: 127.0.0.1:50901.
   DEBUG    baseapp01 27620 7001  [2018-11-14 00:16:31 216] - PendingLoginMgr::process: [Q] is timeout, currsize=0.
  S_INFO    baseapp01 27620 7001  [2018-11-14 00:16:33 667] - 开始换房间，当前房间号---234254
   DEBUG    baseapp01 27620 7001  [2018-11-14 00:16:33 667] - Room::reqTeleportOther: reqTeleportEntityID=2005, reqTeleportEntityCellAppID=8001.
  S_INFO    baseapp01 27620 7001  [2018-11-14 00:16:33 766] - 换房间成功，当前房间号---101305
  S_INFO    baseapp01 27620 7001  [2018-11-14 00:17:04 667] - 开始换房间，当前房间号---101305
   DEBUG    baseapp01 27620 7001  [2018-11-14 00:17:04 667] - Room::reqTeleportOther: reqTeleportEntityID=2005, reqTeleportEntityCellAppID=8001.
  S_INFO    baseapp01 27620 7001  [2018-11-14 00:17:04 766] - 换房间成功，当前房间号---234254
    INFO    baseapp01 27620 7001  [2018-11-14 00:17:07 366] - Baseapp::onBackupEntityCellData: Account(2004), 1 bytes.
   DEBUG    baseapp01 27620 7001  [2018-11-14 00:17:16 269] - Account::onClientDeath: 2005.
   S_DBG    baseapp01 27620 7001  [2018-11-14 00:17:16 269] - Account[2005].onClientDeath:
    INFO    baseapp01 27620 7001  [2018-11-14 00:17:20 666] - Baseapp::onBackupEntityCellData: Account(2004), 1 bytes.
    INFO    baseapp01 27620 7001  [2018-11-14 00:17:20 666] - Baseapp::onCellWriteToDBCompleted: Account(2004).
    INFO    baseapp01 27620 7001  [2018-11-14 00:17:44 865] - Baseapp::onBackupEntityCellData: Room(2003), 1 bytes.
    INFO    baseapp01 27620 7001  [2018-11-14 00:18:22 365] - Baseapp::onBackupEntityCellData: Account(2005), 97 bytes.
    INFO    baseapp01 27620 7001  [2018-11-14 00:18:35 665] - Baseapp::onBackupEntityCellData: Account(2002), 1 bytes.
    INFO    baseapp01 27620 7001  [2018-11-14 00:18:35 665] - Baseapp::onCellWriteToDBCompleted: Account(2002).
    INFO    baseapp01 27620 7001  [2018-11-14 00:18:59 865] - Baseapp::onBackupEntityCellData: Room(2008), 147 bytes.
    INFO    baseapp01 27620 7001  [2018-11-14 00:19:50 664] - Baseapp::onBackupEntityCellData: Account(2005), 1 bytes.
    INFO    baseapp01 27620 7001  [2018-11-14 00:19:50 765] - Baseapp::onCellWriteToDBCompleted: Account(2005).
    INFO    baseapp01 27620 7001  [2018-11-14 00:20:52 464] - Baseapp::onBackupEntityCellData: Account(2004), 1 bytes.
    INFO    baseapp01 27620 7001  [2018-11-14 00:21:29 964] - Baseapp::onBackupEntityCellData: Room(2003), 1 bytes.
    INFO    baseapp01 27620 7001  [2018-11-14 00:22:07 464] - Baseapp::onBackupEntityCellData: Room(2008), 1 bytes.
    INFO    baseapp01 27620 7001  [2018-11-14 00:22:20 664] - Baseapp::onBackupEntityCellData: Account(2004), 1 bytes.
    INFO    baseapp01 27620 7001  [2018-11-14 00:22:20 664] - Baseapp::onCellWriteToDBCompleted: Account(2004).
    INFO    baseapp01 27620 7001  [2018-11-14 00:22:44 863] - Baseapp::onBackupEntityCellData: Account(2005), 1 bytes.
    INFO    baseapp01 27620 7001  [2018-11-14 00:23:22 364] - Baseapp::onBackupEntityCellData: Room(2007), 1 bytes.
    INFO    baseapp01 27620 7001  [2018-11-14 00:23:35 663] - Baseapp::onBackupEntityCellData: Account(2002), 1 bytes.
    INFO    baseapp01 27620 7001  [2018-11-14 00:23:35 663] - Baseapp::onCellWriteToDBCompleted: Account(2002).
   DEBUG    baseapp01 27620 7001  [2018-11-14 00:23:56 964] - PendingLoginMgr::add: Q, size=1.
    INFO    baseapp01 27620 7001  [2018-11-14 00:23:58 364] - ServerApp::onHello: verInfo=2.0.0, scriptVerInfo=0.1.0, encryptedKey=None, addr:127.0.0.1:50975/0/0/0
 WARNING    baseapp01 27620 7001  [2018-11-14 00:23:58 365] - Baseapp::onHello: client is not encrypted, addr=127.0.0.1:50975/0/0/0
    INFO    baseapp01 27620 7001  [2018-11-14 00:23:58 864] - Baseapp::loginBaseapp: new user[Q], channel[127.0.0.1:50975/0/0/0].
    INFO    baseapp01 27620 7001  [2018-11-14 00:23:58 864] - Baseapp::loginBaseapp: user[Q] has entity(2005).
  S_INFO    baseapp01 27620 7001  [2018-11-14 00:23:58 864] - 127.0.0.1
  S_INFO    baseapp01 27620 7001  [2018-11-14 00:23:58 864] - 50975
  S_INFO    baseapp01 27620 7001  [2018-11-14 00:23:58 864] - Q
  S_INFO    baseapp01 27620 7001  [2018-11-14 00:23:58 864] - account[2005] entities enable. entityCall:Client id:2005, utype:1, component=client[0], addr: 127.0.0.1:50975.
   DEBUG    baseapp01 27620 7001  [2018-11-14 00:23:59 215] - PendingLoginMgr::process: [Q] is timeout, currsize=0.
  S_INFO    baseapp01 27620 7001  [2018-11-14 00:24:01 365] - 开始换房间，当前房间号---234254
   DEBUG    baseapp01 27620 7001  [2018-11-14 00:24:01 365] - Room::reqTeleportOther: reqTeleportEntityID=2005, reqTeleportEntityCellAppID=8001.
  S_INFO    baseapp01 27620 7001  [2018-11-14 00:24:01 564] - 换房间成功，当前房间号---101305
  S_INFO    baseapp01 27620 7001  [2018-11-14 00:24:03 464] - 开始换房间，当前房间号---101305
   DEBUG    baseapp01 27620 7001  [2018-11-14 00:24:03 464] - Room::reqTeleportOther: reqTeleportEntityID=2005, reqTeleportEntityCellAppID=8001.
  S_INFO    baseapp01 27620 7001  [2018-11-14 00:24:03 563] - 换房间成功，当前房间号---234254
  S_INFO    baseapp01 27620 7001  [2018-11-14 00:24:05 264] - 开始换房间，当前房间号---234254
   DEBUG    baseapp01 27620 7001  [2018-11-14 00:24:05 264] - Room::reqTeleportOther: reqTeleportEntityID=2005, reqTeleportEntityCellAppID=8001.
  S_INFO    baseapp01 27620 7001  [2018-11-14 00:24:05 364] - 换房间成功，当前房间号---101305
  S_INFO    baseapp01 27620 7001  [2018-11-14 00:24:06 764] - 开始换房间，当前房间号---101305
   DEBUG    baseapp01 27620 7001  [2018-11-14 00:24:06 764] - Room::reqTeleportOther: reqTeleportEntityID=2005, reqTeleportEntityCellAppID=8001.
  S_INFO    baseapp01 27620 7001  [2018-11-14 00:24:06 864] - 换房间成功，当前房间号---234254
  S_INFO    baseapp01 27620 7001  [2018-11-14 00:24:08 164] - 开始换房间，当前房间号---234254
   DEBUG    baseapp01 27620 7001  [2018-11-14 00:24:08 164] - Room::reqTeleportOther: reqTeleportEntityID=2005, reqTeleportEntityCellAppID=8001.
  S_INFO    baseapp01 27620 7001  [2018-11-14 00:24:08 263] - 换房间成功，当前房间号---101305
  S_INFO    baseapp01 27620 7001  [2018-11-14 00:24:09 764] - 开始换房间，当前房间号---101305
   DEBUG    baseapp01 27620 7001  [2018-11-14 00:24:09 764] - Room::reqTeleportOther: reqTeleportEntityID=2005, reqTeleportEntityCellAppID=8001.
  S_INFO    baseapp01 27620 7001  [2018-11-14 00:24:09 864] - 换房间成功，当前房间号---234254
  S_INFO    baseapp01 27620 7001  [2018-11-14 00:24:11 264] - 开始换房间，当前房间号---234254
   DEBUG    baseapp01 27620 7001  [2018-11-14 00:24:11 264] - Room::reqTeleportOther: reqTeleportEntityID=2005, reqTeleportEntityCellAppID=8001.
  S_INFO    baseapp01 27620 7001  [2018-11-14 00:24:11 364] - 换房间成功，当前房间号---101305
  S_INFO    baseapp01 27620 7001  [2018-11-14 00:24:12 863] - 开始换房间，当前房间号---101305
   DEBUG    baseapp01 27620 7001  [2018-11-14 00:24:12 863] - Room::reqTeleportOther: reqTeleportEntityID=2005, reqTeleportEntityCellAppID=8001.
  S_INFO    baseapp01 27620 7001  [2018-11-14 00:24:12 965] - 换房间成功，当前房间号---234254
   DEBUG    baseapp01 27620 7001  [2018-11-14 00:24:15 613] - Account::onClientDeath: 2005.
   S_DBG    baseapp01 27620 7001  [2018-11-14 00:24:15 613] - Account[2005].onClientDeath:
    INFO    baseapp01 27620 7001  [2018-11-14 00:24:37 363] - Baseapp::onBackupEntityCellData: Account(2002), 1 bytes.
    INFO    baseapp01 27620 7001  [2018-11-14 00:25:14 863] - Baseapp::onBackupEntityCellData: Room(2007), 1 bytes.
    INFO    baseapp01 27620 7001  [2018-11-14 00:25:52 363] - Baseapp::onBackupEntityCellData: Room(2003), 1 bytes.
    INFO    baseapp01 27620 7001  [2018-11-14 00:26:05 663] - Baseapp::onBackupEntityCellData: Account(2005), 1 bytes.
    INFO    baseapp01 27620 7001  [2018-11-14 00:26:05 663] - Baseapp::onCellWriteToDBCompleted: Account(2005).
    INFO    baseapp01 27620 7001  [2018-11-14 00:27:20 662] - Baseapp::onBackupEntityCellData: Account(2004), 1 bytes.
    INFO    baseapp01 27620 7001  [2018-11-14 00:27:20 662] - Baseapp::onCellWriteToDBCompleted: Account(2004).
    INFO    baseapp01 27620 7001  [2018-11-14 00:27:44 863] - Baseapp::onBackupEntityCellData: Account(2004), 1 bytes.
    INFO    baseapp01 27620 7001  [2018-11-14 00:28:22 362] - Baseapp::onBackupEntityCellData: Account(2005), 1 bytes.
    INFO    baseapp01 27620 7001  [2018-11-14 00:28:35 662] - Baseapp::onBackupEntityCellData: Account(2005), 1 bytes.
    INFO    baseapp01 27620 7001  [2018-11-14 00:28:35 662] - Baseapp::onCellWriteToDBCompleted: Account(2005).
    INFO    baseapp01 27620 7001  [2018-11-14 00:28:59 862] - Baseapp::onBackupEntityCellData: Room(2008), 1 bytes.
    INFO    baseapp01 27620 7001  [2018-11-14 00:29:37 361] - Baseapp::onBackupEntityCellData: Account(2002), 1 bytes.
    INFO    baseapp01 27620 7001  [2018-11-14 00:30:14 861] - Baseapp::onBackupEntityCellData: Room(2007), 1 bytes.
    INFO    baseapp01 27620 7001  [2018-11-14 00:30:52 361] - Baseapp::onBackupEntityCellData: Room(2008), 1 bytes.
    INFO    baseapp01 27620 7001  [2018-11-14 00:31:05 661] - Baseapp::onBackupEntityCellData: Account(2004), 1 bytes.
    INFO    baseapp01 27620 7001  [2018-11-14 00:31:05 661] - Baseapp::onCellWriteToDBCompleted: Account(2004).
    INFO    baseapp01 27620 7001  [2018-11-14 00:31:29 860] - Baseapp::onBackupEntityCellData: Account(2005), 1 bytes.
    INFO    baseapp01 27620 7001  [2018-11-14 00:32:20 660] - Baseapp::onBackupEntityCellData: Account(2002), 1 bytes.
    INFO    baseapp01 27620 7001  [2018-11-14 00:32:20 660] - Baseapp::onCellWriteToDBCompleted: Account(2002).
    INFO    baseapp01 27620 7001  [2018-11-14 00:32:44 861] - Baseapp::onBackupEntityCellData: Room(2003), 1 bytes.
    INFO    baseapp01 27620 7001  [2018-11-14 00:33:59 860] - Baseapp::onBackupEntityCellData: Account(2004), 1 bytes.
    INFO    baseapp01 27620 7001  [2018-11-14 00:34:37 360] - Baseapp::onBackupEntityCellData: Account(2002), 1 bytes.
    INFO    baseapp01 27620 7001  [2018-11-14 00:34:50 660] - Baseapp::onBackupEntityCellData: Account(2002), 1 bytes.
    INFO    baseapp01 27620 7001  [2018-11-14 00:34:50 660] - Baseapp::onCellWriteToDBCompleted: Account(2002).
    INFO    baseapp01 27620 7001  [2018-11-14 00:35:14 859] - Baseapp::onBackupEntityCellData: Account(2004), 1 bytes.
    INFO    baseapp01 27620 7001  [2018-11-14 00:35:52 360] - Baseapp::onBackupEntityCellData: Room(2008), 1 bytes.
    INFO    baseapp01 27620 7001  [2018-11-14 00:36:05 659] - Baseapp::onBackupEntityCellData: Account(2005), 1 bytes.
    INFO    baseapp01 27620 7001  [2018-11-14 00:36:05 659] - Baseapp::onCellWriteToDBCompleted: Account(2005).
    INFO    baseapp01 27620 7001  [2018-11-14 00:36:29 860] - Baseapp::onBackupEntityCellData: Room(2003), 1 bytes.
    INFO    baseapp01 27620 7001  [2018-11-14 00:37:07 359] - Baseapp::onBackupEntityCellData: Account(2005), 1 bytes.
   DEBUG    baseapp01 27620 7001  [2018-11-14 00:37:08 859] - PendingLoginMgr::add: Q, size=1.
    INFO    baseapp01 27620 7001  [2018-11-14 00:37:11 359] - ServerApp::onHello: verInfo=2.0.0, scriptVerInfo=0.1.0, encryptedKey=None, addr:127.0.0.1:51069/0/0/0
 WARNING    baseapp01 27620 7001  [2018-11-14 00:37:11 359] - Baseapp::onHello: client is not encrypted, addr=127.0.0.1:51069/0/0/0
    INFO    baseapp01 27620 7001  [2018-11-14 00:37:11 959] - Baseapp::loginBaseapp: new user[Q], channel[127.0.0.1:51069/0/0/0].
    INFO    baseapp01 27620 7001  [2018-11-14 00:37:11 959] - Baseapp::loginBaseapp: user[Q] has entity(2005).
  S_INFO    baseapp01 27620 7001  [2018-11-14 00:37:11 959] - 127.0.0.1
  S_INFO    baseapp01 27620 7001  [2018-11-14 00:37:11 959] - 51069
  S_INFO    baseapp01 27620 7001  [2018-11-14 00:37:11 960] - Q
  S_INFO    baseapp01 27620 7001  [2018-11-14 00:37:11 960] - account[2005] entities enable. entityCall:Client id:2005, utype:1, component=client[0], addr: 127.0.0.1:51069.
   DEBUG    baseapp01 27620 7001  [2018-11-14 00:37:12 212] - PendingLoginMgr::process: [Q] is timeout, currsize=0.
   DEBUG    baseapp01 27620 7001  [2018-11-14 00:37:19 785] - Account::onClientDeath: 2005.
   S_DBG    baseapp01 27620 7001  [2018-11-14 00:37:19 785] - Account[2005].onClientDeath:
    INFO    baseapp01 27620 7001  [2018-11-14 00:37:20 659] - Baseapp::onBackupEntityCellData: Account(2004), 1 bytes.
    INFO    baseapp01 27620 7001  [2018-11-14 00:37:20 659] - Baseapp::onCellWriteToDBCompleted: Account(2004).
    INFO    baseapp01 27620 7001  [2018-11-14 00:37:24 959] - Baseapp::reloginBaseapp: accountName=Q, key=6623385164423036928, entityID=2005.
  S_INFO    baseapp01 27620 7001  [2018-11-14 00:37:24 960] - account[2005] entities enable. entityCall:Client id:2005, utype:1, component=client[0], addr: 127.0.0.1:51072.
  S_INFO    baseapp01 27620 7001  [2018-11-14 00:37:32 260] - 开始换房间，当前房间号---234254
   DEBUG    baseapp01 27620 7001  [2018-11-14 00:37:32 260] - Room::reqTeleportOther: reqTeleportEntityID=2005, reqTeleportEntityCellAppID=8001.
  S_INFO    baseapp01 27620 7001  [2018-11-14 00:37:32 360] - 换房间成功，当前房间号---101305
  S_INFO    baseapp01 27620 7001  [2018-11-14 00:37:35 459] - 开始换房间，当前房间号---101305
   DEBUG    baseapp01 27620 7001  [2018-11-14 00:37:35 459] - Room::reqTeleportOther: reqTeleportEntityID=2005, reqTeleportEntityCellAppID=8001.
  S_INFO    baseapp01 27620 7001  [2018-11-14 00:37:35 559] - 换房间成功，当前房间号---234254
  S_INFO    baseapp01 27620 7001  [2018-11-14 00:37:37 560] - 开始换房间，当前房间号---234254
   DEBUG    baseapp01 27620 7001  [2018-11-14 00:37:37 560] - Room::reqTeleportOther: reqTeleportEntityID=2005, reqTeleportEntityCellAppID=8001.
  S_INFO    baseapp01 27620 7001  [2018-11-14 00:37:37 660] - 换房间成功，当前房间号---101305
  S_INFO    baseapp01 27620 7001  [2018-11-14 00:37:39 560] - 开始换房间，当前房间号---101305
   DEBUG    baseapp01 27620 7001  [2018-11-14 00:37:39 560] - Room::reqTeleportOther: reqTeleportEntityID=2005, reqTeleportEntityCellAppID=8001.
  S_INFO    baseapp01 27620 7001  [2018-11-14 00:37:39 660] - 换房间成功，当前房间号---234254
  S_INFO    baseapp01 27620 7001  [2018-11-14 00:37:41 760] - 开始换房间，当前房间号---234254
   DEBUG    baseapp01 27620 7001  [2018-11-14 00:37:41 760] - Room::reqTeleportOther: reqTeleportEntityID=2005, reqTeleportEntityCellAppID=8001.
  S_INFO    baseapp01 27620 7001  [2018-11-14 00:37:41 860] - 换房间成功，当前房间号---101305
  S_INFO    baseapp01 27620 7001  [2018-11-14 00:37:46 660] - 开始换房间，当前房间号---101305
   DEBUG    baseapp01 27620 7001  [2018-11-14 00:37:46 660] - Room::reqTeleportOther: reqTeleportEntityID=2005, reqTeleportEntityCellAppID=8001.
  S_INFO    baseapp01 27620 7001  [2018-11-14 00:37:46 760] - 换房间成功，当前房间号---234254
  S_INFO    baseapp01 27620 7001  [2018-11-14 00:37:48 660] - 开始换房间，当前房间号---234254
   DEBUG    baseapp01 27620 7001  [2018-11-14 00:37:48 660] - Room::reqTeleportOther: reqTeleportEntityID=2005, reqTeleportEntityCellAppID=8001.
  S_INFO    baseapp01 27620 7001  [2018-11-14 00:37:48 759] - 换房间成功，当前房间号---101305
    INFO    baseapp01 27620 7001  [2018-11-14 00:37:51 558] - Baseapp::onBackupEntityCellData: Account(2005), 97 bytes.
  S_INFO    baseapp01 27620 7001  [2018-11-14 00:37:54 859] - 123123123------
  S_INFO    baseapp01 27620 7001  [2018-11-14 00:37:54 859] - 2
  S_INFO    baseapp01 27620 7001  [2018-11-14 00:37:54 859] - 101305-需要玩家数量--2
  S_INFO    baseapp01 27620 7001  [2018-11-14 00:37:54 960] - 没有cell
  S_INFO    baseapp01 27620 7001  [2018-11-14 00:38:09 359] - 开始换房间，当前房间号---101305
   DEBUG    baseapp01 27620 7001  [2018-11-14 00:38:09 359] - Room::reqTeleportOther: reqTeleportEntityID=2005, reqTeleportEntityCellAppID=8001.
  S_INFO    baseapp01 27620 7001  [2018-11-14 00:38:09 459] - 换房间成功，当前房间号---234254
  S_INFO    baseapp01 27620 7001  [2018-11-14 00:38:15 259] - 开始换房间，当前房间号---234254
   DEBUG    baseapp01 27620 7001  [2018-11-14 00:38:15 259] - Room::reqTeleportOther: reqTeleportEntityID=2005, reqTeleportEntityCellAppID=8001.
  S_INFO    baseapp01 27620 7001  [2018-11-14 00:38:15 360] - 换房间成功，当前房间号---101305
    INFO    baseapp01 27620 7001  [2018-11-14 00:38:17 459] - Baseapp::onBackupEntityCellData: Account(2005), 97 bytes.
    INFO    baseapp01 27620 7001  [2018-11-14 00:38:35 659] - Baseapp::onBackupEntityCellData: Account(2002), 1 bytes.
    INFO    baseapp01 27620 7001  [2018-11-14 00:38:35 659] - Baseapp::onCellWriteToDBCompleted: Account(2002).
    INFO    baseapp01 27620 7001  [2018-11-14 00:38:59 858] - Baseapp::onBackupEntityCellData: Account(2002), 1 bytes.
    INFO    baseapp01 27620 7001  [2018-11-14 00:39:37 358] - Baseapp::onBackupEntityCellData: Room(2007), 1 bytes.
    INFO    baseapp01 27620 7001  [2018-11-14 00:39:50 658] - Baseapp::onBackupEntityCellData: Account(2004), 1 bytes.
    INFO    baseapp01 27620 7001  [2018-11-14 00:39:50 658] - Baseapp::onCellWriteToDBCompleted: Account(2004).
    INFO    baseapp01 27620 7001  [2018-11-14 00:39:54 663] - ServerApp::onChannelTimeOut: Channel 127.0.0.1:51072/0/0/0 timed out.
   DEBUG    baseapp01 27620 7001  [2018-11-14 00:39:54 663] - Account::onClientDeath: 2005.
   S_DBG    baseapp01 27620 7001  [2018-11-14 00:39:54 663] - Account[2005].onClientDeath:
    INFO    baseapp01 27620 7001  [2018-11-14 00:41:29 858] - Baseapp::onBackupEntityCellData: Account(2004), 1 bytes.
    INFO    baseapp01 27620 7001  [2018-11-14 00:42:07 357] - Baseapp::onBackupEntityCellData: Room(2007), 1 bytes.
    INFO    baseapp01 27620 7001  [2018-11-14 00:43:22 357] - Baseapp::onBackupEntityCellData: Room(2003), 1 bytes.
    INFO    baseapp01 27620 7001  [2018-11-14 00:43:35 657] - Baseapp::onBackupEntityCellData: Account(2004), 1 bytes.
    INFO    baseapp01 27620 7001  [2018-11-14 00:43:35 657] - Baseapp::onCellWriteToDBCompleted: Account(2004).
    INFO    baseapp01 27620 7001  [2018-11-14 00:43:59 856] - Baseapp::onBackupEntityCellData: Account(2002), 1 bytes.
    INFO    baseapp01 27620 7001  [2018-11-14 00:44:37 357] - Baseapp::onBackupEntityCellData: Room(2008), 1 bytes.
    INFO    baseapp01 27620 7001  [2018-11-14 00:45:14 857] - Baseapp::onBackupEntityCellData: Room(2003), 1 bytes.
    INFO    baseapp01 27620 7001  [2018-11-14 00:46:05 656] - Baseapp::onBackupEntityCellData: Account(2002), 1 bytes.
    INFO    baseapp01 27620 7001  [2018-11-14 00:46:05 656] - Baseapp::onCellWriteToDBCompleted: Account(2002).
    INFO    baseapp01 27620 7001  [2018-11-14 00:47:07 356] - Baseapp::onBackupEntityCellData: Account(2004), 1 bytes.
    INFO    baseapp01 27620 7001  [2018-11-14 00:47:44 855] - Baseapp::onBackupEntityCellData: Account(2002), 1 bytes.
    INFO    baseapp01 27620 7001  [2018-11-14 00:48:22 355] - Baseapp::onBackupEntityCellData: Room(2007), 1 bytes.
    INFO    baseapp01 27620 7001  [2018-11-14 00:48:35 655] - Baseapp::onBackupEntityCellData: Account(2002), 1 bytes.
    INFO    baseapp01 27620 7001  [2018-11-14 00:48:35 655] - Baseapp::onCellWriteToDBCompleted: Account(2002).
    INFO    baseapp01 27620 7001  [2018-11-14 00:48:59 855] - Baseapp::onBackupEntityCellData: Room(2008), 1 bytes.
    INFO    baseapp01 27620 7001  [2018-11-14 00:50:14 855] - Baseapp::onBackupEntityCellData: Room(2008), 1 bytes.
    INFO    baseapp01 27620 7001  [2018-11-14 00:50:52 354] - Baseapp::onBackupEntityCellData: Account(2004), 1 bytes.
    INFO    baseapp01 27620 7001  [2018-11-14 00:51:05 655] - Baseapp::onBackupEntityCellData: Account(2004), 1 bytes.
    INFO    baseapp01 27620 7001  [2018-11-14 00:51:05 655] - Baseapp::onCellWriteToDBCompleted: Account(2004).
    INFO    baseapp01 27620 7001  [2018-11-14 00:52:07 354] - Baseapp::onBackupEntityCellData: Account(2002), 1 bytes.
    INFO    baseapp01 27620 7001  [2018-11-14 00:52:44 853] - Baseapp::onBackupEntityCellData: Room(2007), 1 bytes.
    INFO    baseapp01 27620 7001  [2018-11-14 00:53:59 854] - Baseapp::onBackupEntityCellData: Room(2003), 1 bytes.
    INFO    baseapp01 27620 7001  [2018-11-14 00:54:50 653] - Baseapp::onBackupEntityCellData: Account(2004), 1 bytes.
    INFO    baseapp01 27620 7001  [2018-11-14 00:54:50 653] - Baseapp::onCellWriteToDBCompleted: Account(2004).
    INFO    baseapp01 27620 7001  [2018-11-14 00:55:52 353] - Baseapp::onBackupEntityCellData: Account(2002), 1 bytes.
    INFO    baseapp01 27620 7001  [2018-11-14 00:56:05 653] - Baseapp::onBackupEntityCellData: Account(2002), 1 bytes.
    INFO    baseapp01 27620 7001  [2018-11-14 00:56:05 653] - Baseapp::onCellWriteToDBCompleted: Account(2002).
    INFO    baseapp01 27620 7001  [2018-11-14 00:56:29 852] - Baseapp::onBackupEntityCellData: Account(2004), 1 bytes.
    INFO    baseapp01 27620 7001  [2018-11-14 00:57:07 352] - Baseapp::onBackupEntityCellData: Room(2003), 1 bytes.
    INFO    baseapp01 27620 7001  [2018-11-14 00:57:44 853] - Baseapp::onBackupEntityCellData: Room(2008), 1 bytes.
    INFO    baseapp-1 11700 7001  [2018-11-14 13:47:57 894] - -----------------------------------------------------------------------------------------


    INFO    baseapp-1 11700 7001  [2018-11-14 13:47:59 601] - Resmgr::initialize: KBE_ROOT=E:/kbengine/
    INFO    baseapp-1 11700 7001  [2018-11-14 13:47:59 601] - Resmgr::initialize: KBE_RES_PATH=E:/kbengine/kbe/res/;E:/kbengine/assets/;E:/kbengine/assets/scripts/;E:/kbengine/assets/res/
    INFO    baseapp-1 11700 7001  [2018-11-14 13:47:59 602] - Resmgr::initialize: KBE_BIN_PATH=E:/kbengine/kbe/bin/server/
    INFO    baseapp-1 11700 7001  [2018-11-14 13:48:00 162] - NetworkInterface::initialize(EXTERNAL): bound to all interfaces with default route interface on 192.168.0.107 ( 192.168.0.107:20015 )
    INFO    baseapp-1 11700 7001  [2018-11-14 13:48:00 208] - NetworkInterface::initialize(EXTERNAL): address 192.168.0.107:20015, SOMAXCONN=128.
    INFO    baseapp-1 11700 7001  [2018-11-14 13:48:00 212] - NetworkInterface::initialize(INTERNAL): bound to all interfaces with default route interface on 192.168.0.107 ( 192.168.0.107:51878 )
    INFO    baseapp-1 11700 7001  [2018-11-14 13:48:00 212] - NetworkInterface::initialize(INTERNAL): address 192.168.0.107:51878, SOMAXCONN=128.
    INFO    baseapp-1 11700 7001  [2018-11-14 13:48:00 213] - server-configs:
    INFO    baseapp-1 11700 7001  [2018-11-14 13:48:00 213] - 	gameUpdateHertz : 10
    INFO    baseapp-1 11700 7001  [2018-11-14 13:48:00 213] - 	entryScriptFile : kbemain
    INFO    baseapp-1 11700 7001  [2018-11-14 13:48:00 213] - 	internalAddr : 192.168.0.107:51878
    INFO    baseapp-1 11700 7001  [2018-11-14 13:48:00 214] - 	externalAddr : 192.168.0.107:20015
    INFO    baseapp-1 11700 7001  [2018-11-14 13:48:00 214] - 	externalCustomAddr : c.55908.3m.dkys.org
    INFO    baseapp-1 11700 7001  [2018-11-14 13:48:00 214] - 	componentID : 7001
    INFO    baseapp-1 11700 7001  [2018-11-14 13:48:01 174] - Components::findLogger: found logger, addr:192.168.0.107:51857
    INFO    baseapp-1 11700 7001  [2018-11-14 13:48:01 175] - Components::addComponent: reset orderLog, uid=11700!
    INFO    baseapp-1 11700 7001  [2018-11-14 13:48:01 176] - Components::addComponent[logger], uid=11700, componentID=2000, globalorderid=1, grouporderid=1, totalcount=1
    INFO    baseapp-1 11700 7001  [2018-11-14 13:48:01 333] - ---- baseapp Version: 2.0.0. ScriptVersion: 0.1.0. Protocol: F9DFFB319FBADF35943ADF4D42C4718C. Config: Debug X86. Built: 15:53:31 Apr 29 2018. AppID: 7001. UID: 11700. PID: 8656 ----
    INFO    baseapp-1 11700 7001  [2018-11-14 13:48:01 333] - Server : Intel(R) Xeon(R) CPU E3-1230 v3 @ 3.30GHz with 4194303kB RAM
    INFO    baseapp-1 11700 7001  [2018-11-14 13:48:01 368] - ThreadPool::createThreadPool: creating  threadpool...
    INFO    baseapp-1 11700 7001  [2018-11-14 13:48:01 430] - ThreadPool::createThreadPool: successfully(2), newThreadCount=1, normalMaxThreadCount=2, maxThreadCount=8
   DEBUG    baseapp-1 11700 7001  [2018-11-14 13:48:04 263] - Script::install_py_dlls(): PyInit_pyexpat
   DEBUG    baseapp-1 11700 7001  [2018-11-14 13:48:04 329] - Script::install_py_dlls(): PyInit__socket
   DEBUG    baseapp-1 11700 7001  [2018-11-14 13:48:04 427] - Script::install_py_dlls(): PyInit__ssl
   DEBUG    baseapp-1 11700 7001  [2018-11-14 13:48:05 206] - Script::install_py_dlls(): PyInit__hashlib
   DEBUG    baseapp-1 11700 7001  [2018-11-14 13:48:05 351] - Script::install_py_dlls(): PyInit_select
   DEBUG    baseapp-1 11700 7001  [2018-11-14 13:48:05 434] - Script::install_py_dlls(): PyInit__ctypes
   DEBUG    baseapp-1 11700 7001  [2018-11-14 13:48:05 492] - Script::install_py_dlls(): PyInit__elementtree
   DEBUG    baseapp-1 11700 7001  [2018-11-14 13:48:05 838] - Script::install_py_dlls(): PyInit_unicodedata
    INFO    baseapp-1 11700 7001  [2018-11-14 13:48:06 862] - Script::install(): is successfully, Python=(3.4.2 (default, Apr 29 2018, 15:53:05) [MSC v.1913 32 bit (Intel)])!
    INFO    baseapp-1 11700 7001  [2018-11-14 13:48:06 862] - Script::install(): KBExtra is successfully!
   DEBUG    baseapp-1 11700 7001  [2018-11-14 13:48:07 809] - loaded entity-script:Account(1).
   DEBUG    baseapp-1 11700 7001  [2018-11-14 13:48:07 815] - loaded entity-script:CheckName(2).
   DEBUG    baseapp-1 11700 7001  [2018-11-14 13:48:07 905] - loaded entity-script:Halls(3).
   DEBUG    baseapp-1 11700 7001  [2018-11-14 13:48:07 933] - loaded entity-script:Room(4).
    INFO    baseapp-1 11700 7001  [2018-11-14 13:48:07 934] - Baseapp::initializeEnd: started resmgr tick(60s)!
    INFO    baseapp-1 11700 7001  [2018-11-14 13:48:08 035] - TelnetServer server is running on port 40000
    INFO    baseapp-1 11700 7001  [2018-11-14 13:48:08 506] - ---- baseapp is running ----
   DEBUG    baseapp-1 11700 7001  [2018-11-14 13:48:08 506] - Components::process(): Request for the process of identity...
 WARNING    baseapp-1 11700 7001  [2018-11-14 13:48:14 627] - EntityApp::checkTickPeriod: tick took 6121% (6.12 seconds)!
    INFO    baseapp-1 11700 7001  [2018-11-14 13:48:15 680] - Components::findComponents: find dbmgr(1)...
    INFO    baseapp-1 11700 7001  [2018-11-14 13:48:15 730] - Components::findComponents: found dbmgr, addr:192.168.0.107:51858
    INFO    baseapp-1 11700 7001  [2018-11-14 13:48:15 730] - Components::addComponent: reset orderLog, uid=11700!
    INFO    baseapp-1 11700 7001  [2018-11-14 13:48:15 730] - Components::addComponent[dbmgr], uid=11700, componentID=4000, globalorderid=1, grouporderid=1, totalcount=1
    INFO    baseapp-1 11700 7001  [2018-11-14 13:48:15 731] - Components::findComponents: found dbmgr, addr:192.168.0.107:51858
 WARNING    baseapp-1 11700 7001  [2018-11-14 13:48:16 731] - EntityApp::checkTickPeriod: tick took 1124% (1.12 seconds)!
    INFO    baseapp-1 11700 7001  [2018-11-14 13:48:17 780] - Components::findComponents: find baseappmgr(1)...
    INFO    baseapp-1 11700 7001  [2018-11-14 13:48:17 835] - Components::findComponents: found baseappmgr, addr:192.168.0.107:51862
    INFO    baseapp-1 11700 7001  [2018-11-14 13:48:17 835] - Components::addComponent[baseappmgr], uid=11700, componentID=5000, globalorderid=2, grouporderid=1, totalcount=1
    INFO    baseapp-1 11700 7001  [2018-11-14 13:48:17 836] - Components::findComponents: found baseappmgr, addr:192.168.0.107:51862
 WARNING    baseapp-1 11700 7001  [2018-11-14 13:48:18 836] - EntityApp::checkTickPeriod: tick took 1129% (1.13 seconds)!
    INFO    baseapp-1 11700 7001  [2018-11-14 13:48:19 880] - Components::findComponents: find cellappmgr(1)...
    INFO    baseapp-1 11700 7001  [2018-11-14 13:48:19 944] - Components::findComponents: found cellappmgr, addr:192.168.0.107:51859
    INFO    baseapp-1 11700 7001  [2018-11-14 13:48:19 945] - Components::addComponent[cellappmgr], uid=11700, componentID=6000, globalorderid=3, grouporderid=1, totalcount=1
    INFO    baseapp-1 11700 7001  [2018-11-14 13:48:19 946] - Components::findComponents: found cellappmgr, addr:192.168.0.107:51859
 WARNING    baseapp-1 11700 7001  [2018-11-14 13:48:20 946] - EntityApp::checkTickPeriod: tick took 1139% (1.14 seconds)!
    INFO    baseapp-1 11700 7001  [2018-11-14 13:48:22 006] - Components::findComponents: register self to dbmgr...
   DEBUG    baseapp-1 11700 7001  [2018-11-14 13:48:22 007] - SyncEntityStreamTemplateHandler::~SyncEntityStreamTemplateHandler()
    INFO    baseapp-1 11700 7001  [2018-11-14 13:48:22 039] - Components::findComponents: register self to baseappmgr...
    INFO    baseapp-1 11700 7001  [2018-11-14 13:48:22 040] - Components::findComponents: register self to cellappmgr...
    INFO    baseapp-1 11700 7001  [2018-11-14 13:48:22 079] - Components::process(): Found all the components!
    INFO    baseapp-1 11700 7001  [2018-11-14 13:48:22 107] - ServerApp::onRegisterNewApp: uid:11700, username:, componentType:cellapp, componentID:8001, globalorderID=5, grouporderID=1, intaddr:192.168.0.107, intport:51864, extaddr:nonsupport, extport:0,  from 192.168.0.107:51901/0/0/0.
    INFO    baseapp-1 11700 7001  [2018-11-14 13:48:22 107] - Components::addComponent[cellapp], uid=11700, componentID=8001, globalorderid=5, grouporderid=1, totalcount=1
    INFO    baseapp-1 11700 7001  [2018-11-14 13:48:22 107] - ServerApp::onRegisterNewApp: uid:11700, username:, componentType:cellapp, componentID:8001, globalorderID=5, grouporderID=1, intaddr:192.168.0.107, intport:51864, extaddr:nonsupport, extport:0,  from 192.168.0.107:51901/0/0/0.
    INFO    baseapp-1 11700 7001  [2018-11-14 13:48:25 123] - EntityApp::onDbmgrInitCompleted: entityID alloc(2001-4001), startGlobalOrder=6, startGroupOrder=1, digest=7F4FC8296AD553545CD95B23EFF6238F.
    INFO    baseapp01 11700 7001  [2018-11-14 13:48:25 123] - IDClient::onAddRange: number of ids increased from 2001 to 4001.
  S_INFO    baseapp01 11700 7001  [2018-11-14 13:48:26 337] - onInit::isReload:0
 WARNING    baseapp01 11700 7001  [2018-11-14 13:48:26 337] - e:\kbengine\kbe\src\lib\server\entity_app.h:749: Profile processRecvMessages took 1.23 seconds
 WARNING    baseapp01 11700 7001  [2018-11-14 13:48:26 338] - e:\kbengine\kbe\src\server\baseapp\baseapp.cpp:505: Profile gameTick took 1.23 seconds
 WARNING    baseapp01 11700 7001  [2018-11-14 13:48:26 338] - e:\kbengine\kbe\src\lib\network\event_dispatcher.cpp:153: Profile callSystemTimers took 1.23 seconds
 WARNING    baseapp01 11700 7001  [2018-11-14 13:48:26 339] - EntityApp::checkTickPeriod: tick took 1231% (1.23 seconds)!
   DEBUG    baseapp01 11700 7001  [2018-11-14 13:48:27 128] - EntityAutoLoader::~EntityAutoLoader()
  S_INFO    baseapp01 11700 7001  [2018-11-14 13:48:27 180] - onBaseAppReady: isBootstrap=True, appID=7001, bootstrapGroupIndex=1, bootstrapGlobalIndex=6
    INFO    baseapp01 11700 7001  [2018-11-14 13:48:27 222] - EntityApp::createEntity: new Halls 2001
   DEBUG    baseapp01 11700 7001  [2018-11-14 13:48:27 280] - InitProgressHandler::~InitProgressHandler()
   DEBUG    baseapp01 11700 7001  [2018-11-14 13:48:27 807] - PendingLoginMgr::add: 1, size=1.
    INFO    baseapp01 11700 7001  [2018-11-14 13:48:30 307] - ServerApp::onHello: verInfo=2.0.0, scriptVerInfo=0.1.0, encryptedKey=None, addr:127.0.0.1:51914/0/0/0
 WARNING    baseapp01 11700 7001  [2018-11-14 13:48:30 307] - Baseapp::onHello: client is not encrypted, addr=127.0.0.1:51914/0/0/0
    INFO    baseapp01 11700 7001  [2018-11-14 13:48:30 907] - Baseapp::loginBaseapp: new user[1], channel[127.0.0.1:51914/0/0/0].
   DEBUG    baseapp01 11700 7001  [2018-11-14 13:48:31 034] - PendingLoginMgr::remove: 1, size=0.
    INFO    baseapp01 11700 7001  [2018-11-14 13:48:31 062] - EntityApp::createEntity: new Account 2002
  S_INFO    baseapp01 11700 7001  [2018-11-14 13:48:31 066] - account[2002] entities enable. entityCall:Client id:2002, utype:1, component=client[0], addr: 127.0.0.1:51914.
    INFO    baseapp01 11700 7001  [2018-11-14 13:48:31 066] - Baseapp::onQueryAccountCBFromDbmgr: user=1, uuid=6623589089470251008, entityID=2002, flags=0, deadline=0.
   DEBUG    baseapp01 11700 7001  [2018-11-14 13:48:34 607] - PendingLoginMgr::add: 2, size=1.
    INFO    baseapp01 11700 7001  [2018-11-14 13:48:36 006] - ServerApp::onHello: verInfo=2.0.0, scriptVerInfo=0.1.0, encryptedKey=None, addr:127.0.0.1:51918/0/0/0
 WARNING    baseapp01 11700 7001  [2018-11-14 13:48:36 007] - Baseapp::onHello: client is not encrypted, addr=127.0.0.1:51918/0/0/0
    INFO    baseapp01 11700 7001  [2018-11-14 13:48:36 506] - Baseapp::loginBaseapp: new user[2], channel[127.0.0.1:51918/0/0/0].
   DEBUG    baseapp01 11700 7001  [2018-11-14 13:48:36 606] - PendingLoginMgr::remove: 2, size=0.
    INFO    baseapp01 11700 7001  [2018-11-14 13:48:36 607] - EntityApp::createEntity: new Account 2003
  S_INFO    baseapp01 11700 7001  [2018-11-14 13:48:36 609] - account[2003] entities enable. entityCall:Client id:2003, utype:1, component=client[0], addr: 127.0.0.1:51918.
    INFO    baseapp01 11700 7001  [2018-11-14 13:48:36 609] - Baseapp::onQueryAccountCBFromDbmgr: user=2, uuid=6623589110945087488, entityID=2003, flags=0, deadline=0.
  S_INFO    baseapp01 11700 7001  [2018-11-14 13:49:15 006] - 123123123------
  S_INFO    baseapp01 11700 7001  [2018-11-14 13:49:15 006] - 结束后长度
  S_INFO    baseapp01 11700 7001  [2018-11-14 13:49:15 006] - 0
    INFO    baseapp01 11700 7001  [2018-11-14 13:49:15 125] - EntityApp::createEntity: new Room 2004
   S_DBG    baseapp01 11700 7001  [2018-11-14 13:49:15 424] - onGlobalData: Room_1
   S_DBG    baseapp01 11700 7001  [2018-11-14 13:49:15 607] - 没有cell
   S_DBG    baseapp01 11700 7001  [2018-11-14 13:49:19 606] - 123123123------
   S_DBG    baseapp01 11700 7001  [2018-11-14 13:49:19 606] - 1
   S_DBG    baseapp01 11700 7001  [2018-11-14 13:49:19 607] - 362740-需要玩家数量--1
   S_DBG    baseapp01 11700 7001  [2018-11-14 13:49:19 707] - 没有cell
   DEBUG    baseapp01 11700 7001  [2018-11-14 13:49:36 105] - Account::onClientDeath: 2003.
   S_DBG    baseapp01 11700 7001  [2018-11-14 13:49:36 105] - Account[2003].onClientDeath:
 WARNING    baseapp01 11700 7001  [2018-11-14 13:49:36 206] - Baseapp::onEntityCall: not found clientEntityCall! entitycallType=6, entityID=2003.
 WARNING    baseapp01 11700 7001  [2018-11-14 13:49:36 606] - Baseapp::onEntityCall: not found clientEntityCall! entitycallType=6, entityID=2003.
    INFO    baseapp01 11700 7001  [2018-11-14 13:49:39 006] - Baseapp::reloginBaseapp: accountName=2, key=6623589110945087488, entityID=2003.
  S_INFO    baseapp01 11700 7001  [2018-11-14 13:49:39 007] - account[2003] entities enable. entityCall:Client id:2003, utype:1, component=client[0], addr: 127.0.0.1:51925.
   DEBUG    baseapp01 11700 7001  [2018-11-14 13:50:18 165] - Account::onClientDeath: 2003.
   S_DBG    baseapp01 11700 7001  [2018-11-14 13:50:18 165] - Account[2003].onClientDeath:
    INFO    baseapp01 11700 7001  [2018-11-14 13:51:12 505] - Baseapp::onBackupEntityCellData: Account(2002), 198 bytes.
    INFO    baseapp01 11700 7001  [2018-11-14 13:52:27 503] - Baseapp::onBackupEntityCellData: Account(2003), 144 bytes.
   DEBUG    baseapp01 11700 7001  [2018-11-14 13:53:06 886] - Account::onClientDeath: 2002.
   S_DBG    baseapp01 11700 7001  [2018-11-14 13:53:06 886] - Account[2002].onClientDeath:
    INFO    baseapp01 11700 7001  [2018-11-14 13:53:15 103] - Baseapp::reloginBaseapp: accountName=1, key=6623589089470251008, entityID=2002.
  S_INFO    baseapp01 11700 7001  [2018-11-14 13:53:15 103] - account[2002] entities enable. entityCall:Client id:2002, utype:1, component=client[0], addr: 127.0.0.1:51942.
    INFO    baseapp01 11700 7001  [2018-11-14 13:54:57 502] - Baseapp::onBackupEntityCellData: Room(2004), 153 bytes.
    INFO    baseapp01 11700 7001  [2018-11-14 13:55:38 601] - Baseapp::onBackupEntityCellData: Account(2003), 1 bytes.
    INFO    baseapp01 11700 7001  [2018-11-14 13:55:38 601] - Baseapp::onCellWriteToDBCompleted: Account(2003).
   DEBUG    baseapp01 11700 7001  [2018-11-14 13:56:24 588] - Account::onClientDeath: 2002.
   S_DBG    baseapp01 11700 7001  [2018-11-14 13:56:24 589] - Account[2002].onClientDeath:
    INFO    baseapp01 11700 7001  [2018-11-14 13:56:33 400] - Baseapp::reloginBaseapp: accountName=1, key=6623590309240963073, entityID=2002.
  S_INFO    baseapp01 11700 7001  [2018-11-14 13:56:33 401] - account[2002] entities enable. entityCall:Client id:2002, utype:1, component=client[0], addr: 127.0.0.1:51974.
   DEBUG    baseapp01 11700 7001  [2018-11-14 13:57:22 000] - PendingLoginMgr::add: 2, size=1.
   DEBUG    baseapp01 11700 7001  [2018-11-14 13:57:23 416] - Account::onClientDeath: 2002.
   S_DBG    baseapp01 11700 7001  [2018-11-14 13:57:23 417] - Account[2002].onClientDeath:
    INFO    baseapp01 11700 7001  [2018-11-14 13:57:26 600] - ServerApp::onHello: verInfo=2.0.0, scriptVerInfo=0.1.0, encryptedKey=None, addr:127.0.0.1:51984/0/0/0
 WARNING    baseapp01 11700 7001  [2018-11-14 13:57:26 601] - Baseapp::onHello: client is not encrypted, addr=127.0.0.1:51984/0/0/0
    INFO    baseapp01 11700 7001  [2018-11-14 13:57:27 200] - Baseapp::loginBaseapp: new user[2], channel[127.0.0.1:51984/0/0/0].
    INFO    baseapp01 11700 7001  [2018-11-14 13:57:27 200] - Baseapp::loginBaseapp: user[2] has entity(2003).
  S_INFO    baseapp01 11700 7001  [2018-11-14 13:57:27 200] - 127.0.0.1
  S_INFO    baseapp01 11700 7001  [2018-11-14 13:57:27 201] - 51984
  S_INFO    baseapp01 11700 7001  [2018-11-14 13:57:27 201] - 2
  S_INFO    baseapp01 11700 7001  [2018-11-14 13:57:27 201] - account[2003] entities enable. entityCall:Client id:2003, utype:1, component=client[0], addr: 127.0.0.1:51984.
    INFO    baseapp01 11700 7001  [2018-11-14 13:57:27 500] - Baseapp::onBackupEntityCellData: Room(2004), 1 bytes.
    INFO    baseapp01 11700 7001  [2018-11-14 13:57:27 600] - Baseapp::reloginBaseapp: accountName=1, key=6623591159644487681, entityID=2002.
  S_INFO    baseapp01 11700 7001  [2018-11-14 13:57:27 601] - account[2002] entities enable. entityCall:Client id:2002, utype:1, component=client[0], addr: 127.0.0.1:51986.
   DEBUG    baseapp01 11700 7001  [2018-11-14 13:57:27 929] - PendingLoginMgr::process: [2] is timeout, currsize=0.
   DEBUG    baseapp01 11700 7001  [2018-11-14 13:57:39 389] - Account::onClientDeath: 2002.
   S_DBG    baseapp01 11700 7001  [2018-11-14 13:57:39 390] - Account[2002].onClientDeath:
   DEBUG    baseapp01 11700 7001  [2018-11-14 13:57:58 600] - PendingLoginMgr::add: 1, size=1.
    INFO    baseapp01 11700 7001  [2018-11-14 13:58:02 199] - ServerApp::onHello: verInfo=2.0.0, scriptVerInfo=0.1.0, encryptedKey=None, addr:127.0.0.1:51993/0/0/0
 WARNING    baseapp01 11700 7001  [2018-11-14 13:58:02 200] - Baseapp::onHello: client is not encrypted, addr=127.0.0.1:51993/0/0/0
   DEBUG    baseapp01 11700 7001  [2018-11-14 13:58:02 556] - Account::onClientDeath: 2003.
   S_DBG    baseapp01 11700 7001  [2018-11-14 13:58:02 556] - Account[2003].onClientDeath:
    INFO    baseapp01 11700 7001  [2018-11-14 13:58:03 200] - Baseapp::loginBaseapp: new user[1], channel[127.0.0.1:51993/0/0/0].
    INFO    baseapp01 11700 7001  [2018-11-14 13:58:03 201] - Baseapp::loginBaseapp: user[1] has entity(2002).
  S_INFO    baseapp01 11700 7001  [2018-11-14 13:58:03 201] - 127.0.0.1
  S_INFO    baseapp01 11700 7001  [2018-11-14 13:58:03 201] - 51993
  S_INFO    baseapp01 11700 7001  [2018-11-14 13:58:03 201] - 1
  S_INFO    baseapp01 11700 7001  [2018-11-14 13:58:03 202] - account[2002] entities enable. entityCall:Client id:2002, utype:1, component=client[0], addr: 127.0.0.1:51993.
   DEBUG    baseapp01 11700 7001  [2018-11-14 13:58:03 930] - PendingLoginMgr::process: [1] is timeout, currsize=0.
    INFO    baseapp01 11700 7001  [2018-11-14 13:58:08 600] - Baseapp::onBackupEntityCellData: Account(2002), 1 bytes.
    INFO    baseapp01 11700 7001  [2018-11-14 13:58:08 600] - Baseapp::onCellWriteToDBCompleted: Account(2002).
    INFO    baseapp01 11700 7001  [2018-11-14 13:58:12 200] - Baseapp::reloginBaseapp: accountName=2, key=6623591391572721664, entityID=2003.
  S_INFO    baseapp01 11700 7001  [2018-11-14 13:58:12 201] - account[2003] entities enable. entityCall:Client id:2003, utype:1, component=client[0], addr: 127.0.0.1:51996.
   DEBUG    baseapp01 11700 7001  [2018-11-14 13:58:34 898] - Account::onClientDeath: 2002.
   S_DBG    baseapp01 11700 7001  [2018-11-14 13:58:34 899] - Account[2002].onClientDeath:
    INFO    baseapp01 11700 7001  [2018-11-14 13:58:42 500] - Baseapp::onBackupEntityCellData: Account(2002), 1 bytes.
    INFO    baseapp01 11700 7001  [2018-11-14 13:58:43 699] - Baseapp::reloginBaseapp: accountName=1, key=6623591546191544320, entityID=2002.
  S_INFO    baseapp01 11700 7001  [2018-11-14 13:58:43 700] - account[2002] entities enable. entityCall:Client id:2002, utype:1, component=client[0], addr: 127.0.0.1:52005.
   DEBUG    baseapp01 11700 7001  [2018-11-14 13:59:18 689] - Account::onClientDeath: 2003.
   S_DBG    baseapp01 11700 7001  [2018-11-14 13:59:18 689] - Account[2003].onClientDeath:
    INFO    baseapp01 11700 7001  [2018-11-14 13:59:57 498] - Baseapp::onBackupEntityCellData: Account(2003), 1 bytes.
    INFO    baseapp01 11700 7001  [2018-11-14 14:00:38 598] - Baseapp::onBackupEntityCellData: Account(2003), 1 bytes.
    INFO    baseapp01 11700 7001  [2018-11-14 14:00:38 598] - Baseapp::onCellWriteToDBCompleted: Account(2003).
   DEBUG    baseapp01 11700 7001  [2018-11-14 14:01:36 298] - PendingLoginMgr::add: 2, size=1.
    INFO    baseapp01 11700 7001  [2018-11-14 14:01:38 597] - ServerApp::onHello: verInfo=2.0.0, scriptVerInfo=0.1.0, encryptedKey=None, addr:127.0.0.1:52020/0/0/0
 WARNING    baseapp01 11700 7001  [2018-11-14 14:01:38 598] - Baseapp::onHello: client is not encrypted, addr=127.0.0.1:52020/0/0/0
    INFO    baseapp01 11700 7001  [2018-11-14 14:01:39 497] - Baseapp::loginBaseapp: new user[2], channel[127.0.0.1:52020/0/0/0].
    INFO    baseapp01 11700 7001  [2018-11-14 14:01:39 497] - Baseapp::loginBaseapp: user[2] has entity(2003).
  S_INFO    baseapp01 11700 7001  [2018-11-14 14:01:39 498] - 127.0.0.1
  S_INFO    baseapp01 11700 7001  [2018-11-14 14:01:39 498] - 52020
  S_INFO    baseapp01 11700 7001  [2018-11-14 14:01:39 498] - 2
  S_INFO    baseapp01 11700 7001  [2018-11-14 14:01:39 499] - account[2003] entities enable. entityCall:Client id:2003, utype:1, component=client[0], addr: 127.0.0.1:52020.
   DEBUG    baseapp01 11700 7001  [2018-11-14 14:01:39 927] - PendingLoginMgr::process: [2] is timeout, currsize=0.
    INFO    baseapp01 11700 7001  [2018-11-14 14:02:27 497] - Baseapp::onBackupEntityCellData: Room(2004), 1 bytes.
   DEBUG    baseapp01 11700 7001  [2018-11-14 14:02:51 146] - Account::onClientDeath: 2003.
   S_DBG    baseapp01 11700 7001  [2018-11-14 14:02:51 146] - Account[2003].onClientDeath:
    INFO    baseapp01 11700 7001  [2018-11-14 14:02:58 696] - Baseapp::reloginBaseapp: accountName=2, key=6623592473904480256, entityID=2003.
  S_INFO    baseapp01 11700 7001  [2018-11-14 14:02:58 697] - account[2003] entities enable. entityCall:Client id:2003, utype:1, component=client[0], addr: 127.0.0.1:52028.
    INFO    baseapp01 11700 7001  [2018-11-14 14:03:08 596] - Baseapp::onBackupEntityCellData: Account(2002), 1 bytes.
    INFO    baseapp01 11700 7001  [2018-11-14 14:03:08 596] - Baseapp::onCellWriteToDBCompleted: Account(2002).
   DEBUG    baseapp01 11700 7001  [2018-11-14 14:03:13 582] - Account::onClientDeath: 2003.
   S_DBG    baseapp01 11700 7001  [2018-11-14 14:03:13 583] - Account[2003].onClientDeath:
    INFO    baseapp01 11700 7001  [2018-11-14 14:03:23 096] - Baseapp::reloginBaseapp: accountName=2, key=6623592813206896641, entityID=2003.
  S_INFO    baseapp01 11700 7001  [2018-11-14 14:03:23 097] - account[2003] entities enable. entityCall:Client id:2003, utype:1, component=client[0], addr: 127.0.0.1:52034.
    INFO    baseapp01 11700 7001  [2018-11-14 14:03:42 496] - Baseapp::onBackupEntityCellData: Account(2003), 1 bytes.
   DEBUG    baseapp01 11700 7001  [2018-11-14 14:04:03 310] - Account::onClientDeath: 2003.
   S_DBG    baseapp01 11700 7001  [2018-11-14 14:04:03 310] - Account[2003].onClientDeath:
    INFO    baseapp01 11700 7001  [2018-11-14 14:04:05 695] - Baseapp::reloginBaseapp: accountName=2, key=6623592920581079041, entityID=2003.
  S_INFO    baseapp01 11700 7001  [2018-11-14 14:04:05 696] - account[2003] entities enable. entityCall:Client id:2003, utype:1, component=client[0], addr: 127.0.0.1:52054.
   DEBUG    baseapp01 11700 7001  [2018-11-14 14:04:27 239] - Account::onClientDeath: 2003.
   S_DBG    baseapp01 11700 7001  [2018-11-14 14:04:27 239] - Account[2003].onClientDeath:
    INFO    baseapp01 11700 7001  [2018-11-14 14:04:57 495] - Baseapp::onBackupEntityCellData: Account(2002), 1 bytes.
    INFO    baseapp01 11700 7001  [2018-11-14 14:05:38 595] - Baseapp::onBackupEntityCellData: Account(2003), 1 bytes.
    INFO    baseapp01 11700 7001  [2018-11-14 14:05:38 595] - Baseapp::onCellWriteToDBCompleted: Account(2003).
   DEBUG    baseapp01 11700 7001  [2018-11-14 14:06:03 598] - Account::onClientDeath: 2002.
   S_DBG    baseapp01 11700 7001  [2018-11-14 14:06:03 598] - Account[2002].onClientDeath:
    INFO    baseapp01 11700 7001  [2018-11-14 14:06:12 494] - Baseapp::onBackupEntityCellData: Room(2004), 1 bytes.
    INFO    baseapp01 11700 7001  [2018-11-14 14:07:27 493] - Baseapp::onBackupEntityCellData: Account(2002), 1 bytes.
    INFO    baseapp01 11700 7001  [2018-11-14 14:08:08 592] - Baseapp::onBackupEntityCellData: Account(2002), 1 bytes.
    INFO    baseapp01 11700 7001  [2018-11-14 14:08:08 592] - Baseapp::onCellWriteToDBCompleted: Account(2002).
    INFO    baseapp01 11700 7001  [2018-11-14 14:09:57 491] - Baseapp::onBackupEntityCellData: Account(2003), 1 bytes.
    INFO    baseapp01 11700 7001  [2018-11-14 14:10:38 591] - Baseapp::onBackupEntityCellData: Account(2002), 1 bytes.
    INFO    baseapp01 11700 7001  [2018-11-14 14:10:38 591] - Baseapp::onCellWriteToDBCompleted: Account(2002).
    INFO    baseapp01 11700 7001  [2018-11-14 14:11:12 491] - Baseapp::onBackupEntityCellData: Room(2004), 1 bytes.
    INFO    baseapp01 11700 7001  [2018-11-14 14:13:08 589] - Baseapp::onBackupEntityCellData: Account(2003), 1 bytes.
    INFO    baseapp01 11700 7001  [2018-11-14 14:13:08 589] - Baseapp::onCellWriteToDBCompleted: Account(2003).
    INFO    baseapp01 11700 7001  [2018-11-14 14:13:42 488] - Baseapp::onBackupEntityCellData: Account(2002), 1 bytes.
    INFO    baseapp01 11700 7001  [2018-11-14 14:14:57 488] - Baseapp::onBackupEntityCellData: Account(2003), 1 bytes.
    INFO    baseapp01 11700 7001  [2018-11-14 14:15:38 587] - Baseapp::onBackupEntityCellData: Account(2003), 1 bytes.
    INFO    baseapp01 11700 7001  [2018-11-14 14:15:38 587] - Baseapp::onCellWriteToDBCompleted: Account(2003).
    INFO    baseapp01 11700 7001  [2018-11-14 14:16:12 487] - Baseapp::onBackupEntityCellData: Room(2004), 1 bytes.
    INFO    baseapp01 11700 7001  [2018-11-14 14:18:08 585] - Baseapp::onBackupEntityCellData: Account(2002), 1 bytes.
    INFO    baseapp01 11700 7001  [2018-11-14 14:18:08 585] - Baseapp::onCellWriteToDBCompleted: Account(2002).
    INFO    baseapp01 11700 7001  [2018-11-14 14:18:42 485] - Baseapp::onBackupEntityCellData: Account(2002), 1 bytes.
   DEBUG    baseapp01 11700 7001  [2018-11-14 14:19:18 684] - PendingLoginMgr::add: 1, size=1.
    INFO    baseapp01 11700 7001  [2018-11-14 14:19:22 085] - ServerApp::onHello: verInfo=2.0.0, scriptVerInfo=0.1.0, encryptedKey=None, addr:127.0.0.1:52250/0/0/0
 WARNING    baseapp01 11700 7001  [2018-11-14 14:19:22 085] - Baseapp::onHello: client is not encrypted, addr=127.0.0.1:52250/0/0/0
    INFO    baseapp01 11700 7001  [2018-11-14 14:19:22 685] - Baseapp::loginBaseapp: new user[1], channel[127.0.0.1:52250/0/0/0].
    INFO    baseapp01 11700 7001  [2018-11-14 14:19:22 685] - Baseapp::loginBaseapp: user[1] has entity(2002).
  S_INFO    baseapp01 11700 7001  [2018-11-14 14:19:22 685] - 127.0.0.1
  S_INFO    baseapp01 11700 7001  [2018-11-14 14:19:22 686] - 52250
  S_INFO    baseapp01 11700 7001  [2018-11-14 14:19:22 686] - 1
  S_INFO    baseapp01 11700 7001  [2018-11-14 14:19:22 686] - account[2002] entities enable. entityCall:Client id:2002, utype:1, component=client[0], addr: 127.0.0.1:52250.
   DEBUG    baseapp01 11700 7001  [2018-11-14 14:19:22 918] - PendingLoginMgr::process: [1] is timeout, currsize=0.
   DEBUG    baseapp01 11700 7001  [2018-11-14 14:19:23 685] - PendingLoginMgr::add: 2, size=1.
    INFO    baseapp01 11700 7001  [2018-11-14 14:19:25 485] - ServerApp::onHello: verInfo=2.0.0, scriptVerInfo=0.1.0, encryptedKey=None, addr:127.0.0.1:52254/0/0/0
 WARNING    baseapp01 11700 7001  [2018-11-14 14:19:25 486] - Baseapp::onHello: client is not encrypted, addr=127.0.0.1:52254/0/0/0
    INFO    baseapp01 11700 7001  [2018-11-14 14:19:26 085] - Baseapp::loginBaseapp: new user[2], channel[127.0.0.1:52254/0/0/0].
    INFO    baseapp01 11700 7001  [2018-11-14 14:19:26 085] - Baseapp::loginBaseapp: user[2] has entity(2003).
  S_INFO    baseapp01 11700 7001  [2018-11-14 14:19:26 086] - 127.0.0.1
  S_INFO    baseapp01 11700 7001  [2018-11-14 14:19:26 086] - 52254
  S_INFO    baseapp01 11700 7001  [2018-11-14 14:19:26 086] - 2
  S_INFO    baseapp01 11700 7001  [2018-11-14 14:19:26 086] - account[2003] entities enable. entityCall:Client id:2003, utype:1, component=client[0], addr: 127.0.0.1:52254.
   DEBUG    baseapp01 11700 7001  [2018-11-14 14:19:26 917] - PendingLoginMgr::process: [2] is timeout, currsize=0.
    INFO    baseapp01 11700 7001  [2018-11-14 14:19:57 485] - Baseapp::onBackupEntityCellData: Account(2003), 1 bytes.
   DEBUG    baseapp01 11700 7001  [2018-11-14 14:20:24 641] - Account::onClientDeath: 2003.
   S_DBG    baseapp01 11700 7001  [2018-11-14 14:20:24 641] - Account[2003].onClientDeath:
   DEBUG    baseapp01 11700 7001  [2018-11-14 14:20:28 660] - Account::onClientDeath: 2002.
   S_DBG    baseapp01 11700 7001  [2018-11-14 14:20:28 660] - Account[2002].onClientDeath:
    INFO    baseapp01 11700 7001  [2018-11-14 14:20:38 584] - Baseapp::onBackupEntityCellData: Account(2003), 1 bytes.
    INFO    baseapp01 11700 7001  [2018-11-14 14:20:38 584] - Baseapp::onCellWriteToDBCompleted: Account(2003).
   DEBUG    baseapp01 11700 7001  [2018-11-14 14:20:43 883] - PendingLoginMgr::add: Q, size=1.
    INFO    baseapp01 11700 7001  [2018-11-14 14:20:45 683] - ServerApp::onHello: verInfo=2.0.0, scriptVerInfo=0.1.0, encryptedKey=None, addr:127.0.0.1:52263/0/0/0
 WARNING    baseapp01 11700 7001  [2018-11-14 14:20:45 683] - Baseapp::onHello: client is not encrypted, addr=127.0.0.1:52263/0/0/0
    INFO    baseapp01 11700 7001  [2018-11-14 14:20:46 283] - Baseapp::loginBaseapp: new user[Q], channel[127.0.0.1:52263/0/0/0].
   DEBUG    baseapp01 11700 7001  [2018-11-14 14:20:46 383] - PendingLoginMgr::remove: Q, size=0.
    INFO    baseapp01 11700 7001  [2018-11-14 14:20:46 384] - EntityApp::createEntity: new Account 2005
  S_INFO    baseapp01 11700 7001  [2018-11-14 14:20:46 385] - account[2005] entities enable. entityCall:Client id:2005, utype:1, component=client[0], addr: 127.0.0.1:52263.
    INFO    baseapp01 11700 7001  [2018-11-14 14:20:46 386] - Baseapp::onQueryAccountCBFromDbmgr: user=Q, uuid=6623597400231968768, entityID=2005, flags=0, deadline=0.
   DEBUG    baseapp01 11700 7001  [2018-11-14 14:20:48 984] - PendingLoginMgr::add: w, size=1.
  S_INFO    baseapp01 11700 7001  [2018-11-14 14:20:50 484] - 123123123------
  S_INFO    baseapp01 11700 7001  [2018-11-14 14:20:50 484] - 结束后长度
  S_INFO    baseapp01 11700 7001  [2018-11-14 14:20:50 484] - 0
    INFO    baseapp01 11700 7001  [2018-11-14 14:20:50 488] - ServerApp::onHello: verInfo=2.0.0, scriptVerInfo=0.1.0, encryptedKey=None, addr:127.0.0.1:52267/0/0/0
 WARNING    baseapp01 11700 7001  [2018-11-14 14:20:50 489] - Baseapp::onHello: client is not encrypted, addr=127.0.0.1:52267/0/0/0
    INFO    baseapp01 11700 7001  [2018-11-14 14:20:50 587] - EntityApp::createEntity: new Room 2006
   S_DBG    baseapp01 11700 7001  [2018-11-14 14:20:50 684] - onGlobalData: Room_2
   S_DBG    baseapp01 11700 7001  [2018-11-14 14:20:50 785] - 没有cell
    INFO    baseapp01 11700 7001  [2018-11-14 14:20:51 084] - Baseapp::loginBaseapp: new user[w], channel[127.0.0.1:52267/0/0/0].
   DEBUG    baseapp01 11700 7001  [2018-11-14 14:20:51 184] - PendingLoginMgr::remove: w, size=0.
    INFO    baseapp01 11700 7001  [2018-11-14 14:20:51 185] - EntityApp::createEntity: new Account 2007
  S_INFO    baseapp01 11700 7001  [2018-11-14 14:20:51 186] - account[2007] entities enable. entityCall:Client id:2007, utype:1, component=client[0], addr: 127.0.0.1:52267.
    INFO    baseapp01 11700 7001  [2018-11-14 14:20:51 187] - Baseapp::onQueryAccountCBFromDbmgr: user=w, uuid=6623597421706805248, entityID=2007, flags=0, deadline=0.
    INFO    baseapp01 11700 7001  [2018-11-14 14:21:02 583] - Baseapp::onBackupEntityCellData: Room(2004), 1 bytes.
    INFO    baseapp01 11700 7001  [2018-11-14 14:21:12 284] - EntityApp::createEntity: new CheckName 2008
  S_INFO    baseapp01 11700 7001  [2018-11-14 14:21:15 483] - 123123123------
  S_INFO    baseapp01 11700 7001  [2018-11-14 14:21:15 483] - 1
  S_INFO    baseapp01 11700 7001  [2018-11-14 14:21:15 484] - 951452-需要玩家数量--1
  S_INFO    baseapp01 11700 7001  [2018-11-14 14:21:15 584] - 没有cell
   DEBUG    baseapp01 11700 7001  [2018-11-14 14:21:19 208] - Account::onClientDeath: 2007.
   S_DBG    baseapp01 11700 7001  [2018-11-14 14:21:19 208] - Account[2007].onClientDeath:
    INFO    baseapp01 11700 7001  [2018-11-14 14:21:23 784] - Baseapp::reloginBaseapp: accountName=w, key=6623597421706805248, entityID=2007.
  S_INFO    baseapp01 11700 7001  [2018-11-14 14:21:23 785] - account[2007] entities enable. entityCall:Client id:2007, utype:1, component=client[0], addr: 127.0.0.1:52270.
    INFO    baseapp01 11700 7001  [2018-11-14 14:21:41 283] - Baseapp::onBackupEntityCellData: Account(2002), 1 bytes.
    INFO    baseapp01 11700 7001  [2018-11-14 14:22:56 282] - Baseapp::onBackupEntityCellData: Account(2003), 1 bytes.
    INFO    baseapp01 11700 7001  [2018-11-14 14:23:08 582] - Baseapp::onBackupEntityCellData: Account(2002), 1 bytes.
    INFO    baseapp01 11700 7001  [2018-11-14 14:23:08 582] - Baseapp::onCellWriteToDBCompleted: Account(2002).
    INFO    baseapp01 11700 7001  [2018-11-14 14:23:33 782] - Baseapp::onBackupEntityCellData: Account(2005), 111 bytes.
   DEBUG    baseapp01 11700 7001  [2018-11-14 14:23:42 558] - Account::onClientDeath: 2007.
   S_DBG    baseapp01 11700 7001  [2018-11-14 14:23:42 558] - Account[2007].onClientDeath:
    INFO    baseapp01 11700 7001  [2018-11-14 14:23:47 382] - Baseapp::reloginBaseapp: accountName=w, key=6623597559145758721, entityID=2007.
  S_INFO    baseapp01 11700 7001  [2018-11-14 14:23:47 383] - account[2007] entities enable. entityCall:Client id:2007, utype:1, component=client[0], addr: 127.0.0.1:52284.
    INFO    baseapp01 11700 7001  [2018-11-14 14:24:08 581] - Baseapp::onBackupEntityCellData: Account(2003), 1 bytes.
    INFO    baseapp01 11700 7001  [2018-11-14 14:24:08 581] - Baseapp::onCellWriteToDBCompleted: Account(2003).
   DEBUG    baseapp01 11700 7001  [2018-11-14 14:24:28 712] - Account::onClientDeath: 2007.
   S_DBG    baseapp01 11700 7001  [2018-11-14 14:24:28 712] - Account[2007].onClientDeath:
 WARNING    baseapp01 11700 7001  [2018-11-14 14:24:32 681] - Baseapp::onEntityCall: not found clientEntityCall! entitycallType=6, entityID=2007.
 WARNING    baseapp01 11700 7001  [2018-11-14 14:24:32 782] - Baseapp::onEntityCall: not found clientEntityCall! entitycallType=6, entityID=2007.
 WARNING    baseapp01 11700 7001  [2018-11-14 14:24:32 880] - Baseapp::onEntityCall: not found clientEntityCall! entitycallType=6, entityID=2007.
 WARNING    baseapp01 11700 7001  [2018-11-14 14:24:32 881] - Baseapp::onEntityCall: not found clientEntityCall! entitycallType=6, entityID=2007.
    INFO    baseapp01 11700 7001  [2018-11-14 14:24:35 981] - Baseapp::reloginBaseapp: accountName=w, key=6623598177621049345, entityID=2007.
  S_INFO    baseapp01 11700 7001  [2018-11-14 14:24:35 982] - account[2007] entities enable. entityCall:Client id:2007, utype:1, component=client[0], addr: 127.0.0.1:52298.
    INFO    baseapp01 11700 7001  [2018-11-14 14:24:48 780] - Baseapp::onBackupEntityCellData: Room(2006), 193 bytes.
   DEBUG    baseapp01 11700 7001  [2018-11-14 14:24:48 951] - Account::onClientDeath: 2005.
   S_DBG    baseapp01 11700 7001  [2018-11-14 14:24:48 952] - Account[2005].onClientDeath:
    INFO    baseapp01 11700 7001  [2018-11-14 14:24:53 881] - Baseapp::reloginBaseapp: accountName=Q, key=6623597400231968768, entityID=2005.
  S_INFO    baseapp01 11700 7001  [2018-11-14 14:24:53 882] - account[2005] entities enable. entityCall:Client id:2005, utype:1, component=client[0], addr: 127.0.0.1:52301.
   DEBUG    baseapp01 11700 7001  [2018-11-14 14:24:55 576] - Account::onClientDeath: 2007.
   S_DBG    baseapp01 11700 7001  [2018-11-14 14:24:55 576] - Account[2007].onClientDeath:
 WARNING    baseapp01 11700 7001  [2018-11-14 14:24:57 981] - Baseapp::onEntityCall: not found clientEntityCall! entitycallType=6, entityID=2007.
 WARNING    baseapp01 11700 7001  [2018-11-14 14:24:58 081] - Baseapp::onEntityCall: not found clientEntityCall! entitycallType=6, entityID=2007.
 WARNING    baseapp01 11700 7001  [2018-11-14 14:24:58 181] - Baseapp::onEntityCall: not found clientEntityCall! entitycallType=6, entityID=2007.
 WARNING    baseapp01 11700 7001  [2018-11-14 14:24:58 182] - Baseapp::onEntityCall: not found clientEntityCall! entitycallType=6, entityID=2007.
    INFO    baseapp01 11700 7001  [2018-11-14 14:25:04 480] - Baseapp::reloginBaseapp: accountName=w, key=6623598383779479553, entityID=2007.
  S_INFO    baseapp01 11700 7001  [2018-11-14 14:25:04 481] - account[2007] entities enable. entityCall:Client id:2007, utype:1, component=client[0], addr: 127.0.0.1:52303.
    INFO    baseapp01 11700 7001  [2018-11-14 14:25:08 580] - Baseapp::onBackupEntityCellData: Account(2005), 1 bytes.
    INFO    baseapp01 11700 7001  [2018-11-14 14:25:08 580] - Baseapp::onCellWriteToDBCompleted: Account(2005).
    INFO    baseapp01 11700 7001  [2018-11-14 14:25:26 280] - Baseapp::onBackupEntityCellData: Account(2007), 141 bytes.
   DEBUG    baseapp01 11700 7001  [2018-11-14 14:25:28 606] - Account::onClientDeath: 2007.
   S_DBG    baseapp01 11700 7001  [2018-11-14 14:25:28 607] - Account[2007].onClientDeath:
   DEBUG    baseapp01 11700 7001  [2018-11-14 14:25:34 023] - Account::onClientDeath: 2005.
   S_DBG    baseapp01 11700 7001  [2018-11-14 14:25:34 023] - Account[2005].onClientDeath:
    INFO    baseapp01 11700 7001  [2018-11-14 14:26:03 780] - Baseapp::onBackupEntityCellData: Room(2004), 1 bytes.
    INFO    baseapp01 11700 7001  [2018-11-14 14:26:08 580] - Baseapp::onBackupEntityCellData: Account(2002), 1 bytes.
    INFO    baseapp01 11700 7001  [2018-11-14 14:26:08 580] - Baseapp::onCellWriteToDBCompleted: Account(2002).
    INFO    baseapp01 11700 7001  [2018-11-14 14:26:41 280] - Baseapp::onBackupEntityCellData: Account(2002), 1 bytes.
    INFO    baseapp01 11700 7001  [2018-11-14 14:27:08 579] - Baseapp::onBackupEntityCellData: Account(2007), 1 bytes.
    INFO    baseapp01 11700 7001  [2018-11-14 14:27:08 579] - Baseapp::onCellWriteToDBCompleted: Account(2007).
    INFO    baseapp01 11700 7001  [2018-11-14 14:27:56 279] - Baseapp::onBackupEntityCellData: Account(2003), 1 bytes.
    INFO    baseapp01 11700 7001  [2018-11-14 14:29:08 578] - Baseapp::onBackupEntityCellData: Account(2003), 1 bytes.
    INFO    baseapp01 11700 7001  [2018-11-14 14:29:08 578] - Baseapp::onCellWriteToDBCompleted: Account(2003).
    INFO    baseapp01 11700 7001  [2018-11-14 14:29:11 277] - Baseapp::onBackupEntityCellData: Account(2007), 1 bytes.
    INFO    baseapp01 11700 7001  [2018-11-14 14:29:48 777] - Baseapp::onBackupEntityCellData: Account(2002), 1 bytes.
    INFO    baseapp01 11700 7001  [2018-11-14 14:30:08 577] - Baseapp::onBackupEntityCellData: Account(2002), 1 bytes.
    INFO    baseapp01 11700 7001  [2018-11-14 14:30:08 577] - Baseapp::onCellWriteToDBCompleted: Account(2002).
    INFO    baseapp01 11700 7001  [2018-11-14 14:31:03 777] - Baseapp::onBackupEntityCellData: Account(2005), 1 bytes.
    INFO    baseapp01 11700 7001  [2018-11-14 14:31:08 576] - Baseapp::onBackupEntityCellData: Account(2007), 1 bytes.
    INFO    baseapp01 11700 7001  [2018-11-14 14:31:08 576] - Baseapp::onCellWriteToDBCompleted: Account(2007).
    INFO    baseapp01 11700 7001  [2018-11-14 14:31:41 276] - Baseapp::onBackupEntityCellData: Account(2003), 1 bytes.
    INFO    baseapp01 11700 7001  [2018-11-14 14:32:18 775] - Baseapp::onBackupEntityCellData: Room(2006), 1 bytes.
    INFO    baseapp01 11700 7001  [2018-11-14 14:32:56 275] - Baseapp::onBackupEntityCellData: Room(2004), 1 bytes.
    INFO    baseapp01 11700 7001  [2018-11-14 14:33:08 575] - Baseapp::onBackupEntityCellData: Account(2005), 1 bytes.
    INFO    baseapp01 11700 7001  [2018-11-14 14:33:08 575] - Baseapp::onCellWriteToDBCompleted: Account(2005).
    INFO    baseapp01 11700 7001  [2018-11-14 14:33:33 774] - Baseapp::onBackupEntityCellData: Account(2003), 1 bytes.
    INFO    baseapp01 11700 7001  [2018-11-14 14:34:08 574] - Baseapp::onBackupEntityCellData: Account(2007), 1 bytes.
    INFO    baseapp01 11700 7001  [2018-11-14 14:34:08 574] - Baseapp::onCellWriteToDBCompleted: Account(2007).
    INFO    baseapp01 11700 7001  [2018-11-14 14:34:11 275] - Baseapp::onBackupEntityCellData: Account(2007), 1 bytes.
    INFO    baseapp01 11700 7001  [2018-11-14 14:35:08 574] - Baseapp::onBackupEntityCellData: Account(2005), 1 bytes.
    INFO    baseapp01 11700 7001  [2018-11-14 14:35:08 574] - Baseapp::onCellWriteToDBCompleted: Account(2005).
    INFO    baseapp01 11700 7001  [2018-11-14 14:35:26 273] - Baseapp::onBackupEntityCellData: Room(2006), 1 bytes.
    INFO    baseapp01 11700 7001  [2018-11-14 14:36:41 272] - Baseapp::onBackupEntityCellData: Account(2002), 1 bytes.
    INFO    baseapp01 11700 7001  [2018-11-14 14:37:08 572] - Baseapp::onBackupEntityCellData: Account(2003), 1 bytes.
    INFO    baseapp01 11700 7001  [2018-11-14 14:37:08 572] - Baseapp::onCellWriteToDBCompleted: Account(2003).
    INFO    baseapp01 11700 7001  [2018-11-14 14:37:18 772] - Baseapp::onBackupEntityCellData: Account(2005), 1 bytes.
    INFO    baseapp01 11700 7001  [2018-11-14 14:37:56 271] - Baseapp::onBackupEntityCellData: Room(2004), 1 bytes.
    INFO    baseapp01 11700 7001  [2018-11-14 14:38:08 571] - Baseapp::onBackupEntityCellData: Account(2002), 1 bytes.
    INFO    baseapp01 11700 7001  [2018-11-14 14:38:08 571] - Baseapp::onCellWriteToDBCompleted: Account(2002).
    INFO    baseapp01 11700 7001  [2018-11-14 14:38:33 772] - Baseapp::onBackupEntityCellData: Account(2002), 1 bytes.
    INFO    baseapp01 11700 7001  [2018-11-14 14:39:08 571] - Baseapp::onBackupEntityCellData: Account(2007), 1 bytes.
    INFO    baseapp01 11700 7001  [2018-11-14 14:39:08 571] - Baseapp::onCellWriteToDBCompleted: Account(2007).
    INFO    baseapp01 11700 7001  [2018-11-14 14:39:48 770] - Baseapp::onBackupEntityCellData: Room(2004), 1 bytes.
    INFO    baseapp01 11700 7001  [2018-11-14 14:40:08 570] - Baseapp::onBackupEntityCellData: Account(2005), 1 bytes.
    INFO    baseapp01 11700 7001  [2018-11-14 14:40:08 570] - Baseapp::onCellWriteToDBCompleted: Account(2005).
    INFO    baseapp01 11700 7001  [2018-11-14 14:40:26 270] - Baseapp::onBackupEntityCellData: Room(2006), 1 bytes.
    INFO    baseapp01 11700 7001  [2018-11-14 14:41:03 769] - Baseapp::onBackupEntityCellData: Account(2003), 1 bytes.
    INFO    baseapp01 11700 7001  [2018-11-14 14:41:08 569] - Baseapp::onBackupEntityCellData: Account(2002), 1 bytes.
    INFO    baseapp01 11700 7001  [2018-11-14 14:41:08 569] - Baseapp::onCellWriteToDBCompleted: Account(2002).
    INFO    baseapp01 11700 7001  [2018-11-14 14:41:41 269] - Baseapp::onBackupEntityCellData: Account(2005), 1 bytes.
    INFO    baseapp01 11700 7001  [2018-11-14 14:42:56 268] - Baseapp::onBackupEntityCellData: Account(2007), 1 bytes.
    INFO    baseapp01 11700 7001  [2018-11-14 14:43:08 568] - Baseapp::onBackupEntityCellData: Account(2003), 1 bytes.
    INFO    baseapp01 11700 7001  [2018-11-14 14:43:08 568] - Baseapp::onCellWriteToDBCompleted: Account(2003).
    INFO    baseapp01 11700 7001  [2018-11-14 14:44:08 567] - Baseapp::onBackupEntityCellData: Account(2007), 1 bytes.
    INFO    baseapp01 11700 7001  [2018-11-14 14:44:08 567] - Baseapp::onCellWriteToDBCompleted: Account(2007).
    INFO    baseapp01 11700 7001  [2018-11-14 14:44:11 267] - Baseapp::onBackupEntityCellData: Account(2007), 1 bytes.
    INFO    baseapp01 11700 7001  [2018-11-14 14:44:48 767] - Baseapp::onBackupEntityCellData: Room(2006), 1 bytes.
    INFO    baseapp01 11700 7001  [2018-11-14 14:45:08 566] - Baseapp::onBackupEntityCellData: Account(2003), 1 bytes.
    INFO    baseapp01 11700 7001  [2018-11-14 14:45:08 566] - Baseapp::onCellWriteToDBCompleted: Account(2003).
    INFO    baseapp01 11700 7001  [2018-11-14 14:46:03 865] - Baseapp::onBackupEntityCellData: Room(2004), 1 bytes.
    INFO    baseapp01 11700 7001  [2018-11-14 14:46:08 566] - Baseapp::onBackupEntityCellData: Account(2002), 1 bytes.
    INFO    baseapp01 11700 7001  [2018-11-14 14:46:08 566] - Baseapp::onCellWriteToDBCompleted: Account(2002).
    INFO    baseapp01 11700 7001  [2018-11-14 14:46:41 365] - Baseapp::onBackupEntityCellData: Account(2003), 1 bytes.
    INFO    baseapp01 11700 7001  [2018-11-14 14:47:18 865] - Baseapp::onBackupEntityCellData: Account(2005), 1 bytes.
    INFO    baseapp01 11700 7001  [2018-11-14 14:47:56 365] - Baseapp::onBackupEntityCellData: Account(2002), 1 bytes.
    INFO    baseapp01 11700 7001  [2018-11-14 14:48:08 564] - Baseapp::onBackupEntityCellData: Account(2005), 1 bytes.
    INFO    baseapp01 11700 7001  [2018-11-14 14:48:08 564] - Baseapp::onCellWriteToDBCompleted: Account(2005).
    INFO    baseapp01 11700 7001  [2018-11-14 14:48:33 864] - Baseapp::onBackupEntityCellData: Account(2007), 1 bytes.
    INFO    baseapp01 11700 7001  [2018-11-14 14:49:08 564] - Baseapp::onBackupEntityCellData: Account(2002), 1 bytes.
    INFO    baseapp01 11700 7001  [2018-11-14 14:49:08 564] - Baseapp::onCellWriteToDBCompleted: Account(2002).
    INFO    baseapp01 11700 7001  [2018-11-14 14:49:11 364] - Baseapp::onBackupEntityCellData: Room(2004), 1 bytes.
    INFO    baseapp01 11700 7001  [2018-11-14 14:50:08 563] - Baseapp::onBackupEntityCellData: Account(2007), 1 bytes.
    INFO    baseapp01 11700 7001  [2018-11-14 14:50:08 563] - Baseapp::onCellWriteToDBCompleted: Account(2007).
    INFO    baseapp01 11700 7001  [2018-11-14 14:50:26 362] - Baseapp::onBackupEntityCellData: Account(2002), 1 bytes.
    INFO    baseapp01 11700 7001  [2018-11-14 14:51:03 862] - Baseapp::onBackupEntityCellData: Account(2005), 1 bytes.
    INFO    baseapp01 11700 7001  [2018-11-14 14:51:08 562] - Baseapp::onBackupEntityCellData: Account(2003), 1 bytes.
    INFO    baseapp01 11700 7001  [2018-11-14 14:51:08 562] - Baseapp::onCellWriteToDBCompleted: Account(2003).
    INFO    baseapp01 11700 7001  [2018-11-14 14:51:41 362] - Baseapp::onBackupEntityCellData: Account(2003), 1 bytes.
    INFO    baseapp01 11700 7001  [2018-11-14 14:52:18 862] - Baseapp::onBackupEntityCellData: Room(2006), 1 bytes.
    INFO    baseapp01 11700 7001  [2018-11-14 14:53:08 561] - Baseapp::onBackupEntityCellData: Account(2005), 1 bytes.
    INFO    baseapp01 11700 7001  [2018-11-14 14:53:08 561] - Baseapp::onCellWriteToDBCompleted: Account(2005).
    INFO    baseapp01 11700 7001  [2018-11-14 14:53:33 860] - Baseapp::onBackupEntityCellData: Account(2002), 1 bytes.
    INFO    baseapp01 11700 7001  [2018-11-14 14:54:08 560] - Baseapp::onBackupEntityCellData: Account(2005), 1 bytes.
    INFO    baseapp01 11700 7001  [2018-11-14 14:54:08 560] - Baseapp::onCellWriteToDBCompleted: Account(2005).
    INFO    baseapp01 11700 7001  [2018-11-14 14:54:11 360] - Baseapp::onBackupEntityCellData: Account(2003), 1 bytes.
    INFO    baseapp01 11700 7001  [2018-11-14 14:54:48 859] - Baseapp::onBackupEntityCellData: Account(2007), 1 bytes.
    INFO    baseapp01 11700 7001  [2018-11-14 14:55:08 559] - Baseapp::onBackupEntityCellData: Account(2003), 1 bytes.
    INFO    baseapp01 11700 7001  [2018-11-14 14:55:08 559] - Baseapp::onCellWriteToDBCompleted: Account(2003).
    INFO    baseapp01 11700 7001  [2018-11-14 14:55:26 359] - Baseapp::onBackupEntityCellData: Room(2006), 1 bytes.
    INFO    baseapp01 11700 7001  [2018-11-14 14:56:03 859] - Baseapp::onBackupEntityCellData: Room(2004), 1 bytes.
    INFO    baseapp01 11700 7001  [2018-11-14 14:56:41 358] - Baseapp::onBackupEntityCellData: Account(2005), 1 bytes.
    INFO    baseapp01 11700 7001  [2018-11-14 14:57:08 558] - Baseapp::onBackupEntityCellData: Account(2002), 1 bytes.
    INFO    baseapp01 11700 7001  [2018-11-14 14:57:08 558] - Baseapp::onCellWriteToDBCompleted: Account(2002).
