    INFO    cellapp-1 25037 8001  [2018-07-08 11:25:40 277] - -----------------------------------------------------------------------------------------


    INFO    cellapp-1 25037 8001  [2018-07-08 11:25:41 184] - Resmgr::initialize: KBE_ROOT=E:/kbengine/
    INFO    cellapp-1 25037 8001  [2018-07-08 11:25:41 184] - Resmgr::initialize: KBE_RES_PATH=E:/kbengine/kbe/res/;E:/kbengine/assets/;E:/kbengine/assets/scripts/;E:/kbengine/assets/res/
    INFO    cellapp-1 25037 8001  [2018-07-08 11:25:41 184] - Resmgr::initialize: KBE_BIN_PATH=E:/kbengine/kbe/bin/server/
    INFO    cellapp-1 25037 8001  [2018-07-08 11:25:41 678] - NetworkInterface::initialize(INTERNAL): bound to all interfaces with default route interface on 192.168.0.106 ( 192.168.0.106:50037 )
    INFO    cellapp-1 25037 8001  [2018-07-08 11:25:41 691] - NetworkInterface::initialize(INTERNAL): address 192.168.0.106:50037, SOMAXCONN=5.
    INFO    cellapp-1 25037 8001  [2018-07-08 11:25:41 691] - server-configs:
    INFO    cellapp-1 25037 8001  [2018-07-08 11:25:41 691] - 	gameUpdateHertz : 10
    INFO    cellapp-1 25037 8001  [2018-07-08 11:25:41 725] - 	defaultViewRadius : 80
    INFO    cellapp-1 25037 8001  [2018-07-08 11:25:41 725] - 	defaultViewHysteresisArea : 5
    INFO    cellapp-1 25037 8001  [2018-07-08 11:25:41 725] - 	entryScriptFile : kbemain
    INFO    cellapp-1 25037 8001  [2018-07-08 11:25:41 726] - 	internalAddr : 192.168.0.106:50037
    INFO    cellapp-1 25037 8001  [2018-07-08 11:25:41 726] - 	componentID : 8001
    INFO    cellapp-1 25037 8001  [2018-07-08 11:25:42 272] - Components::findLogger: found logger, addr:192.168.0.106:50027
    INFO    cellapp-1 25037 8001  [2018-07-08 11:25:42 273] - Components::addComponent: reset orderLog, uid=25037!
    INFO    cellapp-1 25037 8001  [2018-07-08 11:25:42 471] - Components::addComponent[logger], uid=25037, componentID=2000, globalorderid=1, grouporderid=1, totalcount=1
    INFO    cellapp-1 25037 8001  [2018-07-08 11:25:42 737] - ---- cellapp Version: 2.0.0. ScriptVersion: 0.1.0. Protocol: 85A70C5E64F896E0F1A60BF405B4EB07. Config: Debug X86. Built: 15:53:53 Apr 29 2018. AppID: 8001. UID: 25037. PID: 6232 ----
    INFO    cellapp-1 25037 8001  [2018-07-08 11:25:42 738] - Server : Intel(R) Xeon(R) CPU E3-1230 v3 @ 3.30GHz with 4194303kB RAM
    INFO    cellapp-1 25037 8001  [2018-07-08 11:25:42 883] - ThreadPool::createThreadPool: creating  threadpool...
    INFO    cellapp-1 25037 8001  [2018-07-08 11:25:42 901] - ThreadPool::createThreadPool: successfully(2), newThreadCount=1, normalMaxThreadCount=2, maxThreadCount=8
   DEBUG    cellapp-1 25037 8001  [2018-07-08 11:25:49 003] - Script::install_py_dlls(): PyInit_pyexpat
   DEBUG    cellapp-1 25037 8001  [2018-07-08 11:25:49 084] - Script::install_py_dlls(): PyInit__socket
   DEBUG    cellapp-1 25037 8001  [2018-07-08 11:25:49 189] - Script::install_py_dlls(): PyInit__ssl
   DEBUG    cellapp-1 25037 8001  [2018-07-08 11:25:50 225] - Script::install_py_dlls(): PyInit__hashlib
   DEBUG    cellapp-1 25037 8001  [2018-07-08 11:25:50 290] - Script::install_py_dlls(): PyInit_select
   DEBUG    cellapp-1 25037 8001  [2018-07-08 11:25:50 345] - Script::install_py_dlls(): PyInit__ctypes
   DEBUG    cellapp-1 25037 8001  [2018-07-08 11:25:50 378] - Script::install_py_dlls(): PyInit__elementtree
   DEBUG    cellapp-1 25037 8001  [2018-07-08 11:25:51 587] - Script::install_py_dlls(): PyInit_unicodedata
    INFO    cellapp-1 25037 8001  [2018-07-08 11:25:52 943] - Script::install(): is successfully, Python=(3.4.2 (default, Apr 29 2018, 15:53:05) [MSC v.1913 32 bit (Intel)])!
    INFO    cellapp-1 25037 8001  [2018-07-08 11:25:52 943] - Script::install(): KBExtra is successfully!
   DEBUG    cellapp-1 25037 8001  [2018-07-08 11:25:53 850] - loaded entity-script:Account(1).
   DEBUG    cellapp-1 25037 8001  [2018-07-08 11:25:53 924] - loaded entity-script:Room(4).
    INFO    cellapp-1 25037 8001  [2018-07-08 11:25:54 116] - TelnetServer server is running on port 50000
    INFO    cellapp-1 25037 8001  [2018-07-08 11:25:54 749] - ---- cellapp is running ----
   DEBUG    cellapp-1 25037 8001  [2018-07-08 11:25:54 786] - Components::process(): Request for the process of identity...
 WARNING    cellapp-1 25037 8001  [2018-07-08 11:26:01 132] - EntityApp::checkTickPeriod: tick took 6384% (6.38 seconds)!
 WARNING    cellapp-1 25037 8001  [2018-07-08 11:26:01 374] - e:\kbengine\kbe\src\lib\server\entity_app.h:749: Profile processRecvMessages took 0.10 seconds
 WARNING    cellapp-1 25037 8001  [2018-07-08 11:26:01 374] - e:\kbengine\kbe\src\server\cellapp\cellapp.cpp:245: Profile gameTick took 0.10 seconds
 WARNING    cellapp-1 25037 8001  [2018-07-08 11:26:01 375] - e:\kbengine\kbe\src\lib\network\event_dispatcher.cpp:153: Profile callSystemTimers took 0.10 seconds
    INFO    cellapp-1 25037 8001  [2018-07-08 11:26:02 333] - Components::findComponents: find dbmgr(1)...
    INFO    cellapp-1 25037 8001  [2018-07-08 11:26:02 380] - Components::findComponents: found dbmgr, addr:192.168.0.106:50030
    INFO    cellapp-1 25037 8001  [2018-07-08 11:26:02 380] - Components::addComponent: reset orderLog, uid=25037!
    INFO    cellapp-1 25037 8001  [2018-07-08 11:26:02 380] - Components::addComponent[dbmgr], uid=25037, componentID=4000, globalorderid=1, grouporderid=1, totalcount=1
    INFO    cellapp-1 25037 8001  [2018-07-08 11:26:02 381] - Components::findComponents: found dbmgr, addr:192.168.0.106:50030
 WARNING    cellapp-1 25037 8001  [2018-07-08 11:26:03 382] - EntityApp::checkTickPeriod: tick took 1132% (1.13 seconds)!
    INFO    cellapp-1 25037 8001  [2018-07-08 11:26:04 434] - Components::findComponents: find cellappmgr(1)...
    INFO    cellapp-1 25037 8001  [2018-07-08 11:26:04 493] - Components::findComponents: found cellappmgr, addr:192.168.0.106:50028
    INFO    cellapp-1 25037 8001  [2018-07-08 11:26:04 493] - Components::addComponent[cellappmgr], uid=25037, componentID=6000, globalorderid=2, grouporderid=1, totalcount=1
    INFO    cellapp-1 25037 8001  [2018-07-08 11:26:04 494] - Components::findComponents: found cellappmgr, addr:192.168.0.106:50028
 WARNING    cellapp-1 25037 8001  [2018-07-08 11:26:05 494] - EntityApp::checkTickPeriod: tick took 1144% (1.14 seconds)!
    INFO    cellapp-1 25037 8001  [2018-07-08 11:26:06 534] - Components::findComponents: find baseappmgr(1)...
    INFO    cellapp-1 25037 8001  [2018-07-08 11:26:06 601] - Components::findComponents: found baseappmgr, addr:192.168.0.106:50031
    INFO    cellapp-1 25037 8001  [2018-07-08 11:26:06 601] - Components::addComponent[baseappmgr], uid=25037, componentID=5000, globalorderid=3, grouporderid=1, totalcount=1
    INFO    cellapp-1 25037 8001  [2018-07-08 11:26:06 602] - Components::findComponents: found baseappmgr, addr:192.168.0.106:50031
 WARNING    cellapp-1 25037 8001  [2018-07-08 11:26:07 602] - EntityApp::checkTickPeriod: tick took 1152% (1.15 seconds)!
    INFO    cellapp-1 25037 8001  [2018-07-08 11:26:08 650] - Components::findComponents: register self to dbmgr...
    INFO    cellapp-1 25037 8001  [2018-07-08 11:26:08 734] - Components::findComponents: register self to cellappmgr...
    INFO    cellapp-1 25037 8001  [2018-07-08 11:26:08 749] - Components::findComponents: register self to baseappmgr...
    INFO    cellapp-1 25037 8001  [2018-07-08 11:26:08 834] - Components::process(): Found all the components!
    INFO    cellapp-1 25037 8001  [2018-07-08 11:26:11 749] - EntityApp::onDbmgrInitCompleted: entityID alloc(1-2001), startGlobalOrder=5, startGroupOrder=1, digest=9D86A399DC6EBA6BB59A5E18F6705617.
    INFO    cellapp01 25037 8001  [2018-07-08 11:26:11 749] - IDClient::onAddRange: number of ids increased from 1 to 2001.
   S_DBG    cellapp01 25037 8001  [2018-07-08 11:26:12 954] - onInit::isReload:0
 WARNING    cellapp01 25037 8001  [2018-07-08 11:26:12 955] - e:\kbengine\kbe\src\lib\server\entity_app.h:749: Profile processRecvMessages took 1.21 seconds
 WARNING    cellapp01 25037 8001  [2018-07-08 11:26:12 955] - e:\kbengine\kbe\src\server\cellapp\cellapp.cpp:245: Profile gameTick took 1.21 seconds
 WARNING    cellapp01 25037 8001  [2018-07-08 11:26:12 955] - e:\kbengine\kbe\src\lib\network\event_dispatcher.cpp:153: Profile callSystemTimers took 1.21 seconds
 WARNING    cellapp01 25037 8001  [2018-07-08 11:26:12 956] - EntityApp::checkTickPeriod: tick took 1207% (1.21 seconds)!
   DEBUG    cellapp01 25037 8001  [2018-07-08 11:26:13 081] - InitProgressHandler::~InitProgressHandler()
    INFO    cellapp01 25037 8001  [2018-07-08 11:26:24 450] - ServerApp::onRegisterNewApp: uid:25037, username:, componentType:baseapp, componentID:7001, globalorderID=6, grouporderID=1, intaddr:192.168.0.106, intport:50051, extaddr:192.168.0.106, extport:20015,  from 192.168.0.106:50030/0/0/0.
    INFO    cellapp01 25037 8001  [2018-07-08 11:26:24 450] - Components::addComponent[baseapp], uid=25037, componentID=7001, globalorderid=6, grouporderid=1, totalcount=1
 WARNING    cellapp01 25037 8001  [2018-07-08 11:26:31 313] - e:\kbengine\kbe\src\lib\pyscript\pickler.cpp:141: Profile unpickle took 0.26 seconds
   S_DBG    cellapp01 25037 8001  [2018-07-08 11:26:31 314] - onGlobalData: Halls
 WARNING    cellapp01 25037 8001  [2018-07-08 11:26:31 314] - e:\kbengine\kbe\src\lib\server\entity_app.h:749: Profile processRecvMessages took 0.27 seconds
 WARNING    cellapp01 25037 8001  [2018-07-08 11:26:31 315] - e:\kbengine\kbe\src\server\cellapp\cellapp.cpp:245: Profile gameTick took 0.27 seconds
 WARNING    cellapp01 25037 8001  [2018-07-08 11:26:31 315] - e:\kbengine\kbe\src\lib\network\event_dispatcher.cpp:153: Profile callSystemTimers took 0.27 seconds
 WARNING    cellapp01 25037 8001  [2018-07-08 11:26:31 315] - EntityApp::checkTickPeriod: tick took 266% (0.27 seconds)!
   DEBUG    cellapp01 25037 8001  [2018-07-08 11:29:16 895] - Spaces::createNewSpace: new space(Room) 1.
    INFO    cellapp01 25037 8001  [2018-07-08 11:29:16 920] - EntityApp::createEntity: new Room 2003
    INFO    cellapp01 25037 8001  [2018-07-08 11:29:16 962] - KBEngine::addSpaceGeometryMapping: spaceID=1, respath=spaces/mjRoom, shouldLoadOnServer=1!
 WARNING    cellapp01 25037 8001  [2018-07-08 11:29:16 987] - e:\kbengine\kbe\src\lib\server\entity_app.h:749: Profile processRecvMessages took 0.14 seconds
 WARNING    cellapp01 25037 8001  [2018-07-08 11:29:16 988] - e:\kbengine\kbe\src\server\cellapp\cellapp.cpp:245: Profile gameTick took 0.14 seconds
 WARNING    cellapp01 25037 8001  [2018-07-08 11:29:16 988] - e:\kbengine\kbe\src\lib\network\event_dispatcher.cpp:153: Profile callSystemTimers took 0.14 seconds
    INFO    cellapp01 25037 8001  [2018-07-08 11:29:16 988] - KBEngine::onLoadedSpaceGeometryMapping: spaceID=1, respath=spaces/mjRoom!
   S_DBG    cellapp01 25037 8001  [2018-07-08 11:29:17 150] - 玩家进来了---2002 座位号为 0
    INFO    cellapp01 25037 8001  [2018-07-08 11:29:17 350] - EntityApp::createEntity: new Account 2002
   S_DBG    cellapp01 25037 8001  [2018-07-08 11:29:31 350] - 玩家进来了---2004 座位号为 1
    INFO    cellapp01 25037 8001  [2018-07-08 11:29:31 450] - EntityApp::createEntity: new Account 2004
   DEBUG    cellapp01 25037 8001  [2018-07-08 11:33:40 551] - Account::onWriteToDB(): 2004.
   DEBUG    cellapp01 25037 8001  [2018-07-08 11:36:10 551] - Account::onWriteToDB(): 2002.
   DEBUG    cellapp01 25037 8001  [2018-07-08 11:38:40 552] - Account::onWriteToDB(): 2002.
   DEBUG    cellapp01 25037 8001  [2018-07-08 11:41:10 456] - Account::onWriteToDB(): 2004.
   DEBUG    cellapp01 25037 8001  [2018-07-08 11:43:40 453] - Account::onWriteToDB(): 2002.
   DEBUG    cellapp01 25037 8001  [2018-07-08 11:46:10 454] - Account::onWriteToDB(): 2004.
   DEBUG    cellapp01 25037 8001  [2018-07-08 11:48:40 454] - Account::onWriteToDB(): 2002.
   DEBUG    cellapp01 25037 8001  [2018-07-08 11:51:10 455] - Account::onWriteToDB(): 2004.
   DEBUG    cellapp01 25037 8001  [2018-07-08 11:53:40 455] - Account::onWriteToDB(): 2004.
   DEBUG    cellapp01 25037 8001  [2018-07-08 11:56:10 456] - Account::onWriteToDB(): 2002.
   DEBUG    cellapp01 25037 8001  [2018-07-08 11:58:40 456] - Account::onWriteToDB(): 2002.
   DEBUG    cellapp01 25037 8001  [2018-07-08 12:01:10 457] - Account::onWriteToDB(): 2004.
   DEBUG    cellapp01 25037 8001  [2018-07-08 12:03:40 458] - Account::onWriteToDB(): 2002.
   DEBUG    cellapp01 25037 8001  [2018-07-08 12:06:10 458] - Account::onWriteToDB(): 2004.
   DEBUG    cellapp01 25037 8001  [2018-07-08 12:06:50 160] - Account::~Account(): 2004
   S_DBG    cellapp01 25037 8001  [2018-07-08 12:06:58 459] - 玩家进来了---2004 座位号为 1
    INFO    cellapp01 25037 8001  [2018-07-08 12:06:58 559] - EntityApp::createEntity: new Account 2004
   DEBUG    cellapp01 25037 8001  [2018-07-08 12:07:00 186] - WitnessedTimeoutHandler::handleTimeout: witnesseds is empty, timer is canceled!
   DEBUG    cellapp01 25037 8001  [2018-07-08 12:07:02 559] - Account::~Account(): 2004
   DEBUG    cellapp01 25037 8001  [2018-07-08 12:07:17 560] - WitnessedTimeoutHandler::handleTimeout: witnesseds is empty, timer is canceled!
   DEBUG    cellapp01 25037 8001  [2018-07-08 12:08:40 459] - Account::onWriteToDB(): 2002.
   DEBUG    cellapp01 25037 8001  [2018-07-08 12:16:10 461] - Account::onWriteToDB(): 2002.
   DEBUG    cellapp01 25037 8001  [2018-07-08 12:18:40 461] - Account::onWriteToDB(): 2002.
   DEBUG    cellapp01 25037 8001  [2018-07-08 12:26:10 463] - Account::onWriteToDB(): 2002.
   DEBUG    cellapp01 25037 8001  [2018-07-08 12:28:40 463] - Account::onWriteToDB(): 2002.
   DEBUG    cellapp01 25037 8001  [2018-07-08 12:33:40 465] - Account::onWriteToDB(): 2002.
   DEBUG    cellapp01 25037 8001  [2018-07-08 12:38:40 466] - Account::onWriteToDB(): 2002.
   DEBUG    cellapp01 25037 8001  [2018-07-08 12:46:10 467] - Account::onWriteToDB(): 2002.
   DEBUG    cellapp01 25037 8001  [2018-07-08 12:51:10 469] - Account::onWriteToDB(): 2002.
   DEBUG    cellapp01 25037 8001  [2018-07-08 12:56:10 470] - Account::onWriteToDB(): 2002.
   DEBUG    cellapp01 25037 8001  [2018-07-08 13:01:10 471] - Account::onWriteToDB(): 2002.
   DEBUG    cellapp01 25037 8001  [2018-07-08 13:03:40 472] - Account::onWriteToDB(): 2002.
   DEBUG    cellapp01 25037 8001  [2018-07-08 13:11:10 472] - Account::onWriteToDB(): 2002.
   DEBUG    cellapp01 25037 8001  [2018-07-08 13:13:40 473] - Account::onWriteToDB(): 2002.
   DEBUG    cellapp01 25037 8001  [2018-07-08 13:21:10 475] - Account::onWriteToDB(): 2002.
   DEBUG    cellapp01 25037 8001  [2018-07-08 13:23:40 475] - Account::onWriteToDB(): 2002.
    INFO    cellapp-1 16330 8001  [2018-07-08 13:28:05 546] - -----------------------------------------------------------------------------------------


    INFO    cellapp-1 16330 8001  [2018-07-08 13:28:05 546] - Resmgr::initialize: KBE_ROOT=E:/kbengine/
    INFO    cellapp-1 16330 8001  [2018-07-08 13:28:05 546] - Resmgr::initialize: KBE_RES_PATH=E:/kbengine/kbe/res/;E:/kbengine/assets/;E:/kbengine/assets/scripts/;E:/kbengine/assets/res/
    INFO    cellapp-1 16330 8001  [2018-07-08 13:28:05 546] - Resmgr::initialize: KBE_BIN_PATH=E:/kbengine/kbe/bin/server/
    INFO    cellapp-1 16330 8001  [2018-07-08 13:28:05 550] - NetworkInterface::initialize(INTERNAL): bound to all interfaces with default route interface on 192.168.0.106 ( 192.168.0.106:51166 )
    INFO    cellapp-1 16330 8001  [2018-07-08 13:28:05 551] - NetworkInterface::initialize(INTERNAL): address 192.168.0.106:51166, SOMAXCONN=5.
    INFO    cellapp-1 16330 8001  [2018-07-08 13:28:05 551] - server-configs:
    INFO    cellapp-1 16330 8001  [2018-07-08 13:28:05 551] - 	gameUpdateHertz : 10
    INFO    cellapp-1 16330 8001  [2018-07-08 13:28:05 551] - 	defaultViewRadius : 80
    INFO    cellapp-1 16330 8001  [2018-07-08 13:28:05 551] - 	defaultViewHysteresisArea : 5
    INFO    cellapp-1 16330 8001  [2018-07-08 13:28:05 551] - 	entryScriptFile : kbemain
    INFO    cellapp-1 16330 8001  [2018-07-08 13:28:05 552] - 	internalAddr : 192.168.0.106:51166
    INFO    cellapp-1 16330 8001  [2018-07-08 13:28:05 552] - 	componentID : 8001
 WARNING    cellapp-1 16330 8001  [2018-07-08 13:28:05 863] - BundleBroadcast::BundleBroadcast: Cannot bind to port 20054, errorno=10048
    INFO    cellapp-1 16330 8001  [2018-07-08 13:28:05 869] - ---- cellapp Version: 2.0.0. ScriptVersion: 0.1.0. Protocol: 85A70C5E64F896E0F1A60BF405B4EB07. Config: Debug X86. Built: 15:53:53 Apr 29 2018. AppID: 8001. UID: 16330. PID: 9576 ----
    INFO    cellapp-1 16330 8001  [2018-07-08 13:28:05 869] - Server : Intel(R) Xeon(R) CPU E3-1230 v3 @ 3.30GHz with 4194303kB RAM
    INFO    cellapp-1 16330 8001  [2018-07-08 13:28:05 870] - ThreadPool::createThreadPool: creating  threadpool...
    INFO    cellapp-1 16330 8001  [2018-07-08 13:28:05 870] - ThreadPool::createThreadPool: successfully(2), newThreadCount=1, normalMaxThreadCount=2, maxThreadCount=8
   DEBUG    cellapp-1 16330 8001  [2018-07-08 13:28:05 996] - Script::install_py_dlls(): PyInit_pyexpat
   DEBUG    cellapp-1 16330 8001  [2018-07-08 13:28:05 996] - Script::install_py_dlls(): PyInit__socket
   DEBUG    cellapp-1 16330 8001  [2018-07-08 13:28:05 997] - Script::install_py_dlls(): PyInit__ssl
   DEBUG    cellapp-1 16330 8001  [2018-07-08 13:28:06 000] - Script::install_py_dlls(): PyInit__hashlib
   DEBUG    cellapp-1 16330 8001  [2018-07-08 13:28:06 000] - Script::install_py_dlls(): PyInit_select
   DEBUG    cellapp-1 16330 8001  [2018-07-08 13:28:06 000] - Script::install_py_dlls(): PyInit__ctypes
   DEBUG    cellapp-1 16330 8001  [2018-07-08 13:28:06 001] - Script::install_py_dlls(): PyInit__elementtree
   DEBUG    cellapp-1 16330 8001  [2018-07-08 13:28:06 030] - Script::install_py_dlls(): PyInit_unicodedata
    INFO    cellapp-1 16330 8001  [2018-07-08 13:28:06 057] - Script::install(): is successfully, Python=(3.4.2 (default, Apr 29 2018, 15:53:05) [MSC v.1913 32 bit (Intel)])!
    INFO    cellapp-1 16330 8001  [2018-07-08 13:28:06 057] - Script::install(): KBExtra is successfully!
   DEBUG    cellapp-1 16330 8001  [2018-07-08 13:28:06 097] - loaded entity-script:Account(1).
   DEBUG    cellapp-1 16330 8001  [2018-07-08 13:28:06 103] - loaded entity-script:Room(4).
    INFO    cellapp-1 16330 8001  [2018-07-08 13:28:06 103] - TelnetServer server is running on port 50000
    INFO    cellapp-1 16330 8001  [2018-07-08 13:28:06 395] - ---- cellapp is running ----
   DEBUG    cellapp-1 16330 8001  [2018-07-08 13:28:06 396] - Components::process(): Request for the process of identity...
 WARNING    cellapp-1 16330 8001  [2018-07-08 13:28:12 478] - EntityApp::checkTickPeriod: tick took 6080% (6.08 seconds)!
    INFO    cellapp-1 16330 8001  [2018-07-08 13:28:13 497] - Components::findComponents: find logger(1)...
    INFO    cellapp-1 16330 8001  [2018-07-08 13:28:13 552] - Components::findComponents: found logger, addr:192.168.0.106:51162
    INFO    cellapp-1 16330 8001  [2018-07-08 13:28:13 552] - Components::addComponent: reset orderLog, uid=16330!
    INFO    cellapp-1 16330 8001  [2018-07-08 13:28:13 552] - Components::addComponent[logger], uid=16330, componentID=2000, globalorderid=1, grouporderid=1, totalcount=1
    INFO    cellapp-1 16330 8001  [2018-07-08 13:28:13 554] - Components::findComponents: find dbmgr(2)...
    INFO    cellapp-1 16330 8001  [2018-07-08 13:28:13 657] - Components::findComponents: found dbmgr, addr:192.168.0.106:51164
    INFO    cellapp-1 16330 8001  [2018-07-08 13:28:13 657] - Components::addComponent: reset orderLog, uid=16330!
    INFO    cellapp-1 16330 8001  [2018-07-08 13:28:13 658] - Components::addComponent[dbmgr], uid=16330, componentID=4000, globalorderid=1, grouporderid=1, totalcount=1
    INFO    cellapp-1 16330 8001  [2018-07-08 13:28:13 658] - Components::findComponents: found dbmgr, addr:192.168.0.106:51164
 WARNING    cellapp-1 16330 8001  [2018-07-08 13:28:14 659] - EntityApp::checkTickPeriod: tick took 1261% (1.26 seconds)!
    INFO    cellapp-1 16330 8001  [2018-07-08 13:28:15 696] - Components::findComponents: find cellappmgr(1)...
    INFO    cellapp-1 16330 8001  [2018-07-08 13:28:15 792] - Components::findComponents: found cellappmgr, addr:192.168.0.106:51165
    INFO    cellapp-1 16330 8001  [2018-07-08 13:28:15 792] - Components::addComponent[cellappmgr], uid=16330, componentID=6000, globalorderid=2, grouporderid=1, totalcount=1
    INFO    cellapp-1 16330 8001  [2018-07-08 13:28:15 793] - Components::findComponents: found cellappmgr, addr:192.168.0.106:51165
 WARNING    cellapp-1 16330 8001  [2018-07-08 13:28:16 793] - EntityApp::checkTickPeriod: tick took 1196% (1.20 seconds)!
    INFO    cellapp-1 16330 8001  [2018-07-08 13:28:17 796] - Components::findComponents: find baseappmgr(1)...
    INFO    cellapp-1 16330 8001  [2018-07-08 13:28:17 806] - Components::findComponents: found baseappmgr, addr:192.168.0.106:51167
    INFO    cellapp-1 16330 8001  [2018-07-08 13:28:17 806] - Components::addComponent[baseappmgr], uid=16330, componentID=5000, globalorderid=3, grouporderid=1, totalcount=1
    INFO    cellapp-1 16330 8001  [2018-07-08 13:28:17 807] - Components::findComponents: found baseappmgr, addr:192.168.0.106:51167
 WARNING    cellapp-1 16330 8001  [2018-07-08 13:28:18 807] - EntityApp::checkTickPeriod: tick took 1110% (1.11 seconds)!
    INFO    cellapp-1 16330 8001  [2018-07-08 13:28:19 948] - Components::findComponents: register self to dbmgr...
    INFO    cellapp-1 16330 8001  [2018-07-08 13:28:19 996] - Components::findComponents: register self to cellappmgr...
    INFO    cellapp-1 16330 8001  [2018-07-08 13:28:20 048] - Components::findComponents: register self to baseappmgr...
    INFO    cellapp-1 16330 8001  [2018-07-08 13:28:20 096] - Components::process(): Found all the components!
    INFO    cellapp-1 16330 8001  [2018-07-08 13:28:21 396] - ServerApp::onRegisterNewApp: uid:16330, username:, componentType:baseapp, componentID:7001, globalorderID=5, grouporderID=1, intaddr:192.168.0.106, intport:51168, extaddr:192.168.0.106, extport:20015,  from 192.168.0.106:51164/0/0/0.
    INFO    cellapp-1 16330 8001  [2018-07-08 13:28:21 396] - Components::addComponent[baseapp], uid=16330, componentID=7001, globalorderid=5, grouporderid=1, totalcount=1
    INFO    cellapp-1 16389 8001  [2018-07-08 13:28:24 362] - -----------------------------------------------------------------------------------------


    INFO    cellapp-1 16389 8001  [2018-07-08 13:28:24 363] - Resmgr::initialize: KBE_ROOT=E:/kbengine/
    INFO    cellapp-1 16389 8001  [2018-07-08 13:28:24 363] - Resmgr::initialize: KBE_RES_PATH=E:/kbengine/kbe/res/;E:/kbengine/assets/;E:/kbengine/assets/scripts/;E:/kbengine/assets/res/
    INFO    cellapp-1 16389 8001  [2018-07-08 13:28:24 363] - Resmgr::initialize: KBE_BIN_PATH=E:/kbengine/kbe/bin/server/
    INFO    cellapp-1 16389 8001  [2018-07-08 13:28:24 368] - NetworkInterface::initialize(INTERNAL): bound to all interfaces with default route interface on 192.168.0.106 ( 192.168.0.106:51203 )
    INFO    cellapp-1 16389 8001  [2018-07-08 13:28:24 368] - NetworkInterface::initialize(INTERNAL): address 192.168.0.106:51203, SOMAXCONN=5.
    INFO    cellapp-1 16389 8001  [2018-07-08 13:28:24 368] - server-configs:
    INFO    cellapp-1 16389 8001  [2018-07-08 13:28:24 369] - 	gameUpdateHertz : 10
    INFO    cellapp-1 16389 8001  [2018-07-08 13:28:24 369] - 	defaultViewRadius : 80
    INFO    cellapp-1 16389 8001  [2018-07-08 13:28:24 369] - 	defaultViewHysteresisArea : 5
    INFO    cellapp-1 16389 8001  [2018-07-08 13:28:24 369] - 	entryScriptFile : kbemain
    INFO    cellapp-1 16389 8001  [2018-07-08 13:28:24 369] - 	internalAddr : 192.168.0.106:51203
    INFO    cellapp-1 16389 8001  [2018-07-08 13:28:24 369] - 	componentID : 8001
 WARNING    cellapp-1 16389 8001  [2018-07-08 13:28:24 686] - BundleBroadcast::BundleBroadcast: Cannot bind to port 20953, errorno=10048
    INFO    cellapp-1 16389 8001  [2018-07-08 13:28:24 692] - ---- cellapp Version: 2.0.0. ScriptVersion: 0.1.0. Protocol: 85A70C5E64F896E0F1A60BF405B4EB07. Config: Debug X86. Built: 15:53:53 Apr 29 2018. AppID: 8001. UID: 16389. PID: 11480 ----
    INFO    cellapp-1 16389 8001  [2018-07-08 13:28:24 692] - Server : Intel(R) Xeon(R) CPU E3-1230 v3 @ 3.30GHz with 4194303kB RAM
    INFO    cellapp-1 16389 8001  [2018-07-08 13:28:24 693] - ThreadPool::createThreadPool: creating  threadpool...
    INFO    cellapp-1 16389 8001  [2018-07-08 13:28:24 693] - ThreadPool::createThreadPool: successfully(2), newThreadCount=1, normalMaxThreadCount=2, maxThreadCount=8
   DEBUG    cellapp-1 16389 8001  [2018-07-08 13:28:24 819] - Script::install_py_dlls(): PyInit_pyexpat
   DEBUG    cellapp-1 16389 8001  [2018-07-08 13:28:24 820] - Script::install_py_dlls(): PyInit__socket
   DEBUG    cellapp-1 16389 8001  [2018-07-08 13:28:24 820] - Script::install_py_dlls(): PyInit__ssl
   DEBUG    cellapp-1 16389 8001  [2018-07-08 13:28:24 823] - Script::install_py_dlls(): PyInit__hashlib
   DEBUG    cellapp-1 16389 8001  [2018-07-08 13:28:24 823] - Script::install_py_dlls(): PyInit_select
   DEBUG    cellapp-1 16389 8001  [2018-07-08 13:28:24 823] - Script::install_py_dlls(): PyInit__ctypes
   DEBUG    cellapp-1 16389 8001  [2018-07-08 13:28:24 824] - Script::install_py_dlls(): PyInit__elementtree
   DEBUG    cellapp-1 16389 8001  [2018-07-08 13:28:24 850] - Script::install_py_dlls(): PyInit_unicodedata
    INFO    cellapp-1 16389 8001  [2018-07-08 13:28:24 878] - Script::install(): is successfully, Python=(3.4.2 (default, Apr 29 2018, 15:53:05) [MSC v.1913 32 bit (Intel)])!
    INFO    cellapp-1 16389 8001  [2018-07-08 13:28:24 878] - Script::install(): KBExtra is successfully!
   DEBUG    cellapp-1 16389 8001  [2018-07-08 13:28:24 894] - loaded entity-script:Account(1).
   DEBUG    cellapp-1 16389 8001  [2018-07-08 13:28:24 896] - loaded entity-script:Room(4).
    INFO    cellapp-1 16389 8001  [2018-07-08 13:28:24 896] - TelnetServer server is running on port 50000
    INFO    cellapp-1 16389 8001  [2018-07-08 13:28:25 201] - ---- cellapp is running ----
   DEBUG    cellapp-1 16389 8001  [2018-07-08 13:28:25 201] - Components::process(): Request for the process of identity...
 WARNING    cellapp-1 16389 8001  [2018-07-08 13:28:31 277] - EntityApp::checkTickPeriod: tick took 6075% (6.07 seconds)!
    INFO    cellapp-1 16389 8001  [2018-07-08 13:28:32 303] - Components::findComponents: find logger(1)...
    INFO    cellapp-1 16389 8001  [2018-07-08 13:28:32 348] - Components::findComponents: found logger, addr:192.168.0.106:51201
    INFO    cellapp-1 16389 8001  [2018-07-08 13:28:32 348] - Components::addComponent: reset orderLog, uid=16389!
    INFO    cellapp-1 16389 8001  [2018-07-08 13:28:32 349] - Components::addComponent[logger], uid=16389, componentID=2000, globalorderid=1, grouporderid=1, totalcount=1
    INFO    cellapp-1 16389 8001  [2018-07-08 13:28:32 350] - Components::findComponents: find dbmgr(2)...
    INFO    cellapp-1 16389 8001  [2018-07-08 13:28:32 451] - Components::findComponents: found dbmgr, addr:192.168.0.106:51206
    INFO    cellapp-1 16389 8001  [2018-07-08 13:28:32 451] - Components::addComponent: reset orderLog, uid=16389!
    INFO    cellapp-1 16389 8001  [2018-07-08 13:28:32 452] - Components::addComponent[dbmgr], uid=16389, componentID=4000, globalorderid=1, grouporderid=1, totalcount=1
    INFO    cellapp-1 16389 8001  [2018-07-08 13:28:32 452] - Components::findComponents: found dbmgr, addr:192.168.0.106:51206
 WARNING    cellapp-1 16389 8001  [2018-07-08 13:28:33 453] - EntityApp::checkTickPeriod: tick took 1250% (1.25 seconds)!
    INFO    cellapp-1 16389 8001  [2018-07-08 13:28:34 467] - Components::findComponents: find cellappmgr(1)...
    INFO    cellapp-1 16389 8001  [2018-07-08 13:28:34 480] - Components::findComponents: found cellappmgr, addr:192.168.0.106:51202
    INFO    cellapp-1 16389 8001  [2018-07-08 13:28:34 480] - Components::addComponent[cellappmgr], uid=16389, componentID=6000, globalorderid=2, grouporderid=1, totalcount=1
    INFO    cellapp-1 16389 8001  [2018-07-08 13:28:34 480] - Components::findComponents: found cellappmgr, addr:192.168.0.106:51202
 WARNING    cellapp-1 16389 8001  [2018-07-08 13:28:35 480] - EntityApp::checkTickPeriod: tick took 1078% (1.08 seconds)!
    INFO    cellapp-1 16389 8001  [2018-07-08 13:28:36 502] - Components::findComponents: find baseappmgr(1)...
    INFO    cellapp-1 16389 8001  [2018-07-08 13:28:36 593] - Components::findComponents: found baseappmgr, addr:192.168.0.106:51205
    INFO    cellapp-1 16389 8001  [2018-07-08 13:28:36 593] - Components::addComponent[baseappmgr], uid=16389, componentID=5000, globalorderid=3, grouporderid=1, totalcount=1
    INFO    cellapp-1 16389 8001  [2018-07-08 13:28:36 594] - Components::findComponents: found baseappmgr, addr:192.168.0.106:51205
 WARNING    cellapp-1 16389 8001  [2018-07-08 13:28:37 594] - EntityApp::checkTickPeriod: tick took 1192% (1.19 seconds)!
    INFO    cellapp-1 16389 8001  [2018-07-08 13:28:38 701] - Components::findComponents: register self to dbmgr...
    INFO    cellapp-1 16389 8001  [2018-07-08 13:28:38 766] - Components::findComponents: register self to cellappmgr...
    INFO    cellapp-1 16389 8001  [2018-07-08 13:28:38 801] - Components::findComponents: register self to baseappmgr...
    INFO    cellapp-1 16389 8001  [2018-07-08 13:28:38 866] - Components::process(): Found all the components!
    INFO    cellapp-1 16389 8001  [2018-07-08 13:28:39 102] - ServerApp::onRegisterNewApp: uid:16389, username:, componentType:baseapp, componentID:7001, globalorderID=5, grouporderID=1, intaddr:192.168.0.106, intport:51204, extaddr:192.168.0.106, extport:20015,  from 192.168.0.106:51206/0/0/0.
    INFO    cellapp-1 16389 8001  [2018-07-08 13:28:39 102] - Components::addComponent[baseapp], uid=16389, componentID=7001, globalorderid=5, grouporderid=1, totalcount=1
    INFO    cellapp-1 16389 8001  [2018-07-08 13:28:42 201] - EntityApp::onDbmgrInitCompleted: entityID alloc(1-2001), startGlobalOrder=4, startGroupOrder=1, digest=0AC95A3B5BD3FACE5D4659F319BA7734.
    INFO    cellapp01 16389 8001  [2018-07-08 13:28:42 201] - IDClient::onAddRange: number of ids increased from 1 to 2001.
   S_DBG    cellapp01 16389 8001  [2018-07-08 13:28:43 406] - onInit::isReload:0
 WARNING    cellapp01 16389 8001  [2018-07-08 13:28:43 406] - e:\kbengine\kbe\src\lib\server\entity_app.h:749: Profile processRecvMessages took 1.21 seconds
 WARNING    cellapp01 16389 8001  [2018-07-08 13:28:43 406] - e:\kbengine\kbe\src\server\cellapp\cellapp.cpp:245: Profile gameTick took 1.21 seconds
 WARNING    cellapp01 16389 8001  [2018-07-08 13:28:43 406] - e:\kbengine\kbe\src\lib\network\event_dispatcher.cpp:153: Profile callSystemTimers took 1.21 seconds
 WARNING    cellapp01 16389 8001  [2018-07-08 13:28:43 407] - EntityApp::checkTickPeriod: tick took 1206% (1.21 seconds)!
   DEBUG    cellapp01 16389 8001  [2018-07-08 13:28:43 465] - InitProgressHandler::~InitProgressHandler()
   S_DBG    cellapp01 16389 8001  [2018-07-08 13:28:44 402] - onGlobalData: Halls
   DEBUG    cellapp01 16389 8001  [2018-07-08 13:29:05 502] - Spaces::createNewSpace: new space(Room) 1.
    INFO    cellapp01 16389 8001  [2018-07-08 13:29:05 502] - EntityApp::createEntity: new Room 2003
    INFO    cellapp01 16389 8001  [2018-07-08 13:29:05 503] - KBEngine::addSpaceGeometryMapping: spaceID=1, respath=spaces/mjRoom, shouldLoadOnServer=1!
    INFO    cellapp01 16389 8001  [2018-07-08 13:29:05 602] - KBEngine::onLoadedSpaceGeometryMapping: spaceID=1, respath=spaces/mjRoom!
   S_DBG    cellapp01 16389 8001  [2018-07-08 13:29:05 602] - 玩家进来了---2002 座位号为 0
    INFO    cellapp01 16389 8001  [2018-07-08 13:29:05 702] - EntityApp::createEntity: new Account 2002
    INFO    cellapp-1 17189 8001  [2018-07-08 13:32:29 327] - -----------------------------------------------------------------------------------------


    INFO    cellapp-1 17189 8001  [2018-07-08 13:32:29 328] - Resmgr::initialize: KBE_ROOT=E:/kbengine/
    INFO    cellapp-1 17189 8001  [2018-07-08 13:32:29 328] - Resmgr::initialize: KBE_RES_PATH=E:/kbengine/kbe/res/;E:/kbengine/assets/;E:/kbengine/assets/scripts/;E:/kbengine/assets/res/
    INFO    cellapp-1 17189 8001  [2018-07-08 13:32:29 328] - Resmgr::initialize: KBE_BIN_PATH=E:/kbengine/kbe/bin/server/
    INFO    cellapp-1 17189 8001  [2018-07-08 13:32:29 331] - NetworkInterface::initialize(INTERNAL): bound to all interfaces with default route interface on 192.168.0.106 ( 192.168.0.106:51263 )
    INFO    cellapp-1 17189 8001  [2018-07-08 13:32:29 331] - NetworkInterface::initialize(INTERNAL): address 192.168.0.106:51263, SOMAXCONN=5.
    INFO    cellapp-1 17189 8001  [2018-07-08 13:32:29 331] - server-configs:
    INFO    cellapp-1 17189 8001  [2018-07-08 13:32:29 331] - 	gameUpdateHertz : 10
    INFO    cellapp-1 17189 8001  [2018-07-08 13:32:29 331] - 	defaultViewRadius : 80
    INFO    cellapp-1 17189 8001  [2018-07-08 13:32:29 332] - 	defaultViewHysteresisArea : 5
    INFO    cellapp-1 17189 8001  [2018-07-08 13:32:29 332] - 	entryScriptFile : kbemain
    INFO    cellapp-1 17189 8001  [2018-07-08 13:32:29 332] - 	internalAddr : 192.168.0.106:51263
    INFO    cellapp-1 17189 8001  [2018-07-08 13:32:29 332] - 	componentID : 8001
    INFO    cellapp-1 17189 8001  [2018-07-08 13:32:30 837] - ---- cellapp Version: 2.0.0. ScriptVersion: 0.1.0. Protocol: 85A70C5E64F896E0F1A60BF405B4EB07. Config: Debug X86. Built: 15:53:53 Apr 29 2018. AppID: 8001. UID: 17189. PID: 14184 ----
    INFO    cellapp-1 17189 8001  [2018-07-08 13:32:30 838] - Server : Intel(R) Xeon(R) CPU E3-1230 v3 @ 3.30GHz with 4194303kB RAM
    INFO    cellapp-1 17189 8001  [2018-07-08 13:32:30 838] - ThreadPool::createThreadPool: creating  threadpool...
    INFO    cellapp-1 17189 8001  [2018-07-08 13:32:30 839] - ThreadPool::createThreadPool: successfully(2), newThreadCount=1, normalMaxThreadCount=2, maxThreadCount=8
   DEBUG    cellapp-1 17189 8001  [2018-07-08 13:32:30 984] - Script::install_py_dlls(): PyInit_pyexpat
   DEBUG    cellapp-1 17189 8001  [2018-07-08 13:32:30 984] - Script::install_py_dlls(): PyInit__socket
   DEBUG    cellapp-1 17189 8001  [2018-07-08 13:32:30 984] - Script::install_py_dlls(): PyInit__ssl
   DEBUG    cellapp-1 17189 8001  [2018-07-08 13:32:30 987] - Script::install_py_dlls(): PyInit__hashlib
   DEBUG    cellapp-1 17189 8001  [2018-07-08 13:32:30 987] - Script::install_py_dlls(): PyInit_select
   DEBUG    cellapp-1 17189 8001  [2018-07-08 13:32:30 988] - Script::install_py_dlls(): PyInit__ctypes
   DEBUG    cellapp-1 17189 8001  [2018-07-08 13:32:30 988] - Script::install_py_dlls(): PyInit__elementtree
   DEBUG    cellapp-1 17189 8001  [2018-07-08 13:32:31 016] - Script::install_py_dlls(): PyInit_unicodedata
    INFO    cellapp-1 17189 8001  [2018-07-08 13:32:31 046] - Script::install(): is successfully, Python=(3.4.2 (default, Apr 29 2018, 15:53:05) [MSC v.1913 32 bit (Intel)])!
    INFO    cellapp-1 17189 8001  [2018-07-08 13:32:31 046] - Script::install(): KBExtra is successfully!
   DEBUG    cellapp-1 17189 8001  [2018-07-08 13:32:31 062] - loaded entity-script:Account(1).
   DEBUG    cellapp-1 17189 8001  [2018-07-08 13:32:31 071] - loaded entity-script:Room(4).
    INFO    cellapp-1 17189 8001  [2018-07-08 13:32:31 071] - TelnetServer server is running on port 50000
    INFO    cellapp-1 17189 8001  [2018-07-08 13:32:31 439] - ---- cellapp is running ----
   DEBUG    cellapp-1 17189 8001  [2018-07-08 13:32:31 439] - Components::process(): Request for the process of identity...
 WARNING    cellapp-1 17189 8001  [2018-07-08 13:32:37 518] - EntityApp::checkTickPeriod: tick took 6077% (6.08 seconds)!
    INFO    cellapp-1 17189 8001  [2018-07-08 13:32:38 540] - Components::findComponents: find logger(1)...
    INFO    cellapp-1 17189 8001  [2018-07-08 13:32:38 602] - Components::findComponents: found logger, addr:192.168.0.106:51259
    INFO    cellapp-1 17189 8001  [2018-07-08 13:32:38 603] - Components::addComponent: reset orderLog, uid=17189!
    INFO    cellapp-1 17189 8001  [2018-07-08 13:32:38 603] - Components::addComponent[logger], uid=17189, componentID=2000, globalorderid=1, grouporderid=1, totalcount=1
    INFO    cellapp-1 17189 8001  [2018-07-08 13:32:38 604] - Components::findComponents: find dbmgr(2)...
    INFO    cellapp-1 17189 8001  [2018-07-08 13:32:38 705] - Components::findComponents: found dbmgr, addr:192.168.0.106:51258
    INFO    cellapp-1 17189 8001  [2018-07-08 13:32:38 706] - Components::addComponent: reset orderLog, uid=17189!
    INFO    cellapp-1 17189 8001  [2018-07-08 13:32:38 706] - Components::addComponent[dbmgr], uid=17189, componentID=4000, globalorderid=1, grouporderid=1, totalcount=1
    INFO    cellapp-1 17189 8001  [2018-07-08 13:32:38 706] - Components::findComponents: found dbmgr, addr:192.168.0.106:51258
 WARNING    cellapp-1 17189 8001  [2018-07-08 13:32:39 707] - EntityApp::checkTickPeriod: tick took 1267% (1.27 seconds)!
    INFO    cellapp-1 17189 8001  [2018-07-08 13:32:40 730] - Components::findComponents: find cellappmgr(1)...
    INFO    cellapp-1 17189 8001  [2018-07-08 13:32:40 733] - Components::findComponents: found cellappmgr, addr:192.168.0.106:51262
    INFO    cellapp-1 17189 8001  [2018-07-08 13:32:40 733] - Components::addComponent[cellappmgr], uid=17189, componentID=6000, globalorderid=2, grouporderid=1, totalcount=1
    INFO    cellapp-1 17189 8001  [2018-07-08 13:32:40 733] - Components::findComponents: found cellappmgr, addr:192.168.0.106:51262
 WARNING    cellapp-1 17189 8001  [2018-07-08 13:32:41 733] - EntityApp::checkTickPeriod: tick took 1094% (1.09 seconds)!
    INFO    cellapp-1 17189 8001  [2018-07-08 13:32:42 739] - Components::findComponents: find baseappmgr(1)...
    INFO    cellapp-1 17189 8001  [2018-07-08 13:32:42 744] - Components::findComponents: found baseappmgr, addr:192.168.0.106:51261
    INFO    cellapp-1 17189 8001  [2018-07-08 13:32:42 744] - Components::addComponent[baseappmgr], uid=17189, componentID=5000, globalorderid=3, grouporderid=1, totalcount=1
    INFO    cellapp-1 17189 8001  [2018-07-08 13:32:42 745] - Components::findComponents: found baseappmgr, addr:192.168.0.106:51261
 WARNING    cellapp-1 17189 8001  [2018-07-08 13:32:43 745] - EntityApp::checkTickPeriod: tick took 1106% (1.11 seconds)!
    INFO    cellapp-1 17189 8001  [2018-07-08 13:32:44 930] - Components::findComponents: register self to dbmgr...
    INFO    cellapp-1 17189 8001  [2018-07-08 13:32:44 939] - Components::findComponents: register self to cellappmgr...
    INFO    cellapp-1 17189 8001  [2018-07-08 13:32:45 029] - Components::findComponents: register self to baseappmgr...
    INFO    cellapp-1 17189 8001  [2018-07-08 13:32:45 039] - Components::process(): Found all the components!
    INFO    cellapp-1 17189 8001  [2018-07-08 13:32:45 439] - ServerApp::onRegisterNewApp: uid:17189, username:, componentType:baseapp, componentID:7001, globalorderID=5, grouporderID=1, intaddr:192.168.0.106, intport:51265, extaddr:192.168.0.106, extport:20015,  from 192.168.0.106:51258/0/0/0.
    INFO    cellapp-1 17189 8001  [2018-07-08 13:32:45 439] - Components::addComponent[baseapp], uid=17189, componentID=7001, globalorderid=5, grouporderid=1, totalcount=1
    INFO    cellapp-1 17189 8001  [2018-07-08 13:32:48 440] - EntityApp::onDbmgrInitCompleted: entityID alloc(1-2001), startGlobalOrder=4, startGroupOrder=1, digest=0AC95A3B5BD3FACE5D4659F319BA7734.
    INFO    cellapp01 17189 8001  [2018-07-08 13:32:48 440] - IDClient::onAddRange: number of ids increased from 1 to 2001.
   S_DBG    cellapp01 17189 8001  [2018-07-08 13:32:49 644] - onInit::isReload:0
 WARNING    cellapp01 17189 8001  [2018-07-08 13:32:49 645] - e:\kbengine\kbe\src\lib\server\entity_app.h:749: Profile processRecvMessages took 1.20 seconds
 WARNING    cellapp01 17189 8001  [2018-07-08 13:32:49 645] - e:\kbengine\kbe\src\server\cellapp\cellapp.cpp:245: Profile gameTick took 1.21 seconds
 WARNING    cellapp01 17189 8001  [2018-07-08 13:32:49 645] - e:\kbengine\kbe\src\lib\network\event_dispatcher.cpp:153: Profile callSystemTimers took 1.21 seconds
 WARNING    cellapp01 17189 8001  [2018-07-08 13:32:49 646] - EntityApp::checkTickPeriod: tick took 1206% (1.21 seconds)!
   DEBUG    cellapp01 17189 8001  [2018-07-08 13:32:49 730] - InitProgressHandler::~InitProgressHandler()
   S_DBG    cellapp01 17189 8001  [2018-07-08 13:32:50 639] - onGlobalData: Halls
   DEBUG    cellapp01 17189 8001  [2018-07-08 13:33:07 440] - Spaces::createNewSpace: new space(Room) 1.
    INFO    cellapp01 17189 8001  [2018-07-08 13:33:07 440] - EntityApp::createEntity: new Room 2003
    INFO    cellapp01 17189 8001  [2018-07-08 13:33:07 440] - KBEngine::addSpaceGeometryMapping: spaceID=1, respath=spaces/mjRoom, shouldLoadOnServer=1!
    INFO    cellapp01 17189 8001  [2018-07-08 13:33:07 540] - KBEngine::onLoadedSpaceGeometryMapping: spaceID=1, respath=spaces/mjRoom!
   S_DBG    cellapp01 17189 8001  [2018-07-08 13:33:07 640] - 玩家进来了---2002 座位号为 0
    INFO    cellapp01 17189 8001  [2018-07-08 13:33:07 840] - EntityApp::createEntity: new Account 2002
    INFO    cellapp-1 17659 8001  [2018-07-08 13:34:52 896] - -----------------------------------------------------------------------------------------


    INFO    cellapp-1 17659 8001  [2018-07-08 13:34:52 897] - Resmgr::initialize: KBE_ROOT=E:/kbengine/
    INFO    cellapp-1 17659 8001  [2018-07-08 13:34:52 897] - Resmgr::initialize: KBE_RES_PATH=E:/kbengine/kbe/res/;E:/kbengine/assets/;E:/kbengine/assets/scripts/;E:/kbengine/assets/res/
    INFO    cellapp-1 17659 8001  [2018-07-08 13:34:52 898] - Resmgr::initialize: KBE_BIN_PATH=E:/kbengine/kbe/bin/server/
    INFO    cellapp-1 17659 8001  [2018-07-08 13:34:52 901] - NetworkInterface::initialize(INTERNAL): bound to all interfaces with default route interface on 192.168.0.106 ( 192.168.0.106:51321 )
    INFO    cellapp-1 17659 8001  [2018-07-08 13:34:52 901] - NetworkInterface::initialize(INTERNAL): address 192.168.0.106:51321, SOMAXCONN=5.
    INFO    cellapp-1 17659 8001  [2018-07-08 13:34:52 901] - server-configs:
    INFO    cellapp-1 17659 8001  [2018-07-08 13:34:52 901] - 	gameUpdateHertz : 10
    INFO    cellapp-1 17659 8001  [2018-07-08 13:34:52 901] - 	defaultViewRadius : 80
    INFO    cellapp-1 17659 8001  [2018-07-08 13:34:52 902] - 	defaultViewHysteresisArea : 5
    INFO    cellapp-1 17659 8001  [2018-07-08 13:34:52 902] - 	entryScriptFile : kbemain
    INFO    cellapp-1 17659 8001  [2018-07-08 13:34:52 902] - 	internalAddr : 192.168.0.106:51321
    INFO    cellapp-1 17659 8001  [2018-07-08 13:34:52 902] - 	componentID : 8001
    INFO    cellapp-1 17659 8001  [2018-07-08 13:34:54 410] - ---- cellapp Version: 2.0.0. ScriptVersion: 0.1.0. Protocol: 85A70C5E64F896E0F1A60BF405B4EB07. Config: Debug X86. Built: 15:53:53 Apr 29 2018. AppID: 8001. UID: 17659. PID: 10448 ----
    INFO    cellapp-1 17659 8001  [2018-07-08 13:34:54 411] - Server : Intel(R) Xeon(R) CPU E3-1230 v3 @ 3.30GHz with 4194303kB RAM
    INFO    cellapp-1 17659 8001  [2018-07-08 13:34:54 411] - ThreadPool::createThreadPool: creating  threadpool...
    INFO    cellapp-1 17659 8001  [2018-07-08 13:34:54 412] - ThreadPool::createThreadPool: successfully(2), newThreadCount=1, normalMaxThreadCount=2, maxThreadCount=8
   DEBUG    cellapp-1 17659 8001  [2018-07-08 13:34:54 543] - Script::install_py_dlls(): PyInit_pyexpat
   DEBUG    cellapp-1 17659 8001  [2018-07-08 13:34:54 543] - Script::install_py_dlls(): PyInit__socket
   DEBUG    cellapp-1 17659 8001  [2018-07-08 13:34:54 543] - Script::install_py_dlls(): PyInit__ssl
   DEBUG    cellapp-1 17659 8001  [2018-07-08 13:34:54 547] - Script::install_py_dlls(): PyInit__hashlib
   DEBUG    cellapp-1 17659 8001  [2018-07-08 13:34:54 547] - Script::install_py_dlls(): PyInit_select
   DEBUG    cellapp-1 17659 8001  [2018-07-08 13:34:54 547] - Script::install_py_dlls(): PyInit__ctypes
   DEBUG    cellapp-1 17659 8001  [2018-07-08 13:34:54 547] - Script::install_py_dlls(): PyInit__elementtree
   DEBUG    cellapp-1 17659 8001  [2018-07-08 13:34:54 578] - Script::install_py_dlls(): PyInit_unicodedata
    INFO    cellapp-1 17659 8001  [2018-07-08 13:34:54 608] - Script::install(): is successfully, Python=(3.4.2 (default, Apr 29 2018, 15:53:05) [MSC v.1913 32 bit (Intel)])!
    INFO    cellapp-1 17659 8001  [2018-07-08 13:34:54 609] - Script::install(): KBExtra is successfully!
   DEBUG    cellapp-1 17659 8001  [2018-07-08 13:34:54 632] - loaded entity-script:Account(1).
   DEBUG    cellapp-1 17659 8001  [2018-07-08 13:34:54 640] - loaded entity-script:Room(4).
    INFO    cellapp-1 17659 8001  [2018-07-08 13:34:54 640] - TelnetServer server is running on port 50000
    INFO    cellapp-1 17659 8001  [2018-07-08 13:34:54 992] - ---- cellapp is running ----
   DEBUG    cellapp-1 17659 8001  [2018-07-08 13:34:54 992] - Components::process(): Request for the process of identity...
 WARNING    cellapp-1 17659 8001  [2018-07-08 13:35:01 089] - EntityApp::checkTickPeriod: tick took 6096% (6.10 seconds)!
    INFO    cellapp-1 17659 8001  [2018-07-08 13:35:02 193] - Components::findComponents: find logger(1)...
    INFO    cellapp-1 17659 8001  [2018-07-08 13:35:02 278] - Components::findComponents: found logger, addr:192.168.0.106:51318
    INFO    cellapp-1 17659 8001  [2018-07-08 13:35:02 278] - Components::addComponent: reset orderLog, uid=17659!
    INFO    cellapp-1 17659 8001  [2018-07-08 13:35:02 279] - Components::addComponent[logger], uid=17659, componentID=2000, globalorderid=1, grouporderid=1, totalcount=1
    INFO    cellapp-1 17659 8001  [2018-07-08 13:35:02 280] - Components::findComponents: find dbmgr(2)...
    INFO    cellapp-1 17659 8001  [2018-07-08 13:35:02 386] - Components::findComponents: found dbmgr, addr:192.168.0.106:51319
    INFO    cellapp-1 17659 8001  [2018-07-08 13:35:02 386] - Components::addComponent: reset orderLog, uid=17659!
    INFO    cellapp-1 17659 8001  [2018-07-08 13:35:02 387] - Components::addComponent[dbmgr], uid=17659, componentID=4000, globalorderid=1, grouporderid=1, totalcount=1
    INFO    cellapp-1 17659 8001  [2018-07-08 13:35:02 387] - Components::findComponents: found dbmgr, addr:192.168.0.106:51319
 WARNING    cellapp-1 17659 8001  [2018-07-08 13:35:03 388] - EntityApp::checkTickPeriod: tick took 1295% (1.29 seconds)!
    INFO    cellapp-1 17659 8001  [2018-07-08 13:35:04 392] - Components::findComponents: find cellappmgr(1)...
    INFO    cellapp-1 17659 8001  [2018-07-08 13:35:04 414] - Components::findComponents: found cellappmgr, addr:192.168.0.106:51320
    INFO    cellapp-1 17659 8001  [2018-07-08 13:35:04 414] - Components::addComponent[cellappmgr], uid=17659, componentID=6000, globalorderid=2, grouporderid=1, totalcount=1
    INFO    cellapp-1 17659 8001  [2018-07-08 13:35:04 415] - Components::findComponents: found cellappmgr, addr:192.168.0.106:51320
 WARNING    cellapp-1 17659 8001  [2018-07-08 13:35:05 415] - EntityApp::checkTickPeriod: tick took 1123% (1.12 seconds)!
    INFO    cellapp-1 17659 8001  [2018-07-08 13:35:06 492] - Components::findComponents: find baseappmgr(1)...
    INFO    cellapp-1 17659 8001  [2018-07-08 13:35:06 524] - Components::findComponents: found baseappmgr, addr:192.168.0.106:51316
    INFO    cellapp-1 17659 8001  [2018-07-08 13:35:06 524] - Components::addComponent[baseappmgr], uid=17659, componentID=5000, globalorderid=3, grouporderid=1, totalcount=1
    INFO    cellapp-1 17659 8001  [2018-07-08 13:35:06 525] - Components::findComponents: found baseappmgr, addr:192.168.0.106:51316
 WARNING    cellapp-1 17659 8001  [2018-07-08 13:35:07 525] - EntityApp::checkTickPeriod: tick took 1133% (1.13 seconds)!
    INFO    cellapp-1 17659 8001  [2018-07-08 13:35:08 693] - Components::findComponents: register self to dbmgr...
    INFO    cellapp-1 17659 8001  [2018-07-08 13:35:08 698] - Components::findComponents: register self to cellappmgr...
    INFO    cellapp-1 17659 8001  [2018-07-08 13:35:08 699] - Components::findComponents: register self to baseappmgr...
    INFO    cellapp-1 17659 8001  [2018-07-08 13:35:08 792] - Components::process(): Found all the components!
    INFO    cellapp-1 17659 8001  [2018-07-08 13:35:08 893] - ServerApp::onRegisterNewApp: uid:17659, username:, componentType:baseapp, componentID:7001, globalorderID=5, grouporderID=1, intaddr:192.168.0.106, intport:51323, extaddr:192.168.0.106, extport:20015,  from 192.168.0.106:51319/0/0/0.
    INFO    cellapp-1 17659 8001  [2018-07-08 13:35:08 893] - Components::addComponent[baseapp], uid=17659, componentID=7001, globalorderid=5, grouporderid=1, totalcount=1
    INFO    cellapp-1 17659 8001  [2018-07-08 13:35:11 893] - EntityApp::onDbmgrInitCompleted: entityID alloc(1-2001), startGlobalOrder=4, startGroupOrder=1, digest=0AC95A3B5BD3FACE5D4659F319BA7734.
    INFO    cellapp01 17659 8001  [2018-07-08 13:35:11 893] - IDClient::onAddRange: number of ids increased from 1 to 2001.
   S_DBG    cellapp01 17659 8001  [2018-07-08 13:35:13 095] - onInit::isReload:0
 WARNING    cellapp01 17659 8001  [2018-07-08 13:35:13 095] - e:\kbengine\kbe\src\lib\server\entity_app.h:749: Profile processRecvMessages took 1.20 seconds
 WARNING    cellapp01 17659 8001  [2018-07-08 13:35:13 096] - e:\kbengine\kbe\src\server\cellapp\cellapp.cpp:245: Profile gameTick took 1.20 seconds
 WARNING    cellapp01 17659 8001  [2018-07-08 13:35:13 096] - e:\kbengine\kbe\src\lib\network\event_dispatcher.cpp:153: Profile callSystemTimers took 1.20 seconds
 WARNING    cellapp01 17659 8001  [2018-07-08 13:35:13 096] - EntityApp::checkTickPeriod: tick took 1203% (1.20 seconds)!
   DEBUG    cellapp01 17659 8001  [2018-07-08 13:35:13 099] - InitProgressHandler::~InitProgressHandler()
   S_DBG    cellapp01 17659 8001  [2018-07-08 13:35:13 792] - onGlobalData: Halls
   DEBUG    cellapp01 17659 8001  [2018-07-08 13:35:27 893] - Spaces::createNewSpace: new space(Room) 1.
    INFO    cellapp01 17659 8001  [2018-07-08 13:35:27 893] - EntityApp::createEntity: new Room 2003
    INFO    cellapp01 17659 8001  [2018-07-08 13:35:27 894] - KBEngine::addSpaceGeometryMapping: spaceID=1, respath=spaces/mjRoom, shouldLoadOnServer=1!
    INFO    cellapp01 17659 8001  [2018-07-08 13:35:27 993] - KBEngine::onLoadedSpaceGeometryMapping: spaceID=1, respath=spaces/mjRoom!
   S_DBG    cellapp01 17659 8001  [2018-07-08 13:35:27 993] - 玩家进来了---2002 座位号为 0
    INFO    cellapp01 17659 8001  [2018-07-08 13:35:28 093] - EntityApp::createEntity: new Account 2002
   S_DBG    cellapp01 17659 8001  [2018-07-08 13:35:31 692] - 2002
   S_DBG    cellapp01 17659 8001  [2018-07-08 13:35:31 692] - True
   S_DBG    cellapp01 17659 8001  [2018-07-08 13:35:31 792] - cell account
   S_DBG    cellapp01 17659 8001  [2018-07-08 13:35:31 792] - 1
   S_DBG    cellapp01 17659 8001  [2018-07-08 13:37:57 393] - 2002
   S_DBG    cellapp01 17659 8001  [2018-07-08 13:37:57 393] - False
   S_DBG    cellapp01 17659 8001  [2018-07-08 13:37:57 493] - cell account
   S_DBG    cellapp01 17659 8001  [2018-07-08 13:37:57 493] - 0
   S_DBG    cellapp01 17659 8001  [2018-07-08 13:41:02 694] - 2002
   S_DBG    cellapp01 17659 8001  [2018-07-08 13:41:02 694] - True
   S_DBG    cellapp01 17659 8001  [2018-07-08 13:41:02 794] - cell account
   S_DBG    cellapp01 17659 8001  [2018-07-08 13:41:02 794] - 1
   S_DBG    cellapp01 17659 8001  [2018-07-08 13:41:03 694] - 2002
   S_DBG    cellapp01 17659 8001  [2018-07-08 13:41:03 694] - False
   S_DBG    cellapp01 17659 8001  [2018-07-08 13:41:03 794] - cell account
   S_DBG    cellapp01 17659 8001  [2018-07-08 13:41:03 794] - 0
   S_DBG    cellapp01 17659 8001  [2018-07-08 13:42:11 894] - 2002
   S_DBG    cellapp01 17659 8001  [2018-07-08 13:42:11 894] - True
   S_DBG    cellapp01 17659 8001  [2018-07-08 13:42:11 994] - cell account
   S_DBG    cellapp01 17659 8001  [2018-07-08 13:42:11 994] - 1
   S_DBG    cellapp01 17659 8001  [2018-07-08 13:42:13 794] - 2002
   S_DBG    cellapp01 17659 8001  [2018-07-08 13:42:13 794] - False
   S_DBG    cellapp01 17659 8001  [2018-07-08 13:42:13 894] - cell account
   S_DBG    cellapp01 17659 8001  [2018-07-08 13:42:13 894] - 0
   S_DBG    cellapp01 17659 8001  [2018-07-08 13:42:14 794] - 2002
   S_DBG    cellapp01 17659 8001  [2018-07-08 13:42:14 794] - True
   S_DBG    cellapp01 17659 8001  [2018-07-08 13:42:14 894] - cell account
   S_DBG    cellapp01 17659 8001  [2018-07-08 13:42:14 894] - 1
   S_DBG    cellapp01 17659 8001  [2018-07-08 13:42:15 794] - 2002
   S_DBG    cellapp01 17659 8001  [2018-07-08 13:42:15 794] - False
   S_DBG    cellapp01 17659 8001  [2018-07-08 13:42:15 894] - cell account
   S_DBG    cellapp01 17659 8001  [2018-07-08 13:42:15 894] - 0
   S_DBG    cellapp01 17659 8001  [2018-07-08 13:43:25 294] - 2002
   S_DBG    cellapp01 17659 8001  [2018-07-08 13:43:25 294] - True
   S_DBG    cellapp01 17659 8001  [2018-07-08 13:43:25 394] - cell account
   S_DBG    cellapp01 17659 8001  [2018-07-08 13:43:25 394] - 1
   S_DBG    cellapp01 17659 8001  [2018-07-08 13:43:27 294] - 2002
   S_DBG    cellapp01 17659 8001  [2018-07-08 13:43:27 294] - False
   S_DBG    cellapp01 17659 8001  [2018-07-08 13:43:27 394] - cell account
   S_DBG    cellapp01 17659 8001  [2018-07-08 13:43:27 394] - 0
   S_DBG    cellapp01 17659 8001  [2018-07-08 13:43:29 694] - 2002
   S_DBG    cellapp01 17659 8001  [2018-07-08 13:43:29 694] - True
   S_DBG    cellapp01 17659 8001  [2018-07-08 13:43:29 795] - cell account
   S_DBG    cellapp01 17659 8001  [2018-07-08 13:43:29 795] - 1
   S_DBG    cellapp01 17659 8001  [2018-07-08 13:43:30 494] - 2002
   S_DBG    cellapp01 17659 8001  [2018-07-08 13:43:30 494] - False
   S_DBG    cellapp01 17659 8001  [2018-07-08 13:43:30 594] - cell account
   S_DBG    cellapp01 17659 8001  [2018-07-08 13:43:30 594] - 0
   S_DBG    cellapp01 17659 8001  [2018-07-08 13:43:31 194] - 2002
   S_DBG    cellapp01 17659 8001  [2018-07-08 13:43:31 194] - True
   S_DBG    cellapp01 17659 8001  [2018-07-08 13:43:31 294] - cell account
   S_DBG    cellapp01 17659 8001  [2018-07-08 13:43:31 294] - 1
   S_DBG    cellapp01 17659 8001  [2018-07-08 13:43:31 894] - 2002
   S_DBG    cellapp01 17659 8001  [2018-07-08 13:43:31 894] - False
   S_DBG    cellapp01 17659 8001  [2018-07-08 13:43:31 994] - cell account
   S_DBG    cellapp01 17659 8001  [2018-07-08 13:43:31 994] - 0
   S_DBG    cellapp01 17659 8001  [2018-07-08 13:43:32 594] - 2002
   S_DBG    cellapp01 17659 8001  [2018-07-08 13:43:32 594] - True
   S_DBG    cellapp01 17659 8001  [2018-07-08 13:43:32 694] - cell account
   S_DBG    cellapp01 17659 8001  [2018-07-08 13:43:32 694] - 1
   S_DBG    cellapp01 17659 8001  [2018-07-08 13:43:33 294] - 2002
   S_DBG    cellapp01 17659 8001  [2018-07-08 13:43:33 294] - False
   S_DBG    cellapp01 17659 8001  [2018-07-08 13:43:33 394] - cell account
   S_DBG    cellapp01 17659 8001  [2018-07-08 13:43:33 394] - 0
   S_DBG    cellapp01 17659 8001  [2018-07-08 13:44:12 495] - 玩家进来了---2004 座位号为 1
    INFO    cellapp01 17659 8001  [2018-07-08 13:44:12 595] - EntityApp::createEntity: new Account 2004
   S_DBG    cellapp01 17659 8001  [2018-07-08 13:44:21 994] - 2002
   S_DBG    cellapp01 17659 8001  [2018-07-08 13:44:21 994] - True
   S_DBG    cellapp01 17659 8001  [2018-07-08 13:44:22 123] - cell account
   S_DBG    cellapp01 17659 8001  [2018-07-08 13:44:22 123] - 1
   S_DBG    cellapp01 17659 8001  [2018-07-08 13:44:30 295] - 2002
   S_DBG    cellapp01 17659 8001  [2018-07-08 13:44:30 295] - False
   S_DBG    cellapp01 17659 8001  [2018-07-08 13:44:30 395] - cell account
   S_DBG    cellapp01 17659 8001  [2018-07-08 13:44:30 395] - 0
   S_DBG    cellapp01 17659 8001  [2018-07-08 13:44:33 494] - 2004
   S_DBG    cellapp01 17659 8001  [2018-07-08 13:44:33 494] - True
   S_DBG    cellapp01 17659 8001  [2018-07-08 13:44:33 595] - cell account
   S_DBG    cellapp01 17659 8001  [2018-07-08 13:44:33 595] - 1
   S_DBG    cellapp01 17659 8001  [2018-07-08 13:44:41 394] - 2002
   S_DBG    cellapp01 17659 8001  [2018-07-08 13:44:41 394] - True
   S_DBG    cellapp01 17659 8001  [2018-07-08 13:44:41 494] - cell account
   S_DBG    cellapp01 17659 8001  [2018-07-08 13:44:41 494] - 1
   S_DBG    cellapp01 17659 8001  [2018-07-08 13:44:44 994] - 2004
   S_DBG    cellapp01 17659 8001  [2018-07-08 13:44:44 995] - False
   S_DBG    cellapp01 17659 8001  [2018-07-08 13:44:45 095] - cell account
   S_DBG    cellapp01 17659 8001  [2018-07-08 13:44:45 095] - 0
   S_DBG    cellapp01 17659 8001  [2018-07-08 13:44:47 895] - 2002
   S_DBG    cellapp01 17659 8001  [2018-07-08 13:44:47 895] - False
   S_DBG    cellapp01 17659 8001  [2018-07-08 13:44:47 995] - cell account
   S_DBG    cellapp01 17659 8001  [2018-07-08 13:44:47 995] - 0
   S_DBG    cellapp01 17659 8001  [2018-07-08 13:44:48 695] - 2002
   S_DBG    cellapp01 17659 8001  [2018-07-08 13:44:48 695] - True
   S_DBG    cellapp01 17659 8001  [2018-07-08 13:44:48 795] - cell account
   S_DBG    cellapp01 17659 8001  [2018-07-08 13:44:48 795] - 1
   S_DBG    cellapp01 17659 8001  [2018-07-08 13:44:50 494] - 2004
   S_DBG    cellapp01 17659 8001  [2018-07-08 13:44:50 495] - True
   S_DBG    cellapp01 17659 8001  [2018-07-08 13:44:50 595] - cell account
   S_DBG    cellapp01 17659 8001  [2018-07-08 13:44:50 595] - 1
   S_DBG    cellapp01 17659 8001  [2018-07-08 13:44:51 594] - 2004
   S_DBG    cellapp01 17659 8001  [2018-07-08 13:44:51 595] - False
   S_DBG    cellapp01 17659 8001  [2018-07-08 13:44:51 694] - cell account
   S_DBG    cellapp01 17659 8001  [2018-07-08 13:44:51 694] - 0
   S_DBG    cellapp01 17659 8001  [2018-07-08 13:44:52 395] - 2004
   S_DBG    cellapp01 17659 8001  [2018-07-08 13:44:52 395] - True
   S_DBG    cellapp01 17659 8001  [2018-07-08 13:44:52 494] - cell account
   S_DBG    cellapp01 17659 8001  [2018-07-08 13:44:52 494] - 1
   S_DBG    cellapp01 17659 8001  [2018-07-08 13:44:53 194] - 2004
   S_DBG    cellapp01 17659 8001  [2018-07-08 13:44:53 195] - False
   S_DBG    cellapp01 17659 8001  [2018-07-08 13:44:53 294] - cell account
   S_DBG    cellapp01 17659 8001  [2018-07-08 13:44:53 294] - 0
   S_DBG    cellapp01 17659 8001  [2018-07-08 13:44:55 194] - 2002
   S_DBG    cellapp01 17659 8001  [2018-07-08 13:44:55 194] - False
   DEBUG    cellapp01 17659 8001  [2018-07-08 13:44:55 194] - Account::onWriteToDB(): 2002.
   S_DBG    cellapp01 17659 8001  [2018-07-08 13:44:55 294] - cell account
   S_DBG    cellapp01 17659 8001  [2018-07-08 13:44:55 294] - 0
   DEBUG    cellapp01 17659 8001  [2018-07-08 13:47:25 195] - Account::onWriteToDB(): 2004.
   DEBUG    cellapp01 17659 8001  [2018-07-08 13:49:55 195] - Account::onWriteToDB(): 2002.
   DEBUG    cellapp01 17659 8001  [2018-07-08 13:52:25 196] - Account::onWriteToDB(): 2004.
   DEBUG    cellapp01 17659 8001  [2018-07-08 13:54:55 196] - Account::onWriteToDB(): 2002.
   DEBUG    cellapp01 17659 8001  [2018-07-08 13:57:25 197] - Account::onWriteToDB(): 2002.
   DEBUG    cellapp01 17659 8001  [2018-07-08 13:59:55 198] - Account::onWriteToDB(): 2004.
   DEBUG    cellapp01 17659 8001  [2018-07-08 14:02:25 198] - Account::onWriteToDB(): 2002.
   DEBUG    cellapp01 17659 8001  [2018-07-08 14:04:55 199] - Account::onWriteToDB(): 2004.
   DEBUG    cellapp01 17659 8001  [2018-07-08 14:07:25 199] - Account::onWriteToDB(): 2002.
   DEBUG    cellapp01 17659 8001  [2018-07-08 14:09:55 200] - Account::onWriteToDB(): 2004.
   DEBUG    cellapp01 17659 8001  [2018-07-08 14:12:25 200] - Account::onWriteToDB(): 2004.
   DEBUG    cellapp01 17659 8001  [2018-07-08 14:14:55 201] - Account::onWriteToDB(): 2002.
   DEBUG    cellapp01 17659 8001  [2018-07-08 14:17:25 202] - Account::onWriteToDB(): 2004.
   DEBUG    cellapp01 17659 8001  [2018-07-08 14:19:55 202] - Account::onWriteToDB(): 2002.
   DEBUG    cellapp01 17659 8001  [2018-07-08 14:22:25 203] - Account::onWriteToDB(): 2002.
   DEBUG    cellapp01 17659 8001  [2018-07-08 14:24:55 203] - Account::onWriteToDB(): 2004.
   DEBUG    cellapp01 17659 8001  [2018-07-08 14:27:25 204] - Account::onWriteToDB(): 2002.
   DEBUG    cellapp01 17659 8001  [2018-07-08 14:29:55 205] - Account::onWriteToDB(): 2004.
   DEBUG    cellapp01 17659 8001  [2018-07-08 14:32:25 205] - Account::onWriteToDB(): 2002.
   DEBUG    cellapp01 17659 8001  [2018-07-08 14:34:55 206] - Account::onWriteToDB(): 2004.
   DEBUG    cellapp01 17659 8001  [2018-07-08 14:37:25 206] - Account::onWriteToDB(): 2004.
   DEBUG    cellapp01 17659 8001  [2018-07-08 14:39:55 207] - Account::onWriteToDB(): 2002.
   DEBUG    cellapp01 17659 8001  [2018-07-08 14:42:25 207] - Account::onWriteToDB(): 2004.
   DEBUG    cellapp01 17659 8001  [2018-07-08 14:44:55 208] - Account::onWriteToDB(): 2002.
   DEBUG    cellapp01 17659 8001  [2018-07-08 14:47:25 209] - Account::onWriteToDB(): 2002.
   DEBUG    cellapp01 17659 8001  [2018-07-08 14:49:55 209] - Account::onWriteToDB(): 2004.
   DEBUG    cellapp01 17659 8001  [2018-07-08 14:52:25 210] - Account::onWriteToDB(): 2002.
   DEBUG    cellapp01 17659 8001  [2018-07-08 14:54:55 210] - Account::onWriteToDB(): 2004.
   DEBUG    cellapp01 17659 8001  [2018-07-08 14:57:25 211] - Account::onWriteToDB(): 2004.
   DEBUG    cellapp01 17659 8001  [2018-07-08 14:59:55 211] - Account::onWriteToDB(): 2002.
   DEBUG    cellapp01 17659 8001  [2018-07-08 15:02:25 212] - Account::onWriteToDB(): 2002.
   DEBUG    cellapp01 17659 8001  [2018-07-08 15:04:55 213] - Account::onWriteToDB(): 2004.
   DEBUG    cellapp01 17659 8001  [2018-07-08 15:07:25 213] - Account::onWriteToDB(): 2002.
   DEBUG    cellapp01 17659 8001  [2018-07-08 15:09:55 214] - Account::onWriteToDB(): 2004.
   DEBUG    cellapp01 17659 8001  [2018-07-08 15:12:25 213] - Account::onWriteToDB(): 2002.
   DEBUG    cellapp01 17659 8001  [2018-07-08 15:14:55 214] - Account::onWriteToDB(): 2004.
   DEBUG    cellapp01 17659 8001  [2018-07-08 15:17:25 215] - Account::onWriteToDB(): 2004.
   DEBUG    cellapp01 17659 8001  [2018-07-08 15:19:55 215] - Account::onWriteToDB(): 2002.
   DEBUG    cellapp01 17659 8001  [2018-07-08 15:22:25 216] - Account::onWriteToDB(): 2004.
   DEBUG    cellapp01 17659 8001  [2018-07-08 15:24:55 216] - Account::onWriteToDB(): 2002.
   DEBUG    cellapp01 17659 8001  [2018-07-08 15:27:25 217] - Account::onWriteToDB(): 2004.
   DEBUG    cellapp01 17659 8001  [2018-07-08 15:29:55 217] - Account::onWriteToDB(): 2002.
   DEBUG    cellapp01 17659 8001  [2018-07-08 15:32:25 218] - Account::onWriteToDB(): 2004.
   DEBUG    cellapp01 17659 8001  [2018-07-08 15:34:55 219] - Account::onWriteToDB(): 2002.
   DEBUG    cellapp01 17659 8001  [2018-07-08 15:37:25 219] - Account::onWriteToDB(): 2004.
   DEBUG    cellapp01 17659 8001  [2018-07-08 15:39:55 220] - Account::onWriteToDB(): 2002.
   DEBUG    cellapp01 17659 8001  [2018-07-08 15:42:25 220] - Account::onWriteToDB(): 2004.
   DEBUG    cellapp01 17659 8001  [2018-07-08 15:44:55 221] - Account::onWriteToDB(): 2002.
   DEBUG    cellapp01 17659 8001  [2018-07-08 15:47:25 221] - Account::onWriteToDB(): 2004.
   DEBUG    cellapp01 17659 8001  [2018-07-08 15:49:55 222] - Account::onWriteToDB(): 2002.
   DEBUG    cellapp01 17659 8001  [2018-07-08 15:52:25 223] - Account::onWriteToDB(): 2002.
   DEBUG    cellapp01 17659 8001  [2018-07-08 15:54:55 223] - Account::onWriteToDB(): 2004.
   DEBUG    cellapp01 17659 8001  [2018-07-08 15:57:25 224] - Account::onWriteToDB(): 2002.
   DEBUG    cellapp01 17659 8001  [2018-07-08 15:59:55 224] - Account::onWriteToDB(): 2004.
   DEBUG    cellapp01 17659 8001  [2018-07-08 16:02:25 225] - Account::onWriteToDB(): 2004.
   DEBUG    cellapp01 17659 8001  [2018-07-08 16:04:55 226] - Account::onWriteToDB(): 2002.
   DEBUG    cellapp01 17659 8001  [2018-07-08 16:07:25 226] - Account::onWriteToDB(): 2004.
   DEBUG    cellapp01 17659 8001  [2018-07-08 16:09:55 227] - Account::onWriteToDB(): 2002.
   DEBUG    cellapp01 17659 8001  [2018-07-08 16:12:25 227] - Account::onWriteToDB(): 2004.
   DEBUG    cellapp01 17659 8001  [2018-07-08 16:14:55 228] - Account::onWriteToDB(): 2002.
   DEBUG    cellapp01 17659 8001  [2018-07-08 16:17:25 228] - Account::onWriteToDB(): 2004.
   DEBUG    cellapp01 17659 8001  [2018-07-08 16:19:55 229] - Account::onWriteToDB(): 2002.
   DEBUG    cellapp01 17659 8001  [2018-07-08 16:22:25 230] - Account::onWriteToDB(): 2002.
   DEBUG    cellapp01 17659 8001  [2018-07-08 16:24:55 230] - Account::onWriteToDB(): 2004.
   DEBUG    cellapp01 17659 8001  [2018-07-08 16:27:25 231] - Account::onWriteToDB(): 2002.
   DEBUG    cellapp01 17659 8001  [2018-07-08 16:29:55 231] - Account::onWriteToDB(): 2004.
   DEBUG    cellapp01 17659 8001  [2018-07-08 16:32:25 232] - Account::onWriteToDB(): 2002.
   DEBUG    cellapp01 17659 8001  [2018-07-08 16:34:55 232] - Account::onWriteToDB(): 2004.
   DEBUG    cellapp01 17659 8001  [2018-07-08 16:37:25 233] - Account::onWriteToDB(): 2004.
   DEBUG    cellapp01 17659 8001  [2018-07-08 16:39:55 234] - Account::onWriteToDB(): 2002.
   DEBUG    cellapp01 17659 8001  [2018-07-08 16:42:25 234] - Account::onWriteToDB(): 2004.
   DEBUG    cellapp01 17659 8001  [2018-07-08 16:44:55 235] - Account::onWriteToDB(): 2002.
   DEBUG    cellapp01 17659 8001  [2018-07-08 16:47:25 235] - Account::onWriteToDB(): 2004.
   DEBUG    cellapp01 17659 8001  [2018-07-08 16:49:55 236] - Account::onWriteToDB(): 2002.
   DEBUG    cellapp01 17659 8001  [2018-07-08 16:52:25 237] - Account::onWriteToDB(): 2004.
   DEBUG    cellapp01 17659 8001  [2018-07-08 16:54:55 237] - Account::onWriteToDB(): 2002.
   DEBUG    cellapp01 17659 8001  [2018-07-08 16:57:25 238] - Account::onWriteToDB(): 2004.
   DEBUG    cellapp01 17659 8001  [2018-07-08 16:59:55 237] - Account::onWriteToDB(): 2002.
   DEBUG    cellapp01 17659 8001  [2018-07-08 17:02:25 238] - Account::onWriteToDB(): 2002.
   DEBUG    cellapp01 17659 8001  [2018-07-08 17:04:55 238] - Account::onWriteToDB(): 2004.
   DEBUG    cellapp01 17659 8001  [2018-07-08 17:07:25 239] - Account::onWriteToDB(): 2004.
   DEBUG    cellapp01 17659 8001  [2018-07-08 17:09:55 240] - Account::onWriteToDB(): 2002.
   DEBUG    cellapp01 17659 8001  [2018-07-08 17:12:25 240] - Account::onWriteToDB(): 2004.
   DEBUG    cellapp01 17659 8001  [2018-07-08 17:14:55 141] - Account::onWriteToDB(): 2002.
   DEBUG    cellapp01 17659 8001  [2018-07-08 17:17:25 141] - Account::onWriteToDB(): 2004.
   DEBUG    cellapp01 17659 8001  [2018-07-08 17:19:55 142] - Account::onWriteToDB(): 2002.
   DEBUG    cellapp01 17659 8001  [2018-07-08 17:22:25 142] - Account::onWriteToDB(): 2004.
   DEBUG    cellapp01 17659 8001  [2018-07-08 17:24:55 143] - Account::onWriteToDB(): 2002.
   DEBUG    cellapp01 17659 8001  [2018-07-08 17:27:25 144] - Account::onWriteToDB(): 2002.
   DEBUG    cellapp01 17659 8001  [2018-07-08 17:29:55 144] - Account::onWriteToDB(): 2004.
   DEBUG    cellapp01 17659 8001  [2018-07-08 17:32:25 145] - Account::onWriteToDB(): 2004.
   DEBUG    cellapp01 17659 8001  [2018-07-08 17:34:55 145] - Account::onWriteToDB(): 2002.
   DEBUG    cellapp01 17659 8001  [2018-07-08 17:37:25 146] - Account::onWriteToDB(): 2002.
   DEBUG    cellapp01 17659 8001  [2018-07-08 17:39:55 147] - Account::onWriteToDB(): 2004.
   DEBUG    cellapp01 17659 8001  [2018-07-08 17:42:25 147] - Account::onWriteToDB(): 2004.
   DEBUG    cellapp01 17659 8001  [2018-07-08 17:44:55 148] - Account::onWriteToDB(): 2002.
   DEBUG    cellapp01 17659 8001  [2018-07-08 17:47:25 148] - Account::onWriteToDB(): 2004.
   DEBUG    cellapp01 17659 8001  [2018-07-08 17:49:55 149] - Account::onWriteToDB(): 2002.
   DEBUG    cellapp01 17659 8001  [2018-07-08 17:52:25 149] - Account::onWriteToDB(): 2002.
   DEBUG    cellapp01 17659 8001  [2018-07-08 17:54:55 150] - Account::onWriteToDB(): 2004.
   DEBUG    cellapp01 17659 8001  [2018-07-08 17:57:25 151] - Account::onWriteToDB(): 2002.
   DEBUG    cellapp01 17659 8001  [2018-07-08 17:59:55 151] - Account::onWriteToDB(): 2004.
   DEBUG    cellapp01 17659 8001  [2018-07-08 18:02:25 152] - Account::onWriteToDB(): 2002.
   DEBUG    cellapp01 17659 8001  [2018-07-08 18:04:55 152] - Account::onWriteToDB(): 2004.
   DEBUG    cellapp01 17659 8001  [2018-07-08 18:07:25 153] - Account::onWriteToDB(): 2004.
   DEBUG    cellapp01 17659 8001  [2018-07-08 18:09:55 153] - Account::onWriteToDB(): 2002.
   DEBUG    cellapp01 17659 8001  [2018-07-08 18:12:25 154] - Account::onWriteToDB(): 2002.
   DEBUG    cellapp01 17659 8001  [2018-07-08 18:14:55 155] - Account::onWriteToDB(): 2004.
   DEBUG    cellapp01 17659 8001  [2018-07-08 18:17:25 155] - Account::onWriteToDB(): 2002.
   DEBUG    cellapp01 17659 8001  [2018-07-08 18:19:55 156] - Account::onWriteToDB(): 2004.
   DEBUG    cellapp01 17659 8001  [2018-07-08 18:22:25 156] - Account::onWriteToDB(): 2002.
   DEBUG    cellapp01 17659 8001  [2018-07-08 18:24:55 157] - Account::onWriteToDB(): 2004.
   DEBUG    cellapp01 17659 8001  [2018-07-08 18:27:25 158] - Account::onWriteToDB(): 2004.
   DEBUG    cellapp01 17659 8001  [2018-07-08 18:29:55 158] - Account::onWriteToDB(): 2002.
   DEBUG    cellapp01 17659 8001  [2018-07-08 18:32:25 159] - Account::onWriteToDB(): 2004.
   DEBUG    cellapp01 17659 8001  [2018-07-08 18:34:55 159] - Account::onWriteToDB(): 2002.
   DEBUG    cellapp01 17659 8001  [2018-07-08 18:37:25 160] - Account::onWriteToDB(): 2004.
   DEBUG    cellapp01 17659 8001  [2018-07-08 18:39:55 159] - Account::onWriteToDB(): 2002.
   DEBUG    cellapp01 17659 8001  [2018-07-08 18:42:25 161] - Account::onWriteToDB(): 2004.
   DEBUG    cellapp01 17659 8001  [2018-07-08 18:44:55 161] - Account::onWriteToDB(): 2002.
   DEBUG    cellapp01 17659 8001  [2018-07-08 18:47:25 161] - Account::onWriteToDB(): 2004.
   DEBUG    cellapp01 17659 8001  [2018-07-08 18:49:55 162] - Account::onWriteToDB(): 2002.
   DEBUG    cellapp01 17659 8001  [2018-07-08 18:52:25 162] - Account::onWriteToDB(): 2004.
   DEBUG    cellapp01 17659 8001  [2018-07-08 18:54:55 163] - Account::onWriteToDB(): 2002.
   DEBUG    cellapp01 17659 8001  [2018-07-08 18:57:25 164] - Account::onWriteToDB(): 2004.
   DEBUG    cellapp01 17659 8001  [2018-07-08 18:59:55 164] - Account::onWriteToDB(): 2002.
   DEBUG    cellapp01 17659 8001  [2018-07-08 19:02:25 165] - Account::onWriteToDB(): 2004.
   DEBUG    cellapp01 17659 8001  [2018-07-08 19:04:55 165] - Account::onWriteToDB(): 2002.
   DEBUG    cellapp01 17659 8001  [2018-07-08 19:07:25 166] - Account::onWriteToDB(): 2004.
   DEBUG    cellapp01 17659 8001  [2018-07-08 19:09:55 166] - Account::onWriteToDB(): 2002.
   DEBUG    cellapp01 17659 8001  [2018-07-08 19:12:25 167] - Account::onWriteToDB(): 2002.
   DEBUG    cellapp01 17659 8001  [2018-07-08 19:14:55 168] - Account::onWriteToDB(): 2004.
   DEBUG    cellapp01 17659 8001  [2018-07-08 19:17:25 168] - Account::onWriteToDB(): 2002.
   DEBUG    cellapp01 17659 8001  [2018-07-08 19:19:55 169] - Account::onWriteToDB(): 2004.
   DEBUG    cellapp01 17659 8001  [2018-07-08 19:22:25 169] - Account::onWriteToDB(): 2004.
   DEBUG    cellapp01 17659 8001  [2018-07-08 19:24:55 170] - Account::onWriteToDB(): 2002.
   DEBUG    cellapp01 17659 8001  [2018-07-08 19:27:25 170] - Account::onWriteToDB(): 2004.
   DEBUG    cellapp01 17659 8001  [2018-07-08 19:29:55 171] - Account::onWriteToDB(): 2002.
   DEBUG    cellapp01 17659 8001  [2018-07-08 19:32:25 172] - Account::onWriteToDB(): 2004.
   DEBUG    cellapp01 17659 8001  [2018-07-08 19:34:55 172] - Account::onWriteToDB(): 2002.
   DEBUG    cellapp01 17659 8001  [2018-07-08 19:37:25 173] - Account::onWriteToDB(): 2004.
   DEBUG    cellapp01 17659 8001  [2018-07-08 19:39:55 173] - Account::onWriteToDB(): 2002.
   DEBUG    cellapp01 17659 8001  [2018-07-08 19:42:25 174] - Account::onWriteToDB(): 2002.
   DEBUG    cellapp01 17659 8001  [2018-07-08 19:44:55 175] - Account::onWriteToDB(): 2004.
   DEBUG    cellapp01 17659 8001  [2018-07-08 19:47:25 175] - Account::onWriteToDB(): 2004.
   DEBUG    cellapp01 17659 8001  [2018-07-08 19:49:55 176] - Account::onWriteToDB(): 2002.
   DEBUG    cellapp01 17659 8001  [2018-07-08 19:52:25 176] - Account::onWriteToDB(): 2002.
   DEBUG    cellapp01 17659 8001  [2018-07-08 19:54:55 177] - Account::onWriteToDB(): 2004.
   DEBUG    cellapp01 17659 8001  [2018-07-08 19:57:25 177] - Account::onWriteToDB(): 2002.
   DEBUG    cellapp01 17659 8001  [2018-07-08 19:59:55 178] - Account::onWriteToDB(): 2004.
   DEBUG    cellapp01 17659 8001  [2018-07-08 20:02:25 179] - Account::onWriteToDB(): 2004.
   DEBUG    cellapp01 17659 8001  [2018-07-08 20:04:55 179] - Account::onWriteToDB(): 2002.
   DEBUG    cellapp01 17659 8001  [2018-07-08 20:07:25 180] - Account::onWriteToDB(): 2002.
   DEBUG    cellapp01 17659 8001  [2018-07-08 20:09:55 180] - Account::onWriteToDB(): 2004.
   DEBUG    cellapp01 17659 8001  [2018-07-08 20:12:25 181] - Account::onWriteToDB(): 2002.
   DEBUG    cellapp01 17659 8001  [2018-07-08 20:14:55 181] - Account::onWriteToDB(): 2004.
   DEBUG    cellapp01 17659 8001  [2018-07-08 20:17:25 182] - Account::onWriteToDB(): 2004.
   DEBUG    cellapp01 17659 8001  [2018-07-08 20:19:55 183] - Account::onWriteToDB(): 2002.
   DEBUG    cellapp01 17659 8001  [2018-07-08 20:22:25 183] - Account::onWriteToDB(): 2004.
   DEBUG    cellapp01 17659 8001  [2018-07-08 20:24:55 184] - Account::onWriteToDB(): 2002.
   DEBUG    cellapp01 17659 8001  [2018-07-08 20:27:25 184] - Account::onWriteToDB(): 2004.
   DEBUG    cellapp01 17659 8001  [2018-07-08 20:29:55 184] - Account::onWriteToDB(): 2002.
   DEBUG    cellapp01 17659 8001  [2018-07-08 20:32:25 185] - Account::onWriteToDB(): 2004.
   DEBUG    cellapp01 17659 8001  [2018-07-08 20:34:55 185] - Account::onWriteToDB(): 2002.
   DEBUG    cellapp01 17659 8001  [2018-07-08 20:37:25 186] - Account::onWriteToDB(): 2004.
   DEBUG    cellapp01 17659 8001  [2018-07-08 20:39:55 186] - Account::onWriteToDB(): 2002.
   DEBUG    cellapp01 17659 8001  [2018-07-08 20:42:25 187] - Account::onWriteToDB(): 2004.
   DEBUG    cellapp01 17659 8001  [2018-07-08 20:44:55 187] - Account::onWriteToDB(): 2002.
   DEBUG    cellapp01 17659 8001  [2018-07-08 20:47:25 188] - Account::onWriteToDB(): 2002.
   DEBUG    cellapp01 17659 8001  [2018-07-08 20:49:55 189] - Account::onWriteToDB(): 2004.
   DEBUG    cellapp01 17659 8001  [2018-07-08 20:52:25 189] - Account::onWriteToDB(): 2002.
   DEBUG    cellapp01 17659 8001  [2018-07-08 20:54:55 190] - Account::onWriteToDB(): 2004.
   DEBUG    cellapp01 17659 8001  [2018-07-08 20:57:25 190] - Account::onWriteToDB(): 2002.
   DEBUG    cellapp01 17659 8001  [2018-07-08 20:59:55 191] - Account::onWriteToDB(): 2004.
   DEBUG    cellapp01 17659 8001  [2018-07-08 21:02:25 191] - Account::onWriteToDB(): 2004.
   DEBUG    cellapp01 17659 8001  [2018-07-08 21:04:55 192] - Account::onWriteToDB(): 2002.
   DEBUG    cellapp01 17659 8001  [2018-07-08 21:07:25 193] - Account::onWriteToDB(): 2004.
   DEBUG    cellapp01 17659 8001  [2018-07-08 21:09:55 193] - Account::onWriteToDB(): 2002.
   DEBUG    cellapp01 17659 8001  [2018-07-08 21:12:25 194] - Account::onWriteToDB(): 2002.
   DEBUG    cellapp01 17659 8001  [2018-07-08 21:14:55 194] - Account::onWriteToDB(): 2004.
   DEBUG    cellapp01 17659 8001  [2018-07-08 21:17:25 195] - Account::onWriteToDB(): 2002.
