   DEBUG      dbmgr-1 5424 4000  [2018-11-13 00:00:32 175] - Dbmgr::writeEntity: Account(3).
   DEBUG      dbmgr-1 5424 4000  [2018-11-13 00:03:02 274] - Dbmgr::writeEntity: Account(6).
   DEBUG      dbmgr-1 5424 4000  [2018-11-13 00:05:32 173] - Dbmgr::writeEntity: Account(3).
   DEBUG      dbmgr-1 5424 4000  [2018-11-13 00:08:02 171] - Dbmgr::writeEntity: Account(6).
   DEBUG      dbmgr-1 5424 4000  [2018-11-13 00:10:32 170] - Dbmgr::writeEntity: Account(3).
   DEBUG      dbmgr-1 5424 4000  [2018-11-13 00:13:02 168] - Dbmgr::writeEntity: Account(6).
   DEBUG      dbmgr-1 5424 4000  [2018-11-13 00:15:32 167] - Dbmgr::writeEntity: Account(6).
   DEBUG      dbmgr-1 5424 4000  [2018-11-13 00:18:02 166] - Dbmgr::writeEntity: Account(3).
   DEBUG      dbmgr-1 5424 4000  [2018-11-13 00:20:32 165] - Dbmgr::writeEntity: Account(6).
   DEBUG      dbmgr-1 5424 4000  [2018-11-13 00:23:02 164] - Dbmgr::writeEntity: Account(3).
   DEBUG      dbmgr-1 5424 4000  [2018-11-13 00:25:32 162] - Dbmgr::writeEntity: Account(3).
 WARNING      dbmgr-1 5424 4000  [2018-11-13 00:27:13 720] - TCPPacketReceiver::processPendingEvents(192.168.0.107:51560): Throwing REASON_GENERAL_NETWORK - WSAECONNRESET
   ERROR      dbmgr-1 5424 4000  [2018-11-13 00:27:13 763] - Components::removeComponentByChannel: loginapp : 9000, Abnormal exit! errorno=10054
    INFO      dbmgr-1 16999 4000  [2018-11-13 10:22:18 547] - -----------------------------------------------------------------------------------------


    INFO      dbmgr-1 16999 4000  [2018-11-13 10:22:19 337] - Resmgr::initialize: KBE_ROOT=E:/kbengine/
    INFO      dbmgr-1 16999 4000  [2018-11-13 10:22:19 338] - Resmgr::initialize: KBE_RES_PATH=E:/kbengine/kbe/res/;E:/kbengine/assets/;E:/kbengine/assets/scripts/;E:/kbengine/assets/res/
    INFO      dbmgr-1 16999 4000  [2018-11-13 10:22:19 338] - Resmgr::initialize: KBE_BIN_PATH=E:/kbengine/kbe/bin/server/
    INFO      dbmgr-1 16999 4000  [2018-11-13 10:22:19 891] - NetworkInterface::initialize(INTERNAL): bound to all interfaces with default route interface on 192.168.0.107 ( 192.168.0.107:50390 )
    INFO      dbmgr-1 16999 4000  [2018-11-13 10:22:19 892] - NetworkInterface::initialize(INTERNAL): address 192.168.0.107:50390, SOMAXCONN=5.
    INFO      dbmgr-1 16999 4000  [2018-11-13 10:22:19 893] - server-configs:
    INFO      dbmgr-1 16999 4000  [2018-11-13 10:22:19 893] - 	internalAddr : 192.168.0.107:50390
    INFO      dbmgr-1 16999 4000  [2018-11-13 10:22:19 894] - 	componentID : 4000
    INFO      dbmgr-1 16999 4000  [2018-11-13 10:22:21 613] - ---- dbmgr Version: 2.0.0. ScriptVersion: 0.1.0. Protocol: F28F1C37BCC70CD27B77841D4A30E3D7. Config: Debug X86. Built: 15:52:44 Apr 29 2018. AppID: 4000. UID: 16999. PID: 1828 ----
    INFO      dbmgr-1 16999 4000  [2018-11-13 10:22:21 614] - Server : Intel(R) Xeon(R) CPU E3-1230 v3 @ 3.30GHz with 4194303kB RAM
    INFO      dbmgr-1 16999 4000  [2018-11-13 10:22:21 621] - ThreadPool::createThreadPool: creating  threadpool...
    INFO      dbmgr-1 16999 4000  [2018-11-13 10:22:21 647] - ThreadPool::createThreadPool: successfully(2), newThreadCount=1, normalMaxThreadCount=2, maxThreadCount=8
   DEBUG      dbmgr-1 16999 4000  [2018-11-13 10:22:24 650] - Script::install_py_dlls(): PyInit_pyexpat
   DEBUG      dbmgr-1 16999 4000  [2018-11-13 10:22:24 927] - Script::install_py_dlls(): PyInit__socket
   DEBUG      dbmgr-1 16999 4000  [2018-11-13 10:22:25 031] - Script::install_py_dlls(): PyInit__ssl
   DEBUG      dbmgr-1 16999 4000  [2018-11-13 10:22:26 285] - Script::install_py_dlls(): PyInit__hashlib
   DEBUG      dbmgr-1 16999 4000  [2018-11-13 10:22:26 550] - Script::install_py_dlls(): PyInit_select
   DEBUG      dbmgr-1 16999 4000  [2018-11-13 10:22:26 579] - Script::install_py_dlls(): PyInit__ctypes
   DEBUG      dbmgr-1 16999 4000  [2018-11-13 10:22:26 663] - Script::install_py_dlls(): PyInit__elementtree
   DEBUG      dbmgr-1 16999 4000  [2018-11-13 10:22:27 687] - Script::install_py_dlls(): PyInit_unicodedata
    INFO      dbmgr-1 16999 4000  [2018-11-13 10:22:29 384] - Script::install(): is successfully, Python=(3.4.2 (default, Apr 29 2018, 15:52:37) [MSC v.1913 32 bit (Intel)])!
    INFO      dbmgr-1 16999 4000  [2018-11-13 10:22:29 384] - Script::install(): KBExtra is successfully!
    INFO      dbmgr-1 16999 4000  [2018-11-13 10:22:30 745] - Dbmgr::initializeEnd: digest(7F4FC8296AD553545CD95B23EFF6238F)
  S_INFO      dbmgr-1 16999 4000  [2018-11-13 10:22:30 746] - onDBMgrReady: bootstrapGroupIndex=0, bootstrapGlobalIndex=0
    INFO      dbmgr-1 16999 4000  [2018-11-13 10:22:30 809] - TelnetServer server is running on port 32000
    INFO      dbmgr-1 16999 4000  [2018-11-13 10:22:30 977] - Dbmgr::initInterfacesHandler: interfaces addr(127.0.0.1:30099), accountType:(interfaces), chargeType:(interfaces).
 WARNING      dbmgr-1 16999 4000  [2018-11-13 10:22:31 512] - DBUtil::initialize: db(default) password is not encrypted!
please use password(rsa):
8A07F5EE4E369EC1EAAB3A0917206828FADA52DD5263F32CAEFCF745FE75140756FD070FCCCFA7FCBCC49F0FB2980F39182845CF9FD70C13D405DA8C231DBD43ADA3B03EFDF7A74ECA3CC8E31B8F37236F7DDE8C693946ECE069E0B6DD3B6E1887D875F74C35DD54B64DCA0BF99C4579727E2E565A6C5E6784B7294CF712882A
   DEBUG      dbmgr-1 16999 4000  [2018-11-13 10:22:33 877] - DBInterfaceMysql::attach: connect: localhost:3306 starting...
   DEBUG      dbmgr-1 16999 4000  [2018-11-13 10:22:36 291] - DBInterfaceMysql::attach: successfully! addr: localhost:3306
    INFO      dbmgr-1 16999 4000  [2018-11-13 10:22:36 292] - DBUtil::createInterface[0x33edf0]: interface=default, dbtype=mysql, ip=localhost, port=3306, currdatabase=kbe, username=kbe, connected=yes.

    INFO      dbmgr-1 16999 4000  [2018-11-13 10:22:36 358] - ThreadPool::createThreadPool: creating  threadpool...
    INFO      dbmgr-1 16999 4000  [2018-11-13 10:22:36 360] - ThreadPool::createThreadPool: successfully(5), newThreadCount=5, normalMaxThreadCount=5, maxThreadCount=5
    INFO      dbmgr-1 16999 4000  [2018-11-13 10:22:37 259] - DBInterfaceMysql::query: successfully!
    INFO      dbmgr-1 16999 4000  [2018-11-13 10:22:37 262] - DBInterfaceMysql::query: successfully!
 WARNING      dbmgr-1 16999 4000  [2018-11-13 10:22:39 394] - e:\kbengine\kbe\src\server\dbmgr\dbmgr.cpp:275: Profile scriptCall took 8.65 seconds
    INFO      dbmgr-1 16999 4000  [2018-11-13 10:22:39 919] - ---- dbmgr is running ----
   DEBUG      dbmgr-1 16999 4000  [2018-11-13 10:22:39 920] - Components::process(): Request for the process of identity...
   DEBUG      dbmgr-1 16999 4000  [2018-11-13 10:22:36 359] - DBInterfaceMysql::attach: connect: localhost:3306 starting...
   DEBUG      dbmgr-1 16999 4000  [2018-11-13 10:22:36 359] - DBInterfaceMysql::attach: connect: localhost:3306 starting...
   DEBUG      dbmgr-1 16999 4000  [2018-11-13 10:22:36 360] - DBInterfaceMysql::attach: connect: localhost:3306 starting...
   DEBUG      dbmgr-1 16999 4000  [2018-11-13 10:22:36 361] - DBInterfaceMysql::attach: connect: localhost:3306 starting...
   DEBUG      dbmgr-1 16999 4000  [2018-11-13 10:22:36 361] - DBInterfaceMysql::attach: connect: localhost:3306 starting...
   DEBUG      dbmgr-1 16999 4000  [2018-11-13 10:22:36 363] - DBInterfaceMysql::attach: successfully! addr: localhost:3306
   DEBUG      dbmgr-1 16999 4000  [2018-11-13 10:22:36 364] - DBInterfaceMysql::attach: successfully! addr: localhost:3306
   DEBUG      dbmgr-1 16999 4000  [2018-11-13 10:22:36 364] - DBThread::onStart(): 0x19c36d8!
   DEBUG      dbmgr-1 16999 4000  [2018-11-13 10:22:36 364] - DBThread::onStart(): 0x19c3540!
   DEBUG      dbmgr-1 16999 4000  [2018-11-13 10:22:36 365] - DBInterfaceMysql::attach: successfully! addr: localhost:3306
   DEBUG      dbmgr-1 16999 4000  [2018-11-13 10:22:36 365] - DBThread::onStart(): 0x19c34b8!
   DEBUG      dbmgr-1 16999 4000  [2018-11-13 10:22:36 365] - DBInterfaceMysql::attach: successfully! addr: localhost:3306
   DEBUG      dbmgr-1 16999 4000  [2018-11-13 10:22:36 366] - DBThread::onStart(): 0x19c3650!
   DEBUG      dbmgr-1 16999 4000  [2018-11-13 10:22:36 366] - DBInterfaceMysql::attach: successfully! addr: localhost:3306
   DEBUG      dbmgr-1 16999 4000  [2018-11-13 10:22:36 366] - DBThread::onStart(): 0x19c35c8!
    INFO      dbmgr-1 16999 4000  [2018-11-13 10:22:38 328] - DBInterfaceMysql::query: successfully!
    INFO      dbmgr-1 16999 4000  [2018-11-13 10:22:38 430] - DBInterfaceMysql::query: successfully!
    INFO      dbmgr-1 16999 4000  [2018-11-13 10:22:38 528] - DBInterfaceMysql::query: successfully!
    INFO      dbmgr-1 16999 4000  [2018-11-13 10:22:38 626] - DBInterfaceMysql::query: successfully!
    INFO      dbmgr-1 16999 4000  [2018-11-13 10:22:38 626] - DBInterfaceMysql::query: successfully!
    INFO      dbmgr-1 16999 4000  [2018-11-13 10:22:38 627] - DBInterfaceMysql::query: successfully!
    INFO      dbmgr-1 16999 4000  [2018-11-13 10:22:38 637] - DBInterfaceMysql::query: successfully!
 WARNING      dbmgr-1 16999 4000  [2018-11-13 10:22:38 646] - DBTask::process(): took 1.09 seconds
sql:(delete from kbe_email_verification where logtime<1542072158 and type=3)
 WARNING      dbmgr-1 16999 4000  [2018-11-13 10:22:38 647] - DBTask::process(): took 0.98 seconds
sql:(show index from tbl_CheckName)
 WARNING      dbmgr-1 16999 4000  [2018-11-13 10:22:38 649] - DBTask::process(): took 1.00 seconds
sql:(CREATE TABLE IF NOT EXISTS kbe_accountinfos (`accountName` varchar(128) not null, PRIMARY KEY idKey (`accountName`),`password` varchar(255),`bindata` blob,`email` varchar(191) not null, UNIQUE KEY `email` (`email`),`entityDBID` bigint(20) unsigned not null DEFAULT 0, UNIQUE KEY `entityDBID` (`entityDBID`),`flags` int unsigned not null DEFAULT 0,`deadline` bigint(20) not null DEFAULT 0,`regtime` bigint(20) not null DEFAULT 0,`lasttime` bigint(20) not null DEFAULT 0,`numlogin` int unsigned not null DEFAULT 0)ENGINE=InnoDB)
 WARNING      dbmgr-1 16999 4000  [2018-11-13 10:22:38 892] - DBTask::process(): took 1.36 seconds
sql:(insert into kbe_serverlog (heartbeatTime, logger) values(1542075758,4000) ON DUPLICATE KEY UPDATE heartbeatTime=1542075758)
    INFO      dbmgr-1 16999 4000  [2018-11-13 10:22:38 958] - DBInterfaceMysql::query: successfully!
 WARNING      dbmgr-1 16999 4000  [2018-11-13 10:22:38 959] - DBTask::process(): took 1.43 seconds
sql:(delete from kbe_entitylog where logger in (4000))
 WARNING      dbmgr-1 16999 4000  [2018-11-13 10:22:39 373] - DBTask::process(): delay 1.39 seconds, try adjusting the kbengine[_defs].xml(numConnections) and MySQL(my.cnf->max_connections or innodb_flush_log_at_trx_commit)!
sql:(show index from tbl_Halls)
 WARNING      dbmgr-1 16999 4000  [2018-11-13 10:22:39 374] - DBTask::process(): delay 1.39 seconds, try adjusting the kbengine[_defs].xml(numConnections) and MySQL(my.cnf->max_connections or innodb_flush_log_at_trx_commit)!
sql:(show index from tbl_Room)
 WARNING      dbmgr-1 16999 4000  [2018-11-13 10:22:39 375] - DBTask::process(): delay 1.38 seconds, try adjusting the kbengine[_defs].xml(numConnections) and MySQL(my.cnf->max_connections or innodb_flush_log_at_trx_commit)!
sql:(show index from tbl_Account)
 WARNING      dbmgr-1 16999 4000  [2018-11-13 10:22:39 376] - DBTask::process(): took 0.73 seconds
sql:(show index from tbl_Halls)
 WARNING      dbmgr-1 16999 4000  [2018-11-13 10:22:39 377] - DBTask::process(): took 0.72 seconds
sql:(show index from tbl_Room)
 WARNING      dbmgr-1 16999 4000  [2018-11-13 10:22:39 378] - DBTask::process(): took 0.73 seconds
sql:(show index from tbl_Account)
 WARNING      dbmgr-1 16999 4000  [2018-11-13 10:22:46 595] - e:\kbengine\kbe\src\lib\network\event_dispatcher.cpp:153: Profile callSystemTimers took 0.19 seconds
    INFO      dbmgr-1 16999 4000  [2018-11-13 10:22:46 684] - ServerApp::onRegisterNewApp: uid:16999, username:, componentType:cellappmgr, componentID:6000, globalorderID=-1, grouporderID=-1, intaddr:192.168.0.107, intport:50388, extaddr:nonsupport, extport:0,  from 192.168.0.107:50418/0/0/0.
    INFO      dbmgr-1 16999 4000  [2018-11-13 10:22:46 684] - Components::addComponent: reset orderLog, uid=16999!
    INFO      dbmgr-1 16999 4000  [2018-11-13 10:22:46 685] - Components::addComponent[cellappmgr], uid=16999, componentID=6000, globalorderid=1, grouporderid=1, totalcount=1
    INFO      dbmgr-1 16999 4000  [2018-11-13 10:22:46 685] - ServerApp::onRegisterNewApp: uid:16999, username:, componentType:baseappmgr, componentID:5000, globalorderID=-1, grouporderID=-1, intaddr:192.168.0.107, intport:50392, extaddr:nonsupport, extport:0,  from 192.168.0.107:50423/0/0/0.
    INFO      dbmgr-1 16999 4000  [2018-11-13 10:22:46 686] - Components::addComponent[baseappmgr], uid=16999, componentID=5000, globalorderid=2, grouporderid=1, totalcount=1
    INFO      dbmgr-1 16999 4000  [2018-11-13 10:22:47 624] - Components::findComponents: find logger(1)...
    INFO      dbmgr-1 16999 4000  [2018-11-13 10:22:47 707] - Components::findComponents: found logger, addr:192.168.0.107:50386
    INFO      dbmgr-1 16999 4000  [2018-11-13 10:22:47 708] - Components::addComponent[logger], uid=16999, componentID=2000, globalorderid=3, grouporderid=1, totalcount=1
    INFO      dbmgr-1 16999 4000  [2018-11-13 10:22:47 789] - Components::process(): Found all the components!
    INFO      dbmgr-1 16999 4000  [2018-11-13 10:22:49 865] - ServerApp::onRegisterNewApp: uid:16999, username:, componentType:loginapp, componentID:9000, globalorderID=-1, grouporderID=-1, intaddr:192.168.0.107, intport:50393, extaddr:192.168.0.107, extport:20013,  from 192.168.0.107:50428/0/0/0.
    INFO      dbmgr-1 16999 4000  [2018-11-13 10:22:49 865] - Components::addComponent[loginapp], uid=16999, componentID=9000, globalorderid=4, grouporderid=1, totalcount=1
    INFO      dbmgr-1 16999 4000  [2018-11-13 10:22:51 205] - ServerApp::onRegisterNewApp: uid:16999, username:, componentType:cellapp, componentID:8001, globalorderID=-1, grouporderID=-1, intaddr:192.168.0.107, intport:50391, extaddr:nonsupport, extport:0,  from 192.168.0.107:50430/0/0/0.
    INFO      dbmgr-1 16999 4000  [2018-11-13 10:22:51 205] - Components::addComponent[cellapp], uid=16999, componentID=8001, globalorderid=5, grouporderid=1, totalcount=1
    INFO      dbmgr-1 16999 4000  [2018-11-13 10:22:54 225] - IDServer::allocRange: 1-2001.
   DEBUG      dbmgr-1 16999 4000  [2018-11-13 10:22:54 268] - SyncAppDatasHandler::~SyncAppDatasHandler()
    INFO      dbmgr-1 16999 4000  [2018-11-13 10:23:03 344] - ServerApp::onRegisterNewApp: uid:16999, username:, componentType:baseapp, componentID:7001, globalorderID=-1, grouporderID=-1, intaddr:192.168.0.107, intport:50415, extaddr:192.168.0.107, extport:20015,  from 192.168.0.107:50436/0/0/0.
    INFO      dbmgr-1 16999 4000  [2018-11-13 10:23:03 344] - Components::addComponent[baseapp], uid=16999, componentID=7001, globalorderid=6, grouporderid=1, totalcount=1
    INFO      dbmgr-1 16999 4000  [2018-11-13 10:23:06 364] - IDServer::allocRange: 2001-4001.
   DEBUG      dbmgr-1 16999 4000  [2018-11-13 10:23:06 364] - SyncAppDatasHandler::~SyncAppDatasHandler()
    INFO      dbmgr-1 16999 4000  [2018-11-13 10:23:08 765] - GlobalDataServer::broadcastDataChanged: writer(baseapp, addr=192.168.0.107:50436/0/0/0), keySize=11, valSize=52, isDelete=0
   DEBUG      dbmgr-1 16999 4000  [2018-11-13 10:45:19 932] - Dbmgr::onAccountLogin:loginName=1, accountName=1, success=0, componentID=0, entityID=0, dbid=3, flags=0, deadline=0.
   DEBUG      dbmgr-1 16999 4000  [2018-11-13 10:45:22 392] - Dbmgr::queryAccount: 1, success=1, flags=0, deadline=0.
   DEBUG      dbmgr-1 16999 4000  [2018-11-13 10:52:49 581] - Dbmgr::writeEntity: Account(3).
   DEBUG      dbmgr-1 16999 4000  [2018-11-13 10:57:49 614] - Dbmgr::writeEntity: Account(3).
   DEBUG      dbmgr-1 16999 4000  [2018-11-13 11:02:49 567] - Dbmgr::writeEntity: Account(3).
   DEBUG      dbmgr-1 16999 4000  [2018-11-13 11:07:49 559] - Dbmgr::writeEntity: Account(3).
   DEBUG      dbmgr-1 16999 4000  [2018-11-13 11:12:49 572] - Dbmgr::writeEntity: Account(3).
   DEBUG      dbmgr-1 16999 4000  [2018-11-13 11:17:49 545] - Dbmgr::writeEntity: Account(3).
   DEBUG      dbmgr-1 16999 4000  [2018-11-13 11:22:39 418] - Dbmgr::DBTaskServerLog()
   DEBUG      dbmgr-1 16999 4000  [2018-11-13 11:22:49 557] - Dbmgr::writeEntity: Account(3).
   DEBUG      dbmgr-1 16999 4000  [2018-11-13 11:27:49 551] - Dbmgr::writeEntity: Account(3).
   DEBUG      dbmgr-1 16999 4000  [2018-11-13 11:32:49 543] - Dbmgr::writeEntity: Account(3).
   DEBUG      dbmgr-1 16999 4000  [2018-11-13 11:37:49 536] - Dbmgr::writeEntity: Account(3).
   DEBUG      dbmgr-1 16999 4000  [2018-11-13 11:42:49 528] - Dbmgr::writeEntity: Account(3).
   DEBUG      dbmgr-1 16999 4000  [2018-11-13 11:47:49 541] - Dbmgr::writeEntity: Account(3).
   DEBUG      dbmgr-1 16999 4000  [2018-11-13 11:52:49 533] - Dbmgr::writeEntity: Account(3).
   DEBUG      dbmgr-1 16999 4000  [2018-11-13 11:57:49 527] - Dbmgr::writeEntity: Account(3).
   DEBUG      dbmgr-1 16999 4000  [2018-11-13 12:02:49 540] - Dbmgr::writeEntity: Account(3).
   DEBUG      dbmgr-1 16999 4000  [2018-11-13 12:07:49 532] - Dbmgr::writeEntity: Account(3).
   DEBUG      dbmgr-1 16999 4000  [2018-11-13 12:12:49 525] - Dbmgr::writeEntity: Account(3).
   DEBUG      dbmgr-1 16999 4000  [2018-11-13 12:17:49 517] - Dbmgr::writeEntity: Account(3).
   DEBUG      dbmgr-1 16999 4000  [2018-11-13 12:22:39 351] - Dbmgr::DBTaskServerLog()
   DEBUG      dbmgr-1 16999 4000  [2018-11-13 12:22:49 510] - Dbmgr::writeEntity: Account(3).
   DEBUG      dbmgr-1 16999 4000  [2018-11-13 12:27:49 523] - Dbmgr::writeEntity: Account(3).
   DEBUG      dbmgr-1 16999 4000  [2018-11-13 12:32:49 516] - Dbmgr::writeEntity: Account(3).
   DEBUG      dbmgr-1 16999 4000  [2018-11-13 12:37:49 509] - Dbmgr::writeEntity: Account(3).
   DEBUG      dbmgr-1 16999 4000  [2018-11-13 12:42:49 501] - Dbmgr::writeEntity: Account(3).
   DEBUG      dbmgr-1 16999 4000  [2018-11-13 12:47:49 494] - Dbmgr::writeEntity: Account(3).
   DEBUG      dbmgr-1 16999 4000  [2018-11-13 12:52:49 506] - Dbmgr::writeEntity: Account(3).
   DEBUG      dbmgr-1 16999 4000  [2018-11-13 12:57:49 499] - Dbmgr::writeEntity: Account(3).
   DEBUG      dbmgr-1 16999 4000  [2018-11-13 13:02:49 492] - Dbmgr::writeEntity: Account(3).
   DEBUG      dbmgr-1 16999 4000  [2018-11-13 13:07:49 485] - Dbmgr::writeEntity: Account(3).
   DEBUG      dbmgr-1 16999 4000  [2018-11-13 13:12:49 498] - Dbmgr::writeEntity: Account(3).
   DEBUG      dbmgr-1 16999 4000  [2018-11-13 13:17:49 490] - Dbmgr::writeEntity: Account(3).
   DEBUG      dbmgr-1 16999 4000  [2018-11-13 13:22:39 303] - Dbmgr::DBTaskServerLog()
   DEBUG      dbmgr-1 16999 4000  [2018-11-13 13:22:49 483] - Dbmgr::writeEntity: Account(3).
   DEBUG      dbmgr-1 16999 4000  [2018-11-13 13:27:49 475] - Dbmgr::writeEntity: Account(3).
   DEBUG      dbmgr-1 16999 4000  [2018-11-13 13:32:49 489] - Dbmgr::writeEntity: Account(3).
   DEBUG      dbmgr-1 16999 4000  [2018-11-13 13:37:49 481] - Dbmgr::writeEntity: Account(3).
   DEBUG      dbmgr-1 16999 4000  [2018-11-13 13:42:49 474] - Dbmgr::writeEntity: Account(3).
   DEBUG      dbmgr-1 16999 4000  [2018-11-13 13:47:49 486] - Dbmgr::writeEntity: Account(3).
   DEBUG      dbmgr-1 16999 4000  [2018-11-13 13:50:21 643] - Dbmgr::onAccountLogin:loginName=1, accountName=1, success=10, componentID=7001, entityID=2002, dbid=3, flags=0, deadline=0.
   DEBUG      dbmgr-1 16999 4000  [2018-11-13 13:52:49 479] - Dbmgr::writeEntity: Account(3).
   DEBUG      dbmgr-1 16999 4000  [2018-11-13 13:52:59 139] - Dbmgr::onAccountLogin:loginName=2, accountName=2, success=0, componentID=0, entityID=0, dbid=6, flags=0, deadline=0.
   DEBUG      dbmgr-1 16999 4000  [2018-11-13 13:53:01 679] - Dbmgr::queryAccount: 2, success=1, flags=0, deadline=0.
   DEBUG      dbmgr-1 16999 4000  [2018-11-13 13:53:11 838] - Dbmgr::onAccountLogin:loginName=1, accountName=1, success=10, componentID=7001, entityID=2002, dbid=3, flags=0, deadline=0.
    INFO      dbmgr-1 16999 4000  [2018-11-13 13:53:16 219] - GlobalDataServer::broadcastDataChanged: writer(cellapp, addr=192.168.0.107:50430/0/0/0), keySize=12, valSize=52, isDelete=0
   DEBUG      dbmgr-1 16999 4000  [2018-11-13 13:57:49 572] - Dbmgr::writeEntity: Account(3).
    INFO      dbmgr-1 26735 4000  [2018-11-13 13:58:58 691] - -----------------------------------------------------------------------------------------


    INFO      dbmgr-1 26735 4000  [2018-11-13 13:58:58 692] - Resmgr::initialize: KBE_ROOT=E:/kbengine/
    INFO      dbmgr-1 26735 4000  [2018-11-13 13:58:58 692] - Resmgr::initialize: KBE_RES_PATH=E:/kbengine/kbe/res/;E:/kbengine/assets/;E:/kbengine/assets/scripts/;E:/kbengine/assets/res/
    INFO      dbmgr-1 26735 4000  [2018-11-13 13:58:58 692] - Resmgr::initialize: KBE_BIN_PATH=E:/kbengine/kbe/bin/server/
    INFO      dbmgr-1 26735 4000  [2018-11-13 13:58:58 695] - NetworkInterface::initialize(INTERNAL): bound to all interfaces with default route interface on 192.168.0.107 ( 192.168.0.107:51937 )
    INFO      dbmgr-1 26735 4000  [2018-11-13 13:58:58 695] - NetworkInterface::initialize(INTERNAL): address 192.168.0.107:51937, SOMAXCONN=5.
    INFO      dbmgr-1 26735 4000  [2018-11-13 13:58:58 696] - server-configs:
    INFO      dbmgr-1 26735 4000  [2018-11-13 13:58:58 696] - 	internalAddr : 192.168.0.107:51937
    INFO      dbmgr-1 26735 4000  [2018-11-13 13:58:58 696] - 	componentID : 4000
    INFO      dbmgr-1 26735 4000  [2018-11-13 13:59:00 210] - ---- dbmgr Version: 2.0.0. ScriptVersion: 0.1.0. Protocol: F28F1C37BCC70CD27B77841D4A30E3D7. Config: Debug X86. Built: 15:52:44 Apr 29 2018. AppID: 4000. UID: 26735. PID: 9692 ----
    INFO      dbmgr-1 26735 4000  [2018-11-13 13:59:00 211] - Server : Intel(R) Xeon(R) CPU E3-1230 v3 @ 3.30GHz with 4194303kB RAM
    INFO      dbmgr-1 26735 4000  [2018-11-13 13:59:00 211] - ThreadPool::createThreadPool: creating  threadpool...
    INFO      dbmgr-1 26735 4000  [2018-11-13 13:59:00 212] - ThreadPool::createThreadPool: successfully(2), newThreadCount=1, normalMaxThreadCount=2, maxThreadCount=8
   DEBUG      dbmgr-1 26735 4000  [2018-11-13 13:59:00 364] - Script::install_py_dlls(): PyInit_pyexpat
   DEBUG      dbmgr-1 26735 4000  [2018-11-13 13:59:00 365] - Script::install_py_dlls(): PyInit__socket
   DEBUG      dbmgr-1 26735 4000  [2018-11-13 13:59:00 365] - Script::install_py_dlls(): PyInit__ssl
   DEBUG      dbmgr-1 26735 4000  [2018-11-13 13:59:00 368] - Script::install_py_dlls(): PyInit__hashlib
   DEBUG      dbmgr-1 26735 4000  [2018-11-13 13:59:00 368] - Script::install_py_dlls(): PyInit_select
   DEBUG      dbmgr-1 26735 4000  [2018-11-13 13:59:00 369] - Script::install_py_dlls(): PyInit__ctypes
   DEBUG      dbmgr-1 26735 4000  [2018-11-13 13:59:00 369] - Script::install_py_dlls(): PyInit__elementtree
   DEBUG      dbmgr-1 26735 4000  [2018-11-13 13:59:00 399] - Script::install_py_dlls(): PyInit_unicodedata
    INFO      dbmgr-1 26735 4000  [2018-11-13 13:59:00 427] - Script::install(): is successfully, Python=(3.4.2 (default, Apr 29 2018, 15:52:37) [MSC v.1913 32 bit (Intel)])!
    INFO      dbmgr-1 26735 4000  [2018-11-13 13:59:00 428] - Script::install(): KBExtra is successfully!
    INFO      dbmgr-1 26735 4000  [2018-11-13 13:59:00 446] - Dbmgr::initializeEnd: digest(7F4FC8296AD553545CD95B23EFF6238F)
  S_INFO      dbmgr-1 26735 4000  [2018-11-13 13:59:00 446] - onDBMgrReady: bootstrapGroupIndex=0, bootstrapGlobalIndex=0
    INFO      dbmgr-1 26735 4000  [2018-11-13 13:59:00 446] - TelnetServer server is running on port 32000
    INFO      dbmgr-1 26735 4000  [2018-11-13 13:59:00 447] - Dbmgr::initInterfacesHandler: interfaces addr(127.0.0.1:30099), accountType:(interfaces), chargeType:(interfaces).
 WARNING      dbmgr-1 26735 4000  [2018-11-13 13:59:00 753] - DBUtil::initialize: db(default) password is not encrypted!
please use password(rsa):
3B2CACFAE636A539A052D58750751ADCA1F4DEB8D3B2085E0E5F7AF30F917E64E14C0D23D1DEF5CBB2D2024C42246694BE7B9FB273BB2F9B109166B88FCFBC21601C8337071893785BFA073FC8C7DD417B6F47CEE404E079F70D16B2904DDAC519516AA15E403D8ABEBB51753232C0883D8655850F1FA9374E2BF7F75E56D6BB
   DEBUG      dbmgr-1 26735 4000  [2018-11-13 13:59:00 755] - DBInterfaceMysql::attach: connect: localhost:3306 starting...
   DEBUG      dbmgr-1 26735 4000  [2018-11-13 13:59:00 758] - DBInterfaceMysql::attach: successfully! addr: localhost:3306
    INFO      dbmgr-1 26735 4000  [2018-11-13 13:59:00 758] - DBUtil::createInterface[0x30f104]: interface=default, dbtype=mysql, ip=localhost, port=3306, currdatabase=kbe, username=kbe, connected=yes.

    INFO      dbmgr-1 26735 4000  [2018-11-13 13:59:00 758] - ThreadPool::createThreadPool: creating  threadpool...
    INFO      dbmgr-1 26735 4000  [2018-11-13 13:59:00 759] - ThreadPool::createThreadPool: successfully(5), newThreadCount=5, normalMaxThreadCount=5, maxThreadCount=5
    INFO      dbmgr-1 26735 4000  [2018-11-13 13:59:00 860] - DBInterfaceMysql::query: successfully!
    INFO      dbmgr-1 26735 4000  [2018-11-13 13:59:00 861] - DBInterfaceMysql::query: successfully!
 WARNING      dbmgr-1 26735 4000  [2018-11-13 13:59:00 932] - e:\kbengine\kbe\src\server\dbmgr\dbmgr.cpp:275: Profile scriptCall took 0.49 seconds
    INFO      dbmgr-1 26735 4000  [2018-11-13 13:59:01 233] - ---- dbmgr is running ----
   DEBUG      dbmgr-1 26735 4000  [2018-11-13 13:59:01 233] - Components::process(): Request for the process of identity...
   DEBUG      dbmgr-1 26735 4000  [2018-11-13 13:59:00 759] - DBInterfaceMysql::attach: connect: localhost:3306 starting...
   DEBUG      dbmgr-1 26735 4000  [2018-11-13 13:59:00 759] - DBInterfaceMysql::attach: connect: localhost:3306 starting...
   DEBUG      dbmgr-1 26735 4000  [2018-11-13 13:59:00 759] - DBInterfaceMysql::attach: connect: localhost:3306 starting...
   DEBUG      dbmgr-1 26735 4000  [2018-11-13 13:59:00 759] - DBInterfaceMysql::attach: connect: localhost:3306 starting...
   DEBUG      dbmgr-1 26735 4000  [2018-11-13 13:59:00 759] - DBInterfaceMysql::attach: connect: localhost:3306 starting...
   DEBUG      dbmgr-1 26735 4000  [2018-11-13 13:59:00 760] - DBInterfaceMysql::attach: successfully! addr: localhost:3306
   DEBUG      dbmgr-1 26735 4000  [2018-11-13 13:59:00 760] - DBInterfaceMysql::attach: successfully! addr: localhost:3306
   DEBUG      dbmgr-1 26735 4000  [2018-11-13 13:59:00 760] - DBInterfaceMysql::attach: successfully! addr: localhost:3306
   DEBUG      dbmgr-1 26735 4000  [2018-11-13 13:59:00 760] - DBThread::onStart(): 0x4034b8!
   DEBUG      dbmgr-1 26735 4000  [2018-11-13 13:59:00 761] - DBThread::onStart(): 0x4035c8!
   DEBUG      dbmgr-1 26735 4000  [2018-11-13 13:59:00 761] - DBThread::onStart(): 0x403540!
   DEBUG      dbmgr-1 26735 4000  [2018-11-13 13:59:00 761] - DBInterfaceMysql::attach: successfully! addr: localhost:3306
   DEBUG      dbmgr-1 26735 4000  [2018-11-13 13:59:00 761] - DBThread::onStart(): 0x403650!
   DEBUG      dbmgr-1 26735 4000  [2018-11-13 13:59:00 761] - DBInterfaceMysql::attach: successfully! addr: localhost:3306
   DEBUG      dbmgr-1 26735 4000  [2018-11-13 13:59:00 761] - DBThread::onStart(): 0x4036d8!
    INFO      dbmgr-1 26735 4000  [2018-11-13 13:59:00 862] - DBInterfaceMysql::query: successfully!
    INFO      dbmgr-1 26735 4000  [2018-11-13 13:59:00 862] - DBInterfaceMysql::query: successfully!
    INFO      dbmgr-1 26735 4000  [2018-11-13 13:59:00 862] - DBInterfaceMysql::query: successfully!
    INFO      dbmgr-1 26735 4000  [2018-11-13 13:59:00 863] - DBInterfaceMysql::query: successfully!
    INFO      dbmgr-1 26735 4000  [2018-11-13 13:59:00 863] - DBInterfaceMysql::query: successfully!
    INFO      dbmgr-1 26735 4000  [2018-11-13 13:59:00 863] - DBInterfaceMysql::query: successfully!
    INFO      dbmgr-1 26735 4000  [2018-11-13 13:59:00 863] - DBInterfaceMysql::query: successfully!
    INFO      dbmgr-1 26735 4000  [2018-11-13 13:59:00 913] - DBInterfaceMysql::query: successfully!
    INFO      dbmgr-1 26735 4000  [2018-11-13 13:59:08 307] - Components::findComponents: find logger(1)...
    INFO      dbmgr-1 26735 4000  [2018-11-13 13:59:08 380] - Components::findComponents: found logger, addr:192.168.0.107:51935
    INFO      dbmgr-1 26735 4000  [2018-11-13 13:59:08 380] - Components::addComponent: reset orderLog, uid=26735!
    INFO      dbmgr-1 26735 4000  [2018-11-13 13:59:08 381] - Components::addComponent[logger], uid=26735, componentID=2000, globalorderid=1, grouporderid=1, totalcount=1
    INFO      dbmgr-1 26735 4000  [2018-11-13 13:59:08 394] - Components::process(): Found all the components!
    INFO      dbmgr-1 26735 4000  [2018-11-13 13:59:11 027] - ServerApp::onRegisterNewApp: uid:26735, username:, componentType:loginapp, componentID:9000, globalorderID=-1, grouporderID=-1, intaddr:192.168.0.107, intport:51938, extaddr:192.168.0.107, extport:20013,  from 192.168.0.107:51955/0/0/0.
    INFO      dbmgr-1 26735 4000  [2018-11-13 13:59:11 027] - Components::addComponent: reset orderLog, uid=26735!
    INFO      dbmgr-1 26735 4000  [2018-11-13 13:59:11 027] - Components::addComponent[loginapp], uid=26735, componentID=9000, globalorderid=1, grouporderid=1, totalcount=1
    INFO      dbmgr-1 26735 4000  [2018-11-13 13:59:11 947] - ServerApp::onRegisterNewApp: uid:26735, username:, componentType:baseappmgr, componentID:5000, globalorderID=-1, grouporderID=-1, intaddr:192.168.0.107, intport:51933, extaddr:nonsupport, extport:0,  from 192.168.0.107:51957/0/0/0.
    INFO      dbmgr-1 26735 4000  [2018-11-13 13:59:11 947] - Components::addComponent[baseappmgr], uid=26735, componentID=5000, globalorderid=2, grouporderid=1, totalcount=1
    INFO      dbmgr-1 26735 4000  [2018-11-13 13:59:12 227] - ServerApp::onRegisterNewApp: uid:26735, username:, componentType:cellappmgr, componentID:6000, globalorderID=-1, grouporderID=-1, intaddr:192.168.0.107, intport:51939, extaddr:nonsupport, extport:0,  from 192.168.0.107:51959/0/0/0.
    INFO      dbmgr-1 26735 4000  [2018-11-13 13:59:12 227] - Components::addComponent[cellappmgr], uid=26735, componentID=6000, globalorderid=3, grouporderid=1, totalcount=1
    INFO      dbmgr-1 26735 4000  [2018-11-13 13:59:13 127] - ServerApp::onRegisterNewApp: uid:26735, username:, componentType:cellapp, componentID:8001, globalorderID=-1, grouporderID=-1, intaddr:192.168.0.107, intport:51940, extaddr:nonsupport, extport:0,  from 192.168.0.107:51961/0/0/0.
    INFO      dbmgr-1 26735 4000  [2018-11-13 13:59:13 127] - Components::addComponent[cellapp], uid=26735, componentID=8001, globalorderid=4, grouporderid=1, totalcount=1
    INFO      dbmgr-1 26735 4000  [2018-11-13 13:59:15 827] - ServerApp::onRegisterNewApp: uid:26735, username:, componentType:baseapp, componentID:7001, globalorderID=-1, grouporderID=-1, intaddr:192.168.0.107, intport:51936, extaddr:192.168.0.107, extport:20015,  from 192.168.0.107:51967/0/0/0.
    INFO      dbmgr-1 26735 4000  [2018-11-13 13:59:15 827] - Components::addComponent[baseapp], uid=26735, componentID=7001, globalorderid=5, grouporderid=1, totalcount=1
    INFO      dbmgr-1 26735 4000  [2018-11-13 13:59:18 827] - IDServer::allocRange: 1-2001.
    INFO      dbmgr-1 26735 4000  [2018-11-13 13:59:18 827] - IDServer::allocRange: 2001-4001.
   DEBUG      dbmgr-1 26735 4000  [2018-11-13 13:59:18 827] - SyncAppDatasHandler::~SyncAppDatasHandler()
    INFO      dbmgr-1 26735 4000  [2018-11-13 13:59:20 727] - GlobalDataServer::broadcastDataChanged: writer(baseapp, addr=192.168.0.107:51967/0/0/0), keySize=11, valSize=52, isDelete=0
   DEBUG      dbmgr-1 26735 4000  [2018-11-13 14:04:04 885] - Dbmgr::onAccountLogin:loginName=2, accountName=2, success=0, componentID=0, entityID=0, dbid=6, flags=0, deadline=0.
   DEBUG      dbmgr-1 26735 4000  [2018-11-13 14:04:07 565] - Dbmgr::queryAccount: 2, success=1, flags=0, deadline=0.
   DEBUG      dbmgr-1 26735 4000  [2018-11-13 14:04:10 484] - Dbmgr::onAccountLogin:loginName=1, accountName=1, success=0, componentID=0, entityID=0, dbid=3, flags=0, deadline=0.
    INFO      dbmgr-1 26735 4000  [2018-11-13 14:04:12 064] - GlobalDataServer::broadcastDataChanged: writer(cellapp, addr=192.168.0.107:51961/0/0/0), keySize=12, valSize=52, isDelete=0
   DEBUG      dbmgr-1 26735 4000  [2018-11-13 14:04:12 484] - Dbmgr::queryAccount: 1, success=1, flags=0, deadline=0.
   DEBUG      dbmgr-1 26735 4000  [2018-11-13 14:11:26 161] - Dbmgr::onAccountLogin:loginName=1, accountName=1, success=10, componentID=7001, entityID=2004, dbid=3, flags=0, deadline=0.
   DEBUG      dbmgr-1 26735 4000  [2018-11-13 14:11:29 880] - Dbmgr::onAccountLogin:loginName=2, accountName=2, success=10, componentID=7001, entityID=2002, dbid=6, flags=0, deadline=0.
   DEBUG      dbmgr-1 26735 4000  [2018-11-13 14:11:31 060] - Dbmgr::writeEntity: Account(3).
   DEBUG      dbmgr-1 26735 4000  [2018-11-13 14:14:01 059] - Dbmgr::writeEntity: Account(6).
   DEBUG      dbmgr-1 26735 4000  [2018-11-13 14:14:27 039] - Dbmgr::onAccountLogin:loginName=1, accountName=1, success=10, componentID=7001, entityID=2004, dbid=3, flags=0, deadline=0.
   DEBUG      dbmgr-1 26735 4000  [2018-11-13 14:16:31 059] - Dbmgr::writeEntity: Account(3).
   DEBUG      dbmgr-1 26735 4000  [2018-11-13 14:19:01 057] - Dbmgr::writeEntity: Account(6).
   DEBUG      dbmgr-1 26735 4000  [2018-11-13 14:21:31 056] - Dbmgr::writeEntity: Account(6).
   DEBUG      dbmgr-1 26735 4000  [2018-11-13 14:22:45 875] - Dbmgr::onAccountLogin:loginName=1, accountName=1, success=10, componentID=7001, entityID=2004, dbid=3, flags=0, deadline=0.
   DEBUG      dbmgr-1 26735 4000  [2018-11-13 14:24:01 054] - Dbmgr::writeEntity: Account(3).
   DEBUG      dbmgr-1 26735 4000  [2018-11-13 14:24:20 574] - Dbmgr::onAccountLogin:loginName=2, accountName=2, success=10, componentID=7001, entityID=2002, dbid=6, flags=0, deadline=0.
   DEBUG      dbmgr-1 26735 4000  [2018-11-13 14:26:31 093] - Dbmgr::writeEntity: Account(6).
   DEBUG      dbmgr-1 26735 4000  [2018-11-13 14:29:01 051] - Dbmgr::writeEntity: Account(3).
   DEBUG      dbmgr-1 26735 4000  [2018-11-13 14:31:31 050] - Dbmgr::writeEntity: Account(6).
   DEBUG      dbmgr-1 26735 4000  [2018-11-13 14:34:01 049] - Dbmgr::writeEntity: Account(3).
   DEBUG      dbmgr-1 26735 4000  [2018-11-13 14:36:31 047] - Dbmgr::writeEntity: Account(3).
   DEBUG      dbmgr-1 26735 4000  [2018-11-13 14:39:01 047] - Dbmgr::writeEntity: Account(6).
   DEBUG      dbmgr-1 26735 4000  [2018-11-13 14:41:31 045] - Dbmgr::writeEntity: Account(6).
   DEBUG      dbmgr-1 26735 4000  [2018-11-13 14:44:01 164] - Dbmgr::writeEntity: Account(3).
   DEBUG      dbmgr-1 26735 4000  [2018-11-13 14:46:31 040] - Dbmgr::writeEntity: Account(3).
   DEBUG      dbmgr-1 26735 4000  [2018-11-13 14:48:42 697] - Dbmgr::onAccountLogin:loginName=11, accountName=11, success=0, componentID=0, entityID=0, dbid=2, flags=0, deadline=0.
   DEBUG      dbmgr-1 26735 4000  [2018-11-13 14:48:45 157] - Dbmgr::queryAccount: 11, success=1, flags=0, deadline=0.
    INFO      dbmgr-1 26735 4000  [2018-11-13 14:48:49 577] - GlobalDataServer::broadcastDataChanged: writer(cellapp, addr=192.168.0.107:51961/0/0/0), keySize=12, valSize=52, isDelete=0
   DEBUG      dbmgr-1 26735 4000  [2018-11-13 14:49:01 057] - Dbmgr::writeEntity: Account(6).
   DEBUG      dbmgr-1 26735 4000  [2018-11-13 14:49:15 177] - Dbmgr::onAccountLogin:loginName=22, accountName=22, success=0, componentID=0, entityID=0, dbid=10, flags=0, deadline=0.
   DEBUG      dbmgr-1 26735 4000  [2018-11-13 14:50:41 036] - Dbmgr::writeEntity: Account(2).
   DEBUG      dbmgr-1 26735 4000  [2018-11-13 14:50:42 075] - Dbmgr::onAccountLogin:loginName=22, accountName=22, success=0, componentID=0, entityID=0, dbid=10, flags=0, deadline=0.
   DEBUG      dbmgr-1 26735 4000  [2018-11-13 14:50:44 075] - Dbmgr::queryAccount: 22, success=1, flags=0, deadline=0.
   DEBUG      dbmgr-1 26735 4000  [2018-11-13 14:52:17 674] - Dbmgr::onAccountLogin:loginName=22, accountName=22, success=10, componentID=7001, entityID=2007, dbid=10, flags=0, deadline=0.
   DEBUG      dbmgr-1 26735 4000  [2018-11-13 14:52:21 034] - Dbmgr::writeEntity: Account(3).
   DEBUG      dbmgr-1 26735 4000  [2018-11-13 14:53:47 073] - Dbmgr::onAccountLogin:loginName=22, accountName=22, success=10, componentID=7001, entityID=2007, dbid=10, flags=0, deadline=0.
   DEBUG      dbmgr-1 26735 4000  [2018-11-13 14:54:01 032] - Dbmgr::writeEntity: Account(6).
   DEBUG      dbmgr-1 26735 4000  [2018-11-13 14:55:16 032] - Dbmgr::writeEntity: Account(2).
    INFO      dbmgr-1 27620 4000  [2018-11-13 22:25:47 731] - -----------------------------------------------------------------------------------------


    INFO      dbmgr-1 27620 4000  [2018-11-13 22:25:48 947] - Resmgr::initialize: KBE_ROOT=E:/kbengine/
    INFO      dbmgr-1 27620 4000  [2018-11-13 22:25:48 947] - Resmgr::initialize: KBE_RES_PATH=E:/kbengine/kbe/res/;E:/kbengine/assets/;E:/kbengine/assets/scripts/;E:/kbengine/assets/res/
    INFO      dbmgr-1 27620 4000  [2018-11-13 22:25:48 948] - Resmgr::initialize: KBE_BIN_PATH=E:/kbengine/kbe/bin/server/
    INFO      dbmgr-1 27620 4000  [2018-11-13 22:25:50 167] - NetworkInterface::initialize(INTERNAL): bound to all interfaces with default route interface on 192.168.0.107 ( 192.168.0.107:49765 )
    INFO      dbmgr-1 27620 4000  [2018-11-13 22:25:50 168] - NetworkInterface::initialize(INTERNAL): address 192.168.0.107:49765, SOMAXCONN=5.
    INFO      dbmgr-1 27620 4000  [2018-11-13 22:25:50 191] - server-configs:
    INFO      dbmgr-1 27620 4000  [2018-11-13 22:25:50 191] - 	internalAddr : 192.168.0.107:49765
    INFO      dbmgr-1 27620 4000  [2018-11-13 22:25:50 192] - 	componentID : 4000
    INFO      dbmgr-1 27620 4000  [2018-11-13 22:25:51 839] - ---- dbmgr Version: 2.0.0. ScriptVersion: 0.1.0. Protocol: F28F1C37BCC70CD27B77841D4A30E3D7. Config: Debug X86. Built: 15:52:44 Apr 29 2018. AppID: 4000. UID: 27620. PID: 5176 ----
    INFO      dbmgr-1 27620 4000  [2018-11-13 22:25:51 839] - Server : Intel(R) Xeon(R) CPU E3-1230 v3 @ 3.30GHz with 4194303kB RAM
    INFO      dbmgr-1 27620 4000  [2018-11-13 22:25:52 023] - ThreadPool::createThreadPool: creating  threadpool...
    INFO      dbmgr-1 27620 4000  [2018-11-13 22:25:52 039] - ThreadPool::createThreadPool: successfully(2), newThreadCount=1, normalMaxThreadCount=2, maxThreadCount=8
   DEBUG      dbmgr-1 27620 4000  [2018-11-13 22:25:55 728] - Script::install_py_dlls(): PyInit_pyexpat
   DEBUG      dbmgr-1 27620 4000  [2018-11-13 22:25:55 777] - Script::install_py_dlls(): PyInit__socket
   DEBUG      dbmgr-1 27620 4000  [2018-11-13 22:25:55 846] - Script::install_py_dlls(): PyInit__ssl
   DEBUG      dbmgr-1 27620 4000  [2018-11-13 22:25:56 203] - Script::install_py_dlls(): PyInit__hashlib
   DEBUG      dbmgr-1 27620 4000  [2018-11-13 22:25:56 410] - Script::install_py_dlls(): PyInit_select
   DEBUG      dbmgr-1 27620 4000  [2018-11-13 22:25:56 481] - Script::install_py_dlls(): PyInit__ctypes
   DEBUG      dbmgr-1 27620 4000  [2018-11-13 22:25:56 523] - Script::install_py_dlls(): PyInit__elementtree
   DEBUG      dbmgr-1 27620 4000  [2018-11-13 22:26:00 663] - Script::install_py_dlls(): PyInit_unicodedata
    INFO      dbmgr-1 27620 4000  [2018-11-13 22:26:03 609] - Script::install(): is successfully, Python=(3.4.2 (default, Apr 29 2018, 15:52:37) [MSC v.1913 32 bit (Intel)])!
    INFO      dbmgr-1 27620 4000  [2018-11-13 22:26:03 609] - Script::install(): KBExtra is successfully!
    INFO      dbmgr-1 27620 4000  [2018-11-13 22:26:05 410] - Dbmgr::initializeEnd: digest(7F4FC8296AD553545CD95B23EFF6238F)
  S_INFO      dbmgr-1 27620 4000  [2018-11-13 22:26:05 410] - onDBMgrReady: bootstrapGroupIndex=0, bootstrapGlobalIndex=0
    INFO      dbmgr-1 27620 4000  [2018-11-13 22:26:05 452] - TelnetServer server is running on port 32000
    INFO      dbmgr-1 27620 4000  [2018-11-13 22:26:05 470] - Dbmgr::initInterfacesHandler: interfaces addr(127.0.0.1:30099), accountType:(interfaces), chargeType:(interfaces).
 WARNING      dbmgr-1 27620 4000  [2018-11-13 22:26:06 105] - DBUtil::initialize: db(default) password is not encrypted!
please use password(rsa):
05B56852A6D7DFD939E14458BBB23D39B2FCE07D8266E3542A8215E21DC6C39386B21C939AF06337922E5FCEFDA60B98A450677F284A8241FE8484299E2BA6ABA5997D62B5396BA05049E536813559CEEBC09637D36775A3929176F3DFD3FA2D121BCA62F2940B7F0C6375E5E06DFB066BA2923C940E588710E30FE3C7CBE179
   DEBUG      dbmgr-1 27620 4000  [2018-11-13 22:26:06 779] - DBInterfaceMysql::attach: connect: localhost:3306 starting...
   DEBUG      dbmgr-1 27620 4000  [2018-11-13 22:26:08 633] - DBInterfaceMysql::attach: successfully! addr: localhost:3306
    INFO      dbmgr-1 27620 4000  [2018-11-13 22:26:08 633] - DBUtil::createInterface[0x35ed98]: interface=default, dbtype=mysql, ip=localhost, port=3306, currdatabase=kbe, username=kbe, connected=yes.

    INFO      dbmgr-1 27620 4000  [2018-11-13 22:26:08 684] - ThreadPool::createThreadPool: creating  threadpool...
    INFO      dbmgr-1 27620 4000  [2018-11-13 22:26:08 685] - ThreadPool::createThreadPool: successfully(5), newThreadCount=5, normalMaxThreadCount=5, maxThreadCount=5
    INFO      dbmgr-1 27620 4000  [2018-11-13 22:26:08 923] - DBInterfaceMysql::query: successfully!
    INFO      dbmgr-1 27620 4000  [2018-11-13 22:26:08 925] - DBInterfaceMysql::query: successfully!
 WARNING      dbmgr-1 27620 4000  [2018-11-13 22:26:11 276] - e:\kbengine\kbe\src\server\dbmgr\dbmgr.cpp:275: Profile scriptCall took 5.87 seconds
    INFO      dbmgr-1 27620 4000  [2018-11-13 22:26:11 880] - ---- dbmgr is running ----
   DEBUG      dbmgr-1 27620 4000  [2018-11-13 22:26:12 023] - Components::process(): Request for the process of identity...
   DEBUG      dbmgr-1 27620 4000  [2018-11-13 22:26:08 684] - DBInterfaceMysql::attach: connect: localhost:3306 starting...
   DEBUG      dbmgr-1 27620 4000  [2018-11-13 22:26:08 685] - DBInterfaceMysql::attach: connect: localhost:3306 starting...
   DEBUG      dbmgr-1 27620 4000  [2018-11-13 22:26:08 685] - DBInterfaceMysql::attach: connect: localhost:3306 starting...
   DEBUG      dbmgr-1 27620 4000  [2018-11-13 22:26:08 686] - DBInterfaceMysql::attach: connect: localhost:3306 starting...
   DEBUG      dbmgr-1 27620 4000  [2018-11-13 22:26:08 686] - DBInterfaceMysql::attach: connect: localhost:3306 starting...
   DEBUG      dbmgr-1 27620 4000  [2018-11-13 22:26:08 687] - DBInterfaceMysql::attach: successfully! addr: localhost:3306
   DEBUG      dbmgr-1 27620 4000  [2018-11-13 22:26:08 687] - DBThread::onStart(): 0x465570!
   DEBUG      dbmgr-1 27620 4000  [2018-11-13 22:26:08 688] - DBInterfaceMysql::attach: successfully! addr: localhost:3306
   DEBUG      dbmgr-1 27620 4000  [2018-11-13 22:26:08 688] - DBThread::onStart(): 0x4654e8!
   DEBUG      dbmgr-1 27620 4000  [2018-11-13 22:26:08 689] - DBInterfaceMysql::attach: successfully! addr: localhost:3306
   DEBUG      dbmgr-1 27620 4000  [2018-11-13 22:26:08 689] - DBThread::onStart(): 0x4655f8!
   DEBUG      dbmgr-1 27620 4000  [2018-11-13 22:26:08 691] - DBInterfaceMysql::attach: successfully! addr: localhost:3306
   DEBUG      dbmgr-1 27620 4000  [2018-11-13 22:26:08 691] - DBThread::onStart(): 0x465460!
   DEBUG      dbmgr-1 27620 4000  [2018-11-13 22:26:08 691] - DBInterfaceMysql::attach: successfully! addr: localhost:3306
   DEBUG      dbmgr-1 27620 4000  [2018-11-13 22:26:08 691] - DBThread::onStart(): 0x4653d8!
    INFO      dbmgr-1 27620 4000  [2018-11-13 22:26:09 246] - DBInterfaceMysql::query: successfully!
    INFO      dbmgr-1 27620 4000  [2018-11-13 22:26:09 360] - DBInterfaceMysql::query: successfully!
    INFO      dbmgr-1 27620 4000  [2018-11-13 22:26:09 360] - DBInterfaceMysql::query: successfully!
    INFO      dbmgr-1 27620 4000  [2018-11-13 22:26:10 007] - DBInterfaceMysql::query: successfully!
 WARNING      dbmgr-1 27620 4000  [2018-11-13 22:26:10 046] - DBTask::process(): took 1.06 seconds
sql:(insert into kbe_serverlog (heartbeatTime, logger) values(1542119169,4000) ON DUPLICATE KEY UPDATE heartbeatTime=1542119169)
 WARNING      dbmgr-1 27620 4000  [2018-11-13 22:26:10 047] - DBTask::process(): took 1.06 seconds
sql:(CREATE TABLE IF NOT EXISTS kbe_accountinfos (`accountName` varchar(128) not null, PRIMARY KEY idKey (`accountName`),`password` varchar(255),`bindata` blob,`email` varchar(191) not null, UNIQUE KEY `email` (`email`),`entityDBID` bigint(20) unsigned not null DEFAULT 0, UNIQUE KEY `entityDBID` (`entityDBID`),`flags` int unsigned not null DEFAULT 0,`deadline` bigint(20) not null DEFAULT 0,`regtime` bigint(20) not null DEFAULT 0,`lasttime` bigint(20) not null DEFAULT 0,`numlogin` int unsigned not null DEFAULT 0)ENGINE=InnoDB)
 WARNING      dbmgr-1 27620 4000  [2018-11-13 22:26:10 061] - DBTask::process(): took 1.12 seconds
sql:(show index from tbl_CheckName)
    INFO      dbmgr-1 27620 4000  [2018-11-13 22:26:10 135] - DBInterfaceMysql::query: successfully!
    INFO      dbmgr-1 27620 4000  [2018-11-13 22:26:10 136] - DBInterfaceMysql::query: successfully!
    INFO      dbmgr-1 27620 4000  [2018-11-13 22:26:10 136] - DBInterfaceMysql::query: successfully!
 WARNING      dbmgr-1 27620 4000  [2018-11-13 22:26:10 137] - DBTask::process(): took 1.19 seconds
sql:(delete from kbe_email_verification where logtime<1542115570 and type=3)
    INFO      dbmgr-1 27620 4000  [2018-11-13 22:26:10 256] - DBInterfaceMysql::query: successfully!
 WARNING      dbmgr-1 27620 4000  [2018-11-13 22:26:10 256] - DBTask::process(): took 1.31 seconds
sql:(delete from kbe_entitylog where logger in (4000))
 WARNING      dbmgr-1 27620 4000  [2018-11-13 22:26:11 253] - DBTask::process(): delay 1.12 seconds, try adjusting the kbengine[_defs].xml(numConnections) and MySQL(my.cnf->max_connections or innodb_flush_log_at_trx_commit)!
sql:(show index from tbl_Halls)
 WARNING      dbmgr-1 27620 4000  [2018-11-13 22:26:11 254] - DBTask::process(): delay 1.12 seconds, try adjusting the kbengine[_defs].xml(numConnections) and MySQL(my.cnf->max_connections or innodb_flush_log_at_trx_commit)!
sql:(show index from tbl_Account)
 WARNING      dbmgr-1 27620 4000  [2018-11-13 22:26:11 254] - DBTask::process(): delay 1.14 seconds, try adjusting the kbengine[_defs].xml(numConnections) and MySQL(my.cnf->max_connections or innodb_flush_log_at_trx_commit)!
sql:(show index from tbl_Room)
 WARNING      dbmgr-1 27620 4000  [2018-11-13 22:26:11 255] - DBTask::process(): took 1.21 seconds
sql:(show index from tbl_Halls)
 WARNING      dbmgr-1 27620 4000  [2018-11-13 22:26:11 255] - DBTask::process(): took 1.21 seconds
sql:(show index from tbl_Account)
 WARNING      dbmgr-1 27620 4000  [2018-11-13 22:26:11 256] - DBTask::process(): took 1.19 seconds
sql:(show index from tbl_Room)
 WARNING      dbmgr-1 27620 4000  [2018-11-13 22:26:18 620] - e:\kbengine\kbe\src\lib\network\event_dispatcher.cpp:153: Profile callSystemTimers took 0.23 seconds
    INFO      dbmgr-1 27620 4000  [2018-11-13 22:26:18 779] - ServerApp::onRegisterNewApp: uid:27620, username:, componentType:cellappmgr, componentID:6000, globalorderID=-1, grouporderID=-1, intaddr:192.168.0.107, intport:49764, extaddr:nonsupport, extport:0,  from 192.168.0.107:49783/0/0/0.
    INFO      dbmgr-1 27620 4000  [2018-11-13 22:26:18 779] - Components::addComponent: reset orderLog, uid=27620!
    INFO      dbmgr-1 27620 4000  [2018-11-13 22:26:18 779] - Components::addComponent[cellappmgr], uid=27620, componentID=6000, globalorderid=1, grouporderid=1, totalcount=1
    INFO      dbmgr-1 27620 4000  [2018-11-13 22:26:18 779] - ServerApp::onRegisterNewApp: uid:27620, username:, componentType:baseappmgr, componentID:5000, globalorderID=-1, grouporderID=-1, intaddr:192.168.0.107, intport:49766, extaddr:nonsupport, extport:0,  from 192.168.0.107:49785/0/0/0.
    INFO      dbmgr-1 27620 4000  [2018-11-13 22:26:18 779] - Components::addComponent[baseappmgr], uid=27620, componentID=5000, globalorderid=2, grouporderid=1, totalcount=1
    INFO      dbmgr-1 27620 4000  [2018-11-13 22:26:19 731] - Components::findComponents: find logger(1)...
    INFO      dbmgr-1 27620 4000  [2018-11-13 22:26:19 759] - Components::findComponents: found logger, addr:192.168.0.107:49753
    INFO      dbmgr-1 27620 4000  [2018-11-13 22:26:19 760] - Components::addComponent[logger], uid=27620, componentID=2000, globalorderid=3, grouporderid=1, totalcount=1
    INFO      dbmgr-1 27620 4000  [2018-11-13 22:26:20 330] - Components::process(): Found all the components!
    INFO      dbmgr-1 27620 4000  [2018-11-13 22:26:24 510] - ServerApp::onRegisterNewApp: uid:27620, username:, componentType:loginapp, componentID:9000, globalorderID=-1, grouporderID=-1, intaddr:192.168.0.107, intport:49767, extaddr:192.168.0.107, extport:20013,  from 192.168.0.107:49790/0/0/0.
    INFO      dbmgr-1 27620 4000  [2018-11-13 22:26:24 510] - Components::addComponent[loginapp], uid=27620, componentID=9000, globalorderid=4, grouporderid=1, totalcount=1
   DEBUG      dbmgr-1 27620 4000  [2018-11-13 22:26:27 619] - SyncAppDatasHandler::~SyncAppDatasHandler()
    INFO      dbmgr-1 27620 4000  [2018-11-13 22:26:35 431] - ServerApp::onRegisterNewApp: uid:27620, username:, componentType:cellapp, componentID:8001, globalorderID=-1, grouporderID=-1, intaddr:192.168.0.107, intport:49768, extaddr:nonsupport, extport:0,  from 192.168.0.107:49802/0/0/0.
    INFO      dbmgr-1 27620 4000  [2018-11-13 22:26:35 431] - Components::addComponent[cellapp], uid=27620, componentID=8001, globalorderid=5, grouporderid=1, totalcount=1
    INFO      dbmgr-1 27620 4000  [2018-11-13 22:26:38 431] - IDServer::allocRange: 1-2001.
   DEBUG      dbmgr-1 27620 4000  [2018-11-13 22:26:38 431] - SyncAppDatasHandler::~SyncAppDatasHandler()
    INFO      dbmgr-1 27620 4000  [2018-11-13 22:27:35 510] - ServerApp::onRegisterNewApp: uid:27620, username:, componentType:baseapp, componentID:7001, globalorderID=-1, grouporderID=-1, intaddr:192.168.0.107, intport:49789, extaddr:192.168.0.107, extport:20015,  from 192.168.0.107:49831/0/0/0.
    INFO      dbmgr-1 27620 4000  [2018-11-13 22:27:35 510] - Components::addComponent[baseapp], uid=27620, componentID=7001, globalorderid=6, grouporderid=1, totalcount=1
    INFO      dbmgr-1 27620 4000  [2018-11-13 22:27:38 510] - IDServer::allocRange: 2001-4001.
   DEBUG      dbmgr-1 27620 4000  [2018-11-13 22:27:38 510] - SyncAppDatasHandler::~SyncAppDatasHandler()
 WARNING      dbmgr-1 27620 4000  [2018-11-13 22:27:40 867] - DBTask::process(): took 0.40 seconds
sql:(select id  from tbl_Account where sm_autoLoad=1 limit 0, 32;)
    INFO      dbmgr-1 27620 4000  [2018-11-13 22:27:43 050] - GlobalDataServer::broadcastDataChanged: writer(baseapp, addr=192.168.0.107:49831/0/0/0), keySize=11, valSize=52, isDelete=0
   DEBUG      dbmgr-1 27620 4000  [2018-11-13 23:15:34 845] - Dbmgr::onAccountLogin:loginName=1, accountName=1, success=0, componentID=0, entityID=0, dbid=3, flags=0, deadline=0.
   DEBUG      dbmgr-1 27620 4000  [2018-11-13 23:15:39 545] - Dbmgr::queryAccount: 1, success=1, flags=0, deadline=0.
    INFO      dbmgr-1 27620 4000  [2018-11-13 23:15:44 565] - GlobalDataServer::broadcastDataChanged: writer(cellapp, addr=192.168.0.107:49802/0/0/0), keySize=12, valSize=52, isDelete=0
   DEBUG      dbmgr-1 27620 4000  [2018-11-13 23:19:04 723] - Dbmgr::onAccountLogin:loginName=1, accountName=1, success=10, componentID=7001, entityID=2002, dbid=3, flags=0, deadline=0.
   DEBUG      dbmgr-1 27620 4000  [2018-11-13 23:19:26 443] - Dbmgr::onAccountLogin:loginName=2, accountName=2, success=0, componentID=0, entityID=0, dbid=6, flags=0, deadline=0.
   DEBUG      dbmgr-1 27620 4000  [2018-11-13 23:19:28 943] - Dbmgr::queryAccount: 2, success=1, flags=0, deadline=0.
   DEBUG      dbmgr-1 27620 4000  [2018-11-13 23:21:05 122] - Dbmgr::onAccountLogin:loginName=1, accountName=1, success=10, componentID=7001, entityID=2002, dbid=3, flags=0, deadline=0.
   DEBUG      dbmgr-1 27620 4000  [2018-11-13 23:22:20 781] - Dbmgr::writeEntity: Account(3).
   DEBUG      dbmgr-1 27620 4000  [2018-11-13 23:24:50 740] - Dbmgr::writeEntity: Account(6).
   DEBUG      dbmgr-1 27620 4000  [2018-11-13 23:26:11 339] - Dbmgr::DBTaskServerLog()
   DEBUG      dbmgr-1 27620 4000  [2018-11-13 23:27:20 738] - Dbmgr::writeEntity: Account(3).
   DEBUG      dbmgr-1 27620 4000  [2018-11-13 23:29:50 738] - Dbmgr::writeEntity: Account(6).
   DEBUG      dbmgr-1 27620 4000  [2018-11-13 23:32:20 736] - Dbmgr::writeEntity: Account(3).
   DEBUG      dbmgr-1 27620 4000  [2018-11-13 23:34:50 735] - Dbmgr::writeEntity: Account(6).
   DEBUG      dbmgr-1 27620 4000  [2018-11-13 23:37:20 734] - Dbmgr::writeEntity: Account(3).
   DEBUG      dbmgr-1 27620 4000  [2018-11-13 23:39:50 732] - Dbmgr::writeEntity: Account(6).
   DEBUG      dbmgr-1 27620 4000  [2018-11-13 23:42:20 731] - Dbmgr::writeEntity: Account(3).
   DEBUG      dbmgr-1 27620 4000  [2018-11-13 23:44:50 729] - Dbmgr::writeEntity: Account(6).
   DEBUG      dbmgr-1 27620 4000  [2018-11-13 23:47:20 728] - Dbmgr::writeEntity: Account(3).
   DEBUG      dbmgr-1 27620 4000  [2018-11-13 23:49:50 727] - Dbmgr::writeEntity: Account(3).
   DEBUG      dbmgr-1 27620 4000  [2018-11-13 23:50:32 147] - Dbmgr::onAccountLogin:loginName=1, accountName=1, success=10, componentID=7001, entityID=2002, dbid=3, flags=0, deadline=0.
   DEBUG      dbmgr-1 27620 4000  [2018-11-13 23:52:20 726] - Dbmgr::writeEntity: Account(6).
   DEBUG      dbmgr-1 27620 4000  [2018-11-13 23:54:50 725] - Dbmgr::writeEntity: Account(6).
   DEBUG      dbmgr-1 27620 4000  [2018-11-13 23:55:21 344] - Dbmgr::onAccountLogin:loginName=1, accountName=1, success=10, componentID=7001, entityID=2002, dbid=3, flags=0, deadline=0.
   DEBUG      dbmgr-1 27620 4000  [2018-11-13 23:55:33 464] - Dbmgr::onAccountLogin:loginName=1, accountName=1, success=10, componentID=7001, entityID=2002, dbid=3, flags=0, deadline=0.
   DEBUG      dbmgr-1 27620 4000  [2018-11-13 23:57:20 723] - Dbmgr::writeEntity: Account(3).
   DEBUG      dbmgr-1 27620 4000  [2018-11-13 23:59:50 742] - Dbmgr::writeEntity: Account(3).
