    INFO cellappmgr-1 2973 6000  [2018-05-09 00:08:13 675] - -----------------------------------------------------------------------------------------


    INFO cellappmgr-1 2973 6000  [2018-05-09 00:08:13 676] - Resmgr::initialize: KBE_ROOT=E:/kbengine/
    INFO cellappmgr-1 2973 6000  [2018-05-09 00:08:13 676] - Resmgr::initialize: KBE_RES_PATH=E:/kbengine/kbe/res/;E:/kbengine/assets/;E:/kbengine/assets/scripts/;E:/kbengine/assets/res/
    INFO cellappmgr-1 2973 6000  [2018-05-09 00:08:13 676] - Resmgr::initialize: KBE_BIN_PATH=E:/kbengine/kbe/bin/server/
    INFO cellappmgr-1 2973 6000  [2018-05-09 00:08:13 682] - NetworkInterface::initialize(INTERNAL): bound to all interfaces with default route interface on 192.168.0.106 ( 192.168.0.106:50370 )
    INFO cellappmgr-1 2973 6000  [2018-05-09 00:08:13 682] - NetworkInterface::initialize(INTERNAL): address 192.168.0.106:50370, SOMAXCONN=5.
    INFO cellappmgr-1 2973 6000  [2018-05-09 00:08:13 683] - server-configs:
    INFO cellappmgr-1 2973 6000  [2018-05-09 00:08:13 683] - 	internalAddr : 192.168.0.106:50370
    INFO cellappmgr-1 2973 6000  [2018-05-09 00:08:13 683] - 	componentID : 6000
    INFO cellappmgr-1 2973 6000  [2018-05-09 00:08:15 187] - ---- cellappmgr Version: 2.0.0. ScriptVersion: 0.1.0. Protocol: 52E8E19C86891AC3218081DFAA2FD187. Config: Debug X86. Built: 15:52:42 Apr 29 2018. AppID: 6000. UID: 2973. PID: 5072 ----
    INFO cellappmgr-1 2973 6000  [2018-05-09 00:08:15 187] - Server : Intel(R) Xeon(R) CPU E3-1230 v3 @ 3.30GHz with 4194303kB RAM
    INFO cellappmgr-1 2973 6000  [2018-05-09 00:08:15 188] - ThreadPool::createThreadPool: creating  threadpool...
    INFO cellappmgr-1 2973 6000  [2018-05-09 00:08:15 188] - ThreadPool::createThreadPool: successfully(2), newThreadCount=1, normalMaxThreadCount=2, maxThreadCount=8
    INFO cellappmgr-1 2973 6000  [2018-05-09 00:08:15 525] - ---- cellappmgr is running ----
   DEBUG cellappmgr-1 2973 6000  [2018-05-09 00:08:15 525] - Components::process(): Request for the process of identity...
    INFO cellappmgr-1 2973 6000  [2018-05-09 00:08:22 649] - Components::findComponents: find logger(1)...
    INFO cellappmgr-1 2973 6000  [2018-05-09 00:08:22 684] - Components::findComponents: found logger, addr:192.168.0.106:50378
    INFO cellappmgr-1 2973 6000  [2018-05-09 00:08:22 685] - Components::addComponent: reset orderLog, uid=2973!
    INFO cellappmgr-1 2973 6000  [2018-05-09 00:08:22 686] - Components::addComponent[logger], uid=2973, componentID=2000, globalorderid=1, grouporderid=1, totalcount=1
    INFO cellappmgr-1 2973 6000  [2018-05-09 00:08:22 688] - Components::findComponents: find dbmgr(2)...
    INFO cellappmgr-1 2973 6000  [2018-05-09 00:08:24 808] - Components::findComponents: find dbmgr(3)...
    INFO cellappmgr-1 2973 6000  [2018-05-09 00:08:26 929] - Components::findComponents: find dbmgr(4)...
    INFO cellappmgr-1 2973 6000  [2018-05-09 00:08:29 049] - Components::findComponents: find dbmgr(5)...
    INFO cellappmgr-1 2973 6000  [2018-05-09 00:08:31 169] - Components::findComponents: find dbmgr(6)...
    INFO cellappmgr-1 2973 6000  [2018-05-09 00:08:33 280] - Components::findComponents: find dbmgr(7)...
    INFO cellappmgr-1 2973 6000  [2018-05-09 00:08:35 308] - Components::findComponents: find dbmgr(8)...
    INFO cellappmgr-1 2973 6000  [2018-05-09 00:08:37 428] - Components::findComponents: find dbmgr(9)...
    INFO cellappmgr-1 2973 6000  [2018-05-09 00:08:39 548] - Components::findComponents: find dbmgr(10)...
 WARNING cellappmgr-1 2973 6000  [2018-05-09 00:08:39 858] - BundleBroadcast::BundleBroadcast: Cannot bind to port 20234, errorno=10048
    INFO cellappmgr-1 3068 6000  [2018-05-09 00:08:42 680] - -----------------------------------------------------------------------------------------


    INFO cellappmgr-1 3068 6000  [2018-05-09 00:08:42 681] - Resmgr::initialize: KBE_ROOT=E:/kbengine/
    INFO cellappmgr-1 3068 6000  [2018-05-09 00:08:42 681] - Resmgr::initialize: KBE_RES_PATH=E:/kbengine/kbe/res/;E:/kbengine/assets/;E:/kbengine/assets/scripts/;E:/kbengine/assets/res/
    INFO cellappmgr-1 3068 6000  [2018-05-09 00:08:42 681] - Resmgr::initialize: KBE_BIN_PATH=E:/kbengine/kbe/bin/server/
    INFO cellappmgr-1 3068 6000  [2018-05-09 00:08:42 688] - NetworkInterface::initialize(INTERNAL): bound to all interfaces with default route interface on 192.168.0.106 ( 192.168.0.106:50405 )
    INFO cellappmgr-1 3068 6000  [2018-05-09 00:08:42 688] - NetworkInterface::initialize(INTERNAL): address 192.168.0.106:50405, SOMAXCONN=5.
    INFO cellappmgr-1 3068 6000  [2018-05-09 00:08:42 688] - server-configs:
    INFO cellappmgr-1 3068 6000  [2018-05-09 00:08:42 689] - 	internalAddr : 192.168.0.106:50405
    INFO cellappmgr-1 3068 6000  [2018-05-09 00:08:42 689] - 	componentID : 6000
    INFO cellappmgr-1 3068 6000  [2018-05-09 00:08:44 204] - ---- cellappmgr Version: 2.0.0. ScriptVersion: 0.1.0. Protocol: 52E8E19C86891AC3218081DFAA2FD187. Config: Debug X86. Built: 15:52:42 Apr 29 2018. AppID: 6000. UID: 3068. PID: 10516 ----
    INFO cellappmgr-1 3068 6000  [2018-05-09 00:08:44 205] - Server : Intel(R) Xeon(R) CPU E3-1230 v3 @ 3.30GHz with 4194303kB RAM
    INFO cellappmgr-1 3068 6000  [2018-05-09 00:08:44 206] - ThreadPool::createThreadPool: creating  threadpool...
    INFO cellappmgr-1 3068 6000  [2018-05-09 00:08:44 208] - ThreadPool::createThreadPool: successfully(2), newThreadCount=1, normalMaxThreadCount=2, maxThreadCount=8
    INFO cellappmgr-1 3068 6000  [2018-05-09 00:08:44 605] - ---- cellappmgr is running ----
   DEBUG cellappmgr-1 3068 6000  [2018-05-09 00:08:44 605] - Components::process(): Request for the process of identity...
 WARNING cellappmgr-1 3068 6000  [2018-05-09 00:08:47 960] - BundleBroadcast::BundleBroadcast: Cannot bind to port 20904, errorno=10048
    INFO cellappmgr-1 3068 6000  [2018-05-09 00:08:52 030] - Components::findComponents: find logger(1)...
    INFO cellappmgr-1 3068 6000  [2018-05-09 00:08:52 095] - Components::findComponents: found logger, addr:192.168.0.106:50404
    INFO cellappmgr-1 3068 6000  [2018-05-09 00:08:52 095] - Components::addComponent: reset orderLog, uid=3068!
    INFO cellappmgr-1 3068 6000  [2018-05-09 00:08:52 096] - Components::addComponent[logger], uid=3068, componentID=2000, globalorderid=1, grouporderid=1, totalcount=1
    INFO cellappmgr-1 3068 6000  [2018-05-09 00:08:52 098] - Components::findComponents: find dbmgr(2)...
    INFO cellappmgr-1 3068 6000  [2018-05-09 00:08:54 209] - Components::findComponents: find dbmgr(3)...
    INFO cellappmgr-1 3117 6000  [2018-05-09 00:08:57 894] - -----------------------------------------------------------------------------------------


    INFO cellappmgr-1 3117 6000  [2018-05-09 00:08:57 894] - Resmgr::initialize: KBE_ROOT=E:/kbengine/
    INFO cellappmgr-1 3117 6000  [2018-05-09 00:08:57 894] - Resmgr::initialize: KBE_RES_PATH=E:/kbengine/kbe/res/;E:/kbengine/assets/;E:/kbengine/assets/scripts/;E:/kbengine/assets/res/
    INFO cellappmgr-1 3117 6000  [2018-05-09 00:08:57 894] - Resmgr::initialize: KBE_BIN_PATH=E:/kbengine/kbe/bin/server/
    INFO cellappmgr-1 3117 6000  [2018-05-09 00:08:57 905] - NetworkInterface::initialize(INTERNAL): bound to all interfaces with default route interface on 192.168.0.106 ( 192.168.0.106:50421 )
    INFO cellappmgr-1 3117 6000  [2018-05-09 00:08:57 906] - NetworkInterface::initialize(INTERNAL): address 192.168.0.106:50421, SOMAXCONN=5.
    INFO cellappmgr-1 3117 6000  [2018-05-09 00:08:57 906] - server-configs:
    INFO cellappmgr-1 3117 6000  [2018-05-09 00:08:57 906] - 	internalAddr : 192.168.0.106:50421
    INFO cellappmgr-1 3117 6000  [2018-05-09 00:08:57 906] - 	componentID : 6000
    INFO cellappmgr-1 3117 6000  [2018-05-09 00:08:59 423] - ---- cellappmgr Version: 2.0.0. ScriptVersion: 0.1.0. Protocol: 52E8E19C86891AC3218081DFAA2FD187. Config: Debug X86. Built: 15:52:42 Apr 29 2018. AppID: 6000. UID: 3117. PID: 1588 ----
    INFO cellappmgr-1 3117 6000  [2018-05-09 00:08:59 424] - Server : Intel(R) Xeon(R) CPU E3-1230 v3 @ 3.30GHz with 4194303kB RAM
    INFO cellappmgr-1 3117 6000  [2018-05-09 00:08:59 424] - ThreadPool::createThreadPool: creating  threadpool...
    INFO cellappmgr-1 3117 6000  [2018-05-09 00:08:59 425] - ThreadPool::createThreadPool: successfully(2), newThreadCount=1, normalMaxThreadCount=2, maxThreadCount=8
    INFO cellappmgr-1 3117 6000  [2018-05-09 00:08:59 771] - ---- cellappmgr is running ----
   DEBUG cellappmgr-1 3117 6000  [2018-05-09 00:08:59 771] - Components::process(): Request for the process of identity...
    INFO cellappmgr-1 3117 6000  [2018-05-09 00:09:06 887] - Components::findComponents: find logger(1)...
    INFO cellappmgr-1 3117 6000  [2018-05-09 00:09:06 987] - Components::findComponents: found logger, addr:192.168.0.106:50425
    INFO cellappmgr-1 3117 6000  [2018-05-09 00:09:06 988] - Components::addComponent: reset orderLog, uid=3117!
    INFO cellappmgr-1 3117 6000  [2018-05-09 00:09:06 988] - Components::addComponent[logger], uid=3117, componentID=2000, globalorderid=1, grouporderid=1, totalcount=1
    INFO cellappmgr-1 3117 6000  [2018-05-09 00:09:06 990] - Components::findComponents: find dbmgr(2)...
    INFO cellappmgr-1 3117 6000  [2018-05-09 00:09:09 097] - Components::findComponents: find dbmgr(3)...
