   DEBUG    cellapp01 27620 8001  [2018-11-14 00:02:20 656] - Account::onWriteToDB(): 2004.
   DEBUG    cellapp01 27620 8001  [2018-11-14 00:04:50 658] - Account::onWriteToDB(): 2002.
 WARNING    cellapp01 27620 8001  [2018-11-14 00:05:10 627] - e:\kbengine\kbe\src\server\cellapp\entity.cpp:4236: Profile onTimer took 0.17 seconds
 WARNING    cellapp01 27620 8001  [2018-11-14 00:05:10 628] - e:\kbengine\kbe\src\lib\server\serverapp.cpp:253: Profile callScriptTimers took 0.17 seconds
 WARNING    cellapp01 27620 8001  [2018-11-14 00:05:10 628] - e:\kbengine\kbe\src\server\cellapp\cellapp.cpp:245: Profile gameTick took 0.17 seconds
 WARNING    cellapp01 27620 8001  [2018-11-14 00:05:10 628] - e:\kbengine\kbe\src\lib\network\event_dispatcher.cpp:153: Profile callSystemTimers took 0.17 seconds
 WARNING    cellapp01 27620 8001  [2018-11-14 00:05:13 897] - e:\kbengine\kbe\src\server\cellapp\entity.cpp:4236: Profile onTimer took 0.14 seconds
 WARNING    cellapp01 27620 8001  [2018-11-14 00:05:13 898] - e:\kbengine\kbe\src\lib\server\serverapp.cpp:253: Profile callScriptTimers took 0.14 seconds
 WARNING    cellapp01 27620 8001  [2018-11-14 00:05:13 898] - e:\kbengine\kbe\src\server\cellapp\cellapp.cpp:245: Profile gameTick took 0.14 seconds
 WARNING    cellapp01 27620 8001  [2018-11-14 00:05:13 898] - e:\kbengine\kbe\src\lib\network\event_dispatcher.cpp:153: Profile callSystemTimers took 0.14 seconds
 WARNING    cellapp01 27620 8001  [2018-11-14 00:05:17 393] - e:\kbengine\kbe\src\server\cellapp\entity.cpp:4236: Profile onTimer took 0.14 seconds
 WARNING    cellapp01 27620 8001  [2018-11-14 00:05:17 394] - e:\kbengine\kbe\src\lib\server\serverapp.cpp:253: Profile callScriptTimers took 0.14 seconds
 WARNING    cellapp01 27620 8001  [2018-11-14 00:05:17 394] - e:\kbengine\kbe\src\server\cellapp\cellapp.cpp:245: Profile gameTick took 0.14 seconds
 WARNING    cellapp01 27620 8001  [2018-11-14 00:05:17 394] - e:\kbengine\kbe\src\lib\network\event_dispatcher.cpp:153: Profile callSystemTimers took 0.14 seconds
 WARNING    cellapp01 27620 8001  [2018-11-14 00:05:28 259] - e:\kbengine\kbe\src\server\cellapp\entity.cpp:4236: Profile onTimer took 0.10 seconds
 WARNING    cellapp01 27620 8001  [2018-11-14 00:05:28 259] - e:\kbengine\kbe\src\lib\server\serverapp.cpp:253: Profile callScriptTimers took 0.10 seconds
 WARNING    cellapp01 27620 8001  [2018-11-14 00:05:28 259] - e:\kbengine\kbe\src\server\cellapp\cellapp.cpp:245: Profile gameTick took 0.10 seconds
 WARNING    cellapp01 27620 8001  [2018-11-14 00:05:28 259] - e:\kbengine\kbe\src\lib\network\event_dispatcher.cpp:153: Profile callSystemTimers took 0.10 seconds
   S_DBG    cellapp01 27620 8001  [2018-11-14 00:07:01 363] - 游戏结束---TODO
   DEBUG    cellapp01 27620 8001  [2018-11-14 00:07:20 659] - Account::onWriteToDB(): 2004.
   DEBUG    cellapp01 27620 8001  [2018-11-14 00:09:50 659] - Account::onWriteToDB(): 2002.
   DEBUG    cellapp01 27620 8001  [2018-11-14 00:12:20 661] - Account::onWriteToDB(): 2004.
   DEBUG    cellapp01 27620 8001  [2018-11-14 00:13:28 261] - Spaces::createNewSpace: new space(Room) 2.
    INFO    cellapp01 27620 8001  [2018-11-14 00:13:28 262] - EntityApp::createEntity: new Room 2007
    INFO    cellapp01 27620 8001  [2018-11-14 00:13:28 263] - KBEngine::addSpaceGeometryMapping: spaceID=2, respath=spaces/mjRoom, shouldLoadOnServer=1!
    INFO    cellapp01 27620 8001  [2018-11-14 00:13:28 361] - KBEngine::onLoadedSpaceGeometryMapping: spaceID=2, respath=spaces/mjRoom!
   S_DBG    cellapp01 27620 8001  [2018-11-14 00:13:28 462] - 玩家进来了---2005 座位号为 0
    INFO    cellapp01 27620 8001  [2018-11-14 00:13:28 562] - EntityApp::createEntity: new Account 2005
   DEBUG    cellapp01 27620 8001  [2018-11-14 00:13:39 661] - Spaces::createNewSpace: new space(Room) 3.
    INFO    cellapp01 27620 8001  [2018-11-14 00:13:39 662] - EntityApp::createEntity: new Room 2008
    INFO    cellapp01 27620 8001  [2018-11-14 00:13:39 663] - KBEngine::addSpaceGeometryMapping: spaceID=3, respath=spaces/mjRoom, shouldLoadOnServer=1!
    INFO    cellapp01 27620 8001  [2018-11-14 00:13:39 761] - KBEngine::onLoadedSpaceGeometryMapping: spaceID=3, respath=spaces/mjRoom!
   S_DBG    cellapp01 27620 8001  [2018-11-14 00:13:39 862] - 玩家进来了---2005 座位号为 0
   DEBUG    cellapp01 27620 8001  [2018-11-14 00:13:39 962] - Account::teleportFromBaseapp: 2005, targetEntityID=2008, cell=8001, sourceBaseAppID=7001.
   S_DBG    cellapp01 27620 8001  [2018-11-14 00:13:43 562] - 玩家进来了---2005 座位号为 0
   DEBUG    cellapp01 27620 8001  [2018-11-14 00:13:43 663] - Account::teleportFromBaseapp: 2005, targetEntityID=2007, cell=8001, sourceBaseAppID=7001.
   S_DBG    cellapp01 27620 8001  [2018-11-14 00:13:45 662] - 玩家进来了---2005 座位号为 0
   DEBUG    cellapp01 27620 8001  [2018-11-14 00:13:45 762] - Account::teleportFromBaseapp: 2005, targetEntityID=2008, cell=8001, sourceBaseAppID=7001.
   DEBUG    cellapp01 27620 8001  [2018-11-14 00:13:59 974] - WitnessedTimeoutHandler::handleTimeout: witnesseds is empty, timer is canceled!
   S_DBG    cellapp01 27620 8001  [2018-11-14 00:14:44 962] - 玩家进来了---2005 座位号为 0
   DEBUG    cellapp01 27620 8001  [2018-11-14 00:14:45 062] - Account::teleportFromBaseapp: 2005, targetEntityID=2007, cell=8001, sourceBaseAppID=7001.
   S_DBG    cellapp01 27620 8001  [2018-11-14 00:14:47 961] - 玩家进来了---2005 座位号为 0
   DEBUG    cellapp01 27620 8001  [2018-11-14 00:14:48 062] - Account::teleportFromBaseapp: 2005, targetEntityID=2008, cell=8001, sourceBaseAppID=7001.
   DEBUG    cellapp01 27620 8001  [2018-11-14 00:14:50 661] - Account::onWriteToDB(): 2002.
   DEBUG    cellapp01 27620 8001  [2018-11-14 00:15:00 063] - WitnessedTimeoutHandler::handleTimeout: witnesseds is empty, timer is canceled!
   S_DBG    cellapp01 27620 8001  [2018-11-14 00:16:33 662] - 玩家进来了---2005 座位号为 0
   DEBUG    cellapp01 27620 8001  [2018-11-14 00:16:33 763] - Account::teleportFromBaseapp: 2005, targetEntityID=2007, cell=8001, sourceBaseAppID=7001.
   DEBUG    cellapp01 27620 8001  [2018-11-14 00:16:48 764] - WitnessedTimeoutHandler::handleTimeout: witnesseds is empty, timer is canceled!
   S_DBG    cellapp01 27620 8001  [2018-11-14 00:17:04 663] - 玩家进来了---2005 座位号为 0
   DEBUG    cellapp01 27620 8001  [2018-11-14 00:17:04 763] - Account::teleportFromBaseapp: 2005, targetEntityID=2008, cell=8001, sourceBaseAppID=7001.
   DEBUG    cellapp01 27620 8001  [2018-11-14 00:17:19 763] - WitnessedTimeoutHandler::handleTimeout: witnesseds is empty, timer is canceled!
   DEBUG    cellapp01 27620 8001  [2018-11-14 00:17:20 663] - Account::onWriteToDB(): 2004.
   DEBUG    cellapp01 27620 8001  [2018-11-14 00:18:35 663] - Account::onWriteToDB(): 2002.
   DEBUG    cellapp01 27620 8001  [2018-11-14 00:19:50 663] - Account::onWriteToDB(): 2005.
   DEBUG    cellapp01 27620 8001  [2018-11-14 00:22:20 565] - Account::onWriteToDB(): 2004.
   DEBUG    cellapp01 27620 8001  [2018-11-14 00:23:35 565] - Account::onWriteToDB(): 2002.
   S_DBG    cellapp01 27620 8001  [2018-11-14 00:24:01 266] - 玩家进来了---2005 座位号为 0
   DEBUG    cellapp01 27620 8001  [2018-11-14 00:24:01 466] - Account::teleportFromBaseapp: 2005, targetEntityID=2007, cell=8001, sourceBaseAppID=7001.
   S_DBG    cellapp01 27620 8001  [2018-11-14 00:24:03 366] - 玩家进来了---2005 座位号为 0
   DEBUG    cellapp01 27620 8001  [2018-11-14 00:24:03 466] - Account::teleportFromBaseapp: 2005, targetEntityID=2008, cell=8001, sourceBaseAppID=7001.
   S_DBG    cellapp01 27620 8001  [2018-11-14 00:24:05 165] - 玩家进来了---2005 座位号为 0
   DEBUG    cellapp01 27620 8001  [2018-11-14 00:24:05 265] - Account::teleportFromBaseapp: 2005, targetEntityID=2007, cell=8001, sourceBaseAppID=7001.
   S_DBG    cellapp01 27620 8001  [2018-11-14 00:24:06 665] - 玩家进来了---2005 座位号为 0
   DEBUG    cellapp01 27620 8001  [2018-11-14 00:24:06 765] - Account::teleportFromBaseapp: 2005, targetEntityID=2008, cell=8001, sourceBaseAppID=7001.
   S_DBG    cellapp01 27620 8001  [2018-11-14 00:24:08 065] - 玩家进来了---2005 座位号为 0
   DEBUG    cellapp01 27620 8001  [2018-11-14 00:24:08 165] - Account::teleportFromBaseapp: 2005, targetEntityID=2007, cell=8001, sourceBaseAppID=7001.
   S_DBG    cellapp01 27620 8001  [2018-11-14 00:24:09 665] - 玩家进来了---2005 座位号为 0
   DEBUG    cellapp01 27620 8001  [2018-11-14 00:24:09 765] - Account::teleportFromBaseapp: 2005, targetEntityID=2008, cell=8001, sourceBaseAppID=7001.
   S_DBG    cellapp01 27620 8001  [2018-11-14 00:24:11 165] - 玩家进来了---2005 座位号为 0
   DEBUG    cellapp01 27620 8001  [2018-11-14 00:24:11 265] - Account::teleportFromBaseapp: 2005, targetEntityID=2007, cell=8001, sourceBaseAppID=7001.
   S_DBG    cellapp01 27620 8001  [2018-11-14 00:24:12 765] - 玩家进来了---2005 座位号为 0
   DEBUG    cellapp01 27620 8001  [2018-11-14 00:24:12 865] - Account::teleportFromBaseapp: 2005, targetEntityID=2008, cell=8001, sourceBaseAppID=7001.
   DEBUG    cellapp01 27620 8001  [2018-11-14 00:24:26 467] - WitnessedTimeoutHandler::handleTimeout: witnesseds is empty, timer is canceled!
   DEBUG    cellapp01 27620 8001  [2018-11-14 00:26:05 566] - Account::onWriteToDB(): 2005.
   DEBUG    cellapp01 27620 8001  [2018-11-14 00:27:20 567] - Account::onWriteToDB(): 2004.
   DEBUG    cellapp01 27620 8001  [2018-11-14 00:28:35 568] - Account::onWriteToDB(): 2005.
   DEBUG    cellapp01 27620 8001  [2018-11-14 00:31:05 568] - Account::onWriteToDB(): 2004.
   DEBUG    cellapp01 27620 8001  [2018-11-14 00:32:20 568] - Account::onWriteToDB(): 2002.
   DEBUG    cellapp01 27620 8001  [2018-11-14 00:34:50 570] - Account::onWriteToDB(): 2002.
   DEBUG    cellapp01 27620 8001  [2018-11-14 00:36:05 570] - Account::onWriteToDB(): 2005.
   DEBUG    cellapp01 27620 8001  [2018-11-14 00:37:20 571] - Account::onWriteToDB(): 2004.
   S_DBG    cellapp01 27620 8001  [2018-11-14 00:37:32 171] - 玩家进来了---2005 座位号为 0
   DEBUG    cellapp01 27620 8001  [2018-11-14 00:37:32 271] - Account::teleportFromBaseapp: 2005, targetEntityID=2007, cell=8001, sourceBaseAppID=7001.
   S_DBG    cellapp01 27620 8001  [2018-11-14 00:37:35 371] - 玩家进来了---2005 座位号为 0
   DEBUG    cellapp01 27620 8001  [2018-11-14 00:37:35 471] - Account::teleportFromBaseapp: 2005, targetEntityID=2008, cell=8001, sourceBaseAppID=7001.
   S_DBG    cellapp01 27620 8001  [2018-11-14 00:37:37 471] - 玩家进来了---2005 座位号为 0
   DEBUG    cellapp01 27620 8001  [2018-11-14 00:37:37 571] - Account::teleportFromBaseapp: 2005, targetEntityID=2007, cell=8001, sourceBaseAppID=7001.
   S_DBG    cellapp01 27620 8001  [2018-11-14 00:37:39 471] - 玩家进来了---2005 座位号为 0
   DEBUG    cellapp01 27620 8001  [2018-11-14 00:37:39 571] - Account::teleportFromBaseapp: 2005, targetEntityID=2008, cell=8001, sourceBaseAppID=7001.
   S_DBG    cellapp01 27620 8001  [2018-11-14 00:37:41 671] - 玩家进来了---2005 座位号为 0
   DEBUG    cellapp01 27620 8001  [2018-11-14 00:37:41 771] - Account::teleportFromBaseapp: 2005, targetEntityID=2007, cell=8001, sourceBaseAppID=7001.
   S_DBG    cellapp01 27620 8001  [2018-11-14 00:37:44 871] - 2005
   S_DBG    cellapp01 27620 8001  [2018-11-14 00:37:44 872] - True
   S_DBG    cellapp01 27620 8001  [2018-11-14 00:37:44 971] - cell account
   S_DBG    cellapp01 27620 8001  [2018-11-14 00:37:44 972] - 1
   S_DBG    cellapp01 27620 8001  [2018-11-14 00:37:46 571] - 玩家进来了---2005 座位号为 0
   DEBUG    cellapp01 27620 8001  [2018-11-14 00:37:46 671] - Account::teleportFromBaseapp: 2005, targetEntityID=2008, cell=8001, sourceBaseAppID=7001.
   S_DBG    cellapp01 27620 8001  [2018-11-14 00:37:48 571] - 玩家进来了---2005 座位号为 0
   DEBUG    cellapp01 27620 8001  [2018-11-14 00:37:48 671] - Account::teleportFromBaseapp: 2005, targetEntityID=2007, cell=8001, sourceBaseAppID=7001.
   DEBUG    cellapp01 27620 8001  [2018-11-14 00:37:51 473] - Account::~Account(): 2005
   S_DBG    cellapp01 27620 8001  [2018-11-14 00:37:54 872] - 玩家进来了---2005 座位号为 0
    INFO    cellapp01 27620 8001  [2018-11-14 00:37:54 972] - EntityApp::createEntity: new Account 2005
   S_DBG    cellapp01 27620 8001  [2018-11-14 00:38:00 871] - 2005
   S_DBG    cellapp01 27620 8001  [2018-11-14 00:38:00 872] - False
   S_DBG    cellapp01 27620 8001  [2018-11-14 00:38:00 971] - cell account
   S_DBG    cellapp01 27620 8001  [2018-11-14 00:38:00 972] - 0
   DEBUG    cellapp01 27620 8001  [2018-11-14 00:38:02 273] - WitnessedTimeoutHandler::handleTimeout: witnesseds is empty, timer is canceled!
   S_DBG    cellapp01 27620 8001  [2018-11-14 00:38:04 971] - 2005
   S_DBG    cellapp01 27620 8001  [2018-11-14 00:38:04 972] - True
   S_DBG    cellapp01 27620 8001  [2018-11-14 00:38:05 072] - cell account
   S_DBG    cellapp01 27620 8001  [2018-11-14 00:38:05 072] - 1
   S_DBG    cellapp01 27620 8001  [2018-11-14 00:38:09 271] - 玩家进来了---2005 座位号为 0
   DEBUG    cellapp01 27620 8001  [2018-11-14 00:38:09 371] - Account::teleportFromBaseapp: 2005, targetEntityID=2008, cell=8001, sourceBaseAppID=7001.
   S_DBG    cellapp01 27620 8001  [2018-11-14 00:38:11 571] - 2005
   S_DBG    cellapp01 27620 8001  [2018-11-14 00:38:11 572] - False
   S_DBG    cellapp01 27620 8001  [2018-11-14 00:38:11 671] - cell account
   S_DBG    cellapp01 27620 8001  [2018-11-14 00:38:11 672] - 0
   S_DBG    cellapp01 27620 8001  [2018-11-14 00:38:12 872] - 2005
   S_DBG    cellapp01 27620 8001  [2018-11-14 00:38:12 873] - True
   S_DBG    cellapp01 27620 8001  [2018-11-14 00:38:12 972] - cell account
   S_DBG    cellapp01 27620 8001  [2018-11-14 00:38:12 972] - 1
   S_DBG    cellapp01 27620 8001  [2018-11-14 00:38:15 172] - 玩家进来了---2005 座位号为 0
   DEBUG    cellapp01 27620 8001  [2018-11-14 00:38:15 272] - Account::teleportFromBaseapp: 2005, targetEntityID=2007, cell=8001, sourceBaseAppID=7001.
   DEBUG    cellapp01 27620 8001  [2018-11-14 00:38:17 373] - Account::~Account(): 2005
   DEBUG    cellapp01 27620 8001  [2018-11-14 00:38:29 373] - WitnessedTimeoutHandler::handleTimeout: witnesseds is empty, timer is canceled!
   DEBUG    cellapp01 27620 8001  [2018-11-14 00:38:35 572] - Account::onWriteToDB(): 2002.
   DEBUG    cellapp01 27620 8001  [2018-11-14 00:39:50 572] - Account::onWriteToDB(): 2004.
   DEBUG    cellapp01 27620 8001  [2018-11-14 00:43:35 573] - Account::onWriteToDB(): 2004.
   DEBUG    cellapp01 27620 8001  [2018-11-14 00:46:05 575] - Account::onWriteToDB(): 2002.
   DEBUG    cellapp01 27620 8001  [2018-11-14 00:48:35 575] - Account::onWriteToDB(): 2002.
   DEBUG    cellapp01 27620 8001  [2018-11-14 00:51:05 577] - Account::onWriteToDB(): 2004.
   DEBUG    cellapp01 27620 8001  [2018-11-14 00:54:50 578] - Account::onWriteToDB(): 2004.
   DEBUG    cellapp01 27620 8001  [2018-11-14 00:56:05 579] - Account::onWriteToDB(): 2002.
    INFO    cellapp-1 11700 8001  [2018-11-14 13:47:46 924] - -----------------------------------------------------------------------------------------


    INFO    cellapp-1 11700 8001  [2018-11-14 13:47:48 224] - Resmgr::initialize: KBE_ROOT=E:/kbengine/
    INFO    cellapp-1 11700 8001  [2018-11-14 13:47:48 224] - Resmgr::initialize: KBE_RES_PATH=E:/kbengine/kbe/res/;E:/kbengine/assets/;E:/kbengine/assets/scripts/;E:/kbengine/assets/res/
    INFO    cellapp-1 11700 8001  [2018-11-14 13:47:48 225] - Resmgr::initialize: KBE_BIN_PATH=E:/kbengine/kbe/bin/server/
    INFO    cellapp-1 11700 8001  [2018-11-14 13:47:48 642] - NetworkInterface::initialize(INTERNAL): bound to all interfaces with default route interface on 192.168.0.107 ( 192.168.0.107:51864 )
    INFO    cellapp-1 11700 8001  [2018-11-14 13:47:48 697] - NetworkInterface::initialize(INTERNAL): address 192.168.0.107:51864, SOMAXCONN=5.
    INFO    cellapp-1 11700 8001  [2018-11-14 13:47:48 697] - server-configs:
    INFO    cellapp-1 11700 8001  [2018-11-14 13:47:48 698] - 	gameUpdateHertz : 10
    INFO    cellapp-1 11700 8001  [2018-11-14 13:47:48 764] - 	defaultViewRadius : 80
    INFO    cellapp-1 11700 8001  [2018-11-14 13:47:48 765] - 	defaultViewHysteresisArea : 5
    INFO    cellapp-1 11700 8001  [2018-11-14 13:47:48 765] - 	entryScriptFile : kbemain
    INFO    cellapp-1 11700 8001  [2018-11-14 13:47:48 765] - 	internalAddr : 192.168.0.107:51864
    INFO    cellapp-1 11700 8001  [2018-11-14 13:47:48 766] - 	componentID : 8001
    INFO    cellapp-1 11700 8001  [2018-11-14 13:47:49 378] - Components::findLogger: found logger, addr:192.168.0.107:51857
    INFO    cellapp-1 11700 8001  [2018-11-14 13:47:49 378] - Components::addComponent: reset orderLog, uid=11700!
    INFO    cellapp-1 11700 8001  [2018-11-14 13:47:49 401] - Components::addComponent[logger], uid=11700, componentID=2000, globalorderid=1, grouporderid=1, totalcount=1
    INFO    cellapp-1 11700 8001  [2018-11-14 13:47:49 565] - ---- cellapp Version: 2.0.0. ScriptVersion: 0.1.0. Protocol: 85A70C5E64F896E0F1A60BF405B4EB07. Config: Debug X86. Built: 15:53:53 Apr 29 2018. AppID: 8001. UID: 11700. PID: 9324 ----
    INFO    cellapp-1 11700 8001  [2018-11-14 13:47:49 566] - Server : Intel(R) Xeon(R) CPU E3-1230 v3 @ 3.30GHz with 4194303kB RAM
    INFO    cellapp-1 11700 8001  [2018-11-14 13:47:49 622] - ThreadPool::createThreadPool: creating  threadpool...
    INFO    cellapp-1 11700 8001  [2018-11-14 13:47:49 639] - ThreadPool::createThreadPool: successfully(2), newThreadCount=1, normalMaxThreadCount=2, maxThreadCount=8
   DEBUG    cellapp-1 11700 8001  [2018-11-14 13:47:55 125] - Script::install_py_dlls(): PyInit_pyexpat
   DEBUG    cellapp-1 11700 8001  [2018-11-14 13:47:55 189] - Script::install_py_dlls(): PyInit__socket
   DEBUG    cellapp-1 11700 8001  [2018-11-14 13:47:55 694] - Script::install_py_dlls(): PyInit__ssl
   DEBUG    cellapp-1 11700 8001  [2018-11-14 13:47:56 806] - Script::install_py_dlls(): PyInit__hashlib
   DEBUG    cellapp-1 11700 8001  [2018-11-14 13:47:57 039] - Script::install_py_dlls(): PyInit_select
   DEBUG    cellapp-1 11700 8001  [2018-11-14 13:47:57 067] - Script::install_py_dlls(): PyInit__ctypes
   DEBUG    cellapp-1 11700 8001  [2018-11-14 13:47:57 243] - Script::install_py_dlls(): PyInit__elementtree
   DEBUG    cellapp-1 11700 8001  [2018-11-14 13:47:58 093] - Script::install_py_dlls(): PyInit_unicodedata
    INFO    cellapp-1 11700 8001  [2018-11-14 13:47:58 956] - Script::install(): is successfully, Python=(3.4.2 (default, Apr 29 2018, 15:53:05) [MSC v.1913 32 bit (Intel)])!
    INFO    cellapp-1 11700 8001  [2018-11-14 13:47:58 957] - Script::install(): KBExtra is successfully!
   DEBUG    cellapp-1 11700 8001  [2018-11-14 13:48:00 783] - loaded entity-script:Account(1).
   DEBUG    cellapp-1 11700 8001  [2018-11-14 13:48:01 050] - loaded entity-script:Room(4).
    INFO    cellapp-1 11700 8001  [2018-11-14 13:48:01 104] - TelnetServer server is running on port 50000
    INFO    cellapp-1 11700 8001  [2018-11-14 13:48:01 620] - ---- cellapp is running ----
   DEBUG    cellapp-1 11700 8001  [2018-11-14 13:48:01 867] - Components::process(): Request for the process of identity...
 WARNING    cellapp-1 11700 8001  [2018-11-14 13:48:08 254] - EntityApp::checkTickPeriod: tick took 6634% (6.63 seconds)!
    INFO    cellapp-1 11700 8001  [2018-11-14 13:48:09 321] - Components::findComponents: find dbmgr(1)...
    INFO    cellapp-1 11700 8001  [2018-11-14 13:48:09 412] - Components::findComponents: found dbmgr, addr:192.168.0.107:51858
    INFO    cellapp-1 11700 8001  [2018-11-14 13:48:09 412] - Components::addComponent: reset orderLog, uid=11700!
    INFO    cellapp-1 11700 8001  [2018-11-14 13:48:09 413] - Components::addComponent[dbmgr], uid=11700, componentID=4000, globalorderid=1, grouporderid=1, totalcount=1
    INFO    cellapp-1 11700 8001  [2018-11-14 13:48:09 414] - Components::findComponents: found dbmgr, addr:192.168.0.107:51858
 WARNING    cellapp-1 11700 8001  [2018-11-14 13:48:10 414] - EntityApp::checkTickPeriod: tick took 1193% (1.19 seconds)!
    INFO    cellapp-1 11700 8001  [2018-11-14 13:48:11 421] - Components::findComponents: find cellappmgr(1)...
    INFO    cellapp-1 11700 8001  [2018-11-14 13:48:11 517] - Components::findComponents: found cellappmgr, addr:192.168.0.107:51859
    INFO    cellapp-1 11700 8001  [2018-11-14 13:48:11 517] - Components::addComponent[cellappmgr], uid=11700, componentID=6000, globalorderid=2, grouporderid=1, totalcount=1
    INFO    cellapp-1 11700 8001  [2018-11-14 13:48:11 517] - Components::findComponents: found cellappmgr, addr:192.168.0.107:51859
 WARNING    cellapp-1 11700 8001  [2018-11-14 13:48:12 517] - EntityApp::checkTickPeriod: tick took 1196% (1.20 seconds)!
    INFO    cellapp-1 11700 8001  [2018-11-14 13:48:13 521] - Components::findComponents: find baseappmgr(1)...
    INFO    cellapp-1 11700 8001  [2018-11-14 13:48:13 622] - Components::findComponents: found baseappmgr, addr:192.168.0.107:51862
    INFO    cellapp-1 11700 8001  [2018-11-14 13:48:13 622] - Components::addComponent[baseappmgr], uid=11700, componentID=5000, globalorderid=3, grouporderid=1, totalcount=1
    INFO    cellapp-1 11700 8001  [2018-11-14 13:48:13 623] - Components::findComponents: found baseappmgr, addr:192.168.0.107:51862
 WARNING    cellapp-1 11700 8001  [2018-11-14 13:48:14 623] - EntityApp::checkTickPeriod: tick took 1202% (1.20 seconds)!
    INFO    cellapp-1 11700 8001  [2018-11-14 13:48:15 723] - Components::findComponents: register self to dbmgr...
    INFO    cellapp-1 11700 8001  [2018-11-14 13:48:15 820] - Components::findComponents: register self to cellappmgr...
    INFO    cellapp-1 11700 8001  [2018-11-14 13:48:15 823] - Components::findComponents: register self to baseappmgr...
    INFO    cellapp-1 11700 8001  [2018-11-14 13:48:15 920] - Components::process(): Found all the components!
    INFO    cellapp-1 11700 8001  [2018-11-14 13:48:18 821] - EntityApp::onDbmgrInitCompleted: entityID alloc(1-2001), startGlobalOrder=5, startGroupOrder=1, digest=7F4FC8296AD553545CD95B23EFF6238F.
    INFO    cellapp01 11700 8001  [2018-11-14 13:48:18 821] - IDClient::onAddRange: number of ids increased from 1 to 2001.
   S_DBG    cellapp01 11700 8001  [2018-11-14 13:48:20 026] - onInit::isReload:0
 WARNING    cellapp01 11700 8001  [2018-11-14 13:48:20 026] - e:\kbengine\kbe\src\lib\server\entity_app.h:749: Profile processRecvMessages took 1.21 seconds
 WARNING    cellapp01 11700 8001  [2018-11-14 13:48:20 026] - e:\kbengine\kbe\src\server\cellapp\cellapp.cpp:245: Profile gameTick took 1.21 seconds
 WARNING    cellapp01 11700 8001  [2018-11-14 13:48:20 027] - e:\kbengine\kbe\src\lib\network\event_dispatcher.cpp:153: Profile callSystemTimers took 1.21 seconds
 WARNING    cellapp01 11700 8001  [2018-11-14 13:48:20 027] - EntityApp::checkTickPeriod: tick took 1206% (1.21 seconds)!
   DEBUG    cellapp01 11700 8001  [2018-11-14 13:48:20 129] - InitProgressHandler::~InitProgressHandler()
    INFO    cellapp01 11700 8001  [2018-11-14 13:48:22 021] - ServerApp::onRegisterNewApp: uid:11700, username:, componentType:baseapp, componentID:7001, globalorderID=6, grouporderID=1, intaddr:192.168.0.107, intport:51878, extaddr:192.168.0.107, extport:20015,  from 192.168.0.107:51858/0/0/0.
    INFO    cellapp01 11700 8001  [2018-11-14 13:48:22 021] - Components::addComponent[baseapp], uid=11700, componentID=7001, globalorderid=6, grouporderid=1, totalcount=1
   S_DBG    cellapp01 11700 8001  [2018-11-14 13:48:27 353] - onGlobalData: Halls
   DEBUG    cellapp01 11700 8001  [2018-11-14 13:49:15 300] - Spaces::createNewSpace: new space(Room) 1.
    INFO    cellapp01 11700 8001  [2018-11-14 13:49:15 326] - EntityApp::createEntity: new Room 2004
    INFO    cellapp01 11700 8001  [2018-11-14 13:49:15 368] - KBEngine::addSpaceGeometryMapping: spaceID=1, respath=spaces/mjRoom, shouldLoadOnServer=1!
 WARNING    cellapp01 11700 8001  [2018-11-14 13:49:15 388] - e:\kbengine\kbe\src\lib\server\entity_app.h:749: Profile processRecvMessages took 0.17 seconds
 WARNING    cellapp01 11700 8001  [2018-11-14 13:49:15 388] - e:\kbengine\kbe\src\server\cellapp\cellapp.cpp:245: Profile gameTick took 0.17 seconds
 WARNING    cellapp01 11700 8001  [2018-11-14 13:49:15 389] - e:\kbengine\kbe\src\lib\network\event_dispatcher.cpp:153: Profile callSystemTimers took 0.17 seconds
    INFO    cellapp01 11700 8001  [2018-11-14 13:49:15 421] - KBEngine::onLoadedSpaceGeometryMapping: spaceID=1, respath=spaces/mjRoom!
   S_DBG    cellapp01 11700 8001  [2018-11-14 13:49:15 521] - 玩家进来了---2003 座位号为 0
    INFO    cellapp01 11700 8001  [2018-11-14 13:49:15 621] - EntityApp::createEntity: new Account 2003
   S_DBG    cellapp01 11700 8001  [2018-11-14 13:49:19 622] - 玩家进来了---2002 座位号为 1
    INFO    cellapp01 11700 8001  [2018-11-14 13:49:19 722] - EntityApp::createEntity: new Account 2002
   S_DBG    cellapp01 11700 8001  [2018-11-14 13:49:22 421] - 2002
   S_DBG    cellapp01 11700 8001  [2018-11-14 13:49:22 422] - True
   S_DBG    cellapp01 11700 8001  [2018-11-14 13:49:22 529] - cell account
   S_DBG    cellapp01 11700 8001  [2018-11-14 13:49:22 529] - 1
   S_DBG    cellapp01 11700 8001  [2018-11-14 13:49:26 321] - 2003
   S_DBG    cellapp01 11700 8001  [2018-11-14 13:49:26 322] - True
   S_DBG    cellapp01 11700 8001  [2018-11-14 13:49:26 322] - 全部就位---开始处理！
   S_DBG    cellapp01 11700 8001  [2018-11-14 13:49:26 333] - 游戏开始！
 WARNING    cellapp01 11700 8001  [2018-11-14 13:49:26 431] - e:\kbengine\kbe\src\server\cellapp\entity.cpp:978: Profile scriptCall took 0.11 seconds
 WARNING    cellapp01 11700 8001  [2018-11-14 13:49:26 432] - e:\kbengine\kbe\src\lib\server\entity_app.h:749: Profile processRecvMessages took 0.11 seconds
 WARNING    cellapp01 11700 8001  [2018-11-14 13:49:26 432] - e:\kbengine\kbe\src\server\cellapp\cellapp.cpp:245: Profile gameTick took 0.11 seconds
 WARNING    cellapp01 11700 8001  [2018-11-14 13:49:26 432] - e:\kbengine\kbe\src\lib\network\event_dispatcher.cpp:153: Profile callSystemTimers took 0.11 seconds
   S_DBG    cellapp01 11700 8001  [2018-11-14 13:49:26 433] - cell account
   S_DBG    cellapp01 11700 8001  [2018-11-14 13:49:26 433] - 1
 WARNING    cellapp01 11700 8001  [2018-11-14 13:49:36 646] - e:\kbengine\kbe\src\server\cellapp\entity.cpp:4236: Profile onTimer took 0.12 seconds
 WARNING    cellapp01 11700 8001  [2018-11-14 13:49:36 646] - e:\kbengine\kbe\src\lib\server\serverapp.cpp:253: Profile callScriptTimers took 0.12 seconds
 WARNING    cellapp01 11700 8001  [2018-11-14 13:49:36 647] - e:\kbengine\kbe\src\server\cellapp\cellapp.cpp:245: Profile gameTick took 0.12 seconds
 WARNING    cellapp01 11700 8001  [2018-11-14 13:49:36 647] - e:\kbengine\kbe\src\lib\network\event_dispatcher.cpp:153: Profile callSystemTimers took 0.13 seconds
 WARNING    cellapp01 11700 8001  [2018-11-14 13:49:44 838] - e:\kbengine\kbe\src\server\cellapp\entity.cpp:4236: Profile onTimer took 0.12 seconds
 WARNING    cellapp01 11700 8001  [2018-11-14 13:49:44 838] - e:\kbengine\kbe\src\lib\server\serverapp.cpp:253: Profile callScriptTimers took 0.12 seconds
 WARNING    cellapp01 11700 8001  [2018-11-14 13:49:44 839] - e:\kbengine\kbe\src\server\cellapp\cellapp.cpp:245: Profile gameTick took 0.12 seconds
 WARNING    cellapp01 11700 8001  [2018-11-14 13:49:44 839] - e:\kbengine\kbe\src\lib\network\event_dispatcher.cpp:153: Profile callSystemTimers took 0.12 seconds
   DEBUG    cellapp01 11700 8001  [2018-11-14 13:55:38 522] - Account::onWriteToDB(): 2003.
 WARNING    cellapp01 11700 8001  [2018-11-14 13:57:31 928] - e:\kbengine\kbe\src\server\cellapp\entity.cpp:4236: Profile onTimer took 0.10 seconds
 WARNING    cellapp01 11700 8001  [2018-11-14 13:57:31 928] - e:\kbengine\kbe\src\lib\server\serverapp.cpp:253: Profile callScriptTimers took 0.10 seconds
 WARNING    cellapp01 11700 8001  [2018-11-14 13:57:31 928] - e:\kbengine\kbe\src\server\cellapp\cellapp.cpp:245: Profile gameTick took 0.11 seconds
 WARNING    cellapp01 11700 8001  [2018-11-14 13:57:31 928] - e:\kbengine\kbe\src\lib\network\event_dispatcher.cpp:153: Profile callSystemTimers took 0.11 seconds
   DEBUG    cellapp01 11700 8001  [2018-11-14 13:58:08 523] - Account::onWriteToDB(): 2002.
   DEBUG    cellapp01 11700 8001  [2018-11-14 14:00:38 523] - Account::onWriteToDB(): 2003.
 WARNING    cellapp01 11700 8001  [2018-11-14 14:01:44 463] - e:\kbengine\kbe\src\server\cellapp\entity.cpp:4236: Profile onTimer took 0.14 seconds
 WARNING    cellapp01 11700 8001  [2018-11-14 14:01:44 464] - e:\kbengine\kbe\src\lib\server\serverapp.cpp:253: Profile callScriptTimers took 0.14 seconds
 WARNING    cellapp01 11700 8001  [2018-11-14 14:01:44 464] - e:\kbengine\kbe\src\server\cellapp\cellapp.cpp:245: Profile gameTick took 0.14 seconds
 WARNING    cellapp01 11700 8001  [2018-11-14 14:01:44 464] - e:\kbengine\kbe\src\lib\network\event_dispatcher.cpp:153: Profile callSystemTimers took 0.14 seconds
 WARNING    cellapp01 11700 8001  [2018-11-14 14:01:56 632] - e:\kbengine\kbe\src\server\cellapp\entity.cpp:4236: Profile onTimer took 0.11 seconds
 WARNING    cellapp01 11700 8001  [2018-11-14 14:01:56 632] - e:\kbengine\kbe\src\lib\server\serverapp.cpp:253: Profile callScriptTimers took 0.11 seconds
 WARNING    cellapp01 11700 8001  [2018-11-14 14:01:56 633] - e:\kbengine\kbe\src\server\cellapp\cellapp.cpp:245: Profile gameTick took 0.11 seconds
 WARNING    cellapp01 11700 8001  [2018-11-14 14:01:56 633] - e:\kbengine\kbe\src\lib\network\event_dispatcher.cpp:153: Profile callSystemTimers took 0.11 seconds
 WARNING    cellapp01 11700 8001  [2018-11-14 14:02:02 685] - e:\kbengine\kbe\src\server\cellapp\entity.cpp:4236: Profile onTimer took 0.16 seconds
 WARNING    cellapp01 11700 8001  [2018-11-14 14:02:02 685] - e:\kbengine\kbe\src\lib\server\serverapp.cpp:253: Profile callScriptTimers took 0.16 seconds
 WARNING    cellapp01 11700 8001  [2018-11-14 14:02:02 686] - e:\kbengine\kbe\src\server\cellapp\cellapp.cpp:245: Profile gameTick took 0.16 seconds
 WARNING    cellapp01 11700 8001  [2018-11-14 14:02:02 686] - e:\kbengine\kbe\src\lib\network\event_dispatcher.cpp:153: Profile callSystemTimers took 0.16 seconds
 WARNING    cellapp01 11700 8001  [2018-11-14 14:02:10 358] - e:\kbengine\kbe\src\server\cellapp\entity.cpp:4236: Profile onTimer took 0.13 seconds
 WARNING    cellapp01 11700 8001  [2018-11-14 14:02:10 358] - e:\kbengine\kbe\src\lib\server\serverapp.cpp:253: Profile callScriptTimers took 0.13 seconds
 WARNING    cellapp01 11700 8001  [2018-11-14 14:02:10 359] - e:\kbengine\kbe\src\server\cellapp\cellapp.cpp:245: Profile gameTick took 0.13 seconds
 WARNING    cellapp01 11700 8001  [2018-11-14 14:02:10 359] - e:\kbengine\kbe\src\lib\network\event_dispatcher.cpp:153: Profile callSystemTimers took 0.14 seconds
 WARNING    cellapp01 11700 8001  [2018-11-14 14:02:20 855] - e:\kbengine\kbe\src\server\cellapp\entity.cpp:4236: Profile onTimer took 0.13 seconds
 WARNING    cellapp01 11700 8001  [2018-11-14 14:02:20 855] - e:\kbengine\kbe\src\lib\server\serverapp.cpp:253: Profile callScriptTimers took 0.13 seconds
 WARNING    cellapp01 11700 8001  [2018-11-14 14:02:20 855] - e:\kbengine\kbe\src\server\cellapp\cellapp.cpp:245: Profile gameTick took 0.13 seconds
 WARNING    cellapp01 11700 8001  [2018-11-14 14:02:20 856] - e:\kbengine\kbe\src\lib\network\event_dispatcher.cpp:153: Profile callSystemTimers took 0.13 seconds
   S_DBG    cellapp01 11700 8001  [2018-11-14 14:03:07 424] - 不该你出牌
   DEBUG    cellapp01 11700 8001  [2018-11-14 14:03:08 524] - Account::onWriteToDB(): 2002.
   S_DBG    cellapp01 11700 8001  [2018-11-14 14:04:10 534] - 不该你出牌
   DEBUG    cellapp01 11700 8001  [2018-11-14 14:05:38 525] - Account::onWriteToDB(): 2003.
   DEBUG    cellapp01 11700 8001  [2018-11-14 14:08:08 525] - Account::onWriteToDB(): 2002.
   DEBUG    cellapp01 11700 8001  [2018-11-14 14:10:38 526] - Account::onWriteToDB(): 2002.
   DEBUG    cellapp01 11700 8001  [2018-11-14 14:13:08 526] - Account::onWriteToDB(): 2003.
   DEBUG    cellapp01 11700 8001  [2018-11-14 14:15:38 527] - Account::onWriteToDB(): 2003.
   DEBUG    cellapp01 11700 8001  [2018-11-14 14:18:08 527] - Account::onWriteToDB(): 2002.
   S_DBG    cellapp01 11700 8001  [2018-11-14 14:19:40 728] - 不需要出牌
   S_DBG    cellapp01 11700 8001  [2018-11-14 14:19:46 228] - 不需要出牌
   S_DBG    cellapp01 11700 8001  [2018-11-14 14:19:49 528] - 不需要出牌
   S_DBG    cellapp01 11700 8001  [2018-11-14 14:19:51 428] - 不需要出牌
   S_DBG    cellapp01 11700 8001  [2018-11-14 14:19:51 628] - 不需要出牌
   S_DBG    cellapp01 11700 8001  [2018-11-14 14:19:59 928] - 不需要出牌
   S_DBG    cellapp01 11700 8001  [2018-11-14 14:20:19 833] - 游戏结束---TODO
   DEBUG    cellapp01 11700 8001  [2018-11-14 14:20:38 528] - Account::onWriteToDB(): 2003.
   DEBUG    cellapp01 11700 8001  [2018-11-14 14:20:50 628] - Spaces::createNewSpace: new space(Room) 2.
    INFO    cellapp01 11700 8001  [2018-11-14 14:20:50 629] - EntityApp::createEntity: new Room 2006
    INFO    cellapp01 11700 8001  [2018-11-14 14:20:50 630] - KBEngine::addSpaceGeometryMapping: spaceID=2, respath=spaces/mjRoom, shouldLoadOnServer=1!
    INFO    cellapp01 11700 8001  [2018-11-14 14:20:50 728] - KBEngine::onLoadedSpaceGeometryMapping: spaceID=2, respath=spaces/mjRoom!
   S_DBG    cellapp01 11700 8001  [2018-11-14 14:20:50 729] - 玩家进来了---2005 座位号为 0
    INFO    cellapp01 11700 8001  [2018-11-14 14:20:50 828] - EntityApp::createEntity: new Account 2005
   S_DBG    cellapp01 11700 8001  [2018-11-14 14:21:15 528] - 玩家进来了---2007 座位号为 1
    INFO    cellapp01 11700 8001  [2018-11-14 14:21:15 628] - EntityApp::createEntity: new Account 2007
   S_DBG    cellapp01 11700 8001  [2018-11-14 14:21:18 628] - 2007
   S_DBG    cellapp01 11700 8001  [2018-11-14 14:21:18 629] - True
   S_DBG    cellapp01 11700 8001  [2018-11-14 14:21:18 729] - cell account
   S_DBG    cellapp01 11700 8001  [2018-11-14 14:21:18 729] - 1
   S_DBG    cellapp01 11700 8001  [2018-11-14 14:21:28 428] - 2007
   S_DBG    cellapp01 11700 8001  [2018-11-14 14:21:28 429] - False
   S_DBG    cellapp01 11700 8001  [2018-11-14 14:21:28 529] - cell account
   S_DBG    cellapp01 11700 8001  [2018-11-14 14:21:28 529] - 0
   S_DBG    cellapp01 11700 8001  [2018-11-14 14:21:30 828] - 2007
   S_DBG    cellapp01 11700 8001  [2018-11-14 14:21:30 829] - True
   S_DBG    cellapp01 11700 8001  [2018-11-14 14:21:30 929] - cell account
   S_DBG    cellapp01 11700 8001  [2018-11-14 14:21:30 929] - 1
   S_DBG    cellapp01 11700 8001  [2018-11-14 14:21:32 828] - 2005
   S_DBG    cellapp01 11700 8001  [2018-11-14 14:21:32 829] - True
   S_DBG    cellapp01 11700 8001  [2018-11-14 14:21:32 829] - 全部就位---开始处理！
   S_DBG    cellapp01 11700 8001  [2018-11-14 14:21:32 837] - 游戏开始！
 WARNING    cellapp01 11700 8001  [2018-11-14 14:21:32 931] - e:\kbengine\kbe\src\server\cellapp\entity.cpp:978: Profile scriptCall took 0.10 seconds
 WARNING    cellapp01 11700 8001  [2018-11-14 14:21:32 932] - e:\kbengine\kbe\src\lib\server\entity_app.h:749: Profile processRecvMessages took 0.10 seconds
 WARNING    cellapp01 11700 8001  [2018-11-14 14:21:32 932] - e:\kbengine\kbe\src\server\cellapp\cellapp.cpp:245: Profile gameTick took 0.10 seconds
 WARNING    cellapp01 11700 8001  [2018-11-14 14:21:32 932] - e:\kbengine\kbe\src\lib\network\event_dispatcher.cpp:153: Profile callSystemTimers took 0.10 seconds
   S_DBG    cellapp01 11700 8001  [2018-11-14 14:21:32 932] - cell account
   S_DBG    cellapp01 11700 8001  [2018-11-14 14:21:32 932] - 1
 WARNING    cellapp01 11700 8001  [2018-11-14 14:21:45 253] - e:\kbengine\kbe\src\server\cellapp\entity.cpp:4236: Profile onTimer took 0.12 seconds
 WARNING    cellapp01 11700 8001  [2018-11-14 14:21:45 254] - e:\kbengine\kbe\src\lib\server\serverapp.cpp:253: Profile callScriptTimers took 0.12 seconds
 WARNING    cellapp01 11700 8001  [2018-11-14 14:21:45 254] - e:\kbengine\kbe\src\server\cellapp\cellapp.cpp:245: Profile gameTick took 0.13 seconds
 WARNING    cellapp01 11700 8001  [2018-11-14 14:21:45 254] - e:\kbengine\kbe\src\lib\network\event_dispatcher.cpp:153: Profile callSystemTimers took 0.13 seconds
 WARNING    cellapp01 11700 8001  [2018-11-14 14:21:58 129] - e:\kbengine\kbe\src\server\cellapp\cellapp.cpp:245: Profile gameTick took 0.10 seconds
 WARNING    cellapp01 11700 8001  [2018-11-14 14:21:58 129] - e:\kbengine\kbe\src\lib\network\event_dispatcher.cpp:153: Profile callSystemTimers took 0.10 seconds
 WARNING    cellapp01 11700 8001  [2018-11-14 14:22:04 232] - e:\kbengine\kbe\src\server\cellapp\entity.cpp:4236: Profile onTimer took 0.10 seconds
 WARNING    cellapp01 11700 8001  [2018-11-14 14:22:04 232] - e:\kbengine\kbe\src\lib\server\serverapp.cpp:253: Profile callScriptTimers took 0.10 seconds
 WARNING    cellapp01 11700 8001  [2018-11-14 14:22:04 232] - e:\kbengine\kbe\src\server\cellapp\cellapp.cpp:245: Profile gameTick took 0.10 seconds
 WARNING    cellapp01 11700 8001  [2018-11-14 14:22:04 232] - e:\kbengine\kbe\src\lib\network\event_dispatcher.cpp:153: Profile callSystemTimers took 0.10 seconds
 WARNING    cellapp01 11700 8001  [2018-11-14 14:22:11 147] - e:\kbengine\kbe\src\server\cellapp\entity.cpp:4236: Profile onTimer took 0.12 seconds
 WARNING    cellapp01 11700 8001  [2018-11-14 14:22:11 148] - e:\kbengine\kbe\src\lib\server\serverapp.cpp:253: Profile callScriptTimers took 0.12 seconds
 WARNING    cellapp01 11700 8001  [2018-11-14 14:22:11 148] - e:\kbengine\kbe\src\server\cellapp\cellapp.cpp:245: Profile gameTick took 0.12 seconds
 WARNING    cellapp01 11700 8001  [2018-11-14 14:22:11 149] - e:\kbengine\kbe\src\lib\network\event_dispatcher.cpp:153: Profile callSystemTimers took 0.12 seconds
 WARNING    cellapp01 11700 8001  [2018-11-14 14:22:14 552] - e:\kbengine\kbe\src\server\cellapp\entity.cpp:4236: Profile onTimer took 0.12 seconds
 WARNING    cellapp01 11700 8001  [2018-11-14 14:22:14 553] - e:\kbengine\kbe\src\lib\server\serverapp.cpp:253: Profile callScriptTimers took 0.12 seconds
 WARNING    cellapp01 11700 8001  [2018-11-14 14:22:14 554] - e:\kbengine\kbe\src\server\cellapp\cellapp.cpp:245: Profile gameTick took 0.13 seconds
 WARNING    cellapp01 11700 8001  [2018-11-14 14:22:14 554] - e:\kbengine\kbe\src\lib\network\event_dispatcher.cpp:153: Profile callSystemTimers took 0.13 seconds
 WARNING    cellapp01 11700 8001  [2018-11-14 14:22:20 863] - e:\kbengine\kbe\src\server\cellapp\entity.cpp:4236: Profile onTimer took 0.13 seconds
 WARNING    cellapp01 11700 8001  [2018-11-14 14:22:20 863] - e:\kbengine\kbe\src\lib\server\serverapp.cpp:253: Profile callScriptTimers took 0.13 seconds
 WARNING    cellapp01 11700 8001  [2018-11-14 14:22:20 864] - e:\kbengine\kbe\src\server\cellapp\cellapp.cpp:245: Profile gameTick took 0.14 seconds
 WARNING    cellapp01 11700 8001  [2018-11-14 14:22:20 864] - e:\kbengine\kbe\src\lib\network\event_dispatcher.cpp:153: Profile callSystemTimers took 0.14 seconds
 WARNING    cellapp01 11700 8001  [2018-11-14 14:22:34 471] - e:\kbengine\kbe\src\server\cellapp\entity.cpp:4236: Profile onTimer took 0.14 seconds
 WARNING    cellapp01 11700 8001  [2018-11-14 14:22:34 472] - e:\kbengine\kbe\src\lib\server\serverapp.cpp:253: Profile callScriptTimers took 0.14 seconds
 WARNING    cellapp01 11700 8001  [2018-11-14 14:22:34 472] - e:\kbengine\kbe\src\server\cellapp\cellapp.cpp:245: Profile gameTick took 0.14 seconds
 WARNING    cellapp01 11700 8001  [2018-11-14 14:22:34 473] - e:\kbengine\kbe\src\lib\network\event_dispatcher.cpp:153: Profile callSystemTimers took 0.14 seconds
 WARNING    cellapp01 11700 8001  [2018-11-14 14:22:37 133] - e:\kbengine\kbe\src\server\cellapp\entity.cpp:4236: Profile onTimer took 0.10 seconds
 WARNING    cellapp01 11700 8001  [2018-11-14 14:22:37 133] - e:\kbengine\kbe\src\lib\server\serverapp.cpp:253: Profile callScriptTimers took 0.10 seconds
 WARNING    cellapp01 11700 8001  [2018-11-14 14:22:37 134] - e:\kbengine\kbe\src\server\cellapp\cellapp.cpp:245: Profile gameTick took 0.11 seconds
 WARNING    cellapp01 11700 8001  [2018-11-14 14:22:37 134] - e:\kbengine\kbe\src\lib\network\event_dispatcher.cpp:153: Profile callSystemTimers took 0.11 seconds
 WARNING    cellapp01 11700 8001  [2018-11-14 14:22:43 450] - e:\kbengine\kbe\src\server\cellapp\entity.cpp:4236: Profile onTimer took 0.12 seconds
 WARNING    cellapp01 11700 8001  [2018-11-14 14:22:43 450] - e:\kbengine\kbe\src\lib\server\serverapp.cpp:253: Profile callScriptTimers took 0.12 seconds
 WARNING    cellapp01 11700 8001  [2018-11-14 14:22:43 451] - e:\kbengine\kbe\src\server\cellapp\cellapp.cpp:245: Profile gameTick took 0.12 seconds
 WARNING    cellapp01 11700 8001  [2018-11-14 14:22:43 451] - e:\kbengine\kbe\src\lib\network\event_dispatcher.cpp:153: Profile callSystemTimers took 0.12 seconds
 WARNING    cellapp01 11700 8001  [2018-11-14 14:22:49 252] - e:\kbengine\kbe\src\server\cellapp\entity.cpp:4236: Profile onTimer took 0.12 seconds
 WARNING    cellapp01 11700 8001  [2018-11-14 14:22:49 253] - e:\kbengine\kbe\src\lib\server\serverapp.cpp:253: Profile callScriptTimers took 0.12 seconds
 WARNING    cellapp01 11700 8001  [2018-11-14 14:22:49 253] - e:\kbengine\kbe\src\server\cellapp\cellapp.cpp:245: Profile gameTick took 0.12 seconds
 WARNING    cellapp01 11700 8001  [2018-11-14 14:22:49 254] - e:\kbengine\kbe\src\lib\network\event_dispatcher.cpp:153: Profile callSystemTimers took 0.13 seconds
 WARNING    cellapp01 11700 8001  [2018-11-14 14:22:51 469] - e:\kbengine\kbe\src\server\cellapp\entity.cpp:4236: Profile onTimer took 0.14 seconds
 WARNING    cellapp01 11700 8001  [2018-11-14 14:22:51 469] - e:\kbengine\kbe\src\lib\server\serverapp.cpp:253: Profile callScriptTimers took 0.14 seconds
 WARNING    cellapp01 11700 8001  [2018-11-14 14:22:51 469] - e:\kbengine\kbe\src\server\cellapp\cellapp.cpp:245: Profile gameTick took 0.14 seconds
 WARNING    cellapp01 11700 8001  [2018-11-14 14:22:51 470] - e:\kbengine\kbe\src\lib\network\event_dispatcher.cpp:153: Profile callSystemTimers took 0.14 seconds
 WARNING    cellapp01 11700 8001  [2018-11-14 14:22:54 285] - e:\kbengine\kbe\src\server\cellapp\entity.cpp:4236: Profile onTimer took 0.16 seconds
 WARNING    cellapp01 11700 8001  [2018-11-14 14:22:54 286] - e:\kbengine\kbe\src\lib\server\serverapp.cpp:253: Profile callScriptTimers took 0.16 seconds
 WARNING    cellapp01 11700 8001  [2018-11-14 14:22:54 286] - e:\kbengine\kbe\src\server\cellapp\cellapp.cpp:245: Profile gameTick took 0.16 seconds
 WARNING    cellapp01 11700 8001  [2018-11-14 14:22:54 287] - e:\kbengine\kbe\src\lib\network\event_dispatcher.cpp:153: Profile callSystemTimers took 0.16 seconds
 WARNING    cellapp01 11700 8001  [2018-11-14 14:22:56 980] - e:\kbengine\kbe\src\server\cellapp\entity.cpp:4236: Profile onTimer took 0.15 seconds
 WARNING    cellapp01 11700 8001  [2018-11-14 14:22:56 980] - e:\kbengine\kbe\src\lib\server\serverapp.cpp:253: Profile callScriptTimers took 0.15 seconds
 WARNING    cellapp01 11700 8001  [2018-11-14 14:22:56 980] - e:\kbengine\kbe\src\server\cellapp\cellapp.cpp:245: Profile gameTick took 0.15 seconds
 WARNING    cellapp01 11700 8001  [2018-11-14 14:22:56 981] - e:\kbengine\kbe\src\lib\network\event_dispatcher.cpp:153: Profile callSystemTimers took 0.15 seconds
   DEBUG    cellapp01 11700 8001  [2018-11-14 14:23:08 529] - Account::onWriteToDB(): 2002.
 WARNING    cellapp01 11700 8001  [2018-11-14 14:23:26 049] - e:\kbengine\kbe\src\server\cellapp\entity.cpp:4236: Profile onTimer took 0.12 seconds
 WARNING    cellapp01 11700 8001  [2018-11-14 14:23:26 049] - e:\kbengine\kbe\src\lib\server\serverapp.cpp:253: Profile callScriptTimers took 0.12 seconds
 WARNING    cellapp01 11700 8001  [2018-11-14 14:23:26 049] - e:\kbengine\kbe\src\server\cellapp\cellapp.cpp:245: Profile gameTick took 0.12 seconds
 WARNING    cellapp01 11700 8001  [2018-11-14 14:23:26 049] - e:\kbengine\kbe\src\lib\network\event_dispatcher.cpp:153: Profile callSystemTimers took 0.12 seconds
 WARNING    cellapp01 11700 8001  [2018-11-14 14:23:31 676] - e:\kbengine\kbe\src\server\cellapp\entity.cpp:4236: Profile onTimer took 0.15 seconds
 WARNING    cellapp01 11700 8001  [2018-11-14 14:23:31 676] - e:\kbengine\kbe\src\lib\server\serverapp.cpp:253: Profile callScriptTimers took 0.15 seconds
 WARNING    cellapp01 11700 8001  [2018-11-14 14:23:31 676] - e:\kbengine\kbe\src\server\cellapp\cellapp.cpp:245: Profile gameTick took 0.15 seconds
 WARNING    cellapp01 11700 8001  [2018-11-14 14:23:31 676] - e:\kbengine\kbe\src\lib\network\event_dispatcher.cpp:153: Profile callSystemTimers took 0.15 seconds
 WARNING    cellapp01 11700 8001  [2018-11-14 14:23:37 337] - e:\kbengine\kbe\src\server\cellapp\entity.cpp:4236: Profile onTimer took 0.11 seconds
 WARNING    cellapp01 11700 8001  [2018-11-14 14:23:37 338] - e:\kbengine\kbe\src\lib\server\serverapp.cpp:253: Profile callScriptTimers took 0.11 seconds
 WARNING    cellapp01 11700 8001  [2018-11-14 14:23:37 338] - e:\kbengine\kbe\src\server\cellapp\cellapp.cpp:245: Profile gameTick took 0.11 seconds
 WARNING    cellapp01 11700 8001  [2018-11-14 14:23:37 338] - e:\kbengine\kbe\src\lib\network\event_dispatcher.cpp:153: Profile callSystemTimers took 0.11 seconds
 WARNING    cellapp01 11700 8001  [2018-11-14 14:23:58 232] - e:\kbengine\kbe\src\server\cellapp\entity.cpp:4236: Profile onTimer took 0.20 seconds
 WARNING    cellapp01 11700 8001  [2018-11-14 14:23:58 232] - e:\kbengine\kbe\src\lib\server\serverapp.cpp:253: Profile callScriptTimers took 0.20 seconds
 WARNING    cellapp01 11700 8001  [2018-11-14 14:23:58 232] - e:\kbengine\kbe\src\server\cellapp\cellapp.cpp:245: Profile gameTick took 0.20 seconds
 WARNING    cellapp01 11700 8001  [2018-11-14 14:23:58 233] - e:\kbengine\kbe\src\lib\network\event_dispatcher.cpp:153: Profile callSystemTimers took 0.21 seconds
 WARNING    cellapp01 11700 8001  [2018-11-14 14:23:58 233] - EntityApp::checkTickPeriod: tick took 205% (0.20 seconds)!
 WARNING    cellapp01 11700 8001  [2018-11-14 14:24:06 229] - e:\kbengine\kbe\src\server\cellapp\entity.cpp:4236: Profile onTimer took 0.20 seconds
 WARNING    cellapp01 11700 8001  [2018-11-14 14:24:06 229] - e:\kbengine\kbe\src\lib\server\serverapp.cpp:253: Profile callScriptTimers took 0.20 seconds
 WARNING    cellapp01 11700 8001  [2018-11-14 14:24:06 230] - e:\kbengine\kbe\src\server\cellapp\cellapp.cpp:245: Profile gameTick took 0.20 seconds
 WARNING    cellapp01 11700 8001  [2018-11-14 14:24:06 230] - e:\kbengine\kbe\src\lib\network\event_dispatcher.cpp:153: Profile callSystemTimers took 0.20 seconds
 WARNING    cellapp01 11700 8001  [2018-11-14 14:24:06 231] - EntityApp::checkTickPeriod: tick took 202% (0.20 seconds)!
   DEBUG    cellapp01 11700 8001  [2018-11-14 14:24:08 529] - Account::onWriteToDB(): 2003.
 WARNING    cellapp01 11700 8001  [2018-11-14 14:24:15 315] - e:\kbengine\kbe\src\server\cellapp\entity.cpp:4236: Profile onTimer took 0.19 seconds
 WARNING    cellapp01 11700 8001  [2018-11-14 14:24:15 315] - e:\kbengine\kbe\src\lib\server\serverapp.cpp:253: Profile callScriptTimers took 0.19 seconds
 WARNING    cellapp01 11700 8001  [2018-11-14 14:24:15 316] - e:\kbengine\kbe\src\server\cellapp\cellapp.cpp:245: Profile gameTick took 0.19 seconds
 WARNING    cellapp01 11700 8001  [2018-11-14 14:24:15 316] - e:\kbengine\kbe\src\lib\network\event_dispatcher.cpp:153: Profile callSystemTimers took 0.19 seconds
 WARNING    cellapp01 11700 8001  [2018-11-14 14:24:20 649] - e:\kbengine\kbe\src\server\cellapp\entity.cpp:4236: Profile onTimer took 0.12 seconds
 WARNING    cellapp01 11700 8001  [2018-11-14 14:24:20 649] - e:\kbengine\kbe\src\lib\server\serverapp.cpp:253: Profile callScriptTimers took 0.12 seconds
 WARNING    cellapp01 11700 8001  [2018-11-14 14:24:20 650] - e:\kbengine\kbe\src\server\cellapp\cellapp.cpp:245: Profile gameTick took 0.12 seconds
 WARNING    cellapp01 11700 8001  [2018-11-14 14:24:20 650] - e:\kbengine\kbe\src\lib\network\event_dispatcher.cpp:153: Profile callSystemTimers took 0.12 seconds
   S_DBG    cellapp01 11700 8001  [2018-11-14 14:24:24 229] - 不该你出牌
 WARNING    cellapp01 11700 8001  [2018-11-14 14:24:27 249] - e:\kbengine\kbe\src\server\cellapp\entity.cpp:4236: Profile onTimer took 0.12 seconds
 WARNING    cellapp01 11700 8001  [2018-11-14 14:24:27 250] - e:\kbengine\kbe\src\lib\server\serverapp.cpp:253: Profile callScriptTimers took 0.12 seconds
 WARNING    cellapp01 11700 8001  [2018-11-14 14:24:27 250] - e:\kbengine\kbe\src\server\cellapp\cellapp.cpp:245: Profile gameTick took 0.12 seconds
 WARNING    cellapp01 11700 8001  [2018-11-14 14:24:27 250] - e:\kbengine\kbe\src\lib\network\event_dispatcher.cpp:153: Profile callSystemTimers took 0.12 seconds
 WARNING    cellapp01 11700 8001  [2018-11-14 14:24:40 254] - e:\kbengine\kbe\src\server\cellapp\entity.cpp:4236: Profile onTimer took 0.13 seconds
 WARNING    cellapp01 11700 8001  [2018-11-14 14:24:40 255] - e:\kbengine\kbe\src\lib\server\serverapp.cpp:253: Profile callScriptTimers took 0.13 seconds
 WARNING    cellapp01 11700 8001  [2018-11-14 14:24:40 255] - e:\kbengine\kbe\src\server\cellapp\cellapp.cpp:245: Profile gameTick took 0.13 seconds
 WARNING    cellapp01 11700 8001  [2018-11-14 14:24:40 255] - e:\kbengine\kbe\src\lib\network\event_dispatcher.cpp:153: Profile callSystemTimers took 0.13 seconds
 WARNING    cellapp01 11700 8001  [2018-11-14 14:24:43 538] - e:\kbengine\kbe\src\server\cellapp\entity.cpp:4236: Profile onTimer took 0.11 seconds
 WARNING    cellapp01 11700 8001  [2018-11-14 14:24:43 538] - e:\kbengine\kbe\src\lib\server\serverapp.cpp:253: Profile callScriptTimers took 0.11 seconds
 WARNING    cellapp01 11700 8001  [2018-11-14 14:24:43 538] - e:\kbengine\kbe\src\server\cellapp\cellapp.cpp:245: Profile gameTick took 0.11 seconds
 WARNING    cellapp01 11700 8001  [2018-11-14 14:24:43 539] - e:\kbengine\kbe\src\lib\network\event_dispatcher.cpp:153: Profile callSystemTimers took 0.11 seconds
 WARNING    cellapp01 11700 8001  [2018-11-14 14:24:46 529] - e:\kbengine\kbe\src\server\cellapp\entity.cpp:4236: Profile onTimer took 0.10 seconds
 WARNING    cellapp01 11700 8001  [2018-11-14 14:24:46 530] - e:\kbengine\kbe\src\lib\server\serverapp.cpp:253: Profile callScriptTimers took 0.10 seconds
 WARNING    cellapp01 11700 8001  [2018-11-14 14:24:46 530] - e:\kbengine\kbe\src\server\cellapp\cellapp.cpp:245: Profile gameTick took 0.10 seconds
 WARNING    cellapp01 11700 8001  [2018-11-14 14:24:46 530] - e:\kbengine\kbe\src\lib\network\event_dispatcher.cpp:153: Profile callSystemTimers took 0.10 seconds
   DEBUG    cellapp01 11700 8001  [2018-11-14 14:25:08 529] - Account::onWriteToDB(): 2005.
 WARNING    cellapp01 11700 8001  [2018-11-14 14:25:13 248] - e:\kbengine\kbe\src\server\cellapp\entity.cpp:4236: Profile onTimer took 0.22 seconds
 WARNING    cellapp01 11700 8001  [2018-11-14 14:25:13 249] - e:\kbengine\kbe\src\lib\server\serverapp.cpp:253: Profile callScriptTimers took 0.22 seconds
 WARNING    cellapp01 11700 8001  [2018-11-14 14:25:13 249] - e:\kbengine\kbe\src\server\cellapp\cellapp.cpp:245: Profile gameTick took 0.22 seconds
 WARNING    cellapp01 11700 8001  [2018-11-14 14:25:13 250] - e:\kbengine\kbe\src\lib\network\event_dispatcher.cpp:153: Profile callSystemTimers took 0.22 seconds
 WARNING    cellapp01 11700 8001  [2018-11-14 14:25:13 250] - EntityApp::checkTickPeriod: tick took 221% (0.22 seconds)!
 WARNING    cellapp01 11700 8001  [2018-11-14 14:25:15 938] - e:\kbengine\kbe\src\server\cellapp\entity.cpp:4236: Profile onTimer took 0.11 seconds
 WARNING    cellapp01 11700 8001  [2018-11-14 14:25:15 939] - e:\kbengine\kbe\src\lib\server\serverapp.cpp:253: Profile callScriptTimers took 0.11 seconds
 WARNING    cellapp01 11700 8001  [2018-11-14 14:25:15 940] - e:\kbengine\kbe\src\server\cellapp\cellapp.cpp:245: Profile gameTick took 0.11 seconds
 WARNING    cellapp01 11700 8001  [2018-11-14 14:25:15 940] - e:\kbengine\kbe\src\lib\network\event_dispatcher.cpp:153: Profile callSystemTimers took 0.11 seconds
   S_DBG    cellapp01 11700 8001  [2018-11-14 14:25:18 234] - 游戏结束---TODO
   DEBUG    cellapp01 11700 8001  [2018-11-14 14:26:08 529] - Account::onWriteToDB(): 2002.
   DEBUG    cellapp01 11700 8001  [2018-11-14 14:27:08 529] - Account::onWriteToDB(): 2007.
   DEBUG    cellapp01 11700 8001  [2018-11-14 14:29:08 530] - Account::onWriteToDB(): 2003.
   DEBUG    cellapp01 11700 8001  [2018-11-14 14:30:08 531] - Account::onWriteToDB(): 2002.
   DEBUG    cellapp01 11700 8001  [2018-11-14 14:31:08 530] - Account::onWriteToDB(): 2007.
   DEBUG    cellapp01 11700 8001  [2018-11-14 14:33:08 531] - Account::onWriteToDB(): 2005.
   DEBUG    cellapp01 11700 8001  [2018-11-14 14:34:08 531] - Account::onWriteToDB(): 2007.
   DEBUG    cellapp01 11700 8001  [2018-11-14 14:35:08 532] - Account::onWriteToDB(): 2005.
   DEBUG    cellapp01 11700 8001  [2018-11-14 14:37:08 532] - Account::onWriteToDB(): 2003.
   DEBUG    cellapp01 11700 8001  [2018-11-14 14:38:08 532] - Account::onWriteToDB(): 2002.
   DEBUG    cellapp01 11700 8001  [2018-11-14 14:39:08 533] - Account::onWriteToDB(): 2007.
   DEBUG    cellapp01 11700 8001  [2018-11-14 14:40:08 532] - Account::onWriteToDB(): 2005.
   DEBUG    cellapp01 11700 8001  [2018-11-14 14:41:08 532] - Account::onWriteToDB(): 2002.
   DEBUG    cellapp01 11700 8001  [2018-11-14 14:43:08 533] - Account::onWriteToDB(): 2003.
   DEBUG    cellapp01 11700 8001  [2018-11-14 14:44:08 534] - Account::onWriteToDB(): 2007.
   DEBUG    cellapp01 11700 8001  [2018-11-14 14:45:08 533] - Account::onWriteToDB(): 2003.
   DEBUG    cellapp01 11700 8001  [2018-11-14 14:46:08 534] - Account::onWriteToDB(): 2002.
   DEBUG    cellapp01 11700 8001  [2018-11-14 14:48:08 534] - Account::onWriteToDB(): 2005.
   DEBUG    cellapp01 11700 8001  [2018-11-14 14:49:08 535] - Account::onWriteToDB(): 2002.
   DEBUG    cellapp01 11700 8001  [2018-11-14 14:50:08 534] - Account::onWriteToDB(): 2007.
   DEBUG    cellapp01 11700 8001  [2018-11-14 14:51:08 535] - Account::onWriteToDB(): 2003.
   DEBUG    cellapp01 11700 8001  [2018-11-14 14:53:08 536] - Account::onWriteToDB(): 2005.
   DEBUG    cellapp01 11700 8001  [2018-11-14 14:54:08 536] - Account::onWriteToDB(): 2005.
   DEBUG    cellapp01 11700 8001  [2018-11-14 14:55:08 535] - Account::onWriteToDB(): 2003.
   DEBUG    cellapp01 11700 8001  [2018-11-14 14:57:08 536] - Account::onWriteToDB(): 2002.
