    INFO      dbmgr-1 4706 4000  [2018-05-06 13:45:18 863] - -----------------------------------------------------------------------------------------


    INFO      dbmgr-1 4706 4000  [2018-05-06 13:45:20 094] - Resmgr::initialize: KBE_ROOT=E:/kbengine/
    INFO      dbmgr-1 4706 4000  [2018-05-06 13:45:20 094] - Resmgr::initialize: KBE_RES_PATH=E:/kbengine/kbe/res/;E:/kbengine/assets/;E:/kbengine/assets/scripts/;E:/kbengine/assets/res/
    INFO      dbmgr-1 4706 4000  [2018-05-06 13:45:20 094] - Resmgr::initialize: KBE_BIN_PATH=E:/kbengine/kbe/bin/server/
    INFO      dbmgr-1 4706 4000  [2018-05-06 13:45:20 541] - NetworkInterface::initialize(INTERNAL): bound to all interfaces with default route interface on 192.168.0.106 ( 192.168.0.106:50277 )
    INFO      dbmgr-1 4706 4000  [2018-05-06 13:45:20 542] - NetworkInterface::initialize(INTERNAL): address 192.168.0.106:50277, SOMAXCONN=5.
    INFO      dbmgr-1 4706 4000  [2018-05-06 13:45:20 543] - server-configs:
    INFO      dbmgr-1 4706 4000  [2018-05-06 13:45:20 543] - 	internalAddr : 192.168.0.106:50277
    INFO      dbmgr-1 4706 4000  [2018-05-06 13:45:20 543] - 	componentID : 4000
    INFO      dbmgr-1 4706 4000  [2018-05-06 13:45:20 767] - Components::findLogger: found logger, addr:192.168.0.106:50274
    INFO      dbmgr-1 4706 4000  [2018-05-06 13:45:20 767] - Components::addComponent: reset orderLog, uid=4706!
    INFO      dbmgr-1 4706 4000  [2018-05-06 13:45:20 767] - Components::addComponent[logger], uid=4706, componentID=2000, globalorderid=1, grouporderid=1, totalcount=1
    INFO      dbmgr-1 4706 4000  [2018-05-06 13:45:21 056] - ---- dbmgr Version: 2.0.0. ScriptVersion: 0.1.0. Protocol: F28F1C37BCC70CD27B77841D4A30E3D7. Config: Debug X86. Built: 15:52:44 Apr 29 2018. AppID: 4000. UID: 4706. PID: 3540 ----
    INFO      dbmgr-1 4706 4000  [2018-05-06 13:45:21 059] - Server : Intel(R) Xeon(R) CPU E3-1230 v3 @ 3.30GHz with 4194303kB RAM
    INFO      dbmgr-1 4706 4000  [2018-05-06 13:45:21 188] - ThreadPool::createThreadPool: creating  threadpool...
    INFO      dbmgr-1 4706 4000  [2018-05-06 13:45:21 197] - ThreadPool::createThreadPool: successfully(2), newThreadCount=1, normalMaxThreadCount=2, maxThreadCount=8
   DEBUG      dbmgr-1 4706 4000  [2018-05-06 13:45:23 902] - Script::install_py_dlls(): PyInit_pyexpat
   DEBUG      dbmgr-1 4706 4000  [2018-05-06 13:45:23 953] - Script::install_py_dlls(): PyInit__socket
   DEBUG      dbmgr-1 4706 4000  [2018-05-06 13:45:24 063] - Script::install_py_dlls(): PyInit__ssl
   DEBUG      dbmgr-1 4706 4000  [2018-05-06 13:45:24 409] - Script::install_py_dlls(): PyInit__hashlib
   DEBUG      dbmgr-1 4706 4000  [2018-05-06 13:45:24 433] - Script::install_py_dlls(): PyInit_select
   DEBUG      dbmgr-1 4706 4000  [2018-05-06 13:45:24 454] - Script::install_py_dlls(): PyInit__ctypes
   DEBUG      dbmgr-1 4706 4000  [2018-05-06 13:45:24 480] - Script::install_py_dlls(): PyInit__elementtree
   DEBUG      dbmgr-1 4706 4000  [2018-05-06 13:45:24 787] - Script::install_py_dlls(): PyInit_unicodedata
    INFO      dbmgr-1 4706 4000  [2018-05-06 13:45:25 458] - Script::install(): is successfully, Python=(3.4.2 (default, Apr 29 2018, 15:52:37) [MSC v.1913 32 bit (Intel)])!
    INFO      dbmgr-1 4706 4000  [2018-05-06 13:45:25 458] - Script::install(): KBExtra is successfully!
    INFO      dbmgr-1 4706 4000  [2018-05-06 13:45:25 768] - Dbmgr::initializeEnd: digest(4014798377FA6A083C8B063CDA62350C)
  S_INFO      dbmgr-1 4706 4000  [2018-05-06 13:45:25 768] - onDBMgrReady: bootstrapGroupIndex=0, bootstrapGlobalIndex=0
    INFO      dbmgr-1 4706 4000  [2018-05-06 13:45:25 834] - TelnetServer server is running on port 32000
    INFO      dbmgr-1 4706 4000  [2018-05-06 13:45:25 936] - Dbmgr::initInterfacesHandler: interfaces addr(127.0.0.1:30099), accountType:(interfaces), chargeType:(interfaces).
 WARNING      dbmgr-1 4706 4000  [2018-05-06 13:45:26 316] - DBUtil::initialize: db(default) password is not encrypted!
please use password(rsa):
D9D1AF97400F64A924FE0EC1914FE85D149CCCDB6A681A94486229F0B9E104B458740795B079B6F419D2495B6764934067C1A62E5D0570C7C090684B507EC1EC35630E701A4B2D2FB359D66B33069954F38DE6466FE5A463938EF5E3738EF8D4607CA1BFD7CF1474571DFD783CF5D1A04B791219713A34364D30B2ABC4FCAC50
   DEBUG      dbmgr-1 4706 4000  [2018-05-06 13:45:28 594] - DBInterfaceMysql::attach: connect: localhost:3306 starting...
   DEBUG      dbmgr-1 4706 4000  [2018-05-06 13:45:30 082] - DBInterfaceMysql::attach: successfully! addr: localhost:3306
    INFO      dbmgr-1 4706 4000  [2018-05-06 13:45:30 083] - DBUtil::createInterface[0x31f43c]: interface=default, dbtype=mysql, ip=localhost, port=3306, currdatabase=kbe, username=kbe, connected=yes.

    INFO      dbmgr-1 4706 4000  [2018-05-06 13:45:30 150] - ThreadPool::createThreadPool: creating  threadpool...
    INFO      dbmgr-1 4706 4000  [2018-05-06 13:45:30 151] - ThreadPool::createThreadPool: successfully(5), newThreadCount=5, normalMaxThreadCount=5, maxThreadCount=5
    INFO      dbmgr-1 4706 4000  [2018-05-06 13:45:30 464] - DBInterfaceMysql::query: successfully!
    INFO      dbmgr-1 4706 4000  [2018-05-06 13:45:30 467] - DBInterfaceMysql::query: successfully!
 WARNING      dbmgr-1 4706 4000  [2018-05-06 13:45:38 351] - e:\kbengine\kbe\src\server\dbmgr\dbmgr.cpp:275: Profile scriptCall took 12.58 seconds
    INFO      dbmgr-1 4706 4000  [2018-05-06 13:45:38 841] - ---- dbmgr is running ----
   DEBUG      dbmgr-1 4706 4000  [2018-05-06 13:45:38 899] - Components::process(): Request for the process of identity...
   DEBUG      dbmgr-1 4706 4000  [2018-05-06 13:45:30 152] - DBInterfaceMysql::attach: connect: localhost:3306 starting...
   DEBUG      dbmgr-1 4706 4000  [2018-05-06 13:45:30 153] - DBInterfaceMysql::attach: connect: localhost:3306 starting...
   DEBUG      dbmgr-1 4706 4000  [2018-05-06 13:45:30 154] - DBInterfaceMysql::attach: connect: localhost:3306 starting...
   DEBUG      dbmgr-1 4706 4000  [2018-05-06 13:45:30 155] - DBInterfaceMysql::attach: connect: localhost:3306 starting...
   DEBUG      dbmgr-1 4706 4000  [2018-05-06 13:45:30 155] - DBInterfaceMysql::attach: connect: localhost:3306 starting...
   DEBUG      dbmgr-1 4706 4000  [2018-05-06 13:45:30 162] - DBInterfaceMysql::attach: successfully! addr: localhost:3306
   DEBUG      dbmgr-1 4706 4000  [2018-05-06 13:45:30 162] - DBThread::onStart(): 0x419710!
   DEBUG      dbmgr-1 4706 4000  [2018-05-06 13:45:30 163] - DBInterfaceMysql::attach: successfully! addr: localhost:3306
   DEBUG      dbmgr-1 4706 4000  [2018-05-06 13:45:30 163] - DBInterfaceMysql::attach: successfully! addr: localhost:3306
   DEBUG      dbmgr-1 4706 4000  [2018-05-06 13:45:30 164] - DBThread::onStart(): 0x419688!
   DEBUG      dbmgr-1 4706 4000  [2018-05-06 13:45:30 164] - DBThread::onStart(): 0x419798!
   DEBUG      dbmgr-1 4706 4000  [2018-05-06 13:45:30 167] - DBInterfaceMysql::attach: successfully! addr: localhost:3306
   DEBUG      dbmgr-1 4706 4000  [2018-05-06 13:45:30 167] - DBThread::onStart(): 0x419820!
   DEBUG      dbmgr-1 4706 4000  [2018-05-06 13:45:30 168] - DBInterfaceMysql::attach: successfully! addr: localhost:3306
   DEBUG      dbmgr-1 4706 4000  [2018-05-06 13:45:30 168] - DBThread::onStart(): 0x419600!
    INFO      dbmgr-1 4706 4000  [2018-05-06 13:45:30 779] - DBInterfaceMysql::query: successfully!
    INFO      dbmgr-1 4706 4000  [2018-05-06 13:45:31 065] - DBInterfaceMysql::query: successfully!
 WARNING      dbmgr-1 4706 4000  [2018-05-06 13:45:31 095] - DBTask::process(): took 0.56 seconds
sql:(insert into kbe_serverlog (heartbeatTime, logger) values(1525585530,4000) ON DUPLICATE KEY UPDATE heartbeatTime=1525585530)
    INFO      dbmgr-1 4706 4000  [2018-05-06 13:45:31 109] - DBInterfaceMysql::query: successfully!
 WARNING      dbmgr-1 4706 4000  [2018-05-06 13:45:31 110] - DBTask::process(): took 0.64 seconds
sql:(delete from kbe_entitylog where logger in (4000))
    INFO      dbmgr-1 4706 4000  [2018-05-06 13:45:31 154] - DBInterfaceMysql::query: successfully!
    INFO      dbmgr-1 4706 4000  [2018-05-06 13:45:31 172] - DBInterfaceMysql::query: successfully!
    INFO      dbmgr-1 4706 4000  [2018-05-06 13:45:31 173] - DBInterfaceMysql::query: successfully!
    INFO      dbmgr-1 4706 4000  [2018-05-06 13:45:31 173] - DBInterfaceMysql::query: successfully!
 WARNING      dbmgr-1 4706 4000  [2018-05-06 13:45:31 174] - DBTask::process(): took 0.70 seconds
sql:(delete from kbe_email_verification where logtime<1525581931 and type=3)
    INFO      dbmgr-1 4706 4000  [2018-05-06 13:45:31 178] - DBInterfaceMysql::query: successfully!
 WARNING      dbmgr-1 4706 4000  [2018-05-06 13:45:31 179] - DBTask::process(): took 0.71 seconds
sql:(CREATE TABLE IF NOT EXISTS kbe_accountinfos (`accountName` varchar(128) not null, PRIMARY KEY idKey (`accountName`),`password` varchar(255),`bindata` blob,`email` varchar(191) not null, UNIQUE KEY `email` (`email`),`entityDBID` bigint(20) unsigned not null DEFAULT 0, UNIQUE KEY `entityDBID` (`entityDBID`),`flags` int unsigned not null DEFAULT 0,`deadline` bigint(20) not null DEFAULT 0,`regtime` bigint(20) not null DEFAULT 0,`lasttime` bigint(20) not null DEFAULT 0,`numlogin` int unsigned not null DEFAULT 0)ENGINE=InnoDB)
   DEBUG      dbmgr-1 4706 4000  [2018-05-06 13:45:31 706] - syncToDB(): CheckName->sm_autoLoad(tinyint not null DEFAULT 0).
   DEBUG      dbmgr-1 4706 4000  [2018-05-06 13:45:31 913] - syncToDB(): Account->sm_playerName_base(varchar(255) not null DEFAULT '').
   DEBUG      dbmgr-1 4706 4000  [2018-05-06 13:45:33 592] - syncToDB(): Account->sm_playerID_base(varchar(255) not null DEFAULT '').
    INFO      dbmgr-1 4706 4000  [2018-05-06 13:45:35 459] - DBInterfaceMysql::query: successfully!
   DEBUG      dbmgr-1 4706 4000  [2018-05-06 13:45:35 459] - syncToDB(): Account->sm_playerID(smallint unsigned not null DEFAULT 0).
   DEBUG      dbmgr-1 4706 4000  [2018-05-06 13:45:35 460] - syncToDB(): CheckName->sm_playerName(varchar(255) not null DEFAULT '').
   DEBUG      dbmgr-1 4706 4000  [2018-05-06 13:45:37 149] - syncToDB(): Account->sm_isNewPlayer(tinyint unsigned not null DEFAULT 1).
   ERROR      dbmgr-1 4706 4000  [2018-05-06 13:45:37 150] - EntityTableMysql::syncIndexToDB(): INDEX(playerName) without a key length, *.def-><playerName>-><DatabaseLength> ? </DatabaseLength>
    INFO      dbmgr-1 4706 4000  [2018-05-06 13:45:38 336] - DBInterfaceMysql::query: successfully!
 WARNING      dbmgr-1 4706 4000  [2018-05-06 13:45:38 336] - DBTask::process(): took 7.87 seconds
sql:(ALTER TABLE tbl_CheckName ADD UNIQUE sm_playerName(sm_playerName))
 WARNING      dbmgr-1 4706 4000  [2018-05-06 13:45:38 337] - DBTask::process(): took 7.24 seconds
sql:(show index from tbl_Account)
    INFO      dbmgr-1 4706 4000  [2018-05-06 13:45:45 088] - ServerApp::onRegisterNewApp: uid:4706, username:, componentType:cellappmgr, componentID:6000, globalorderID=-1, grouporderID=-1, intaddr:192.168.0.106, intport:50275, extaddr:nonsupport, extport:0,  from 192.168.0.106:50295/0/0/0.
    INFO      dbmgr-1 4706 4000  [2018-05-06 13:45:45 088] - Components::addComponent: reset orderLog, uid=4706!
    INFO      dbmgr-1 4706 4000  [2018-05-06 13:45:45 088] - Components::addComponent[cellappmgr], uid=4706, componentID=6000, globalorderid=1, grouporderid=1, totalcount=1
    INFO      dbmgr-1 4706 4000  [2018-05-06 13:45:45 088] - ServerApp::onRegisterNewApp: uid:4706, username:, componentType:baseappmgr, componentID:5000, globalorderID=-1, grouporderID=-1, intaddr:192.168.0.106, intport:50279, extaddr:nonsupport, extport:0,  from 192.168.0.106:50297/0/0/0.
    INFO      dbmgr-1 4706 4000  [2018-05-06 13:45:45 088] - Components::addComponent[baseappmgr], uid=4706, componentID=5000, globalorderid=2, grouporderid=1, totalcount=1
    INFO      dbmgr-1 4706 4000  [2018-05-06 13:45:46 107] - Components::process(): Found all the components!
    INFO      dbmgr-1 4706 4000  [2018-05-06 13:45:50 387] - ServerApp::onRegisterNewApp: uid:4706, username:, componentType:loginapp, componentID:9000, globalorderID=-1, grouporderID=-1, intaddr:192.168.0.106, intport:50283, extaddr:192.168.0.106, extport:20013,  from 192.168.0.106:50299/0/0/0.
    INFO      dbmgr-1 4706 4000  [2018-05-06 13:45:50 387] - Components::addComponent[loginapp], uid=4706, componentID=9000, globalorderid=3, grouporderid=1, totalcount=1
   DEBUG      dbmgr-1 4706 4000  [2018-05-06 13:45:53 408] - SyncAppDatasHandler::~SyncAppDatasHandler()
    INFO      dbmgr-1 4706 4000  [2018-05-06 13:45:54 528] - ServerApp::onRegisterNewApp: uid:4706, username:, componentType:cellapp, componentID:8001, globalorderID=-1, grouporderID=-1, intaddr:192.168.0.106, intport:50286, extaddr:nonsupport, extport:0,  from 192.168.0.106:50301/0/0/0.
    INFO      dbmgr-1 4706 4000  [2018-05-06 13:45:54 528] - Components::addComponent[cellapp], uid=4706, componentID=8001, globalorderid=4, grouporderid=1, totalcount=1
    INFO      dbmgr-1 4706 4000  [2018-05-06 13:45:55 748] - ServerApp::onRegisterNewApp: uid:4706, username:, componentType:baseapp, componentID:7001, globalorderID=-1, grouporderID=-1, intaddr:192.168.0.106, intport:50293, extaddr:192.168.0.106, extport:20015,  from 192.168.0.106:50304/0/0/0.
    INFO      dbmgr-1 4706 4000  [2018-05-06 13:45:55 748] - Components::addComponent[baseapp], uid=4706, componentID=7001, globalorderid=5, grouporderid=1, totalcount=1
    INFO      dbmgr-1 4706 4000  [2018-05-06 13:45:58 762] - IDServer::allocRange: 1-2001.
    INFO      dbmgr-1 4706 4000  [2018-05-06 13:45:58 762] - IDServer::allocRange: 2001-4001.
   DEBUG      dbmgr-1 4706 4000  [2018-05-06 13:45:58 762] - SyncAppDatasHandler::~SyncAppDatasHandler()
    INFO      dbmgr-1 4915 4000  [2018-05-06 13:46:07 115] - -----------------------------------------------------------------------------------------


    INFO      dbmgr-1 4915 4000  [2018-05-06 13:46:07 116] - Resmgr::initialize: KBE_ROOT=E:/kbengine/
    INFO      dbmgr-1 4915 4000  [2018-05-06 13:46:07 116] - Resmgr::initialize: KBE_RES_PATH=E:/kbengine/kbe/res/;E:/kbengine/assets/;E:/kbengine/assets/scripts/;E:/kbengine/assets/res/
    INFO      dbmgr-1 4915 4000  [2018-05-06 13:46:07 116] - Resmgr::initialize: KBE_BIN_PATH=E:/kbengine/kbe/bin/server/
    INFO      dbmgr-1 4915 4000  [2018-05-06 13:46:07 124] - NetworkInterface::initialize(INTERNAL): bound to all interfaces with default route interface on 192.168.0.106 ( 192.168.0.106:50310 )
    INFO      dbmgr-1 4915 4000  [2018-05-06 13:46:07 124] - NetworkInterface::initialize(INTERNAL): address 192.168.0.106:50310, SOMAXCONN=5.
    INFO      dbmgr-1 4915 4000  [2018-05-06 13:46:07 124] - server-configs:
    INFO      dbmgr-1 4915 4000  [2018-05-06 13:46:07 124] - 	internalAddr : 192.168.0.106:50310
    INFO      dbmgr-1 4915 4000  [2018-05-06 13:46:07 124] - 	componentID : 4000
    INFO      dbmgr-1 4915 4000  [2018-05-06 13:46:08 634] - ---- dbmgr Version: 2.0.0. ScriptVersion: 0.1.0. Protocol: F28F1C37BCC70CD27B77841D4A30E3D7. Config: Debug X86. Built: 15:52:44 Apr 29 2018. AppID: 4000. UID: 4915. PID: 8380 ----
    INFO      dbmgr-1 4915 4000  [2018-05-06 13:46:08 635] - Server : Intel(R) Xeon(R) CPU E3-1230 v3 @ 3.30GHz with 4194303kB RAM
    INFO      dbmgr-1 4915 4000  [2018-05-06 13:46:08 635] - ThreadPool::createThreadPool: creating  threadpool...
    INFO      dbmgr-1 4915 4000  [2018-05-06 13:46:08 637] - ThreadPool::createThreadPool: successfully(2), newThreadCount=1, normalMaxThreadCount=2, maxThreadCount=8
   DEBUG      dbmgr-1 4915 4000  [2018-05-06 13:46:08 771] - Script::install_py_dlls(): PyInit_pyexpat
   DEBUG      dbmgr-1 4915 4000  [2018-05-06 13:46:08 771] - Script::install_py_dlls(): PyInit__socket
   DEBUG      dbmgr-1 4915 4000  [2018-05-06 13:46:08 771] - Script::install_py_dlls(): PyInit__ssl
   DEBUG      dbmgr-1 4915 4000  [2018-05-06 13:46:08 775] - Script::install_py_dlls(): PyInit__hashlib
   DEBUG      dbmgr-1 4915 4000  [2018-05-06 13:46:08 775] - Script::install_py_dlls(): PyInit_select
   DEBUG      dbmgr-1 4915 4000  [2018-05-06 13:46:08 775] - Script::install_py_dlls(): PyInit__ctypes
   DEBUG      dbmgr-1 4915 4000  [2018-05-06 13:46:08 776] - Script::install_py_dlls(): PyInit__elementtree
   DEBUG      dbmgr-1 4915 4000  [2018-05-06 13:46:08 805] - Script::install_py_dlls(): PyInit_unicodedata
    INFO      dbmgr-1 4915 4000  [2018-05-06 13:46:08 832] - Script::install(): is successfully, Python=(3.4.2 (default, Apr 29 2018, 15:52:37) [MSC v.1913 32 bit (Intel)])!
    INFO      dbmgr-1 4915 4000  [2018-05-06 13:46:08 832] - Script::install(): KBExtra is successfully!
    INFO      dbmgr-1 4915 4000  [2018-05-06 13:46:08 839] - Dbmgr::initializeEnd: digest(4014798377FA6A083C8B063CDA62350C)
  S_INFO      dbmgr-1 4915 4000  [2018-05-06 13:46:08 839] - onDBMgrReady: bootstrapGroupIndex=0, bootstrapGlobalIndex=0
    INFO      dbmgr-1 4915 4000  [2018-05-06 13:46:08 839] - TelnetServer server is running on port 32000
    INFO      dbmgr-1 4915 4000  [2018-05-06 13:46:08 840] - Dbmgr::initInterfacesHandler: interfaces addr(127.0.0.1:30099), accountType:(interfaces), chargeType:(interfaces).
 WARNING      dbmgr-1 4915 4000  [2018-05-06 13:46:09 114] - DBUtil::initialize: db(default) password is not encrypted!
please use password(rsa):
99C242277DCD808D3D2E6EE05578E7EC749827C9F5000889FD6C9F49B37C584892AC15A4C2FE550E4E153465DC3011DB9353E91A117BD07FFF25888013499F08543AD1EF51EC0E571627EC602FDE983F39424C04BB63E7095B80F8A7AA12CA9C3691D4EB892226F8C9E0AF6F3F3DDD09F8EB835504A7CF72ACF5A611E9698F2B
   DEBUG      dbmgr-1 4915 4000  [2018-05-06 13:46:09 116] - DBInterfaceMysql::attach: connect: localhost:3306 starting...
   DEBUG      dbmgr-1 4915 4000  [2018-05-06 13:46:09 118] - DBInterfaceMysql::attach: successfully! addr: localhost:3306
    INFO      dbmgr-1 4915 4000  [2018-05-06 13:46:09 118] - DBUtil::createInterface[0x41f140]: interface=default, dbtype=mysql, ip=localhost, port=3306, currdatabase=kbe, username=kbe, connected=yes.

    INFO      dbmgr-1 4915 4000  [2018-05-06 13:46:09 118] - ThreadPool::createThreadPool: creating  threadpool...
    INFO      dbmgr-1 4915 4000  [2018-05-06 13:46:09 119] - ThreadPool::createThreadPool: successfully(5), newThreadCount=5, normalMaxThreadCount=5, maxThreadCount=5
    INFO      dbmgr-1 4915 4000  [2018-05-06 13:46:09 220] - DBInterfaceMysql::query: successfully!
    INFO      dbmgr-1 4915 4000  [2018-05-06 13:46:09 222] - DBInterfaceMysql::query: successfully!
 WARNING      dbmgr-1 4915 4000  [2018-05-06 13:46:09 272] - e:\kbengine\kbe\src\server\dbmgr\dbmgr.cpp:275: Profile scriptCall took 0.43 seconds
    INFO      dbmgr-1 4915 4000  [2018-05-06 13:46:09 574] - ---- dbmgr is running ----
   DEBUG      dbmgr-1 4915 4000  [2018-05-06 13:46:09 574] - Components::process(): Request for the process of identity...
   DEBUG      dbmgr-1 4915 4000  [2018-05-06 13:46:09 118] - DBInterfaceMysql::attach: connect: localhost:3306 starting...
   DEBUG      dbmgr-1 4915 4000  [2018-05-06 13:46:09 118] - DBInterfaceMysql::attach: connect: localhost:3306 starting...
   DEBUG      dbmgr-1 4915 4000  [2018-05-06 13:46:09 119] - DBInterfaceMysql::attach: connect: localhost:3306 starting...
   DEBUG      dbmgr-1 4915 4000  [2018-05-06 13:46:09 119] - DBInterfaceMysql::attach: connect: localhost:3306 starting...
   DEBUG      dbmgr-1 4915 4000  [2018-05-06 13:46:09 119] - DBInterfaceMysql::attach: connect: localhost:3306 starting...
   DEBUG      dbmgr-1 4915 4000  [2018-05-06 13:46:09 120] - DBInterfaceMysql::attach: successfully! addr: localhost:3306
   DEBUG      dbmgr-1 4915 4000  [2018-05-06 13:46:09 120] - DBThread::onStart(): 0x879650!
   DEBUG      dbmgr-1 4915 4000  [2018-05-06 13:46:09 120] - DBInterfaceMysql::attach: successfully! addr: localhost:3306
   DEBUG      dbmgr-1 4915 4000  [2018-05-06 13:46:09 120] - DBThread::onStart(): 0x8796d8!
   DEBUG      dbmgr-1 4915 4000  [2018-05-06 13:46:09 120] - DBInterfaceMysql::attach: successfully! addr: localhost:3306
   DEBUG      dbmgr-1 4915 4000  [2018-05-06 13:46:09 120] - DBThread::onStart(): 0x8795c8!
   DEBUG      dbmgr-1 4915 4000  [2018-05-06 13:46:09 121] - DBInterfaceMysql::attach: successfully! addr: localhost:3306
   DEBUG      dbmgr-1 4915 4000  [2018-05-06 13:46:09 121] - DBThread::onStart(): 0x879760!
   DEBUG      dbmgr-1 4915 4000  [2018-05-06 13:46:09 121] - DBInterfaceMysql::attach: successfully! addr: localhost:3306
   DEBUG      dbmgr-1 4915 4000  [2018-05-06 13:46:09 121] - DBThread::onStart(): 0x8797e8!
    INFO      dbmgr-1 4915 4000  [2018-05-06 13:46:09 222] - DBInterfaceMysql::query: successfully!
    INFO      dbmgr-1 4915 4000  [2018-05-06 13:46:09 222] - DBInterfaceMysql::query: successfully!
    INFO      dbmgr-1 4915 4000  [2018-05-06 13:46:09 223] - DBInterfaceMysql::query: successfully!
    INFO      dbmgr-1 4915 4000  [2018-05-06 13:46:09 223] - DBInterfaceMysql::query: successfully!
    INFO      dbmgr-1 4915 4000  [2018-05-06 13:46:09 223] - DBInterfaceMysql::query: successfully!
    INFO      dbmgr-1 4915 4000  [2018-05-06 13:46:09 223] - DBInterfaceMysql::query: successfully!
    INFO      dbmgr-1 4915 4000  [2018-05-06 13:46:09 223] - DBInterfaceMysql::query: successfully!
    INFO      dbmgr-1 4915 4000  [2018-05-06 13:46:09 224] - DBInterfaceMysql::query: successfully!
    INFO      dbmgr-1 4915 4000  [2018-05-06 13:46:16 700] - Components::findComponents: find logger(1)...
    INFO      dbmgr-1 4915 4000  [2018-05-06 13:46:16 770] - Components::findComponents: found logger, addr:192.168.0.106:50316
    INFO      dbmgr-1 4915 4000  [2018-05-06 13:46:16 771] - Components::addComponent: reset orderLog, uid=4915!
    INFO      dbmgr-1 4915 4000  [2018-05-06 13:46:16 772] - Components::addComponent[logger], uid=4915, componentID=2000, globalorderid=1, grouporderid=1, totalcount=1
    INFO      dbmgr-1 4915 4000  [2018-05-06 13:46:16 800] - Components::process(): Found all the components!
    INFO      dbmgr-1 4915 4000  [2018-05-06 13:46:19 219] - ServerApp::onRegisterNewApp: uid:4915, username:, componentType:baseappmgr, componentID:5000, globalorderID=-1, grouporderID=-1, intaddr:192.168.0.106, intport:50309, extaddr:nonsupport, extport:0,  from 192.168.0.106:50343/0/0/0.
    INFO      dbmgr-1 4915 4000  [2018-05-06 13:46:19 220] - Components::addComponent: reset orderLog, uid=4915!
    INFO      dbmgr-1 4915 4000  [2018-05-06 13:46:19 220] - Components::addComponent[baseappmgr], uid=4915, componentID=5000, globalorderid=1, grouporderid=1, totalcount=1
    INFO      dbmgr-1 4915 4000  [2018-05-06 13:46:19 540] - ServerApp::onRegisterNewApp: uid:4915, username:, componentType:cellappmgr, componentID:6000, globalorderID=-1, grouporderID=-1, intaddr:192.168.0.106, intport:50312, extaddr:nonsupport, extport:0,  from 192.168.0.106:50346/0/0/0.
    INFO      dbmgr-1 4915 4000  [2018-05-06 13:46:19 540] - Components::addComponent[cellappmgr], uid=4915, componentID=6000, globalorderid=2, grouporderid=1, totalcount=1
    INFO      dbmgr-1 4915 4000  [2018-05-06 13:46:20 640] - ServerApp::onRegisterNewApp: uid:4915, username:, componentType:loginapp, componentID:9000, globalorderID=-1, grouporderID=-1, intaddr:192.168.0.106, intport:50313, extaddr:192.168.0.106, extport:20013,  from 192.168.0.106:50349/0/0/0.
    INFO      dbmgr-1 4915 4000  [2018-05-06 13:46:20 640] - Components::addComponent[loginapp], uid=4915, componentID=9000, globalorderid=3, grouporderid=1, totalcount=1
    INFO      dbmgr-1 4915 4000  [2018-05-06 13:46:21 540] - ServerApp::onRegisterNewApp: uid:4915, username:, componentType:cellapp, componentID:8001, globalorderID=-1, grouporderID=-1, intaddr:192.168.0.106, intport:50311, extaddr:nonsupport, extport:0,  from 192.168.0.106:50351/0/0/0.
    INFO      dbmgr-1 4915 4000  [2018-05-06 13:46:21 540] - Components::addComponent[cellapp], uid=4915, componentID=8001, globalorderid=4, grouporderid=1, totalcount=1
    INFO      dbmgr-1 4915 4000  [2018-05-06 13:46:24 240] - ServerApp::onRegisterNewApp: uid:4915, username:, componentType:baseapp, componentID:7001, globalorderID=-1, grouporderID=-1, intaddr:192.168.0.106, intport:50314, extaddr:192.168.0.106, extport:20015,  from 192.168.0.106:50354/0/0/0.
    INFO      dbmgr-1 4915 4000  [2018-05-06 13:46:24 240] - Components::addComponent[baseapp], uid=4915, componentID=7001, globalorderid=5, grouporderid=1, totalcount=1
    INFO      dbmgr-1 4915 4000  [2018-05-06 13:46:27 260] - IDServer::allocRange: 1-2001.
    INFO      dbmgr-1 4915 4000  [2018-05-06 13:46:27 260] - IDServer::allocRange: 2001-4001.
   DEBUG      dbmgr-1 4915 4000  [2018-05-06 13:46:27 260] - SyncAppDatasHandler::~SyncAppDatasHandler()
   DEBUG      dbmgr-1 4915 4000  [2018-05-06 13:46:49 780] - Dbmgr::onAccountLogin:loginName=qq, accountName=qq, success=0, componentID=0, entityID=0, dbid=2, flags=0, deadline=0.
    INFO      dbmgr-1 4915 4000  [2018-05-06 13:46:49 734] - DBTaskAccountLogin::db_thread_process(): not found account[qq], autocreate successfully!
   DEBUG      dbmgr-1 4915 4000  [2018-05-06 13:46:50 160] - Dbmgr::queryAccount: qq, success=1, flags=0, deadline=0.
   DEBUG      dbmgr-1 4915 4000  [2018-05-06 13:46:50 600] - Dbmgr::writeEntity: CheckName(1).
    INFO      dbmgr-1 6858 4000  [2018-05-06 13:56:01 774] - -----------------------------------------------------------------------------------------


    INFO      dbmgr-1 6858 4000  [2018-05-06 13:56:01 775] - Resmgr::initialize: KBE_ROOT=E:/kbengine/
    INFO      dbmgr-1 6858 4000  [2018-05-06 13:56:01 775] - Resmgr::initialize: KBE_RES_PATH=E:/kbengine/kbe/res/;E:/kbengine/assets/;E:/kbengine/assets/scripts/;E:/kbengine/assets/res/
    INFO      dbmgr-1 6858 4000  [2018-05-06 13:56:01 775] - Resmgr::initialize: KBE_BIN_PATH=E:/kbengine/kbe/bin/server/
    INFO      dbmgr-1 6858 4000  [2018-05-06 13:56:01 785] - NetworkInterface::initialize(INTERNAL): bound to all interfaces with default route interface on 192.168.0.106 ( 192.168.0.106:50585 )
    INFO      dbmgr-1 6858 4000  [2018-05-06 13:56:01 785] - NetworkInterface::initialize(INTERNAL): address 192.168.0.106:50585, SOMAXCONN=5.
    INFO      dbmgr-1 6858 4000  [2018-05-06 13:56:01 785] - server-configs:
    INFO      dbmgr-1 6858 4000  [2018-05-06 13:56:01 785] - 	internalAddr : 192.168.0.106:50585
    INFO      dbmgr-1 6858 4000  [2018-05-06 13:56:01 785] - 	componentID : 4000
    INFO      dbmgr-1 6858 4000  [2018-05-06 13:56:03 293] - ---- dbmgr Version: 2.0.0. ScriptVersion: 0.1.0. Protocol: F28F1C37BCC70CD27B77841D4A30E3D7. Config: Debug X86. Built: 15:52:44 Apr 29 2018. AppID: 4000. UID: 6858. PID: 11984 ----
    INFO      dbmgr-1 6858 4000  [2018-05-06 13:56:03 294] - Server : Intel(R) Xeon(R) CPU E3-1230 v3 @ 3.30GHz with 4194303kB RAM
    INFO      dbmgr-1 6858 4000  [2018-05-06 13:56:03 294] - ThreadPool::createThreadPool: creating  threadpool...
    INFO      dbmgr-1 6858 4000  [2018-05-06 13:56:03 295] - ThreadPool::createThreadPool: successfully(2), newThreadCount=1, normalMaxThreadCount=2, maxThreadCount=8
   DEBUG      dbmgr-1 6858 4000  [2018-05-06 13:56:03 468] - Script::install_py_dlls(): PyInit_pyexpat
   DEBUG      dbmgr-1 6858 4000  [2018-05-06 13:56:03 468] - Script::install_py_dlls(): PyInit__socket
   DEBUG      dbmgr-1 6858 4000  [2018-05-06 13:56:03 468] - Script::install_py_dlls(): PyInit__ssl
   DEBUG      dbmgr-1 6858 4000  [2018-05-06 13:56:03 472] - Script::install_py_dlls(): PyInit__hashlib
   DEBUG      dbmgr-1 6858 4000  [2018-05-06 13:56:03 472] - Script::install_py_dlls(): PyInit_select
   DEBUG      dbmgr-1 6858 4000  [2018-05-06 13:56:03 472] - Script::install_py_dlls(): PyInit__ctypes
   DEBUG      dbmgr-1 6858 4000  [2018-05-06 13:56:03 473] - Script::install_py_dlls(): PyInit__elementtree
   DEBUG      dbmgr-1 6858 4000  [2018-05-06 13:56:03 500] - Script::install_py_dlls(): PyInit_unicodedata
    INFO      dbmgr-1 6858 4000  [2018-05-06 13:56:03 526] - Script::install(): is successfully, Python=(3.4.2 (default, Apr 29 2018, 15:52:37) [MSC v.1913 32 bit (Intel)])!
    INFO      dbmgr-1 6858 4000  [2018-05-06 13:56:03 526] - Script::install(): KBExtra is successfully!
    INFO      dbmgr-1 6858 4000  [2018-05-06 13:56:03 533] - Dbmgr::initializeEnd: digest(A31C5E2451836DC1934D7B06B6ED9B47)
  S_INFO      dbmgr-1 6858 4000  [2018-05-06 13:56:03 533] - onDBMgrReady: bootstrapGroupIndex=0, bootstrapGlobalIndex=0
    INFO      dbmgr-1 6858 4000  [2018-05-06 13:56:03 534] - TelnetServer server is running on port 32000
    INFO      dbmgr-1 6858 4000  [2018-05-06 13:56:03 534] - Dbmgr::initInterfacesHandler: interfaces addr(127.0.0.1:30099), accountType:(interfaces), chargeType:(interfaces).
 WARNING      dbmgr-1 6858 4000  [2018-05-06 13:56:03 823] - DBUtil::initialize: db(default) password is not encrypted!
please use password(rsa):
A90E3385DC2BBEEF90588EADA1997F4B4AE01A6C4198071F76C280F341E1041303F5582DE2B53AFE61A6BD0DFDAD0A676D1856478A41E6B207FF6B715007B6C8F5321AB49AF462490083C6782A90AEFF8CA7D0EF14901AAE6E6150CFA662CC17A31D2730CCCE720D602DD6AB88D196B1391ABFB9EEE4303D38313AB6D56688E1
   DEBUG      dbmgr-1 6858 4000  [2018-05-06 13:56:03 824] - DBInterfaceMysql::attach: connect: localhost:3306 starting...
   DEBUG      dbmgr-1 6858 4000  [2018-05-06 13:56:03 826] - DBInterfaceMysql::attach: successfully! addr: localhost:3306
    INFO      dbmgr-1 6858 4000  [2018-05-06 13:56:03 826] - DBUtil::createInterface[0x14f224]: interface=default, dbtype=mysql, ip=localhost, port=3306, currdatabase=kbe, username=kbe, connected=yes.

    INFO      dbmgr-1 6858 4000  [2018-05-06 13:56:03 826] - ThreadPool::createThreadPool: creating  threadpool...
    INFO      dbmgr-1 6858 4000  [2018-05-06 13:56:03 827] - ThreadPool::createThreadPool: successfully(5), newThreadCount=5, normalMaxThreadCount=5, maxThreadCount=5
    INFO      dbmgr-1 6858 4000  [2018-05-06 13:56:03 928] - DBInterfaceMysql::query: successfully!
    INFO      dbmgr-1 6858 4000  [2018-05-06 13:56:03 929] - DBInterfaceMysql::query: successfully!
 WARNING      dbmgr-1 6858 4000  [2018-05-06 13:56:06 762] - e:\kbengine\kbe\src\server\dbmgr\dbmgr.cpp:275: Profile scriptCall took 3.23 seconds
    INFO      dbmgr-1 6858 4000  [2018-05-06 13:56:07 134] - ---- dbmgr is running ----
   DEBUG      dbmgr-1 6858 4000  [2018-05-06 13:56:07 135] - Components::process(): Request for the process of identity...
   DEBUG      dbmgr-1 6858 4000  [2018-05-06 13:56:03 827] - DBInterfaceMysql::attach: connect: localhost:3306 starting...
   DEBUG      dbmgr-1 6858 4000  [2018-05-06 13:56:03 827] - DBInterfaceMysql::attach: connect: localhost:3306 starting...
   DEBUG      dbmgr-1 6858 4000  [2018-05-06 13:56:03 827] - DBInterfaceMysql::attach: connect: localhost:3306 starting...
   DEBUG      dbmgr-1 6858 4000  [2018-05-06 13:56:03 828] - DBInterfaceMysql::attach: connect: localhost:3306 starting...
   DEBUG      dbmgr-1 6858 4000  [2018-05-06 13:56:03 828] - DBInterfaceMysql::attach: connect: localhost:3306 starting...
   DEBUG      dbmgr-1 6858 4000  [2018-05-06 13:56:03 828] - DBInterfaceMysql::attach: successfully! addr: localhost:3306
   DEBUG      dbmgr-1 6858 4000  [2018-05-06 13:56:03 828] - DBThread::onStart(): 0x6594f0!
   DEBUG      dbmgr-1 6858 4000  [2018-05-06 13:56:03 828] - DBInterfaceMysql::attach: successfully! addr: localhost:3306
   DEBUG      dbmgr-1 6858 4000  [2018-05-06 13:56:03 828] - DBThread::onStart(): 0x659600!
   DEBUG      dbmgr-1 6858 4000  [2018-05-06 13:56:03 829] - DBInterfaceMysql::attach: successfully! addr: localhost:3306
   DEBUG      dbmgr-1 6858 4000  [2018-05-06 13:56:03 829] - DBThread::onStart(): 0x659578!
   DEBUG      dbmgr-1 6858 4000  [2018-05-06 13:56:03 829] - DBInterfaceMysql::attach: successfully! addr: localhost:3306
   DEBUG      dbmgr-1 6858 4000  [2018-05-06 13:56:03 829] - DBThread::onStart(): 0x659710!
   DEBUG      dbmgr-1 6858 4000  [2018-05-06 13:56:03 829] - DBInterfaceMysql::attach: successfully! addr: localhost:3306
   DEBUG      dbmgr-1 6858 4000  [2018-05-06 13:56:03 829] - DBThread::onStart(): 0x659688!
    INFO      dbmgr-1 6858 4000  [2018-05-06 13:56:03 930] - DBInterfaceMysql::query: successfully!
    INFO      dbmgr-1 6858 4000  [2018-05-06 13:56:03 930] - DBInterfaceMysql::query: successfully!
    INFO      dbmgr-1 6858 4000  [2018-05-06 13:56:03 930] - DBInterfaceMysql::query: successfully!
    INFO      dbmgr-1 6858 4000  [2018-05-06 13:56:03 930] - DBInterfaceMysql::query: successfully!
    INFO      dbmgr-1 6858 4000  [2018-05-06 13:56:03 930] - DBInterfaceMysql::query: successfully!
    INFO      dbmgr-1 6858 4000  [2018-05-06 13:56:03 931] - DBInterfaceMysql::query: successfully!
    INFO      dbmgr-1 6858 4000  [2018-05-06 13:56:03 931] - DBInterfaceMysql::query: successfully!
   DEBUG      dbmgr-1 6858 4000  [2018-05-06 13:56:03 931] - syncToDB(): Account->sm_playerID_base(smallint unsigned not null DEFAULT 0).
    INFO      dbmgr-1 6858 4000  [2018-05-06 13:56:03 931] - DBInterfaceMysql::query: successfully!
   DEBUG      dbmgr-1 6858 4000  [2018-05-06 13:56:04 745] - syncToDB(): Account->sm_0_position(float not null DEFAULT 0).
   DEBUG      dbmgr-1 6858 4000  [2018-05-06 13:56:05 062] - syncToDB(): Account->sm_1_position(float not null DEFAULT 0).
   DEBUG      dbmgr-1 6858 4000  [2018-05-06 13:56:05 397] - syncToDB(): Account->sm_2_position(float not null DEFAULT 0).
   DEBUG      dbmgr-1 6858 4000  [2018-05-06 13:56:05 699] - syncToDB(): Account->sm_0_direction(float not null DEFAULT 0).
   DEBUG      dbmgr-1 6858 4000  [2018-05-06 13:56:06 016] - syncToDB(): Account->sm_1_direction(float not null DEFAULT 0).
   DEBUG      dbmgr-1 6858 4000  [2018-05-06 13:56:06 401] - syncToDB(): Account->sm_2_direction(float not null DEFAULT 0).
 WARNING      dbmgr-1 6858 4000  [2018-05-06 13:56:06 741] - DBTask::process(): took 2.81 seconds
sql:(show index from tbl_Account)
    INFO      dbmgr-1 6858 4000  [2018-05-06 13:56:13 776] - ServerApp::onRegisterNewApp: uid:6858, username:, componentType:cellappmgr, componentID:6000, globalorderID=-1, grouporderID=-1, intaddr:192.168.0.106, intport:50587, extaddr:nonsupport, extport:0,  from 192.168.0.106:50605/0/0/0.
    INFO      dbmgr-1 6858 4000  [2018-05-06 13:56:13 776] - Components::addComponent: reset orderLog, uid=6858!
    INFO      dbmgr-1 6858 4000  [2018-05-06 13:56:13 777] - Components::addComponent[cellappmgr], uid=6858, componentID=6000, globalorderid=1, grouporderid=1, totalcount=1
    INFO      dbmgr-1 6858 4000  [2018-05-06 13:56:14 175] - ServerApp::onRegisterNewApp: uid:6858, username:, componentType:baseappmgr, componentID:5000, globalorderID=-1, grouporderID=-1, intaddr:192.168.0.106, intport:50588, extaddr:nonsupport, extport:0,  from 192.168.0.106:50607/0/0/0.
    INFO      dbmgr-1 6858 4000  [2018-05-06 13:56:14 176] - Components::addComponent[baseappmgr], uid=6858, componentID=5000, globalorderid=2, grouporderid=1, totalcount=1
    INFO      dbmgr-1 6858 4000  [2018-05-06 13:56:14 254] - Components::findComponents: find logger(1)...
    INFO      dbmgr-1 6858 4000  [2018-05-06 13:56:14 329] - Components::findComponents: found logger, addr:192.168.0.106:50586
    INFO      dbmgr-1 6858 4000  [2018-05-06 13:56:14 330] - Components::addComponent[logger], uid=6858, componentID=2000, globalorderid=3, grouporderid=1, totalcount=1
    INFO      dbmgr-1 6858 4000  [2018-05-06 13:56:14 354] - Components::process(): Found all the components!
    INFO      dbmgr-1 6858 4000  [2018-05-06 13:56:14 494] - ServerApp::onRegisterNewApp: uid:6858, username:, componentType:loginapp, componentID:9000, globalorderID=-1, grouporderID=-1, intaddr:192.168.0.106, intport:50589, extaddr:192.168.0.106, extport:20013,  from 192.168.0.106:50610/0/0/0.
    INFO      dbmgr-1 6858 4000  [2018-05-06 13:56:14 494] - Components::addComponent[loginapp], uid=6858, componentID=9000, globalorderid=4, grouporderid=1, totalcount=1
   DEBUG      dbmgr-1 6858 4000  [2018-05-06 13:56:17 514] - SyncAppDatasHandler::~SyncAppDatasHandler()
    INFO      dbmgr-1 6858 4000  [2018-05-06 13:56:17 534] - ServerApp::onRegisterNewApp: uid:6858, username:, componentType:baseapp, componentID:7001, globalorderID=-1, grouporderID=-1, intaddr:192.168.0.106, intport:50590, extaddr:192.168.0.106, extport:20015,  from 192.168.0.106:50612/0/0/0.
    INFO      dbmgr-1 6858 4000  [2018-05-06 13:56:17 534] - Components::addComponent[baseapp], uid=6858, componentID=7001, globalorderid=5, grouporderid=1, totalcount=1
    INFO      dbmgr-1 6858 4000  [2018-05-06 13:56:17 554] - ServerApp::onRegisterNewApp: uid:6858, username:, componentType:cellapp, componentID:8001, globalorderID=-1, grouporderID=-1, intaddr:192.168.0.106, intport:50591, extaddr:nonsupport, extport:0,  from 192.168.0.106:50613/0/0/0.
    INFO      dbmgr-1 6858 4000  [2018-05-06 13:56:17 554] - Components::addComponent[cellapp], uid=6858, componentID=8001, globalorderid=6, grouporderid=1, totalcount=1
    INFO      dbmgr-1 6858 4000  [2018-05-06 13:56:20 574] - IDServer::allocRange: 1-2001.
    INFO      dbmgr-1 6858 4000  [2018-05-06 13:56:20 574] - IDServer::allocRange: 2001-4001.
   DEBUG      dbmgr-1 6858 4000  [2018-05-06 13:56:20 574] - SyncAppDatasHandler::~SyncAppDatasHandler()
    INFO      dbmgr-1 6995 4000  [2018-05-06 13:56:43 956] - -----------------------------------------------------------------------------------------


    INFO      dbmgr-1 6995 4000  [2018-05-06 13:56:43 956] - Resmgr::initialize: KBE_ROOT=E:/kbengine/
    INFO      dbmgr-1 6995 4000  [2018-05-06 13:56:43 956] - Resmgr::initialize: KBE_RES_PATH=E:/kbengine/kbe/res/;E:/kbengine/assets/;E:/kbengine/assets/scripts/;E:/kbengine/assets/res/
    INFO      dbmgr-1 6995 4000  [2018-05-06 13:56:43 956] - Resmgr::initialize: KBE_BIN_PATH=E:/kbengine/kbe/bin/server/
    INFO      dbmgr-1 6995 4000  [2018-05-06 13:56:43 988] - NetworkInterface::initialize(INTERNAL): bound to all interfaces with default route interface on 192.168.0.106 ( 192.168.0.106:50621 )
    INFO      dbmgr-1 6995 4000  [2018-05-06 13:56:43 988] - NetworkInterface::initialize(INTERNAL): address 192.168.0.106:50621, SOMAXCONN=5.
    INFO      dbmgr-1 6995 4000  [2018-05-06 13:56:43 989] - server-configs:
    INFO      dbmgr-1 6995 4000  [2018-05-06 13:56:43 989] - 	internalAddr : 192.168.0.106:50621
    INFO      dbmgr-1 6995 4000  [2018-05-06 13:56:43 989] - 	componentID : 4000
    INFO      dbmgr-1 6995 4000  [2018-05-06 13:56:45 493] - ---- dbmgr Version: 2.0.0. ScriptVersion: 0.1.0. Protocol: F28F1C37BCC70CD27B77841D4A30E3D7. Config: Debug X86. Built: 15:52:44 Apr 29 2018. AppID: 4000. UID: 6995. PID: 11632 ----
    INFO      dbmgr-1 6995 4000  [2018-05-06 13:56:45 494] - Server : Intel(R) Xeon(R) CPU E3-1230 v3 @ 3.30GHz with 4194303kB RAM
    INFO      dbmgr-1 6995 4000  [2018-05-06 13:56:45 494] - ThreadPool::createThreadPool: creating  threadpool...
    INFO      dbmgr-1 6995 4000  [2018-05-06 13:56:45 494] - ThreadPool::createThreadPool: successfully(2), newThreadCount=1, normalMaxThreadCount=2, maxThreadCount=8
   DEBUG      dbmgr-1 6995 4000  [2018-05-06 13:56:45 656] - Script::install_py_dlls(): PyInit_pyexpat
   DEBUG      dbmgr-1 6995 4000  [2018-05-06 13:56:45 657] - Script::install_py_dlls(): PyInit__socket
   DEBUG      dbmgr-1 6995 4000  [2018-05-06 13:56:45 657] - Script::install_py_dlls(): PyInit__ssl
   DEBUG      dbmgr-1 6995 4000  [2018-05-06 13:56:45 660] - Script::install_py_dlls(): PyInit__hashlib
   DEBUG      dbmgr-1 6995 4000  [2018-05-06 13:56:45 660] - Script::install_py_dlls(): PyInit_select
   DEBUG      dbmgr-1 6995 4000  [2018-05-06 13:56:45 660] - Script::install_py_dlls(): PyInit__ctypes
   DEBUG      dbmgr-1 6995 4000  [2018-05-06 13:56:45 661] - Script::install_py_dlls(): PyInit__elementtree
   DEBUG      dbmgr-1 6995 4000  [2018-05-06 13:56:45 692] - Script::install_py_dlls(): PyInit_unicodedata
    INFO      dbmgr-1 6995 4000  [2018-05-06 13:56:45 722] - Script::install(): is successfully, Python=(3.4.2 (default, Apr 29 2018, 15:52:37) [MSC v.1913 32 bit (Intel)])!
    INFO      dbmgr-1 6995 4000  [2018-05-06 13:56:45 722] - Script::install(): KBExtra is successfully!
    INFO      dbmgr-1 6995 4000  [2018-05-06 13:56:45 729] - Dbmgr::initializeEnd: digest(A31C5E2451836DC1934D7B06B6ED9B47)
  S_INFO      dbmgr-1 6995 4000  [2018-05-06 13:56:45 729] - onDBMgrReady: bootstrapGroupIndex=0, bootstrapGlobalIndex=0
    INFO      dbmgr-1 6995 4000  [2018-05-06 13:56:45 729] - TelnetServer server is running on port 32000
    INFO      dbmgr-1 6995 4000  [2018-05-06 13:56:45 729] - Dbmgr::initInterfacesHandler: interfaces addr(127.0.0.1:30099), accountType:(interfaces), chargeType:(interfaces).
 WARNING      dbmgr-1 6995 4000  [2018-05-06 13:56:46 048] - DBUtil::initialize: db(default) password is not encrypted!
please use password(rsa):
EC27139023EA71D183A2C162442B6417B4CB851F968472C6DC83ACF27C41F23A786E1FC88982BE861BCD781C5A6E47445D8CC4CF86A46258E874CE34160DB040999147FD795847BA6A9FA939398E3CC68248B9F31833442B67BAE6D7DA20C3ECE1DA1A05052AE229252E08AB717966DE367299E137AFD430C6B510432C9C933B
   DEBUG      dbmgr-1 6995 4000  [2018-05-06 13:56:46 050] - DBInterfaceMysql::attach: connect: localhost:3306 starting...
   DEBUG      dbmgr-1 6995 4000  [2018-05-06 13:56:46 052] - DBInterfaceMysql::attach: successfully! addr: localhost:3306
    INFO      dbmgr-1 6995 4000  [2018-05-06 13:56:46 052] - DBUtil::createInterface[0x41f414]: interface=default, dbtype=mysql, ip=localhost, port=3306, currdatabase=kbe, username=kbe, connected=yes.

    INFO      dbmgr-1 6995 4000  [2018-05-06 13:56:46 052] - ThreadPool::createThreadPool: creating  threadpool...
    INFO      dbmgr-1 6995 4000  [2018-05-06 13:56:46 053] - ThreadPool::createThreadPool: successfully(5), newThreadCount=5, normalMaxThreadCount=5, maxThreadCount=5
    INFO      dbmgr-1 6995 4000  [2018-05-06 13:56:46 154] - DBInterfaceMysql::query: successfully!
    INFO      dbmgr-1 6995 4000  [2018-05-06 13:56:46 155] - DBInterfaceMysql::query: successfully!
 WARNING      dbmgr-1 6995 4000  [2018-05-06 13:56:46 216] - e:\kbengine\kbe\src\server\dbmgr\dbmgr.cpp:275: Profile scriptCall took 0.49 seconds
    INFO      dbmgr-1 6995 4000  [2018-05-06 13:56:46 529] - ---- dbmgr is running ----
   DEBUG      dbmgr-1 6995 4000  [2018-05-06 13:56:46 529] - Components::process(): Request for the process of identity...
   DEBUG      dbmgr-1 6995 4000  [2018-05-06 13:56:46 053] - DBInterfaceMysql::attach: connect: localhost:3306 starting...
   DEBUG      dbmgr-1 6995 4000  [2018-05-06 13:56:46 053] - DBInterfaceMysql::attach: connect: localhost:3306 starting...
   DEBUG      dbmgr-1 6995 4000  [2018-05-06 13:56:46 053] - DBInterfaceMysql::attach: connect: localhost:3306 starting...
   DEBUG      dbmgr-1 6995 4000  [2018-05-06 13:56:46 053] - DBInterfaceMysql::attach: connect: localhost:3306 starting...
   DEBUG      dbmgr-1 6995 4000  [2018-05-06 13:56:46 054] - DBInterfaceMysql::attach: connect: localhost:3306 starting...
   DEBUG      dbmgr-1 6995 4000  [2018-05-06 13:56:46 054] - DBInterfaceMysql::attach: successfully! addr: localhost:3306
   DEBUG      dbmgr-1 6995 4000  [2018-05-06 13:56:46 054] - DBThread::onStart(): 0x719650!
   DEBUG      dbmgr-1 6995 4000  [2018-05-06 13:56:46 055] - DBInterfaceMysql::attach: successfully! addr: localhost:3306
   DEBUG      dbmgr-1 6995 4000  [2018-05-06 13:56:46 055] - DBInterfaceMysql::attach: successfully! addr: localhost:3306
   DEBUG      dbmgr-1 6995 4000  [2018-05-06 13:56:46 055] - DBThread::onStart(): 0x7195c8!
   DEBUG      dbmgr-1 6995 4000  [2018-05-06 13:56:46 055] - DBThread::onStart(): 0x7196d8!
   DEBUG      dbmgr-1 6995 4000  [2018-05-06 13:56:46 055] - DBInterfaceMysql::attach: successfully! addr: localhost:3306
   DEBUG      dbmgr-1 6995 4000  [2018-05-06 13:56:46 055] - DBInterfaceMysql::attach: successfully! addr: localhost:3306
   DEBUG      dbmgr-1 6995 4000  [2018-05-06 13:56:46 055] - DBThread::onStart(): 0x719760!
   DEBUG      dbmgr-1 6995 4000  [2018-05-06 13:56:46 055] - DBThread::onStart(): 0x7197e8!
    INFO      dbmgr-1 6995 4000  [2018-05-06 13:56:46 156] - DBInterfaceMysql::query: successfully!
    INFO      dbmgr-1 6995 4000  [2018-05-06 13:56:46 156] - DBInterfaceMysql::query: successfully!
    INFO      dbmgr-1 6995 4000  [2018-05-06 13:56:46 156] - DBInterfaceMysql::query: successfully!
    INFO      dbmgr-1 6995 4000  [2018-05-06 13:56:46 156] - DBInterfaceMysql::query: successfully!
    INFO      dbmgr-1 6995 4000  [2018-05-06 13:56:46 157] - DBInterfaceMysql::query: successfully!
    INFO      dbmgr-1 6995 4000  [2018-05-06 13:56:46 157] - DBInterfaceMysql::query: successfully!
    INFO      dbmgr-1 6995 4000  [2018-05-06 13:56:46 157] - DBInterfaceMysql::query: successfully!
    INFO      dbmgr-1 6995 4000  [2018-05-06 13:56:46 157] - DBInterfaceMysql::query: successfully!
    INFO      dbmgr-1 6995 4000  [2018-05-06 13:56:53 610] - Components::findComponents: find logger(1)...
    INFO      dbmgr-1 6995 4000  [2018-05-06 13:56:53 616] - Components::findComponents: found logger, addr:192.168.0.106:50625
    INFO      dbmgr-1 6995 4000  [2018-05-06 13:56:53 616] - Components::addComponent: reset orderLog, uid=6995!
    INFO      dbmgr-1 6995 4000  [2018-05-06 13:56:53 618] - Components::addComponent[logger], uid=6995, componentID=2000, globalorderid=1, grouporderid=1, totalcount=1
    INFO      dbmgr-1 6995 4000  [2018-05-06 13:56:53 649] - Components::process(): Found all the components!
    INFO      dbmgr-1 6995 4000  [2018-05-06 13:56:55 989] - ServerApp::onRegisterNewApp: uid:6995, username:, componentType:baseappmgr, componentID:5000, globalorderID=-1, grouporderID=-1, intaddr:192.168.0.106, intport:50624, extaddr:nonsupport, extport:0,  from 192.168.0.106:50655/0/0/0.
    INFO      dbmgr-1 6995 4000  [2018-05-06 13:56:55 989] - Components::addComponent: reset orderLog, uid=6995!
    INFO      dbmgr-1 6995 4000  [2018-05-06 13:56:55 989] - Components::addComponent[baseappmgr], uid=6995, componentID=5000, globalorderid=1, grouporderid=1, totalcount=1
    INFO      dbmgr-1 6995 4000  [2018-05-06 13:56:56 169] - ServerApp::onRegisterNewApp: uid:6995, username:, componentType:loginapp, componentID:9000, globalorderID=-1, grouporderID=-1, intaddr:192.168.0.106, intport:50627, extaddr:192.168.0.106, extport:20013,  from 192.168.0.106:50658/0/0/0.
    INFO      dbmgr-1 6995 4000  [2018-05-06 13:56:56 169] - Components::addComponent[loginapp], uid=6995, componentID=9000, globalorderid=2, grouporderid=1, totalcount=1
    INFO      dbmgr-1 6995 4000  [2018-05-06 13:56:57 189] - ServerApp::onRegisterNewApp: uid:6995, username:, componentType:cellappmgr, componentID:6000, globalorderID=-1, grouporderID=-1, intaddr:192.168.0.106, intport:50623, extaddr:nonsupport, extport:0,  from 192.168.0.106:50660/0/0/0.
    INFO      dbmgr-1 6995 4000  [2018-05-06 13:56:57 189] - Components::addComponent[cellappmgr], uid=6995, componentID=6000, globalorderid=3, grouporderid=1, totalcount=1
    INFO      dbmgr-1 6995 4000  [2018-05-06 13:56:58 430] - ServerApp::onRegisterNewApp: uid:6995, username:, componentType:baseapp, componentID:7001, globalorderID=-1, grouporderID=-1, intaddr:192.168.0.106, intport:50628, extaddr:192.168.0.106, extport:20015,  from 192.168.0.106:50662/0/0/0.
    INFO      dbmgr-1 6995 4000  [2018-05-06 13:56:58 430] - Components::addComponent[baseapp], uid=6995, componentID=7001, globalorderid=4, grouporderid=1, totalcount=1
    INFO      dbmgr-1 6995 4000  [2018-05-06 13:56:59 730] - ServerApp::onRegisterNewApp: uid:6995, username:, componentType:cellapp, componentID:8001, globalorderID=-1, grouporderID=-1, intaddr:192.168.0.106, intport:50626, extaddr:nonsupport, extport:0,  from 192.168.0.106:50665/0/0/0.
    INFO      dbmgr-1 6995 4000  [2018-05-06 13:56:59 730] - Components::addComponent[cellapp], uid=6995, componentID=8001, globalorderid=5, grouporderid=1, totalcount=1
    INFO      dbmgr-1 6995 4000  [2018-05-06 13:57:02 749] - IDServer::allocRange: 1-2001.
    INFO      dbmgr-1 6995 4000  [2018-05-06 13:57:02 749] - IDServer::allocRange: 2001-4001.
   DEBUG      dbmgr-1 6995 4000  [2018-05-06 13:57:02 749] - SyncAppDatasHandler::~SyncAppDatasHandler()
    INFO      dbmgr-1 6995 4000  [2018-05-06 13:57:50 845] - DBTaskAccountLogin::db_thread_process(): not found account[q], autocreate successfully!
   DEBUG      dbmgr-1 6995 4000  [2018-05-06 13:57:50 870] - Dbmgr::onAccountLogin:loginName=q, accountName=q, success=0, componentID=0, entityID=0, dbid=1, flags=0, deadline=0.
   DEBUG      dbmgr-1 6995 4000  [2018-05-06 13:57:51 250] - Dbmgr::queryAccount: q, success=1, flags=0, deadline=0.
    INFO      dbmgr-1 6995 4000  [2018-05-06 13:57:56 764] - Buffered_DBTasks::onFiniTask: Playing buffered task for entityID=0, dbid=1, dbid_tasks_size=1, entityid_tasks_size=0.
   DEBUG      dbmgr-1 6995 4000  [2018-05-06 13:57:56 770] - Dbmgr::writeEntity: Account(1).
   DEBUG      dbmgr-1 6995 4000  [2018-05-06 13:57:56 810] - Dbmgr::onEntityOffline: 1, entityType=1.
    INFO      dbmgr-1 6995 4000  [2018-05-06 13:58:12 931] - DBTaskAccountLogin::db_thread_process(): not found account[11], autocreate successfully!
   DEBUG      dbmgr-1 6995 4000  [2018-05-06 13:58:12 990] - Dbmgr::onAccountLogin:loginName=11, accountName=11, success=0, componentID=0, entityID=0, dbid=2, flags=0, deadline=0.
   DEBUG      dbmgr-1 6995 4000  [2018-05-06 13:58:13 430] - Dbmgr::queryAccount: 11, success=1, flags=0, deadline=0.
   DEBUG      dbmgr-1 6995 4000  [2018-05-06 13:58:40 190] - Dbmgr::writeEntity: Account(2).
    INFO      dbmgr-1 6995 4000  [2018-05-06 13:58:40 184] - Buffered_DBTasks::onFiniTask: Playing buffered task for entityID=0, dbid=2, dbid_tasks_size=1, entityid_tasks_size=0.
   DEBUG      dbmgr-1 6995 4000  [2018-05-06 13:58:40 310] - Dbmgr::onEntityOffline: 2, entityType=1.
    INFO      dbmgr-1 6995 4000  [2018-05-06 13:59:01 532] - DBTaskAccountLogin::db_thread_process(): not found account[1], autocreate successfully!
   DEBUG      dbmgr-1 6995 4000  [2018-05-06 13:59:01 591] - Dbmgr::onAccountLogin:loginName=1, accountName=1, success=0, componentID=0, entityID=0, dbid=3, flags=0, deadline=0.
   DEBUG      dbmgr-1 6995 4000  [2018-05-06 13:59:02 051] - Dbmgr::queryAccount: 1, success=1, flags=0, deadline=0.
   DEBUG      dbmgr-1 6995 4000  [2018-05-06 13:59:02 451] - Dbmgr::writeEntity: CheckName(1).
   DEBUG      dbmgr-1 6995 4000  [2018-05-06 14:00:32 891] - Dbmgr::writeEntity: Account(3).
   DEBUG      dbmgr-1 6995 4000  [2018-05-06 14:00:32 951] - Dbmgr::onEntityOffline: 3, entityType=1.
    INFO      dbmgr-1 6995 4000  [2018-05-06 14:00:32 880] - Buffered_DBTasks::onFiniTask: Playing buffered task for entityID=0, dbid=3, dbid_tasks_size=1, entityid_tasks_size=0.
    INFO      dbmgr-1 6995 4000  [2018-05-06 14:01:40 733] - DBTaskAccountLogin::db_thread_process(): not found account[123], autocreate successfully!
   DEBUG      dbmgr-1 6995 4000  [2018-05-06 14:01:40 792] - Dbmgr::onAccountLogin:loginName=123, accountName=123, success=0, componentID=0, entityID=0, dbid=4, flags=0, deadline=0.
   DEBUG      dbmgr-1 6995 4000  [2018-05-06 14:01:41 252] - Dbmgr::queryAccount: 123, success=1, flags=0, deadline=0.
   DEBUG      dbmgr-1 6995 4000  [2018-05-06 14:01:41 591] - Dbmgr::writeEntity: CheckName(2).
   DEBUG      dbmgr-1 6995 4000  [2018-05-06 14:02:20 532] - Dbmgr::writeEntity: Account(4).
   DEBUG      dbmgr-1 6995 4000  [2018-05-06 14:02:20 551] - Dbmgr::onEntityOffline: 4, entityType=1.
    INFO      dbmgr-1 6995 4000  [2018-05-06 14:02:20 530] - Buffered_DBTasks::onFiniTask: Playing buffered task for entityID=0, dbid=4, dbid_tasks_size=1, entityid_tasks_size=0.
   DEBUG      dbmgr-1 6995 4000  [2018-05-06 14:05:00 492] - Dbmgr::onAccountLogin:loginName=123, accountName=123, success=0, componentID=0, entityID=0, dbid=4, flags=0, deadline=0.
   DEBUG      dbmgr-1 6995 4000  [2018-05-06 14:05:01 032] - Dbmgr::queryAccount: 123, success=1, flags=0, deadline=0.
   DEBUG      dbmgr-1 6995 4000  [2018-05-06 14:05:24 933] - Dbmgr::writeEntity: Account(4).
   DEBUG      dbmgr-1 6995 4000  [2018-05-06 14:05:24 953] - Dbmgr::onEntityOffline: 4, entityType=1.
    INFO      dbmgr-1 6995 4000  [2018-05-06 14:05:24 917] - Buffered_DBTasks::onFiniTask: Playing buffered task for entityID=0, dbid=4, dbid_tasks_size=1, entityid_tasks_size=0.
   DEBUG      dbmgr-1 6995 4000  [2018-05-06 14:05:37 213] - Dbmgr::onAccountLogin:loginName=123, accountName=123, success=0, componentID=0, entityID=0, dbid=4, flags=0, deadline=0.
   DEBUG      dbmgr-1 6995 4000  [2018-05-06 14:05:37 753] - Dbmgr::queryAccount: 123, success=1, flags=0, deadline=0.
   DEBUG      dbmgr-1 6995 4000  [2018-05-06 14:05:53 793] - Dbmgr::writeEntity: Account(4).
   DEBUG      dbmgr-1 6995 4000  [2018-05-06 14:05:53 813] - Dbmgr::onEntityOffline: 4, entityType=1.
    INFO      dbmgr-1 6995 4000  [2018-05-06 14:05:53 791] - Buffered_DBTasks::onFiniTask: Playing buffered task for entityID=0, dbid=4, dbid_tasks_size=1, entityid_tasks_size=0.
    INFO      dbmgr-1 6995 4000  [2018-05-06 14:06:00 254] - DBTaskAccountLogin::db_thread_process(): not found account[111], autocreate successfully!
   DEBUG      dbmgr-1 6995 4000  [2018-05-06 14:06:00 313] - Dbmgr::onAccountLogin:loginName=111, accountName=111, success=0, componentID=0, entityID=0, dbid=5, flags=0, deadline=0.
   DEBUG      dbmgr-1 6995 4000  [2018-05-06 14:06:00 753] - Dbmgr::queryAccount: 111, success=1, flags=0, deadline=0.
 WARNING      dbmgr-1 6995 4000  [2018-05-06 14:06:01 042] - DBInterfaceMysql::processException: Exception: Duplicate entry '' for key 'sm_playerName'
lastquery=insert into tbl_CheckName (sm_playerName)  values("")
   DEBUG      dbmgr-1 6995 4000  [2018-05-06 14:06:01 073] - Dbmgr::writeEntity: CheckName(0).
    INFO      dbmgr-1 8948 4000  [2018-05-06 14:06:41 728] - -----------------------------------------------------------------------------------------


    INFO      dbmgr-1 8948 4000  [2018-05-06 14:06:41 728] - Resmgr::initialize: KBE_ROOT=E:/kbengine/
    INFO      dbmgr-1 8948 4000  [2018-05-06 14:06:41 728] - Resmgr::initialize: KBE_RES_PATH=E:/kbengine/kbe/res/;E:/kbengine/assets/;E:/kbengine/assets/scripts/;E:/kbengine/assets/res/
    INFO      dbmgr-1 8948 4000  [2018-05-06 14:06:41 728] - Resmgr::initialize: KBE_BIN_PATH=E:/kbengine/kbe/bin/server/
    INFO      dbmgr-1 8948 4000  [2018-05-06 14:06:41 736] - NetworkInterface::initialize(INTERNAL): bound to all interfaces with default route interface on 192.168.0.106 ( 192.168.0.106:50822 )
    INFO      dbmgr-1 8948 4000  [2018-05-06 14:06:41 737] - NetworkInterface::initialize(INTERNAL): address 192.168.0.106:50822, SOMAXCONN=5.
    INFO      dbmgr-1 8948 4000  [2018-05-06 14:06:41 737] - server-configs:
    INFO      dbmgr-1 8948 4000  [2018-05-06 14:06:41 737] - 	internalAddr : 192.168.0.106:50822
    INFO      dbmgr-1 8948 4000  [2018-05-06 14:06:41 737] - 	componentID : 4000
    INFO      dbmgr-1 8948 4000  [2018-05-06 14:06:43 244] - ---- dbmgr Version: 2.0.0. ScriptVersion: 0.1.0. Protocol: F28F1C37BCC70CD27B77841D4A30E3D7. Config: Debug X86. Built: 15:52:44 Apr 29 2018. AppID: 4000. UID: 8948. PID: 7580 ----
    INFO      dbmgr-1 8948 4000  [2018-05-06 14:06:43 244] - Server : Intel(R) Xeon(R) CPU E3-1230 v3 @ 3.30GHz with 4194303kB RAM
    INFO      dbmgr-1 8948 4000  [2018-05-06 14:06:43 244] - ThreadPool::createThreadPool: creating  threadpool...
    INFO      dbmgr-1 8948 4000  [2018-05-06 14:06:43 245] - ThreadPool::createThreadPool: successfully(2), newThreadCount=1, normalMaxThreadCount=2, maxThreadCount=8
   DEBUG      dbmgr-1 8948 4000  [2018-05-06 14:06:43 372] - Script::install_py_dlls(): PyInit_pyexpat
   DEBUG      dbmgr-1 8948 4000  [2018-05-06 14:06:43 372] - Script::install_py_dlls(): PyInit__socket
   DEBUG      dbmgr-1 8948 4000  [2018-05-06 14:06:43 372] - Script::install_py_dlls(): PyInit__ssl
   DEBUG      dbmgr-1 8948 4000  [2018-05-06 14:06:43 375] - Script::install_py_dlls(): PyInit__hashlib
   DEBUG      dbmgr-1 8948 4000  [2018-05-06 14:06:43 376] - Script::install_py_dlls(): PyInit_select
   DEBUG      dbmgr-1 8948 4000  [2018-05-06 14:06:43 376] - Script::install_py_dlls(): PyInit__ctypes
   DEBUG      dbmgr-1 8948 4000  [2018-05-06 14:06:43 376] - Script::install_py_dlls(): PyInit__elementtree
   DEBUG      dbmgr-1 8948 4000  [2018-05-06 14:06:43 403] - Script::install_py_dlls(): PyInit_unicodedata
    INFO      dbmgr-1 8948 4000  [2018-05-06 14:06:43 429] - Script::install(): is successfully, Python=(3.4.2 (default, Apr 29 2018, 15:52:37) [MSC v.1913 32 bit (Intel)])!
    INFO      dbmgr-1 8948 4000  [2018-05-06 14:06:43 429] - Script::install(): KBExtra is successfully!
    INFO      dbmgr-1 8948 4000  [2018-05-06 14:06:43 436] - Dbmgr::initializeEnd: digest(A31C5E2451836DC1934D7B06B6ED9B47)
  S_INFO      dbmgr-1 8948 4000  [2018-05-06 14:06:43 436] - onDBMgrReady: bootstrapGroupIndex=0, bootstrapGlobalIndex=0
    INFO      dbmgr-1 8948 4000  [2018-05-06 14:06:43 436] - TelnetServer server is running on port 32000
    INFO      dbmgr-1 8948 4000  [2018-05-06 14:06:43 437] - Dbmgr::initInterfacesHandler: interfaces addr(127.0.0.1:30099), accountType:(interfaces), chargeType:(interfaces).
 WARNING      dbmgr-1 8948 4000  [2018-05-06 14:06:43 766] - DBUtil::initialize: db(default) password is not encrypted!
please use password(rsa):
538ABB88FA8D60037D0D878639AE1B937A2C33AA4054FD61578A3FEB6A6EB01BC7BAA4D9F015D6C04B739C61BE97460F456B4CC57A28979266399133ACCE4327FD5A7593FCBC954AF38F7A4F0E374C320A68FD733611B3E82711483B76E0FFB7F4E3115A4089D443DA100B3DC5AAAB6956678DD54B2BDC06860937D70AA20637
   DEBUG      dbmgr-1 8948 4000  [2018-05-06 14:06:43 767] - DBInterfaceMysql::attach: connect: localhost:3306 starting...
   DEBUG      dbmgr-1 8948 4000  [2018-05-06 14:06:43 769] - DBInterfaceMysql::attach: successfully! addr: localhost:3306
    INFO      dbmgr-1 8948 4000  [2018-05-06 14:06:43 769] - DBUtil::createInterface[0x20f0d4]: interface=default, dbtype=mysql, ip=localhost, port=3306, currdatabase=kbe, username=kbe, connected=yes.

    INFO      dbmgr-1 8948 4000  [2018-05-06 14:06:43 770] - ThreadPool::createThreadPool: creating  threadpool...
    INFO      dbmgr-1 8948 4000  [2018-05-06 14:06:43 771] - ThreadPool::createThreadPool: successfully(5), newThreadCount=5, normalMaxThreadCount=5, maxThreadCount=5
    INFO      dbmgr-1 8948 4000  [2018-05-06 14:06:43 872] - DBInterfaceMysql::query: successfully!
    INFO      dbmgr-1 8948 4000  [2018-05-06 14:06:43 873] - DBInterfaceMysql::query: successfully!
 WARNING      dbmgr-1 8948 4000  [2018-05-06 14:06:43 953] - e:\kbengine\kbe\src\server\dbmgr\dbmgr.cpp:275: Profile scriptCall took 0.52 seconds
    INFO      dbmgr-1 8948 4000  [2018-05-06 14:06:44 240] - ---- dbmgr is running ----
   DEBUG      dbmgr-1 8948 4000  [2018-05-06 14:06:44 241] - Components::process(): Request for the process of identity...
   DEBUG      dbmgr-1 8948 4000  [2018-05-06 14:06:43 770] - DBInterfaceMysql::attach: connect: localhost:3306 starting...
   DEBUG      dbmgr-1 8948 4000  [2018-05-06 14:06:43 770] - DBInterfaceMysql::attach: connect: localhost:3306 starting...
   DEBUG      dbmgr-1 8948 4000  [2018-05-06 14:06:43 770] - DBInterfaceMysql::attach: connect: localhost:3306 starting...
   DEBUG      dbmgr-1 8948 4000  [2018-05-06 14:06:43 770] - DBInterfaceMysql::attach: connect: localhost:3306 starting...
   DEBUG      dbmgr-1 8948 4000  [2018-05-06 14:06:43 771] - DBInterfaceMysql::attach: connect: localhost:3306 starting...
   DEBUG      dbmgr-1 8948 4000  [2018-05-06 14:06:43 772] - DBInterfaceMysql::attach: successfully! addr: localhost:3306
   DEBUG      dbmgr-1 8948 4000  [2018-05-06 14:06:43 772] - DBThread::onStart(): 0x5795c8!
   DEBUG      dbmgr-1 8948 4000  [2018-05-06 14:06:43 772] - DBInterfaceMysql::attach: successfully! addr: localhost:3306
   DEBUG      dbmgr-1 8948 4000  [2018-05-06 14:06:43 772] - DBThread::onStart(): 0x579650!
   DEBUG      dbmgr-1 8948 4000  [2018-05-06 14:06:43 772] - DBInterfaceMysql::attach: successfully! addr: localhost:3306
   DEBUG      dbmgr-1 8948 4000  [2018-05-06 14:06:43 772] - DBThread::onStart(): 0x579760!
   DEBUG      dbmgr-1 8948 4000  [2018-05-06 14:06:43 772] - DBInterfaceMysql::attach: successfully! addr: localhost:3306
   DEBUG      dbmgr-1 8948 4000  [2018-05-06 14:06:43 773] - DBInterfaceMysql::attach: successfully! addr: localhost:3306
   DEBUG      dbmgr-1 8948 4000  [2018-05-06 14:06:43 773] - DBThread::onStart(): 0x5797e8!
   DEBUG      dbmgr-1 8948 4000  [2018-05-06 14:06:43 773] - DBThread::onStart(): 0x5796d8!
    INFO      dbmgr-1 8948 4000  [2018-05-06 14:06:43 874] - DBInterfaceMysql::query: successfully!
    INFO      dbmgr-1 8948 4000  [2018-05-06 14:06:43 874] - DBInterfaceMysql::query: successfully!
    INFO      dbmgr-1 8948 4000  [2018-05-06 14:06:43 874] - DBInterfaceMysql::query: successfully!
    INFO      dbmgr-1 8948 4000  [2018-05-06 14:06:43 874] - DBInterfaceMysql::query: successfully!
    INFO      dbmgr-1 8948 4000  [2018-05-06 14:06:43 874] - DBInterfaceMysql::query: successfully!
    INFO      dbmgr-1 8948 4000  [2018-05-06 14:06:43 874] - DBInterfaceMysql::query: successfully!
    INFO      dbmgr-1 8948 4000  [2018-05-06 14:06:43 875] - DBInterfaceMysql::query: successfully!
    INFO      dbmgr-1 8948 4000  [2018-05-06 14:06:43 933] - DBInterfaceMysql::query: successfully!
    INFO      dbmgr-1 8948 4000  [2018-05-06 14:06:51 335] - Components::findComponents: find logger(1)...
    INFO      dbmgr-1 8948 4000  [2018-05-06 14:06:51 422] - Components::findComponents: found logger, addr:192.168.0.106:50825
    INFO      dbmgr-1 8948 4000  [2018-05-06 14:06:51 422] - Components::addComponent: reset orderLog, uid=8948!
    INFO      dbmgr-1 8948 4000  [2018-05-06 14:06:51 422] - Components::addComponent[logger], uid=8948, componentID=2000, globalorderid=1, grouporderid=1, totalcount=1
    INFO      dbmgr-1 8948 4000  [2018-05-06 14:06:51 436] - Components::process(): Found all the components!
    INFO      dbmgr-1 8948 4000  [2018-05-06 14:06:53 777] - ServerApp::onRegisterNewApp: uid:8948, username:, componentType:cellappmgr, componentID:6000, globalorderID=-1, grouporderID=-1, intaddr:192.168.0.106, intport:50827, extaddr:nonsupport, extport:0,  from 192.168.0.106:50858/0/0/0.
    INFO      dbmgr-1 8948 4000  [2018-05-06 14:06:53 777] - Components::addComponent: reset orderLog, uid=8948!
    INFO      dbmgr-1 8948 4000  [2018-05-06 14:06:53 777] - Components::addComponent[cellappmgr], uid=8948, componentID=6000, globalorderid=1, grouporderid=1, totalcount=1
    INFO      dbmgr-1 8948 4000  [2018-05-06 14:06:54 877] - ServerApp::onRegisterNewApp: uid:8948, username:, componentType:baseappmgr, componentID:5000, globalorderID=-1, grouporderID=-1, intaddr:192.168.0.106, intport:50824, extaddr:nonsupport, extport:0,  from 192.168.0.106:50860/0/0/0.
    INFO      dbmgr-1 8948 4000  [2018-05-06 14:06:54 877] - Components::addComponent[baseappmgr], uid=8948, componentID=5000, globalorderid=2, grouporderid=1, totalcount=1
    INFO      dbmgr-1 8948 4000  [2018-05-06 14:06:55 297] - ServerApp::onRegisterNewApp: uid:8948, username:, componentType:loginapp, componentID:9000, globalorderID=-1, grouporderID=-1, intaddr:192.168.0.106, intport:50828, extaddr:192.168.0.106, extport:20013,  from 192.168.0.106:50862/0/0/0.
    INFO      dbmgr-1 8948 4000  [2018-05-06 14:06:55 297] - Components::addComponent[loginapp], uid=8948, componentID=9000, globalorderid=3, grouporderid=1, totalcount=1
    INFO      dbmgr-1 8948 4000  [2018-05-06 14:06:56 157] - ServerApp::onRegisterNewApp: uid:8948, username:, componentType:cellapp, componentID:8001, globalorderID=-1, grouporderID=-1, intaddr:192.168.0.106, intport:50826, extaddr:nonsupport, extport:0,  from 192.168.0.106:50864/0/0/0.
    INFO      dbmgr-1 8948 4000  [2018-05-06 14:06:56 157] - Components::addComponent[cellapp], uid=8948, componentID=8001, globalorderid=4, grouporderid=1, totalcount=1
    INFO      dbmgr-1 8948 4000  [2018-05-06 14:06:57 677] - ServerApp::onRegisterNewApp: uid:8948, username:, componentType:baseapp, componentID:7001, globalorderID=-1, grouporderID=-1, intaddr:192.168.0.106, intport:50829, extaddr:192.168.0.106, extport:20015,  from 192.168.0.106:50868/0/0/0.
    INFO      dbmgr-1 8948 4000  [2018-05-06 14:06:57 677] - Components::addComponent[baseapp], uid=8948, componentID=7001, globalorderid=5, grouporderid=1, totalcount=1
    INFO      dbmgr-1 8948 4000  [2018-05-06 14:07:00 697] - IDServer::allocRange: 1-2001.
    INFO      dbmgr-1 8948 4000  [2018-05-06 14:07:00 697] - IDServer::allocRange: 2001-4001.
   DEBUG      dbmgr-1 8948 4000  [2018-05-06 14:07:00 697] - SyncAppDatasHandler::~SyncAppDatasHandler()
   DEBUG      dbmgr-1 8948 4000  [2018-05-06 14:07:11 937] - Dbmgr::onAccountLogin:loginName=111, accountName=111, success=0, componentID=0, entityID=0, dbid=5, flags=0, deadline=0.
   DEBUG      dbmgr-1 8948 4000  [2018-05-06 14:07:12 497] - Dbmgr::queryAccount: 111, success=1, flags=0, deadline=0.
   DEBUG      dbmgr-1 8948 4000  [2018-05-06 14:07:12 797] - Dbmgr::writeEntity: CheckName(0).
 WARNING      dbmgr-1 8948 4000  [2018-05-06 14:07:12 757] - DBInterfaceMysql::processException: Exception: Duplicate entry '' for key 'sm_playerName'
lastquery=insert into tbl_CheckName (sm_playerName)  values("")
    INFO      dbmgr-1 8948 4000  [2018-05-06 14:07:40 329] - Buffered_DBTasks::onFiniTask: Playing buffered task for entityID=0, dbid=5, dbid_tasks_size=1, entityid_tasks_size=0.
   DEBUG      dbmgr-1 8948 4000  [2018-05-06 14:07:40 337] - Dbmgr::writeEntity: Account(5).
   DEBUG      dbmgr-1 8948 4000  [2018-05-06 14:07:40 357] - Dbmgr::onEntityOffline: 5, entityType=1.
   DEBUG      dbmgr-1 8948 4000  [2018-05-06 15:06:44 041] - Dbmgr::DBTaskServerLog()
   DEBUG      dbmgr-1 8948 4000  [2018-05-06 16:06:44 046] - Dbmgr::DBTaskServerLog()
   DEBUG      dbmgr-1 8948 4000  [2018-05-06 17:06:44 091] - Dbmgr::DBTaskServerLog()
   DEBUG      dbmgr-1 8948 4000  [2018-05-06 18:06:44 115] - Dbmgr::DBTaskServerLog()
