    INFO    cellapp-1 16037 8001  [2018-11-01 00:02:30 650] - -----------------------------------------------------------------------------------------


    INFO    cellapp-1 16037 8001  [2018-11-01 00:02:30 651] - Resmgr::initialize: KBE_ROOT=E:/kbengine/
    INFO    cellapp-1 16037 8001  [2018-11-01 00:02:30 651] - Resmgr::initialize: KBE_RES_PATH=E:/kbengine/kbe/res/;E:/kbengine/assets/;E:/kbengine/assets/scripts/;E:/kbengine/assets/res/
    INFO    cellapp-1 16037 8001  [2018-11-01 00:02:30 651] - Resmgr::initialize: KBE_BIN_PATH=E:/kbengine/kbe/bin/server/
    INFO    cellapp-1 16037 8001  [2018-11-01 00:02:30 654] - NetworkInterface::initialize(INTERNAL): bound to all interfaces with default route interface on 192.168.0.107 ( 192.168.0.107:49668 )
    INFO    cellapp-1 16037 8001  [2018-11-01 00:02:30 655] - NetworkInterface::initialize(INTERNAL): address 192.168.0.107:49668, SOMAXCONN=5.
    INFO    cellapp-1 16037 8001  [2018-11-01 00:02:30 655] - server-configs:
    INFO    cellapp-1 16037 8001  [2018-11-01 00:02:30 655] - 	gameUpdateHertz : 10
    INFO    cellapp-1 16037 8001  [2018-11-01 00:02:30 655] - 	defaultViewRadius : 80
    INFO    cellapp-1 16037 8001  [2018-11-01 00:02:30 655] - 	defaultViewHysteresisArea : 5
    INFO    cellapp-1 16037 8001  [2018-11-01 00:02:30 655] - 	entryScriptFile : kbemain
    INFO    cellapp-1 16037 8001  [2018-11-01 00:02:30 656] - 	internalAddr : 192.168.0.107:49668
    INFO    cellapp-1 16037 8001  [2018-11-01 00:02:30 656] - 	componentID : 8001
    INFO    cellapp-1 16037 8001  [2018-11-01 00:02:32 169] - ---- cellapp Version: 2.0.0. ScriptVersion: 0.1.0. Protocol: 85A70C5E64F896E0F1A60BF405B4EB07. Config: Debug X86. Built: 15:53:53 Apr 29 2018. AppID: 8001. UID: 16037. PID: 13396 ----
    INFO    cellapp-1 16037 8001  [2018-11-01 00:02:32 170] - Server : Intel(R) Xeon(R) CPU E3-1230 v3 @ 3.30GHz with 4194303kB RAM
    INFO    cellapp-1 16037 8001  [2018-11-01 00:02:32 170] - ThreadPool::createThreadPool: creating  threadpool...
    INFO    cellapp-1 16037 8001  [2018-11-01 00:02:32 171] - ThreadPool::createThreadPool: successfully(2), newThreadCount=1, normalMaxThreadCount=2, maxThreadCount=8
   DEBUG    cellapp-1 16037 8001  [2018-11-01 00:02:32 323] - Script::install_py_dlls(): PyInit_pyexpat
   DEBUG    cellapp-1 16037 8001  [2018-11-01 00:02:32 324] - Script::install_py_dlls(): PyInit__socket
   DEBUG    cellapp-1 16037 8001  [2018-11-01 00:02:32 324] - Script::install_py_dlls(): PyInit__ssl
   DEBUG    cellapp-1 16037 8001  [2018-11-01 00:02:32 327] - Script::install_py_dlls(): PyInit__hashlib
   DEBUG    cellapp-1 16037 8001  [2018-11-01 00:02:32 327] - Script::install_py_dlls(): PyInit_select
   DEBUG    cellapp-1 16037 8001  [2018-11-01 00:02:32 327] - Script::install_py_dlls(): PyInit__ctypes
   DEBUG    cellapp-1 16037 8001  [2018-11-01 00:02:32 328] - Script::install_py_dlls(): PyInit__elementtree
   DEBUG    cellapp-1 16037 8001  [2018-11-01 00:02:32 355] - Script::install_py_dlls(): PyInit_unicodedata
    INFO    cellapp-1 16037 8001  [2018-11-01 00:02:32 383] - Script::install(): is successfully, Python=(3.4.2 (default, Apr 29 2018, 15:53:05) [MSC v.1913 32 bit (Intel)])!
    INFO    cellapp-1 16037 8001  [2018-11-01 00:02:32 383] - Script::install(): KBExtra is successfully!
   DEBUG    cellapp-1 16037 8001  [2018-11-01 00:02:32 406] - loaded entity-script:Account(1).
   DEBUG    cellapp-1 16037 8001  [2018-11-01 00:02:32 414] - loaded entity-script:Room(4).
    INFO    cellapp-1 16037 8001  [2018-11-01 00:02:32 414] - TelnetServer server is running on port 50000
    INFO    cellapp-1 16037 8001  [2018-11-01 00:02:32 798] - ---- cellapp is running ----
   DEBUG    cellapp-1 16037 8001  [2018-11-01 00:02:32 798] - Components::process(): Request for the process of identity...
 WARNING    cellapp-1 16037 8001  [2018-11-01 00:02:38 887] - EntityApp::checkTickPeriod: tick took 6086% (6.09 seconds)!
    INFO    cellapp-1 16037 8001  [2018-11-01 00:02:39 954] - Components::findComponents: find logger(1)...
    INFO    cellapp-1 16037 8001  [2018-11-01 00:02:40 020] - Components::findComponents: found logger, addr:192.168.0.107:49666
    INFO    cellapp-1 16037 8001  [2018-11-01 00:02:40 020] - Components::addComponent: reset orderLog, uid=16037!
    INFO    cellapp-1 16037 8001  [2018-11-01 00:02:40 021] - Components::addComponent[logger], uid=16037, componentID=2000, globalorderid=1, grouporderid=1, totalcount=1
    INFO    cellapp-1 16037 8001  [2018-11-01 00:02:40 022] - Components::findComponents: find dbmgr(2)...
    INFO    cellapp-1 16037 8001  [2018-11-01 00:02:40 127] - Components::findComponents: found dbmgr, addr:192.168.0.107:49662
    INFO    cellapp-1 16037 8001  [2018-11-01 00:02:40 128] - Components::addComponent: reset orderLog, uid=16037!
    INFO    cellapp-1 16037 8001  [2018-11-01 00:02:40 128] - Components::addComponent[dbmgr], uid=16037, componentID=4000, globalorderid=1, grouporderid=1, totalcount=1
    INFO    cellapp-1 16037 8001  [2018-11-01 00:02:40 129] - Components::findComponents: found dbmgr, addr:192.168.0.107:49662
 WARNING    cellapp-1 16037 8001  [2018-11-01 00:02:41 130] - EntityApp::checkTickPeriod: tick took 1230% (1.23 seconds)!
    INFO    cellapp-1 16037 8001  [2018-11-01 00:02:42 153] - Components::findComponents: find cellappmgr(1)...
    INFO    cellapp-1 16037 8001  [2018-11-01 00:02:42 165] - Components::findComponents: found cellappmgr, addr:192.168.0.107:49667
    INFO    cellapp-1 16037 8001  [2018-11-01 00:02:42 165] - Components::addComponent[cellappmgr], uid=16037, componentID=6000, globalorderid=2, grouporderid=1, totalcount=1
    INFO    cellapp-1 16037 8001  [2018-11-01 00:02:42 167] - Components::findComponents: found cellappmgr, addr:192.168.0.107:49667
 WARNING    cellapp-1 16037 8001  [2018-11-01 00:02:43 167] - EntityApp::checkTickPeriod: tick took 1067% (1.07 seconds)!
    INFO    cellapp-1 16037 8001  [2018-11-01 00:02:44 199] - Components::findComponents: find baseappmgr(1)...
    INFO    cellapp-1 16037 8001  [2018-11-01 00:02:44 278] - Components::findComponents: found baseappmgr, addr:192.168.0.107:49664
    INFO    cellapp-1 16037 8001  [2018-11-01 00:02:44 278] - Components::addComponent[baseappmgr], uid=16037, componentID=5000, globalorderid=3, grouporderid=1, totalcount=1
    INFO    cellapp-1 16037 8001  [2018-11-01 00:02:44 279] - Components::findComponents: found baseappmgr, addr:192.168.0.107:49664
 WARNING    cellapp-1 16037 8001  [2018-11-01 00:02:45 279] - EntityApp::checkTickPeriod: tick took 1180% (1.18 seconds)!
    INFO    cellapp-1 16037 8001  [2018-11-01 00:02:46 399] - Components::findComponents: register self to dbmgr...
    INFO    cellapp-1 16037 8001  [2018-11-01 00:02:46 452] - Components::findComponents: register self to cellappmgr...
    INFO    cellapp-1 16037 8001  [2018-11-01 00:02:46 499] - Components::findComponents: register self to baseappmgr...
    INFO    cellapp-1 16037 8001  [2018-11-01 00:02:46 552] - Components::process(): Found all the components!
    INFO    cellapp-1 16037 8001  [2018-11-01 00:02:46 999] - ServerApp::onRegisterNewApp: uid:16037, username:, componentType:baseapp, componentID:7001, globalorderID=5, grouporderID=1, intaddr:192.168.0.107, intport:49665, extaddr:192.168.0.107, extport:20015,  from 192.168.0.107:49662/0/0/0.
    INFO    cellapp-1 16037 8001  [2018-11-01 00:02:46 999] - Components::addComponent[baseapp], uid=16037, componentID=7001, globalorderid=5, grouporderid=1, totalcount=1
    INFO    cellapp-1 16037 8001  [2018-11-01 00:02:49 999] - EntityApp::onDbmgrInitCompleted: entityID alloc(1-2001), startGlobalOrder=4, startGroupOrder=1, digest=7F4FC8296AD553545CD95B23EFF6238F.
    INFO    cellapp01 16037 8001  [2018-11-01 00:02:49 999] - IDClient::onAddRange: number of ids increased from 1 to 2001.
   S_DBG    cellapp01 16037 8001  [2018-11-01 00:02:51 205] - onInit::isReload:0
 WARNING    cellapp01 16037 8001  [2018-11-01 00:02:51 205] - e:\kbengine\kbe\src\lib\server\entity_app.h:749: Profile processRecvMessages took 1.21 seconds
 WARNING    cellapp01 16037 8001  [2018-11-01 00:02:51 206] - e:\kbengine\kbe\src\server\cellapp\cellapp.cpp:245: Profile gameTick took 1.21 seconds
 WARNING    cellapp01 16037 8001  [2018-11-01 00:02:51 206] - e:\kbengine\kbe\src\lib\network\event_dispatcher.cpp:153: Profile callSystemTimers took 1.21 seconds
 WARNING    cellapp01 16037 8001  [2018-11-01 00:02:51 206] - EntityApp::checkTickPeriod: tick took 1207% (1.21 seconds)!
   DEBUG    cellapp01 16037 8001  [2018-11-01 00:02:51 252] - InitProgressHandler::~InitProgressHandler()
   S_DBG    cellapp01 16037 8001  [2018-11-01 00:02:51 899] - onGlobalData: Halls
   DEBUG    cellapp01 16037 8001  [2018-11-01 00:03:03 431] - Spaces::createNewSpace: new space(Room) 1.
    INFO    cellapp01 16037 8001  [2018-11-01 00:03:03 456] - EntityApp::createEntity: new Room 2003
    INFO    cellapp01 16037 8001  [2018-11-01 00:03:03 499] - KBEngine::addSpaceGeometryMapping: spaceID=1, respath=spaces/mjRoom, shouldLoadOnServer=1!
 WARNING    cellapp01 16037 8001  [2018-11-01 00:03:03 535] - e:\kbengine\kbe\src\lib\server\entity_app.h:749: Profile processRecvMessages took 0.14 seconds
 WARNING    cellapp01 16037 8001  [2018-11-01 00:03:03 535] - e:\kbengine\kbe\src\server\cellapp\cellapp.cpp:245: Profile gameTick took 0.14 seconds
 WARNING    cellapp01 16037 8001  [2018-11-01 00:03:03 536] - e:\kbengine\kbe\src\lib\network\event_dispatcher.cpp:153: Profile callSystemTimers took 0.14 seconds
    INFO    cellapp01 16037 8001  [2018-11-01 00:03:03 536] - KBEngine::onLoadedSpaceGeometryMapping: spaceID=1, respath=spaces/mjRoom!
   S_DBG    cellapp01 16037 8001  [2018-11-01 00:03:03 699] - 玩家进来了---2002 座位号为 0
    INFO    cellapp01 16037 8001  [2018-11-01 00:03:03 800] - EntityApp::createEntity: new Account 2002
   S_DBG    cellapp01 16037 8001  [2018-11-01 00:03:05 799] - 2002
   S_DBG    cellapp01 16037 8001  [2018-11-01 00:03:05 800] - True
   S_DBG    cellapp01 16037 8001  [2018-11-01 00:03:05 899] - cell account
   S_DBG    cellapp01 16037 8001  [2018-11-01 00:03:05 900] - 1
   S_DBG    cellapp01 16037 8001  [2018-11-01 00:03:24 800] - 玩家进来了---2004 座位号为 1
    INFO    cellapp01 16037 8001  [2018-11-01 00:03:24 900] - EntityApp::createEntity: new Account 2004
   S_DBG    cellapp01 16037 8001  [2018-11-01 00:03:27 399] - 2004
   S_DBG    cellapp01 16037 8001  [2018-11-01 00:03:27 400] - True
   S_DBG    cellapp01 16037 8001  [2018-11-01 00:03:27 400] - 全部就位---开始处理！
   S_DBG    cellapp01 16037 8001  [2018-11-01 00:03:27 412] - 游戏开始！
 WARNING    cellapp01 16037 8001  [2018-11-01 00:03:27 559] - e:\kbengine\kbe\src\server\cellapp\entity.cpp:978: Profile scriptCall took 0.16 seconds
 WARNING    cellapp01 16037 8001  [2018-11-01 00:03:27 560] - e:\kbengine\kbe\src\lib\server\entity_app.h:749: Profile processRecvMessages took 0.16 seconds
 WARNING    cellapp01 16037 8001  [2018-11-01 00:03:27 560] - e:\kbengine\kbe\src\server\cellapp\cellapp.cpp:245: Profile gameTick took 0.16 seconds
 WARNING    cellapp01 16037 8001  [2018-11-01 00:03:27 560] - e:\kbengine\kbe\src\lib\network\event_dispatcher.cpp:153: Profile callSystemTimers took 0.16 seconds
   S_DBG    cellapp01 16037 8001  [2018-11-01 00:03:27 561] - cell account
   S_DBG    cellapp01 16037 8001  [2018-11-01 00:03:27 561] - 1
 WARNING    cellapp01 16037 8001  [2018-11-01 00:03:33 600] - e:\kbengine\kbe\src\server\cellapp\cellapp.cpp:245: Profile gameTick took 0.10 seconds
 WARNING    cellapp01 16037 8001  [2018-11-01 00:03:33 600] - e:\kbengine\kbe\src\lib\network\event_dispatcher.cpp:153: Profile callSystemTimers took 0.10 seconds
   DEBUG    cellapp01 16037 8001  [2018-11-01 00:10:02 904] - Account::onWriteToDB(): 2004.
   DEBUG    cellapp01 16037 8001  [2018-11-01 00:12:32 906] - Account::onWriteToDB(): 2002.
   DEBUG    cellapp01 16037 8001  [2018-11-01 00:15:02 907] - Account::onWriteToDB(): 2004.
   DEBUG    cellapp01 16037 8001  [2018-11-01 00:17:32 908] - Account::onWriteToDB(): 2002.
   DEBUG    cellapp01 16037 8001  [2018-11-01 00:20:02 909] - Account::onWriteToDB(): 2002.
   DEBUG    cellapp01 16037 8001  [2018-11-01 00:22:32 911] - Account::onWriteToDB(): 2004.
   DEBUG    cellapp01 16037 8001  [2018-11-01 00:25:02 912] - Account::onWriteToDB(): 2004.
    INFO    cellapp-1 18977 8001  [2018-11-01 22:35:55 256] - -----------------------------------------------------------------------------------------


    INFO    cellapp-1 18977 8001  [2018-11-01 22:35:57 765] - Resmgr::initialize: KBE_ROOT=E:/kbengine/
    INFO    cellapp-1 18977 8001  [2018-11-01 22:35:57 766] - Resmgr::initialize: KBE_RES_PATH=E:/kbengine/kbe/res/;E:/kbengine/assets/;E:/kbengine/assets/scripts/;E:/kbengine/assets/res/
    INFO    cellapp-1 18977 8001  [2018-11-01 22:35:57 766] - Resmgr::initialize: KBE_BIN_PATH=E:/kbengine/kbe/bin/server/
    INFO    cellapp-1 18977 8001  [2018-11-01 22:35:58 407] - NetworkInterface::initialize(INTERNAL): bound to all interfaces with default route interface on 192.168.0.107 ( 192.168.0.107:50025 )
    INFO    cellapp-1 18977 8001  [2018-11-01 22:35:58 528] - NetworkInterface::initialize(INTERNAL): address 192.168.0.107:50025, SOMAXCONN=5.
    INFO    cellapp-1 18977 8001  [2018-11-01 22:35:58 529] - server-configs:
    INFO    cellapp-1 18977 8001  [2018-11-01 22:35:58 529] - 	gameUpdateHertz : 10
    INFO    cellapp-1 18977 8001  [2018-11-01 22:35:58 595] - 	defaultViewRadius : 80
    INFO    cellapp-1 18977 8001  [2018-11-01 22:35:58 596] - 	defaultViewHysteresisArea : 5
    INFO    cellapp-1 18977 8001  [2018-11-01 22:35:58 596] - 	entryScriptFile : kbemain
    INFO    cellapp-1 18977 8001  [2018-11-01 22:35:58 596] - 	internalAddr : 192.168.0.107:50025
    INFO    cellapp-1 18977 8001  [2018-11-01 22:35:58 597] - 	componentID : 8001
    INFO    cellapp-1 18977 8001  [2018-11-01 22:35:59 001] - Components::findLogger: found logger, addr:192.168.0.107:50011
    INFO    cellapp-1 18977 8001  [2018-11-01 22:35:59 001] - Components::addComponent: reset orderLog, uid=18977!
    INFO    cellapp-1 18977 8001  [2018-11-01 22:35:59 124] - Components::addComponent[logger], uid=18977, componentID=2000, globalorderid=1, grouporderid=1, totalcount=1
    INFO    cellapp-1 18977 8001  [2018-11-01 22:35:59 693] - ---- cellapp Version: 2.0.0. ScriptVersion: 0.1.0. Protocol: 85A70C5E64F896E0F1A60BF405B4EB07. Config: Debug X86. Built: 15:53:53 Apr 29 2018. AppID: 8001. UID: 18977. PID: 8832 ----
    INFO    cellapp-1 18977 8001  [2018-11-01 22:35:59 694] - Server : Intel(R) Xeon(R) CPU E3-1230 v3 @ 3.30GHz with 4194303kB RAM
    INFO    cellapp-1 18977 8001  [2018-11-01 22:35:59 812] - ThreadPool::createThreadPool: creating  threadpool...
    INFO    cellapp-1 18977 8001  [2018-11-01 22:35:59 829] - ThreadPool::createThreadPool: successfully(2), newThreadCount=1, normalMaxThreadCount=2, maxThreadCount=8
   DEBUG    cellapp-1 18977 8001  [2018-11-01 22:36:05 297] - Script::install_py_dlls(): PyInit_pyexpat
   DEBUG    cellapp-1 18977 8001  [2018-11-01 22:36:05 349] - Script::install_py_dlls(): PyInit__socket
   DEBUG    cellapp-1 18977 8001  [2018-11-01 22:36:05 466] - Script::install_py_dlls(): PyInit__ssl
   DEBUG    cellapp-1 18977 8001  [2018-11-01 22:36:06 278] - Script::install_py_dlls(): PyInit__hashlib
   DEBUG    cellapp-1 18977 8001  [2018-11-01 22:36:06 384] - Script::install_py_dlls(): PyInit_select
   DEBUG    cellapp-1 18977 8001  [2018-11-01 22:36:06 523] - Script::install_py_dlls(): PyInit__ctypes
   DEBUG    cellapp-1 18977 8001  [2018-11-01 22:36:06 556] - Script::install_py_dlls(): PyInit__elementtree
   DEBUG    cellapp-1 18977 8001  [2018-11-01 22:36:07 232] - Script::install_py_dlls(): PyInit_unicodedata
    INFO    cellapp-1 18977 8001  [2018-11-01 22:36:08 511] - Script::install(): is successfully, Python=(3.4.2 (default, Apr 29 2018, 15:53:05) [MSC v.1913 32 bit (Intel)])!
    INFO    cellapp-1 18977 8001  [2018-11-01 22:36:08 511] - Script::install(): KBExtra is successfully!
   DEBUG    cellapp-1 18977 8001  [2018-11-01 22:36:10 307] - loaded entity-script:Account(1).
   DEBUG    cellapp-1 18977 8001  [2018-11-01 22:36:10 629] - loaded entity-script:Room(4).
    INFO    cellapp-1 18977 8001  [2018-11-01 22:36:10 676] - TelnetServer server is running on port 50000
    INFO    cellapp-1 18977 8001  [2018-11-01 22:36:11 344] - ---- cellapp is running ----
   DEBUG    cellapp-1 18977 8001  [2018-11-01 22:36:11 372] - Components::process(): Request for the process of identity...
 WARNING    cellapp-1 18977 8001  [2018-11-01 22:36:17 710] - EntityApp::checkTickPeriod: tick took 6366% (6.37 seconds)!
    INFO    cellapp-1 18977 8001  [2018-11-01 22:36:18 844] - Components::findComponents: find dbmgr(1)...
    INFO    cellapp-1 18977 8001  [2018-11-01 22:36:18 849] - Components::findComponents: found dbmgr, addr:192.168.0.107:50014
    INFO    cellapp-1 18977 8001  [2018-11-01 22:36:18 849] - Components::addComponent: reset orderLog, uid=18977!
    INFO    cellapp-1 18977 8001  [2018-11-01 22:36:18 849] - Components::addComponent[dbmgr], uid=18977, componentID=4000, globalorderid=1, grouporderid=1, totalcount=1
    INFO    cellapp-1 18977 8001  [2018-11-01 22:36:18 850] - Components::findComponents: found dbmgr, addr:192.168.0.107:50014
 WARNING    cellapp-1 18977 8001  [2018-11-01 22:36:19 850] - EntityApp::checkTickPeriod: tick took 1106% (1.11 seconds)!
    INFO    cellapp-1 18977 8001  [2018-11-01 22:36:20 862] - Components::findComponents: find cellappmgr(1)...
    INFO    cellapp-1 18977 8001  [2018-11-01 22:36:20 957] - Components::findComponents: found cellappmgr, addr:192.168.0.107:50012
    INFO    cellapp-1 18977 8001  [2018-11-01 22:36:20 957] - Components::addComponent[cellappmgr], uid=18977, componentID=6000, globalorderid=2, grouporderid=1, totalcount=1
    INFO    cellapp-1 18977 8001  [2018-11-01 22:36:20 958] - Components::findComponents: found cellappmgr, addr:192.168.0.107:50012
 WARNING    cellapp-1 18977 8001  [2018-11-01 22:36:21 958] - EntityApp::checkTickPeriod: tick took 1114% (1.11 seconds)!
    INFO    cellapp-1 18977 8001  [2018-11-01 22:36:22 962] - Components::findComponents: find baseappmgr(1)...
    INFO    cellapp-1 18977 8001  [2018-11-01 22:36:23 064] - Components::findComponents: found baseappmgr, addr:192.168.0.107:50015
    INFO    cellapp-1 18977 8001  [2018-11-01 22:36:23 064] - Components::addComponent[baseappmgr], uid=18977, componentID=5000, globalorderid=3, grouporderid=1, totalcount=1
    INFO    cellapp-1 18977 8001  [2018-11-01 22:36:23 065] - Components::findComponents: found baseappmgr, addr:192.168.0.107:50015
 WARNING    cellapp-1 18977 8001  [2018-11-01 22:36:24 065] - EntityApp::checkTickPeriod: tick took 1121% (1.12 seconds)!
    INFO    cellapp-1 18977 8001  [2018-11-01 22:36:25 162] - Components::findComponents: register self to dbmgr...
    INFO    cellapp-1 18977 8001  [2018-11-01 22:36:25 244] - Components::findComponents: register self to cellappmgr...
    INFO    cellapp-1 18977 8001  [2018-11-01 22:36:25 261] - Components::findComponents: register self to baseappmgr...
    INFO    cellapp-1 18977 8001  [2018-11-01 22:36:25 344] - Components::process(): Found all the components!
    INFO    cellapp-1 18977 8001  [2018-11-01 22:36:28 244] - EntityApp::onDbmgrInitCompleted: entityID alloc(1-2001), startGlobalOrder=5, startGroupOrder=1, digest=7F4FC8296AD553545CD95B23EFF6238F.
    INFO    cellapp01 18977 8001  [2018-11-01 22:36:28 244] - IDClient::onAddRange: number of ids increased from 1 to 2001.
   S_DBG    cellapp01 18977 8001  [2018-11-01 22:36:29 445] - onInit::isReload:0
 WARNING    cellapp01 18977 8001  [2018-11-01 22:36:29 445] - e:\kbengine\kbe\src\lib\server\entity_app.h:749: Profile processRecvMessages took 1.20 seconds
 WARNING    cellapp01 18977 8001  [2018-11-01 22:36:29 445] - e:\kbengine\kbe\src\server\cellapp\cellapp.cpp:245: Profile gameTick took 1.20 seconds
 WARNING    cellapp01 18977 8001  [2018-11-01 22:36:29 445] - e:\kbengine\kbe\src\lib\network\event_dispatcher.cpp:153: Profile callSystemTimers took 1.20 seconds
 WARNING    cellapp01 18977 8001  [2018-11-01 22:36:29 445] - EntityApp::checkTickPeriod: tick took 1201% (1.20 seconds)!
   DEBUG    cellapp01 18977 8001  [2018-11-01 22:36:29 475] - InitProgressHandler::~InitProgressHandler()
    INFO    cellapp01 18977 8001  [2018-11-01 22:36:32 645] - ServerApp::onRegisterNewApp: uid:18977, username:, componentType:baseapp, componentID:7001, globalorderID=6, grouporderID=1, intaddr:192.168.0.107, intport:50031, extaddr:192.168.0.107, extport:20015,  from 192.168.0.107:50014/0/0/0.
    INFO    cellapp01 18977 8001  [2018-11-01 22:36:32 645] - Components::addComponent[baseapp], uid=18977, componentID=7001, globalorderid=6, grouporderid=1, totalcount=1
   S_DBG    cellapp01 18977 8001  [2018-11-01 22:36:37 708] - onGlobalData: Halls
