    INFO      dbmgr-1 17503 4000  [2018-05-01 12:12:07 998] - -----------------------------------------------------------------------------------------


    INFO      dbmgr-1 17503 4000  [2018-05-01 12:12:09 664] - Resmgr::initialize: KBE_ROOT=E:/kbengine/
    INFO      dbmgr-1 17503 4000  [2018-05-01 12:12:09 665] - Resmgr::initialize: KBE_RES_PATH=E:/kbengine/kbe/res/;E:/kbengine/assets/;E:/kbengine/assets/scripts/;E:/kbengine/assets/res/
    INFO      dbmgr-1 17503 4000  [2018-05-01 12:12:09 665] - Resmgr::initialize: KBE_BIN_PATH=E:/kbengine/kbe/bin/server/
    INFO      dbmgr-1 17503 4000  [2018-05-01 12:12:10 242] - NetworkInterface::initialize(INTERNAL): bound to all interfaces with default route interface on 192.168.0.106 ( 192.168.0.106:50723 )
    INFO      dbmgr-1 17503 4000  [2018-05-01 12:12:10 243] - NetworkInterface::initialize(INTERNAL): address 192.168.0.106:50723, SOMAXCONN=5.
    INFO      dbmgr-1 17503 4000  [2018-05-01 12:12:10 516] - server-configs:
    INFO      dbmgr-1 17503 4000  [2018-05-01 12:12:10 517] - 	internalAddr : 192.168.0.106:50723
    INFO      dbmgr-1 17503 4000  [2018-05-01 12:12:10 517] - 	componentID : 4000
    INFO      dbmgr-1 17503 4000  [2018-05-01 12:12:12 347] - ---- dbmgr Version: 2.0.0. ScriptVersion: 0.1.0. Protocol: F28F1C37BCC70CD27B77841D4A30E3D7. Config: Debug X86. Built: 15:52:44 Apr 29 2018. AppID: 4000. UID: 17503. PID: 11468 ----
    INFO      dbmgr-1 17503 4000  [2018-05-01 12:12:12 348] - Server : Intel(R) Xeon(R) CPU E3-1230 v3 @ 3.30GHz with 4194303kB RAM
    INFO      dbmgr-1 17503 4000  [2018-05-01 12:12:12 356] - ThreadPool::createThreadPool: creating  threadpool...
    INFO      dbmgr-1 17503 4000  [2018-05-01 12:12:12 357] - ThreadPool::createThreadPool: successfully(2), newThreadCount=1, normalMaxThreadCount=2, maxThreadCount=8
   DEBUG      dbmgr-1 17503 4000  [2018-05-01 12:12:20 160] - Script::install_py_dlls(): PyInit_pyexpat
   DEBUG      dbmgr-1 17503 4000  [2018-05-01 12:12:20 303] - Script::install_py_dlls(): PyInit__socket
   DEBUG      dbmgr-1 17503 4000  [2018-05-01 12:12:20 440] - Script::install_py_dlls(): PyInit__ssl
   DEBUG      dbmgr-1 17503 4000  [2018-05-01 12:12:22 352] - Script::install_py_dlls(): PyInit__hashlib
   DEBUG      dbmgr-1 17503 4000  [2018-05-01 12:12:22 426] - Script::install_py_dlls(): PyInit_select
   DEBUG      dbmgr-1 17503 4000  [2018-05-01 12:12:22 438] - Script::install_py_dlls(): PyInit__ctypes
   DEBUG      dbmgr-1 17503 4000  [2018-05-01 12:12:22 548] - Script::install_py_dlls(): PyInit__elementtree
   DEBUG      dbmgr-1 17503 4000  [2018-05-01 12:12:29 539] - Script::install_py_dlls(): PyInit_unicodedata
    INFO      dbmgr-1 17503 4000  [2018-05-01 12:12:30 934] - Script::install(): is successfully, Python=(3.4.2 (default, Apr 29 2018, 15:52:37) [MSC v.1913 32 bit (Intel)])!
    INFO      dbmgr-1 17503 4000  [2018-05-01 12:12:30 934] - Script::install(): KBExtra is successfully!
    INFO      dbmgr-1 17503 4000  [2018-05-01 12:12:31 244] - Dbmgr::initializeEnd: digest(7A5557DBD272B72F3115388F67B965E8)
  S_INFO      dbmgr-1 17503 4000  [2018-05-01 12:12:31 244] - onDBMgrReady: bootstrapGroupIndex=0, bootstrapGlobalIndex=0
    INFO      dbmgr-1 17503 4000  [2018-05-01 12:12:31 268] - TelnetServer server is running on port 32000
    INFO      dbmgr-1 17503 4000  [2018-05-01 12:12:31 370] - Dbmgr::initInterfacesHandler: interfaces addr(127.0.0.1:30099), accountType:(interfaces), chargeType:(interfaces).
 WARNING      dbmgr-1 17503 4000  [2018-05-01 12:12:31 908] - DBUtil::initialize: db(default) password is not encrypted!
please use password(rsa):
D66A22ACCE47813860F026F27D26A755A1E514EDA9A2914BA894B9D5A9ED900C603F189B33664685A8E5DF282B2C994383942634CCD4B8DD307FE770E65D411AC0778A88930346EA459016E7E64D2058CD8E487C30F0F234228B5082E08F1EE5338DE7021600A564EF0C162563E3496A91044CEBD060644770D77FDDFDA387A0
   DEBUG      dbmgr-1 17503 4000  [2018-05-01 12:12:35 378] - DBInterfaceMysql::attach: connect: localhost:3306 starting...
   DEBUG      dbmgr-1 17503 4000  [2018-05-01 12:12:36 182] - DBInterfaceMysql::attach: successfully! addr: localhost:3306
    INFO      dbmgr-1 17503 4000  [2018-05-01 12:12:36 182] - DBUtil::createInterface[0x37f164]: interface=default, dbtype=mysql, ip=localhost, port=3306, currdatabase=kbe, username=kbe, connected=yes.

    INFO      dbmgr-1 17503 4000  [2018-05-01 12:12:36 242] - ThreadPool::createThreadPool: creating  threadpool...
    INFO      dbmgr-1 17503 4000  [2018-05-01 12:12:36 244] - ThreadPool::createThreadPool: successfully(5), newThreadCount=5, normalMaxThreadCount=5, maxThreadCount=5
    INFO      dbmgr-1 17503 4000  [2018-05-01 12:12:36 694] - DBInterfaceMysql::query: successfully!
    INFO      dbmgr-1 17503 4000  [2018-05-01 12:12:36 699] - DBInterfaceMysql::query: successfully!
 WARNING      dbmgr-1 17503 4000  [2018-05-01 12:12:38 220] - e:\kbengine\kbe\src\server\dbmgr\dbmgr.cpp:275: Profile scriptCall took 6.98 seconds
    INFO      dbmgr-1 17503 4000  [2018-05-01 12:12:38 808] - ---- dbmgr is running ----
   DEBUG      dbmgr-1 17503 4000  [2018-05-01 12:12:38 850] - Components::process(): Request for the process of identity...
   DEBUG      dbmgr-1 17503 4000  [2018-05-01 12:12:36 243] - DBInterfaceMysql::attach: connect: localhost:3306 starting...
   DEBUG      dbmgr-1 17503 4000  [2018-05-01 12:12:36 243] - DBInterfaceMysql::attach: connect: localhost:3306 starting...
   DEBUG      dbmgr-1 17503 4000  [2018-05-01 12:12:36 244] - DBInterfaceMysql::attach: connect: localhost:3306 starting...
   DEBUG      dbmgr-1 17503 4000  [2018-05-01 12:12:36 245] - DBInterfaceMysql::attach: connect: localhost:3306 starting...
   DEBUG      dbmgr-1 17503 4000  [2018-05-01 12:12:36 245] - DBInterfaceMysql::attach: connect: localhost:3306 starting...
   DEBUG      dbmgr-1 17503 4000  [2018-05-01 12:12:36 247] - DBInterfaceMysql::attach: successfully! addr: localhost:3306
   DEBUG      dbmgr-1 17503 4000  [2018-05-01 12:12:36 247] - DBThread::onStart(): 0x1b77f40!
   DEBUG      dbmgr-1 17503 4000  [2018-05-01 12:12:36 247] - DBInterfaceMysql::attach: successfully! addr: localhost:3306
   DEBUG      dbmgr-1 17503 4000  [2018-05-01 12:12:36 248] - DBInterfaceMysql::attach: successfully! addr: localhost:3306
   DEBUG      dbmgr-1 17503 4000  [2018-05-01 12:12:36 248] - DBThread::onStart(): 0x1b78050!
   DEBUG      dbmgr-1 17503 4000  [2018-05-01 12:12:36 248] - DBThread::onStart(): 0x1b77fc8!
   DEBUG      dbmgr-1 17503 4000  [2018-05-01 12:12:36 249] - DBInterfaceMysql::attach: successfully! addr: localhost:3306
   DEBUG      dbmgr-1 17503 4000  [2018-05-01 12:12:36 249] - DBThread::onStart(): 0x1b780d8!
   DEBUG      dbmgr-1 17503 4000  [2018-05-01 12:12:36 249] - DBInterfaceMysql::attach: successfully! addr: localhost:3306
   DEBUG      dbmgr-1 17503 4000  [2018-05-01 12:12:36 249] - DBThread::onStart(): 0x1b78160!
    INFO      dbmgr-1 17503 4000  [2018-05-01 12:12:36 909] - DBInterfaceMysql::query: successfully!
    INFO      dbmgr-1 17503 4000  [2018-05-01 12:12:36 914] - DBInterfaceMysql::query: successfully!
   DEBUG      dbmgr-1 17503 4000  [2018-05-01 12:12:36 987] - syncToDB(): Account->sm_playerName(varchar(255) not null DEFAULT '').
    INFO      dbmgr-1 17503 4000  [2018-05-01 12:12:36 989] - DBInterfaceMysql::query: successfully!
    INFO      dbmgr-1 17503 4000  [2018-05-01 12:12:36 989] - DBInterfaceMysql::query: successfully!
 WARNING      dbmgr-1 17503 4000  [2018-05-01 12:12:36 996] - DBTask::process(): took 0.29 seconds
sql:(CREATE TABLE IF NOT EXISTS kbe_accountinfos (`accountName` varchar(128) not null, PRIMARY KEY idKey (`accountName`),`password` varchar(255),`bindata` blob,`email` varchar(191) not null, UNIQUE KEY `email` (`email`),`entityDBID` bigint(20) unsigned not null DEFAULT 0, UNIQUE KEY `entityDBID` (`entityDBID`),`flags` int unsigned not null DEFAULT 0,`deadline` bigint(20) not null DEFAULT 0,`regtime` bigint(20) not null DEFAULT 0,`lasttime` bigint(20) not null DEFAULT 0,`numlogin` int unsigned not null DEFAULT 0)ENGINE=InnoDB)
 WARNING      dbmgr-1 17503 4000  [2018-05-01 12:12:37 258] - DBTask::process(): took 0.56 seconds
sql:(insert into kbe_serverlog (heartbeatTime, logger) values(1525147956,4000) ON DUPLICATE KEY UPDATE heartbeatTime=1525147956)
    INFO      dbmgr-1 17503 4000  [2018-05-01 12:12:37 259] - DBInterfaceMysql::query: successfully!
 WARNING      dbmgr-1 17503 4000  [2018-05-01 12:12:37 260] - DBTask::process(): took 0.56 seconds
sql:(delete from kbe_entitylog where logger in (4000))
    INFO      dbmgr-1 17503 4000  [2018-05-01 12:12:37 375] - DBInterfaceMysql::query: successfully!
    INFO      dbmgr-1 17503 4000  [2018-05-01 12:12:37 376] - DBInterfaceMysql::query: successfully!
    INFO      dbmgr-1 17503 4000  [2018-05-01 12:12:37 377] - DBInterfaceMysql::query: successfully!
 WARNING      dbmgr-1 17503 4000  [2018-05-01 12:12:37 378] - DBTask::process(): took 0.68 seconds
sql:(delete from kbe_email_verification where logtime<1525144357 and type=3)
 WARNING      dbmgr-1 17503 4000  [2018-05-01 12:12:38 199] - DBTask::process(): took 1.50 seconds
sql:(show index from tbl_Account)
    INFO      dbmgr-1 17503 4000  [2018-05-01 12:12:45 065] - ServerApp::onRegisterNewApp: uid:17503, username:, componentType:baseappmgr, componentID:5000, globalorderID=-1, grouporderID=-1, intaddr:192.168.0.106, intport:50724, extaddr:nonsupport, extport:0,  from 192.168.0.106:50754/0/0/0.
    INFO      dbmgr-1 17503 4000  [2018-05-01 12:12:45 065] - Components::addComponent: reset orderLog, uid=17503!
    INFO      dbmgr-1 17503 4000  [2018-05-01 12:12:45 066] - Components::addComponent[baseappmgr], uid=17503, componentID=5000, globalorderid=1, grouporderid=1, totalcount=1
    INFO      dbmgr-1 17503 4000  [2018-05-01 12:12:45 066] - ServerApp::onRegisterNewApp: uid:17503, username:, componentType:cellappmgr, componentID:6000, globalorderID=-1, grouporderID=-1, intaddr:192.168.0.106, intport:50722, extaddr:nonsupport, extport:0,  from 192.168.0.106:50756/0/0/0.
    INFO      dbmgr-1 17503 4000  [2018-05-01 12:12:45 067] - Components::addComponent[cellappmgr], uid=17503, componentID=6000, globalorderid=2, grouporderid=1, totalcount=1
    INFO      dbmgr-1 17503 4000  [2018-05-01 12:12:46 064] - Components::findComponents: find logger(1)...
    INFO      dbmgr-1 17503 4000  [2018-05-01 12:12:46 079] - Components::findComponents: found logger, addr:192.168.0.106:50721
    INFO      dbmgr-1 17503 4000  [2018-05-01 12:12:46 080] - Components::addComponent[logger], uid=17503, componentID=2000, globalorderid=3, grouporderid=1, totalcount=1
    INFO      dbmgr-1 17503 4000  [2018-05-01 12:12:46 104] - Components::process(): Found all the components!
    INFO      dbmgr-1 17503 4000  [2018-05-01 12:12:47 224] - ServerApp::onRegisterNewApp: uid:17503, username:, componentType:loginapp, componentID:9000, globalorderID=-1, grouporderID=-1, intaddr:192.168.0.106, intport:50726, extaddr:192.168.0.106, extport:20013,  from 192.168.0.106:50765/0/0/0.
    INFO      dbmgr-1 17503 4000  [2018-05-01 12:12:47 224] - Components::addComponent[loginapp], uid=17503, componentID=9000, globalorderid=4, grouporderid=1, totalcount=1
   DEBUG      dbmgr-1 17503 4000  [2018-05-01 12:12:50 235] - SyncAppDatasHandler::~SyncAppDatasHandler()
    INFO      dbmgr-1 17503 4000  [2018-05-01 12:12:51 324] - ServerApp::onRegisterNewApp: uid:17503, username:, componentType:cellapp, componentID:8001, globalorderID=-1, grouporderID=-1, intaddr:192.168.0.106, intport:50727, extaddr:nonsupport, extport:0,  from 192.168.0.106:50782/0/0/0.
    INFO      dbmgr-1 17503 4000  [2018-05-01 12:12:51 324] - Components::addComponent[cellapp], uid=17503, componentID=8001, globalorderid=5, grouporderid=1, totalcount=1
    INFO      dbmgr-1 17503 4000  [2018-05-01 12:12:54 335] - IDServer::allocRange: 1-2001.
   DEBUG      dbmgr-1 17503 4000  [2018-05-01 12:12:54 335] - SyncAppDatasHandler::~SyncAppDatasHandler()
    INFO      dbmgr-1 17503 4000  [2018-05-01 12:12:57 825] - ServerApp::onRegisterNewApp: uid:17503, username:, componentType:baseapp, componentID:7001, globalorderID=-1, grouporderID=-1, intaddr:192.168.0.106, intport:50736, extaddr:192.168.0.106, extport:20015,  from 192.168.0.106:50785/0/0/0.
    INFO      dbmgr-1 17503 4000  [2018-05-01 12:12:57 825] - Components::addComponent[baseapp], uid=17503, componentID=7001, globalorderid=6, grouporderid=1, totalcount=1
    INFO      dbmgr-1 17503 4000  [2018-05-01 12:13:00 836] - IDServer::allocRange: 2001-4001.
   DEBUG      dbmgr-1 17503 4000  [2018-05-01 12:13:00 836] - SyncAppDatasHandler::~SyncAppDatasHandler()
   DEBUG      dbmgr-1 17503 4000  [2018-05-01 12:14:16 345] - Dbmgr::onAccountLogin:loginName=1, accountName=1, success=0, componentID=0, entityID=0, dbid=1, flags=0, deadline=0.
   DEBUG      dbmgr-1 17503 4000  [2018-05-01 12:14:16 745] - Dbmgr::queryAccount: 1, success=1, flags=0, deadline=0.
   DEBUG      dbmgr-1 17503 4000  [2018-05-01 12:14:47 365] - Dbmgr::writeEntity: Account(1).
   DEBUG      dbmgr-1 17503 4000  [2018-05-01 12:14:47 405] - Dbmgr::onEntityOffline: 1, entityType=1.
    INFO      dbmgr-1 17503 4000  [2018-05-01 12:14:47 346] - Buffered_DBTasks::onFiniTask: Playing buffered task for entityID=0, dbid=1, dbid_tasks_size=1, entityid_tasks_size=0.
   DEBUG      dbmgr-1 17503 4000  [2018-05-01 12:15:38 606] - Dbmgr::onAccountLogin:loginName=1, accountName=1, success=0, componentID=0, entityID=0, dbid=1, flags=0, deadline=0.
   DEBUG      dbmgr-1 17503 4000  [2018-05-01 12:15:39 066] - Dbmgr::queryAccount: 1, success=1, flags=0, deadline=0.
    INFO      dbmgr-1 17503 4000  [2018-05-01 12:17:49 537] - Buffered_DBTasks::onFiniTask: Playing buffered task for entityID=0, dbid=1, dbid_tasks_size=1, entityid_tasks_size=0.
   DEBUG      dbmgr-1 17503 4000  [2018-05-01 12:17:49 546] - Dbmgr::writeEntity: Account(1).
   DEBUG      dbmgr-1 17503 4000  [2018-05-01 12:17:49 566] - Dbmgr::onEntityOffline: 1, entityType=1.
   DEBUG      dbmgr-1 17503 4000  [2018-05-01 12:19:25 507] - Dbmgr::onAccountLogin:loginName=1, accountName=1, success=0, componentID=0, entityID=0, dbid=1, flags=0, deadline=0.
   DEBUG      dbmgr-1 17503 4000  [2018-05-01 12:19:25 967] - Dbmgr::queryAccount: 1, success=1, flags=0, deadline=0.
   DEBUG      dbmgr-1 17503 4000  [2018-05-01 12:22:24 168] - Dbmgr::writeEntity: Account(1).
   DEBUG      dbmgr-1 17503 4000  [2018-05-01 12:22:24 208] - Dbmgr::onEntityOffline: 1, entityType=1.
 WARNING      dbmgr-1 17503 4000  [2018-05-01 12:22:24 153] - DBTransaction::commit(): took 0.28 seconds
    INFO      dbmgr-1 17503 4000  [2018-05-01 12:22:24 154] - Buffered_DBTasks::onFiniTask: Playing buffered task for entityID=0, dbid=1, dbid_tasks_size=1, entityid_tasks_size=0.
    INFO      dbmgr-1 26543 4000  [2018-05-01 12:57:58 326] - -----------------------------------------------------------------------------------------


    INFO      dbmgr-1 26543 4000  [2018-05-01 12:57:58 326] - Resmgr::initialize: KBE_ROOT=E:/kbengine/
    INFO      dbmgr-1 26543 4000  [2018-05-01 12:57:58 327] - Resmgr::initialize: KBE_RES_PATH=E:/kbengine/kbe/res/;E:/kbengine/assets/;E:/kbengine/assets/scripts/;E:/kbengine/assets/res/
    INFO      dbmgr-1 26543 4000  [2018-05-01 12:57:58 327] - Resmgr::initialize: KBE_BIN_PATH=E:/kbengine/kbe/bin/server/
    INFO      dbmgr-1 26543 4000  [2018-05-01 12:57:58 331] - NetworkInterface::initialize(INTERNAL): bound to all interfaces with default route interface on 192.168.0.106 ( 192.168.0.106:51115 )
    INFO      dbmgr-1 26543 4000  [2018-05-01 12:57:58 331] - NetworkInterface::initialize(INTERNAL): address 192.168.0.106:51115, SOMAXCONN=5.
    INFO      dbmgr-1 26543 4000  [2018-05-01 12:57:58 331] - server-configs:
    INFO      dbmgr-1 26543 4000  [2018-05-01 12:57:58 332] - 	internalAddr : 192.168.0.106:51115
    INFO      dbmgr-1 26543 4000  [2018-05-01 12:57:58 332] - 	componentID : 4000
 WARNING      dbmgr-1 26543 4000  [2018-05-01 12:57:58 643] - BundleBroadcast::BundleBroadcast: Cannot bind to port 20361, errorno=10048
    INFO      dbmgr-1 26543 4000  [2018-05-01 12:57:58 647] - ---- dbmgr Version: 2.0.0. ScriptVersion: 0.1.0. Protocol: F28F1C37BCC70CD27B77841D4A30E3D7. Config: Debug X86. Built: 15:52:44 Apr 29 2018. AppID: 4000. UID: 26543. PID: 8540 ----
    INFO      dbmgr-1 26543 4000  [2018-05-01 12:57:58 647] - Server : Intel(R) Xeon(R) CPU E3-1230 v3 @ 3.30GHz with 4194303kB RAM
    INFO      dbmgr-1 26543 4000  [2018-05-01 12:57:58 647] - ThreadPool::createThreadPool: creating  threadpool...
    INFO      dbmgr-1 26543 4000  [2018-05-01 12:57:58 647] - ThreadPool::createThreadPool: successfully(2), newThreadCount=1, normalMaxThreadCount=2, maxThreadCount=8
   DEBUG      dbmgr-1 26543 4000  [2018-05-01 12:57:58 774] - Script::install_py_dlls(): PyInit_pyexpat
   DEBUG      dbmgr-1 26543 4000  [2018-05-01 12:57:58 774] - Script::install_py_dlls(): PyInit__socket
   DEBUG      dbmgr-1 26543 4000  [2018-05-01 12:57:58 774] - Script::install_py_dlls(): PyInit__ssl
   DEBUG      dbmgr-1 26543 4000  [2018-05-01 12:57:58 778] - Script::install_py_dlls(): PyInit__hashlib
   DEBUG      dbmgr-1 26543 4000  [2018-05-01 12:57:58 778] - Script::install_py_dlls(): PyInit_select
   DEBUG      dbmgr-1 26543 4000  [2018-05-01 12:57:58 778] - Script::install_py_dlls(): PyInit__ctypes
   DEBUG      dbmgr-1 26543 4000  [2018-05-01 12:57:58 779] - Script::install_py_dlls(): PyInit__elementtree
   DEBUG      dbmgr-1 26543 4000  [2018-05-01 12:57:58 806] - Script::install_py_dlls(): PyInit_unicodedata
    INFO      dbmgr-1 26543 4000  [2018-05-01 12:57:58 833] - Script::install(): is successfully, Python=(3.4.2 (default, Apr 29 2018, 15:52:37) [MSC v.1913 32 bit (Intel)])!
    INFO      dbmgr-1 26543 4000  [2018-05-01 12:57:58 833] - Script::install(): KBExtra is successfully!
    INFO      dbmgr-1 26543 4000  [2018-05-01 12:57:58 838] - Dbmgr::initializeEnd: digest(7A5557DBD272B72F3115388F67B965E8)
  S_INFO      dbmgr-1 26543 4000  [2018-05-01 12:57:58 838] - onDBMgrReady: bootstrapGroupIndex=0, bootstrapGlobalIndex=0
    INFO      dbmgr-1 26543 4000  [2018-05-01 12:57:58 838] - TelnetServer server is running on port 32000
    INFO      dbmgr-1 26543 4000  [2018-05-01 12:57:58 838] - Dbmgr::initInterfacesHandler: interfaces addr(127.0.0.1:30099), accountType:(interfaces), chargeType:(interfaces).
 WARNING      dbmgr-1 26543 4000  [2018-05-01 12:57:59 127] - DBUtil::initialize: db(default) password is not encrypted!
please use password(rsa):
83C2305BAC352865CCC9B19E16C187CA10E825AB74B50140DF2AAD34A96723D6167BDE6BE47A82C4E75908E355ADEF33B58EF8B1BD316A537AE050CD1105B917F36E2825BD13D184A812E4FD88093A966F5FF611D4B45EC4A5AB1DB3799945B29EF8A0082138AE793004891756369702BCA9485C4FF9352E4B49A84E8ACD525D
   DEBUG      dbmgr-1 26543 4000  [2018-05-01 12:57:59 128] - DBInterfaceMysql::attach: connect: localhost:3306 starting...
   DEBUG      dbmgr-1 26543 4000  [2018-05-01 12:57:59 130] - DBInterfaceMysql::attach: successfully! addr: localhost:3306
    INFO      dbmgr-1 26543 4000  [2018-05-01 12:57:59 130] - DBUtil::createInterface[0x16ef418]: interface=default, dbtype=mysql, ip=localhost, port=3306, currdatabase=kbe, username=kbe, connected=yes.

    INFO      dbmgr-1 26543 4000  [2018-05-01 12:57:59 130] - ThreadPool::createThreadPool: creating  threadpool...
    INFO      dbmgr-1 26543 4000  [2018-05-01 12:57:59 131] - ThreadPool::createThreadPool: successfully(5), newThreadCount=5, normalMaxThreadCount=5, maxThreadCount=5
    INFO      dbmgr-1 26543 4000  [2018-05-01 12:57:59 232] - DBInterfaceMysql::query: successfully!
    INFO      dbmgr-1 26543 4000  [2018-05-01 12:57:59 233] - DBInterfaceMysql::query: successfully!
 WARNING      dbmgr-1 26543 4000  [2018-05-01 12:57:59 283] - e:\kbengine\kbe\src\server\dbmgr\dbmgr.cpp:275: Profile scriptCall took 0.45 seconds
    INFO      dbmgr-1 26543 4000  [2018-05-01 12:57:59 570] - ---- dbmgr is running ----
   DEBUG      dbmgr-1 26543 4000  [2018-05-01 12:57:59 570] - Components::process(): Request for the process of identity...
   DEBUG      dbmgr-1 26543 4000  [2018-05-01 12:57:59 131] - DBInterfaceMysql::attach: connect: localhost:3306 starting...
   DEBUG      dbmgr-1 26543 4000  [2018-05-01 12:57:59 131] - DBInterfaceMysql::attach: connect: localhost:3306 starting...
   DEBUG      dbmgr-1 26543 4000  [2018-05-01 12:57:59 131] - DBInterfaceMysql::attach: connect: localhost:3306 starting...
   DEBUG      dbmgr-1 26543 4000  [2018-05-01 12:57:59 131] - DBInterfaceMysql::attach: connect: localhost:3306 starting...
   DEBUG      dbmgr-1 26543 4000  [2018-05-01 12:57:59 131] - DBInterfaceMysql::attach: connect: localhost:3306 starting...
   DEBUG      dbmgr-1 26543 4000  [2018-05-01 12:57:59 132] - DBInterfaceMysql::attach: successfully! addr: localhost:3306
   DEBUG      dbmgr-1 26543 4000  [2018-05-01 12:57:59 132] - DBThread::onStart(): 0x1a57f40!
   DEBUG      dbmgr-1 26543 4000  [2018-05-01 12:57:59 132] - DBInterfaceMysql::attach: successfully! addr: localhost:3306
   DEBUG      dbmgr-1 26543 4000  [2018-05-01 12:57:59 132] - DBThread::onStart(): 0x1a580d8!
   DEBUG      dbmgr-1 26543 4000  [2018-05-01 12:57:59 132] - DBInterfaceMysql::attach: successfully! addr: localhost:3306
   DEBUG      dbmgr-1 26543 4000  [2018-05-01 12:57:59 132] - DBThread::onStart(): 0x1a57fc8!
   DEBUG      dbmgr-1 26543 4000  [2018-05-01 12:57:59 133] - DBInterfaceMysql::attach: successfully! addr: localhost:3306
   DEBUG      dbmgr-1 26543 4000  [2018-05-01 12:57:59 133] - DBInterfaceMysql::attach: successfully! addr: localhost:3306
   DEBUG      dbmgr-1 26543 4000  [2018-05-01 12:57:59 133] - DBThread::onStart(): 0x1a58160!
   DEBUG      dbmgr-1 26543 4000  [2018-05-01 12:57:59 133] - DBThread::onStart(): 0x1a58050!
    INFO      dbmgr-1 26543 4000  [2018-05-01 12:57:59 234] - DBInterfaceMysql::query: successfully!
    INFO      dbmgr-1 26543 4000  [2018-05-01 12:57:59 234] - DBInterfaceMysql::query: successfully!
    INFO      dbmgr-1 26543 4000  [2018-05-01 12:57:59 234] - DBInterfaceMysql::query: successfully!
    INFO      dbmgr-1 26543 4000  [2018-05-01 12:57:59 235] - DBInterfaceMysql::query: successfully!
    INFO      dbmgr-1 26543 4000  [2018-05-01 12:57:59 235] - DBInterfaceMysql::query: successfully!
    INFO      dbmgr-1 26543 4000  [2018-05-01 12:57:59 235] - DBInterfaceMysql::query: successfully!
    INFO      dbmgr-1 26543 4000  [2018-05-01 12:57:59 235] - DBInterfaceMysql::query: successfully!
    INFO      dbmgr-1 26543 4000  [2018-05-01 12:57:59 236] - DBInterfaceMysql::query: successfully!
    INFO      dbmgr-1 26543 4000  [2018-05-01 12:58:06 679] - Components::findComponents: find logger(1)...
    INFO      dbmgr-1 26543 4000  [2018-05-01 12:58:06 692] - Components::findComponents: found logger, addr:192.168.0.106:51109
    INFO      dbmgr-1 26543 4000  [2018-05-01 12:58:06 693] - Components::addComponent: reset orderLog, uid=26543!
    INFO      dbmgr-1 26543 4000  [2018-05-01 12:58:06 694] - Components::addComponent[logger], uid=26543, componentID=2000, globalorderid=1, grouporderid=1, totalcount=1
    INFO      dbmgr-1 26543 4000  [2018-05-01 12:58:06 719] - Components::process(): Found all the components!
    INFO      dbmgr-1 26543 4000  [2018-05-01 12:58:10 399] - ServerApp::onRegisterNewApp: uid:26543, username:, componentType:cellappmgr, componentID:6000, globalorderID=-1, grouporderID=-1, intaddr:192.168.0.106, intport:51112, extaddr:nonsupport, extport:0,  from 192.168.0.106:51137/0/0/0.
    INFO      dbmgr-1 26543 4000  [2018-05-01 12:58:10 399] - Components::addComponent: reset orderLog, uid=26543!
    INFO      dbmgr-1 26543 4000  [2018-05-01 12:58:10 399] - Components::addComponent[cellappmgr], uid=26543, componentID=6000, globalorderid=1, grouporderid=1, totalcount=1
    INFO      dbmgr-1 26543 4000  [2018-05-01 12:58:11 519] - ServerApp::onRegisterNewApp: uid:26543, username:, componentType:baseappmgr, componentID:5000, globalorderID=-1, grouporderID=-1, intaddr:192.168.0.106, intport:51111, extaddr:nonsupport, extport:0,  from 192.168.0.106:51144/0/0/0.
    INFO      dbmgr-1 26543 4000  [2018-05-01 12:58:11 519] - Components::addComponent[baseappmgr], uid=26543, componentID=5000, globalorderid=2, grouporderid=1, totalcount=1
    INFO      dbmgr-1 26543 4000  [2018-05-01 12:58:12 018] - ServerApp::onRegisterNewApp: uid:26543, username:, componentType:loginapp, componentID:9000, globalorderID=-1, grouporderID=-1, intaddr:192.168.0.106, intport:51113, extaddr:192.168.0.106, extport:20013,  from 192.168.0.106:51150/0/0/0.
    INFO      dbmgr-1 26543 4000  [2018-05-01 12:58:12 018] - Components::addComponent[loginapp], uid=26543, componentID=9000, globalorderid=3, grouporderid=1, totalcount=1
    INFO      dbmgr-1 26543 4000  [2018-05-01 12:58:12 898] - ServerApp::onRegisterNewApp: uid:26543, username:, componentType:baseapp, componentID:7001, globalorderID=-1, grouporderID=-1, intaddr:192.168.0.106, intport:51110, extaddr:192.168.0.106, extport:20015,  from 192.168.0.106:51157/0/0/0.
    INFO      dbmgr-1 26543 4000  [2018-05-01 12:58:12 898] - Components::addComponent[baseapp], uid=26543, componentID=7001, globalorderid=4, grouporderid=1, totalcount=1
    INFO      dbmgr-1 26543 4000  [2018-05-01 12:58:13 938] - ServerApp::onRegisterNewApp: uid:26543, username:, componentType:cellapp, componentID:8001, globalorderID=-1, grouporderID=-1, intaddr:192.168.0.106, intport:51114, extaddr:nonsupport, extport:0,  from 192.168.0.106:51160/0/0/0.
    INFO      dbmgr-1 26543 4000  [2018-05-01 12:58:13 938] - Components::addComponent[cellapp], uid=26543, componentID=8001, globalorderid=5, grouporderid=1, totalcount=1
    INFO      dbmgr-1 26543 4000  [2018-05-01 12:58:16 958] - IDServer::allocRange: 1-2001.
    INFO      dbmgr-1 26543 4000  [2018-05-01 12:58:16 958] - IDServer::allocRange: 2001-4001.
   DEBUG      dbmgr-1 26543 4000  [2018-05-01 12:58:16 958] - SyncAppDatasHandler::~SyncAppDatasHandler()
   DEBUG      dbmgr-1 26543 4000  [2018-05-01 12:58:32 558] - Dbmgr::onAccountLogin:loginName=1, accountName=1, success=0, componentID=0, entityID=0, dbid=1, flags=0, deadline=0.
   DEBUG      dbmgr-1 26543 4000  [2018-05-01 12:58:32 958] - Dbmgr::queryAccount: 1, success=1, flags=0, deadline=0.
   DEBUG      dbmgr-1 26543 4000  [2018-05-01 12:58:46 198] - Dbmgr::writeEntity: Account(1).
    INFO      dbmgr-1 26543 4000  [2018-05-01 12:58:46 187] - Buffered_DBTasks::onFiniTask: Playing buffered task for entityID=0, dbid=1, dbid_tasks_size=1, entityid_tasks_size=0.
   DEBUG      dbmgr-1 26543 4000  [2018-05-01 12:58:46 258] - Dbmgr::onEntityOffline: 1, entityType=1.
   DEBUG      dbmgr-1 26543 4000  [2018-05-01 13:00:33 135] - Dbmgr::onAccountLogin:loginName=1, accountName=1, success=0, componentID=0, entityID=0, dbid=1, flags=0, deadline=0.
   DEBUG      dbmgr-1 26543 4000  [2018-05-01 13:00:33 575] - Dbmgr::queryAccount: 1, success=1, flags=0, deadline=0.
   DEBUG      dbmgr-1 26543 4000  [2018-05-01 13:07:59 384] - Dbmgr::writeEntity: Account(1).
   DEBUG      dbmgr-1 26543 4000  [2018-05-01 13:25:53 798] - Dbmgr::writeEntity: Account(1).
   DEBUG      dbmgr-1 26543 4000  [2018-05-01 13:25:53 838] - Dbmgr::onEntityOffline: 1, entityType=1.
    INFO      dbmgr-1 26543 4000  [2018-05-01 13:25:53 790] - Buffered_DBTasks::onFiniTask: Playing buffered task for entityID=0, dbid=1, dbid_tasks_size=1, entityid_tasks_size=0.
   DEBUG      dbmgr-1 26543 4000  [2018-05-01 13:57:59 251] - Dbmgr::DBTaskServerLog()
   DEBUG      dbmgr-1 26543 4000  [2018-05-01 14:57:59 164] - Dbmgr::DBTaskServerLog()
   DEBUG      dbmgr-1 26543 4000  [2018-05-01 15:57:59 077] - Dbmgr::DBTaskServerLog()
   DEBUG      dbmgr-1 26543 4000  [2018-05-01 16:57:58 990] - Dbmgr::DBTaskServerLog()
   DEBUG      dbmgr-1 26543 4000  [2018-05-01 17:57:58 922] - Dbmgr::DBTaskServerLog()
   DEBUG      dbmgr-1 26543 4000  [2018-05-01 18:57:58 835] - Dbmgr::DBTaskServerLog()
