    INFO    cellapp-1 22461 8001  [2018-11-11 00:18:16 405] - -----------------------------------------------------------------------------------------


    INFO    cellapp-1 22461 8001  [2018-11-11 00:18:18 321] - Resmgr::initialize: KBE_ROOT=E:/kbengine/
    INFO    cellapp-1 22461 8001  [2018-11-11 00:18:18 321] - Resmgr::initialize: KBE_RES_PATH=E:/kbengine/kbe/res/;E:/kbengine/assets/;E:/kbengine/assets/scripts/;E:/kbengine/assets/res/
    INFO    cellapp-1 22461 8001  [2018-11-11 00:18:18 321] - Resmgr::initialize: KBE_BIN_PATH=E:/kbengine/kbe/bin/server/
    INFO    cellapp-1 22461 8001  [2018-11-11 00:18:19 039] - NetworkInterface::initialize(INTERNAL): bound to all interfaces with default route interface on 192.168.0.107 ( 192.168.0.107:50724 )
    INFO    cellapp-1 22461 8001  [2018-11-11 00:18:19 077] - NetworkInterface::initialize(INTERNAL): address 192.168.0.107:50724, SOMAXCONN=5.
    INFO    cellapp-1 22461 8001  [2018-11-11 00:18:19 077] - server-configs:
    INFO    cellapp-1 22461 8001  [2018-11-11 00:18:19 077] - 	gameUpdateHertz : 10
    INFO    cellapp-1 22461 8001  [2018-11-11 00:18:19 177] - 	defaultViewRadius : 80
    INFO    cellapp-1 22461 8001  [2018-11-11 00:18:19 178] - 	defaultViewHysteresisArea : 5
    INFO    cellapp-1 22461 8001  [2018-11-11 00:18:19 178] - 	entryScriptFile : kbemain
    INFO    cellapp-1 22461 8001  [2018-11-11 00:18:19 178] - 	internalAddr : 192.168.0.107:50724
    INFO    cellapp-1 22461 8001  [2018-11-11 00:18:19 179] - 	componentID : 8001
    INFO    cellapp-1 22461 8001  [2018-11-11 00:18:19 866] - Components::findLogger: found logger, addr:192.168.0.107:50713
    INFO    cellapp-1 22461 8001  [2018-11-11 00:18:19 866] - Components::addComponent: reset orderLog, uid=22461!
    INFO    cellapp-1 22461 8001  [2018-11-11 00:18:19 867] - Components::addComponent[logger], uid=22461, componentID=2000, globalorderid=1, grouporderid=1, totalcount=1
    INFO    cellapp-1 22461 8001  [2018-11-11 00:18:20 045] - ---- cellapp Version: 2.0.0. ScriptVersion: 0.1.0. Protocol: 85A70C5E64F896E0F1A60BF405B4EB07. Config: Debug X86. Built: 15:53:53 Apr 29 2018. AppID: 8001. UID: 22461. PID: 10056 ----
    INFO    cellapp-1 22461 8001  [2018-11-11 00:18:20 046] - Server : Intel(R) Xeon(R) CPU E3-1230 v3 @ 3.30GHz with 4194303kB RAM
    INFO    cellapp-1 22461 8001  [2018-11-11 00:18:20 111] - ThreadPool::createThreadPool: creating  threadpool...
    INFO    cellapp-1 22461 8001  [2018-11-11 00:18:20 128] - ThreadPool::createThreadPool: successfully(2), newThreadCount=1, normalMaxThreadCount=2, maxThreadCount=8
   DEBUG    cellapp-1 22461 8001  [2018-11-11 00:18:25 579] - Script::install_py_dlls(): PyInit_pyexpat
   DEBUG    cellapp-1 22461 8001  [2018-11-11 00:18:25 743] - Script::install_py_dlls(): PyInit__socket
   DEBUG    cellapp-1 22461 8001  [2018-11-11 00:18:25 790] - Script::install_py_dlls(): PyInit__ssl
   DEBUG    cellapp-1 22461 8001  [2018-11-11 00:18:27 186] - Script::install_py_dlls(): PyInit__hashlib
   DEBUG    cellapp-1 22461 8001  [2018-11-11 00:18:27 275] - Script::install_py_dlls(): PyInit_select
   DEBUG    cellapp-1 22461 8001  [2018-11-11 00:18:27 331] - Script::install_py_dlls(): PyInit__ctypes
   DEBUG    cellapp-1 22461 8001  [2018-11-11 00:18:27 422] - Script::install_py_dlls(): PyInit__elementtree
   DEBUG    cellapp-1 22461 8001  [2018-11-11 00:18:28 257] - Script::install_py_dlls(): PyInit_unicodedata
    INFO    cellapp-1 22461 8001  [2018-11-11 00:18:29 377] - Script::install(): is successfully, Python=(3.4.2 (default, Apr 29 2018, 15:53:05) [MSC v.1913 32 bit (Intel)])!
    INFO    cellapp-1 22461 8001  [2018-11-11 00:18:29 377] - Script::install(): KBExtra is successfully!
   DEBUG    cellapp-1 22461 8001  [2018-11-11 00:18:30 313] - loaded entity-script:Account(1).
   DEBUG    cellapp-1 22461 8001  [2018-11-11 00:18:30 520] - loaded entity-script:Room(4).
    INFO    cellapp-1 22461 8001  [2018-11-11 00:18:30 550] - TelnetServer server is running on port 50000
    INFO    cellapp-1 22461 8001  [2018-11-11 00:18:31 142] - ---- cellapp is running ----
   DEBUG    cellapp-1 22461 8001  [2018-11-11 00:18:31 181] - Components::process(): Request for the process of identity...
 WARNING    cellapp-1 22461 8001  [2018-11-11 00:18:37 443] - EntityApp::checkTickPeriod: tick took 6301% (6.30 seconds)!
    INFO    cellapp-1 22461 8001  [2018-11-11 00:18:38 611] - Components::findComponents: find dbmgr(1)...
    INFO    cellapp-1 22461 8001  [2018-11-11 00:18:38 615] - Components::findComponents: found dbmgr, addr:192.168.0.107:50715
    INFO    cellapp-1 22461 8001  [2018-11-11 00:18:38 616] - Components::addComponent: reset orderLog, uid=22461!
    INFO    cellapp-1 22461 8001  [2018-11-11 00:18:38 616] - Components::addComponent[dbmgr], uid=22461, componentID=4000, globalorderid=1, grouporderid=1, totalcount=1
    INFO    cellapp-1 22461 8001  [2018-11-11 00:18:38 616] - Components::findComponents: found dbmgr, addr:192.168.0.107:50715
 WARNING    cellapp-1 22461 8001  [2018-11-11 00:18:39 616] - EntityApp::checkTickPeriod: tick took 1074% (1.07 seconds)!
    INFO    cellapp-1 22461 8001  [2018-11-11 00:18:40 642] - Components::findComponents: find cellappmgr(1)...
    INFO    cellapp-1 22461 8001  [2018-11-11 00:18:40 722] - Components::findComponents: found cellappmgr, addr:192.168.0.107:50714
    INFO    cellapp-1 22461 8001  [2018-11-11 00:18:40 722] - Components::addComponent[cellappmgr], uid=22461, componentID=6000, globalorderid=2, grouporderid=1, totalcount=1
    INFO    cellapp-1 22461 8001  [2018-11-11 00:18:40 723] - Components::findComponents: found cellappmgr, addr:192.168.0.107:50714
 WARNING    cellapp-1 22461 8001  [2018-11-11 00:18:41 723] - EntityApp::checkTickPeriod: tick took 1181% (1.18 seconds)!
    INFO    cellapp-1 22461 8001  [2018-11-11 00:18:42 742] - Components::findComponents: find baseappmgr(1)...
    INFO    cellapp-1 22461 8001  [2018-11-11 00:18:42 828] - Components::findComponents: found baseappmgr, addr:192.168.0.107:50716
    INFO    cellapp-1 22461 8001  [2018-11-11 00:18:42 828] - Components::addComponent[baseappmgr], uid=22461, componentID=5000, globalorderid=3, grouporderid=1, totalcount=1
    INFO    cellapp-1 22461 8001  [2018-11-11 00:18:42 828] - Components::findComponents: found baseappmgr, addr:192.168.0.107:50716
 WARNING    cellapp-1 22461 8001  [2018-11-11 00:18:43 829] - EntityApp::checkTickPeriod: tick took 1187% (1.19 seconds)!
    INFO    cellapp-1 22461 8001  [2018-11-11 00:18:44 911] - Components::findComponents: register self to dbmgr...
    INFO    cellapp-1 22461 8001  [2018-11-11 00:18:44 942] - Components::findComponents: register self to cellappmgr...
    INFO    cellapp-1 22461 8001  [2018-11-11 00:18:45 011] - Components::findComponents: register self to baseappmgr...
    INFO    cellapp-1 22461 8001  [2018-11-11 00:18:45 042] - Components::process(): Found all the components!
    INFO    cellapp-1 22461 8001  [2018-11-11 00:18:47 942] - EntityApp::onDbmgrInitCompleted: entityID alloc(1-2001), startGlobalOrder=5, startGroupOrder=1, digest=7F4FC8296AD553545CD95B23EFF6238F.
    INFO    cellapp01 22461 8001  [2018-11-11 00:18:47 942] - IDClient::onAddRange: number of ids increased from 1 to 2001.
   S_DBG    cellapp01 22461 8001  [2018-11-11 00:18:49 148] - onInit::isReload:0
 WARNING    cellapp01 22461 8001  [2018-11-11 00:18:49 149] - e:\kbengine\kbe\src\lib\server\entity_app.h:749: Profile processRecvMessages took 1.21 seconds
 WARNING    cellapp01 22461 8001  [2018-11-11 00:18:49 149] - e:\kbengine\kbe\src\server\cellapp\cellapp.cpp:245: Profile gameTick took 1.21 seconds
 WARNING    cellapp01 22461 8001  [2018-11-11 00:18:49 150] - e:\kbengine\kbe\src\lib\network\event_dispatcher.cpp:153: Profile callSystemTimers took 1.21 seconds
 WARNING    cellapp01 22461 8001  [2018-11-11 00:18:49 150] - EntityApp::checkTickPeriod: tick took 1207% (1.21 seconds)!
   DEBUG    cellapp01 22461 8001  [2018-11-11 00:18:49 226] - InitProgressHandler::~InitProgressHandler()
    INFO    cellapp01 22461 8001  [2018-11-11 00:18:51 842] - ServerApp::onRegisterNewApp: uid:22461, username:, componentType:baseapp, componentID:7001, globalorderID=6, grouporderID=1, intaddr:192.168.0.107, intport:50738, extaddr:192.168.0.107, extport:20015,  from 192.168.0.107:50715/0/0/0.
    INFO    cellapp01 22461 8001  [2018-11-11 00:18:51 842] - Components::addComponent[baseapp], uid=22461, componentID=7001, globalorderid=6, grouporderid=1, totalcount=1
   S_DBG    cellapp01 22461 8001  [2018-11-11 00:18:56 866] - onGlobalData: Halls
   DEBUG    cellapp01 22461 8001  [2018-11-11 16:55:44 805] - Spaces::createNewSpace: new space(Room) 1.
    INFO    cellapp01 22461 8001  [2018-11-11 16:55:44 831] - EntityApp::createEntity: new Room 2003
    INFO    cellapp01 22461 8001  [2018-11-11 16:55:44 873] - KBEngine::addSpaceGeometryMapping: spaceID=1, respath=spaces/mjRoom, shouldLoadOnServer=1!
 WARNING    cellapp01 22461 8001  [2018-11-11 16:55:44 898] - e:\kbengine\kbe\src\lib\server\entity_app.h:749: Profile processRecvMessages took 0.13 seconds
 WARNING    cellapp01 22461 8001  [2018-11-11 16:55:44 899] - e:\kbengine\kbe\src\server\cellapp\cellapp.cpp:245: Profile gameTick took 0.14 seconds
 WARNING    cellapp01 22461 8001  [2018-11-11 16:55:44 899] - e:\kbengine\kbe\src\lib\network\event_dispatcher.cpp:153: Profile callSystemTimers took 0.14 seconds
    INFO    cellapp01 22461 8001  [2018-11-11 16:55:44 900] - KBEngine::onLoadedSpaceGeometryMapping: spaceID=1, respath=spaces/mjRoom!
   S_DBG    cellapp01 22461 8001  [2018-11-11 16:55:44 964] - 玩家进来了---2002 座位号为 0
    INFO    cellapp01 22461 8001  [2018-11-11 16:55:45 064] - EntityApp::createEntity: new Account 2002
   DEBUG    cellapp01 22461 8001  [2018-11-11 17:03:38 166] - Account::onWriteToDB(): 2002.
   DEBUG    cellapp01 22461 8001  [2018-11-11 17:08:38 167] - Account::onWriteToDB(): 2002.
   DEBUG    cellapp01 22461 8001  [2018-11-11 17:13:38 168] - Account::onWriteToDB(): 2002.
   DEBUG    cellapp01 22461 8001  [2018-11-11 17:18:38 169] - Account::onWriteToDB(): 2002.
   DEBUG    cellapp01 22461 8001  [2018-11-11 17:23:38 170] - Account::onWriteToDB(): 2002.
   DEBUG    cellapp01 22461 8001  [2018-11-11 17:28:38 171] - Account::onWriteToDB(): 2002.
   DEBUG    cellapp01 22461 8001  [2018-11-11 17:33:38 172] - Account::onWriteToDB(): 2002.
   DEBUG    cellapp01 22461 8001  [2018-11-11 17:38:38 173] - Account::onWriteToDB(): 2002.
   DEBUG    cellapp01 22461 8001  [2018-11-11 17:43:38 174] - Account::onWriteToDB(): 2002.
   DEBUG    cellapp01 22461 8001  [2018-11-11 17:48:38 175] - Account::onWriteToDB(): 2002.
   DEBUG    cellapp01 22461 8001  [2018-11-11 17:53:38 177] - Account::onWriteToDB(): 2002.
   DEBUG    cellapp01 22461 8001  [2018-11-11 17:58:38 178] - Account::onWriteToDB(): 2002.
   DEBUG    cellapp01 22461 8001  [2018-11-11 18:03:38 179] - Account::onWriteToDB(): 2002.
   DEBUG    cellapp01 22461 8001  [2018-11-11 18:08:38 180] - Account::onWriteToDB(): 2002.
   DEBUG    cellapp01 22461 8001  [2018-11-11 18:13:38 181] - Account::onWriteToDB(): 2002.
   DEBUG    cellapp01 22461 8001  [2018-11-11 18:18:38 182] - Account::onWriteToDB(): 2002.
   DEBUG    cellapp01 22461 8001  [2018-11-11 18:23:38 183] - Account::onWriteToDB(): 2002.
   DEBUG    cellapp01 22461 8001  [2018-11-11 18:28:38 184] - Account::onWriteToDB(): 2002.
   DEBUG    cellapp01 22461 8001  [2018-11-11 18:33:38 185] - Account::onWriteToDB(): 2002.
   DEBUG    cellapp01 22461 8001  [2018-11-11 18:38:38 187] - Account::onWriteToDB(): 2002.
   DEBUG    cellapp01 22461 8001  [2018-11-11 18:43:38 188] - Account::onWriteToDB(): 2002.
   DEBUG    cellapp01 22461 8001  [2018-11-11 18:48:38 189] - Account::onWriteToDB(): 2002.
   DEBUG    cellapp01 22461 8001  [2018-11-11 18:53:38 190] - Account::onWriteToDB(): 2002.
   DEBUG    cellapp01 22461 8001  [2018-11-11 18:58:38 191] - Account::onWriteToDB(): 2002.
   DEBUG    cellapp01 22461 8001  [2018-11-11 19:03:38 192] - Account::onWriteToDB(): 2002.
   DEBUG    cellapp01 22461 8001  [2018-11-11 19:08:38 193] - Account::onWriteToDB(): 2002.
   DEBUG    cellapp01 22461 8001  [2018-11-11 19:13:38 194] - Account::onWriteToDB(): 2002.
   DEBUG    cellapp01 22461 8001  [2018-11-11 19:18:38 196] - Account::onWriteToDB(): 2002.
   DEBUG    cellapp01 22461 8001  [2018-11-11 19:23:38 196] - Account::onWriteToDB(): 2002.
   DEBUG    cellapp01 22461 8001  [2018-11-11 19:28:38 198] - Account::onWriteToDB(): 2002.
   DEBUG    cellapp01 22461 8001  [2018-11-11 19:33:38 198] - Account::onWriteToDB(): 2002.
   DEBUG    cellapp01 22461 8001  [2018-11-11 19:38:38 200] - Account::onWriteToDB(): 2002.
   DEBUG    cellapp01 22461 8001  [2018-11-11 19:43:38 101] - Account::onWriteToDB(): 2002.
   DEBUG    cellapp01 22461 8001  [2018-11-11 19:48:38 102] - Account::onWriteToDB(): 2002.
   S_DBG    cellapp01 22461 8001  [2018-11-11 19:51:55 502] - 玩家进来了---2004 座位号为 1
    INFO    cellapp01 22461 8001  [2018-11-11 19:51:55 602] - EntityApp::createEntity: new Account 2004
   DEBUG    cellapp01 22461 8001  [2018-11-11 19:53:38 103] - Account::onWriteToDB(): 2002.
   DEBUG    cellapp01 22461 8001  [2018-11-11 19:56:08 103] - Account::onWriteToDB(): 2002.
   DEBUG    cellapp01 22461 8001  [2018-11-11 19:58:38 104] - Account::onWriteToDB(): 2004.
   DEBUG    cellapp01 22461 8001  [2018-11-11 20:01:08 104] - Account::onWriteToDB(): 2002.
   DEBUG    cellapp01 22461 8001  [2018-11-11 20:03:38 105] - Account::onWriteToDB(): 2004.
   S_DBG    cellapp01 22461 8001  [2018-11-11 20:05:26 105] - 2004
   S_DBG    cellapp01 22461 8001  [2018-11-11 20:05:26 105] - True
   S_DBG    cellapp01 22461 8001  [2018-11-11 20:05:26 222] - cell account
   S_DBG    cellapp01 22461 8001  [2018-11-11 20:05:26 222] - 1
   DEBUG    cellapp01 22461 8001  [2018-11-11 20:06:08 106] - Account::onWriteToDB(): 2004.
   DEBUG    cellapp01 22461 8001  [2018-11-11 20:08:38 107] - Account::onWriteToDB(): 2002.
   S_DBG    cellapp01 22461 8001  [2018-11-11 20:08:40 206] - 2002
   S_DBG    cellapp01 22461 8001  [2018-11-11 20:08:40 206] - True
   S_DBG    cellapp01 22461 8001  [2018-11-11 20:08:40 206] - 全部就位---开始处理！
   S_DBG    cellapp01 22461 8001  [2018-11-11 20:08:40 208] - 游戏开始！
   S_DBG    cellapp01 22461 8001  [2018-11-11 20:08:40 306] - cell account
   S_DBG    cellapp01 22461 8001  [2018-11-11 20:08:40 306] - 1
   DEBUG    cellapp01 22461 8001  [2018-11-11 20:11:08 107] - Account::onWriteToDB(): 2002.
   DEBUG    cellapp01 22461 8001  [2018-11-11 20:13:38 107] - Account::onWriteToDB(): 2004.
   DEBUG    cellapp01 22461 8001  [2018-11-11 20:16:08 108] - Account::onWriteToDB(): 2004.
   DEBUG    cellapp01 22461 8001  [2018-11-11 20:18:38 108] - Account::onWriteToDB(): 2002.
   DEBUG    cellapp01 22461 8001  [2018-11-11 20:21:08 109] - Account::onWriteToDB(): 2002.
   DEBUG    cellapp01 22461 8001  [2018-11-11 20:23:38 109] - Account::onWriteToDB(): 2004.
   DEBUG    cellapp01 22461 8001  [2018-11-11 20:26:08 110] - Account::onWriteToDB(): 2002.
   DEBUG    cellapp01 22461 8001  [2018-11-11 20:28:38 110] - Account::onWriteToDB(): 2004.
   DEBUG    cellapp01 22461 8001  [2018-11-11 20:31:08 111] - Account::onWriteToDB(): 2004.
   DEBUG    cellapp01 22461 8001  [2018-11-11 20:33:38 112] - Account::onWriteToDB(): 2002.
   DEBUG    cellapp01 22461 8001  [2018-11-11 20:36:08 112] - Account::onWriteToDB(): 2002.
   DEBUG    cellapp01 22461 8001  [2018-11-11 20:38:38 113] - Account::onWriteToDB(): 2004.
   DEBUG    cellapp01 22461 8001  [2018-11-11 20:41:08 113] - Account::onWriteToDB(): 2004.
   DEBUG    cellapp01 22461 8001  [2018-11-11 20:43:38 114] - Account::onWriteToDB(): 2002.
   DEBUG    cellapp01 22461 8001  [2018-11-11 20:46:08 114] - Account::onWriteToDB(): 2002.
   DEBUG    cellapp01 22461 8001  [2018-11-11 20:48:38 115] - Account::onWriteToDB(): 2004.
   DEBUG    cellapp01 22461 8001  [2018-11-11 20:51:08 115] - Account::onWriteToDB(): 2002.
   DEBUG    cellapp01 22461 8001  [2018-11-11 20:53:38 116] - Account::onWriteToDB(): 2004.
   DEBUG    cellapp01 22461 8001  [2018-11-11 20:56:08 116] - Account::onWriteToDB(): 2004.
   DEBUG    cellapp01 22461 8001  [2018-11-11 20:58:38 117] - Account::onWriteToDB(): 2002.
   DEBUG    cellapp01 22461 8001  [2018-11-11 21:01:08 118] - Account::onWriteToDB(): 2004.
   DEBUG    cellapp01 22461 8001  [2018-11-11 21:03:38 118] - Account::onWriteToDB(): 2002.
   DEBUG    cellapp01 22461 8001  [2018-11-11 21:06:08 119] - Account::onWriteToDB(): 2004.
   DEBUG    cellapp01 22461 8001  [2018-11-11 21:08:38 119] - Account::onWriteToDB(): 2002.
   DEBUG    cellapp01 22461 8001  [2018-11-11 21:11:08 120] - Account::onWriteToDB(): 2004.
   DEBUG    cellapp01 22461 8001  [2018-11-11 21:13:38 120] - Account::onWriteToDB(): 2002.
   DEBUG    cellapp01 22461 8001  [2018-11-11 21:16:08 121] - Account::onWriteToDB(): 2004.
   DEBUG    cellapp01 22461 8001  [2018-11-11 21:18:38 121] - Account::onWriteToDB(): 2002.
   DEBUG    cellapp01 22461 8001  [2018-11-11 21:21:08 122] - Account::onWriteToDB(): 2004.
   DEBUG    cellapp01 22461 8001  [2018-11-11 21:23:38 122] - Account::onWriteToDB(): 2002.
   DEBUG    cellapp01 22461 8001  [2018-11-11 21:26:08 123] - Account::onWriteToDB(): 2002.
   DEBUG    cellapp01 22461 8001  [2018-11-11 21:28:38 124] - Account::onWriteToDB(): 2004.
   DEBUG    cellapp01 22461 8001  [2018-11-11 21:31:08 125] - Account::onWriteToDB(): 2004.
   DEBUG    cellapp01 22461 8001  [2018-11-11 21:33:38 125] - Account::onWriteToDB(): 2002.
   DEBUG    cellapp01 22461 8001  [2018-11-11 21:36:08 125] - Account::onWriteToDB(): 2004.
   DEBUG    cellapp01 22461 8001  [2018-11-11 21:38:38 126] - Account::onWriteToDB(): 2002.
   DEBUG    cellapp01 22461 8001  [2018-11-11 21:41:08 126] - Account::onWriteToDB(): 2002.
   DEBUG    cellapp01 22461 8001  [2018-11-11 21:43:38 127] - Account::onWriteToDB(): 2004.
   DEBUG    cellapp01 22461 8001  [2018-11-11 21:46:08 128] - Account::onWriteToDB(): 2004.
   DEBUG    cellapp01 22461 8001  [2018-11-11 21:48:38 128] - Account::onWriteToDB(): 2002.
   DEBUG    cellapp01 22461 8001  [2018-11-11 21:51:08 129] - Account::onWriteToDB(): 2004.
   DEBUG    cellapp01 22461 8001  [2018-11-11 21:53:38 129] - Account::onWriteToDB(): 2002.
   DEBUG    cellapp01 22461 8001  [2018-11-11 21:56:08 130] - Account::onWriteToDB(): 2004.
   DEBUG    cellapp01 22461 8001  [2018-11-11 21:58:38 130] - Account::onWriteToDB(): 2002.
   DEBUG    cellapp01 22461 8001  [2018-11-11 22:01:08 131] - Account::onWriteToDB(): 2002.
   DEBUG    cellapp01 22461 8001  [2018-11-11 22:03:38 131] - Account::onWriteToDB(): 2004.
   DEBUG    cellapp01 22461 8001  [2018-11-11 22:06:08 132] - Account::onWriteToDB(): 2004.
   DEBUG    cellapp01 22461 8001  [2018-11-11 22:08:38 132] - Account::onWriteToDB(): 2002.
   DEBUG    cellapp01 22461 8001  [2018-11-11 22:11:08 133] - Account::onWriteToDB(): 2002.
   DEBUG    cellapp01 22461 8001  [2018-11-11 22:13:38 133] - Account::onWriteToDB(): 2004.
   DEBUG    cellapp01 22461 8001  [2018-11-11 22:16:08 134] - Account::onWriteToDB(): 2002.
   DEBUG    cellapp01 22461 8001  [2018-11-11 22:18:38 135] - Account::onWriteToDB(): 2004.
   DEBUG    cellapp01 22461 8001  [2018-11-11 22:21:08 135] - Account::onWriteToDB(): 2004.
   DEBUG    cellapp01 22461 8001  [2018-11-11 22:23:38 136] - Account::onWriteToDB(): 2002.
   DEBUG    cellapp01 22461 8001  [2018-11-11 22:26:08 137] - Account::onWriteToDB(): 2004.
   DEBUG    cellapp01 22461 8001  [2018-11-11 22:28:38 137] - Account::onWriteToDB(): 2002.
   DEBUG    cellapp01 22461 8001  [2018-11-11 22:31:08 137] - Account::onWriteToDB(): 2004.
   DEBUG    cellapp01 22461 8001  [2018-11-11 22:33:38 138] - Account::onWriteToDB(): 2002.
   DEBUG    cellapp01 22461 8001  [2018-11-11 22:36:08 138] - Account::onWriteToDB(): 2002.
 WARNING    cellapp01 22461 8001  [2018-11-11 22:38:06 785] - e:\kbengine\kbe\src\server\cellapp\entity.cpp:4236: Profile onTimer took 0.15 seconds
 WARNING    cellapp01 22461 8001  [2018-11-11 22:38:06 785] - e:\kbengine\kbe\src\lib\server\serverapp.cpp:253: Profile callScriptTimers took 0.15 seconds
 WARNING    cellapp01 22461 8001  [2018-11-11 22:38:06 785] - e:\kbengine\kbe\src\server\cellapp\cellapp.cpp:245: Profile gameTick took 0.15 seconds
 WARNING    cellapp01 22461 8001  [2018-11-11 22:38:06 785] - e:\kbengine\kbe\src\lib\network\event_dispatcher.cpp:153: Profile callSystemTimers took 0.15 seconds
   S_DBG    cellapp01 22461 8001  [2018-11-11 22:38:07 240] - 不该你出牌
   DEBUG    cellapp01 22461 8001  [2018-11-11 22:38:38 139] - Account::onWriteToDB(): 2004.
   DEBUG    cellapp01 22461 8001  [2018-11-11 22:41:08 139] - Account::onWriteToDB(): 2002.
   DEBUG    cellapp01 22461 8001  [2018-11-11 22:43:38 140] - Account::onWriteToDB(): 2004.
   DEBUG    cellapp01 22461 8001  [2018-11-11 22:46:08 141] - Account::onWriteToDB(): 2002.
   DEBUG    cellapp01 22461 8001  [2018-11-11 22:48:38 141] - Account::onWriteToDB(): 2004.
   DEBUG    cellapp01 22461 8001  [2018-11-11 22:51:08 142] - Account::onWriteToDB(): 2002.
   DEBUG    cellapp01 22461 8001  [2018-11-11 22:53:38 142] - Account::onWriteToDB(): 2004.
   DEBUG    cellapp01 22461 8001  [2018-11-11 22:56:08 143] - Account::onWriteToDB(): 2004.
   DEBUG    cellapp01 22461 8001  [2018-11-11 22:58:38 143] - Account::onWriteToDB(): 2002.
   DEBUG    cellapp01 22461 8001  [2018-11-11 23:01:08 144] - Account::onWriteToDB(): 2004.
   DEBUG    cellapp01 22461 8001  [2018-11-11 23:03:38 144] - Account::onWriteToDB(): 2002.
   DEBUG    cellapp01 22461 8001  [2018-11-11 23:06:08 145] - Account::onWriteToDB(): 2004.
   DEBUG    cellapp01 22461 8001  [2018-11-11 23:08:38 145] - Account::onWriteToDB(): 2002.
   DEBUG    cellapp01 22461 8001  [2018-11-11 23:11:08 147] - Account::onWriteToDB(): 2002.
   S_DBG    cellapp01 22461 8001  [2018-11-11 23:11:14 046] - 不需要出牌
   S_DBG    cellapp01 22461 8001  [2018-11-11 23:11:20 947] - 不需要出牌
   S_DBG    cellapp01 22461 8001  [2018-11-11 23:11:21 046] - 不需要出牌
   S_DBG    cellapp01 22461 8001  [2018-11-11 23:11:27 947] - 不需要出牌
   DEBUG    cellapp01 22461 8001  [2018-11-11 23:13:38 147] - Account::onWriteToDB(): 2004.
   S_DBG    cellapp01 22461 8001  [2018-11-11 23:15:31 648] - 不需要出牌
   S_DBG    cellapp01 22461 8001  [2018-11-11 23:15:39 249] - 不需要出牌
   S_DBG    cellapp01 22461 8001  [2018-11-11 23:15:42 147] - 不需要出牌
   S_DBG    cellapp01 22461 8001  [2018-11-11 23:15:47 047] - 不需要出牌
   S_DBG    cellapp01 22461 8001  [2018-11-11 23:15:51 247] - 不需要出牌
   S_DBG    cellapp01 22461 8001  [2018-11-11 23:15:56 648] - 不需要出牌
   S_DBG    cellapp01 22461 8001  [2018-11-11 23:16:03 047] - 不需要出牌
   S_DBG    cellapp01 22461 8001  [2018-11-11 23:16:05 848] - 不需要出牌
   DEBUG    cellapp01 22461 8001  [2018-11-11 23:16:08 147] - Account::onWriteToDB(): 2004.
   S_DBG    cellapp01 22461 8001  [2018-11-11 23:16:09 650] - 不需要出牌
   S_DBG    cellapp01 22461 8001  [2018-11-11 23:16:21 648] - 不需要出牌
   DEBUG    cellapp01 22461 8001  [2018-11-11 23:18:38 148] - Account::onWriteToDB(): 2002.
   S_DBG    cellapp01 22461 8001  [2018-11-11 23:20:32 249] - 只能打最后一张牌
   S_DBG    cellapp01 22461 8001  [2018-11-11 23:20:32 449] - 只能打最后一张牌
   DEBUG    cellapp01 22461 8001  [2018-11-11 23:21:08 148] - Account::onWriteToDB(): 2002.
   S_DBG    cellapp01 22461 8001  [2018-11-11 23:21:41 448] - 不需要出牌
   S_DBG    cellapp01 22461 8001  [2018-11-11 23:21:58 053] - 不需要出牌
   S_DBG    cellapp01 22461 8001  [2018-11-11 23:22:07 849] - 不该你出牌
   S_DBG    cellapp01 22461 8001  [2018-11-11 23:22:17 649] - 不需要出牌
   S_DBG    cellapp01 22461 8001  [2018-11-11 23:22:20 749] - 不需要出牌
   S_DBG    cellapp01 22461 8001  [2018-11-11 23:22:20 949] - 游戏结束---TODO
   S_DBG    cellapp01 22461 8001  [2018-11-11 23:22:26 949] - 不该你出牌
   S_DBG    cellapp01 22461 8001  [2018-11-11 23:22:27 149] - 不该你出牌
   S_DBG    cellapp01 22461 8001  [2018-11-11 23:22:27 449] - 不该你出牌
   S_DBG    cellapp01 22461 8001  [2018-11-11 23:22:27 649] - 不该你出牌
   S_DBG    cellapp01 22461 8001  [2018-11-11 23:22:27 949] - 不该你出牌
   DEBUG    cellapp01 22461 8001  [2018-11-11 23:22:47 249] - Spaces::createNewSpace: new space(Room) 2.
    INFO    cellapp01 22461 8001  [2018-11-11 23:22:47 250] - EntityApp::createEntity: new Room 2006
    INFO    cellapp01 22461 8001  [2018-11-11 23:22:47 251] - KBEngine::addSpaceGeometryMapping: spaceID=2, respath=spaces/mjRoom, shouldLoadOnServer=1!
    INFO    cellapp01 22461 8001  [2018-11-11 23:22:47 349] - KBEngine::onLoadedSpaceGeometryMapping: spaceID=2, respath=spaces/mjRoom!
   S_DBG    cellapp01 22461 8001  [2018-11-11 23:22:47 349] - 玩家进来了---2005 座位号为 0
    INFO    cellapp01 22461 8001  [2018-11-11 23:22:47 449] - EntityApp::createEntity: new Account 2005
   S_DBG    cellapp01 22461 8001  [2018-11-11 23:23:13 349] - 玩家进来了---2007 座位号为 1
    INFO    cellapp01 22461 8001  [2018-11-11 23:23:13 449] - EntityApp::createEntity: new Account 2007
   S_DBG    cellapp01 22461 8001  [2018-11-11 23:23:17 749] - 2007
   S_DBG    cellapp01 22461 8001  [2018-11-11 23:23:17 749] - True
   S_DBG    cellapp01 22461 8001  [2018-11-11 23:23:17 850] - cell account
   S_DBG    cellapp01 22461 8001  [2018-11-11 23:23:17 850] - 1
   DEBUG    cellapp01 22461 8001  [2018-11-11 23:23:38 149] - Account::onWriteToDB(): 2004.
   S_DBG    cellapp01 22461 8001  [2018-11-11 23:23:49 149] - 2005
   S_DBG    cellapp01 22461 8001  [2018-11-11 23:23:49 149] - True
   S_DBG    cellapp01 22461 8001  [2018-11-11 23:23:49 149] - 全部就位---开始处理！
   S_DBG    cellapp01 22461 8001  [2018-11-11 23:23:49 151] - 游戏开始！
   S_DBG    cellapp01 22461 8001  [2018-11-11 23:23:49 249] - cell account
   S_DBG    cellapp01 22461 8001  [2018-11-11 23:23:49 249] - 1
 WARNING    cellapp01 22461 8001  [2018-11-11 23:23:59 752] - e:\kbengine\kbe\src\server\cellapp\entity.cpp:4236: Profile onTimer took 0.10 seconds
 WARNING    cellapp01 22461 8001  [2018-11-11 23:23:59 752] - e:\kbengine\kbe\src\lib\server\serverapp.cpp:253: Profile callScriptTimers took 0.10 seconds
 WARNING    cellapp01 22461 8001  [2018-11-11 23:23:59 752] - e:\kbengine\kbe\src\server\cellapp\cellapp.cpp:245: Profile gameTick took 0.10 seconds
 WARNING    cellapp01 22461 8001  [2018-11-11 23:23:59 752] - e:\kbengine\kbe\src\lib\network\event_dispatcher.cpp:153: Profile callSystemTimers took 0.10 seconds
 WARNING    cellapp01 22461 8001  [2018-11-11 23:24:04 968] - e:\kbengine\kbe\src\server\cellapp\entity.cpp:4236: Profile onTimer took 0.12 seconds
 WARNING    cellapp01 22461 8001  [2018-11-11 23:24:04 968] - e:\kbengine\kbe\src\lib\server\serverapp.cpp:253: Profile callScriptTimers took 0.12 seconds
 WARNING    cellapp01 22461 8001  [2018-11-11 23:24:04 968] - e:\kbengine\kbe\src\server\cellapp\cellapp.cpp:245: Profile gameTick took 0.12 seconds
 WARNING    cellapp01 22461 8001  [2018-11-11 23:24:04 968] - e:\kbengine\kbe\src\lib\network\event_dispatcher.cpp:153: Profile callSystemTimers took 0.12 seconds
 WARNING    cellapp01 22461 8001  [2018-11-11 23:24:25 106] - e:\kbengine\kbe\src\server\cellapp\entity.cpp:4236: Profile onTimer took 0.16 seconds
 WARNING    cellapp01 22461 8001  [2018-11-11 23:24:25 106] - e:\kbengine\kbe\src\lib\server\serverapp.cpp:253: Profile callScriptTimers took 0.16 seconds
 WARNING    cellapp01 22461 8001  [2018-11-11 23:24:25 106] - e:\kbengine\kbe\src\server\cellapp\cellapp.cpp:245: Profile gameTick took 0.16 seconds
 WARNING    cellapp01 22461 8001  [2018-11-11 23:24:25 106] - e:\kbengine\kbe\src\lib\network\event_dispatcher.cpp:153: Profile callSystemTimers took 0.16 seconds
   DEBUG    cellapp01 22461 8001  [2018-11-11 23:24:38 149] - Account::onWriteToDB(): 2004.
 WARNING    cellapp01 22461 8001  [2018-11-11 23:24:41 450] - e:\kbengine\kbe\src\server\cellapp\entity.cpp:4236: Profile onTimer took 0.10 seconds
 WARNING    cellapp01 22461 8001  [2018-11-11 23:24:41 450] - e:\kbengine\kbe\src\lib\server\serverapp.cpp:253: Profile callScriptTimers took 0.10 seconds
 WARNING    cellapp01 22461 8001  [2018-11-11 23:24:41 451] - e:\kbengine\kbe\src\server\cellapp\cellapp.cpp:245: Profile gameTick took 0.10 seconds
 WARNING    cellapp01 22461 8001  [2018-11-11 23:24:41 451] - e:\kbengine\kbe\src\lib\network\event_dispatcher.cpp:153: Profile callSystemTimers took 0.10 seconds
   S_DBG    cellapp01 22461 8001  [2018-11-11 23:24:41 849] - 不该你出牌
 WARNING    cellapp01 22461 8001  [2018-11-11 23:25:00 271] - e:\kbengine\kbe\src\server\cellapp\entity.cpp:4236: Profile onTimer took 0.12 seconds
 WARNING    cellapp01 22461 8001  [2018-11-11 23:25:00 271] - e:\kbengine\kbe\src\lib\server\serverapp.cpp:253: Profile callScriptTimers took 0.12 seconds
 WARNING    cellapp01 22461 8001  [2018-11-11 23:25:00 271] - e:\kbengine\kbe\src\server\cellapp\cellapp.cpp:245: Profile gameTick took 0.12 seconds
 WARNING    cellapp01 22461 8001  [2018-11-11 23:25:00 271] - e:\kbengine\kbe\src\lib\network\event_dispatcher.cpp:153: Profile callSystemTimers took 0.12 seconds
   S_DBG    cellapp01 22461 8001  [2018-11-11 23:25:30 250] - 不该你出牌
   DEBUG    cellapp01 22461 8001  [2018-11-11 23:25:38 149] - Account::onWriteToDB(): 2007.
   S_DBG    cellapp01 22461 8001  [2018-11-11 23:26:13 750] - 不该你出牌
   S_DBG    cellapp01 22461 8001  [2018-11-11 23:26:20 349] - 不需要出牌
   S_DBG    cellapp01 22461 8001  [2018-11-11 23:26:45 850] - 不需要出牌
   S_DBG    cellapp01 22461 8001  [2018-11-11 23:26:57 850] - 不需要出牌
   S_DBG    cellapp01 22461 8001  [2018-11-11 23:27:00 049] - 不需要出牌
   S_DBG    cellapp01 22461 8001  [2018-11-11 23:27:05 750] - 不需要出牌
   DEBUG    cellapp01 22461 8001  [2018-11-11 23:27:38 150] - Account::onWriteToDB(): 2002.
   DEBUG    cellapp01 22461 8001  [2018-11-11 23:28:38 150] - Account::onWriteToDB(): 2005.
   DEBUG    cellapp01 22461 8001  [2018-11-11 23:29:38 150] - Account::onWriteToDB(): 2002.
   DEBUG    cellapp01 22461 8001  [2018-11-11 23:30:38 151] - Account::onWriteToDB(): 2005.
   DEBUG    cellapp01 22461 8001  [2018-11-11 23:31:38 151] - Account::onWriteToDB(): 2004.
   DEBUG    cellapp01 22461 8001  [2018-11-11 23:32:38 151] - Account::onWriteToDB(): 2007.
   DEBUG    cellapp01 22461 8001  [2018-11-11 23:34:38 151] - Account::onWriteToDB(): 2005.
   DEBUG    cellapp01 22461 8001  [2018-11-11 23:35:38 152] - Account::onWriteToDB(): 2007.
   DEBUG    cellapp01 22461 8001  [2018-11-11 23:36:38 152] - Account::onWriteToDB(): 2002.
   DEBUG    cellapp01 22461 8001  [2018-11-11 23:38:38 153] - Account::onWriteToDB(): 2004.
   DEBUG    cellapp01 22461 8001  [2018-11-11 23:40:38 153] - Account::onWriteToDB(): 2004.
   DEBUG    cellapp01 22461 8001  [2018-11-11 23:41:38 153] - Account::onWriteToDB(): 2002.
   DEBUG    cellapp01 22461 8001  [2018-11-11 23:42:38 154] - Account::onWriteToDB(): 2005.
   DEBUG    cellapp01 22461 8001  [2018-11-11 23:43:38 153] - Account::onWriteToDB(): 2007.
   DEBUG    cellapp01 22461 8001  [2018-11-11 23:44:38 153] - Account::onWriteToDB(): 2007.
   DEBUG    cellapp01 22461 8001  [2018-11-11 23:45:38 154] - Account::onWriteToDB(): 2002.
   DEBUG    cellapp01 22461 8001  [2018-11-11 23:46:38 154] - Account::onWriteToDB(): 2004.
   DEBUG    cellapp01 22461 8001  [2018-11-11 23:47:38 155] - Account::onWriteToDB(): 2005.
   DEBUG    cellapp01 22461 8001  [2018-11-11 23:50:00 755] - Spaces::createNewSpace: new space(Room) 3.
    INFO    cellapp01 22461 8001  [2018-11-11 23:50:00 755] - EntityApp::createEntity: new Room 2011
    INFO    cellapp01 22461 8001  [2018-11-11 23:50:00 757] - KBEngine::addSpaceGeometryMapping: spaceID=3, respath=spaces/mjRoom, shouldLoadOnServer=1!
    INFO    cellapp01 22461 8001  [2018-11-11 23:50:00 855] - KBEngine::onLoadedSpaceGeometryMapping: spaceID=3, respath=spaces/mjRoom!
   S_DBG    cellapp01 22461 8001  [2018-11-11 23:50:00 956] - 玩家进来了---2009 座位号为 0
    INFO    cellapp01 22461 8001  [2018-11-11 23:50:01 055] - EntityApp::createEntity: new Account 2009
   S_DBG    cellapp01 22461 8001  [2018-11-11 23:50:06 655] - 2009
   S_DBG    cellapp01 22461 8001  [2018-11-11 23:50:06 655] - True
   S_DBG    cellapp01 22461 8001  [2018-11-11 23:50:06 755] - cell account
   S_DBG    cellapp01 22461 8001  [2018-11-11 23:50:06 755] - 1
   S_DBG    cellapp01 22461 8001  [2018-11-11 23:50:15 855] - 玩家进来了---2012 座位号为 1
    INFO    cellapp01 22461 8001  [2018-11-11 23:50:15 955] - EntityApp::createEntity: new Account 2012
   DEBUG    cellapp01 22461 8001  [2018-11-11 23:50:38 155] - Account::onWriteToDB(): 2002.
   DEBUG    cellapp01 22461 8001  [2018-11-11 23:51:38 155] - Account::onWriteToDB(): 2007.
   DEBUG    cellapp01 22461 8001  [2018-11-11 23:52:38 155] - Account::onWriteToDB(): 2004.
   DEBUG    cellapp01 22461 8001  [2018-11-11 23:53:38 155] - Account::onWriteToDB(): 2005.
   DEBUG    cellapp01 22461 8001  [2018-11-11 23:54:06 556] - Account::~Account(): 2012
   DEBUG    cellapp01 22461 8001  [2018-11-11 23:54:11 556] - Account::onWriteToDB(): 2007.
   DEBUG    cellapp01 22461 8001  [2018-11-11 23:54:21 569] - WitnessedTimeoutHandler::handleTimeout: witnesseds is empty, timer is canceled!
   DEBUG    cellapp01 22461 8001  [2018-11-11 23:54:26 356] - Account::~Account(): 2009
   S_DBG    cellapp01 22461 8001  [2018-11-11 23:54:30 657] - 玩家进来了---2009 座位号为 0
    INFO    cellapp01 22461 8001  [2018-11-11 23:54:30 756] - EntityApp::createEntity: new Account 2009
   DEBUG    cellapp01 22461 8001  [2018-11-11 23:54:31 356] - WitnessedTimeoutHandler::handleTimeout: witnesseds is empty, timer is canceled!
   DEBUG    cellapp01 22461 8001  [2018-11-11 23:55:18 156] - Account::onWriteToDB(): 2002.
   DEBUG    cellapp01 22461 8001  [2018-11-11 23:55:51 556] - Account::onWriteToDB(): 2004.
   DEBUG    cellapp01 22461 8001  [2018-11-11 23:56:24 856] - Account::onWriteToDB(): 2009.
   DEBUG    cellapp01 22461 8001  [2018-11-11 23:57:10 657] - Account::~Account(): 2009
   S_DBG    cellapp01 22461 8001  [2018-11-11 23:57:18 656] - 玩家进来了---2009 座位号为 0
    INFO    cellapp01 22461 8001  [2018-11-11 23:57:18 757] - EntityApp::createEntity: new Account 2009
   DEBUG    cellapp01 22461 8001  [2018-11-11 23:57:20 657] - WitnessedTimeoutHandler::handleTimeout: witnesseds is empty, timer is canceled!
   DEBUG    cellapp01 22461 8001  [2018-11-11 23:57:31 556] - Account::onWriteToDB(): 2005.
   DEBUG    cellapp01 22461 8001  [2018-11-11 23:57:48 258] - Account::~Account(): 2009
   DEBUG    cellapp01 22461 8001  [2018-11-11 23:58:03 258] - WitnessedTimeoutHandler::handleTimeout: witnesseds is empty, timer is canceled!
   DEBUG    cellapp01 22461 8001  [2018-11-11 23:59:44 857] - Account::onWriteToDB(): 2004.
