   DEBUG baseappmgr-1 6215 5000  [2018-11-19 01:06:18 849] - Baseappmgr::registerPendingAccountToBaseappAddr:1, componentID=7001, entityID=2.
   DEBUG baseappmgr-1 6215 5000  [2018-11-19 01:06:33 450] - Baseappmgr::registerPendingAccountToBaseappAddr:1, componentID=7001, entityID=2.
   DEBUG baseappmgr-1 6215 5000  [2018-11-19 01:07:29 150] - Baseappmgr::registerPendingAccountToBaseappAddr:1, componentID=7001, entityID=2.
   DEBUG baseappmgr-1 6215 5000  [2018-11-19 01:08:09 951] - Baseappmgr::registerPendingAccountToBaseappAddr:2, componentID=7001, entityID=5.
   DEBUG baseappmgr-1 6215 5000  [2018-11-19 01:08:53 551] - Baseappmgr::registerPendingAccountToBaseapp:w. allocBaseapp=7001, numEntities=7.
   DEBUG baseappmgr-1 6215 5000  [2018-11-19 01:09:48 551] - Baseappmgr::registerPendingAccountToBaseapp:q. allocBaseapp=7001, numEntities=8.
   DEBUG baseappmgr-1 6215 5000  [2018-11-19 01:10:25 311] - Baseappmgr::registerPendingAccountToBaseappAddr:w, componentID=7001, entityID=8.
 WARNING baseappmgr-1 6215 5000  [2018-11-19 01:28:58 425] - TCPPacketReceiver::processPendingEvents(192.168.0.107:49868): Throwing REASON_GENERAL_NETWORK - WSAECONNRESET
   ERROR baseappmgr-1 6215 5000  [2018-11-19 01:28:58 474] - Components::removeComponentByChannel: loginapp : 9000, Abnormal exit! errorno=10054
    INFO baseappmgr-1 28786 5000  [2018-11-19 09:31:42 128] - -----------------------------------------------------------------------------------------


    INFO baseappmgr-1 28786 5000  [2018-11-19 09:31:43 390] - Resmgr::initialize: KBE_ROOT=E:/kbengine/
    INFO baseappmgr-1 28786 5000  [2018-11-19 09:31:43 391] - Resmgr::initialize: KBE_RES_PATH=E:/kbengine/kbe/res/;E:/kbengine/assets/;E:/kbengine/assets/scripts/;E:/kbengine/assets/res/
    INFO baseappmgr-1 28786 5000  [2018-11-19 09:31:43 391] - Resmgr::initialize: KBE_BIN_PATH=E:/kbengine/kbe/bin/server/
    INFO baseappmgr-1 28786 5000  [2018-11-19 09:31:43 939] - NetworkInterface::initialize(INTERNAL): bound to all interfaces with default route interface on 192.168.0.107 ( 192.168.0.107:50028 )
    INFO baseappmgr-1 28786 5000  [2018-11-19 09:31:43 972] - NetworkInterface::initialize(INTERNAL): address 192.168.0.107:50028, SOMAXCONN=5.
    INFO baseappmgr-1 28786 5000  [2018-11-19 09:31:43 972] - server-configs:
    INFO baseappmgr-1 28786 5000  [2018-11-19 09:31:43 973] - 	internalAddr : 192.168.0.107:50028
    INFO baseappmgr-1 28786 5000  [2018-11-19 09:31:43 973] - 	componentID : 5000
    INFO baseappmgr-1 28786 5000  [2018-11-19 09:31:44 574] - ---- baseappmgr Version: 2.0.0. ScriptVersion: 0.1.0. Protocol: EE09E8FDB2CCFCF3A31D35776E8954CE. Config: Debug X86. Built: 15:53:05 Apr 29 2018. AppID: 5000. UID: 28786. PID: 5848 ----
    INFO baseappmgr-1 28786 5000  [2018-11-19 09:31:44 575] - Server : Intel(R) Xeon(R) CPU E3-1230 v3 @ 3.30GHz with 4194303kB RAM
    INFO baseappmgr-1 28786 5000  [2018-11-19 09:31:44 670] - ThreadPool::createThreadPool: creating  threadpool...
    INFO baseappmgr-1 28786 5000  [2018-11-19 09:31:44 680] - ThreadPool::createThreadPool: successfully(2), newThreadCount=1, normalMaxThreadCount=2, maxThreadCount=8
    INFO baseappmgr-1 28786 5000  [2018-11-19 09:31:45 758] - ---- baseappmgr is running ----
   DEBUG baseappmgr-1 28786 5000  [2018-11-19 09:31:45 829] - Components::process(): Request for the process of identity...
    INFO baseappmgr-1 28786 5000  [2018-11-19 09:31:53 140] - Components::findComponents: find logger(1)...
    INFO baseappmgr-1 28786 5000  [2018-11-19 09:31:53 180] - Components::findComponents: found logger, addr:192.168.0.107:50023
    INFO baseappmgr-1 28786 5000  [2018-11-19 09:31:53 180] - Components::addComponent: reset orderLog, uid=28786!
    INFO baseappmgr-1 28786 5000  [2018-11-19 09:31:53 180] - Components::addComponent[logger], uid=28786, componentID=2000, globalorderid=1, grouporderid=1, totalcount=1
    INFO baseappmgr-1 28786 5000  [2018-11-19 09:31:53 568] - Components::findComponents: find dbmgr(2)...
    INFO baseappmgr-1 28786 5000  [2018-11-19 09:31:55 600] - Components::findComponents: find dbmgr(3)...
    INFO baseappmgr-1 28786 5000  [2018-11-19 09:31:57 701] - Components::findComponents: find dbmgr(4)...
    INFO baseappmgr-1 28786 5000  [2018-11-19 09:31:59 816] - Components::findComponents: find dbmgr(5)...
    INFO baseappmgr-1 28786 5000  [2018-11-19 09:31:59 910] - Components::findComponents: found dbmgr, addr:192.168.0.107:50027
    INFO baseappmgr-1 28786 5000  [2018-11-19 09:31:59 910] - Components::addComponent: reset orderLog, uid=28786!
    INFO baseappmgr-1 28786 5000  [2018-11-19 09:31:59 910] - Components::addComponent[dbmgr], uid=28786, componentID=4000, globalorderid=1, grouporderid=1, totalcount=1
    INFO baseappmgr-1 28786 5000  [2018-11-19 09:31:59 911] - Components::findComponents: found dbmgr, addr:192.168.0.107:50027
    INFO baseappmgr-1 28786 5000  [2018-11-19 09:32:01 916] - Components::findComponents: find cellappmgr(1)...
    INFO baseappmgr-1 28786 5000  [2018-11-19 09:32:02 012] - Components::findComponents: found cellappmgr, addr:192.168.0.107:50026
    INFO baseappmgr-1 28786 5000  [2018-11-19 09:32:02 012] - Components::addComponent[cellappmgr], uid=28786, componentID=6000, globalorderid=2, grouporderid=1, totalcount=1
    INFO baseappmgr-1 28786 5000  [2018-11-19 09:32:02 012] - Components::findComponents: found cellappmgr, addr:192.168.0.107:50026
    INFO baseappmgr-1 28786 5000  [2018-11-19 09:32:04 040] - Components::findComponents: register self to dbmgr...
    INFO baseappmgr-1 28786 5000  [2018-11-19 09:32:04 060] - Components::findComponents: register self to cellappmgr...
    INFO baseappmgr-1 28786 5000  [2018-11-19 09:32:04 080] - Components::process(): Found all the components!
    INFO baseappmgr-1 28786 5000  [2018-11-19 09:32:05 237] - ServerApp::onRegisterNewApp: uid:28786, username:, componentType:cellappmgr, componentID:6000, globalorderID=-1, grouporderID=-1, intaddr:192.168.0.107, intport:50026, extaddr:nonsupport, extport:0,  from 192.168.0.107:50058/0/0/0.
 WARNING baseappmgr-1 28786 5000  [2018-11-19 09:32:05 268] - e:\kbengine\kbe\src\lib\network\event_dispatcher.cpp:153: Profile callSystemTimers took 0.14 seconds
    INFO baseappmgr-1 28786 5000  [2018-11-19 09:32:14 520] - ServerApp::onRegisterNewApp: uid:28786, username:, componentType:loginapp, componentID:9000, globalorderID=-1, grouporderID=-1, intaddr:192.168.0.107, intport:50041, extaddr:192.168.0.107, extport:20013,  from 192.168.0.107:50062/0/0/0.
    INFO baseappmgr-1 28786 5000  [2018-11-19 09:32:14 520] - Components::addComponent[loginapp], uid=28786, componentID=9000, globalorderid=3, grouporderid=1, totalcount=1
    INFO baseappmgr-1 28786 5000  [2018-11-19 09:32:16 381] - ServerApp::onRegisterNewApp: uid:28786, username:, componentType:cellapp, componentID:8001, globalorderID=-1, grouporderID=-1, intaddr:192.168.0.107, intport:50040, extaddr:nonsupport, extport:0,  from 192.168.0.107:50066/0/0/0.
    INFO baseappmgr-1 28786 5000  [2018-11-19 09:32:16 381] - Components::addComponent[cellapp], uid=28786, componentID=8001, globalorderid=4, grouporderid=1, totalcount=1
    INFO baseappmgr-1 28786 5000  [2018-11-19 09:32:25 780] - ServerApp::onRegisterNewApp: uid:28786, username:, componentType:baseapp, componentID:7001, globalorderID=-1, grouporderID=-1, intaddr:192.168.0.107, intport:50053, extaddr:192.168.0.107, extport:20015,  from 192.168.0.107:50073/0/0/0.
    INFO baseappmgr-1 28786 5000  [2018-11-19 09:32:25 780] - Components::addComponent[baseapp], uid=28786, componentID=7001, globalorderid=5, grouporderid=1, totalcount=1
    INFO baseappmgr-1 28786 5000  [2018-11-19 09:32:30 740] - Baseappmgr::onBaseappInitProgress: cid=7001, progress=1.
    INFO baseappmgr-1 28786 5000  [2018-11-19 09:32:30 740] - Baseappmgr::onBaseappInitProgress: all completed!
   DEBUG baseappmgr-1 28786 5000  [2018-11-19 09:32:34 221] - Baseappmgr::registerPendingAccountToBaseapp:1. allocBaseapp=7001, numEntities=1.
   DEBUG baseappmgr-1 28786 5000  [2018-11-19 09:32:48 820] - Baseappmgr::registerPendingAccountToBaseappAddr:1, componentID=7001, entityID=2002.
    INFO baseappmgr-1 28786 5000  [2018-11-19 09:33:04 061] - ServerApp::onChannelTimeOut: Channel 192.168.0.107:50026/0/0/0 timed out.
   DEBUG baseappmgr-1 28786 5000  [2018-11-19 09:33:04 920] - Baseappmgr::registerPendingAccountToBaseapp:2. allocBaseapp=7001, numEntities=3.
   DEBUG baseappmgr-1 28786 5000  [2018-11-19 09:33:21 701] - Baseappmgr::registerPendingAccountToBaseappAddr:1, componentID=7001, entityID=2002.
   DEBUG baseappmgr-1 28786 5000  [2018-11-19 09:39:37 784] - Baseappmgr::registerPendingAccountToBaseappAddr:1, componentID=7001, entityID=2002.
   DEBUG baseappmgr-1 28786 5000  [2018-11-19 09:39:53 484] - Baseappmgr::registerPendingAccountToBaseappAddr:1, componentID=7001, entityID=2002.
   DEBUG baseappmgr-1 28786 5000  [2018-11-19 09:40:58 784] - Baseappmgr::registerPendingAccountToBaseappAddr:1, componentID=7001, entityID=2002.
   DEBUG baseappmgr-1 28786 5000  [2018-11-19 09:42:46 305] - Baseappmgr::registerPendingAccountToBaseappAddr:1, componentID=7001, entityID=2002.
   DEBUG baseappmgr-1 28786 5000  [2018-11-19 11:17:56 243] - Baseappmgr::registerPendingAccountToBaseappAddr:1, componentID=7001, entityID=2002.
   DEBUG baseappmgr-1 28786 5000  [2018-11-19 11:19:05 844] - Baseappmgr::registerPendingAccountToBaseappAddr:1, componentID=7001, entityID=2002.
   DEBUG baseappmgr-1 28786 5000  [2018-11-19 11:20:07 165] - Baseappmgr::registerPendingAccountToBaseappAddr:1, componentID=7001, entityID=2002.
   DEBUG baseappmgr-1 28786 5000  [2018-11-19 11:20:23 345] - Baseappmgr::registerPendingAccountToBaseappAddr:1, componentID=7001, entityID=2002.
   DEBUG baseappmgr-1 28786 5000  [2018-11-19 11:38:38 472] - Baseappmgr::registerPendingAccountToBaseappAddr:1, componentID=7001, entityID=2002.
   DEBUG baseappmgr-1 28786 5000  [2018-11-19 13:35:49 480] - Baseappmgr::registerPendingAccountToBaseappAddr:1, componentID=7001, entityID=2002.
   DEBUG baseappmgr-1 28786 5000  [2018-11-19 13:36:01 400] - Baseappmgr::registerPendingAccountToBaseappAddr:1, componentID=7001, entityID=2002.
   DEBUG baseappmgr-1 28786 5000  [2018-11-19 13:57:00 689] - Baseappmgr::registerPendingAccountToBaseappAddr:1, componentID=7001, entityID=2002.
   DEBUG baseappmgr-1 28786 5000  [2018-11-19 14:02:58 112] - Baseappmgr::registerPendingAccountToBaseappAddr:1, componentID=7001, entityID=2002.
   DEBUG baseappmgr-1 28786 5000  [2018-11-19 14:03:06 791] - Baseappmgr::registerPendingAccountToBaseappAddr:1, componentID=7001, entityID=2002.
   DEBUG baseappmgr-1 28786 5000  [2018-11-19 14:08:42 313] - Baseappmgr::registerPendingAccountToBaseappAddr:1, componentID=7001, entityID=2002.
   DEBUG baseappmgr-1 28786 5000  [2018-11-19 14:09:11 114] - Baseappmgr::registerPendingAccountToBaseappAddr:1, componentID=7001, entityID=2002.
   DEBUG baseappmgr-1 28786 5000  [2018-11-19 14:09:23 714] - Baseappmgr::registerPendingAccountToBaseappAddr:1, componentID=7001, entityID=2002.
   DEBUG baseappmgr-1 28786 5000  [2018-11-19 14:11:53 115] - Baseappmgr::registerPendingAccountToBaseappAddr:1, componentID=7001, entityID=2002.
   DEBUG baseappmgr-1 28786 5000  [2018-11-19 14:12:09 635] - Baseappmgr::registerPendingAccountToBaseappAddr:1, componentID=7001, entityID=2002.
   DEBUG baseappmgr-1 28786 5000  [2018-11-19 14:12:44 815] - Baseappmgr::registerPendingAccountToBaseappAddr:1, componentID=7001, entityID=2002.
   DEBUG baseappmgr-1 28786 5000  [2018-11-19 14:12:56 735] - Baseappmgr::registerPendingAccountToBaseappAddr:1, componentID=7001, entityID=2002.
   DEBUG baseappmgr-1 28786 5000  [2018-11-19 14:14:36 235] - Baseappmgr::registerPendingAccountToBaseappAddr:1, componentID=7001, entityID=2002.
   DEBUG baseappmgr-1 28786 5000  [2018-11-19 14:14:41 116] - Baseappmgr::registerPendingAccountToBaseappAddr:1, componentID=7001, entityID=2002.
   DEBUG baseappmgr-1 28786 5000  [2018-11-19 14:14:54 716] - Baseappmgr::registerPendingAccountToBaseappAddr:1, componentID=7001, entityID=2002.
   DEBUG baseappmgr-1 28786 5000  [2018-11-19 14:17:58 517] - Baseappmgr::registerPendingAccountToBaseappAddr:1, componentID=7001, entityID=2002.
   DEBUG baseappmgr-1 28786 5000  [2018-11-19 14:18:10 997] - Baseappmgr::registerPendingAccountToBaseappAddr:1, componentID=7001, entityID=2002.
   DEBUG baseappmgr-1 28786 5000  [2018-11-19 14:18:21 497] - Baseappmgr::registerPendingAccountToBaseappAddr:1, componentID=7001, entityID=2002.
   DEBUG baseappmgr-1 28786 5000  [2018-11-19 14:18:31 497] - Baseappmgr::registerPendingAccountToBaseappAddr:1, componentID=7001, entityID=2002.
   DEBUG baseappmgr-1 28786 5000  [2018-11-19 14:18:42 218] - Baseappmgr::registerPendingAccountToBaseappAddr:1, componentID=7001, entityID=2002.
   DEBUG baseappmgr-1 28786 5000  [2018-11-19 14:18:53 997] - Baseappmgr::registerPendingAccountToBaseappAddr:1, componentID=7001, entityID=2002.
   DEBUG baseappmgr-1 28786 5000  [2018-11-19 14:19:15 117] - Baseappmgr::registerPendingAccountToBaseappAddr:1, componentID=7001, entityID=2002.
   DEBUG baseappmgr-1 28786 5000  [2018-11-19 14:24:05 620] - Baseappmgr::registerPendingAccountToBaseappAddr:1, componentID=7001, entityID=2002.
   DEBUG baseappmgr-1 28786 5000  [2018-11-19 14:24:56 000] - Baseappmgr::registerPendingAccountToBaseappAddr:1, componentID=7001, entityID=2002.
   DEBUG baseappmgr-1 28786 5000  [2018-11-19 14:25:18 900] - Baseappmgr::registerPendingAccountToBaseappAddr:1, componentID=7001, entityID=2002.
   DEBUG baseappmgr-1 28786 5000  [2018-11-19 14:25:34 300] - Baseappmgr::registerPendingAccountToBaseappAddr:1, componentID=7001, entityID=2002.
   DEBUG baseappmgr-1 28786 5000  [2018-11-19 14:26:09 900] - Baseappmgr::registerPendingAccountToBaseappAddr:1, componentID=7001, entityID=2002.
   DEBUG baseappmgr-1 28786 5000  [2018-11-19 14:28:08 021] - Baseappmgr::registerPendingAccountToBaseappAddr:1, componentID=7001, entityID=2002.
   DEBUG baseappmgr-1 28786 5000  [2018-11-19 14:28:20 622] - Baseappmgr::registerPendingAccountToBaseappAddr:1, componentID=7001, entityID=2002.
   DEBUG baseappmgr-1 28786 5000  [2018-11-19 14:28:44 122] - Baseappmgr::registerPendingAccountToBaseappAddr:1, componentID=7001, entityID=2002.
   DEBUG baseappmgr-1 28786 5000  [2018-11-19 14:29:02 262] - Baseappmgr::registerPendingAccountToBaseappAddr:1, componentID=7001, entityID=2002.
   DEBUG baseappmgr-1 28786 5000  [2018-11-19 14:29:15 322] - Baseappmgr::registerPendingAccountToBaseappAddr:1, componentID=7001, entityID=2002.
   DEBUG baseappmgr-1 28786 5000  [2018-11-19 14:30:22 123] - Baseappmgr::registerPendingAccountToBaseappAddr:1, componentID=7001, entityID=2002.
   DEBUG baseappmgr-1 28786 5000  [2018-11-19 14:30:37 342] - Baseappmgr::registerPendingAccountToBaseappAddr:1, componentID=7001, entityID=2002.
   DEBUG baseappmgr-1 28786 5000  [2018-11-19 14:30:56 023] - Baseappmgr::registerPendingAccountToBaseappAddr:1, componentID=7001, entityID=2002.
   DEBUG baseappmgr-1 28786 5000  [2018-11-19 14:31:10 622] - Baseappmgr::registerPendingAccountToBaseappAddr:1, componentID=7001, entityID=2002.
   DEBUG baseappmgr-1 28786 5000  [2018-11-19 14:31:24 923] - Baseappmgr::registerPendingAccountToBaseappAddr:1, componentID=7001, entityID=2002.
   DEBUG baseappmgr-1 28786 5000  [2018-11-19 14:33:28 923] - Baseappmgr::registerPendingAccountToBaseappAddr:1, componentID=7001, entityID=2002.
   DEBUG baseappmgr-1 28786 5000  [2018-11-19 14:41:44 007] - Baseappmgr::registerPendingAccountToBaseappAddr:1, componentID=7001, entityID=2002.
   DEBUG baseappmgr-1 28786 5000  [2018-11-19 14:42:54 928] - Baseappmgr::registerPendingAccountToBaseappAddr:1, componentID=7001, entityID=2002.
   DEBUG baseappmgr-1 28786 5000  [2018-11-19 14:43:16 228] - Baseappmgr::registerPendingAccountToBaseappAddr:1, componentID=7001, entityID=2002.
   DEBUG baseappmgr-1 28786 5000  [2018-11-19 14:43:31 428] - Baseappmgr::registerPendingAccountToBaseappAddr:1, componentID=7001, entityID=2002.
   DEBUG baseappmgr-1 28786 5000  [2018-11-19 14:45:13 949] - Baseappmgr::registerPendingAccountToBaseappAddr:1, componentID=7001, entityID=2002.
   DEBUG baseappmgr-1 28786 5000  [2018-11-19 14:45:43 528] - Baseappmgr::registerPendingAccountToBaseappAddr:2, componentID=7001, entityID=2004.
