   DEBUG      dbmgr-1 26471 4000  [2018-11-04 00:00:03 672] - Dbmgr::writeEntity: Account(3).
   DEBUG      dbmgr-1 26471 4000  [2018-11-04 00:05:03 665] - Dbmgr::writeEntity: Account(3).
   DEBUG      dbmgr-1 26471 4000  [2018-11-04 00:10:03 679] - Dbmgr::writeEntity: Account(3).
   DEBUG      dbmgr-1 26471 4000  [2018-11-04 00:15:03 611] - Dbmgr::DBTaskServerLog()
   DEBUG      dbmgr-1 26471 4000  [2018-11-04 00:15:03 671] - Dbmgr::writeEntity: Account(3).
   DEBUG      dbmgr-1 26471 4000  [2018-11-04 00:20:03 664] - Dbmgr::writeEntity: Account(3).
   DEBUG      dbmgr-1 26471 4000  [2018-11-04 00:25:03 656] - Dbmgr::writeEntity: Account(3).
   DEBUG      dbmgr-1 26471 4000  [2018-11-04 00:30:03 649] - Dbmgr::writeEntity: Account(3).
   DEBUG      dbmgr-1 26471 4000  [2018-11-04 00:35:03 661] - Dbmgr::writeEntity: Account(3).
   DEBUG      dbmgr-1 26471 4000  [2018-11-04 00:40:03 655] - Dbmgr::writeEntity: Account(3).
   DEBUG      dbmgr-1 26471 4000  [2018-11-04 00:45:03 648] - Dbmgr::writeEntity: Account(3).
   DEBUG      dbmgr-1 26471 4000  [2018-11-04 00:50:03 640] - Dbmgr::writeEntity: Account(3).
   DEBUG      dbmgr-1 26471 4000  [2018-11-04 00:55:03 633] - Dbmgr::writeEntity: Account(3).
   DEBUG      dbmgr-1 26471 4000  [2018-11-04 01:00:03 645] - Dbmgr::writeEntity: Account(3).
   DEBUG      dbmgr-1 26471 4000  [2018-11-04 01:05:03 718] - Dbmgr::writeEntity: Account(3).
 WARNING      dbmgr-1 26471 4000  [2018-11-04 01:09:11 826] - TCPPacketReceiver::processPendingEvents(192.168.0.107:55165): Throwing REASON_GENERAL_NETWORK - WSAECONNRESET
   ERROR      dbmgr-1 26471 4000  [2018-11-04 01:09:11 837] - Components::removeComponentByChannel: loginapp : 9000, Abnormal exit! errorno=10054
    INFO      dbmgr-1 6164 4000  [2018-11-04 16:24:01 940] - -----------------------------------------------------------------------------------------


    INFO      dbmgr-1 6164 4000  [2018-11-04 16:24:02 748] - Resmgr::initialize: KBE_ROOT=E:/kbengine/
    INFO      dbmgr-1 6164 4000  [2018-11-04 16:24:02 749] - Resmgr::initialize: KBE_RES_PATH=E:/kbengine/kbe/res/;E:/kbengine/assets/;E:/kbengine/assets/scripts/;E:/kbengine/assets/res/
    INFO      dbmgr-1 6164 4000  [2018-11-04 16:24:02 749] - Resmgr::initialize: KBE_BIN_PATH=E:/kbengine/kbe/bin/server/
    INFO      dbmgr-1 6164 4000  [2018-11-04 16:24:03 444] - NetworkInterface::initialize(INTERNAL): bound to all interfaces with default route interface on 192.168.0.107 ( 192.168.0.107:55290 )
    INFO      dbmgr-1 6164 4000  [2018-11-04 16:24:03 444] - NetworkInterface::initialize(INTERNAL): address 192.168.0.107:55290, SOMAXCONN=5.
    INFO      dbmgr-1 6164 4000  [2018-11-04 16:24:03 445] - server-configs:
    INFO      dbmgr-1 6164 4000  [2018-11-04 16:24:03 445] - 	internalAddr : 192.168.0.107:55290
    INFO      dbmgr-1 6164 4000  [2018-11-04 16:24:03 445] - 	componentID : 4000
    INFO      dbmgr-1 6164 4000  [2018-11-04 16:24:05 182] - ---- dbmgr Version: 2.0.0. ScriptVersion: 0.1.0. Protocol: F28F1C37BCC70CD27B77841D4A30E3D7. Config: Debug X86. Built: 15:52:44 Apr 29 2018. AppID: 4000. UID: 6164. PID: 1504 ----
    INFO      dbmgr-1 6164 4000  [2018-11-04 16:24:05 182] - Server : Intel(R) Xeon(R) CPU E3-1230 v3 @ 3.30GHz with 4194303kB RAM
    INFO      dbmgr-1 6164 4000  [2018-11-04 16:24:05 215] - ThreadPool::createThreadPool: creating  threadpool...
    INFO      dbmgr-1 6164 4000  [2018-11-04 16:24:05 233] - ThreadPool::createThreadPool: successfully(2), newThreadCount=1, normalMaxThreadCount=2, maxThreadCount=8
   DEBUG      dbmgr-1 6164 4000  [2018-11-04 16:24:08 320] - Script::install_py_dlls(): PyInit_pyexpat
   DEBUG      dbmgr-1 6164 4000  [2018-11-04 16:24:08 417] - Script::install_py_dlls(): PyInit__socket
   DEBUG      dbmgr-1 6164 4000  [2018-11-04 16:24:08 468] - Script::install_py_dlls(): PyInit__ssl
   DEBUG      dbmgr-1 6164 4000  [2018-11-04 16:24:08 954] - Script::install_py_dlls(): PyInit__hashlib
   DEBUG      dbmgr-1 6164 4000  [2018-11-04 16:24:09 004] - Script::install_py_dlls(): PyInit_select
   DEBUG      dbmgr-1 6164 4000  [2018-11-04 16:24:09 024] - Script::install_py_dlls(): PyInit__ctypes
   DEBUG      dbmgr-1 6164 4000  [2018-11-04 16:24:09 066] - Script::install_py_dlls(): PyInit__elementtree
   DEBUG      dbmgr-1 6164 4000  [2018-11-04 16:24:09 889] - Script::install_py_dlls(): PyInit_unicodedata
    INFO      dbmgr-1 6164 4000  [2018-11-04 16:24:11 461] - Script::install(): is successfully, Python=(3.4.2 (default, Apr 29 2018, 15:52:37) [MSC v.1913 32 bit (Intel)])!
    INFO      dbmgr-1 6164 4000  [2018-11-04 16:24:11 461] - Script::install(): KBExtra is successfully!
    INFO      dbmgr-1 6164 4000  [2018-11-04 16:24:12 771] - Dbmgr::initializeEnd: digest(7F4FC8296AD553545CD95B23EFF6238F)
  S_INFO      dbmgr-1 6164 4000  [2018-11-04 16:24:12 772] - onDBMgrReady: bootstrapGroupIndex=0, bootstrapGlobalIndex=0
    INFO      dbmgr-1 6164 4000  [2018-11-04 16:24:12 821] - TelnetServer server is running on port 32000
    INFO      dbmgr-1 6164 4000  [2018-11-04 16:24:12 939] - Dbmgr::initInterfacesHandler: interfaces addr(127.0.0.1:30099), accountType:(interfaces), chargeType:(interfaces).
 WARNING      dbmgr-1 6164 4000  [2018-11-04 16:24:13 623] - DBUtil::initialize: db(default) password is not encrypted!
please use password(rsa):
A49783B3598A245B835848C3CD5AFB6F8FCA02C437921BFCCCC103F32372F5A81F1CE75CC1388F08D1383159FA93E912A9AF895153E8422853ED5E2CC619982C2C7E85A05733168F8CFF967A0B22F396AEB6C6F642FF936C17CD4DD4E6BA7D16F6661A5543A3AF551934B41C5D2BB2DF0E024FBF9047E984F0AECADF74F9A3E3
   DEBUG      dbmgr-1 6164 4000  [2018-11-04 16:24:14 207] - DBInterfaceMysql::attach: connect: localhost:3306 starting...
   DEBUG      dbmgr-1 6164 4000  [2018-11-04 16:24:16 826] - DBInterfaceMysql::attach: successfully! addr: localhost:3306
    INFO      dbmgr-1 6164 4000  [2018-11-04 16:24:16 827] - DBUtil::createInterface[0x3ef2e4]: interface=default, dbtype=mysql, ip=localhost, port=3306, currdatabase=kbe, username=kbe, connected=yes.

    INFO      dbmgr-1 6164 4000  [2018-11-04 16:24:16 869] - ThreadPool::createThreadPool: creating  threadpool...
    INFO      dbmgr-1 6164 4000  [2018-11-04 16:24:16 872] - ThreadPool::createThreadPool: successfully(5), newThreadCount=5, normalMaxThreadCount=5, maxThreadCount=5
    INFO      dbmgr-1 6164 4000  [2018-11-04 16:24:17 216] - DBInterfaceMysql::query: successfully!
    INFO      dbmgr-1 6164 4000  [2018-11-04 16:24:17 219] - DBInterfaceMysql::query: successfully!
 WARNING      dbmgr-1 6164 4000  [2018-11-04 16:24:18 861] - e:\kbengine\kbe\src\server\dbmgr\dbmgr.cpp:275: Profile scriptCall took 6.09 seconds
    INFO      dbmgr-1 6164 4000  [2018-11-04 16:24:19 438] - ---- dbmgr is running ----
   DEBUG      dbmgr-1 6164 4000  [2018-11-04 16:24:19 438] - Components::process(): Request for the process of identity...
   DEBUG      dbmgr-1 6164 4000  [2018-11-04 16:24:16 871] - DBInterfaceMysql::attach: connect: localhost:3306 starting...
   DEBUG      dbmgr-1 6164 4000  [2018-11-04 16:24:16 871] - DBInterfaceMysql::attach: connect: localhost:3306 starting...
   DEBUG      dbmgr-1 6164 4000  [2018-11-04 16:24:16 873] - DBInterfaceMysql::attach: connect: localhost:3306 starting...
   DEBUG      dbmgr-1 6164 4000  [2018-11-04 16:24:16 874] - DBInterfaceMysql::attach: connect: localhost:3306 starting...
   DEBUG      dbmgr-1 6164 4000  [2018-11-04 16:24:16 875] - DBInterfaceMysql::attach: connect: localhost:3306 starting...
   DEBUG      dbmgr-1 6164 4000  [2018-11-04 16:24:16 877] - DBInterfaceMysql::attach: successfully! addr: localhost:3306
   DEBUG      dbmgr-1 6164 4000  [2018-11-04 16:24:16 877] - DBThread::onStart(): 0x1eb72a8!
   DEBUG      dbmgr-1 6164 4000  [2018-11-04 16:24:16 878] - DBInterfaceMysql::attach: successfully! addr: localhost:3306
   DEBUG      dbmgr-1 6164 4000  [2018-11-04 16:24:16 879] - DBThread::onStart(): 0x1eb7220!
   DEBUG      dbmgr-1 6164 4000  [2018-11-04 16:24:16 879] - DBInterfaceMysql::attach: successfully! addr: localhost:3306
   DEBUG      dbmgr-1 6164 4000  [2018-11-04 16:24:16 880] - DBThread::onStart(): 0x1eb7330!
   DEBUG      dbmgr-1 6164 4000  [2018-11-04 16:24:16 881] - DBInterfaceMysql::attach: successfully! addr: localhost:3306
   DEBUG      dbmgr-1 6164 4000  [2018-11-04 16:24:16 882] - DBInterfaceMysql::attach: successfully! addr: localhost:3306
   DEBUG      dbmgr-1 6164 4000  [2018-11-04 16:24:16 882] - DBThread::onStart(): 0x1eb73b8!
   DEBUG      dbmgr-1 6164 4000  [2018-11-04 16:24:16 883] - DBThread::onStart(): 0x1eb7440!
    INFO      dbmgr-1 6164 4000  [2018-11-04 16:24:17 372] - DBInterfaceMysql::query: successfully!
    INFO      dbmgr-1 6164 4000  [2018-11-04 16:24:17 593] - DBInterfaceMysql::query: successfully!
 WARNING      dbmgr-1 6164 4000  [2018-11-04 16:24:17 731] - DBTask::process(): took 0.44 seconds
sql:(show index from tbl_CheckName)
    INFO      dbmgr-1 6164 4000  [2018-11-04 16:24:17 916] - DBInterfaceMysql::query: successfully!
    INFO      dbmgr-1 6164 4000  [2018-11-04 16:24:17 956] - DBInterfaceMysql::query: successfully!
    INFO      dbmgr-1 6164 4000  [2018-11-04 16:24:18 358] - DBInterfaceMysql::query: successfully!
    INFO      dbmgr-1 6164 4000  [2018-11-04 16:24:18 359] - DBInterfaceMysql::query: successfully!
    INFO      dbmgr-1 6164 4000  [2018-11-04 16:24:18 360] - DBInterfaceMysql::query: successfully!
 WARNING      dbmgr-1 6164 4000  [2018-11-04 16:24:18 361] - DBTask::process(): took 1.14 seconds
sql:(delete from kbe_email_verification where logtime<1541316258 and type=3)
 WARNING      dbmgr-1 6164 4000  [2018-11-04 16:24:18 362] - DBTask::process(): took 0.99 seconds
sql:(show index from tbl_Account)
 WARNING      dbmgr-1 6164 4000  [2018-11-04 16:24:18 644] - DBTask::process(): took 1.42 seconds
sql:(insert into kbe_serverlog (heartbeatTime, logger) values(1541319857,4000) ON DUPLICATE KEY UPDATE heartbeatTime=1541319857)
 WARNING      dbmgr-1 6164 4000  [2018-11-04 16:24:18 647] - DBTask::process(): took 0.91 seconds
sql:(show index from tbl_Halls)
    INFO      dbmgr-1 6164 4000  [2018-11-04 16:24:18 732] - DBInterfaceMysql::query: successfully!
 WARNING      dbmgr-1 6164 4000  [2018-11-04 16:24:18 733] - DBTask::process(): took 1.51 seconds
sql:(delete from kbe_entitylog where logger in (4000))
 WARNING      dbmgr-1 6164 4000  [2018-11-04 16:24:18 839] - DBTask::process(): delay 1.14 seconds, try adjusting the kbengine[_defs].xml(numConnections) and MySQL(my.cnf->max_connections or innodb_flush_log_at_trx_commit)!
sql:(show index from tbl_Room)
 WARNING      dbmgr-1 6164 4000  [2018-11-04 16:24:18 844] - DBTask::process(): took 0.48 seconds
sql:(show index from tbl_Room)
    INFO      dbmgr-1 6164 4000  [2018-11-04 16:24:25 891] - ServerApp::onRegisterNewApp: uid:6164, username:, componentType:baseappmgr, componentID:5000, globalorderID=-1, grouporderID=-1, intaddr:192.168.0.107, intport:55292, extaddr:nonsupport, extport:0,  from 192.168.0.107:55314/0/0/0.
    INFO      dbmgr-1 6164 4000  [2018-11-04 16:24:25 892] - Components::addComponent: reset orderLog, uid=6164!
    INFO      dbmgr-1 6164 4000  [2018-11-04 16:24:25 892] - Components::addComponent[baseappmgr], uid=6164, componentID=5000, globalorderid=1, grouporderid=1, totalcount=1
    INFO      dbmgr-1 6164 4000  [2018-11-04 16:24:25 892] - ServerApp::onRegisterNewApp: uid:6164, username:, componentType:cellappmgr, componentID:6000, globalorderID=-1, grouporderID=-1, intaddr:192.168.0.107, intport:55288, extaddr:nonsupport, extport:0,  from 192.168.0.107:55316/0/0/0.
    INFO      dbmgr-1 6164 4000  [2018-11-04 16:24:25 892] - Components::addComponent[cellappmgr], uid=6164, componentID=6000, globalorderid=2, grouporderid=1, totalcount=1
    INFO      dbmgr-1 6164 4000  [2018-11-04 16:24:26 871] - Components::findComponents: find logger(1)...
    INFO      dbmgr-1 6164 4000  [2018-11-04 16:24:26 975] - Components::findComponents: found logger, addr:192.168.0.107:55286
    INFO      dbmgr-1 6164 4000  [2018-11-04 16:24:26 975] - Components::addComponent[logger], uid=6164, componentID=2000, globalorderid=3, grouporderid=1, totalcount=1
    INFO      dbmgr-1 6164 4000  [2018-11-04 16:24:27 030] - Components::process(): Found all the components!
    INFO      dbmgr-1 6164 4000  [2018-11-04 16:24:34 630] - ServerApp::onRegisterNewApp: uid:6164, username:, componentType:loginapp, componentID:9000, globalorderID=-1, grouporderID=-1, intaddr:192.168.0.107, intport:55294, extaddr:192.168.0.107, extport:20013,  from 192.168.0.107:55323/0/0/0.
    INFO      dbmgr-1 6164 4000  [2018-11-04 16:24:34 630] - Components::addComponent[loginapp], uid=6164, componentID=9000, globalorderid=4, grouporderid=1, totalcount=1
   DEBUG      dbmgr-1 6164 4000  [2018-11-04 16:24:37 687] - SyncAppDatasHandler::~SyncAppDatasHandler()
    INFO      dbmgr-1 6164 4000  [2018-11-04 16:24:40 170] - ServerApp::onRegisterNewApp: uid:6164, username:, componentType:cellapp, componentID:8001, globalorderID=-1, grouporderID=-1, intaddr:192.168.0.107, intport:55298, extaddr:nonsupport, extport:0,  from 192.168.0.107:55326/0/0/0.
    INFO      dbmgr-1 6164 4000  [2018-11-04 16:24:40 170] - Components::addComponent[cellapp], uid=6164, componentID=8001, globalorderid=5, grouporderid=1, totalcount=1
    INFO      dbmgr-1 6164 4000  [2018-11-04 16:24:43 173] - IDServer::allocRange: 1-2001.
   DEBUG      dbmgr-1 6164 4000  [2018-11-04 16:24:43 173] - SyncAppDatasHandler::~SyncAppDatasHandler()
    INFO      dbmgr-1 6164 4000  [2018-11-04 16:24:45 590] - ServerApp::onRegisterNewApp: uid:6164, username:, componentType:baseapp, componentID:7001, globalorderID=-1, grouporderID=-1, intaddr:192.168.0.107, intport:55311, extaddr:192.168.0.107, extport:20015,  from 192.168.0.107:55332/0/0/0.
    INFO      dbmgr-1 6164 4000  [2018-11-04 16:24:45 590] - Components::addComponent[baseapp], uid=6164, componentID=7001, globalorderid=6, grouporderid=1, totalcount=1
    INFO      dbmgr-1 6164 4000  [2018-11-04 16:24:48 610] - IDServer::allocRange: 2001-4001.
   DEBUG      dbmgr-1 6164 4000  [2018-11-04 16:24:48 610] - SyncAppDatasHandler::~SyncAppDatasHandler()
    INFO      dbmgr-1 6164 4000  [2018-11-04 16:24:50 690] - GlobalDataServer::broadcastDataChanged: writer(baseapp, addr=192.168.0.107:55332/0/0/0), keySize=11, valSize=52, isDelete=0
   DEBUG      dbmgr-1 6164 4000  [2018-11-04 16:24:57 790] - Dbmgr::onAccountLogin:loginName=1, accountName=1, success=0, componentID=0, entityID=0, dbid=3, flags=0, deadline=0.
   DEBUG      dbmgr-1 6164 4000  [2018-11-04 16:24:59 749] - Dbmgr::queryAccount: 1, success=1, flags=0, deadline=0.
   DEBUG      dbmgr-1 6164 4000  [2018-11-04 16:28:27 328] - Dbmgr::onAccountLogin:loginName=1, accountName=1, success=10, componentID=7001, entityID=2002, dbid=3, flags=0, deadline=0.
   DEBUG      dbmgr-1 6164 4000  [2018-11-04 16:28:38 248] - Dbmgr::onAccountLogin:loginName=1, accountName=1, success=10, componentID=7001, entityID=2002, dbid=3, flags=0, deadline=0.
   DEBUG      dbmgr-1 6164 4000  [2018-11-04 16:30:16 628] - Dbmgr::onAccountLogin:loginName=1, accountName=1, success=10, componentID=7001, entityID=2002, dbid=3, flags=0, deadline=0.
   DEBUG      dbmgr-1 6164 4000  [2018-11-04 16:32:07 926] - Dbmgr::onAccountLogin:loginName=1, accountName=1, success=10, componentID=7001, entityID=2002, dbid=3, flags=0, deadline=0.
   DEBUG      dbmgr-1 6164 4000  [2018-11-04 16:32:14 726] - Dbmgr::onAccountLogin:loginName=1, accountName=1, success=10, componentID=7001, entityID=2002, dbid=3, flags=0, deadline=0.
   DEBUG      dbmgr-1 6164 4000  [2018-11-04 16:32:52 826] - Dbmgr::onAccountLogin:loginName=1, accountName=1, success=10, componentID=7001, entityID=2002, dbid=3, flags=0, deadline=0.
   DEBUG      dbmgr-1 6164 4000  [2018-11-04 16:34:31 965] - Dbmgr::writeEntity: Account(3).
   DEBUG      dbmgr-1 6164 4000  [2018-11-04 16:34:36 025] - Dbmgr::onAccountLogin:loginName=1, accountName=1, success=10, componentID=7001, entityID=2002, dbid=3, flags=0, deadline=0.
   DEBUG      dbmgr-1 6164 4000  [2018-11-04 16:34:44 925] - Dbmgr::onAccountLogin:loginName=1, accountName=1, success=10, componentID=7001, entityID=2002, dbid=3, flags=0, deadline=0.
   DEBUG      dbmgr-1 6164 4000  [2018-11-04 16:39:31 962] - Dbmgr::writeEntity: Account(3).
   DEBUG      dbmgr-1 6164 4000  [2018-11-04 16:44:31 940] - Dbmgr::writeEntity: Account(3).
   DEBUG      dbmgr-1 6164 4000  [2018-11-04 16:49:31 937] - Dbmgr::writeEntity: Account(3).
   DEBUG      dbmgr-1 6164 4000  [2018-11-04 16:54:31 955] - Dbmgr::writeEntity: Account(3).
   DEBUG      dbmgr-1 6164 4000  [2018-11-04 16:59:31 952] - Dbmgr::writeEntity: Account(3).
   DEBUG      dbmgr-1 6164 4000  [2018-11-04 17:04:31 949] - Dbmgr::writeEntity: Account(3).
   DEBUG      dbmgr-1 6164 4000  [2018-11-04 17:09:31 946] - Dbmgr::writeEntity: Account(3).
   DEBUG      dbmgr-1 6164 4000  [2018-11-04 17:14:31 964] - Dbmgr::writeEntity: Account(3).
   DEBUG      dbmgr-1 6164 4000  [2018-11-04 17:19:31 962] - Dbmgr::writeEntity: Account(3).
   DEBUG      dbmgr-1 6164 4000  [2018-11-04 17:24:18 919] - Dbmgr::DBTaskServerLog()
   DEBUG      dbmgr-1 6164 4000  [2018-11-04 17:24:31 959] - Dbmgr::writeEntity: Account(3).
   DEBUG      dbmgr-1 6164 4000  [2018-11-04 17:29:31 956] - Dbmgr::writeEntity: Account(3).
   DEBUG      dbmgr-1 6164 4000  [2018-11-04 17:34:31 953] - Dbmgr::writeEntity: Account(3).
   DEBUG      dbmgr-1 6164 4000  [2018-11-04 17:39:31 971] - Dbmgr::writeEntity: Account(3).
   DEBUG      dbmgr-1 6164 4000  [2018-11-04 17:44:31 968] - Dbmgr::writeEntity: Account(3).
   DEBUG      dbmgr-1 6164 4000  [2018-11-04 17:49:31 966] - Dbmgr::writeEntity: Account(3).
   DEBUG      dbmgr-1 6164 4000  [2018-11-04 17:54:31 983] - Dbmgr::writeEntity: Account(3).
   DEBUG      dbmgr-1 6164 4000  [2018-11-04 17:59:31 981] - Dbmgr::writeEntity: Account(3).
   DEBUG      dbmgr-1 6164 4000  [2018-11-04 18:04:31 998] - Dbmgr::writeEntity: Account(3).
   DEBUG      dbmgr-1 6164 4000  [2018-11-04 18:09:31 975] - Dbmgr::writeEntity: Account(3).
   DEBUG      dbmgr-1 6164 4000  [2018-11-04 18:14:31 992] - Dbmgr::writeEntity: Account(3).
   DEBUG      dbmgr-1 6164 4000  [2018-11-04 18:19:32 011] - Dbmgr::writeEntity: Account(3).
   DEBUG      dbmgr-1 6164 4000  [2018-11-04 18:24:18 868] - Dbmgr::DBTaskServerLog()
   DEBUG      dbmgr-1 6164 4000  [2018-11-04 18:24:31 988] - Dbmgr::writeEntity: Account(3).
   DEBUG      dbmgr-1 6164 4000  [2018-11-04 18:29:32 005] - Dbmgr::writeEntity: Account(3).
   DEBUG      dbmgr-1 6164 4000  [2018-11-04 18:34:31 982] - Dbmgr::writeEntity: Account(3).
   DEBUG      dbmgr-1 6164 4000  [2018-11-04 18:39:31 999] - Dbmgr::writeEntity: Account(3).
   DEBUG      dbmgr-1 6164 4000  [2018-11-04 18:44:31 997] - Dbmgr::writeEntity: Account(3).
   DEBUG      dbmgr-1 6164 4000  [2018-11-04 18:49:31 994] - Dbmgr::writeEntity: Account(3).
   DEBUG      dbmgr-1 6164 4000  [2018-11-04 18:54:31 992] - Dbmgr::writeEntity: Account(3).
   DEBUG      dbmgr-1 6164 4000  [2018-11-04 18:55:53 911] - Dbmgr::onAccountLogin:loginName=1, accountName=1, success=6, componentID=0, entityID=0, dbid=0, flags=0, deadline=0.
   DEBUG      dbmgr-1 6164 4000  [2018-11-04 18:58:06 730] - Dbmgr::onAccountLogin:loginName=1, accountName=1, success=6, componentID=0, entityID=0, dbid=0, flags=0, deadline=0.
   DEBUG      dbmgr-1 6164 4000  [2018-11-04 18:58:13 449] - Dbmgr::onAccountLogin:loginName=1, accountName=1, success=10, componentID=7001, entityID=2002, dbid=3, flags=0, deadline=0.
   DEBUG      dbmgr-1 6164 4000  [2018-11-04 18:58:19 430] - Dbmgr::onAccountLogin:loginName=1, accountName=1, success=10, componentID=7001, entityID=2002, dbid=3, flags=0, deadline=0.
   DEBUG      dbmgr-1 6164 4000  [2018-11-04 18:59:31 989] - Dbmgr::writeEntity: Account(3).
   DEBUG      dbmgr-1 6164 4000  [2018-11-04 19:04:32 007] - Dbmgr::writeEntity: Account(3).
   DEBUG      dbmgr-1 6164 4000  [2018-11-04 19:09:21 224] - Dbmgr::onAccountLogin:loginName=1, accountName=1, success=6, componentID=0, entityID=0, dbid=0, flags=0, deadline=0.
   DEBUG      dbmgr-1 6164 4000  [2018-11-04 19:09:32 004] - Dbmgr::writeEntity: Account(3).
   DEBUG      dbmgr-1 6164 4000  [2018-11-04 19:09:32 124] - Dbmgr::onAccountLogin:loginName=1, accountName=1, success=6, componentID=0, entityID=0, dbid=0, flags=0, deadline=0.
   DEBUG      dbmgr-1 6164 4000  [2018-11-04 19:10:44 223] - Dbmgr::onAccountLogin:loginName=1, accountName=1, success=6, componentID=0, entityID=0, dbid=0, flags=0, deadline=0.
   DEBUG      dbmgr-1 6164 4000  [2018-11-04 19:10:47 923] - Dbmgr::onAccountLogin:loginName=1, accountName=1, success=6, componentID=0, entityID=0, dbid=0, flags=0, deadline=0.
   DEBUG      dbmgr-1 6164 4000  [2018-11-04 19:10:52 843] - Dbmgr::onAccountLogin:loginName=1, accountName=1, success=10, componentID=7001, entityID=2002, dbid=3, flags=0, deadline=0.
   DEBUG      dbmgr-1 6164 4000  [2018-11-04 19:11:14 523] - Dbmgr::onAccountLogin:loginName=1, accountName=1, success=6, componentID=0, entityID=0, dbid=0, flags=0, deadline=0.
   DEBUG      dbmgr-1 6164 4000  [2018-11-04 19:14:13 441] - Dbmgr::onAccountLogin:loginName=1, accountName=1, success=6, componentID=0, entityID=0, dbid=0, flags=0, deadline=0.
   DEBUG      dbmgr-1 6164 4000  [2018-11-04 19:14:32 001] - Dbmgr::writeEntity: Account(3).
   DEBUG      dbmgr-1 6164 4000  [2018-11-04 19:19:31 998] - Dbmgr::writeEntity: Account(3).
   DEBUG      dbmgr-1 6164 4000  [2018-11-04 19:24:18 876] - Dbmgr::DBTaskServerLog()
   DEBUG      dbmgr-1 6164 4000  [2018-11-04 19:24:32 036] - Dbmgr::writeEntity: Account(3).
   DEBUG      dbmgr-1 6164 4000  [2018-11-04 19:29:32 014] - Dbmgr::writeEntity: Account(3).
   DEBUG      dbmgr-1 6164 4000  [2018-11-04 19:33:48 851] - Dbmgr::onAccountLogin:loginName=1, accountName=1, success=6, componentID=0, entityID=0, dbid=0, flags=0, deadline=0.
   DEBUG      dbmgr-1 6164 4000  [2018-11-04 19:33:52 651] - Dbmgr::onAccountLogin:loginName=1, accountName=1, success=6, componentID=0, entityID=0, dbid=0, flags=0, deadline=0.
   DEBUG      dbmgr-1 6164 4000  [2018-11-04 19:33:56 691] - Dbmgr::onAccountLogin:loginName=1, accountName=1, success=10, componentID=7001, entityID=2002, dbid=3, flags=0, deadline=0.
   DEBUG      dbmgr-1 6164 4000  [2018-11-04 19:34:32 011] - Dbmgr::writeEntity: Account(3).
   DEBUG      dbmgr-1 6164 4000  [2018-11-04 19:39:32 008] - Dbmgr::writeEntity: Account(3).
   DEBUG      dbmgr-1 6164 4000  [2018-11-04 19:44:32 025] - Dbmgr::writeEntity: Account(3).
   DEBUG      dbmgr-1 6164 4000  [2018-11-04 19:49:32 023] - Dbmgr::writeEntity: Account(3).
   DEBUG      dbmgr-1 6164 4000  [2018-11-04 19:54:32 021] - Dbmgr::writeEntity: Account(3).
   DEBUG      dbmgr-1 6164 4000  [2018-11-04 19:59:32 038] - Dbmgr::writeEntity: Account(3).
   DEBUG      dbmgr-1 6164 4000  [2018-11-04 20:04:32 015] - Dbmgr::writeEntity: Account(3).
   DEBUG      dbmgr-1 6164 4000  [2018-11-04 20:09:32 052] - Dbmgr::writeEntity: Account(3).
   DEBUG      dbmgr-1 6164 4000  [2018-11-04 20:14:32 050] - Dbmgr::writeEntity: Account(3).
   DEBUG      dbmgr-1 6164 4000  [2018-11-04 20:19:32 027] - Dbmgr::writeEntity: Account(3).
   DEBUG      dbmgr-1 6164 4000  [2018-11-04 20:24:18 865] - Dbmgr::DBTaskServerLog()
   DEBUG      dbmgr-1 6164 4000  [2018-11-04 20:24:32 025] - Dbmgr::writeEntity: Account(3).
   DEBUG      dbmgr-1 6164 4000  [2018-11-04 20:29:32 042] - Dbmgr::writeEntity: Account(3).
   DEBUG      dbmgr-1 6164 4000  [2018-11-04 20:34:32 040] - Dbmgr::writeEntity: Account(3).
   DEBUG      dbmgr-1 6164 4000  [2018-11-04 20:39:32 037] - Dbmgr::writeEntity: Account(3).
   DEBUG      dbmgr-1 6164 4000  [2018-11-04 20:44:32 034] - Dbmgr::writeEntity: Account(3).
   DEBUG      dbmgr-1 6164 4000  [2018-11-04 20:49:32 051] - Dbmgr::writeEntity: Account(3).
   DEBUG      dbmgr-1 6164 4000  [2018-11-04 20:54:32 048] - Dbmgr::writeEntity: Account(3).
   DEBUG      dbmgr-1 6164 4000  [2018-11-04 20:59:32 047] - Dbmgr::writeEntity: Account(3).
   DEBUG      dbmgr-1 6164 4000  [2018-11-04 21:04:32 044] - Dbmgr::writeEntity: Account(3).
   DEBUG      dbmgr-1 6164 4000  [2018-11-04 21:09:32 061] - Dbmgr::writeEntity: Account(3).
   DEBUG      dbmgr-1 6164 4000  [2018-11-04 21:14:32 058] - Dbmgr::writeEntity: Account(3).
   DEBUG      dbmgr-1 6164 4000  [2018-11-04 21:19:32 056] - Dbmgr::writeEntity: Account(3).
   DEBUG      dbmgr-1 6164 4000  [2018-11-04 21:24:18 834] - Dbmgr::DBTaskServerLog()
   DEBUG      dbmgr-1 6164 4000  [2018-11-04 21:24:32 033] - Dbmgr::writeEntity: Account(3).
   DEBUG      dbmgr-1 6164 4000  [2018-11-04 21:29:32 051] - Dbmgr::writeEntity: Account(3).
   DEBUG      dbmgr-1 6164 4000  [2018-11-04 21:34:32 068] - Dbmgr::writeEntity: Account(3).
   DEBUG      dbmgr-1 6164 4000  [2018-11-04 21:39:32 066] - Dbmgr::writeEntity: Account(3).
   DEBUG      dbmgr-1 6164 4000  [2018-11-04 21:44:32 063] - Dbmgr::writeEntity: Account(3).
   DEBUG      dbmgr-1 6164 4000  [2018-11-04 21:49:32 080] - Dbmgr::writeEntity: Account(3).
   DEBUG      dbmgr-1 6164 4000  [2018-11-04 21:54:32 097] - Dbmgr::writeEntity: Account(3).
   DEBUG      dbmgr-1 6164 4000  [2018-11-04 21:59:32 075] - Dbmgr::writeEntity: Account(3).
   DEBUG      dbmgr-1 6164 4000  [2018-11-04 22:04:32 073] - Dbmgr::writeEntity: Account(3).
   DEBUG      dbmgr-1 6164 4000  [2018-11-04 22:09:32 070] - Dbmgr::writeEntity: Account(3).
   DEBUG      dbmgr-1 6164 4000  [2018-11-04 22:14:32 087] - Dbmgr::writeEntity: Account(3).
   DEBUG      dbmgr-1 6164 4000  [2018-11-04 22:19:32 084] - Dbmgr::writeEntity: Account(3).
   DEBUG      dbmgr-1 6164 4000  [2018-11-04 22:24:18 842] - Dbmgr::DBTaskServerLog()
   DEBUG      dbmgr-1 6164 4000  [2018-11-04 22:24:32 082] - Dbmgr::writeEntity: Account(3).
   DEBUG      dbmgr-1 6164 4000  [2018-11-04 22:29:32 080] - Dbmgr::writeEntity: Account(3).
   DEBUG      dbmgr-1 6164 4000  [2018-11-04 22:34:32 097] - Dbmgr::writeEntity: Account(3).
   DEBUG      dbmgr-1 6164 4000  [2018-11-04 22:39:32 094] - Dbmgr::writeEntity: Account(3).
   DEBUG      dbmgr-1 6164 4000  [2018-11-04 22:44:32 091] - Dbmgr::writeEntity: Account(3).
   DEBUG      dbmgr-1 6164 4000  [2018-11-04 22:49:32 089] - Dbmgr::writeEntity: Account(3).
   DEBUG      dbmgr-1 6164 4000  [2018-11-04 22:54:32 086] - Dbmgr::writeEntity: Account(3).
   DEBUG      dbmgr-1 6164 4000  [2018-11-04 22:59:32 103] - Dbmgr::writeEntity: Account(3).
   DEBUG      dbmgr-1 6164 4000  [2018-11-04 23:04:32 101] - Dbmgr::writeEntity: Account(3).
   DEBUG      dbmgr-1 6164 4000  [2018-11-04 23:09:32 099] - Dbmgr::writeEntity: Account(3).
   DEBUG      dbmgr-1 6164 4000  [2018-11-04 23:14:32 116] - Dbmgr::writeEntity: Account(3).
   DEBUG      dbmgr-1 6164 4000  [2018-11-04 23:19:32 113] - Dbmgr::writeEntity: Account(3).
   DEBUG      dbmgr-1 6164 4000  [2018-11-04 23:24:18 810] - Dbmgr::DBTaskServerLog()
   DEBUG      dbmgr-1 6164 4000  [2018-11-04 23:24:32 110] - Dbmgr::writeEntity: Account(3).
   DEBUG      dbmgr-1 6164 4000  [2018-11-04 23:29:32 107] - Dbmgr::writeEntity: Account(3).
   DEBUG      dbmgr-1 6164 4000  [2018-11-04 23:34:32 106] - Dbmgr::writeEntity: Account(3).
   DEBUG      dbmgr-1 6164 4000  [2018-11-04 23:39:32 103] - Dbmgr::writeEntity: Account(3).
   DEBUG      dbmgr-1 6164 4000  [2018-11-04 23:44:32 120] - Dbmgr::writeEntity: Account(3).
   DEBUG      dbmgr-1 6164 4000  [2018-11-04 23:49:32 117] - Dbmgr::writeEntity: Account(3).
   DEBUG      dbmgr-1 6164 4000  [2018-11-04 23:54:32 135] - Dbmgr::writeEntity: Account(3).
   DEBUG      dbmgr-1 6164 4000  [2018-11-04 23:59:32 132] - Dbmgr::writeEntity: Account(3).
